Execute pipeline with following supplementary args: --smtpPort 25 --listenerMode NOOP --launcherMode FAULT_LOCALIZATION  --gitrepourl https://github.com/apache/pinot --gitrepopullrequest 8986
java -cp /usr/local/openjdk-11/lib/tools.jar:repairnator-pipeline.jar -Dlogback.configurationFile=/root/logback.xml fr.inria.spirals.repairnator.pipeline.Launcher -d --runId null -o /var/log --ghOauth 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 --faultLocalization --flacocoThreshold 0.0 --flacocoTopK null --flacocoResultsRepository flacocobot/2022-flacocobot-experiment --ghOauth  --smtpPort 25 --listenerMode NOOP --launcherMode FAULT_LOCALIZATION  --gitrepourl https://github.com/apache/pinot --gitrepopullrequest 8986

03:11:18.940 [main] INFO  f.i.s.r.p.g.GithubInitSerializerEngines - Initialize file serializer engines.
03:11:18.941 [main] INFO  f.i.s.r.p.g.GithubInitSerializerEngines - MongoDB won't be used for serialization.
03:11:18.941 [main] INFO  f.i.s.r.p.github.GithubInitNotifiers - The email notifier engine won't be used.
03:11:18.954 [main] INFO  f.i.s.r.p.i.ProjectInspector - ----------------------------------------------------------------------
03:11:18.954 [main] INFO  f.i.s.r.p.i.ProjectInspector - PIPELINE STEPS
03:11:18.954 [main] INFO  f.i.s.r.p.i.ProjectInspector - ----------------------------------------------------------------------
03:11:18.954 [main] INFO  f.i.s.r.p.i.ProjectInspector - CloneCheckoutGitPullRequest
03:11:18.954 [main] INFO  f.i.s.r.p.i.ProjectInspector - BuildProject
03:11:18.954 [main] INFO  f.i.s.r.p.i.ProjectInspector - TestProject
03:11:18.954 [main] INFO  f.i.s.r.p.i.ProjectInspector - ComputeClasspath
03:11:18.955 [main] INFO  f.i.s.r.p.i.ProjectInspector - ComputeSourceDir
03:11:18.955 [main] INFO  f.i.s.r.p.i.ProjectInspector - ComputeTestDir
03:11:18.955 [main] INFO  f.i.s.r.p.i.ProjectInspector - GatherTestInformation
03:11:18.955 [main] INFO  f.i.s.r.p.i.ProjectInspector - FlacocoLocalization
03:11:18.955 [main] INFO  f.i.s.r.p.i.ProjectInspector - PushFaultLocalizationSuggestionsOnGitHubRepository
03:11:18.955 [main] INFO  f.i.s.r.p.s.CloneCheckoutGitPullRequest - Cloning repository https://github.com/apache/pinot.git in the following directory: ./workspace/apache-pinot-master-8986_repo
03:12:05.735 [Thread-5] ERROR f.i.s.r.p.m.output.MavenErrorHandler - Warning: Lookahead adequacy checking not being performed since option LOOKAHEAD is more than 1.  Set option FORCE_LA_CHECK to true to force checking.
03:19:52.941 [Thread-7] ERROR f.i.s.r.p.m.o.MavenFilterOutputHandler - [ERROR] WARNING: An illegal reflective access operation has occurred
03:19:52.941 [Thread-7] ERROR f.i.s.r.p.m.o.MavenFilterOutputHandler - [ERROR] WARNING: Illegal reflective access by org.codehaus.groovy.vmplugin.v7.Java7$1 (file:/root/workspace/apache-pinot-master-8986_repo/.m2/org/codehaus/groovy/groovy-all/2.4.21/groovy-all-2.4.21.jar) to constructor java.lang.invoke.MethodHandles$Lookup(java.lang.Class,int)
03:19:52.941 [Thread-7] ERROR f.i.s.r.p.m.o.MavenFilterOutputHandler - [ERROR] WARNING: Please consider reporting this to the maintainers of org.codehaus.groovy.vmplugin.v7.Java7$1
03:19:52.941 [Thread-7] ERROR f.i.s.r.p.m.o.MavenFilterOutputHandler - [ERROR] WARNING: Use --illegal-access=warn to enable warnings of further illegal reflective access operations
03:19:52.942 [Thread-7] ERROR f.i.s.r.p.m.o.MavenFilterOutputHandler - [ERROR] WARNING: All illegal access operations will be denied in a future release
03:20:01.811 [Thread-7] ERROR f.i.s.r.p.m.o.MavenFilterOutputHandler - [ERROR] WARNING: An illegal reflective access operation has occurred
03:20:01.811 [Thread-7] ERROR f.i.s.r.p.m.o.MavenFilterOutputHandler - [ERROR] WARNING: Illegal reflective access by xerial.larray.buffer.UnsafeUtil (file:/root/workspace/apache-pinot-master-8986_repo/.m2/org/xerial/larray/larray-buffer/0.4.1/larray-buffer-0.4.1.jar) to constructor java.nio.DirectByteBuffer(long,int,java.lang.Object)
03:20:01.811 [Thread-7] ERROR f.i.s.r.p.m.o.MavenFilterOutputHandler - [ERROR] WARNING: Please consider reporting this to the maintainers of xerial.larray.buffer.UnsafeUtil
03:20:01.811 [Thread-7] ERROR f.i.s.r.p.m.o.MavenFilterOutputHandler - [ERROR] WARNING: Use --illegal-access=warn to enable warnings of further illegal reflective access operations
03:20:01.811 [Thread-7] ERROR f.i.s.r.p.m.o.MavenFilterOutputHandler - [ERROR] WARNING: All illegal access operations will be denied in a future release
03:20:23.923 [Thread-8] ERROR f.i.s.r.p.m.output.MavenErrorHandler - java.lang.NullPointerException
03:20:23.923 [Thread-8] ERROR f.i.s.r.p.m.output.MavenErrorHandler - 	at org.testng.reporters.JUnitXMLReporter.generateReport(JUnitXMLReporter.java:152)
03:20:23.923 [Thread-8] ERROR f.i.s.r.p.m.output.MavenErrorHandler - 	at org.testng.reporters.JUnitXMLReporter.onFinish(JUnitXMLReporter.java:112)
03:20:23.923 [Thread-8] ERROR f.i.s.r.p.m.output.MavenErrorHandler - 	at org.testng.TestRunner.fireEvent(TestRunner.java:1187)
03:20:23.923 [Thread-8] ERROR f.i.s.r.p.m.output.MavenErrorHandler - 	at org.testng.TestRunner.afterRun(TestRunner.java:976)
03:20:23.923 [Thread-8] ERROR f.i.s.r.p.m.output.MavenErrorHandler - 	at org.testng.TestRunner.run(TestRunner.java:606)
03:20:23.923 [Thread-8] ERROR f.i.s.r.p.m.output.MavenErrorHandler - 	at org.testng.SuiteRunner.runTest(SuiteRunner.java:380)
03:20:23.923 [Thread-8] ERROR f.i.s.r.p.m.output.MavenErrorHandler - 	at org.testng.SuiteRunner.runSequentially(SuiteRunner.java:375)
03:20:23.923 [Thread-8] ERROR f.i.s.r.p.m.output.MavenErrorHandler - 	at org.testng.SuiteRunner.privateRun(SuiteRunner.java:340)
03:20:23.923 [Thread-8] ERROR f.i.s.r.p.m.output.MavenErrorHandler - 	at org.testng.SuiteRunner.run(SuiteRunner.java:289)
03:20:23.923 [Thread-8] ERROR f.i.s.r.p.m.output.MavenErrorHandler - 	at org.testng.SuiteRunnerWorker.runSuite(SuiteRunnerWorker.java:52)
03:20:23.923 [Thread-8] ERROR f.i.s.r.p.m.output.MavenErrorHandler - 	at org.testng.SuiteRunnerWorker.run(SuiteRunnerWorker.java:86)
03:20:23.924 [Thread-8] ERROR f.i.s.r.p.m.output.MavenErrorHandler - 	at org.testng.TestNG.runSuitesSequentially(TestNG.java:1301)
03:20:23.924 [Thread-8] ERROR f.i.s.r.p.m.output.MavenErrorHandler - 	at org.testng.TestNG.runSuitesLocally(TestNG.java:1226)
03:20:23.924 [Thread-8] ERROR f.i.s.r.p.m.output.MavenErrorHandler - 	at org.testng.TestNG.runSuites(TestNG.java:1144)
03:20:23.924 [Thread-8] ERROR f.i.s.r.p.m.output.MavenErrorHandler - 	at org.testng.TestNG.run(TestNG.java:1115)
03:20:23.924 [Thread-8] ERROR f.i.s.r.p.m.output.MavenErrorHandler - 	at org.apache.maven.surefire.testng.TestNGExecutor.run(TestNGExecutor.java:136)
03:20:23.924 [Thread-8] ERROR f.i.s.r.p.m.output.MavenErrorHandler - 	at org.apache.maven.surefire.testng.TestNGDirectoryTestSuite.executeSingleClass(TestNGDirectoryTestSuite.java:112)
03:20:23.924 [Thread-8] ERROR f.i.s.r.p.m.output.MavenErrorHandler - 	at org.apache.maven.surefire.testng.TestNGDirectoryTestSuite.execute(TestNGDirectoryTestSuite.java:99)
03:20:23.924 [Thread-8] ERROR f.i.s.r.p.m.output.MavenErrorHandler - 	at org.apache.maven.surefire.testng.TestNGProvider.invoke(TestNGProvider.java:145)
03:20:23.924 [Thread-8] ERROR f.i.s.r.p.m.output.MavenErrorHandler - 	at org.apache.maven.surefire.booter.ForkedBooter.runSuitesInProcess(ForkedBooter.java:428)
03:20:23.924 [Thread-8] ERROR f.i.s.r.p.m.output.MavenErrorHandler - 	at org.apache.maven.surefire.booter.ForkedBooter.execute(ForkedBooter.java:162)
03:20:23.924 [Thread-8] ERROR f.i.s.r.p.m.output.MavenErrorHandler - 	at org.apache.maven.surefire.booter.ForkedBooter.run(ForkedBooter.java:562)
03:20:23.924 [Thread-8] ERROR f.i.s.r.p.m.output.MavenErrorHandler - 	at org.apache.maven.surefire.booter.ForkedBooter.main(ForkedBooter.java:548)
03:20:23.924 [Thread-8] ERROR f.i.s.r.p.m.output.MavenErrorHandler - [TestNG] Reporter org.testng.reporters.JUnitReportReporter@5d39f2d8 failed
03:20:23.924 [Thread-8] ERROR f.i.s.r.p.m.output.MavenErrorHandler - java.lang.NullPointerException
03:20:23.924 [Thread-8] ERROR f.i.s.r.p.m.output.MavenErrorHandler - 	at org.testng.reporters.JUnitReportReporter.generateReport(JUnitReportReporter.java:146)
03:20:23.924 [Thread-8] ERROR f.i.s.r.p.m.output.MavenErrorHandler - 	at org.testng.TestNG.generateReports(TestNG.java:1192)
03:20:23.924 [Thread-8] ERROR f.i.s.r.p.m.output.MavenErrorHandler - 	at org.testng.TestNG.run(TestNG.java:1120)
03:20:23.924 [Thread-8] ERROR f.i.s.r.p.m.output.MavenErrorHandler - 	at org.apache.maven.surefire.testng.TestNGExecutor.run(TestNGExecutor.java:136)
03:20:23.924 [Thread-8] ERROR f.i.s.r.p.m.output.MavenErrorHandler - 	at org.apache.maven.surefire.testng.TestNGDirectoryTestSuite.executeSingleClass(TestNGDirectoryTestSuite.java:112)
03:20:23.924 [Thread-8] ERROR f.i.s.r.p.m.output.MavenErrorHandler - 	at org.apache.maven.surefire.testng.TestNGDirectoryTestSuite.execute(TestNGDirectoryTestSuite.java:99)
03:20:23.924 [Thread-8] ERROR f.i.s.r.p.m.output.MavenErrorHandler - 	at org.apache.maven.surefire.testng.TestNGProvider.invoke(TestNGProvider.java:145)
03:20:23.924 [Thread-8] ERROR f.i.s.r.p.m.output.MavenErrorHandler - 	at org.apache.maven.surefire.booter.ForkedBooter.runSuitesInProcess(ForkedBooter.java:428)
03:20:23.924 [Thread-8] ERROR f.i.s.r.p.m.output.MavenErrorHandler - 	at org.apache.maven.surefire.booter.ForkedBooter.execute(ForkedBooter.java:162)
03:20:23.925 [Thread-8] ERROR f.i.s.r.p.m.output.MavenErrorHandler - 	at org.apache.maven.surefire.booter.ForkedBooter.run(ForkedBooter.java:562)
03:20:23.925 [Thread-8] ERROR f.i.s.r.p.m.output.MavenErrorHandler - 	at org.apache.maven.surefire.booter.ForkedBooter.main(ForkedBooter.java:548)
03:21:37.540 [Thread-7] ERROR f.i.s.r.p.m.o.MavenFilterOutputHandler - [ERROR] WARNING: An illegal reflective access operation has occurred
03:21:37.541 [Thread-7] ERROR f.i.s.r.p.m.o.MavenFilterOutputHandler - [ERROR] WARNING: Illegal reflective access by org.codehaus.groovy.vmplugin.v7.Java7$1 (file:/root/workspace/apache-pinot-master-8986_repo/.m2/org/codehaus/groovy/groovy-all/2.4.21/groovy-all-2.4.21.jar) to constructor java.lang.invoke.MethodHandles$Lookup(java.lang.Class,int)
03:21:37.541 [Thread-7] ERROR f.i.s.r.p.m.o.MavenFilterOutputHandler - [ERROR] WARNING: Please consider reporting this to the maintainers of org.codehaus.groovy.vmplugin.v7.Java7$1
03:21:37.541 [Thread-7] ERROR f.i.s.r.p.m.o.MavenFilterOutputHandler - [ERROR] WARNING: Use --illegal-access=warn to enable warnings of further illegal reflective access operations
03:21:37.541 [Thread-7] ERROR f.i.s.r.p.m.o.MavenFilterOutputHandler - [ERROR] WARNING: All illegal access operations will be denied in a future release
03:21:51.821 [Thread-7] ERROR f.i.s.r.p.m.o.MavenFilterOutputHandler - [ERROR] WARNING: An illegal reflective access operation has occurred
03:21:51.821 [Thread-7] ERROR f.i.s.r.p.m.o.MavenFilterOutputHandler - [ERROR] WARNING: Illegal reflective access by org.codehaus.groovy.vmplugin.v7.Java7$1 (file:/root/workspace/apache-pinot-master-8986_repo/.m2/org/codehaus/groovy/groovy-all/2.4.21/groovy-all-2.4.21.jar) to constructor java.lang.invoke.MethodHandles$Lookup(java.lang.Class,int)
03:21:51.821 [Thread-7] ERROR f.i.s.r.p.m.o.MavenFilterOutputHandler - [ERROR] WARNING: Please consider reporting this to the maintainers of org.codehaus.groovy.vmplugin.v7.Java7$1
03:21:51.821 [Thread-7] ERROR f.i.s.r.p.m.o.MavenFilterOutputHandler - [ERROR] WARNING: Use --illegal-access=warn to enable warnings of further illegal reflective access operations
03:21:51.821 [Thread-7] ERROR f.i.s.r.p.m.o.MavenFilterOutputHandler - [ERROR] WARNING: All illegal access operations will be denied in a future release
03:21:55.193 [Thread-7] ERROR f.i.s.r.p.m.o.MavenFilterOutputHandler - [ERROR] WARNING: An illegal reflective access operation has occurred
03:21:55.193 [Thread-7] ERROR f.i.s.r.p.m.o.MavenFilterOutputHandler - [ERROR] WARNING: Illegal reflective access by org.codehaus.groovy.vmplugin.v7.Java7$1 (file:/root/workspace/apache-pinot-master-8986_repo/.m2/org/codehaus/groovy/groovy-all/2.4.21/groovy-all-2.4.21.jar) to constructor java.lang.invoke.MethodHandles$Lookup(java.lang.Class,int)
03:21:55.193 [Thread-7] ERROR f.i.s.r.p.m.o.MavenFilterOutputHandler - [ERROR] WARNING: Please consider reporting this to the maintainers of org.codehaus.groovy.vmplugin.v7.Java7$1
03:21:55.193 [Thread-7] ERROR f.i.s.r.p.m.o.MavenFilterOutputHandler - [ERROR] WARNING: Use --illegal-access=warn to enable warnings of further illegal reflective access operations
03:21:55.194 [Thread-7] ERROR f.i.s.r.p.m.o.MavenFilterOutputHandler - [ERROR] WARNING: All illegal access operations will be denied in a future release
03:21:57.249 [Thread-7] ERROR f.i.s.r.p.m.o.MavenFilterOutputHandler - [ERROR] WARNING: An illegal reflective access operation has occurred
03:21:57.249 [Thread-7] ERROR f.i.s.r.p.m.o.MavenFilterOutputHandler - [ERROR] WARNING: Illegal reflective access by org.codehaus.groovy.vmplugin.v7.Java7$1 (file:/root/workspace/apache-pinot-master-8986_repo/.m2/org/codehaus/groovy/groovy-all/2.4.21/groovy-all-2.4.21.jar) to constructor java.lang.invoke.MethodHandles$Lookup(java.lang.Class,int)
03:21:57.249 [Thread-7] ERROR f.i.s.r.p.m.o.MavenFilterOutputHandler - [ERROR] WARNING: Please consider reporting this to the maintainers of org.codehaus.groovy.vmplugin.v7.Java7$1
03:21:57.249 [Thread-7] ERROR f.i.s.r.p.m.o.MavenFilterOutputHandler - [ERROR] WARNING: Use --illegal-access=warn to enable warnings of further illegal reflective access operations
03:21:57.249 [Thread-7] ERROR f.i.s.r.p.m.o.MavenFilterOutputHandler - [ERROR] WARNING: All illegal access operations will be denied in a future release
03:23:01.965 [Thread-7] ERROR f.i.s.r.p.m.o.MavenFilterOutputHandler - [ERROR] WARNING: An illegal reflective access operation has occurred
03:23:01.965 [Thread-7] ERROR f.i.s.r.p.m.o.MavenFilterOutputHandler - [ERROR] WARNING: Illegal reflective access by org.codehaus.groovy.vmplugin.v7.Java7$1 (file:/root/workspace/apache-pinot-master-8986_repo/.m2/org/codehaus/groovy/groovy-all/2.4.21/groovy-all-2.4.21.jar) to constructor java.lang.invoke.MethodHandles$Lookup(java.lang.Class,int)
03:23:01.965 [Thread-7] ERROR f.i.s.r.p.m.o.MavenFilterOutputHandler - [ERROR] WARNING: Please consider reporting this to the maintainers of org.codehaus.groovy.vmplugin.v7.Java7$1
03:23:01.965 [Thread-7] ERROR f.i.s.r.p.m.o.MavenFilterOutputHandler - [ERROR] WARNING: Use --illegal-access=warn to enable warnings of further illegal reflective access operations
03:23:01.965 [Thread-7] ERROR f.i.s.r.p.m.o.MavenFilterOutputHandler - [ERROR] WARNING: All illegal access operations will be denied in a future release
03:23:42.970 [Thread-7] ERROR f.i.s.r.p.m.o.MavenFilterOutputHandler - [ERROR] WARNING: An illegal reflective access operation has occurred
03:23:42.970 [Thread-7] ERROR f.i.s.r.p.m.o.MavenFilterOutputHandler - [ERROR] WARNING: Illegal reflective access by xerial.larray.mmap.MMapBuffer (file:/root/workspace/apache-pinot-master-8986_repo/.m2/org/xerial/larray/larray-mmap/0.4.1/larray-mmap-0.4.1.jar) to field java.io.FileDescriptor.fd
03:23:42.970 [Thread-7] ERROR f.i.s.r.p.m.o.MavenFilterOutputHandler - [ERROR] WARNING: Please consider reporting this to the maintainers of xerial.larray.mmap.MMapBuffer
03:23:42.970 [Thread-7] ERROR f.i.s.r.p.m.o.MavenFilterOutputHandler - [ERROR] WARNING: Use --illegal-access=warn to enable warnings of further illegal reflective access operations
03:23:42.970 [Thread-7] ERROR f.i.s.r.p.m.o.MavenFilterOutputHandler - [ERROR] WARNING: All illegal access operations will be denied in a future release
03:23:53.658 [Thread-7] ERROR f.i.s.r.p.m.o.MavenFilterOutputHandler - [ERROR] Tests run: 1, Failures: 1, Errors: 0, Skipped: 0, Time elapsed: 0.186 s <<< FAILURE! - in org.apache.pinot.segment.local.segment.index.H3IndexTest
03:23:53.658 [Thread-7] ERROR f.i.s.r.p.m.o.MavenFilterOutputHandler - [ERROR] org.apache.pinot.segment.local.segment.index.H3IndexTest.testH3Index  Time elapsed: 0.048 s  <<< FAILURE!
03:24:41.555 [Thread-7] ERROR f.i.s.r.p.m.o.MavenFilterOutputHandler - [ERROR] Tests run: 18, Failures: 4, Errors: 0, Skipped: 0, Time elapsed: 34.212 s <<< FAILURE! - in org.apache.pinot.segment.local.segment.index.loader.SegmentPreProcessorTest
03:24:41.555 [Thread-7] ERROR f.i.s.r.p.m.o.MavenFilterOutputHandler - [ERROR] org.apache.pinot.segment.local.segment.index.loader.SegmentPreProcessorTest.testColumnMinMaxValue  Time elapsed: 1.477 s
03:24:41.555 [Thread-7] ERROR f.i.s.r.p.m.o.MavenFilterOutputHandler - [ERROR] org.apache.pinot.segment.local.segment.index.loader.SegmentPreProcessorTest.testEnableFSTIndexOnExistingColumnDictEncoded  Time elapsed: 1.802 s
03:24:41.556 [Thread-7] ERROR f.i.s.r.p.m.o.MavenFilterOutputHandler - [ERROR] org.apache.pinot.segment.local.segment.index.loader.SegmentPreProcessorTest.testEnableFSTIndexOnExistingColumnRaw  Time elapsed: 1.683 s
03:24:41.556 [Thread-7] ERROR f.i.s.r.p.m.o.MavenFilterOutputHandler - [ERROR] org.apache.pinot.segment.local.segment.index.loader.SegmentPreProcessorTest.testEnableFSTIndexOnNewColumnDictEncoded  Time elapsed: 1.671 s
03:24:41.556 [Thread-7] ERROR f.i.s.r.p.m.o.MavenFilterOutputHandler - [ERROR] org.apache.pinot.segment.local.segment.index.loader.SegmentPreProcessorTest.testEnableTextIndexOnExistingDictEncodedColumn  Time elapsed: 3.075 s
03:24:41.556 [Thread-7] ERROR f.i.s.r.p.m.o.MavenFilterOutputHandler - [ERROR] org.apache.pinot.segment.local.segment.index.loader.SegmentPreProcessorTest.testEnableTextIndexOnExistingRawColumn  Time elapsed: 1.898 s
03:24:41.556 [Thread-7] ERROR f.i.s.r.p.m.o.MavenFilterOutputHandler - [ERROR] org.apache.pinot.segment.local.segment.index.loader.SegmentPreProcessorTest.testEnableTextIndexOnNewColumnDictEncoded  Time elapsed: 2.211 s
03:24:41.556 [Thread-7] ERROR f.i.s.r.p.m.o.MavenFilterOutputHandler - [ERROR] org.apache.pinot.segment.local.segment.index.loader.SegmentPreProcessorTest.testEnableTextIndexOnNewColumnRaw  Time elapsed: 2.278 s
03:24:41.556 [Thread-7] ERROR f.i.s.r.p.m.o.MavenFilterOutputHandler - [ERROR] org.apache.pinot.segment.local.segment.index.loader.SegmentPreProcessorTest.testV1CleanupH3AndTextIndices  Time elapsed: 1.006 s  <<< FAILURE!
03:24:41.558 [Thread-7] ERROR f.i.s.r.p.m.o.MavenFilterOutputHandler - [ERROR] org.apache.pinot.segment.local.segment.index.loader.SegmentPreProcessorTest.testV1CleanupIndices  Time elapsed: 0.901 s
03:24:41.559 [Thread-7] ERROR f.i.s.r.p.m.o.MavenFilterOutputHandler - [ERROR] org.apache.pinot.segment.local.segment.index.loader.SegmentPreProcessorTest.testV1CreateInvertedIndices  Time elapsed: 4.792 s
03:24:41.559 [Thread-7] ERROR f.i.s.r.p.m.o.MavenFilterOutputHandler - [ERROR] org.apache.pinot.segment.local.segment.index.loader.SegmentPreProcessorTest.testV1IfNeedProcess  Time elapsed: 0.885 s  <<< FAILURE!
03:24:41.560 [Thread-7] ERROR f.i.s.r.p.m.o.MavenFilterOutputHandler - [ERROR] org.apache.pinot.segment.local.segment.index.loader.SegmentPreProcessorTest.testV1UpdateDefaultColumns  Time elapsed: 1.112 s
03:24:41.561 [Thread-7] ERROR f.i.s.r.p.m.o.MavenFilterOutputHandler - [ERROR] org.apache.pinot.segment.local.segment.index.loader.SegmentPreProcessorTest.testV3CleanupH3AndTextIndices  Time elapsed: 0.945 s  <<< FAILURE!
03:24:41.562 [Thread-7] ERROR f.i.s.r.p.m.o.MavenFilterOutputHandler - [ERROR] org.apache.pinot.segment.local.segment.index.loader.SegmentPreProcessorTest.testV3CleanupIndices  Time elapsed: 0.948 s
03:24:41.563 [Thread-7] ERROR f.i.s.r.p.m.o.MavenFilterOutputHandler - [ERROR] org.apache.pinot.segment.local.segment.index.loader.SegmentPreProcessorTest.testV3CreateInvertedIndices  Time elapsed: 4.839 s
03:24:41.563 [Thread-7] ERROR f.i.s.r.p.m.o.MavenFilterOutputHandler - [ERROR] org.apache.pinot.segment.local.segment.index.loader.SegmentPreProcessorTest.testV3IfNeedProcess  Time elapsed: 0.993 s  <<< FAILURE!
03:24:41.564 [Thread-7] ERROR f.i.s.r.p.m.o.MavenFilterOutputHandler - [ERROR] org.apache.pinot.segment.local.segment.index.loader.SegmentPreProcessorTest.testV3UpdateDefaultColumns  Time elapsed: 1.012 s
03:25:32.632 [Thread-7] ERROR f.i.s.r.p.m.o.MavenFilterOutputHandler - [ERROR] Failures: 
03:25:32.633 [Thread-7] ERROR f.i.s.r.p.m.o.MavenFilterOutputHandler - [ERROR]   H3IndexTest.testH3Index:84 » UnsatisfiedLink /tmp/libh3-java597856874497999841...
03:25:32.633 [Thread-7] ERROR f.i.s.r.p.m.o.MavenFilterOutputHandler - [ERROR]   SegmentPreProcessorTest.testV1CleanupH3AndTextIndices:1034 » UnsatisfiedLink /...
03:25:32.633 [Thread-7] ERROR f.i.s.r.p.m.o.MavenFilterOutputHandler - [ERROR]   SegmentPreProcessorTest.testV1IfNeedProcess:1115->testIfNeedProcess:1177 » NoClassDefFound
03:25:32.633 [Thread-7] ERROR f.i.s.r.p.m.o.MavenFilterOutputHandler - [ERROR]   SegmentPreProcessorTest.testV3CleanupH3AndTextIndices:1085 » NoClassDefFound C...
03:25:32.633 [Thread-7] ERROR f.i.s.r.p.m.o.MavenFilterOutputHandler - [ERROR]   SegmentPreProcessorTest.testV3IfNeedProcess:1125->testIfNeedProcess:1177 » NoClassDefFound
03:25:32.633 [Thread-7] ERROR f.i.s.r.p.m.o.MavenFilterOutputHandler - [ERROR] Tests run: 2296, Failures: 5, Errors: 0, Skipped: 0
03:25:32.647 [Thread-7] ERROR f.i.s.r.p.m.o.MavenFilterOutputHandler - [ERROR] Failed to execute goal org.apache.maven.plugins:maven-surefire-plugin:3.0.0-M5:test (default-test) on project pinot-segment-local: There are test failures.
03:25:32.647 [Thread-7] ERROR f.i.s.r.p.m.o.MavenFilterOutputHandler - [ERROR] 
03:25:32.647 [Thread-7] ERROR f.i.s.r.p.m.o.MavenFilterOutputHandler - [ERROR] Please refer to /root/workspace/apache-pinot-master-8986_repo/pinot-segment-local/target/surefire-reports for the individual test results.
03:25:32.647 [Thread-7] ERROR f.i.s.r.p.m.o.MavenFilterOutputHandler - [ERROR] Please refer to dump files (if any exist) [date].dump, [date]-jvmRun[N].dump and [date].dumpstream.
03:25:32.647 [Thread-7] ERROR f.i.s.r.p.m.o.MavenFilterOutputHandler - [ERROR] -> [Help 1]
03:25:32.651 [Thread-7] ERROR f.i.s.r.p.m.o.MavenFilterOutputHandler - [ERROR] 
03:25:32.651 [Thread-7] ERROR f.i.s.r.p.m.o.MavenFilterOutputHandler - [ERROR] Re-run Maven using the -X switch to enable full debug logging.
03:25:32.651 [Thread-7] ERROR f.i.s.r.p.m.o.MavenFilterOutputHandler - [ERROR] 
03:25:32.651 [Thread-7] ERROR f.i.s.r.p.m.o.MavenFilterOutputHandler - [ERROR] For more information about the errors and possible solutions, please read the following articles:
03:25:32.651 [Thread-7] ERROR f.i.s.r.p.m.o.MavenFilterOutputHandler - [ERROR] [Help 1] http://cwiki.apache.org/confluence/display/MAVEN/MojoFailureException
03:25:32.651 [Thread-7] ERROR f.i.s.r.p.m.o.MavenFilterOutputHandler - [ERROR] 
03:25:32.651 [Thread-7] ERROR f.i.s.r.p.m.o.MavenFilterOutputHandler - [ERROR] After correcting the problems, you can resume the build with the command
03:25:32.651 [Thread-7] ERROR f.i.s.r.p.m.o.MavenFilterOutputHandler - [ERROR]   mvn <goals> -rf :pinot-segment-local
03:25:37.398 [main] ERROR f.i.s.r.p.s.paths.ComputeClasspath - The classpath file is empty.
03:25:37.398 [main] ERROR f.i.s.r.p.s.paths.ComputeClasspath - The classpath seems not to contain JUnit, maybe this project does not use JUnit for testing.
03:25:37.399 [main] ERROR f.i.s.r.p.s.paths.ComputeClasspath - The file does not exist: /root/./workspace/apache-pinot-master-8986_repo/target/classes.
03:25:37.399 [main] ERROR f.i.s.r.p.s.paths.ComputeClasspath - The file does not exist: /root/./workspace/apache-pinot-master-8986_repo/target/test-classes.
03:25:37.527 [main] ERROR f.i.s.r.p.s.paths.ComputeSourceDir - The source directory is not at default location or specified in build section from pom.xml, and no parent can be found.
03:25:37.531 [main] ERROR f.i.s.r.p.s.paths.ComputeSourceDir - The source directory is not at default location or specified in build section from pom.xml, and no parent can be found.
03:25:37.541 [main] INFO  f.i.s.r.p.s.paths.ComputeSourceDir - 52 source dirs were found:
03:25:37.541 [main] INFO  f.i.s.r.p.s.paths.ComputeSourceDir - /root/workspace/apache-pinot-master-8986_repo/contrib/pinot-fmpp-maven-plugin/src/main/java
03:25:37.541 [main] INFO  f.i.s.r.p.s.paths.ComputeSourceDir - /root/workspace/apache-pinot-master-8986_repo/pinot-broker/src/main/java
03:25:37.541 [main] INFO  f.i.s.r.p.s.paths.ComputeSourceDir - /root/workspace/apache-pinot-master-8986_repo/pinot-clients/pinot-java-client/src/main/java
03:25:37.541 [main] INFO  f.i.s.r.p.s.paths.ComputeSourceDir - /root/workspace/apache-pinot-master-8986_repo/pinot-clients/pinot-jdbc-client/src/main/java
03:25:37.541 [main] INFO  f.i.s.r.p.s.paths.ComputeSourceDir - /root/workspace/apache-pinot-master-8986_repo/pinot-common/src/main/java
03:25:37.541 [main] INFO  f.i.s.r.p.s.paths.ComputeSourceDir - /root/workspace/apache-pinot-master-8986_repo/pinot-compatibility-verifier/src/main/java
03:25:37.541 [main] INFO  f.i.s.r.p.s.paths.ComputeSourceDir - /root/workspace/apache-pinot-master-8986_repo/pinot-connectors/pinot-flink-connector/src/main/java
03:25:37.541 [main] INFO  f.i.s.r.p.s.paths.ComputeSourceDir - /root/workspace/apache-pinot-master-8986_repo/pinot-connectors/pinot-spark-connector/src/main/scala
03:25:37.541 [main] INFO  f.i.s.r.p.s.paths.ComputeSourceDir - /root/workspace/apache-pinot-master-8986_repo/pinot-controller/src/main/java
03:25:37.541 [main] INFO  f.i.s.r.p.s.paths.ComputeSourceDir - /root/workspace/apache-pinot-master-8986_repo/pinot-core/src/main/java
03:25:37.541 [main] INFO  f.i.s.r.p.s.paths.ComputeSourceDir - /root/workspace/apache-pinot-master-8986_repo/pinot-integration-tests/src/main/java
03:25:37.541 [main] INFO  f.i.s.r.p.s.paths.ComputeSourceDir - /root/workspace/apache-pinot-master-8986_repo/pinot-minion/src/main/java
03:25:37.541 [main] INFO  f.i.s.r.p.s.paths.ComputeSourceDir - /root/workspace/apache-pinot-master-8986_repo/pinot-perf/src/main/java
03:25:37.541 [main] INFO  f.i.s.r.p.s.paths.ComputeSourceDir - /root/workspace/apache-pinot-master-8986_repo/pinot-plugins/pinot-batch-ingestion/pinot-batch-ingestion-common/src/main/java
03:25:37.541 [main] INFO  f.i.s.r.p.s.paths.ComputeSourceDir - /root/workspace/apache-pinot-master-8986_repo/pinot-plugins/pinot-batch-ingestion/pinot-batch-ingestion-hadoop/src/main/java
03:25:37.541 [main] INFO  f.i.s.r.p.s.paths.ComputeSourceDir - /root/workspace/apache-pinot-master-8986_repo/pinot-plugins/pinot-batch-ingestion/pinot-batch-ingestion-spark-2.4/src/main/java
03:25:37.541 [main] INFO  f.i.s.r.p.s.paths.ComputeSourceDir - /root/workspace/apache-pinot-master-8986_repo/pinot-plugins/pinot-batch-ingestion/pinot-batch-ingestion-spark-3.2/src/main/java
03:25:37.541 [main] INFO  f.i.s.r.p.s.paths.ComputeSourceDir - /root/workspace/apache-pinot-master-8986_repo/pinot-plugins/pinot-batch-ingestion/pinot-batch-ingestion-standalone/src/main/java
03:25:37.541 [main] INFO  f.i.s.r.p.s.paths.ComputeSourceDir - /root/workspace/apache-pinot-master-8986_repo/pinot-plugins/pinot-batch-ingestion/v0_deprecated/pinot-hadoop/src/main/java
03:25:37.541 [main] INFO  f.i.s.r.p.s.paths.ComputeSourceDir - /root/workspace/apache-pinot-master-8986_repo/pinot-plugins/pinot-batch-ingestion/v0_deprecated/pinot-ingestion-common/src/main/java
03:25:37.541 [main] INFO  f.i.s.r.p.s.paths.ComputeSourceDir - /root/workspace/apache-pinot-master-8986_repo/pinot-plugins/pinot-batch-ingestion/v0_deprecated/pinot-spark/src/main/java
03:25:37.542 [main] INFO  f.i.s.r.p.s.paths.ComputeSourceDir - /root/workspace/apache-pinot-master-8986_repo/pinot-plugins/pinot-environment/pinot-azure/src/main/java
03:25:37.542 [main] INFO  f.i.s.r.p.s.paths.ComputeSourceDir - /root/workspace/apache-pinot-master-8986_repo/pinot-plugins/pinot-file-system/pinot-adls/src/main/java
03:25:37.542 [main] INFO  f.i.s.r.p.s.paths.ComputeSourceDir - /root/workspace/apache-pinot-master-8986_repo/pinot-plugins/pinot-file-system/pinot-gcs/src/main/java
03:25:37.542 [main] INFO  f.i.s.r.p.s.paths.ComputeSourceDir - /root/workspace/apache-pinot-master-8986_repo/pinot-plugins/pinot-file-system/pinot-hdfs/src/main/java
03:25:37.542 [main] INFO  f.i.s.r.p.s.paths.ComputeSourceDir - /root/workspace/apache-pinot-master-8986_repo/pinot-plugins/pinot-file-system/pinot-s3/src/main/java
03:25:37.542 [main] INFO  f.i.s.r.p.s.paths.ComputeSourceDir - /root/workspace/apache-pinot-master-8986_repo/pinot-plugins/pinot-input-format/pinot-avro-base/src/main/java
03:25:37.542 [main] INFO  f.i.s.r.p.s.paths.ComputeSourceDir - /root/workspace/apache-pinot-master-8986_repo/pinot-plugins/pinot-input-format/pinot-avro/src/main/java
03:25:37.542 [main] INFO  f.i.s.r.p.s.paths.ComputeSourceDir - /root/workspace/apache-pinot-master-8986_repo/pinot-plugins/pinot-input-format/pinot-confluent-avro/src/main/java
03:25:37.542 [main] INFO  f.i.s.r.p.s.paths.ComputeSourceDir - /root/workspace/apache-pinot-master-8986_repo/pinot-plugins/pinot-input-format/pinot-csv/src/main/java
03:25:37.542 [main] INFO  f.i.s.r.p.s.paths.ComputeSourceDir - /root/workspace/apache-pinot-master-8986_repo/pinot-plugins/pinot-input-format/pinot-json/src/main/java
03:25:37.542 [main] INFO  f.i.s.r.p.s.paths.ComputeSourceDir - /root/workspace/apache-pinot-master-8986_repo/pinot-plugins/pinot-input-format/pinot-orc/src/main/java
03:25:37.542 [main] INFO  f.i.s.r.p.s.paths.ComputeSourceDir - /root/workspace/apache-pinot-master-8986_repo/pinot-plugins/pinot-input-format/pinot-parquet/src/main/java
03:25:37.542 [main] INFO  f.i.s.r.p.s.paths.ComputeSourceDir - /root/workspace/apache-pinot-master-8986_repo/pinot-plugins/pinot-input-format/pinot-protobuf/src/main/java
03:25:37.542 [main] INFO  f.i.s.r.p.s.paths.ComputeSourceDir - /root/workspace/apache-pinot-master-8986_repo/pinot-plugins/pinot-input-format/pinot-thrift/src/main/java
03:25:37.542 [main] INFO  f.i.s.r.p.s.paths.ComputeSourceDir - /root/workspace/apache-pinot-master-8986_repo/pinot-plugins/pinot-metrics/pinot-dropwizard/src/main/java
03:25:37.542 [main] INFO  f.i.s.r.p.s.paths.ComputeSourceDir - /root/workspace/apache-pinot-master-8986_repo/pinot-plugins/pinot-metrics/pinot-yammer/src/main/java
03:25:37.542 [main] INFO  f.i.s.r.p.s.paths.ComputeSourceDir - /root/workspace/apache-pinot-master-8986_repo/pinot-plugins/pinot-minion-tasks/pinot-minion-builtin-tasks/src/main/java
03:25:37.542 [main] INFO  f.i.s.r.p.s.paths.ComputeSourceDir - /root/workspace/apache-pinot-master-8986_repo/pinot-plugins/pinot-segment-uploader/pinot-segment-uploader-default/src/main/java
03:25:37.542 [main] INFO  f.i.s.r.p.s.paths.ComputeSourceDir - /root/workspace/apache-pinot-master-8986_repo/pinot-plugins/pinot-segment-writer/pinot-segment-writer-file-based/src/main/java
03:25:37.542 [main] INFO  f.i.s.r.p.s.paths.ComputeSourceDir - /root/workspace/apache-pinot-master-8986_repo/pinot-plugins/pinot-stream-ingestion/pinot-kafka-0.9/src/main/java
03:25:37.542 [main] INFO  f.i.s.r.p.s.paths.ComputeSourceDir - /root/workspace/apache-pinot-master-8986_repo/pinot-plugins/pinot-stream-ingestion/pinot-kafka-2.0/src/main/java
03:25:37.542 [main] INFO  f.i.s.r.p.s.paths.ComputeSourceDir - /root/workspace/apache-pinot-master-8986_repo/pinot-plugins/pinot-stream-ingestion/pinot-kafka-base/src/main/java
03:25:37.542 [main] INFO  f.i.s.r.p.s.paths.ComputeSourceDir - /root/workspace/apache-pinot-master-8986_repo/pinot-plugins/pinot-stream-ingestion/pinot-kinesis/src/main/java
03:25:37.542 [main] INFO  f.i.s.r.p.s.paths.ComputeSourceDir - /root/workspace/apache-pinot-master-8986_repo/pinot-plugins/pinot-stream-ingestion/pinot-pulsar/src/main/java
03:25:37.542 [main] INFO  f.i.s.r.p.s.paths.ComputeSourceDir - /root/workspace/apache-pinot-master-8986_repo/pinot-query-planner/src/main/java
03:25:37.542 [main] INFO  f.i.s.r.p.s.paths.ComputeSourceDir - /root/workspace/apache-pinot-master-8986_repo/pinot-query-runtime/src/main/java
03:25:37.542 [main] INFO  f.i.s.r.p.s.paths.ComputeSourceDir - /root/workspace/apache-pinot-master-8986_repo/pinot-segment-local/src/main/java
03:25:37.542 [main] INFO  f.i.s.r.p.s.paths.ComputeSourceDir - /root/workspace/apache-pinot-master-8986_repo/pinot-segment-spi/src/main/java
03:25:37.542 [main] INFO  f.i.s.r.p.s.paths.ComputeSourceDir - /root/workspace/apache-pinot-master-8986_repo/pinot-server/src/main/java
03:25:37.542 [main] INFO  f.i.s.r.p.s.paths.ComputeSourceDir - /root/workspace/apache-pinot-master-8986_repo/pinot-spi/src/main/java
03:25:37.542 [main] INFO  f.i.s.r.p.s.paths.ComputeSourceDir - /root/workspace/apache-pinot-master-8986_repo/pinot-tools/src/main/java
03:25:37.607 [main] ERROR f.i.s.r.p.step.paths.ComputeTestDir - The test directory is not at default location or specified in build section from pom.xml, and no parent can be found.
03:25:37.616 [main] ERROR f.i.s.r.p.step.paths.ComputeTestDir - The test directory is not at default location or specified in build section from pom.xml, and no parent can be found.
03:25:37.670 [main] ERROR f.i.s.r.process.maven.MavenHelper - Error while building complete model. The raw model will be used. Error message: 1 problem was encountered while building the effective model for org.apache.pinot:pinot-s3:0.11.0-SNAPSHOT
[ERROR] Failed to determine Java version for profile disable-java8-doclint @ software.amazon.awssdk:aws-sdk-java-pom:2.14.28

03:25:37.724 [main] ERROR f.i.s.r.p.step.paths.ComputeTestDir - The test directory is not at default location or specified in build section from pom.xml, and no parent can be found.
03:25:37.754 [main] ERROR f.i.s.r.process.maven.MavenHelper - Error while building complete model. The raw model will be used. Error message: 1 problem was encountered while building the effective model for org.apache.pinot:pinot-kinesis:0.11.0-SNAPSHOT
[ERROR] Failed to determine Java version for profile disable-java8-doclint @ software.amazon.awssdk:aws-sdk-java-pom:2.14.28

03:25:37.773 [main] ERROR f.i.s.r.p.step.paths.ComputeTestDir - The test directory is not at default location or specified in build section from pom.xml, and no parent can be found.
03:25:37.777 [main] ERROR f.i.s.r.p.step.paths.ComputeTestDir - The test directory is not at default location or specified in build section from pom.xml, and no parent can be found.
03:25:37.777 [main] ERROR f.i.s.r.p.step.paths.ComputeTestDir - The test directory is not at default location or specified in build section from pom.xml, and no parent can be found.
03:25:37.791 [main] ERROR f.i.s.r.p.step.paths.ComputeTestDir - The test directory is not at default location or specified in build section from pom.xml, and no parent can be found.
03:25:37.791 [main] ERROR f.i.s.r.p.step.paths.ComputeTestDir - The test directory is not at default location or specified in build section from pom.xml, and no parent can be found.
03:25:37.806 [main] ERROR f.i.s.r.p.step.paths.ComputeTestDir - The test directory is not at default location or specified in build section from pom.xml, and no parent can be found.
03:25:37.816 [main] ERROR f.i.s.r.p.step.paths.ComputeTestDir - The test directory is not at default location or specified in build section from pom.xml, and no parent can be found.
03:25:37.832 [main] ERROR f.i.s.r.p.step.paths.ComputeTestDir - The test directory is not at default location or specified in build section from pom.xml, and no parent can be found.
03:25:37.835 [main] ERROR f.i.s.r.p.step.paths.ComputeTestDir - The test directory is not at default location or specified in build section from pom.xml, and no parent can be found.
03:25:37.851 [main] INFO  f.i.s.r.p.step.paths.ComputeTestDir - 44 test dirs were found:
03:25:37.851 [main] INFO  f.i.s.r.p.step.paths.ComputeTestDir - /root/workspace/apache-pinot-master-8986_repo/pinot-broker/src/test/java
03:25:37.851 [main] INFO  f.i.s.r.p.step.paths.ComputeTestDir - /root/workspace/apache-pinot-master-8986_repo/pinot-clients/pinot-java-client/src/test/java
03:25:37.851 [main] INFO  f.i.s.r.p.step.paths.ComputeTestDir - /root/workspace/apache-pinot-master-8986_repo/pinot-clients/pinot-jdbc-client/src/test/java
03:25:37.851 [main] INFO  f.i.s.r.p.step.paths.ComputeTestDir - /root/workspace/apache-pinot-master-8986_repo/pinot-common/src/test/java
03:25:37.851 [main] INFO  f.i.s.r.p.step.paths.ComputeTestDir - /root/workspace/apache-pinot-master-8986_repo/pinot-connectors/pinot-flink-connector/src/test/java
03:25:37.851 [main] INFO  f.i.s.r.p.step.paths.ComputeTestDir - /root/workspace/apache-pinot-master-8986_repo/pinot-connectors/pinot-spark-connector/src/test/scala
03:25:37.851 [main] INFO  f.i.s.r.p.step.paths.ComputeTestDir - /root/workspace/apache-pinot-master-8986_repo/pinot-controller/src/test/java
03:25:37.851 [main] INFO  f.i.s.r.p.step.paths.ComputeTestDir - /root/workspace/apache-pinot-master-8986_repo/pinot-core/src/test/java
03:25:37.851 [main] INFO  f.i.s.r.p.step.paths.ComputeTestDir - /root/workspace/apache-pinot-master-8986_repo/pinot-integration-test-base/src/test/java
03:25:37.851 [main] INFO  f.i.s.r.p.step.paths.ComputeTestDir - /root/workspace/apache-pinot-master-8986_repo/pinot-integration-tests/src/test/java
03:25:37.851 [main] INFO  f.i.s.r.p.step.paths.ComputeTestDir - /root/workspace/apache-pinot-master-8986_repo/pinot-minion/src/test/java
03:25:37.851 [main] INFO  f.i.s.r.p.step.paths.ComputeTestDir - /root/workspace/apache-pinot-master-8986_repo/pinot-plugins/pinot-batch-ingestion/pinot-batch-ingestion-common/src/test/java
03:25:37.851 [main] INFO  f.i.s.r.p.step.paths.ComputeTestDir - /root/workspace/apache-pinot-master-8986_repo/pinot-plugins/pinot-batch-ingestion/pinot-batch-ingestion-hadoop/src/test/java
03:25:37.851 [main] INFO  f.i.s.r.p.step.paths.ComputeTestDir - /root/workspace/apache-pinot-master-8986_repo/pinot-plugins/pinot-batch-ingestion/pinot-batch-ingestion-spark-2.4/src/test/java
03:25:37.851 [main] INFO  f.i.s.r.p.step.paths.ComputeTestDir - /root/workspace/apache-pinot-master-8986_repo/pinot-plugins/pinot-batch-ingestion/pinot-batch-ingestion-spark-3.2/src/test/java
03:25:37.851 [main] INFO  f.i.s.r.p.step.paths.ComputeTestDir - /root/workspace/apache-pinot-master-8986_repo/pinot-plugins/pinot-batch-ingestion/pinot-batch-ingestion-standalone/src/test/java
03:25:37.851 [main] INFO  f.i.s.r.p.step.paths.ComputeTestDir - /root/workspace/apache-pinot-master-8986_repo/pinot-plugins/pinot-batch-ingestion/v0_deprecated/pinot-hadoop/src/test/java
03:25:37.851 [main] INFO  f.i.s.r.p.step.paths.ComputeTestDir - /root/workspace/apache-pinot-master-8986_repo/pinot-plugins/pinot-batch-ingestion/v0_deprecated/pinot-spark/src/test/java
03:25:37.851 [main] INFO  f.i.s.r.p.step.paths.ComputeTestDir - /root/workspace/apache-pinot-master-8986_repo/pinot-plugins/pinot-environment/pinot-azure/src/test/java
03:25:37.851 [main] INFO  f.i.s.r.p.step.paths.ComputeTestDir - /root/workspace/apache-pinot-master-8986_repo/pinot-plugins/pinot-file-system/pinot-adls/src/test/java
03:25:37.851 [main] INFO  f.i.s.r.p.step.paths.ComputeTestDir - /root/workspace/apache-pinot-master-8986_repo/pinot-plugins/pinot-file-system/pinot-gcs/src/test/java
03:25:37.851 [main] INFO  f.i.s.r.p.step.paths.ComputeTestDir - /root/workspace/apache-pinot-master-8986_repo/pinot-plugins/pinot-file-system/pinot-hdfs/src/test/java
03:25:37.851 [main] INFO  f.i.s.r.p.step.paths.ComputeTestDir - /root/workspace/apache-pinot-master-8986_repo/pinot-plugins/pinot-file-system/pinot-s3/src/test/java
03:25:37.851 [main] INFO  f.i.s.r.p.step.paths.ComputeTestDir - /root/workspace/apache-pinot-master-8986_repo/pinot-plugins/pinot-input-format/pinot-avro-base/src/test/java
03:25:37.851 [main] INFO  f.i.s.r.p.step.paths.ComputeTestDir - /root/workspace/apache-pinot-master-8986_repo/pinot-plugins/pinot-input-format/pinot-csv/src/test/java
03:25:37.851 [main] INFO  f.i.s.r.p.step.paths.ComputeTestDir - /root/workspace/apache-pinot-master-8986_repo/pinot-plugins/pinot-input-format/pinot-json/src/test/java
03:25:37.851 [main] INFO  f.i.s.r.p.step.paths.ComputeTestDir - /root/workspace/apache-pinot-master-8986_repo/pinot-plugins/pinot-input-format/pinot-orc/src/test/java
03:25:37.851 [main] INFO  f.i.s.r.p.step.paths.ComputeTestDir - /root/workspace/apache-pinot-master-8986_repo/pinot-plugins/pinot-input-format/pinot-parquet/src/test/java
03:25:37.851 [main] INFO  f.i.s.r.p.step.paths.ComputeTestDir - /root/workspace/apache-pinot-master-8986_repo/pinot-plugins/pinot-input-format/pinot-protobuf/src/test/java
03:25:37.851 [main] INFO  f.i.s.r.p.step.paths.ComputeTestDir - /root/workspace/apache-pinot-master-8986_repo/pinot-plugins/pinot-input-format/pinot-thrift/src/test/java
03:25:37.851 [main] INFO  f.i.s.r.p.step.paths.ComputeTestDir - /root/workspace/apache-pinot-master-8986_repo/pinot-plugins/pinot-minion-tasks/pinot-minion-builtin-tasks/src/test/java
03:25:37.851 [main] INFO  f.i.s.r.p.step.paths.ComputeTestDir - /root/workspace/apache-pinot-master-8986_repo/pinot-plugins/pinot-segment-writer/pinot-segment-writer-file-based/src/test/java
03:25:37.852 [main] INFO  f.i.s.r.p.step.paths.ComputeTestDir - /root/workspace/apache-pinot-master-8986_repo/pinot-plugins/pinot-stream-ingestion/pinot-kafka-0.9/src/test/java
03:25:37.852 [main] INFO  f.i.s.r.p.step.paths.ComputeTestDir - /root/workspace/apache-pinot-master-8986_repo/pinot-plugins/pinot-stream-ingestion/pinot-kafka-2.0/src/test/java
03:25:37.852 [main] INFO  f.i.s.r.p.step.paths.ComputeTestDir - /root/workspace/apache-pinot-master-8986_repo/pinot-plugins/pinot-stream-ingestion/pinot-kafka-base/src/test/java
03:25:37.852 [main] INFO  f.i.s.r.p.step.paths.ComputeTestDir - /root/workspace/apache-pinot-master-8986_repo/pinot-plugins/pinot-stream-ingestion/pinot-kinesis/src/test/java
03:25:37.852 [main] INFO  f.i.s.r.p.step.paths.ComputeTestDir - /root/workspace/apache-pinot-master-8986_repo/pinot-plugins/pinot-stream-ingestion/pinot-pulsar/src/test/java
03:25:37.852 [main] INFO  f.i.s.r.p.step.paths.ComputeTestDir - /root/workspace/apache-pinot-master-8986_repo/pinot-query-planner/src/test/java
03:25:37.852 [main] INFO  f.i.s.r.p.step.paths.ComputeTestDir - /root/workspace/apache-pinot-master-8986_repo/pinot-query-runtime/src/test/java
03:25:37.852 [main] INFO  f.i.s.r.p.step.paths.ComputeTestDir - /root/workspace/apache-pinot-master-8986_repo/pinot-segment-local/src/test/java
03:25:37.852 [main] INFO  f.i.s.r.p.step.paths.ComputeTestDir - /root/workspace/apache-pinot-master-8986_repo/pinot-segment-spi/src/test/java
03:25:37.852 [main] INFO  f.i.s.r.p.step.paths.ComputeTestDir - /root/workspace/apache-pinot-master-8986_repo/pinot-server/src/test/java
03:25:37.852 [main] INFO  f.i.s.r.p.step.paths.ComputeTestDir - /root/workspace/apache-pinot-master-8986_repo/pinot-spi/src/test/java
03:25:37.852 [main] INFO  f.i.s.r.p.step.paths.ComputeTestDir - /root/workspace/apache-pinot-master-8986_repo/pinot-tools/src/test/java
03:25:38.412 [main] INFO  f.i.s.r.p.s.g.GatherTestInformation - Get the following failing module path: /root/workspace/apache-pinot-master-8986_repo/pinot-segment-local
03:25:38.413 [main] INFO  f.i.s.r.p.s.g.GatherTestInformation - Get the following failing module path: /root/workspace/apache-pinot-master-8986_repo/pinot-segment-local
03:25:38.421 [main] INFO  f.i.s.r.p.s.g.GatherTestInformation - ---Test results---
03:25:38.421 [main] INFO  f.i.s.r.p.s.g.GatherTestInformation -    Total tests: 2850
03:25:38.421 [main] INFO  f.i.s.r.p.s.g.GatherTestInformation -    Tests run: 2850
03:25:38.421 [main] INFO  f.i.s.r.p.s.g.GatherTestInformation -    Tests passing: 2845
03:25:38.421 [main] INFO  f.i.s.r.p.s.g.GatherTestInformation -    Failures: 5
03:25:38.421 [main] INFO  f.i.s.r.p.s.g.GatherTestInformation -    Errors: 0
03:25:38.421 [main] INFO  f.i.s.r.p.s.g.GatherTestInformation -    Skipped: 0
[0] INFO Flacoco - Running Flacoco...
[17] WARN TestMethodFilter - NoClassDefFoundError: class org.apache.pinot.segment.local.startree.v2.builder.OffHeapSingleTreeBuilder
[18] WARN TestMethodFilter - NoClassDefFoundError: class org.apache.pinot.segment.local.startree.v2.builder.OnHeapSingleTreeBuilder
[18] WARN TestMethodFilter - NoClassDefFoundError: class org.apache.pinot.segment.local.startree.v2.builder.StarTreeV2BuilderConfig
[19] WARN TestMethodFilter - NoClassDefFoundError: class org.apache.pinot.segment.local.startree.v2.store.StarTreeIndexMapUtils
[19] WARN TestMethodFilter - NoClassDefFoundError: class org.apache.pinot.segment.local.startree.v2.store.StarTreeLoaderUtils
[20] WARN TestMethodFilter - NoClassDefFoundError: class org.apache.pinot.segment.local.startree.StarTreeBuilderUtils
[20] WARN TestMethodFilter - NoClassDefFoundError: class org.apache.pinot.segment.local.upsert.PartialUpsertHandler
[21] WARN TestMethodFilter - NoClassDefFoundError: class org.apache.pinot.segment.local.upsert.merger.PartialUpsertMergerFactory
[21] WARN TestMethodFilter - NoClassDefFoundError: class org.apache.pinot.segment.local.upsert.RecordLocation
[22] WARN TestMethodFilter - NoClassDefFoundError: class org.apache.pinot.segment.local.upsert.PartitionUpsertMetadataManager
[22] WARN TestMethodFilter - NoClassDefFoundError: class org.apache.pinot.segment.local.aggregator.SumPrecisionValueAggregator
[22] WARN TestMethodFilter - NoClassDefFoundError: class org.apache.pinot.segment.local.aggregator.MaxValueAggregator
[23] WARN TestMethodFilter - NoClassDefFoundError: class org.apache.pinot.segment.local.aggregator.DistinctCountHLLValueAggregator
[23] WARN TestMethodFilter - NoClassDefFoundError: class org.apache.pinot.segment.local.aggregator.AvgValueAggregator
[24] WARN TestMethodFilter - NoClassDefFoundError: class org.apache.pinot.segment.local.aggregator.PercentileEstValueAggregator
[24] WARN TestMethodFilter - NoClassDefFoundError: class org.apache.pinot.segment.local.aggregator.DistinctCountBitmapValueAggregator
[24] WARN TestMethodFilter - NoClassDefFoundError: class org.apache.pinot.segment.local.aggregator.ValueAggregatorFactory
[24] WARN TestMethodFilter - NoClassDefFoundError: class org.apache.pinot.segment.local.aggregator.CountValueAggregator
[25] WARN TestMethodFilter - NoClassDefFoundError: class org.apache.pinot.segment.local.aggregator.MinValueAggregator
[25] WARN TestMethodFilter - NoClassDefFoundError: class org.apache.pinot.segment.local.aggregator.MinMaxRangeValueAggregator
[25] WARN TestMethodFilter - NoClassDefFoundError: class org.apache.pinot.segment.local.aggregator.SumValueAggregator
[25] WARN TestMethodFilter - NoClassDefFoundError: class org.apache.pinot.segment.local.aggregator.PercentileTDigestValueAggregator
[26] WARN TestMethodFilter - NoClassDefFoundError: class org.apache.pinot.segment.local.utils.SchemaUtils
[26] WARN TestMethodFilter - NoClassDefFoundError: class org.apache.pinot.segment.local.utils.HashUtils
[27] WARN TestMethodFilter - NoClassDefFoundError: class org.apache.pinot.segment.local.utils.ReplicationUtils
[27] WARN TestMethodFilter - NoClassDefFoundError: class org.apache.pinot.segment.local.utils.SegmentPushUtils
[27] WARN TestMethodFilter - NoClassDefFoundError: class org.apache.pinot.segment.local.utils.H3Utils
[29] WARN TestMethodFilter - NoClassDefFoundError: class org.apache.pinot.segment.local.utils.nativefst.utils.RegexpMatcher
[29] WARN TestMethodFilter - NoClassDefFoundError: class org.apache.pinot.segment.local.utils.nativefst.utils.RealTimeRegexpMatcher
[30] WARN TestMethodFilter - NoClassDefFoundError: class org.apache.pinot.segment.local.utils.nativefst.builder.FSTUtils
[30] WARN TestMethodFilter - NoClassDefFoundError: class org.apache.pinot.segment.local.utils.nativefst.builder.FSTSerializerImpl
[31] WARN TestMethodFilter - NoClassDefFoundError: class org.apache.pinot.segment.local.utils.nativefst.ImmutableFST
[36] WARN TestMethodFilter - NoClassDefFoundError: class org.apache.pinot.segment.local.utils.nativefst.ConstantArcSizeFST
[37] WARN TestMethodFilter - NoClassDefFoundError: class org.apache.pinot.segment.local.utils.RecordInfo
[37] WARN TestMethodFilter - NoClassDefFoundError: class org.apache.pinot.segment.local.utils.GeometrySerializer
[38] WARN TestMethodFilter - NoClassDefFoundError: class org.apache.pinot.segment.local.utils.GeometryUtils
[38] WARN TestMethodFilter - NoClassDefFoundError: class org.apache.pinot.segment.local.utils.tablestate.TableStateUtils
[39] WARN TestMethodFilter - NoClassDefFoundError: class org.apache.pinot.segment.local.utils.TableConfigUtils
[39] WARN TestMethodFilter - NoClassDefFoundError: class org.apache.pinot.segment.local.utils.fst.FSTBuilder
[39] WARN TestMethodFilter - NoClassDefFoundError: class org.apache.pinot.segment.local.utils.fst.RegexpMatcher
[40] WARN TestMethodFilter - NoClassDefFoundError: class org.apache.pinot.segment.local.utils.IngestionUtils
[40] WARN TestMethodFilter - NoClassDefFoundError: class org.apache.pinot.segment.local.data.manager.TableDataManagerConfig
[41] WARN TestMethodFilter - NoClassDefFoundError: class org.apache.pinot.segment.local.recordtransformer.NullValueTransformer
[41] WARN TestMethodFilter - NoClassDefFoundError: class org.apache.pinot.segment.local.recordtransformer.SanitizationTransformer
[41] WARN TestMethodFilter - NoClassDefFoundError: class org.apache.pinot.segment.local.recordtransformer.DataTypeTransformer
[42] WARN TestMethodFilter - NoClassDefFoundError: class org.apache.pinot.segment.local.recordtransformer.ComplexTypeTransformer
[42] WARN TestMethodFilter - NoClassDefFoundError: class org.apache.pinot.segment.local.recordtransformer.ExpressionTransformer
[42] WARN TestMethodFilter - NoClassDefFoundError: class org.apache.pinot.segment.local.recordtransformer.CompositeTransformer
[42] WARN TestMethodFilter - NoClassDefFoundError: class org.apache.pinot.segment.local.recordtransformer.FilterTransformer
[43] WARN TestMethodFilter - NoClassDefFoundError: class org.apache.pinot.segment.local.realtime.impl.RealtimeSegmentConfig
[47] WARN TestMethodFilter - NoClassDefFoundError: class org.apache.pinot.segment.local.realtime.impl.dictionary.MutableDictionaryFactory
[50] WARN TestMethodFilter - NoClassDefFoundError: class org.apache.pinot.segment.local.realtime.converter.RealtimeSegmentConverter
[51] WARN TestMethodFilter - NoClassDefFoundError: class org.apache.pinot.segment.local.function.GroovyFunctionEvaluator
[51] WARN TestMethodFilter - NoClassDefFoundError: class org.apache.pinot.segment.local.function.InbuiltFunctionEvaluator
[51] WARN TestMethodFilter - NoClassDefFoundError: class org.apache.pinot.segment.local.function.TimeSpecFunctionEvaluator
[52] WARN TestMethodFilter - NoClassDefFoundError: class org.apache.pinot.segment.local.function.FunctionEvaluatorFactory
[52] WARN TestMethodFilter - NoClassDefFoundError: class org.apache.pinot.segment.local.dedup.PartitionDedupMetadataManager
[56] WARN TestMethodFilter - NoClassDefFoundError: class org.apache.pinot.segment.local.io.util.VarLengthValueReader
[58] WARN TestMethodFilter - NoClassDefFoundError: class org.apache.pinot.segment.local.io.compression.ChunkCompressorFactory
[60] WARN TestMethodFilter - NoClassDefFoundError: class org.apache.pinot.segment.local.segment.creator.impl.inv.BitmapInvertedIndexWriter
[61] WARN TestMethodFilter - NoClassDefFoundError: class org.apache.pinot.segment.local.segment.creator.impl.SegmentCreationDriverFactory
[61] WARN TestMethodFilter - NoClassDefFoundError: class org.apache.pinot.segment.local.segment.creator.impl.nullvalue.NullValueVectorCreator
[66] WARN TestMethodFilter - NoClassDefFoundError: class org.apache.pinot.segment.local.segment.creator.Fixtures
[66] WARN TestMethodFilter - NoClassDefFoundError: class org.apache.pinot.segment.local.segment.creator.TransformPipeline
[67] WARN TestMethodFilter - NoClassDefFoundError: class org.apache.pinot.segment.local.segment.index.column.DefaultNullValueVirtualColumnProvider
[67] WARN TestMethodFilter - NoClassDefFoundError: class org.apache.pinot.segment.local.segment.index.column.IntermediateIndexContainer
[68] WARN TestMethodFilter - NoClassDefFoundError: class org.apache.pinot.segment.local.segment.index.converter.SegmentFormatConverterFactory
[69] WARN TestMethodFilter - NoClassDefFoundError: class org.apache.pinot.segment.local.segment.index.loader.LoaderUtils
[69] WARN TestMethodFilter - NoClassDefFoundError: class org.apache.pinot.segment.local.segment.index.loader.bloomfilter.BloomFilterHandler
[69] WARN TestMethodFilter - NoClassDefFoundError: class org.apache.pinot.segment.local.segment.index.loader.IndexLoadingConfig
[70] WARN TestMethodFilter - NoClassDefFoundError: class org.apache.pinot.segment.local.segment.index.loader.defaultcolumn.DefaultColumnHandlerFactory
[70] WARN TestMethodFilter - NoClassDefFoundError: class org.apache.pinot.segment.local.segment.index.loader.defaultcolumn.V1DefaultColumnHandler
[71] WARN TestMethodFilter - NoClassDefFoundError: class org.apache.pinot.segment.local.segment.index.loader.defaultcolumn.V3DefaultColumnHandler
[71] WARN TestMethodFilter - NoClassDefFoundError: class org.apache.pinot.segment.local.segment.index.loader.invertedindex.FSTIndexHandler
[71] WARN TestMethodFilter - NoClassDefFoundError: class org.apache.pinot.segment.local.segment.index.loader.invertedindex.InvertedIndexHandler
[72] WARN TestMethodFilter - NoClassDefFoundError: class org.apache.pinot.segment.local.segment.index.loader.invertedindex.TextIndexHandler
[72] WARN TestMethodFilter - NoClassDefFoundError: class org.apache.pinot.segment.local.segment.index.loader.invertedindex.JsonIndexHandler
[72] WARN TestMethodFilter - NoClassDefFoundError: class org.apache.pinot.segment.local.segment.index.loader.invertedindex.RangeIndexHandler
[72] WARN TestMethodFilter - NoClassDefFoundError: class org.apache.pinot.segment.local.segment.index.loader.invertedindex.H3IndexHandler
[73] WARN TestMethodFilter - NoClassDefFoundError: class org.apache.pinot.segment.local.segment.index.loader.IndexHandlerFactory
[73] WARN TestMethodFilter - NoClassDefFoundError: class org.apache.pinot.segment.local.segment.index.loader.SegmentPreProcessor
[82] WARN TestMethodFilter - NoClassDefFoundError: class org.apache.pinot.segment.local.segment.index.readers.bloom.BloomFilterReaderFactory
[83] WARN TestMethodFilter - NoClassDefFoundError: class org.apache.pinot.segment.local.segment.readers.PinotSegmentColumnReader
[84] WARN TestMethodFilter - NoClassDefFoundError: class org.apache.pinot.segment.local.segment.store.IndexKey
[85] WARN TestMethodFilter - NoClassDefFoundError: class org.apache.pinot.segment.local.segment.store.TextIndexUtils
[85] WARN TestMethodFilter - NoClassDefFoundError: class org.apache.pinot.segment.local.segment.virtualcolumn.DocIdVirtualColumnProvider
[85] WARN TestMethodFilter - NoClassDefFoundError: class org.apache.pinot.segment.local.segment.virtualcolumn.VirtualColumnProviderFactory
[85] WARN TestMethodFilter - NoClassDefFoundError: class org.apache.pinot.segment.local.segment.virtualcolumn.VirtualColumnContext
[90] WARN TestMethodFilter - NoClassDefFoundError: class org.apache.pinot.segment.local.indexsegment.immutable.ImmutableSegmentLoader
[90] WARN TestMethodFilter - NoClassDefFoundError: class org.apache.pinot.segment.local.startree.v2.builder.StarTreeV2BuilderConfigTest
[91] WARN TestMethodFilter - NoClassDefFoundError: class org.apache.pinot.segment.local.upsert.PartitionUpsertMetadataManagerTest
[92] WARN TestMethodFilter - NoClassDefFoundError: class org.apache.pinot.segment.local.utils.TableConfigUtilsTest
[95] WARN TestMethodFilter - NoClassDefFoundError: class org.apache.pinot.segment.local.utils.nativefst.FSTTraversalTest
[95] WARN TestMethodFilter - NoClassDefFoundError: class org.apache.pinot.segment.local.utils.nativefst.ImmutableFSTSerializerTest
[95] WARN TestMethodFilter - NoClassDefFoundError: class org.apache.pinot.segment.local.utils.nativefst.ImmutableFSTDeserializedTest
[96] WARN TestMethodFilter - NoClassDefFoundError: class org.apache.pinot.segment.local.utils.IngestionUtilsTest
[97] WARN TestMethodFilter - NoClassDefFoundError: class org.apache.pinot.segment.local.utils.fst.FSTBuilderTest
[97] WARN TestMethodFilter - NoClassDefFoundError: class org.apache.pinot.segment.local.recordtransformer.ExpressionTransformerTest
[98] WARN TestMethodFilter - NoClassDefFoundError: class org.apache.pinot.segment.local.recordtransformer.RecordTransformerTest
[100] WARN TestMethodFilter - NoClassDefFoundError: class org.apache.pinot.segment.local.realtime.impl.dictionary.MutableDictionaryTest
[100] WARN TestMethodFilter - NoClassDefFoundError: class org.apache.pinot.segment.local.realtime.impl.dictionary.OffHeapMutableBytesStoreTest
[100] WARN TestMethodFilter - NoClassDefFoundError: class org.apache.pinot.segment.local.realtime.impl.dictionary.MultiValueDictionaryTest
[102] WARN TestMethodFilter - NoClassDefFoundError: class org.apache.pinot.segment.local.dedup.PartitionDedupMetadataManagerTest
[102] WARN TestMethodFilter - NoClassDefFoundError: class org.apache.pinot.segment.local.io.writer.impl.VarByteChunkSVForwardIndexWriterTest
[103] WARN TestMethodFilter - NoClassDefFoundError: class org.apache.pinot.segment.local.io.writer.impl.MutableOffHeapByteArrayStoreTest
[103] WARN TestMethodFilter - NoClassDefFoundError: class org.apache.pinot.segment.local.io.writer.impl.MmapMemoryManagerTest
[103] WARN TestMethodFilter - NoClassDefFoundError: class org.apache.pinot.segment.local.io.writer.impl.MmapMemoryManagerFileCleanupTest
[104] WARN TestMethodFilter - NoClassDefFoundError: class org.apache.pinot.segment.local.io.compression.TestCompression
[105] WARN TestMethodFilter - NoClassDefFoundError: class org.apache.pinot.segment.local.segment.creator.SegmentTestUtils
[105] WARN TestMethodFilter - NoClassDefFoundError: class org.apache.pinot.segment.local.segment.creator.impl.SegmentColumnarIndexCreatorTest
[106] WARN TestMethodFilter - NoClassDefFoundError: class org.apache.pinot.segment.local.segment.creator.BitmapInvertedIndexTest
[106] WARN TestMethodFilter - NoClassDefFoundError: class org.apache.pinot.segment.local.segment.creator.DictionaryOptimiserTest
[107] WARN TestMethodFilter - NoClassDefFoundError: class org.apache.pinot.segment.local.segment.creator.DictionariesTest
[107] WARN TestMethodFilter - NoClassDefFoundError: class org.apache.pinot.segment.local.segment.creator.FixedIntArrayIdMapTest
[108] WARN TestMethodFilter - NoClassDefFoundError: class org.apache.pinot.segment.local.segment.creator.OnHeapDictionariesTest
[108] WARN TestMethodFilter - NoClassDefFoundError: class org.apache.pinot.segment.local.segment.creator.BitmapInvertedIndexCreatorTest
[108] WARN TestMethodFilter - NoClassDefFoundError: class org.apache.pinot.segment.local.segment.loader.SegmentDirectoryLoaderRegistryTest
[108] WARN TestMethodFilter - NoClassDefFoundError: class org.apache.pinot.segment.local.segment.index.readerwriter.FixedByteSingleValueMultiColumnReaderWriterTest
[109] WARN TestMethodFilter - NoClassDefFoundError: class org.apache.pinot.segment.local.segment.index.column.DefaultNullValueVirtualColumnProviderTest
[109] WARN TestMethodFilter - NoClassDefFoundError: class org.apache.pinot.segment.local.segment.index.creator.SegmentGenerationWithMultipleRecordsTest
[109] WARN TestMethodFilter - NoClassDefFoundError: class org.apache.pinot.segment.local.segment.index.creator.SegmentGenerationWithFilterRecordsTest
[110] WARN TestMethodFilter - NoClassDefFoundError: class org.apache.pinot.segment.local.segment.index.creator.MultiValueVarByteRawIndexCreatorTest
[110] WARN TestMethodFilter - NoClassDefFoundError: class org.apache.pinot.segment.local.segment.index.creator.SegmentGenerationWithBytesTypeTest
[111] WARN TestMethodFilter - NoClassDefFoundError: class org.apache.pinot.segment.local.segment.index.creator.MultiValueFixedByteRawIndexCreatorTest
[111] WARN TestMethodFilter - NoClassDefFoundError: class org.apache.pinot.segment.local.segment.index.creator.BitSlicedIndexCreatorTest
[112] WARN TestMethodFilter - NoClassDefFoundError: class org.apache.pinot.segment.local.segment.index.creator.RawIndexCreatorTest
[112] WARN TestMethodFilter - NoClassDefFoundError: class org.apache.pinot.segment.local.segment.index.creator.SegmentGenerationWithNoRecordsTest
[113] WARN TestMethodFilter - NoClassDefFoundError: class org.apache.pinot.segment.local.segment.index.creator.VarByteChunkV4Test
[113] WARN TestMethodFilter - NoClassDefFoundError: class org.apache.pinot.segment.local.segment.index.creator.RangeIndexCreatorTest
[114] WARN TestMethodFilter - NoClassDefFoundError: class org.apache.pinot.segment.local.segment.index.creator.SegmentGenerationWithTimeColumnTest
[114] WARN TestMethodFilter - NoClassDefFoundError: class org.apache.pinot.segment.local.segment.index.creator.SegmentPartitionTest
[114] WARN TestMethodFilter - NoClassDefFoundError: class org.apache.pinot.segment.local.segment.index.creator.BloomFilterCreatorTest
[114] WARN TestMethodFilter - NoClassDefFoundError: class org.apache.pinot.segment.local.segment.index.forward.mutable.FixedByteSVMutableForwardIndexTest
[115] WARN TestMethodFilter - NoClassDefFoundError: class org.apache.pinot.segment.local.segment.index.forward.mutable.FixedByteMVMutableForwardIndexTest
[115] WARN TestMethodFilter - NoClassDefFoundError: class org.apache.pinot.segment.local.segment.index.forward.mutable.VarByteSVMutableForwardIndexTest
[115] WARN TestMethodFilter - NoClassDefFoundError: class org.apache.pinot.segment.local.segment.index.forward.FixedByteChunkSVForwardIndexTest
[116] WARN TestMethodFilter - NoClassDefFoundError: class org.apache.pinot.segment.local.segment.index.forward.VarByteChunkSVForwardIndexTest
[116] WARN TestMethodFilter - NoClassDefFoundError: class org.apache.pinot.segment.local.segment.index.converter.SegmentV1V2ToV3FormatConverterTest
[117] WARN TestMethodFilter - NoClassDefFoundError: class org.apache.pinot.segment.local.segment.index.ColumnMetadataTest
[117] WARN TestMethodFilter - NoClassDefFoundError: class org.apache.pinot.segment.local.segment.index.H3IndexTest
[117] WARN TestMethodFilter - NoClassDefFoundError: class org.apache.pinot.segment.local.segment.index.IndexOverridesTest
[118] WARN TestMethodFilter - NoClassDefFoundError: class org.apache.pinot.segment.local.segment.index.loader.LoaderTest
[120] WARN TestMethodFilter - NoClassDefFoundError: class org.apache.pinot.segment.local.segment.index.loader.defaultcolumn.BaseDefaultColumnHandlerTest
[122] WARN TestMethodFilter - NoClassDefFoundError: class org.apache.pinot.segment.local.segment.index.readers.NullValueVectorReaderImplTest
[122] WARN TestMethodFilter - NoClassDefFoundError: class org.apache.pinot.segment.local.segment.index.readers.ImmutableDictionaryTest
[123] WARN TestMethodFilter - NoClassDefFoundError: class org.apache.pinot.segment.local.segment.index.readers.ImmutableDictionaryTypeConversionTest
[123] WARN TestMethodFilter - NoClassDefFoundError: class org.apache.pinot.segment.local.segment.index.JsonIndexTest
[123] WARN TestMethodFilter - NoClassDefFoundError: class org.apache.pinot.segment.local.segment.readers.MultiplePinotSegmentRecordReaderTest
[124] WARN TestMethodFilter - NoClassDefFoundError: class org.apache.pinot.segment.local.segment.readers.PinotSegmentUtil
[124] WARN TestMethodFilter - NoClassDefFoundError: class org.apache.pinot.segment.local.segment.readers.PinotSegmentRecordReaderTest
[124] WARN TestMethodFilter - NoClassDefFoundError: class org.apache.pinot.segment.local.segment.store.SingleFileIndexDirectoryTest
[125] WARN TestMethodFilter - NoClassDefFoundError: class org.apache.pinot.segment.local.segment.store.SegmentLocalFSDirectoryTest
[125] WARN TestMethodFilter - NoClassDefFoundError: class org.apache.pinot.segment.local.segment.store.FilePerIndexDirectoryTest
[126] WARN TestMethodFilter - NoClassDefFoundError: class org.apache.pinot.segment.local.indexsegment.mutable.MutableSegmentImplIngestionAggregationTest
[126] WARN TestMethodFilter - NoClassDefFoundError: class org.apache.pinot.segment.local.indexsegment.mutable.MutableSegmentImplTestUtils
[126] WARN TestMethodFilter - NoClassDefFoundError: class org.apache.pinot.segment.local.indexsegment.mutable.IndexingFailureTest
[126] WARN TestMethodFilter - NoClassDefFoundError: class org.apache.pinot.segment.local.indexsegment.mutable.MutableSegmentImplUpsertTest
[127] WARN TestMethodFilter - NoClassDefFoundError: class org.apache.pinot.segment.local.indexsegment.mutable.MutableSegmentImplTest
[127] WARN TestMethodFilter - NoClassDefFoundError: class org.apache.pinot.segment.local.indexsegment.mutable.IntermediateSegmentTest
[127] WARN TestMethodFilter - NoClassDefFoundError: class org.apache.pinot.segment.local.indexsegment.mutable.MutableSegmentImplAggregateMetricsTest
[128] WARN TestMethodFilter - NoClassDefFoundError: class org.apache.pinot.segment.local.indexsegment.mutable.MutableSegmentImplUpsertComparisonColTest
[134] WARN TestMethodFilter - NoClassDefFoundError: class org.apache.pinot.segment.local.startree.v2.builder.OffHeapSingleTreeBuilder
[134] WARN TestMethodFilter - NoClassDefFoundError: class org.apache.pinot.segment.local.startree.v2.builder.OnHeapSingleTreeBuilder
[135] WARN TestMethodFilter - NoClassDefFoundError: class org.apache.pinot.segment.local.startree.v2.builder.StarTreeV2BuilderConfig
[135] WARN TestMethodFilter - NoClassDefFoundError: class org.apache.pinot.segment.local.startree.v2.builder.MultipleTreesBuilder
[135] WARN TestMethodFilter - NoClassDefFoundError: class org.apache.pinot.segment.local.startree.v2.store.StarTreeIndexMapUtils
[135] WARN TestMethodFilter - NoClassDefFoundError: class org.apache.pinot.segment.local.startree.v2.store.StarTreeLoaderUtils
[135] WARN TestMethodFilter - NoClassDefFoundError: class org.apache.pinot.segment.local.startree.StarTreeBuilderUtils
[135] WARN TestMethodFilter - NoClassDefFoundError: class org.apache.pinot.segment.local.upsert.PartialUpsertHandler
[136] WARN TestMethodFilter - NoClassDefFoundError: class org.apache.pinot.segment.local.upsert.merger.PartialUpsertMergerFactory
[136] WARN TestMethodFilter - NoClassDefFoundError: class org.apache.pinot.segment.local.upsert.RecordLocation
[136] WARN TestMethodFilter - NoClassDefFoundError: class org.apache.pinot.segment.local.upsert.PartitionUpsertMetadataManager
[136] WARN TestMethodFilter - NoClassDefFoundError: class org.apache.pinot.segment.local.aggregator.SumPrecisionValueAggregator
[136] WARN TestMethodFilter - NoClassDefFoundError: class org.apache.pinot.segment.local.aggregator.MaxValueAggregator
[136] WARN TestMethodFilter - NoClassDefFoundError: class org.apache.pinot.segment.local.aggregator.DistinctCountHLLValueAggregator
[136] WARN TestMethodFilter - NoClassDefFoundError: class org.apache.pinot.segment.local.aggregator.AvgValueAggregator
[136] WARN TestMethodFilter - NoClassDefFoundError: class org.apache.pinot.segment.local.aggregator.PercentileEstValueAggregator
[136] WARN TestMethodFilter - NoClassDefFoundError: class org.apache.pinot.segment.local.aggregator.DistinctCountBitmapValueAggregator
[136] WARN TestMethodFilter - NoClassDefFoundError: class org.apache.pinot.segment.local.aggregator.ValueAggregatorFactory
[136] WARN TestMethodFilter - NoClassDefFoundError: class org.apache.pinot.segment.local.aggregator.CountValueAggregator
[136] WARN TestMethodFilter - NoClassDefFoundError: class org.apache.pinot.segment.local.aggregator.MinValueAggregator
[136] WARN TestMethodFilter - NoClassDefFoundError: class org.apache.pinot.segment.local.aggregator.MinMaxRangeValueAggregator
[137] WARN TestMethodFilter - NoClassDefFoundError: class org.apache.pinot.segment.local.aggregator.SumValueAggregator
[137] WARN TestMethodFilter - NoClassDefFoundError: class org.apache.pinot.segment.local.aggregator.PercentileTDigestValueAggregator
[137] WARN TestMethodFilter - NoClassDefFoundError: class org.apache.pinot.segment.local.utils.SchemaUtils
[137] WARN TestMethodFilter - NoClassDefFoundError: class org.apache.pinot.segment.local.utils.HashUtils
[137] WARN TestMethodFilter - NoClassDefFoundError: class org.apache.pinot.segment.local.utils.ReplicationUtils
[137] WARN TestMethodFilter - NoClassDefFoundError: class org.apache.pinot.segment.local.utils.SegmentPushUtils
[137] WARN TestMethodFilter - NoClassDefFoundError: class org.apache.pinot.segment.local.utils.H3Utils
[138] WARN TestMethodFilter - NoClassDefFoundError: class org.apache.pinot.segment.local.utils.nativefst.utils.RegexpMatcher
[138] WARN TestMethodFilter - NoClassDefFoundError: class org.apache.pinot.segment.local.utils.nativefst.utils.RealTimeRegexpMatcher
[138] WARN TestMethodFilter - NoClassDefFoundError: class org.apache.pinot.segment.local.utils.nativefst.builder.FSTUtils
[138] WARN TestMethodFilter - NoClassDefFoundError: class org.apache.pinot.segment.local.utils.nativefst.builder.FSTSerializerImpl
[138] WARN TestMethodFilter - NoClassDefFoundError: class org.apache.pinot.segment.local.utils.nativefst.ImmutableFST
[139] WARN TestMethodFilter - NoClassDefFoundError: class org.apache.pinot.segment.local.utils.nativefst.ConstantArcSizeFST
[139] WARN TestMethodFilter - NoClassDefFoundError: class org.apache.pinot.segment.local.utils.RecordInfo
[140] WARN TestMethodFilter - NoClassDefFoundError: class org.apache.pinot.segment.local.utils.GeometrySerializer
[140] WARN TestMethodFilter - NoClassDefFoundError: class org.apache.pinot.segment.local.utils.GeometryUtils
[140] WARN TestMethodFilter - NoClassDefFoundError: class org.apache.pinot.segment.local.utils.tablestate.TableStateUtils
[140] WARN TestMethodFilter - NoClassDefFoundError: class org.apache.pinot.segment.local.utils.TableConfigUtils
[140] WARN TestMethodFilter - NoClassDefFoundError: class org.apache.pinot.segment.local.utils.fst.FSTBuilder
[140] WARN TestMethodFilter - NoClassDefFoundError: class org.apache.pinot.segment.local.utils.fst.RegexpMatcher
[140] WARN TestMethodFilter - NoClassDefFoundError: class org.apache.pinot.segment.local.utils.IngestionUtils
[141] WARN TestMethodFilter - NoClassDefFoundError: class org.apache.pinot.segment.local.data.manager.TableDataManagerConfig
[141] WARN TestMethodFilter - NoClassDefFoundError: class org.apache.pinot.segment.local.recordtransformer.NullValueTransformer
[141] WARN TestMethodFilter - NoClassDefFoundError: class org.apache.pinot.segment.local.recordtransformer.SanitizationTransformer
[141] WARN TestMethodFilter - NoClassDefFoundError: class org.apache.pinot.segment.local.recordtransformer.DataTypeTransformer
[141] WARN TestMethodFilter - NoClassDefFoundError: class org.apache.pinot.segment.local.recordtransformer.ComplexTypeTransformer
[141] WARN TestMethodFilter - NoClassDefFoundError: class org.apache.pinot.segment.local.recordtransformer.ExpressionTransformer
[141] WARN TestMethodFilter - NoClassDefFoundError: class org.apache.pinot.segment.local.recordtransformer.CompositeTransformer
[141] WARN TestMethodFilter - NoClassDefFoundError: class org.apache.pinot.segment.local.recordtransformer.FilterTransformer
[142] WARN TestMethodFilter - NoClassDefFoundError: class org.apache.pinot.segment.local.realtime.impl.RealtimeSegmentConfig
[144] WARN TestMethodFilter - NoClassDefFoundError: class org.apache.pinot.segment.local.realtime.impl.dictionary.MutableDictionaryFactory
[146] WARN TestMethodFilter - NoClassDefFoundError: class org.apache.pinot.segment.local.realtime.converter.RealtimeSegmentConverter
[147] WARN TestMethodFilter - NoClassDefFoundError: class org.apache.pinot.segment.local.function.GroovyFunctionEvaluator
[147] WARN TestMethodFilter - NoClassDefFoundError: class org.apache.pinot.segment.local.function.InbuiltFunctionEvaluator
[147] WARN TestMethodFilter - NoClassDefFoundError: class org.apache.pinot.segment.local.function.TimeSpecFunctionEvaluator
[147] WARN TestMethodFilter - NoClassDefFoundError: class org.apache.pinot.segment.local.function.FunctionEvaluatorFactory
[147] WARN TestMethodFilter - NoClassDefFoundError: class org.apache.pinot.segment.local.dedup.PartitionDedupMetadataManager
[148] WARN TestMethodFilter - NoClassDefFoundError: class org.apache.pinot.segment.local.io.writer.impl.VarByteChunkSVForwardIndexWriterV4
[148] WARN TestMethodFilter - NoClassDefFoundError: class org.apache.pinot.segment.local.io.util.VarLengthValueReader
[149] WARN TestMethodFilter - NoClassDefFoundError: class org.apache.pinot.segment.local.io.compression.ChunkCompressorFactory
[151] WARN TestMethodFilter - NoClassDefFoundError: class org.apache.pinot.segment.local.segment.creator.impl.inv.BitmapInvertedIndexWriter
[152] WARN TestMethodFilter - NoClassDefFoundError: class org.apache.pinot.segment.local.segment.creator.impl.SegmentCreationDriverFactory
[152] WARN TestMethodFilter - NoClassDefFoundError: class org.apache.pinot.segment.local.segment.creator.impl.nullvalue.NullValueVectorCreator
[155] WARN TestMethodFilter - NoClassDefFoundError: class org.apache.pinot.segment.local.segment.creator.Fixtures
[156] WARN TestMethodFilter - NoClassDefFoundError: class org.apache.pinot.segment.local.segment.creator.TransformPipeline
[156] WARN TestMethodFilter - NoClassDefFoundError: class org.apache.pinot.segment.local.segment.index.column.DefaultNullValueVirtualColumnProvider
[156] WARN TestMethodFilter - NoClassDefFoundError: class org.apache.pinot.segment.local.segment.index.column.IntermediateIndexContainer
[157] WARN TestMethodFilter - NoClassDefFoundError: class org.apache.pinot.segment.local.segment.index.converter.SegmentFormatConverterFactory
[157] WARN TestMethodFilter - NoClassDefFoundError: class org.apache.pinot.segment.local.segment.index.loader.LoaderUtils
[157] WARN TestMethodFilter - NoClassDefFoundError: class org.apache.pinot.segment.local.segment.index.loader.bloomfilter.BloomFilterHandler
[157] WARN TestMethodFilter - NoClassDefFoundError: class org.apache.pinot.segment.local.segment.index.loader.IndexLoadingConfig
[157] WARN TestMethodFilter - NoClassDefFoundError: class org.apache.pinot.segment.local.segment.index.loader.defaultcolumn.DefaultColumnHandlerFactory
[157] WARN TestMethodFilter - NoClassDefFoundError: class org.apache.pinot.segment.local.segment.index.loader.defaultcolumn.V1DefaultColumnHandler
[158] WARN TestMethodFilter - NoClassDefFoundError: class org.apache.pinot.segment.local.segment.index.loader.defaultcolumn.V3DefaultColumnHandler
[158] WARN TestMethodFilter - NoClassDefFoundError: class org.apache.pinot.segment.local.segment.index.loader.invertedindex.FSTIndexHandler
[158] WARN TestMethodFilter - NoClassDefFoundError: class org.apache.pinot.segment.local.segment.index.loader.invertedindex.InvertedIndexHandler
[158] WARN TestMethodFilter - NoClassDefFoundError: class org.apache.pinot.segment.local.segment.index.loader.invertedindex.TextIndexHandler
[158] WARN TestMethodFilter - NoClassDefFoundError: class org.apache.pinot.segment.local.segment.index.loader.invertedindex.JsonIndexHandler
[158] WARN TestMethodFilter - NoClassDefFoundError: class org.apache.pinot.segment.local.segment.index.loader.invertedindex.RangeIndexHandler
[158] WARN TestMethodFilter - NoClassDefFoundError: class org.apache.pinot.segment.local.segment.index.loader.invertedindex.H3IndexHandler
[158] WARN TestMethodFilter - NoClassDefFoundError: class org.apache.pinot.segment.local.segment.index.loader.IndexHandlerFactory
[158] WARN TestMethodFilter - NoClassDefFoundError: class org.apache.pinot.segment.local.segment.index.loader.SegmentPreProcessor
[166] WARN TestMethodFilter - NoClassDefFoundError: class org.apache.pinot.segment.local.segment.index.readers.bloom.BloomFilterReaderFactory
[167] WARN TestMethodFilter - NoClassDefFoundError: class org.apache.pinot.segment.local.segment.readers.PinotSegmentColumnReader
[168] WARN TestMethodFilter - NoClassDefFoundError: class org.apache.pinot.segment.local.segment.store.IndexKey
[168] WARN TestMethodFilter - NoClassDefFoundError: class org.apache.pinot.segment.local.segment.store.TextIndexUtils
[168] WARN TestMethodFilter - NoClassDefFoundError: class org.apache.pinot.segment.local.segment.virtualcolumn.DocIdVirtualColumnProvider
[168] WARN TestMethodFilter - NoClassDefFoundError: class org.apache.pinot.segment.local.segment.virtualcolumn.VirtualColumnProviderFactory
[168] WARN TestMethodFilter - NoClassDefFoundError: class org.apache.pinot.segment.local.segment.virtualcolumn.VirtualColumnContext
[170] WARN TestMethodFilter - NoClassDefFoundError: class org.apache.pinot.segment.local.indexsegment.immutable.ImmutableSegmentLoader
[170] WARN TestMethodFilter - NoClassDefFoundError: class org.apache.pinot.segment.local.startree.v2.builder.StarTreeV2BuilderConfigTest
[171] WARN TestMethodFilter - NoClassDefFoundError: class org.apache.pinot.segment.local.upsert.PartitionUpsertMetadataManagerTest
[171] WARN TestMethodFilter - NoClassDefFoundError: class org.apache.pinot.segment.local.utils.TableConfigUtilsTest
[172] WARN TestMethodFilter - NoClassDefFoundError: class org.apache.pinot.segment.local.utils.nativefst.FSTTraversalTest
[172] WARN TestMethodFilter - NoClassDefFoundError: class org.apache.pinot.segment.local.utils.nativefst.ImmutableFSTSerializerTest
[173] WARN TestMethodFilter - NoClassDefFoundError: class org.apache.pinot.segment.local.utils.nativefst.ImmutableFSTDeserializedTest
[173] WARN TestMethodFilter - NoClassDefFoundError: class org.apache.pinot.segment.local.utils.IngestionUtilsTest
[173] WARN TestMethodFilter - NoClassDefFoundError: class org.apache.pinot.segment.local.utils.fst.FSTBuilderTest
[173] WARN TestMethodFilter - NoClassDefFoundError: class org.apache.pinot.segment.local.recordtransformer.ExpressionTransformerTest
[174] WARN TestMethodFilter - NoClassDefFoundError: class org.apache.pinot.segment.local.recordtransformer.RecordTransformerTest
[174] WARN TestMethodFilter - NoClassDefFoundError: class org.apache.pinot.segment.local.realtime.impl.dictionary.MutableDictionaryTest
[174] WARN TestMethodFilter - NoClassDefFoundError: class org.apache.pinot.segment.local.realtime.impl.dictionary.OffHeapMutableBytesStoreTest
[174] WARN TestMethodFilter - NoClassDefFoundError: class org.apache.pinot.segment.local.realtime.impl.dictionary.MultiValueDictionaryTest
[175] WARN TestMethodFilter - NoClassDefFoundError: class org.apache.pinot.segment.local.realtime.impl.invertedindex.NativeMutableTextIndexConcurrentTest
[175] WARN TestMethodFilter - NoClassDefFoundError: class org.apache.pinot.segment.local.dedup.PartitionDedupMetadataManagerTest
[175] WARN TestMethodFilter - NoClassDefFoundError: class org.apache.pinot.segment.local.io.writer.impl.VarByteChunkSVForwardIndexWriterTest
[175] WARN TestMethodFilter - NoClassDefFoundError: class org.apache.pinot.segment.local.io.writer.impl.MutableOffHeapByteArrayStoreTest
[175] WARN TestMethodFilter - NoClassDefFoundError: class org.apache.pinot.segment.local.io.writer.impl.MmapMemoryManagerTest
[175] WARN TestMethodFilter - NoClassDefFoundError: class org.apache.pinot.segment.local.io.writer.impl.MmapMemoryManagerFileCleanupTest
[175] WARN TestMethodFilter - NoClassDefFoundError: class org.apache.pinot.segment.local.io.util.PinotDataBitSetTest
[176] WARN TestMethodFilter - NoClassDefFoundError: class org.apache.pinot.segment.local.io.compression.TestCompression
[176] WARN TestMethodFilter - NoClassDefFoundError: class org.apache.pinot.segment.local.segment.creator.SegmentTestUtils
[176] WARN TestMethodFilter - NoClassDefFoundError: class org.apache.pinot.segment.local.segment.creator.impl.SegmentColumnarIndexCreatorTest
[176] WARN TestMethodFilter - NoClassDefFoundError: class org.apache.pinot.segment.local.segment.creator.TransformPipelineTest
[176] WARN TestMethodFilter - NoClassDefFoundError: class org.apache.pinot.segment.local.segment.creator.BitmapInvertedIndexTest
[176] WARN TestMethodFilter - NoClassDefFoundError: class org.apache.pinot.segment.local.segment.creator.DictionaryOptimiserTest
[176] WARN TestMethodFilter - NoClassDefFoundError: class org.apache.pinot.segment.local.segment.creator.DictionariesTest
[177] WARN TestMethodFilter - NoClassDefFoundError: class org.apache.pinot.segment.local.segment.creator.FixedIntArrayIdMapTest
[177] WARN TestMethodFilter - NoClassDefFoundError: class org.apache.pinot.segment.local.segment.creator.OnHeapDictionariesTest
[177] WARN TestMethodFilter - NoClassDefFoundError: class org.apache.pinot.segment.local.segment.creator.BitmapInvertedIndexCreatorTest
[177] WARN TestMethodFilter - NoClassDefFoundError: class org.apache.pinot.segment.local.segment.loader.SegmentDirectoryLoaderRegistryTest
[177] WARN TestMethodFilter - NoClassDefFoundError: class org.apache.pinot.segment.local.segment.index.readerwriter.FixedByteSingleValueMultiColumnReaderWriterTest
[177] WARN TestMethodFilter - NoClassDefFoundError: class org.apache.pinot.segment.local.segment.index.column.DefaultNullValueVirtualColumnProviderTest
[177] WARN TestMethodFilter - NoClassDefFoundError: class org.apache.pinot.segment.local.segment.index.creator.SegmentGenerationWithMultipleRecordsTest
[177] WARN TestMethodFilter - NoClassDefFoundError: class org.apache.pinot.segment.local.segment.index.creator.SegmentGenerationWithFilterRecordsTest
[177] WARN TestMethodFilter - NoClassDefFoundError: class org.apache.pinot.segment.local.segment.index.creator.MultiValueVarByteRawIndexCreatorTest
[177] WARN TestMethodFilter - NoClassDefFoundError: class org.apache.pinot.segment.local.segment.index.creator.inv.BitmapInvertedIndexWriterTest
[177] WARN TestMethodFilter - NoClassDefFoundError: class org.apache.pinot.segment.local.segment.index.creator.SegmentGenerationWithBytesTypeTest
[177] WARN TestMethodFilter - NoClassDefFoundError: class org.apache.pinot.segment.local.segment.index.creator.MultiValueFixedByteRawIndexCreatorTest
[178] WARN TestMethodFilter - NoClassDefFoundError: class org.apache.pinot.segment.local.segment.index.creator.BitSlicedIndexCreatorTest
[178] WARN TestMethodFilter - NoClassDefFoundError: class org.apache.pinot.segment.local.segment.index.creator.RawIndexCreatorTest
[178] WARN TestMethodFilter - NoClassDefFoundError: class org.apache.pinot.segment.local.segment.index.creator.SegmentGenerationWithNoRecordsTest
[178] WARN TestMethodFilter - NoClassDefFoundError: class org.apache.pinot.segment.local.segment.index.creator.VarByteChunkV4Test
[178] WARN TestMethodFilter - NoClassDefFoundError: class org.apache.pinot.segment.local.segment.index.creator.RangeIndexCreatorTest
[179] WARN TestMethodFilter - NoClassDefFoundError: class org.apache.pinot.segment.local.segment.index.creator.SegmentGenerationWithTimeColumnTest
[179] WARN TestMethodFilter - NoClassDefFoundError: class org.apache.pinot.segment.local.segment.index.creator.SegmentPartitionTest
[179] WARN TestMethodFilter - NoClassDefFoundError: class org.apache.pinot.segment.local.segment.index.creator.BloomFilterCreatorTest
[179] WARN TestMethodFilter - NoClassDefFoundError: class org.apache.pinot.segment.local.segment.index.forward.mutable.FixedByteSVMutableForwardIndexTest
[179] WARN TestMethodFilter - NoClassDefFoundError: class org.apache.pinot.segment.local.segment.index.forward.mutable.FixedByteMVMutableForwardIndexTest
[179] WARN TestMethodFilter - NoClassDefFoundError: class org.apache.pinot.segment.local.segment.index.forward.mutable.VarByteSVMutableForwardIndexTest
[179] WARN TestMethodFilter - NoClassDefFoundError: class org.apache.pinot.segment.local.segment.index.forward.FixedByteChunkSVForwardIndexTest
[179] WARN TestMethodFilter - NoClassDefFoundError: class org.apache.pinot.segment.local.segment.index.forward.VarByteChunkSVForwardIndexTest
[180] WARN TestMethodFilter - NoClassDefFoundError: class org.apache.pinot.segment.local.segment.index.converter.SegmentV1V2ToV3FormatConverterTest
[180] WARN TestMethodFilter - NoClassDefFoundError: class org.apache.pinot.segment.local.segment.index.ColumnMetadataTest
[180] WARN TestMethodFilter - NoClassDefFoundError: class org.apache.pinot.segment.local.segment.index.H3IndexTest
[180] WARN TestMethodFilter - NoClassDefFoundError: class org.apache.pinot.segment.local.segment.index.IndexOverridesTest
[180] WARN TestMethodFilter - NoClassDefFoundError: class org.apache.pinot.segment.local.segment.index.loader.LoaderTest
[180] WARN TestMethodFilter - NoClassDefFoundError: class org.apache.pinot.segment.local.segment.index.loader.SegmentPreProcessorTest
[180] WARN TestMethodFilter - NoClassDefFoundError: class org.apache.pinot.segment.local.segment.index.loader.defaultcolumn.BaseDefaultColumnHandlerTest
[181] WARN TestMethodFilter - NoClassDefFoundError: class org.apache.pinot.segment.local.segment.index.readers.NullValueVectorReaderImplTest
[181] WARN TestMethodFilter - NoClassDefFoundError: class org.apache.pinot.segment.local.segment.index.readers.ImmutableDictionaryTest
[181] WARN TestMethodFilter - NoClassDefFoundError: class org.apache.pinot.segment.local.segment.index.readers.ImmutableDictionaryTypeConversionTest
[181] WARN TestMethodFilter - NoClassDefFoundError: class org.apache.pinot.segment.local.segment.index.JsonIndexTest
[181] WARN TestMethodFilter - NoClassDefFoundError: class org.apache.pinot.segment.local.segment.readers.RecordReaderSampleDataTest
[181] WARN TestMethodFilter - NoClassDefFoundError: class org.apache.pinot.segment.local.segment.readers.MultiplePinotSegmentRecordReaderTest
[182] WARN TestMethodFilter - NoClassDefFoundError: class org.apache.pinot.segment.local.segment.readers.PinotSegmentUtil
[182] WARN TestMethodFilter - NoClassDefFoundError: class org.apache.pinot.segment.local.segment.readers.PinotSegmentRecordReaderTest
[182] WARN TestMethodFilter - NoClassDefFoundError: class org.apache.pinot.segment.local.segment.store.SingleFileIndexDirectoryTest
[182] WARN TestMethodFilter - NoClassDefFoundError: class org.apache.pinot.segment.local.segment.store.SegmentLocalFSDirectoryTest
[182] WARN TestMethodFilter - NoClassDefFoundError: class org.apache.pinot.segment.local.segment.store.FilePerIndexDirectoryTest
[182] WARN TestMethodFilter - NoClassDefFoundError: class org.apache.pinot.segment.local.segment.store.ColumnIndexDirectoryTestHelper
[182] WARN TestMethodFilter - NoClassDefFoundError: class org.apache.pinot.segment.local.indexsegment.mutable.MutableSegmentImplIngestionAggregationTest
[182] WARN TestMethodFilter - NoClassDefFoundError: class org.apache.pinot.segment.local.indexsegment.mutable.MutableSegmentImplTestUtils
[182] WARN TestMethodFilter - NoClassDefFoundError: class org.apache.pinot.segment.local.indexsegment.mutable.IndexingFailureTest
[182] WARN TestMethodFilter - NoClassDefFoundError: class org.apache.pinot.segment.local.indexsegment.mutable.MutableSegmentImplUpsertTest
[183] WARN TestMethodFilter - NoClassDefFoundError: class org.apache.pinot.segment.local.indexsegment.mutable.MutableSegmentImplTest
[183] WARN TestMethodFilter - NoClassDefFoundError: class org.apache.pinot.segment.local.indexsegment.mutable.IntermediateSegmentTest
[183] WARN TestMethodFilter - NoClassDefFoundError: class org.apache.pinot.segment.local.indexsegment.mutable.MutableSegmentImplAggregateMetricsTest
[183] WARN TestMethodFilter - NoClassDefFoundError: class org.apache.pinot.segment.local.indexsegment.mutable.MutableSegmentImplUpsertComparisonColTest
[185] INFO CoverageRunner - Tests found: 0
[185] INFO CoverageRunner - Tests executed: 0
03:25:39.101 [main] INFO  fr.inria.jtravis.JTravis - GitHub ratelimit: Limit: 5000 Remaining: 3348 Reset hour: 05:07:46
03:25:40.257 [main] WARN  f.i.s.r.p.s.p.PushFaultLocalizationSuggestionsOnGitHubRepository - Flacoco has found 0 suspicious lines, but none were matched to the diff
03:25:40.258 [main] INFO  f.i.s.r.p.s.f.FlacocoLocalization - 
03:25:44.422 [main] INFO  f.i.s.r.p.i.ProjectInspector - ----------------------------------------------------------------------
03:25:44.422 [main] INFO  f.i.s.r.p.i.ProjectInspector - PIPELINE EXECUTION SUMMARY
03:25:44.422 [main] INFO  f.i.s.r.p.i.ProjectInspector - ----------------------------------------------------------------------
03:25:44.422 [main] INFO  f.i.s.r.p.i.ProjectInspector - CloneCheckoutGitPullRequest..........................SUCCESS [  19 s ]
03:25:44.422 [main] INFO  f.i.s.r.p.i.ProjectInspector - BuildProject.........................................SUCCESS [ 488 s ]
03:25:44.422 [main] INFO  f.i.s.r.p.i.ProjectInspector - TestProject..........................................SUCCESS [ 347 s ]
03:25:44.422 [main] INFO  f.i.s.r.p.i.ProjectInspector - ComputeClasspath.....................................SUCCESS [   4 s ]
03:25:44.422 [main] INFO  f.i.s.r.p.i.ProjectInspector - ComputeSourceDir.....................................SUCCESS [   0 s ]
03:25:44.422 [main] INFO  f.i.s.r.p.i.ProjectInspector - ComputeTestDir.......................................SUCCESS [   0 s ]
03:25:44.422 [main] INFO  f.i.s.r.p.i.ProjectInspector - GatherTestInformation................................SUCCESS [   0 s ]
03:25:44.422 [main] INFO  f.i.s.r.p.i.ProjectInspector - FlacocoLocalization..................................SUCCESS [   0 s ]
03:25:44.422 [main] INFO  f.i.s.r.p.i.ProjectInspector - PushFaultLocalizationSuggestionsOnGitHubRepository...SKIPPED          
03:25:44.422 [main] INFO  f.i.s.r.p.i.ProjectInspector - ----------------------------------------------------------------------
03:25:44.422 [main] INFO  f.i.s.r.p.i.ProjectInspector - PIPELINE FINDING: TEST FAILURE
03:25:44.422 [main] INFO  f.i.s.r.p.i.ProjectInspector - ----------------------------------------------------------------------
03:25:44.422 [main] INFO  f.i.s.r.p.github.GithubMainProcess - Inspector is finished. The process will exit now.
