Execute pipeline with following supplementary args: --smtpPort 25 --listenerMode NOOP --launcherMode FAULT_LOCALIZATION  --gitrepourl https://github.com/apache/pinot --gitrepopullrequest 8981
java -cp /usr/local/openjdk-11/lib/tools.jar:repairnator-pipeline.jar -Dlogback.configurationFile=/root/logback.xml fr.inria.spirals.repairnator.pipeline.Launcher -d --runId null -o /var/log --ghOauth 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 --faultLocalization --flacocoThreshold 0.0 --flacocoTopK null --flacocoResultsRepository flacocobot/2022-flacocobot-experiment --ghOauth  --smtpPort 25 --listenerMode NOOP --launcherMode FAULT_LOCALIZATION  --gitrepourl https://github.com/apache/pinot --gitrepopullrequest 8981

12:21:16.109 [main] INFO  f.i.s.r.p.g.GithubInitSerializerEngines - Initialize file serializer engines.
12:21:16.110 [main] INFO  f.i.s.r.p.g.GithubInitSerializerEngines - MongoDB won't be used for serialization.
12:21:16.110 [main] INFO  f.i.s.r.p.github.GithubInitNotifiers - The email notifier engine won't be used.
12:21:16.129 [main] INFO  f.i.s.r.p.i.ProjectInspector - ----------------------------------------------------------------------
12:21:16.129 [main] INFO  f.i.s.r.p.i.ProjectInspector - PIPELINE STEPS
12:21:16.129 [main] INFO  f.i.s.r.p.i.ProjectInspector - ----------------------------------------------------------------------
12:21:16.129 [main] INFO  f.i.s.r.p.i.ProjectInspector - CloneCheckoutGitPullRequest
12:21:16.129 [main] INFO  f.i.s.r.p.i.ProjectInspector - BuildProject
12:21:16.129 [main] INFO  f.i.s.r.p.i.ProjectInspector - TestProject
12:21:16.129 [main] INFO  f.i.s.r.p.i.ProjectInspector - ComputeClasspath
12:21:16.129 [main] INFO  f.i.s.r.p.i.ProjectInspector - ComputeSourceDir
12:21:16.129 [main] INFO  f.i.s.r.p.i.ProjectInspector - ComputeTestDir
12:21:16.129 [main] INFO  f.i.s.r.p.i.ProjectInspector - GatherTestInformation
12:21:16.129 [main] INFO  f.i.s.r.p.i.ProjectInspector - FlacocoLocalization
12:21:16.129 [main] INFO  f.i.s.r.p.i.ProjectInspector - PushFaultLocalizationSuggestionsOnGitHubRepository
12:21:16.129 [main] INFO  f.i.s.r.p.s.CloneCheckoutGitPullRequest - Cloning repository https://github.com/apache/pinot.git in the following directory: ./workspace/apache-pinot-master-8981_repo
12:22:03.246 [Thread-5] ERROR f.i.s.r.p.m.output.MavenErrorHandler - Warning: Lookahead adequacy checking not being performed since option LOOKAHEAD is more than 1.  Set option FORCE_LA_CHECK to true to force checking.
12:30:00.733 [Thread-7] ERROR f.i.s.r.p.m.o.MavenFilterOutputHandler - [ERROR] WARNING: An illegal reflective access operation has occurred
12:30:00.733 [Thread-7] ERROR f.i.s.r.p.m.o.MavenFilterOutputHandler - [ERROR] WARNING: Illegal reflective access by org.codehaus.groovy.vmplugin.v7.Java7$1 (file:/root/workspace/apache-pinot-master-8981_repo/.m2/org/codehaus/groovy/groovy-all/2.4.21/groovy-all-2.4.21.jar) to constructor java.lang.invoke.MethodHandles$Lookup(java.lang.Class,int)
12:30:00.734 [Thread-7] ERROR f.i.s.r.p.m.o.MavenFilterOutputHandler - [ERROR] WARNING: Please consider reporting this to the maintainers of org.codehaus.groovy.vmplugin.v7.Java7$1
12:30:00.734 [Thread-7] ERROR f.i.s.r.p.m.o.MavenFilterOutputHandler - [ERROR] WARNING: Use --illegal-access=warn to enable warnings of further illegal reflective access operations
12:30:00.734 [Thread-7] ERROR f.i.s.r.p.m.o.MavenFilterOutputHandler - [ERROR] WARNING: All illegal access operations will be denied in a future release
12:30:09.897 [Thread-7] ERROR f.i.s.r.p.m.o.MavenFilterOutputHandler - [ERROR] WARNING: An illegal reflective access operation has occurred
12:30:09.898 [Thread-7] ERROR f.i.s.r.p.m.o.MavenFilterOutputHandler - [ERROR] WARNING: Illegal reflective access by xerial.larray.buffer.UnsafeUtil (file:/root/workspace/apache-pinot-master-8981_repo/.m2/org/xerial/larray/larray-buffer/0.4.1/larray-buffer-0.4.1.jar) to constructor java.nio.DirectByteBuffer(long,int,java.lang.Object)
12:30:09.898 [Thread-7] ERROR f.i.s.r.p.m.o.MavenFilterOutputHandler - [ERROR] WARNING: Please consider reporting this to the maintainers of xerial.larray.buffer.UnsafeUtil
12:30:09.898 [Thread-7] ERROR f.i.s.r.p.m.o.MavenFilterOutputHandler - [ERROR] WARNING: Use --illegal-access=warn to enable warnings of further illegal reflective access operations
12:30:09.898 [Thread-7] ERROR f.i.s.r.p.m.o.MavenFilterOutputHandler - [ERROR] WARNING: All illegal access operations will be denied in a future release
12:30:33.217 [Thread-8] ERROR f.i.s.r.p.m.output.MavenErrorHandler - java.lang.NullPointerException
12:30:33.217 [Thread-8] ERROR f.i.s.r.p.m.output.MavenErrorHandler - 	at org.testng.reporters.JUnitXMLReporter.generateReport(JUnitXMLReporter.java:152)
12:30:33.217 [Thread-8] ERROR f.i.s.r.p.m.output.MavenErrorHandler - 	at org.testng.reporters.JUnitXMLReporter.onFinish(JUnitXMLReporter.java:112)
12:30:33.217 [Thread-8] ERROR f.i.s.r.p.m.output.MavenErrorHandler - 	at org.testng.TestRunner.fireEvent(TestRunner.java:1187)
12:30:33.218 [Thread-8] ERROR f.i.s.r.p.m.output.MavenErrorHandler - 	at org.testng.TestRunner.afterRun(TestRunner.java:976)
12:30:33.218 [Thread-8] ERROR f.i.s.r.p.m.output.MavenErrorHandler - 	at org.testng.TestRunner.run(TestRunner.java:606)
12:30:33.218 [Thread-8] ERROR f.i.s.r.p.m.output.MavenErrorHandler - 	at org.testng.SuiteRunner.runTest(SuiteRunner.java:380)
12:30:33.218 [Thread-8] ERROR f.i.s.r.p.m.output.MavenErrorHandler - 	at org.testng.SuiteRunner.runSequentially(SuiteRunner.java:375)
12:30:33.218 [Thread-8] ERROR f.i.s.r.p.m.output.MavenErrorHandler - 	at org.testng.SuiteRunner.privateRun(SuiteRunner.java:340)
12:30:33.218 [Thread-8] ERROR f.i.s.r.p.m.output.MavenErrorHandler - 	at org.testng.SuiteRunner.run(SuiteRunner.java:289)
12:30:33.218 [Thread-8] ERROR f.i.s.r.p.m.output.MavenErrorHandler - 	at org.testng.SuiteRunnerWorker.runSuite(SuiteRunnerWorker.java:52)
12:30:33.218 [Thread-8] ERROR f.i.s.r.p.m.output.MavenErrorHandler - 	at org.testng.SuiteRunnerWorker.run(SuiteRunnerWorker.java:86)
12:30:33.218 [Thread-8] ERROR f.i.s.r.p.m.output.MavenErrorHandler - 	at org.testng.TestNG.runSuitesSequentially(TestNG.java:1301)
12:30:33.218 [Thread-8] ERROR f.i.s.r.p.m.output.MavenErrorHandler - 	at org.testng.TestNG.runSuitesLocally(TestNG.java:1226)
12:30:33.218 [Thread-8] ERROR f.i.s.r.p.m.output.MavenErrorHandler - 	at org.testng.TestNG.runSuites(TestNG.java:1144)
12:30:33.218 [Thread-8] ERROR f.i.s.r.p.m.output.MavenErrorHandler - 	at org.testng.TestNG.run(TestNG.java:1115)
12:30:33.218 [Thread-8] ERROR f.i.s.r.p.m.output.MavenErrorHandler - 	at org.apache.maven.surefire.testng.TestNGExecutor.run(TestNGExecutor.java:136)
12:30:33.218 [Thread-8] ERROR f.i.s.r.p.m.output.MavenErrorHandler - 	at org.apache.maven.surefire.testng.TestNGDirectoryTestSuite.executeSingleClass(TestNGDirectoryTestSuite.java:112)
12:30:33.218 [Thread-8] ERROR f.i.s.r.p.m.output.MavenErrorHandler - 	at org.apache.maven.surefire.testng.TestNGDirectoryTestSuite.execute(TestNGDirectoryTestSuite.java:99)
12:30:33.218 [Thread-8] ERROR f.i.s.r.p.m.output.MavenErrorHandler - 	at org.apache.maven.surefire.testng.TestNGProvider.invoke(TestNGProvider.java:145)
12:30:33.218 [Thread-8] ERROR f.i.s.r.p.m.output.MavenErrorHandler - 	at org.apache.maven.surefire.booter.ForkedBooter.runSuitesInProcess(ForkedBooter.java:428)
12:30:33.218 [Thread-8] ERROR f.i.s.r.p.m.output.MavenErrorHandler - 	at org.apache.maven.surefire.booter.ForkedBooter.execute(ForkedBooter.java:162)
12:30:33.218 [Thread-8] ERROR f.i.s.r.p.m.output.MavenErrorHandler - 	at org.apache.maven.surefire.booter.ForkedBooter.run(ForkedBooter.java:562)
12:30:33.218 [Thread-8] ERROR f.i.s.r.p.m.output.MavenErrorHandler - 	at org.apache.maven.surefire.booter.ForkedBooter.main(ForkedBooter.java:548)
12:30:33.219 [Thread-8] ERROR f.i.s.r.p.m.output.MavenErrorHandler - [TestNG] Reporter org.testng.reporters.JUnitReportReporter@5d39f2d8 failed
12:30:33.219 [Thread-8] ERROR f.i.s.r.p.m.output.MavenErrorHandler - java.lang.NullPointerException
12:30:33.219 [Thread-8] ERROR f.i.s.r.p.m.output.MavenErrorHandler - 	at org.testng.reporters.JUnitReportReporter.generateReport(JUnitReportReporter.java:146)
12:30:33.219 [Thread-8] ERROR f.i.s.r.p.m.output.MavenErrorHandler - 	at org.testng.TestNG.generateReports(TestNG.java:1192)
12:30:33.219 [Thread-8] ERROR f.i.s.r.p.m.output.MavenErrorHandler - 	at org.testng.TestNG.run(TestNG.java:1120)
12:30:33.219 [Thread-8] ERROR f.i.s.r.p.m.output.MavenErrorHandler - 	at org.apache.maven.surefire.testng.TestNGExecutor.run(TestNGExecutor.java:136)
12:30:33.219 [Thread-8] ERROR f.i.s.r.p.m.output.MavenErrorHandler - 	at org.apache.maven.surefire.testng.TestNGDirectoryTestSuite.executeSingleClass(TestNGDirectoryTestSuite.java:112)
12:30:33.219 [Thread-8] ERROR f.i.s.r.p.m.output.MavenErrorHandler - 	at org.apache.maven.surefire.testng.TestNGDirectoryTestSuite.execute(TestNGDirectoryTestSuite.java:99)
12:30:33.219 [Thread-8] ERROR f.i.s.r.p.m.output.MavenErrorHandler - 	at org.apache.maven.surefire.testng.TestNGProvider.invoke(TestNGProvider.java:145)
12:30:33.219 [Thread-8] ERROR f.i.s.r.p.m.output.MavenErrorHandler - 	at org.apache.maven.surefire.booter.ForkedBooter.runSuitesInProcess(ForkedBooter.java:428)
12:30:33.219 [Thread-8] ERROR f.i.s.r.p.m.output.MavenErrorHandler - 	at org.apache.maven.surefire.booter.ForkedBooter.execute(ForkedBooter.java:162)
12:30:33.219 [Thread-8] ERROR f.i.s.r.p.m.output.MavenErrorHandler - 	at org.apache.maven.surefire.booter.ForkedBooter.run(ForkedBooter.java:562)
12:30:33.219 [Thread-8] ERROR f.i.s.r.p.m.output.MavenErrorHandler - 	at org.apache.maven.surefire.booter.ForkedBooter.main(ForkedBooter.java:548)
12:31:47.205 [Thread-7] ERROR f.i.s.r.p.m.o.MavenFilterOutputHandler - [ERROR] WARNING: An illegal reflective access operation has occurred
12:31:47.205 [Thread-7] ERROR f.i.s.r.p.m.o.MavenFilterOutputHandler - [ERROR] WARNING: Illegal reflective access by org.codehaus.groovy.vmplugin.v7.Java7$1 (file:/root/workspace/apache-pinot-master-8981_repo/.m2/org/codehaus/groovy/groovy-all/2.4.21/groovy-all-2.4.21.jar) to constructor java.lang.invoke.MethodHandles$Lookup(java.lang.Class,int)
12:31:47.205 [Thread-7] ERROR f.i.s.r.p.m.o.MavenFilterOutputHandler - [ERROR] WARNING: Please consider reporting this to the maintainers of org.codehaus.groovy.vmplugin.v7.Java7$1
12:31:47.205 [Thread-7] ERROR f.i.s.r.p.m.o.MavenFilterOutputHandler - [ERROR] WARNING: Use --illegal-access=warn to enable warnings of further illegal reflective access operations
12:31:47.205 [Thread-7] ERROR f.i.s.r.p.m.o.MavenFilterOutputHandler - [ERROR] WARNING: All illegal access operations will be denied in a future release
12:32:01.267 [Thread-7] ERROR f.i.s.r.p.m.o.MavenFilterOutputHandler - [ERROR] WARNING: An illegal reflective access operation has occurred
12:32:01.267 [Thread-7] ERROR f.i.s.r.p.m.o.MavenFilterOutputHandler - [ERROR] WARNING: Illegal reflective access by org.codehaus.groovy.vmplugin.v7.Java7$1 (file:/root/workspace/apache-pinot-master-8981_repo/.m2/org/codehaus/groovy/groovy-all/2.4.21/groovy-all-2.4.21.jar) to constructor java.lang.invoke.MethodHandles$Lookup(java.lang.Class,int)
12:32:01.267 [Thread-7] ERROR f.i.s.r.p.m.o.MavenFilterOutputHandler - [ERROR] WARNING: Please consider reporting this to the maintainers of org.codehaus.groovy.vmplugin.v7.Java7$1
12:32:01.267 [Thread-7] ERROR f.i.s.r.p.m.o.MavenFilterOutputHandler - [ERROR] WARNING: Use --illegal-access=warn to enable warnings of further illegal reflective access operations
12:32:01.268 [Thread-7] ERROR f.i.s.r.p.m.o.MavenFilterOutputHandler - [ERROR] WARNING: All illegal access operations will be denied in a future release
12:32:04.762 [Thread-7] ERROR f.i.s.r.p.m.o.MavenFilterOutputHandler - [ERROR] WARNING: An illegal reflective access operation has occurred
12:32:04.763 [Thread-7] ERROR f.i.s.r.p.m.o.MavenFilterOutputHandler - [ERROR] WARNING: Illegal reflective access by org.codehaus.groovy.vmplugin.v7.Java7$1 (file:/root/workspace/apache-pinot-master-8981_repo/.m2/org/codehaus/groovy/groovy-all/2.4.21/groovy-all-2.4.21.jar) to constructor java.lang.invoke.MethodHandles$Lookup(java.lang.Class,int)
12:32:04.763 [Thread-7] ERROR f.i.s.r.p.m.o.MavenFilterOutputHandler - [ERROR] WARNING: Please consider reporting this to the maintainers of org.codehaus.groovy.vmplugin.v7.Java7$1
12:32:04.763 [Thread-7] ERROR f.i.s.r.p.m.o.MavenFilterOutputHandler - [ERROR] WARNING: Use --illegal-access=warn to enable warnings of further illegal reflective access operations
12:32:04.763 [Thread-7] ERROR f.i.s.r.p.m.o.MavenFilterOutputHandler - [ERROR] WARNING: All illegal access operations will be denied in a future release
12:32:06.773 [Thread-7] ERROR f.i.s.r.p.m.o.MavenFilterOutputHandler - [ERROR] WARNING: An illegal reflective access operation has occurred
12:32:06.774 [Thread-7] ERROR f.i.s.r.p.m.o.MavenFilterOutputHandler - [ERROR] WARNING: Illegal reflective access by org.codehaus.groovy.vmplugin.v7.Java7$1 (file:/root/workspace/apache-pinot-master-8981_repo/.m2/org/codehaus/groovy/groovy-all/2.4.21/groovy-all-2.4.21.jar) to constructor java.lang.invoke.MethodHandles$Lookup(java.lang.Class,int)
12:32:06.774 [Thread-7] ERROR f.i.s.r.p.m.o.MavenFilterOutputHandler - [ERROR] WARNING: Please consider reporting this to the maintainers of org.codehaus.groovy.vmplugin.v7.Java7$1
12:32:06.774 [Thread-7] ERROR f.i.s.r.p.m.o.MavenFilterOutputHandler - [ERROR] WARNING: Use --illegal-access=warn to enable warnings of further illegal reflective access operations
12:32:06.774 [Thread-7] ERROR f.i.s.r.p.m.o.MavenFilterOutputHandler - [ERROR] WARNING: All illegal access operations will be denied in a future release
12:33:11.880 [Thread-7] ERROR f.i.s.r.p.m.o.MavenFilterOutputHandler - [ERROR] WARNING: An illegal reflective access operation has occurred
12:33:11.880 [Thread-7] ERROR f.i.s.r.p.m.o.MavenFilterOutputHandler - [ERROR] WARNING: Illegal reflective access by org.codehaus.groovy.vmplugin.v7.Java7$1 (file:/root/workspace/apache-pinot-master-8981_repo/.m2/org/codehaus/groovy/groovy-all/2.4.21/groovy-all-2.4.21.jar) to constructor java.lang.invoke.MethodHandles$Lookup(java.lang.Class,int)
12:33:11.880 [Thread-7] ERROR f.i.s.r.p.m.o.MavenFilterOutputHandler - [ERROR] WARNING: Please consider reporting this to the maintainers of org.codehaus.groovy.vmplugin.v7.Java7$1
12:33:11.880 [Thread-7] ERROR f.i.s.r.p.m.o.MavenFilterOutputHandler - [ERROR] WARNING: Use --illegal-access=warn to enable warnings of further illegal reflective access operations
12:33:11.880 [Thread-7] ERROR f.i.s.r.p.m.o.MavenFilterOutputHandler - [ERROR] WARNING: All illegal access operations will be denied in a future release
12:33:53.716 [Thread-7] ERROR f.i.s.r.p.m.o.MavenFilterOutputHandler - [ERROR] WARNING: An illegal reflective access operation has occurred
12:33:53.716 [Thread-7] ERROR f.i.s.r.p.m.o.MavenFilterOutputHandler - [ERROR] WARNING: Illegal reflective access by xerial.larray.mmap.MMapBuffer (file:/root/workspace/apache-pinot-master-8981_repo/.m2/org/xerial/larray/larray-mmap/0.4.1/larray-mmap-0.4.1.jar) to field java.io.FileDescriptor.fd
12:33:53.716 [Thread-7] ERROR f.i.s.r.p.m.o.MavenFilterOutputHandler - [ERROR] WARNING: Please consider reporting this to the maintainers of xerial.larray.mmap.MMapBuffer
12:33:53.716 [Thread-7] ERROR f.i.s.r.p.m.o.MavenFilterOutputHandler - [ERROR] WARNING: Use --illegal-access=warn to enable warnings of further illegal reflective access operations
12:33:53.716 [Thread-7] ERROR f.i.s.r.p.m.o.MavenFilterOutputHandler - [ERROR] WARNING: All illegal access operations will be denied in a future release
12:34:04.823 [Thread-7] ERROR f.i.s.r.p.m.o.MavenFilterOutputHandler - [ERROR] Tests run: 1, Failures: 1, Errors: 0, Skipped: 0, Time elapsed: 0.19 s <<< FAILURE! - in org.apache.pinot.segment.local.segment.index.H3IndexTest
12:34:04.823 [Thread-7] ERROR f.i.s.r.p.m.o.MavenFilterOutputHandler - [ERROR] org.apache.pinot.segment.local.segment.index.H3IndexTest.testH3Index  Time elapsed: 0.052 s  <<< FAILURE!
12:34:54.333 [Thread-7] ERROR f.i.s.r.p.m.o.MavenFilterOutputHandler - [ERROR] Tests run: 18, Failures: 4, Errors: 0, Skipped: 0, Time elapsed: 35.706 s <<< FAILURE! - in org.apache.pinot.segment.local.segment.index.loader.SegmentPreProcessorTest
12:34:54.333 [Thread-7] ERROR f.i.s.r.p.m.o.MavenFilterOutputHandler - [ERROR] org.apache.pinot.segment.local.segment.index.loader.SegmentPreProcessorTest.testColumnMinMaxValue  Time elapsed: 1.537 s
12:34:54.333 [Thread-7] ERROR f.i.s.r.p.m.o.MavenFilterOutputHandler - [ERROR] org.apache.pinot.segment.local.segment.index.loader.SegmentPreProcessorTest.testEnableFSTIndexOnExistingColumnDictEncoded  Time elapsed: 1.822 s
12:34:54.333 [Thread-7] ERROR f.i.s.r.p.m.o.MavenFilterOutputHandler - [ERROR] org.apache.pinot.segment.local.segment.index.loader.SegmentPreProcessorTest.testEnableFSTIndexOnExistingColumnRaw  Time elapsed: 1.685 s
12:34:54.333 [Thread-7] ERROR f.i.s.r.p.m.o.MavenFilterOutputHandler - [ERROR] org.apache.pinot.segment.local.segment.index.loader.SegmentPreProcessorTest.testEnableFSTIndexOnNewColumnDictEncoded  Time elapsed: 1.678 s
12:34:54.334 [Thread-7] ERROR f.i.s.r.p.m.o.MavenFilterOutputHandler - [ERROR] org.apache.pinot.segment.local.segment.index.loader.SegmentPreProcessorTest.testEnableTextIndexOnExistingDictEncodedColumn  Time elapsed: 2.949 s
12:34:54.334 [Thread-7] ERROR f.i.s.r.p.m.o.MavenFilterOutputHandler - [ERROR] org.apache.pinot.segment.local.segment.index.loader.SegmentPreProcessorTest.testEnableTextIndexOnExistingRawColumn  Time elapsed: 1.964 s
12:34:54.334 [Thread-7] ERROR f.i.s.r.p.m.o.MavenFilterOutputHandler - [ERROR] org.apache.pinot.segment.local.segment.index.loader.SegmentPreProcessorTest.testEnableTextIndexOnNewColumnDictEncoded  Time elapsed: 2.192 s
12:34:54.334 [Thread-7] ERROR f.i.s.r.p.m.o.MavenFilterOutputHandler - [ERROR] org.apache.pinot.segment.local.segment.index.loader.SegmentPreProcessorTest.testEnableTextIndexOnNewColumnRaw  Time elapsed: 2.236 s
12:34:54.334 [Thread-7] ERROR f.i.s.r.p.m.o.MavenFilterOutputHandler - [ERROR] org.apache.pinot.segment.local.segment.index.loader.SegmentPreProcessorTest.testV1CleanupH3AndTextIndices  Time elapsed: 1.212 s  <<< FAILURE!
12:34:54.336 [Thread-7] ERROR f.i.s.r.p.m.o.MavenFilterOutputHandler - [ERROR] org.apache.pinot.segment.local.segment.index.loader.SegmentPreProcessorTest.testV1CleanupIndices  Time elapsed: 1.286 s
12:34:54.336 [Thread-7] ERROR f.i.s.r.p.m.o.MavenFilterOutputHandler - [ERROR] org.apache.pinot.segment.local.segment.index.loader.SegmentPreProcessorTest.testV1CreateInvertedIndices  Time elapsed: 5.123 s
12:34:54.337 [Thread-7] ERROR f.i.s.r.p.m.o.MavenFilterOutputHandler - [ERROR] org.apache.pinot.segment.local.segment.index.loader.SegmentPreProcessorTest.testV1IfNeedProcess  Time elapsed: 1.262 s  <<< FAILURE!
12:34:54.338 [Thread-7] ERROR f.i.s.r.p.m.o.MavenFilterOutputHandler - [ERROR] org.apache.pinot.segment.local.segment.index.loader.SegmentPreProcessorTest.testV1UpdateDefaultColumns  Time elapsed: 1.293 s
12:34:54.338 [Thread-7] ERROR f.i.s.r.p.m.o.MavenFilterOutputHandler - [ERROR] org.apache.pinot.segment.local.segment.index.loader.SegmentPreProcessorTest.testV3CleanupH3AndTextIndices  Time elapsed: 0.991 s  <<< FAILURE!
12:34:54.340 [Thread-7] ERROR f.i.s.r.p.m.o.MavenFilterOutputHandler - [ERROR] org.apache.pinot.segment.local.segment.index.loader.SegmentPreProcessorTest.testV3CleanupIndices  Time elapsed: 0.956 s
12:34:54.340 [Thread-7] ERROR f.i.s.r.p.m.o.MavenFilterOutputHandler - [ERROR] org.apache.pinot.segment.local.segment.index.loader.SegmentPreProcessorTest.testV3CreateInvertedIndices  Time elapsed: 4.845 s
12:34:54.341 [Thread-7] ERROR f.i.s.r.p.m.o.MavenFilterOutputHandler - [ERROR] org.apache.pinot.segment.local.segment.index.loader.SegmentPreProcessorTest.testV3IfNeedProcess  Time elapsed: 0.944 s  <<< FAILURE!
12:34:54.342 [Thread-7] ERROR f.i.s.r.p.m.o.MavenFilterOutputHandler - [ERROR] org.apache.pinot.segment.local.segment.index.loader.SegmentPreProcessorTest.testV3UpdateDefaultColumns  Time elapsed: 1.014 s
12:35:45.623 [Thread-7] ERROR f.i.s.r.p.m.o.MavenFilterOutputHandler - [ERROR] Failures: 
12:35:45.623 [Thread-7] ERROR f.i.s.r.p.m.o.MavenFilterOutputHandler - [ERROR]   H3IndexTest.testH3Index:84 » UnsatisfiedLink /tmp/libh3-java158487501193847591...
12:35:45.623 [Thread-7] ERROR f.i.s.r.p.m.o.MavenFilterOutputHandler - [ERROR]   SegmentPreProcessorTest.testV1CleanupH3AndTextIndices:1034 » UnsatisfiedLink /...
12:35:45.623 [Thread-7] ERROR f.i.s.r.p.m.o.MavenFilterOutputHandler - [ERROR]   SegmentPreProcessorTest.testV1IfNeedProcess:1115->testIfNeedProcess:1177 » NoClassDefFound
12:35:45.623 [Thread-7] ERROR f.i.s.r.p.m.o.MavenFilterOutputHandler - [ERROR]   SegmentPreProcessorTest.testV3CleanupH3AndTextIndices:1085 » NoClassDefFound C...
12:35:45.623 [Thread-7] ERROR f.i.s.r.p.m.o.MavenFilterOutputHandler - [ERROR]   SegmentPreProcessorTest.testV3IfNeedProcess:1125->testIfNeedProcess:1177 » NoClassDefFound
12:35:45.623 [Thread-7] ERROR f.i.s.r.p.m.o.MavenFilterOutputHandler - [ERROR] Tests run: 2296, Failures: 5, Errors: 0, Skipped: 0
12:35:45.638 [Thread-7] ERROR f.i.s.r.p.m.o.MavenFilterOutputHandler - [ERROR] Failed to execute goal org.apache.maven.plugins:maven-surefire-plugin:3.0.0-M5:test (default-test) on project pinot-segment-local: There are test failures.
12:35:45.638 [Thread-7] ERROR f.i.s.r.p.m.o.MavenFilterOutputHandler - [ERROR] 
12:35:45.638 [Thread-7] ERROR f.i.s.r.p.m.o.MavenFilterOutputHandler - [ERROR] Please refer to /root/workspace/apache-pinot-master-8981_repo/pinot-segment-local/target/surefire-reports for the individual test results.
12:35:45.638 [Thread-7] ERROR f.i.s.r.p.m.o.MavenFilterOutputHandler - [ERROR] Please refer to dump files (if any exist) [date].dump, [date]-jvmRun[N].dump and [date].dumpstream.
12:35:45.638 [Thread-7] ERROR f.i.s.r.p.m.o.MavenFilterOutputHandler - [ERROR] -> [Help 1]
12:35:45.642 [Thread-7] ERROR f.i.s.r.p.m.o.MavenFilterOutputHandler - [ERROR] 
12:35:45.642 [Thread-7] ERROR f.i.s.r.p.m.o.MavenFilterOutputHandler - [ERROR] Re-run Maven using the -X switch to enable full debug logging.
12:35:45.642 [Thread-7] ERROR f.i.s.r.p.m.o.MavenFilterOutputHandler - [ERROR] 
12:35:45.642 [Thread-7] ERROR f.i.s.r.p.m.o.MavenFilterOutputHandler - [ERROR] For more information about the errors and possible solutions, please read the following articles:
12:35:45.642 [Thread-7] ERROR f.i.s.r.p.m.o.MavenFilterOutputHandler - [ERROR] [Help 1] http://cwiki.apache.org/confluence/display/MAVEN/MojoFailureException
12:35:45.642 [Thread-7] ERROR f.i.s.r.p.m.o.MavenFilterOutputHandler - [ERROR] 
12:35:45.642 [Thread-7] ERROR f.i.s.r.p.m.o.MavenFilterOutputHandler - [ERROR] After correcting the problems, you can resume the build with the command
12:35:45.642 [Thread-7] ERROR f.i.s.r.p.m.o.MavenFilterOutputHandler - [ERROR]   mvn <goals> -rf :pinot-segment-local
12:35:51.441 [main] ERROR f.i.s.r.p.s.paths.ComputeClasspath - The classpath file is empty.
12:35:51.442 [main] ERROR f.i.s.r.p.s.paths.ComputeClasspath - The classpath seems not to contain JUnit, maybe this project does not use JUnit for testing.
12:35:51.443 [main] ERROR f.i.s.r.p.s.paths.ComputeClasspath - The file does not exist: /root/./workspace/apache-pinot-master-8981_repo/target/classes.
12:35:51.443 [main] ERROR f.i.s.r.p.s.paths.ComputeClasspath - The file does not exist: /root/./workspace/apache-pinot-master-8981_repo/target/test-classes.
12:35:51.605 [main] ERROR f.i.s.r.p.s.paths.ComputeSourceDir - The source directory is not at default location or specified in build section from pom.xml, and no parent can be found.
12:35:51.609 [main] ERROR f.i.s.r.p.s.paths.ComputeSourceDir - The source directory is not at default location or specified in build section from pom.xml, and no parent can be found.
12:35:51.619 [main] INFO  f.i.s.r.p.s.paths.ComputeSourceDir - 52 source dirs were found:
12:35:51.619 [main] INFO  f.i.s.r.p.s.paths.ComputeSourceDir - /root/workspace/apache-pinot-master-8981_repo/contrib/pinot-fmpp-maven-plugin/src/main/java
12:35:51.619 [main] INFO  f.i.s.r.p.s.paths.ComputeSourceDir - /root/workspace/apache-pinot-master-8981_repo/pinot-broker/src/main/java
12:35:51.619 [main] INFO  f.i.s.r.p.s.paths.ComputeSourceDir - /root/workspace/apache-pinot-master-8981_repo/pinot-clients/pinot-java-client/src/main/java
12:35:51.619 [main] INFO  f.i.s.r.p.s.paths.ComputeSourceDir - /root/workspace/apache-pinot-master-8981_repo/pinot-clients/pinot-jdbc-client/src/main/java
12:35:51.619 [main] INFO  f.i.s.r.p.s.paths.ComputeSourceDir - /root/workspace/apache-pinot-master-8981_repo/pinot-common/src/main/java
12:35:51.619 [main] INFO  f.i.s.r.p.s.paths.ComputeSourceDir - /root/workspace/apache-pinot-master-8981_repo/pinot-compatibility-verifier/src/main/java
12:35:51.619 [main] INFO  f.i.s.r.p.s.paths.ComputeSourceDir - /root/workspace/apache-pinot-master-8981_repo/pinot-connectors/pinot-flink-connector/src/main/java
12:35:51.619 [main] INFO  f.i.s.r.p.s.paths.ComputeSourceDir - /root/workspace/apache-pinot-master-8981_repo/pinot-connectors/pinot-spark-connector/src/main/scala
12:35:51.619 [main] INFO  f.i.s.r.p.s.paths.ComputeSourceDir - /root/workspace/apache-pinot-master-8981_repo/pinot-controller/src/main/java
12:35:51.619 [main] INFO  f.i.s.r.p.s.paths.ComputeSourceDir - /root/workspace/apache-pinot-master-8981_repo/pinot-core/src/main/java
12:35:51.619 [main] INFO  f.i.s.r.p.s.paths.ComputeSourceDir - /root/workspace/apache-pinot-master-8981_repo/pinot-integration-tests/src/main/java
12:35:51.619 [main] INFO  f.i.s.r.p.s.paths.ComputeSourceDir - /root/workspace/apache-pinot-master-8981_repo/pinot-minion/src/main/java
12:35:51.619 [main] INFO  f.i.s.r.p.s.paths.ComputeSourceDir - /root/workspace/apache-pinot-master-8981_repo/pinot-perf/src/main/java
12:35:51.619 [main] INFO  f.i.s.r.p.s.paths.ComputeSourceDir - /root/workspace/apache-pinot-master-8981_repo/pinot-plugins/pinot-batch-ingestion/pinot-batch-ingestion-common/src/main/java
12:35:51.619 [main] INFO  f.i.s.r.p.s.paths.ComputeSourceDir - /root/workspace/apache-pinot-master-8981_repo/pinot-plugins/pinot-batch-ingestion/pinot-batch-ingestion-hadoop/src/main/java
12:35:51.619 [main] INFO  f.i.s.r.p.s.paths.ComputeSourceDir - /root/workspace/apache-pinot-master-8981_repo/pinot-plugins/pinot-batch-ingestion/pinot-batch-ingestion-spark-2.4/src/main/java
12:35:51.619 [main] INFO  f.i.s.r.p.s.paths.ComputeSourceDir - /root/workspace/apache-pinot-master-8981_repo/pinot-plugins/pinot-batch-ingestion/pinot-batch-ingestion-spark-3.2/src/main/java
12:35:51.619 [main] INFO  f.i.s.r.p.s.paths.ComputeSourceDir - /root/workspace/apache-pinot-master-8981_repo/pinot-plugins/pinot-batch-ingestion/pinot-batch-ingestion-standalone/src/main/java
12:35:51.619 [main] INFO  f.i.s.r.p.s.paths.ComputeSourceDir - /root/workspace/apache-pinot-master-8981_repo/pinot-plugins/pinot-batch-ingestion/v0_deprecated/pinot-hadoop/src/main/java
12:35:51.619 [main] INFO  f.i.s.r.p.s.paths.ComputeSourceDir - /root/workspace/apache-pinot-master-8981_repo/pinot-plugins/pinot-batch-ingestion/v0_deprecated/pinot-ingestion-common/src/main/java
12:35:51.619 [main] INFO  f.i.s.r.p.s.paths.ComputeSourceDir - /root/workspace/apache-pinot-master-8981_repo/pinot-plugins/pinot-batch-ingestion/v0_deprecated/pinot-spark/src/main/java
12:35:51.619 [main] INFO  f.i.s.r.p.s.paths.ComputeSourceDir - /root/workspace/apache-pinot-master-8981_repo/pinot-plugins/pinot-environment/pinot-azure/src/main/java
12:35:51.620 [main] INFO  f.i.s.r.p.s.paths.ComputeSourceDir - /root/workspace/apache-pinot-master-8981_repo/pinot-plugins/pinot-file-system/pinot-adls/src/main/java
12:35:51.620 [main] INFO  f.i.s.r.p.s.paths.ComputeSourceDir - /root/workspace/apache-pinot-master-8981_repo/pinot-plugins/pinot-file-system/pinot-gcs/src/main/java
12:35:51.620 [main] INFO  f.i.s.r.p.s.paths.ComputeSourceDir - /root/workspace/apache-pinot-master-8981_repo/pinot-plugins/pinot-file-system/pinot-hdfs/src/main/java
12:35:51.620 [main] INFO  f.i.s.r.p.s.paths.ComputeSourceDir - /root/workspace/apache-pinot-master-8981_repo/pinot-plugins/pinot-file-system/pinot-s3/src/main/java
12:35:51.620 [main] INFO  f.i.s.r.p.s.paths.ComputeSourceDir - /root/workspace/apache-pinot-master-8981_repo/pinot-plugins/pinot-input-format/pinot-avro-base/src/main/java
12:35:51.620 [main] INFO  f.i.s.r.p.s.paths.ComputeSourceDir - /root/workspace/apache-pinot-master-8981_repo/pinot-plugins/pinot-input-format/pinot-avro/src/main/java
12:35:51.620 [main] INFO  f.i.s.r.p.s.paths.ComputeSourceDir - /root/workspace/apache-pinot-master-8981_repo/pinot-plugins/pinot-input-format/pinot-confluent-avro/src/main/java
12:35:51.620 [main] INFO  f.i.s.r.p.s.paths.ComputeSourceDir - /root/workspace/apache-pinot-master-8981_repo/pinot-plugins/pinot-input-format/pinot-csv/src/main/java
12:35:51.620 [main] INFO  f.i.s.r.p.s.paths.ComputeSourceDir - /root/workspace/apache-pinot-master-8981_repo/pinot-plugins/pinot-input-format/pinot-json/src/main/java
12:35:51.620 [main] INFO  f.i.s.r.p.s.paths.ComputeSourceDir - /root/workspace/apache-pinot-master-8981_repo/pinot-plugins/pinot-input-format/pinot-orc/src/main/java
12:35:51.620 [main] INFO  f.i.s.r.p.s.paths.ComputeSourceDir - /root/workspace/apache-pinot-master-8981_repo/pinot-plugins/pinot-input-format/pinot-parquet/src/main/java
12:35:51.620 [main] INFO  f.i.s.r.p.s.paths.ComputeSourceDir - /root/workspace/apache-pinot-master-8981_repo/pinot-plugins/pinot-input-format/pinot-protobuf/src/main/java
12:35:51.620 [main] INFO  f.i.s.r.p.s.paths.ComputeSourceDir - /root/workspace/apache-pinot-master-8981_repo/pinot-plugins/pinot-input-format/pinot-thrift/src/main/java
12:35:51.620 [main] INFO  f.i.s.r.p.s.paths.ComputeSourceDir - /root/workspace/apache-pinot-master-8981_repo/pinot-plugins/pinot-metrics/pinot-dropwizard/src/main/java
12:35:51.620 [main] INFO  f.i.s.r.p.s.paths.ComputeSourceDir - /root/workspace/apache-pinot-master-8981_repo/pinot-plugins/pinot-metrics/pinot-yammer/src/main/java
12:35:51.620 [main] INFO  f.i.s.r.p.s.paths.ComputeSourceDir - /root/workspace/apache-pinot-master-8981_repo/pinot-plugins/pinot-minion-tasks/pinot-minion-builtin-tasks/src/main/java
12:35:51.620 [main] INFO  f.i.s.r.p.s.paths.ComputeSourceDir - /root/workspace/apache-pinot-master-8981_repo/pinot-plugins/pinot-segment-uploader/pinot-segment-uploader-default/src/main/java
12:35:51.620 [main] INFO  f.i.s.r.p.s.paths.ComputeSourceDir - /root/workspace/apache-pinot-master-8981_repo/pinot-plugins/pinot-segment-writer/pinot-segment-writer-file-based/src/main/java
12:35:51.620 [main] INFO  f.i.s.r.p.s.paths.ComputeSourceDir - /root/workspace/apache-pinot-master-8981_repo/pinot-plugins/pinot-stream-ingestion/pinot-kafka-0.9/src/main/java
12:35:51.620 [main] INFO  f.i.s.r.p.s.paths.ComputeSourceDir - /root/workspace/apache-pinot-master-8981_repo/pinot-plugins/pinot-stream-ingestion/pinot-kafka-2.0/src/main/java
12:35:51.620 [main] INFO  f.i.s.r.p.s.paths.ComputeSourceDir - /root/workspace/apache-pinot-master-8981_repo/pinot-plugins/pinot-stream-ingestion/pinot-kafka-base/src/main/java
12:35:51.620 [main] INFO  f.i.s.r.p.s.paths.ComputeSourceDir - /root/workspace/apache-pinot-master-8981_repo/pinot-plugins/pinot-stream-ingestion/pinot-kinesis/src/main/java
12:35:51.620 [main] INFO  f.i.s.r.p.s.paths.ComputeSourceDir - /root/workspace/apache-pinot-master-8981_repo/pinot-plugins/pinot-stream-ingestion/pinot-pulsar/src/main/java
12:35:51.620 [main] INFO  f.i.s.r.p.s.paths.ComputeSourceDir - /root/workspace/apache-pinot-master-8981_repo/pinot-query-planner/src/main/java
12:35:51.620 [main] INFO  f.i.s.r.p.s.paths.ComputeSourceDir - /root/workspace/apache-pinot-master-8981_repo/pinot-query-runtime/src/main/java
12:35:51.620 [main] INFO  f.i.s.r.p.s.paths.ComputeSourceDir - /root/workspace/apache-pinot-master-8981_repo/pinot-segment-local/src/main/java
12:35:51.620 [main] INFO  f.i.s.r.p.s.paths.ComputeSourceDir - /root/workspace/apache-pinot-master-8981_repo/pinot-segment-spi/src/main/java
12:35:51.620 [main] INFO  f.i.s.r.p.s.paths.ComputeSourceDir - /root/workspace/apache-pinot-master-8981_repo/pinot-server/src/main/java
12:35:51.620 [main] INFO  f.i.s.r.p.s.paths.ComputeSourceDir - /root/workspace/apache-pinot-master-8981_repo/pinot-spi/src/main/java
12:35:51.620 [main] INFO  f.i.s.r.p.s.paths.ComputeSourceDir - /root/workspace/apache-pinot-master-8981_repo/pinot-tools/src/main/java
12:35:51.682 [main] ERROR f.i.s.r.p.step.paths.ComputeTestDir - The test directory is not at default location or specified in build section from pom.xml, and no parent can be found.
12:35:51.691 [main] ERROR f.i.s.r.p.step.paths.ComputeTestDir - The test directory is not at default location or specified in build section from pom.xml, and no parent can be found.
12:35:51.745 [main] ERROR f.i.s.r.process.maven.MavenHelper - Error while building complete model. The raw model will be used. Error message: 1 problem was encountered while building the effective model for org.apache.pinot:pinot-s3:0.11.0-SNAPSHOT
[ERROR] Failed to determine Java version for profile disable-java8-doclint @ software.amazon.awssdk:aws-sdk-java-pom:2.14.28

12:35:51.795 [main] ERROR f.i.s.r.p.step.paths.ComputeTestDir - The test directory is not at default location or specified in build section from pom.xml, and no parent can be found.
12:35:51.825 [main] ERROR f.i.s.r.process.maven.MavenHelper - Error while building complete model. The raw model will be used. Error message: 1 problem was encountered while building the effective model for org.apache.pinot:pinot-kinesis:0.11.0-SNAPSHOT
[ERROR] Failed to determine Java version for profile disable-java8-doclint @ software.amazon.awssdk:aws-sdk-java-pom:2.14.28

12:35:51.844 [main] ERROR f.i.s.r.p.step.paths.ComputeTestDir - The test directory is not at default location or specified in build section from pom.xml, and no parent can be found.
12:35:51.847 [main] ERROR f.i.s.r.p.step.paths.ComputeTestDir - The test directory is not at default location or specified in build section from pom.xml, and no parent can be found.
12:35:51.847 [main] ERROR f.i.s.r.p.step.paths.ComputeTestDir - The test directory is not at default location or specified in build section from pom.xml, and no parent can be found.
12:35:51.872 [main] ERROR f.i.s.r.p.step.paths.ComputeTestDir - The test directory is not at default location or specified in build section from pom.xml, and no parent can be found.
12:35:51.873 [main] ERROR f.i.s.r.p.step.paths.ComputeTestDir - The test directory is not at default location or specified in build section from pom.xml, and no parent can be found.
12:35:51.889 [main] ERROR f.i.s.r.p.step.paths.ComputeTestDir - The test directory is not at default location or specified in build section from pom.xml, and no parent can be found.
12:35:51.899 [main] ERROR f.i.s.r.p.step.paths.ComputeTestDir - The test directory is not at default location or specified in build section from pom.xml, and no parent can be found.
12:35:51.915 [main] ERROR f.i.s.r.p.step.paths.ComputeTestDir - The test directory is not at default location or specified in build section from pom.xml, and no parent can be found.
12:35:51.918 [main] ERROR f.i.s.r.p.step.paths.ComputeTestDir - The test directory is not at default location or specified in build section from pom.xml, and no parent can be found.
12:35:51.924 [main] INFO  f.i.s.r.p.step.paths.ComputeTestDir - 44 test dirs were found:
12:35:51.924 [main] INFO  f.i.s.r.p.step.paths.ComputeTestDir - /root/workspace/apache-pinot-master-8981_repo/pinot-broker/src/test/java
12:35:51.924 [main] INFO  f.i.s.r.p.step.paths.ComputeTestDir - /root/workspace/apache-pinot-master-8981_repo/pinot-clients/pinot-java-client/src/test/java
12:35:51.924 [main] INFO  f.i.s.r.p.step.paths.ComputeTestDir - /root/workspace/apache-pinot-master-8981_repo/pinot-clients/pinot-jdbc-client/src/test/java
12:35:51.924 [main] INFO  f.i.s.r.p.step.paths.ComputeTestDir - /root/workspace/apache-pinot-master-8981_repo/pinot-common/src/test/java
12:35:51.924 [main] INFO  f.i.s.r.p.step.paths.ComputeTestDir - /root/workspace/apache-pinot-master-8981_repo/pinot-connectors/pinot-flink-connector/src/test/java
12:35:51.924 [main] INFO  f.i.s.r.p.step.paths.ComputeTestDir - /root/workspace/apache-pinot-master-8981_repo/pinot-connectors/pinot-spark-connector/src/test/scala
12:35:51.924 [main] INFO  f.i.s.r.p.step.paths.ComputeTestDir - /root/workspace/apache-pinot-master-8981_repo/pinot-controller/src/test/java
12:35:51.924 [main] INFO  f.i.s.r.p.step.paths.ComputeTestDir - /root/workspace/apache-pinot-master-8981_repo/pinot-core/src/test/java
12:35:51.924 [main] INFO  f.i.s.r.p.step.paths.ComputeTestDir - /root/workspace/apache-pinot-master-8981_repo/pinot-integration-test-base/src/test/java
12:35:51.924 [main] INFO  f.i.s.r.p.step.paths.ComputeTestDir - /root/workspace/apache-pinot-master-8981_repo/pinot-integration-tests/src/test/java
12:35:51.924 [main] INFO  f.i.s.r.p.step.paths.ComputeTestDir - /root/workspace/apache-pinot-master-8981_repo/pinot-minion/src/test/java
12:35:51.924 [main] INFO  f.i.s.r.p.step.paths.ComputeTestDir - /root/workspace/apache-pinot-master-8981_repo/pinot-plugins/pinot-batch-ingestion/pinot-batch-ingestion-common/src/test/java
12:35:51.924 [main] INFO  f.i.s.r.p.step.paths.ComputeTestDir - /root/workspace/apache-pinot-master-8981_repo/pinot-plugins/pinot-batch-ingestion/pinot-batch-ingestion-hadoop/src/test/java
12:35:51.924 [main] INFO  f.i.s.r.p.step.paths.ComputeTestDir - /root/workspace/apache-pinot-master-8981_repo/pinot-plugins/pinot-batch-ingestion/pinot-batch-ingestion-spark-2.4/src/test/java
12:35:51.924 [main] INFO  f.i.s.r.p.step.paths.ComputeTestDir - /root/workspace/apache-pinot-master-8981_repo/pinot-plugins/pinot-batch-ingestion/pinot-batch-ingestion-spark-3.2/src/test/java
12:35:51.924 [main] INFO  f.i.s.r.p.step.paths.ComputeTestDir - /root/workspace/apache-pinot-master-8981_repo/pinot-plugins/pinot-batch-ingestion/pinot-batch-ingestion-standalone/src/test/java
12:35:51.924 [main] INFO  f.i.s.r.p.step.paths.ComputeTestDir - /root/workspace/apache-pinot-master-8981_repo/pinot-plugins/pinot-batch-ingestion/v0_deprecated/pinot-hadoop/src/test/java
12:35:51.924 [main] INFO  f.i.s.r.p.step.paths.ComputeTestDir - /root/workspace/apache-pinot-master-8981_repo/pinot-plugins/pinot-batch-ingestion/v0_deprecated/pinot-spark/src/test/java
12:35:51.924 [main] INFO  f.i.s.r.p.step.paths.ComputeTestDir - /root/workspace/apache-pinot-master-8981_repo/pinot-plugins/pinot-environment/pinot-azure/src/test/java
12:35:51.924 [main] INFO  f.i.s.r.p.step.paths.ComputeTestDir - /root/workspace/apache-pinot-master-8981_repo/pinot-plugins/pinot-file-system/pinot-adls/src/test/java
12:35:51.924 [main] INFO  f.i.s.r.p.step.paths.ComputeTestDir - /root/workspace/apache-pinot-master-8981_repo/pinot-plugins/pinot-file-system/pinot-gcs/src/test/java
12:35:51.924 [main] INFO  f.i.s.r.p.step.paths.ComputeTestDir - /root/workspace/apache-pinot-master-8981_repo/pinot-plugins/pinot-file-system/pinot-hdfs/src/test/java
12:35:51.924 [main] INFO  f.i.s.r.p.step.paths.ComputeTestDir - /root/workspace/apache-pinot-master-8981_repo/pinot-plugins/pinot-file-system/pinot-s3/src/test/java
12:35:51.924 [main] INFO  f.i.s.r.p.step.paths.ComputeTestDir - /root/workspace/apache-pinot-master-8981_repo/pinot-plugins/pinot-input-format/pinot-avro-base/src/test/java
12:35:51.924 [main] INFO  f.i.s.r.p.step.paths.ComputeTestDir - /root/workspace/apache-pinot-master-8981_repo/pinot-plugins/pinot-input-format/pinot-csv/src/test/java
12:35:51.924 [main] INFO  f.i.s.r.p.step.paths.ComputeTestDir - /root/workspace/apache-pinot-master-8981_repo/pinot-plugins/pinot-input-format/pinot-json/src/test/java
12:35:51.924 [main] INFO  f.i.s.r.p.step.paths.ComputeTestDir - /root/workspace/apache-pinot-master-8981_repo/pinot-plugins/pinot-input-format/pinot-orc/src/test/java
12:35:51.924 [main] INFO  f.i.s.r.p.step.paths.ComputeTestDir - /root/workspace/apache-pinot-master-8981_repo/pinot-plugins/pinot-input-format/pinot-parquet/src/test/java
12:35:51.924 [main] INFO  f.i.s.r.p.step.paths.ComputeTestDir - /root/workspace/apache-pinot-master-8981_repo/pinot-plugins/pinot-input-format/pinot-protobuf/src/test/java
12:35:51.924 [main] INFO  f.i.s.r.p.step.paths.ComputeTestDir - /root/workspace/apache-pinot-master-8981_repo/pinot-plugins/pinot-input-format/pinot-thrift/src/test/java
12:35:51.924 [main] INFO  f.i.s.r.p.step.paths.ComputeTestDir - /root/workspace/apache-pinot-master-8981_repo/pinot-plugins/pinot-minion-tasks/pinot-minion-builtin-tasks/src/test/java
12:35:51.924 [main] INFO  f.i.s.r.p.step.paths.ComputeTestDir - /root/workspace/apache-pinot-master-8981_repo/pinot-plugins/pinot-segment-writer/pinot-segment-writer-file-based/src/test/java
12:35:51.924 [main] INFO  f.i.s.r.p.step.paths.ComputeTestDir - /root/workspace/apache-pinot-master-8981_repo/pinot-plugins/pinot-stream-ingestion/pinot-kafka-0.9/src/test/java
12:35:51.924 [main] INFO  f.i.s.r.p.step.paths.ComputeTestDir - /root/workspace/apache-pinot-master-8981_repo/pinot-plugins/pinot-stream-ingestion/pinot-kafka-2.0/src/test/java
12:35:51.924 [main] INFO  f.i.s.r.p.step.paths.ComputeTestDir - /root/workspace/apache-pinot-master-8981_repo/pinot-plugins/pinot-stream-ingestion/pinot-kafka-base/src/test/java
12:35:51.925 [main] INFO  f.i.s.r.p.step.paths.ComputeTestDir - /root/workspace/apache-pinot-master-8981_repo/pinot-plugins/pinot-stream-ingestion/pinot-kinesis/src/test/java
12:35:51.925 [main] INFO  f.i.s.r.p.step.paths.ComputeTestDir - /root/workspace/apache-pinot-master-8981_repo/pinot-plugins/pinot-stream-ingestion/pinot-pulsar/src/test/java
12:35:51.925 [main] INFO  f.i.s.r.p.step.paths.ComputeTestDir - /root/workspace/apache-pinot-master-8981_repo/pinot-query-planner/src/test/java
12:35:51.925 [main] INFO  f.i.s.r.p.step.paths.ComputeTestDir - /root/workspace/apache-pinot-master-8981_repo/pinot-query-runtime/src/test/java
12:35:51.925 [main] INFO  f.i.s.r.p.step.paths.ComputeTestDir - /root/workspace/apache-pinot-master-8981_repo/pinot-segment-local/src/test/java
12:35:51.925 [main] INFO  f.i.s.r.p.step.paths.ComputeTestDir - /root/workspace/apache-pinot-master-8981_repo/pinot-segment-spi/src/test/java
12:35:51.925 [main] INFO  f.i.s.r.p.step.paths.ComputeTestDir - /root/workspace/apache-pinot-master-8981_repo/pinot-server/src/test/java
12:35:51.925 [main] INFO  f.i.s.r.p.step.paths.ComputeTestDir - /root/workspace/apache-pinot-master-8981_repo/pinot-spi/src/test/java
12:35:51.925 [main] INFO  f.i.s.r.p.step.paths.ComputeTestDir - /root/workspace/apache-pinot-master-8981_repo/pinot-tools/src/test/java
12:35:52.868 [main] INFO  f.i.s.r.p.s.g.GatherTestInformation - Get the following failing module path: /root/workspace/apache-pinot-master-8981_repo/pinot-segment-local
12:35:52.869 [main] INFO  f.i.s.r.p.s.g.GatherTestInformation - Get the following failing module path: /root/workspace/apache-pinot-master-8981_repo/pinot-segment-local
12:35:52.881 [main] INFO  f.i.s.r.p.s.g.GatherTestInformation - ---Test results---
12:35:52.881 [main] INFO  f.i.s.r.p.s.g.GatherTestInformation -    Total tests: 2850
12:35:52.881 [main] INFO  f.i.s.r.p.s.g.GatherTestInformation -    Tests run: 2850
12:35:52.881 [main] INFO  f.i.s.r.p.s.g.GatherTestInformation -    Tests passing: 2845
12:35:52.881 [main] INFO  f.i.s.r.p.s.g.GatherTestInformation -    Failures: 5
12:35:52.881 [main] INFO  f.i.s.r.p.s.g.GatherTestInformation -    Errors: 0
12:35:52.881 [main] INFO  f.i.s.r.p.s.g.GatherTestInformation -    Skipped: 0
[0] INFO Flacoco - Running Flacoco...
[22] WARN TestMethodFilter - NoClassDefFoundError: class org.apache.pinot.segment.local.startree.v2.builder.OffHeapSingleTreeBuilder
[24] WARN TestMethodFilter - NoClassDefFoundError: class org.apache.pinot.segment.local.startree.v2.builder.OnHeapSingleTreeBuilder
[25] WARN TestMethodFilter - NoClassDefFoundError: class org.apache.pinot.segment.local.startree.v2.builder.StarTreeV2BuilderConfig
[26] WARN TestMethodFilter - NoClassDefFoundError: class org.apache.pinot.segment.local.startree.v2.store.StarTreeIndexMapUtils
[27] WARN TestMethodFilter - NoClassDefFoundError: class org.apache.pinot.segment.local.startree.v2.store.StarTreeLoaderUtils
[28] WARN TestMethodFilter - NoClassDefFoundError: class org.apache.pinot.segment.local.startree.StarTreeBuilderUtils
[28] WARN TestMethodFilter - NoClassDefFoundError: class org.apache.pinot.segment.local.upsert.PartialUpsertHandler
[29] WARN TestMethodFilter - NoClassDefFoundError: class org.apache.pinot.segment.local.upsert.merger.PartialUpsertMergerFactory
[30] WARN TestMethodFilter - NoClassDefFoundError: class org.apache.pinot.segment.local.upsert.RecordLocation
[30] WARN TestMethodFilter - NoClassDefFoundError: class org.apache.pinot.segment.local.upsert.PartitionUpsertMetadataManager
[31] WARN TestMethodFilter - NoClassDefFoundError: class org.apache.pinot.segment.local.aggregator.SumPrecisionValueAggregator
[31] WARN TestMethodFilter - NoClassDefFoundError: class org.apache.pinot.segment.local.aggregator.MaxValueAggregator
[31] WARN TestMethodFilter - NoClassDefFoundError: class org.apache.pinot.segment.local.aggregator.DistinctCountHLLValueAggregator
[32] WARN TestMethodFilter - NoClassDefFoundError: class org.apache.pinot.segment.local.aggregator.AvgValueAggregator
[32] WARN TestMethodFilter - NoClassDefFoundError: class org.apache.pinot.segment.local.aggregator.PercentileEstValueAggregator
[33] WARN TestMethodFilter - NoClassDefFoundError: class org.apache.pinot.segment.local.aggregator.DistinctCountBitmapValueAggregator
[33] WARN TestMethodFilter - NoClassDefFoundError: class org.apache.pinot.segment.local.aggregator.ValueAggregatorFactory
[33] WARN TestMethodFilter - NoClassDefFoundError: class org.apache.pinot.segment.local.aggregator.CountValueAggregator
[33] WARN TestMethodFilter - NoClassDefFoundError: class org.apache.pinot.segment.local.aggregator.MinValueAggregator
[34] WARN TestMethodFilter - NoClassDefFoundError: class org.apache.pinot.segment.local.aggregator.MinMaxRangeValueAggregator
[34] WARN TestMethodFilter - NoClassDefFoundError: class org.apache.pinot.segment.local.aggregator.SumValueAggregator
[34] WARN TestMethodFilter - NoClassDefFoundError: class org.apache.pinot.segment.local.aggregator.PercentileTDigestValueAggregator
[35] WARN TestMethodFilter - NoClassDefFoundError: class org.apache.pinot.segment.local.utils.SchemaUtils
[36] WARN TestMethodFilter - NoClassDefFoundError: class org.apache.pinot.segment.local.utils.HashUtils
[36] WARN TestMethodFilter - NoClassDefFoundError: class org.apache.pinot.segment.local.utils.ReplicationUtils
[37] WARN TestMethodFilter - NoClassDefFoundError: class org.apache.pinot.segment.local.utils.SegmentPushUtils
[37] WARN TestMethodFilter - NoClassDefFoundError: class org.apache.pinot.segment.local.utils.H3Utils
[40] WARN TestMethodFilter - NoClassDefFoundError: class org.apache.pinot.segment.local.utils.nativefst.utils.RegexpMatcher
[40] WARN TestMethodFilter - NoClassDefFoundError: class org.apache.pinot.segment.local.utils.nativefst.utils.RealTimeRegexpMatcher
[41] WARN TestMethodFilter - NoClassDefFoundError: class org.apache.pinot.segment.local.utils.nativefst.builder.FSTUtils
[41] WARN TestMethodFilter - NoClassDefFoundError: class org.apache.pinot.segment.local.utils.nativefst.builder.FSTSerializerImpl
[42] WARN TestMethodFilter - NoClassDefFoundError: class org.apache.pinot.segment.local.utils.nativefst.ImmutableFST
[48] WARN TestMethodFilter - NoClassDefFoundError: class org.apache.pinot.segment.local.utils.nativefst.ConstantArcSizeFST
[50] WARN TestMethodFilter - NoClassDefFoundError: class org.apache.pinot.segment.local.utils.RecordInfo
[50] WARN TestMethodFilter - NoClassDefFoundError: class org.apache.pinot.segment.local.utils.GeometrySerializer
[51] WARN TestMethodFilter - NoClassDefFoundError: class org.apache.pinot.segment.local.utils.GeometryUtils
[51] WARN TestMethodFilter - NoClassDefFoundError: class org.apache.pinot.segment.local.utils.tablestate.TableStateUtils
[52] WARN TestMethodFilter - NoClassDefFoundError: class org.apache.pinot.segment.local.utils.TableConfigUtils
[52] WARN TestMethodFilter - NoClassDefFoundError: class org.apache.pinot.segment.local.utils.fst.FSTBuilder
[53] WARN TestMethodFilter - NoClassDefFoundError: class org.apache.pinot.segment.local.utils.fst.RegexpMatcher
[53] WARN TestMethodFilter - NoClassDefFoundError: class org.apache.pinot.segment.local.utils.IngestionUtils
[54] WARN TestMethodFilter - NoClassDefFoundError: class org.apache.pinot.segment.local.data.manager.TableDataManagerConfig
[55] WARN TestMethodFilter - NoClassDefFoundError: class org.apache.pinot.segment.local.recordtransformer.NullValueTransformer
[55] WARN TestMethodFilter - NoClassDefFoundError: class org.apache.pinot.segment.local.recordtransformer.SanitizationTransformer
[55] WARN TestMethodFilter - NoClassDefFoundError: class org.apache.pinot.segment.local.recordtransformer.DataTypeTransformer
[56] WARN TestMethodFilter - NoClassDefFoundError: class org.apache.pinot.segment.local.recordtransformer.ComplexTypeTransformer
[56] WARN TestMethodFilter - NoClassDefFoundError: class org.apache.pinot.segment.local.recordtransformer.ExpressionTransformer
[56] WARN TestMethodFilter - NoClassDefFoundError: class org.apache.pinot.segment.local.recordtransformer.CompositeTransformer
[56] WARN TestMethodFilter - NoClassDefFoundError: class org.apache.pinot.segment.local.recordtransformer.FilterTransformer
[58] WARN TestMethodFilter - NoClassDefFoundError: class org.apache.pinot.segment.local.realtime.impl.RealtimeSegmentConfig
[62] WARN TestMethodFilter - NoClassDefFoundError: class org.apache.pinot.segment.local.realtime.impl.dictionary.MutableDictionaryFactory
[66] WARN TestMethodFilter - NoClassDefFoundError: class org.apache.pinot.segment.local.realtime.converter.RealtimeSegmentConverter
[68] WARN TestMethodFilter - NoClassDefFoundError: class org.apache.pinot.segment.local.function.GroovyFunctionEvaluator
[68] WARN TestMethodFilter - NoClassDefFoundError: class org.apache.pinot.segment.local.function.InbuiltFunctionEvaluator
[68] WARN TestMethodFilter - NoClassDefFoundError: class org.apache.pinot.segment.local.function.TimeSpecFunctionEvaluator
[68] WARN TestMethodFilter - NoClassDefFoundError: class org.apache.pinot.segment.local.function.FunctionEvaluatorFactory
[69] WARN TestMethodFilter - NoClassDefFoundError: class org.apache.pinot.segment.local.dedup.PartitionDedupMetadataManager
[72] WARN TestMethodFilter - NoClassDefFoundError: class org.apache.pinot.segment.local.io.util.VarLengthValueReader
[75] WARN TestMethodFilter - NoClassDefFoundError: class org.apache.pinot.segment.local.io.compression.ChunkCompressorFactory
[78] WARN TestMethodFilter - NoClassDefFoundError: class org.apache.pinot.segment.local.segment.creator.impl.inv.BitmapInvertedIndexWriter
[79] WARN TestMethodFilter - NoClassDefFoundError: class org.apache.pinot.segment.local.segment.creator.impl.SegmentCreationDriverFactory
[80] WARN TestMethodFilter - NoClassDefFoundError: class org.apache.pinot.segment.local.segment.creator.impl.nullvalue.NullValueVectorCreator
[84] WARN TestMethodFilter - NoClassDefFoundError: class org.apache.pinot.segment.local.segment.creator.Fixtures
[85] WARN TestMethodFilter - NoClassDefFoundError: class org.apache.pinot.segment.local.segment.creator.TransformPipeline
[86] WARN TestMethodFilter - NoClassDefFoundError: class org.apache.pinot.segment.local.segment.index.column.DefaultNullValueVirtualColumnProvider
[86] WARN TestMethodFilter - NoClassDefFoundError: class org.apache.pinot.segment.local.segment.index.column.IntermediateIndexContainer
[87] WARN TestMethodFilter - NoClassDefFoundError: class org.apache.pinot.segment.local.segment.index.converter.SegmentFormatConverterFactory
[88] WARN TestMethodFilter - NoClassDefFoundError: class org.apache.pinot.segment.local.segment.index.loader.LoaderUtils
[88] WARN TestMethodFilter - NoClassDefFoundError: class org.apache.pinot.segment.local.segment.index.loader.bloomfilter.BloomFilterHandler
[88] WARN TestMethodFilter - NoClassDefFoundError: class org.apache.pinot.segment.local.segment.index.loader.IndexLoadingConfig
[89] WARN TestMethodFilter - NoClassDefFoundError: class org.apache.pinot.segment.local.segment.index.loader.defaultcolumn.DefaultColumnHandlerFactory
[89] WARN TestMethodFilter - NoClassDefFoundError: class org.apache.pinot.segment.local.segment.index.loader.defaultcolumn.V1DefaultColumnHandler
[90] WARN TestMethodFilter - NoClassDefFoundError: class org.apache.pinot.segment.local.segment.index.loader.defaultcolumn.V3DefaultColumnHandler
[90] WARN TestMethodFilter - NoClassDefFoundError: class org.apache.pinot.segment.local.segment.index.loader.invertedindex.FSTIndexHandler
[90] WARN TestMethodFilter - NoClassDefFoundError: class org.apache.pinot.segment.local.segment.index.loader.invertedindex.InvertedIndexHandler
[91] WARN TestMethodFilter - NoClassDefFoundError: class org.apache.pinot.segment.local.segment.index.loader.invertedindex.TextIndexHandler
[91] WARN TestMethodFilter - NoClassDefFoundError: class org.apache.pinot.segment.local.segment.index.loader.invertedindex.JsonIndexHandler
[91] WARN TestMethodFilter - NoClassDefFoundError: class org.apache.pinot.segment.local.segment.index.loader.invertedindex.RangeIndexHandler
[91] WARN TestMethodFilter - NoClassDefFoundError: class org.apache.pinot.segment.local.segment.index.loader.invertedindex.H3IndexHandler
[91] WARN TestMethodFilter - NoClassDefFoundError: class org.apache.pinot.segment.local.segment.index.loader.IndexHandlerFactory
[92] WARN TestMethodFilter - NoClassDefFoundError: class org.apache.pinot.segment.local.segment.index.loader.SegmentPreProcessor
[103] WARN TestMethodFilter - NoClassDefFoundError: class org.apache.pinot.segment.local.segment.index.readers.bloom.BloomFilterReaderFactory
[105] WARN TestMethodFilter - NoClassDefFoundError: class org.apache.pinot.segment.local.segment.readers.PinotSegmentColumnReader
[106] WARN TestMethodFilter - NoClassDefFoundError: class org.apache.pinot.segment.local.segment.store.IndexKey
[107] WARN TestMethodFilter - NoClassDefFoundError: class org.apache.pinot.segment.local.segment.store.TextIndexUtils
[107] WARN TestMethodFilter - NoClassDefFoundError: class org.apache.pinot.segment.local.segment.virtualcolumn.DocIdVirtualColumnProvider
[107] WARN TestMethodFilter - NoClassDefFoundError: class org.apache.pinot.segment.local.segment.virtualcolumn.VirtualColumnProviderFactory
[108] WARN TestMethodFilter - NoClassDefFoundError: class org.apache.pinot.segment.local.segment.virtualcolumn.VirtualColumnContext
[115] WARN TestMethodFilter - NoClassDefFoundError: class org.apache.pinot.segment.local.indexsegment.immutable.ImmutableSegmentLoader
[115] WARN TestMethodFilter - NoClassDefFoundError: class org.apache.pinot.segment.local.startree.v2.builder.StarTreeV2BuilderConfigTest
[117] WARN TestMethodFilter - NoClassDefFoundError: class org.apache.pinot.segment.local.upsert.PartitionUpsertMetadataManagerTest
[118] WARN TestMethodFilter - NoClassDefFoundError: class org.apache.pinot.segment.local.utils.TableConfigUtilsTest
[122] WARN TestMethodFilter - NoClassDefFoundError: class org.apache.pinot.segment.local.utils.nativefst.FSTTraversalTest
[123] WARN TestMethodFilter - NoClassDefFoundError: class org.apache.pinot.segment.local.utils.nativefst.ImmutableFSTSerializerTest
[123] WARN TestMethodFilter - NoClassDefFoundError: class org.apache.pinot.segment.local.utils.nativefst.ImmutableFSTDeserializedTest
[124] WARN TestMethodFilter - NoClassDefFoundError: class org.apache.pinot.segment.local.utils.IngestionUtilsTest
[125] WARN TestMethodFilter - NoClassDefFoundError: class org.apache.pinot.segment.local.utils.fst.FSTBuilderTest
[125] WARN TestMethodFilter - NoClassDefFoundError: class org.apache.pinot.segment.local.recordtransformer.ExpressionTransformerTest
[127] WARN TestMethodFilter - NoClassDefFoundError: class org.apache.pinot.segment.local.recordtransformer.RecordTransformerTest
[129] WARN TestMethodFilter - NoClassDefFoundError: class org.apache.pinot.segment.local.realtime.impl.dictionary.MutableDictionaryTest
[129] WARN TestMethodFilter - NoClassDefFoundError: class org.apache.pinot.segment.local.realtime.impl.dictionary.OffHeapMutableBytesStoreTest
[130] WARN TestMethodFilter - NoClassDefFoundError: class org.apache.pinot.segment.local.realtime.impl.dictionary.MultiValueDictionaryTest
[132] WARN TestMethodFilter - NoClassDefFoundError: class org.apache.pinot.segment.local.dedup.PartitionDedupMetadataManagerTest
[133] WARN TestMethodFilter - NoClassDefFoundError: class org.apache.pinot.segment.local.io.writer.impl.VarByteChunkSVForwardIndexWriterTest
[133] WARN TestMethodFilter - NoClassDefFoundError: class org.apache.pinot.segment.local.io.writer.impl.MutableOffHeapByteArrayStoreTest
[133] WARN TestMethodFilter - NoClassDefFoundError: class org.apache.pinot.segment.local.io.writer.impl.MmapMemoryManagerTest
[134] WARN TestMethodFilter - NoClassDefFoundError: class org.apache.pinot.segment.local.io.writer.impl.MmapMemoryManagerFileCleanupTest
[135] WARN TestMethodFilter - NoClassDefFoundError: class org.apache.pinot.segment.local.io.compression.TestCompression
[136] WARN TestMethodFilter - NoClassDefFoundError: class org.apache.pinot.segment.local.segment.creator.SegmentTestUtils
[137] WARN TestMethodFilter - NoClassDefFoundError: class org.apache.pinot.segment.local.segment.creator.impl.SegmentColumnarIndexCreatorTest
[138] WARN TestMethodFilter - NoClassDefFoundError: class org.apache.pinot.segment.local.segment.creator.BitmapInvertedIndexTest
[139] WARN TestMethodFilter - NoClassDefFoundError: class org.apache.pinot.segment.local.segment.creator.DictionaryOptimiserTest
[139] WARN TestMethodFilter - NoClassDefFoundError: class org.apache.pinot.segment.local.segment.creator.DictionariesTest
[140] WARN TestMethodFilter - NoClassDefFoundError: class org.apache.pinot.segment.local.segment.creator.FixedIntArrayIdMapTest
[140] WARN TestMethodFilter - NoClassDefFoundError: class org.apache.pinot.segment.local.segment.creator.OnHeapDictionariesTest
[141] WARN TestMethodFilter - NoClassDefFoundError: class org.apache.pinot.segment.local.segment.creator.BitmapInvertedIndexCreatorTest
[141] WARN TestMethodFilter - NoClassDefFoundError: class org.apache.pinot.segment.local.segment.loader.SegmentDirectoryLoaderRegistryTest
[142] WARN TestMethodFilter - NoClassDefFoundError: class org.apache.pinot.segment.local.segment.index.readerwriter.FixedByteSingleValueMultiColumnReaderWriterTest
[142] WARN TestMethodFilter - NoClassDefFoundError: class org.apache.pinot.segment.local.segment.index.column.DefaultNullValueVirtualColumnProviderTest
[142] WARN TestMethodFilter - NoClassDefFoundError: class org.apache.pinot.segment.local.segment.index.creator.SegmentGenerationWithMultipleRecordsTest
[143] WARN TestMethodFilter - NoClassDefFoundError: class org.apache.pinot.segment.local.segment.index.creator.SegmentGenerationWithFilterRecordsTest
[143] WARN TestMethodFilter - NoClassDefFoundError: class org.apache.pinot.segment.local.segment.index.creator.MultiValueVarByteRawIndexCreatorTest
[144] WARN TestMethodFilter - NoClassDefFoundError: class org.apache.pinot.segment.local.segment.index.creator.SegmentGenerationWithBytesTypeTest
[145] WARN TestMethodFilter - NoClassDefFoundError: class org.apache.pinot.segment.local.segment.index.creator.MultiValueFixedByteRawIndexCreatorTest
[146] WARN TestMethodFilter - NoClassDefFoundError: class org.apache.pinot.segment.local.segment.index.creator.BitSlicedIndexCreatorTest
[146] WARN TestMethodFilter - NoClassDefFoundError: class org.apache.pinot.segment.local.segment.index.creator.RawIndexCreatorTest
[147] WARN TestMethodFilter - NoClassDefFoundError: class org.apache.pinot.segment.local.segment.index.creator.SegmentGenerationWithNoRecordsTest
[147] WARN TestMethodFilter - NoClassDefFoundError: class org.apache.pinot.segment.local.segment.index.creator.VarByteChunkV4Test
[148] WARN TestMethodFilter - NoClassDefFoundError: class org.apache.pinot.segment.local.segment.index.creator.RangeIndexCreatorTest
[148] WARN TestMethodFilter - NoClassDefFoundError: class org.apache.pinot.segment.local.segment.index.creator.SegmentGenerationWithTimeColumnTest
[149] WARN TestMethodFilter - NoClassDefFoundError: class org.apache.pinot.segment.local.segment.index.creator.SegmentPartitionTest
[149] WARN TestMethodFilter - NoClassDefFoundError: class org.apache.pinot.segment.local.segment.index.creator.BloomFilterCreatorTest
[150] WARN TestMethodFilter - NoClassDefFoundError: class org.apache.pinot.segment.local.segment.index.forward.mutable.FixedByteSVMutableForwardIndexTest
[150] WARN TestMethodFilter - NoClassDefFoundError: class org.apache.pinot.segment.local.segment.index.forward.mutable.FixedByteMVMutableForwardIndexTest
[151] WARN TestMethodFilter - NoClassDefFoundError: class org.apache.pinot.segment.local.segment.index.forward.mutable.VarByteSVMutableForwardIndexTest
[151] WARN TestMethodFilter - NoClassDefFoundError: class org.apache.pinot.segment.local.segment.index.forward.FixedByteChunkSVForwardIndexTest
[152] WARN TestMethodFilter - NoClassDefFoundError: class org.apache.pinot.segment.local.segment.index.forward.VarByteChunkSVForwardIndexTest
[153] WARN TestMethodFilter - NoClassDefFoundError: class org.apache.pinot.segment.local.segment.index.converter.SegmentV1V2ToV3FormatConverterTest
[153] WARN TestMethodFilter - NoClassDefFoundError: class org.apache.pinot.segment.local.segment.index.ColumnMetadataTest
[153] WARN TestMethodFilter - NoClassDefFoundError: class org.apache.pinot.segment.local.segment.index.H3IndexTest
[154] WARN TestMethodFilter - NoClassDefFoundError: class org.apache.pinot.segment.local.segment.index.IndexOverridesTest
[154] WARN TestMethodFilter - NoClassDefFoundError: class org.apache.pinot.segment.local.segment.index.loader.LoaderTest
[157] WARN TestMethodFilter - NoClassDefFoundError: class org.apache.pinot.segment.local.segment.index.loader.defaultcolumn.BaseDefaultColumnHandlerTest
[158] WARN TestMethodFilter - NoClassDefFoundError: class org.apache.pinot.segment.local.segment.index.readers.NullValueVectorReaderImplTest
[158] WARN TestMethodFilter - NoClassDefFoundError: class org.apache.pinot.segment.local.segment.index.readers.ImmutableDictionaryTest
[159] WARN TestMethodFilter - NoClassDefFoundError: class org.apache.pinot.segment.local.segment.index.readers.ImmutableDictionaryTypeConversionTest
[159] WARN TestMethodFilter - NoClassDefFoundError: class org.apache.pinot.segment.local.segment.index.JsonIndexTest
[160] WARN TestMethodFilter - NoClassDefFoundError: class org.apache.pinot.segment.local.segment.readers.MultiplePinotSegmentRecordReaderTest
[160] WARN TestMethodFilter - NoClassDefFoundError: class org.apache.pinot.segment.local.segment.readers.PinotSegmentUtil
[160] WARN TestMethodFilter - NoClassDefFoundError: class org.apache.pinot.segment.local.segment.readers.PinotSegmentRecordReaderTest
[161] WARN TestMethodFilter - NoClassDefFoundError: class org.apache.pinot.segment.local.segment.store.SingleFileIndexDirectoryTest
[161] WARN TestMethodFilter - NoClassDefFoundError: class org.apache.pinot.segment.local.segment.store.SegmentLocalFSDirectoryTest
[161] WARN TestMethodFilter - NoClassDefFoundError: class org.apache.pinot.segment.local.segment.store.FilePerIndexDirectoryTest
[162] WARN TestMethodFilter - NoClassDefFoundError: class org.apache.pinot.segment.local.indexsegment.mutable.MutableSegmentImplIngestionAggregationTest
[162] WARN TestMethodFilter - NoClassDefFoundError: class org.apache.pinot.segment.local.indexsegment.mutable.MutableSegmentImplTestUtils
[162] WARN TestMethodFilter - NoClassDefFoundError: class org.apache.pinot.segment.local.indexsegment.mutable.IndexingFailureTest
[163] WARN TestMethodFilter - NoClassDefFoundError: class org.apache.pinot.segment.local.indexsegment.mutable.MutableSegmentImplUpsertTest
[163] WARN TestMethodFilter - NoClassDefFoundError: class org.apache.pinot.segment.local.indexsegment.mutable.MutableSegmentImplTest
[163] WARN TestMethodFilter - NoClassDefFoundError: class org.apache.pinot.segment.local.indexsegment.mutable.IntermediateSegmentTest
[164] WARN TestMethodFilter - NoClassDefFoundError: class org.apache.pinot.segment.local.indexsegment.mutable.MutableSegmentImplAggregateMetricsTest
[164] WARN TestMethodFilter - NoClassDefFoundError: class org.apache.pinot.segment.local.indexsegment.mutable.MutableSegmentImplUpsertComparisonColTest
[171] WARN TestMethodFilter - NoClassDefFoundError: class org.apache.pinot.segment.local.startree.v2.builder.OffHeapSingleTreeBuilder
[171] WARN TestMethodFilter - NoClassDefFoundError: class org.apache.pinot.segment.local.startree.v2.builder.OnHeapSingleTreeBuilder
[171] WARN TestMethodFilter - NoClassDefFoundError: class org.apache.pinot.segment.local.startree.v2.builder.StarTreeV2BuilderConfig
[171] WARN TestMethodFilter - NoClassDefFoundError: class org.apache.pinot.segment.local.startree.v2.builder.MultipleTreesBuilder
[172] WARN TestMethodFilter - NoClassDefFoundError: class org.apache.pinot.segment.local.startree.v2.store.StarTreeIndexMapUtils
[172] WARN TestMethodFilter - NoClassDefFoundError: class org.apache.pinot.segment.local.startree.v2.store.StarTreeLoaderUtils
[172] WARN TestMethodFilter - NoClassDefFoundError: class org.apache.pinot.segment.local.startree.StarTreeBuilderUtils
[172] WARN TestMethodFilter - NoClassDefFoundError: class org.apache.pinot.segment.local.upsert.PartialUpsertHandler
[172] WARN TestMethodFilter - NoClassDefFoundError: class org.apache.pinot.segment.local.upsert.merger.PartialUpsertMergerFactory
[172] WARN TestMethodFilter - NoClassDefFoundError: class org.apache.pinot.segment.local.upsert.RecordLocation
[172] WARN TestMethodFilter - NoClassDefFoundError: class org.apache.pinot.segment.local.upsert.PartitionUpsertMetadataManager
[172] WARN TestMethodFilter - NoClassDefFoundError: class org.apache.pinot.segment.local.aggregator.SumPrecisionValueAggregator
[173] WARN TestMethodFilter - NoClassDefFoundError: class org.apache.pinot.segment.local.aggregator.MaxValueAggregator
[173] WARN TestMethodFilter - NoClassDefFoundError: class org.apache.pinot.segment.local.aggregator.DistinctCountHLLValueAggregator
[173] WARN TestMethodFilter - NoClassDefFoundError: class org.apache.pinot.segment.local.aggregator.AvgValueAggregator
[173] WARN TestMethodFilter - NoClassDefFoundError: class org.apache.pinot.segment.local.aggregator.PercentileEstValueAggregator
[173] WARN TestMethodFilter - NoClassDefFoundError: class org.apache.pinot.segment.local.aggregator.DistinctCountBitmapValueAggregator
[173] WARN TestMethodFilter - NoClassDefFoundError: class org.apache.pinot.segment.local.aggregator.ValueAggregatorFactory
[173] WARN TestMethodFilter - NoClassDefFoundError: class org.apache.pinot.segment.local.aggregator.CountValueAggregator
[173] WARN TestMethodFilter - NoClassDefFoundError: class org.apache.pinot.segment.local.aggregator.MinValueAggregator
[173] WARN TestMethodFilter - NoClassDefFoundError: class org.apache.pinot.segment.local.aggregator.MinMaxRangeValueAggregator
[173] WARN TestMethodFilter - NoClassDefFoundError: class org.apache.pinot.segment.local.aggregator.SumValueAggregator
[173] WARN TestMethodFilter - NoClassDefFoundError: class org.apache.pinot.segment.local.aggregator.PercentileTDigestValueAggregator
[173] WARN TestMethodFilter - NoClassDefFoundError: class org.apache.pinot.segment.local.utils.SchemaUtils
[173] WARN TestMethodFilter - NoClassDefFoundError: class org.apache.pinot.segment.local.utils.HashUtils
[173] WARN TestMethodFilter - NoClassDefFoundError: class org.apache.pinot.segment.local.utils.ReplicationUtils
[174] WARN TestMethodFilter - NoClassDefFoundError: class org.apache.pinot.segment.local.utils.SegmentPushUtils
[174] WARN TestMethodFilter - NoClassDefFoundError: class org.apache.pinot.segment.local.utils.H3Utils
[174] WARN TestMethodFilter - NoClassDefFoundError: class org.apache.pinot.segment.local.utils.nativefst.utils.RegexpMatcher
[174] WARN TestMethodFilter - NoClassDefFoundError: class org.apache.pinot.segment.local.utils.nativefst.utils.RealTimeRegexpMatcher
[174] WARN TestMethodFilter - NoClassDefFoundError: class org.apache.pinot.segment.local.utils.nativefst.builder.FSTUtils
[174] WARN TestMethodFilter - NoClassDefFoundError: class org.apache.pinot.segment.local.utils.nativefst.builder.FSTSerializerImpl
[175] WARN TestMethodFilter - NoClassDefFoundError: class org.apache.pinot.segment.local.utils.nativefst.ImmutableFST
[175] WARN TestMethodFilter - NoClassDefFoundError: class org.apache.pinot.segment.local.utils.nativefst.ConstantArcSizeFST
[176] WARN TestMethodFilter - NoClassDefFoundError: class org.apache.pinot.segment.local.utils.RecordInfo
[176] WARN TestMethodFilter - NoClassDefFoundError: class org.apache.pinot.segment.local.utils.GeometrySerializer
[176] WARN TestMethodFilter - NoClassDefFoundError: class org.apache.pinot.segment.local.utils.GeometryUtils
[176] WARN TestMethodFilter - NoClassDefFoundError: class org.apache.pinot.segment.local.utils.tablestate.TableStateUtils
[177] WARN TestMethodFilter - NoClassDefFoundError: class org.apache.pinot.segment.local.utils.TableConfigUtils
[177] WARN TestMethodFilter - NoClassDefFoundError: class org.apache.pinot.segment.local.utils.fst.FSTBuilder
[177] WARN TestMethodFilter - NoClassDefFoundError: class org.apache.pinot.segment.local.utils.fst.RegexpMatcher
[177] WARN TestMethodFilter - NoClassDefFoundError: class org.apache.pinot.segment.local.utils.IngestionUtils
[177] WARN TestMethodFilter - NoClassDefFoundError: class org.apache.pinot.segment.local.data.manager.TableDataManagerConfig
[177] WARN TestMethodFilter - NoClassDefFoundError: class org.apache.pinot.segment.local.recordtransformer.NullValueTransformer
[177] WARN TestMethodFilter - NoClassDefFoundError: class org.apache.pinot.segment.local.recordtransformer.SanitizationTransformer
[177] WARN TestMethodFilter - NoClassDefFoundError: class org.apache.pinot.segment.local.recordtransformer.DataTypeTransformer
[177] WARN TestMethodFilter - NoClassDefFoundError: class org.apache.pinot.segment.local.recordtransformer.ComplexTypeTransformer
[177] WARN TestMethodFilter - NoClassDefFoundError: class org.apache.pinot.segment.local.recordtransformer.ExpressionTransformer
[177] WARN TestMethodFilter - NoClassDefFoundError: class org.apache.pinot.segment.local.recordtransformer.CompositeTransformer
[177] WARN TestMethodFilter - NoClassDefFoundError: class org.apache.pinot.segment.local.recordtransformer.FilterTransformer
[178] WARN TestMethodFilter - NoClassDefFoundError: class org.apache.pinot.segment.local.realtime.impl.RealtimeSegmentConfig
[181] WARN TestMethodFilter - NoClassDefFoundError: class org.apache.pinot.segment.local.realtime.impl.dictionary.MutableDictionaryFactory
[183] WARN TestMethodFilter - NoClassDefFoundError: class org.apache.pinot.segment.local.realtime.converter.RealtimeSegmentConverter
[183] WARN TestMethodFilter - NoClassDefFoundError: class org.apache.pinot.segment.local.function.GroovyFunctionEvaluator
[183] WARN TestMethodFilter - NoClassDefFoundError: class org.apache.pinot.segment.local.function.InbuiltFunctionEvaluator
[183] WARN TestMethodFilter - NoClassDefFoundError: class org.apache.pinot.segment.local.function.TimeSpecFunctionEvaluator
[183] WARN TestMethodFilter - NoClassDefFoundError: class org.apache.pinot.segment.local.function.FunctionEvaluatorFactory
[183] WARN TestMethodFilter - NoClassDefFoundError: class org.apache.pinot.segment.local.dedup.PartitionDedupMetadataManager
[184] WARN TestMethodFilter - NoClassDefFoundError: class org.apache.pinot.segment.local.io.writer.impl.VarByteChunkSVForwardIndexWriterV4
[185] WARN TestMethodFilter - NoClassDefFoundError: class org.apache.pinot.segment.local.io.util.VarLengthValueReader
[186] WARN TestMethodFilter - NoClassDefFoundError: class org.apache.pinot.segment.local.io.compression.ChunkCompressorFactory
[187] WARN TestMethodFilter - NoClassDefFoundError: class org.apache.pinot.segment.local.segment.creator.impl.inv.BitmapInvertedIndexWriter
[188] WARN TestMethodFilter - NoClassDefFoundError: class org.apache.pinot.segment.local.segment.creator.impl.SegmentCreationDriverFactory
[188] WARN TestMethodFilter - NoClassDefFoundError: class org.apache.pinot.segment.local.segment.creator.impl.nullvalue.NullValueVectorCreator
[192] WARN TestMethodFilter - NoClassDefFoundError: class org.apache.pinot.segment.local.segment.creator.Fixtures
[192] WARN TestMethodFilter - NoClassDefFoundError: class org.apache.pinot.segment.local.segment.creator.TransformPipeline
[193] WARN TestMethodFilter - NoClassDefFoundError: class org.apache.pinot.segment.local.segment.index.column.DefaultNullValueVirtualColumnProvider
[193] WARN TestMethodFilter - NoClassDefFoundError: class org.apache.pinot.segment.local.segment.index.column.IntermediateIndexContainer
[193] WARN TestMethodFilter - NoClassDefFoundError: class org.apache.pinot.segment.local.segment.index.converter.SegmentFormatConverterFactory
[194] WARN TestMethodFilter - NoClassDefFoundError: class org.apache.pinot.segment.local.segment.index.loader.LoaderUtils
[194] WARN TestMethodFilter - NoClassDefFoundError: class org.apache.pinot.segment.local.segment.index.loader.bloomfilter.BloomFilterHandler
[194] WARN TestMethodFilter - NoClassDefFoundError: class org.apache.pinot.segment.local.segment.index.loader.IndexLoadingConfig
[194] WARN TestMethodFilter - NoClassDefFoundError: class org.apache.pinot.segment.local.segment.index.loader.defaultcolumn.DefaultColumnHandlerFactory
[194] WARN TestMethodFilter - NoClassDefFoundError: class org.apache.pinot.segment.local.segment.index.loader.defaultcolumn.V1DefaultColumnHandler
[194] WARN TestMethodFilter - NoClassDefFoundError: class org.apache.pinot.segment.local.segment.index.loader.defaultcolumn.V3DefaultColumnHandler
[194] WARN TestMethodFilter - NoClassDefFoundError: class org.apache.pinot.segment.local.segment.index.loader.invertedindex.FSTIndexHandler
[194] WARN TestMethodFilter - NoClassDefFoundError: class org.apache.pinot.segment.local.segment.index.loader.invertedindex.InvertedIndexHandler
[194] WARN TestMethodFilter - NoClassDefFoundError: class org.apache.pinot.segment.local.segment.index.loader.invertedindex.TextIndexHandler
[195] WARN TestMethodFilter - NoClassDefFoundError: class org.apache.pinot.segment.local.segment.index.loader.invertedindex.JsonIndexHandler
[195] WARN TestMethodFilter - NoClassDefFoundError: class org.apache.pinot.segment.local.segment.index.loader.invertedindex.RangeIndexHandler
[195] WARN TestMethodFilter - NoClassDefFoundError: class org.apache.pinot.segment.local.segment.index.loader.invertedindex.H3IndexHandler
[195] WARN TestMethodFilter - NoClassDefFoundError: class org.apache.pinot.segment.local.segment.index.loader.IndexHandlerFactory
[195] WARN TestMethodFilter - NoClassDefFoundError: class org.apache.pinot.segment.local.segment.index.loader.SegmentPreProcessor
[203] WARN TestMethodFilter - NoClassDefFoundError: class org.apache.pinot.segment.local.segment.index.readers.bloom.BloomFilterReaderFactory
[204] WARN TestMethodFilter - NoClassDefFoundError: class org.apache.pinot.segment.local.segment.readers.PinotSegmentColumnReader
[205] WARN TestMethodFilter - NoClassDefFoundError: class org.apache.pinot.segment.local.segment.store.IndexKey
[205] WARN TestMethodFilter - NoClassDefFoundError: class org.apache.pinot.segment.local.segment.store.TextIndexUtils
[205] WARN TestMethodFilter - NoClassDefFoundError: class org.apache.pinot.segment.local.segment.virtualcolumn.DocIdVirtualColumnProvider
[205] WARN TestMethodFilter - NoClassDefFoundError: class org.apache.pinot.segment.local.segment.virtualcolumn.VirtualColumnProviderFactory
[205] WARN TestMethodFilter - NoClassDefFoundError: class org.apache.pinot.segment.local.segment.virtualcolumn.VirtualColumnContext
[207] WARN TestMethodFilter - NoClassDefFoundError: class org.apache.pinot.segment.local.indexsegment.immutable.ImmutableSegmentLoader
[208] WARN TestMethodFilter - NoClassDefFoundError: class org.apache.pinot.segment.local.startree.v2.builder.StarTreeV2BuilderConfigTest
[208] WARN TestMethodFilter - NoClassDefFoundError: class org.apache.pinot.segment.local.upsert.PartitionUpsertMetadataManagerTest
[208] WARN TestMethodFilter - NoClassDefFoundError: class org.apache.pinot.segment.local.utils.TableConfigUtilsTest
[210] WARN TestMethodFilter - NoClassDefFoundError: class org.apache.pinot.segment.local.utils.nativefst.FSTTraversalTest
[210] WARN TestMethodFilter - NoClassDefFoundError: class org.apache.pinot.segment.local.utils.nativefst.ImmutableFSTSerializerTest
[210] WARN TestMethodFilter - NoClassDefFoundError: class org.apache.pinot.segment.local.utils.nativefst.ImmutableFSTDeserializedTest
[210] WARN TestMethodFilter - NoClassDefFoundError: class org.apache.pinot.segment.local.utils.IngestionUtilsTest
[210] WARN TestMethodFilter - NoClassDefFoundError: class org.apache.pinot.segment.local.utils.fst.FSTBuilderTest
[211] WARN TestMethodFilter - NoClassDefFoundError: class org.apache.pinot.segment.local.recordtransformer.ExpressionTransformerTest
[211] WARN TestMethodFilter - NoClassDefFoundError: class org.apache.pinot.segment.local.recordtransformer.RecordTransformerTest
[211] WARN TestMethodFilter - NoClassDefFoundError: class org.apache.pinot.segment.local.realtime.impl.dictionary.MutableDictionaryTest
[212] WARN TestMethodFilter - NoClassDefFoundError: class org.apache.pinot.segment.local.realtime.impl.dictionary.OffHeapMutableBytesStoreTest
[212] WARN TestMethodFilter - NoClassDefFoundError: class org.apache.pinot.segment.local.realtime.impl.dictionary.MultiValueDictionaryTest
[212] WARN TestMethodFilter - NoClassDefFoundError: class org.apache.pinot.segment.local.realtime.impl.invertedindex.NativeMutableTextIndexConcurrentTest
[212] WARN TestMethodFilter - NoClassDefFoundError: class org.apache.pinot.segment.local.dedup.PartitionDedupMetadataManagerTest
[212] WARN TestMethodFilter - NoClassDefFoundError: class org.apache.pinot.segment.local.io.writer.impl.VarByteChunkSVForwardIndexWriterTest
[213] WARN TestMethodFilter - NoClassDefFoundError: class org.apache.pinot.segment.local.io.writer.impl.MutableOffHeapByteArrayStoreTest
[213] WARN TestMethodFilter - NoClassDefFoundError: class org.apache.pinot.segment.local.io.writer.impl.MmapMemoryManagerTest
[213] WARN TestMethodFilter - NoClassDefFoundError: class org.apache.pinot.segment.local.io.writer.impl.MmapMemoryManagerFileCleanupTest
[213] WARN TestMethodFilter - NoClassDefFoundError: class org.apache.pinot.segment.local.io.util.PinotDataBitSetTest
[213] WARN TestMethodFilter - NoClassDefFoundError: class org.apache.pinot.segment.local.io.compression.TestCompression
[213] WARN TestMethodFilter - NoClassDefFoundError: class org.apache.pinot.segment.local.segment.creator.SegmentTestUtils
[213] WARN TestMethodFilter - NoClassDefFoundError: class org.apache.pinot.segment.local.segment.creator.impl.SegmentColumnarIndexCreatorTest
[214] WARN TestMethodFilter - NoClassDefFoundError: class org.apache.pinot.segment.local.segment.creator.TransformPipelineTest
[214] WARN TestMethodFilter - NoClassDefFoundError: class org.apache.pinot.segment.local.segment.creator.BitmapInvertedIndexTest
[214] WARN TestMethodFilter - NoClassDefFoundError: class org.apache.pinot.segment.local.segment.creator.DictionaryOptimiserTest
[214] WARN TestMethodFilter - NoClassDefFoundError: class org.apache.pinot.segment.local.segment.creator.DictionariesTest
[214] WARN TestMethodFilter - NoClassDefFoundError: class org.apache.pinot.segment.local.segment.creator.FixedIntArrayIdMapTest
[214] WARN TestMethodFilter - NoClassDefFoundError: class org.apache.pinot.segment.local.segment.creator.OnHeapDictionariesTest
[214] WARN TestMethodFilter - NoClassDefFoundError: class org.apache.pinot.segment.local.segment.creator.BitmapInvertedIndexCreatorTest
[214] WARN TestMethodFilter - NoClassDefFoundError: class org.apache.pinot.segment.local.segment.loader.SegmentDirectoryLoaderRegistryTest
[214] WARN TestMethodFilter - NoClassDefFoundError: class org.apache.pinot.segment.local.segment.index.readerwriter.FixedByteSingleValueMultiColumnReaderWriterTest
[214] WARN TestMethodFilter - NoClassDefFoundError: class org.apache.pinot.segment.local.segment.index.column.DefaultNullValueVirtualColumnProviderTest
[215] WARN TestMethodFilter - NoClassDefFoundError: class org.apache.pinot.segment.local.segment.index.creator.SegmentGenerationWithMultipleRecordsTest
[215] WARN TestMethodFilter - NoClassDefFoundError: class org.apache.pinot.segment.local.segment.index.creator.SegmentGenerationWithFilterRecordsTest
[215] WARN TestMethodFilter - NoClassDefFoundError: class org.apache.pinot.segment.local.segment.index.creator.MultiValueVarByteRawIndexCreatorTest
[215] WARN TestMethodFilter - NoClassDefFoundError: class org.apache.pinot.segment.local.segment.index.creator.inv.BitmapInvertedIndexWriterTest
[215] WARN TestMethodFilter - NoClassDefFoundError: class org.apache.pinot.segment.local.segment.index.creator.SegmentGenerationWithBytesTypeTest
[215] WARN TestMethodFilter - NoClassDefFoundError: class org.apache.pinot.segment.local.segment.index.creator.MultiValueFixedByteRawIndexCreatorTest
[215] WARN TestMethodFilter - NoClassDefFoundError: class org.apache.pinot.segment.local.segment.index.creator.BitSlicedIndexCreatorTest
[216] WARN TestMethodFilter - NoClassDefFoundError: class org.apache.pinot.segment.local.segment.index.creator.RawIndexCreatorTest
[216] WARN TestMethodFilter - NoClassDefFoundError: class org.apache.pinot.segment.local.segment.index.creator.SegmentGenerationWithNoRecordsTest
[216] WARN TestMethodFilter - NoClassDefFoundError: class org.apache.pinot.segment.local.segment.index.creator.VarByteChunkV4Test
[216] WARN TestMethodFilter - NoClassDefFoundError: class org.apache.pinot.segment.local.segment.index.creator.RangeIndexCreatorTest
[216] WARN TestMethodFilter - NoClassDefFoundError: class org.apache.pinot.segment.local.segment.index.creator.SegmentGenerationWithTimeColumnTest
[216] WARN TestMethodFilter - NoClassDefFoundError: class org.apache.pinot.segment.local.segment.index.creator.SegmentPartitionTest
[216] WARN TestMethodFilter - NoClassDefFoundError: class org.apache.pinot.segment.local.segment.index.creator.BloomFilterCreatorTest
[216] WARN TestMethodFilter - NoClassDefFoundError: class org.apache.pinot.segment.local.segment.index.forward.mutable.FixedByteSVMutableForwardIndexTest
[217] WARN TestMethodFilter - NoClassDefFoundError: class org.apache.pinot.segment.local.segment.index.forward.mutable.FixedByteMVMutableForwardIndexTest
[217] WARN TestMethodFilter - NoClassDefFoundError: class org.apache.pinot.segment.local.segment.index.forward.mutable.VarByteSVMutableForwardIndexTest
[217] WARN TestMethodFilter - NoClassDefFoundError: class org.apache.pinot.segment.local.segment.index.forward.FixedByteChunkSVForwardIndexTest
[217] WARN TestMethodFilter - NoClassDefFoundError: class org.apache.pinot.segment.local.segment.index.forward.VarByteChunkSVForwardIndexTest
[217] WARN TestMethodFilter - NoClassDefFoundError: class org.apache.pinot.segment.local.segment.index.converter.SegmentV1V2ToV3FormatConverterTest
[217] WARN TestMethodFilter - NoClassDefFoundError: class org.apache.pinot.segment.local.segment.index.ColumnMetadataTest
[217] WARN TestMethodFilter - NoClassDefFoundError: class org.apache.pinot.segment.local.segment.index.H3IndexTest
[217] WARN TestMethodFilter - NoClassDefFoundError: class org.apache.pinot.segment.local.segment.index.IndexOverridesTest
[217] WARN TestMethodFilter - NoClassDefFoundError: class org.apache.pinot.segment.local.segment.index.loader.LoaderTest
[217] WARN TestMethodFilter - NoClassDefFoundError: class org.apache.pinot.segment.local.segment.index.loader.SegmentPreProcessorTest
[218] WARN TestMethodFilter - NoClassDefFoundError: class org.apache.pinot.segment.local.segment.index.loader.defaultcolumn.BaseDefaultColumnHandlerTest
[218] WARN TestMethodFilter - NoClassDefFoundError: class org.apache.pinot.segment.local.segment.index.readers.NullValueVectorReaderImplTest
[218] WARN TestMethodFilter - NoClassDefFoundError: class org.apache.pinot.segment.local.segment.index.readers.ImmutableDictionaryTest
[219] WARN TestMethodFilter - NoClassDefFoundError: class org.apache.pinot.segment.local.segment.index.readers.ImmutableDictionaryTypeConversionTest
[219] WARN TestMethodFilter - NoClassDefFoundError: class org.apache.pinot.segment.local.segment.index.JsonIndexTest
[219] WARN TestMethodFilter - NoClassDefFoundError: class org.apache.pinot.segment.local.segment.readers.RecordReaderSampleDataTest
[219] WARN TestMethodFilter - NoClassDefFoundError: class org.apache.pinot.segment.local.segment.readers.MultiplePinotSegmentRecordReaderTest
[219] WARN TestMethodFilter - NoClassDefFoundError: class org.apache.pinot.segment.local.segment.readers.PinotSegmentUtil
[219] WARN TestMethodFilter - NoClassDefFoundError: class org.apache.pinot.segment.local.segment.readers.PinotSegmentRecordReaderTest
[219] WARN TestMethodFilter - NoClassDefFoundError: class org.apache.pinot.segment.local.segment.store.SingleFileIndexDirectoryTest
[219] WARN TestMethodFilter - NoClassDefFoundError: class org.apache.pinot.segment.local.segment.store.SegmentLocalFSDirectoryTest
[219] WARN TestMethodFilter - NoClassDefFoundError: class org.apache.pinot.segment.local.segment.store.FilePerIndexDirectoryTest
[219] WARN TestMethodFilter - NoClassDefFoundError: class org.apache.pinot.segment.local.segment.store.ColumnIndexDirectoryTestHelper
[220] WARN TestMethodFilter - NoClassDefFoundError: class org.apache.pinot.segment.local.indexsegment.mutable.MutableSegmentImplIngestionAggregationTest
[220] WARN TestMethodFilter - NoClassDefFoundError: class org.apache.pinot.segment.local.indexsegment.mutable.MutableSegmentImplTestUtils
[220] WARN TestMethodFilter - NoClassDefFoundError: class org.apache.pinot.segment.local.indexsegment.mutable.IndexingFailureTest
[220] WARN TestMethodFilter - NoClassDefFoundError: class org.apache.pinot.segment.local.indexsegment.mutable.MutableSegmentImplUpsertTest
[220] WARN TestMethodFilter - NoClassDefFoundError: class org.apache.pinot.segment.local.indexsegment.mutable.MutableSegmentImplTest
[220] WARN TestMethodFilter - NoClassDefFoundError: class org.apache.pinot.segment.local.indexsegment.mutable.IntermediateSegmentTest
[220] WARN TestMethodFilter - NoClassDefFoundError: class org.apache.pinot.segment.local.indexsegment.mutable.MutableSegmentImplAggregateMetricsTest
[220] WARN TestMethodFilter - NoClassDefFoundError: class org.apache.pinot.segment.local.indexsegment.mutable.MutableSegmentImplUpsertComparisonColTest
[222] INFO CoverageRunner - Tests found: 0
[222] INFO CoverageRunner - Tests executed: 0
12:35:53.624 [main] INFO  fr.inria.jtravis.JTravis - GitHub ratelimit: Limit: 5000 Remaining: 3313 Reset hour: 05:09:46
12:35:54.888 [main] WARN  f.i.s.r.p.s.p.PushFaultLocalizationSuggestionsOnGitHubRepository - Flacoco has found 0 suspicious lines, but none were matched to the diff
12:35:54.888 [main] INFO  f.i.s.r.p.s.f.FlacocoLocalization - 
12:35:58.493 [main] INFO  f.i.s.r.p.i.ProjectInspector - ----------------------------------------------------------------------
12:35:58.493 [main] INFO  f.i.s.r.p.i.ProjectInspector - PIPELINE EXECUTION SUMMARY
12:35:58.493 [main] INFO  f.i.s.r.p.i.ProjectInspector - ----------------------------------------------------------------------
12:35:58.493 [main] INFO  f.i.s.r.p.i.ProjectInspector - CloneCheckoutGitPullRequest..........................SUCCESS [  20 s ]
12:35:58.493 [main] INFO  f.i.s.r.p.i.ProjectInspector - BuildProject.........................................SUCCESS [ 497 s ]
12:35:58.493 [main] INFO  f.i.s.r.p.i.ProjectInspector - TestProject..........................................SUCCESS [ 353 s ]
12:35:58.493 [main] INFO  f.i.s.r.p.i.ProjectInspector - ComputeClasspath.....................................SUCCESS [   5 s ]
12:35:58.493 [main] INFO  f.i.s.r.p.i.ProjectInspector - ComputeSourceDir.....................................SUCCESS [   0 s ]
12:35:58.494 [main] INFO  f.i.s.r.p.i.ProjectInspector - ComputeTestDir.......................................SUCCESS [   0 s ]
12:35:58.494 [main] INFO  f.i.s.r.p.i.ProjectInspector - GatherTestInformation................................SUCCESS [   0 s ]
12:35:58.494 [main] INFO  f.i.s.r.p.i.ProjectInspector - FlacocoLocalization..................................SUCCESS [   0 s ]
12:35:58.494 [main] INFO  f.i.s.r.p.i.ProjectInspector - PushFaultLocalizationSuggestionsOnGitHubRepository...SKIPPED          
12:35:58.495 [main] INFO  f.i.s.r.p.i.ProjectInspector - ----------------------------------------------------------------------
12:35:58.495 [main] INFO  f.i.s.r.p.i.ProjectInspector - PIPELINE FINDING: TEST FAILURE
12:35:58.495 [main] INFO  f.i.s.r.p.i.ProjectInspector - ----------------------------------------------------------------------
12:35:58.495 [main] INFO  f.i.s.r.p.github.GithubMainProcess - Inspector is finished. The process will exit now.
