Execute pipeline with following supplementary args: --smtpPort 25 --listenerMode NOOP --launcherMode FAULT_LOCALIZATION  --gitrepourl https://github.com/apache/pinot --gitrepopullrequest 8914
java -cp /usr/local/openjdk-11/lib/tools.jar:repairnator-pipeline.jar -Dlogback.configurationFile=/root/logback.xml fr.inria.spirals.repairnator.pipeline.Launcher -d --runId null -o /var/log --ghOauth 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 --faultLocalization --flacocoThreshold 0.0 --flacocoTopK null --flacocoResultsRepository flacocobot/2022-flacocobot-experiment --ghOauth  --smtpPort 25 --listenerMode NOOP --launcherMode FAULT_LOCALIZATION  --gitrepourl https://github.com/apache/pinot --gitrepopullrequest 8914

02:14:13.843 [main] INFO  f.i.s.r.p.g.GithubInitSerializerEngines - Initialize file serializer engines.
02:14:13.844 [main] INFO  f.i.s.r.p.g.GithubInitSerializerEngines - MongoDB won't be used for serialization.
02:14:13.844 [main] INFO  f.i.s.r.p.github.GithubInitNotifiers - The email notifier engine won't be used.
02:14:13.858 [main] INFO  f.i.s.r.p.i.ProjectInspector - ----------------------------------------------------------------------
02:14:13.858 [main] INFO  f.i.s.r.p.i.ProjectInspector - PIPELINE STEPS
02:14:13.858 [main] INFO  f.i.s.r.p.i.ProjectInspector - ----------------------------------------------------------------------
02:14:13.858 [main] INFO  f.i.s.r.p.i.ProjectInspector - CloneCheckoutGitPullRequest
02:14:13.859 [main] INFO  f.i.s.r.p.i.ProjectInspector - BuildProject
02:14:13.859 [main] INFO  f.i.s.r.p.i.ProjectInspector - TestProject
02:14:13.859 [main] INFO  f.i.s.r.p.i.ProjectInspector - ComputeClasspath
02:14:13.859 [main] INFO  f.i.s.r.p.i.ProjectInspector - ComputeSourceDir
02:14:13.859 [main] INFO  f.i.s.r.p.i.ProjectInspector - ComputeTestDir
02:14:13.859 [main] INFO  f.i.s.r.p.i.ProjectInspector - GatherTestInformation
02:14:13.859 [main] INFO  f.i.s.r.p.i.ProjectInspector - FlacocoLocalization
02:14:13.859 [main] INFO  f.i.s.r.p.i.ProjectInspector - PushFaultLocalizationSuggestionsOnGitHubRepository
02:14:13.859 [main] INFO  f.i.s.r.p.s.CloneCheckoutGitPullRequest - Cloning repository https://github.com/apache/pinot.git in the following directory: ./workspace/apache-pinot-master-8914_repo
02:15:04.417 [Thread-5] ERROR f.i.s.r.p.m.output.MavenErrorHandler - Warning: Lookahead adequacy checking not being performed since option LOOKAHEAD is more than 1.  Set option FORCE_LA_CHECK to true to force checking.
02:23:23.750 [Thread-7] ERROR f.i.s.r.p.m.o.MavenFilterOutputHandler - [ERROR] WARNING: An illegal reflective access operation has occurred
02:23:23.750 [Thread-7] ERROR f.i.s.r.p.m.o.MavenFilterOutputHandler - [ERROR] WARNING: Illegal reflective access by org.codehaus.groovy.vmplugin.v7.Java7$1 (file:/root/workspace/apache-pinot-master-8914_repo/.m2/org/codehaus/groovy/groovy-all/2.4.21/groovy-all-2.4.21.jar) to constructor java.lang.invoke.MethodHandles$Lookup(java.lang.Class,int)
02:23:23.751 [Thread-7] ERROR f.i.s.r.p.m.o.MavenFilterOutputHandler - [ERROR] WARNING: Please consider reporting this to the maintainers of org.codehaus.groovy.vmplugin.v7.Java7$1
02:23:23.751 [Thread-7] ERROR f.i.s.r.p.m.o.MavenFilterOutputHandler - [ERROR] WARNING: Use --illegal-access=warn to enable warnings of further illegal reflective access operations
02:23:23.751 [Thread-7] ERROR f.i.s.r.p.m.o.MavenFilterOutputHandler - [ERROR] WARNING: All illegal access operations will be denied in a future release
02:23:33.634 [Thread-7] ERROR f.i.s.r.p.m.o.MavenFilterOutputHandler - [ERROR] WARNING: An illegal reflective access operation has occurred
02:23:33.634 [Thread-7] ERROR f.i.s.r.p.m.o.MavenFilterOutputHandler - [ERROR] WARNING: Illegal reflective access by xerial.larray.buffer.UnsafeUtil (file:/root/workspace/apache-pinot-master-8914_repo/.m2/org/xerial/larray/larray-buffer/0.4.1/larray-buffer-0.4.1.jar) to constructor java.nio.DirectByteBuffer(long,int,java.lang.Object)
02:23:33.634 [Thread-7] ERROR f.i.s.r.p.m.o.MavenFilterOutputHandler - [ERROR] WARNING: Please consider reporting this to the maintainers of xerial.larray.buffer.UnsafeUtil
02:23:33.634 [Thread-7] ERROR f.i.s.r.p.m.o.MavenFilterOutputHandler - [ERROR] WARNING: Use --illegal-access=warn to enable warnings of further illegal reflective access operations
02:23:33.634 [Thread-7] ERROR f.i.s.r.p.m.o.MavenFilterOutputHandler - [ERROR] WARNING: All illegal access operations will be denied in a future release
02:24:00.226 [Thread-8] ERROR f.i.s.r.p.m.output.MavenErrorHandler - java.lang.NullPointerException
02:24:00.227 [Thread-8] ERROR f.i.s.r.p.m.output.MavenErrorHandler - 	at org.testng.reporters.JUnitXMLReporter.generateReport(JUnitXMLReporter.java:152)
02:24:00.227 [Thread-8] ERROR f.i.s.r.p.m.output.MavenErrorHandler - 	at org.testng.reporters.JUnitXMLReporter.onFinish(JUnitXMLReporter.java:112)
02:24:00.227 [Thread-8] ERROR f.i.s.r.p.m.output.MavenErrorHandler - 	at org.testng.TestRunner.fireEvent(TestRunner.java:1187)
02:24:00.227 [Thread-8] ERROR f.i.s.r.p.m.output.MavenErrorHandler - 	at org.testng.TestRunner.afterRun(TestRunner.java:976)
02:24:00.227 [Thread-8] ERROR f.i.s.r.p.m.output.MavenErrorHandler - 	at org.testng.TestRunner.run(TestRunner.java:606)
02:24:00.227 [Thread-8] ERROR f.i.s.r.p.m.output.MavenErrorHandler - 	at org.testng.SuiteRunner.runTest(SuiteRunner.java:380)
02:24:00.227 [Thread-8] ERROR f.i.s.r.p.m.output.MavenErrorHandler - 	at org.testng.SuiteRunner.runSequentially(SuiteRunner.java:375)
02:24:00.227 [Thread-8] ERROR f.i.s.r.p.m.output.MavenErrorHandler - 	at org.testng.SuiteRunner.privateRun(SuiteRunner.java:340)
02:24:00.227 [Thread-8] ERROR f.i.s.r.p.m.output.MavenErrorHandler - 	at org.testng.SuiteRunner.run(SuiteRunner.java:289)
02:24:00.227 [Thread-8] ERROR f.i.s.r.p.m.output.MavenErrorHandler - 	at org.testng.SuiteRunnerWorker.runSuite(SuiteRunnerWorker.java:52)
02:24:00.227 [Thread-8] ERROR f.i.s.r.p.m.output.MavenErrorHandler - 	at org.testng.SuiteRunnerWorker.run(SuiteRunnerWorker.java:86)
02:24:00.227 [Thread-8] ERROR f.i.s.r.p.m.output.MavenErrorHandler - 	at org.testng.TestNG.runSuitesSequentially(TestNG.java:1301)
02:24:00.227 [Thread-8] ERROR f.i.s.r.p.m.output.MavenErrorHandler - 	at org.testng.TestNG.runSuitesLocally(TestNG.java:1226)
02:24:00.227 [Thread-8] ERROR f.i.s.r.p.m.output.MavenErrorHandler - 	at org.testng.TestNG.runSuites(TestNG.java:1144)
02:24:00.227 [Thread-8] ERROR f.i.s.r.p.m.output.MavenErrorHandler - 	at org.testng.TestNG.run(TestNG.java:1115)
02:24:00.227 [Thread-8] ERROR f.i.s.r.p.m.output.MavenErrorHandler - 	at org.apache.maven.surefire.testng.TestNGExecutor.run(TestNGExecutor.java:136)
02:24:00.227 [Thread-8] ERROR f.i.s.r.p.m.output.MavenErrorHandler - 	at org.apache.maven.surefire.testng.TestNGDirectoryTestSuite.executeSingleClass(TestNGDirectoryTestSuite.java:112)
02:24:00.227 [Thread-8] ERROR f.i.s.r.p.m.output.MavenErrorHandler - 	at org.apache.maven.surefire.testng.TestNGDirectoryTestSuite.execute(TestNGDirectoryTestSuite.java:99)
02:24:00.228 [Thread-8] ERROR f.i.s.r.p.m.output.MavenErrorHandler - 	at org.apache.maven.surefire.testng.TestNGProvider.invoke(TestNGProvider.java:145)
02:24:00.228 [Thread-8] ERROR f.i.s.r.p.m.output.MavenErrorHandler - 	at org.apache.maven.surefire.booter.ForkedBooter.runSuitesInProcess(ForkedBooter.java:428)
02:24:00.228 [Thread-8] ERROR f.i.s.r.p.m.output.MavenErrorHandler - 	at org.apache.maven.surefire.booter.ForkedBooter.execute(ForkedBooter.java:162)
02:24:00.228 [Thread-8] ERROR f.i.s.r.p.m.output.MavenErrorHandler - 	at org.apache.maven.surefire.booter.ForkedBooter.run(ForkedBooter.java:562)
02:24:00.228 [Thread-8] ERROR f.i.s.r.p.m.output.MavenErrorHandler - 	at org.apache.maven.surefire.booter.ForkedBooter.main(ForkedBooter.java:548)
02:24:00.228 [Thread-8] ERROR f.i.s.r.p.m.output.MavenErrorHandler - [TestNG] Reporter org.testng.reporters.JUnitReportReporter@5d39f2d8 failed
02:24:00.228 [Thread-8] ERROR f.i.s.r.p.m.output.MavenErrorHandler - java.lang.NullPointerException
02:24:00.228 [Thread-8] ERROR f.i.s.r.p.m.output.MavenErrorHandler - 	at org.testng.reporters.JUnitReportReporter.generateReport(JUnitReportReporter.java:146)
02:24:00.228 [Thread-8] ERROR f.i.s.r.p.m.output.MavenErrorHandler - 	at org.testng.TestNG.generateReports(TestNG.java:1192)
02:24:00.228 [Thread-8] ERROR f.i.s.r.p.m.output.MavenErrorHandler - 	at org.testng.TestNG.run(TestNG.java:1120)
02:24:00.228 [Thread-8] ERROR f.i.s.r.p.m.output.MavenErrorHandler - 	at org.apache.maven.surefire.testng.TestNGExecutor.run(TestNGExecutor.java:136)
02:24:00.228 [Thread-8] ERROR f.i.s.r.p.m.output.MavenErrorHandler - 	at org.apache.maven.surefire.testng.TestNGDirectoryTestSuite.executeSingleClass(TestNGDirectoryTestSuite.java:112)
02:24:00.228 [Thread-8] ERROR f.i.s.r.p.m.output.MavenErrorHandler - 	at org.apache.maven.surefire.testng.TestNGDirectoryTestSuite.execute(TestNGDirectoryTestSuite.java:99)
02:24:00.228 [Thread-8] ERROR f.i.s.r.p.m.output.MavenErrorHandler - 	at org.apache.maven.surefire.testng.TestNGProvider.invoke(TestNGProvider.java:145)
02:24:00.228 [Thread-8] ERROR f.i.s.r.p.m.output.MavenErrorHandler - 	at org.apache.maven.surefire.booter.ForkedBooter.runSuitesInProcess(ForkedBooter.java:428)
02:24:00.228 [Thread-8] ERROR f.i.s.r.p.m.output.MavenErrorHandler - 	at org.apache.maven.surefire.booter.ForkedBooter.execute(ForkedBooter.java:162)
02:24:00.228 [Thread-8] ERROR f.i.s.r.p.m.output.MavenErrorHandler - 	at org.apache.maven.surefire.booter.ForkedBooter.run(ForkedBooter.java:562)
02:24:00.228 [Thread-8] ERROR f.i.s.r.p.m.output.MavenErrorHandler - 	at org.apache.maven.surefire.booter.ForkedBooter.main(ForkedBooter.java:548)
02:25:20.831 [Thread-7] ERROR f.i.s.r.p.m.o.MavenFilterOutputHandler - [ERROR] WARNING: An illegal reflective access operation has occurred
02:25:20.831 [Thread-7] ERROR f.i.s.r.p.m.o.MavenFilterOutputHandler - [ERROR] WARNING: Illegal reflective access by org.codehaus.groovy.vmplugin.v7.Java7$1 (file:/root/workspace/apache-pinot-master-8914_repo/.m2/org/codehaus/groovy/groovy-all/2.4.21/groovy-all-2.4.21.jar) to constructor java.lang.invoke.MethodHandles$Lookup(java.lang.Class,int)
02:25:20.831 [Thread-7] ERROR f.i.s.r.p.m.o.MavenFilterOutputHandler - [ERROR] WARNING: Please consider reporting this to the maintainers of org.codehaus.groovy.vmplugin.v7.Java7$1
02:25:20.831 [Thread-7] ERROR f.i.s.r.p.m.o.MavenFilterOutputHandler - [ERROR] WARNING: Use --illegal-access=warn to enable warnings of further illegal reflective access operations
02:25:20.831 [Thread-7] ERROR f.i.s.r.p.m.o.MavenFilterOutputHandler - [ERROR] WARNING: All illegal access operations will be denied in a future release
02:25:35.711 [Thread-7] ERROR f.i.s.r.p.m.o.MavenFilterOutputHandler - [ERROR] WARNING: An illegal reflective access operation has occurred
02:25:35.711 [Thread-7] ERROR f.i.s.r.p.m.o.MavenFilterOutputHandler - [ERROR] WARNING: Illegal reflective access by org.codehaus.groovy.vmplugin.v7.Java7$1 (file:/root/workspace/apache-pinot-master-8914_repo/.m2/org/codehaus/groovy/groovy-all/2.4.21/groovy-all-2.4.21.jar) to constructor java.lang.invoke.MethodHandles$Lookup(java.lang.Class,int)
02:25:35.711 [Thread-7] ERROR f.i.s.r.p.m.o.MavenFilterOutputHandler - [ERROR] WARNING: Please consider reporting this to the maintainers of org.codehaus.groovy.vmplugin.v7.Java7$1
02:25:35.712 [Thread-7] ERROR f.i.s.r.p.m.o.MavenFilterOutputHandler - [ERROR] WARNING: Use --illegal-access=warn to enable warnings of further illegal reflective access operations
02:25:35.712 [Thread-7] ERROR f.i.s.r.p.m.o.MavenFilterOutputHandler - [ERROR] WARNING: All illegal access operations will be denied in a future release
02:25:39.518 [Thread-7] ERROR f.i.s.r.p.m.o.MavenFilterOutputHandler - [ERROR] WARNING: An illegal reflective access operation has occurred
02:25:39.519 [Thread-7] ERROR f.i.s.r.p.m.o.MavenFilterOutputHandler - [ERROR] WARNING: Illegal reflective access by org.codehaus.groovy.vmplugin.v7.Java7$1 (file:/root/workspace/apache-pinot-master-8914_repo/.m2/org/codehaus/groovy/groovy-all/2.4.21/groovy-all-2.4.21.jar) to constructor java.lang.invoke.MethodHandles$Lookup(java.lang.Class,int)
02:25:39.519 [Thread-7] ERROR f.i.s.r.p.m.o.MavenFilterOutputHandler - [ERROR] WARNING: Please consider reporting this to the maintainers of org.codehaus.groovy.vmplugin.v7.Java7$1
02:25:39.519 [Thread-7] ERROR f.i.s.r.p.m.o.MavenFilterOutputHandler - [ERROR] WARNING: Use --illegal-access=warn to enable warnings of further illegal reflective access operations
02:25:39.519 [Thread-7] ERROR f.i.s.r.p.m.o.MavenFilterOutputHandler - [ERROR] WARNING: All illegal access operations will be denied in a future release
02:25:41.809 [Thread-7] ERROR f.i.s.r.p.m.o.MavenFilterOutputHandler - [ERROR] WARNING: An illegal reflective access operation has occurred
02:25:41.810 [Thread-7] ERROR f.i.s.r.p.m.o.MavenFilterOutputHandler - [ERROR] WARNING: Illegal reflective access by org.codehaus.groovy.vmplugin.v7.Java7$1 (file:/root/workspace/apache-pinot-master-8914_repo/.m2/org/codehaus/groovy/groovy-all/2.4.21/groovy-all-2.4.21.jar) to constructor java.lang.invoke.MethodHandles$Lookup(java.lang.Class,int)
02:25:41.810 [Thread-7] ERROR f.i.s.r.p.m.o.MavenFilterOutputHandler - [ERROR] WARNING: Please consider reporting this to the maintainers of org.codehaus.groovy.vmplugin.v7.Java7$1
02:25:41.810 [Thread-7] ERROR f.i.s.r.p.m.o.MavenFilterOutputHandler - [ERROR] WARNING: Use --illegal-access=warn to enable warnings of further illegal reflective access operations
02:25:41.810 [Thread-7] ERROR f.i.s.r.p.m.o.MavenFilterOutputHandler - [ERROR] WARNING: All illegal access operations will be denied in a future release
02:26:52.939 [Thread-7] ERROR f.i.s.r.p.m.o.MavenFilterOutputHandler - [ERROR] WARNING: An illegal reflective access operation has occurred
02:26:52.939 [Thread-7] ERROR f.i.s.r.p.m.o.MavenFilterOutputHandler - [ERROR] WARNING: Illegal reflective access by org.codehaus.groovy.vmplugin.v7.Java7$1 (file:/root/workspace/apache-pinot-master-8914_repo/.m2/org/codehaus/groovy/groovy-all/2.4.21/groovy-all-2.4.21.jar) to constructor java.lang.invoke.MethodHandles$Lookup(java.lang.Class,int)
02:26:52.939 [Thread-7] ERROR f.i.s.r.p.m.o.MavenFilterOutputHandler - [ERROR] WARNING: Please consider reporting this to the maintainers of org.codehaus.groovy.vmplugin.v7.Java7$1
02:26:52.939 [Thread-7] ERROR f.i.s.r.p.m.o.MavenFilterOutputHandler - [ERROR] WARNING: Use --illegal-access=warn to enable warnings of further illegal reflective access operations
02:26:52.939 [Thread-7] ERROR f.i.s.r.p.m.o.MavenFilterOutputHandler - [ERROR] WARNING: All illegal access operations will be denied in a future release
02:27:38.093 [Thread-7] ERROR f.i.s.r.p.m.o.MavenFilterOutputHandler - [ERROR] WARNING: An illegal reflective access operation has occurred
02:27:38.094 [Thread-7] ERROR f.i.s.r.p.m.o.MavenFilterOutputHandler - [ERROR] WARNING: Illegal reflective access by xerial.larray.mmap.MMapBuffer (file:/root/workspace/apache-pinot-master-8914_repo/.m2/org/xerial/larray/larray-mmap/0.4.1/larray-mmap-0.4.1.jar) to field java.io.FileDescriptor.fd
02:27:38.094 [Thread-7] ERROR f.i.s.r.p.m.o.MavenFilterOutputHandler - [ERROR] WARNING: Please consider reporting this to the maintainers of xerial.larray.mmap.MMapBuffer
02:27:38.094 [Thread-7] ERROR f.i.s.r.p.m.o.MavenFilterOutputHandler - [ERROR] WARNING: Use --illegal-access=warn to enable warnings of further illegal reflective access operations
02:27:38.094 [Thread-7] ERROR f.i.s.r.p.m.o.MavenFilterOutputHandler - [ERROR] WARNING: All illegal access operations will be denied in a future release
02:27:52.226 [Thread-7] ERROR f.i.s.r.p.m.o.MavenFilterOutputHandler - [ERROR] Tests run: 1, Failures: 1, Errors: 0, Skipped: 0, Time elapsed: 0.216 s <<< FAILURE! - in org.apache.pinot.segment.local.segment.index.H3IndexTest
02:27:52.227 [Thread-7] ERROR f.i.s.r.p.m.o.MavenFilterOutputHandler - [ERROR] org.apache.pinot.segment.local.segment.index.H3IndexTest.testH3Index  Time elapsed: 0.067 s  <<< FAILURE!
02:28:43.322 [Thread-7] ERROR f.i.s.r.p.m.o.MavenFilterOutputHandler - [ERROR] Tests run: 18, Failures: 4, Errors: 0, Skipped: 0, Time elapsed: 35.396 s <<< FAILURE! - in org.apache.pinot.segment.local.segment.index.loader.SegmentPreProcessorTest
02:28:43.322 [Thread-7] ERROR f.i.s.r.p.m.o.MavenFilterOutputHandler - [ERROR] org.apache.pinot.segment.local.segment.index.loader.SegmentPreProcessorTest.testColumnMinMaxValue  Time elapsed: 1.947 s
02:28:43.322 [Thread-7] ERROR f.i.s.r.p.m.o.MavenFilterOutputHandler - [ERROR] org.apache.pinot.segment.local.segment.index.loader.SegmentPreProcessorTest.testEnableFSTIndexOnExistingColumnDictEncoded  Time elapsed: 2.074 s
02:28:43.322 [Thread-7] ERROR f.i.s.r.p.m.o.MavenFilterOutputHandler - [ERROR] org.apache.pinot.segment.local.segment.index.loader.SegmentPreProcessorTest.testEnableFSTIndexOnExistingColumnRaw  Time elapsed: 1.786 s
02:28:43.322 [Thread-7] ERROR f.i.s.r.p.m.o.MavenFilterOutputHandler - [ERROR] org.apache.pinot.segment.local.segment.index.loader.SegmentPreProcessorTest.testEnableFSTIndexOnNewColumnDictEncoded  Time elapsed: 1.769 s
02:28:43.322 [Thread-7] ERROR f.i.s.r.p.m.o.MavenFilterOutputHandler - [ERROR] org.apache.pinot.segment.local.segment.index.loader.SegmentPreProcessorTest.testEnableTextIndexOnExistingDictEncodedColumn  Time elapsed: 3.295 s
02:28:43.322 [Thread-7] ERROR f.i.s.r.p.m.o.MavenFilterOutputHandler - [ERROR] org.apache.pinot.segment.local.segment.index.loader.SegmentPreProcessorTest.testEnableTextIndexOnExistingRawColumn  Time elapsed: 1.903 s
02:28:43.322 [Thread-7] ERROR f.i.s.r.p.m.o.MavenFilterOutputHandler - [ERROR] org.apache.pinot.segment.local.segment.index.loader.SegmentPreProcessorTest.testEnableTextIndexOnNewColumnDictEncoded  Time elapsed: 2.121 s
02:28:43.322 [Thread-7] ERROR f.i.s.r.p.m.o.MavenFilterOutputHandler - [ERROR] org.apache.pinot.segment.local.segment.index.loader.SegmentPreProcessorTest.testEnableTextIndexOnNewColumnRaw  Time elapsed: 2.168 s
02:28:43.323 [Thread-7] ERROR f.i.s.r.p.m.o.MavenFilterOutputHandler - [ERROR] org.apache.pinot.segment.local.segment.index.loader.SegmentPreProcessorTest.testV1CleanupH3AndTextIndices  Time elapsed: 1.012 s  <<< FAILURE!
02:28:43.325 [Thread-7] ERROR f.i.s.r.p.m.o.MavenFilterOutputHandler - [ERROR] org.apache.pinot.segment.local.segment.index.loader.SegmentPreProcessorTest.testV1CleanupIndices  Time elapsed: 0.915 s
02:28:43.325 [Thread-7] ERROR f.i.s.r.p.m.o.MavenFilterOutputHandler - [ERROR] org.apache.pinot.segment.local.segment.index.loader.SegmentPreProcessorTest.testV1CreateInvertedIndices  Time elapsed: 4.774 s
02:28:43.325 [Thread-7] ERROR f.i.s.r.p.m.o.MavenFilterOutputHandler - [ERROR] org.apache.pinot.segment.local.segment.index.loader.SegmentPreProcessorTest.testV1IfNeedProcess  Time elapsed: 0.862 s  <<< FAILURE!
02:28:43.327 [Thread-7] ERROR f.i.s.r.p.m.o.MavenFilterOutputHandler - [ERROR] org.apache.pinot.segment.local.segment.index.loader.SegmentPreProcessorTest.testV1UpdateDefaultColumns  Time elapsed: 1.211 s
02:28:43.327 [Thread-7] ERROR f.i.s.r.p.m.o.MavenFilterOutputHandler - [ERROR] org.apache.pinot.segment.local.segment.index.loader.SegmentPreProcessorTest.testV3CleanupH3AndTextIndices  Time elapsed: 0.927 s  <<< FAILURE!
02:28:43.329 [Thread-7] ERROR f.i.s.r.p.m.o.MavenFilterOutputHandler - [ERROR] org.apache.pinot.segment.local.segment.index.loader.SegmentPreProcessorTest.testV3CleanupIndices  Time elapsed: 0.987 s
02:28:43.329 [Thread-7] ERROR f.i.s.r.p.m.o.MavenFilterOutputHandler - [ERROR] org.apache.pinot.segment.local.segment.index.loader.SegmentPreProcessorTest.testV3CreateInvertedIndices  Time elapsed: 4.932 s
02:28:43.329 [Thread-7] ERROR f.i.s.r.p.m.o.MavenFilterOutputHandler - [ERROR] org.apache.pinot.segment.local.segment.index.loader.SegmentPreProcessorTest.testV3IfNeedProcess  Time elapsed: 0.968 s  <<< FAILURE!
02:28:43.331 [Thread-7] ERROR f.i.s.r.p.m.o.MavenFilterOutputHandler - [ERROR] org.apache.pinot.segment.local.segment.index.loader.SegmentPreProcessorTest.testV3UpdateDefaultColumns  Time elapsed: 0.99 s
02:29:42.670 [Thread-7] ERROR f.i.s.r.p.m.o.MavenFilterOutputHandler - [ERROR] Failures: 
02:29:42.671 [Thread-7] ERROR f.i.s.r.p.m.o.MavenFilterOutputHandler - [ERROR]   H3IndexTest.testH3Index:84 » UnsatisfiedLink /tmp/libh3-java162219462187877317...
02:29:42.671 [Thread-7] ERROR f.i.s.r.p.m.o.MavenFilterOutputHandler - [ERROR]   SegmentPreProcessorTest.testV1CleanupH3AndTextIndices:1034 » UnsatisfiedLink /...
02:29:42.671 [Thread-7] ERROR f.i.s.r.p.m.o.MavenFilterOutputHandler - [ERROR]   SegmentPreProcessorTest.testV1IfNeedProcess:1115->testIfNeedProcess:1177 » NoClassDefFound
02:29:42.671 [Thread-7] ERROR f.i.s.r.p.m.o.MavenFilterOutputHandler - [ERROR]   SegmentPreProcessorTest.testV3CleanupH3AndTextIndices:1085 » NoClassDefFound C...
02:29:42.671 [Thread-7] ERROR f.i.s.r.p.m.o.MavenFilterOutputHandler - [ERROR]   SegmentPreProcessorTest.testV3IfNeedProcess:1125->testIfNeedProcess:1177 » NoClassDefFound
02:29:42.671 [Thread-7] ERROR f.i.s.r.p.m.o.MavenFilterOutputHandler - [ERROR] Tests run: 2292, Failures: 5, Errors: 0, Skipped: 0
02:29:42.686 [Thread-7] ERROR f.i.s.r.p.m.o.MavenFilterOutputHandler - [ERROR] Failed to execute goal org.apache.maven.plugins:maven-surefire-plugin:3.0.0-M5:test (default-test) on project pinot-segment-local: There are test failures.
02:29:42.687 [Thread-7] ERROR f.i.s.r.p.m.o.MavenFilterOutputHandler - [ERROR] 
02:29:42.687 [Thread-7] ERROR f.i.s.r.p.m.o.MavenFilterOutputHandler - [ERROR] Please refer to /root/workspace/apache-pinot-master-8914_repo/pinot-segment-local/target/surefire-reports for the individual test results.
02:29:42.687 [Thread-7] ERROR f.i.s.r.p.m.o.MavenFilterOutputHandler - [ERROR] Please refer to dump files (if any exist) [date].dump, [date]-jvmRun[N].dump and [date].dumpstream.
02:29:42.687 [Thread-7] ERROR f.i.s.r.p.m.o.MavenFilterOutputHandler - [ERROR] -> [Help 1]
02:29:42.690 [Thread-7] ERROR f.i.s.r.p.m.o.MavenFilterOutputHandler - [ERROR] 
02:29:42.690 [Thread-7] ERROR f.i.s.r.p.m.o.MavenFilterOutputHandler - [ERROR] Re-run Maven using the -X switch to enable full debug logging.
02:29:42.691 [Thread-7] ERROR f.i.s.r.p.m.o.MavenFilterOutputHandler - [ERROR] 
02:29:42.691 [Thread-7] ERROR f.i.s.r.p.m.o.MavenFilterOutputHandler - [ERROR] For more information about the errors and possible solutions, please read the following articles:
02:29:42.691 [Thread-7] ERROR f.i.s.r.p.m.o.MavenFilterOutputHandler - [ERROR] [Help 1] http://cwiki.apache.org/confluence/display/MAVEN/MojoFailureException
02:29:42.691 [Thread-7] ERROR f.i.s.r.p.m.o.MavenFilterOutputHandler - [ERROR] 
02:29:42.691 [Thread-7] ERROR f.i.s.r.p.m.o.MavenFilterOutputHandler - [ERROR] After correcting the problems, you can resume the build with the command
02:29:42.691 [Thread-7] ERROR f.i.s.r.p.m.o.MavenFilterOutputHandler - [ERROR]   mvn <goals> -rf :pinot-segment-local
02:29:50.183 [main] ERROR f.i.s.r.p.s.paths.ComputeClasspath - The classpath file is empty.
02:29:50.183 [main] ERROR f.i.s.r.p.s.paths.ComputeClasspath - The classpath seems not to contain JUnit, maybe this project does not use JUnit for testing.
02:29:50.184 [main] ERROR f.i.s.r.p.s.paths.ComputeClasspath - The file does not exist: /root/./workspace/apache-pinot-master-8914_repo/target/classes.
02:29:50.184 [main] ERROR f.i.s.r.p.s.paths.ComputeClasspath - The file does not exist: /root/./workspace/apache-pinot-master-8914_repo/target/test-classes.
02:29:50.314 [main] ERROR f.i.s.r.p.s.paths.ComputeSourceDir - The source directory is not at default location or specified in build section from pom.xml, and no parent can be found.
02:29:50.318 [main] ERROR f.i.s.r.p.s.paths.ComputeSourceDir - The source directory is not at default location or specified in build section from pom.xml, and no parent can be found.
02:29:50.328 [main] INFO  f.i.s.r.p.s.paths.ComputeSourceDir - 52 source dirs were found:
02:29:50.328 [main] INFO  f.i.s.r.p.s.paths.ComputeSourceDir - /root/workspace/apache-pinot-master-8914_repo/contrib/pinot-fmpp-maven-plugin/src/main/java
02:29:50.328 [main] INFO  f.i.s.r.p.s.paths.ComputeSourceDir - /root/workspace/apache-pinot-master-8914_repo/pinot-broker/src/main/java
02:29:50.328 [main] INFO  f.i.s.r.p.s.paths.ComputeSourceDir - /root/workspace/apache-pinot-master-8914_repo/pinot-clients/pinot-java-client/src/main/java
02:29:50.328 [main] INFO  f.i.s.r.p.s.paths.ComputeSourceDir - /root/workspace/apache-pinot-master-8914_repo/pinot-clients/pinot-jdbc-client/src/main/java
02:29:50.328 [main] INFO  f.i.s.r.p.s.paths.ComputeSourceDir - /root/workspace/apache-pinot-master-8914_repo/pinot-common/src/main/java
02:29:50.328 [main] INFO  f.i.s.r.p.s.paths.ComputeSourceDir - /root/workspace/apache-pinot-master-8914_repo/pinot-compatibility-verifier/src/main/java
02:29:50.328 [main] INFO  f.i.s.r.p.s.paths.ComputeSourceDir - /root/workspace/apache-pinot-master-8914_repo/pinot-connectors/pinot-flink-connector/src/main/java
02:29:50.328 [main] INFO  f.i.s.r.p.s.paths.ComputeSourceDir - /root/workspace/apache-pinot-master-8914_repo/pinot-connectors/pinot-spark-connector/src/main/scala
02:29:50.328 [main] INFO  f.i.s.r.p.s.paths.ComputeSourceDir - /root/workspace/apache-pinot-master-8914_repo/pinot-controller/src/main/java
02:29:50.328 [main] INFO  f.i.s.r.p.s.paths.ComputeSourceDir - /root/workspace/apache-pinot-master-8914_repo/pinot-core/src/main/java
02:29:50.329 [main] INFO  f.i.s.r.p.s.paths.ComputeSourceDir - /root/workspace/apache-pinot-master-8914_repo/pinot-integration-tests/src/main/java
02:29:50.329 [main] INFO  f.i.s.r.p.s.paths.ComputeSourceDir - /root/workspace/apache-pinot-master-8914_repo/pinot-minion/src/main/java
02:29:50.329 [main] INFO  f.i.s.r.p.s.paths.ComputeSourceDir - /root/workspace/apache-pinot-master-8914_repo/pinot-perf/src/main/java
02:29:50.329 [main] INFO  f.i.s.r.p.s.paths.ComputeSourceDir - /root/workspace/apache-pinot-master-8914_repo/pinot-plugins/pinot-batch-ingestion/pinot-batch-ingestion-common/src/main/java
02:29:50.329 [main] INFO  f.i.s.r.p.s.paths.ComputeSourceDir - /root/workspace/apache-pinot-master-8914_repo/pinot-plugins/pinot-batch-ingestion/pinot-batch-ingestion-hadoop/src/main/java
02:29:50.329 [main] INFO  f.i.s.r.p.s.paths.ComputeSourceDir - /root/workspace/apache-pinot-master-8914_repo/pinot-plugins/pinot-batch-ingestion/pinot-batch-ingestion-spark-2.4/src/main/java
02:29:50.329 [main] INFO  f.i.s.r.p.s.paths.ComputeSourceDir - /root/workspace/apache-pinot-master-8914_repo/pinot-plugins/pinot-batch-ingestion/pinot-batch-ingestion-spark-3.2/src/main/java
02:29:50.329 [main] INFO  f.i.s.r.p.s.paths.ComputeSourceDir - /root/workspace/apache-pinot-master-8914_repo/pinot-plugins/pinot-batch-ingestion/pinot-batch-ingestion-standalone/src/main/java
02:29:50.329 [main] INFO  f.i.s.r.p.s.paths.ComputeSourceDir - /root/workspace/apache-pinot-master-8914_repo/pinot-plugins/pinot-batch-ingestion/v0_deprecated/pinot-hadoop/src/main/java
02:29:50.329 [main] INFO  f.i.s.r.p.s.paths.ComputeSourceDir - /root/workspace/apache-pinot-master-8914_repo/pinot-plugins/pinot-batch-ingestion/v0_deprecated/pinot-ingestion-common/src/main/java
02:29:50.329 [main] INFO  f.i.s.r.p.s.paths.ComputeSourceDir - /root/workspace/apache-pinot-master-8914_repo/pinot-plugins/pinot-batch-ingestion/v0_deprecated/pinot-spark/src/main/java
02:29:50.329 [main] INFO  f.i.s.r.p.s.paths.ComputeSourceDir - /root/workspace/apache-pinot-master-8914_repo/pinot-plugins/pinot-environment/pinot-azure/src/main/java
02:29:50.329 [main] INFO  f.i.s.r.p.s.paths.ComputeSourceDir - /root/workspace/apache-pinot-master-8914_repo/pinot-plugins/pinot-file-system/pinot-adls/src/main/java
02:29:50.329 [main] INFO  f.i.s.r.p.s.paths.ComputeSourceDir - /root/workspace/apache-pinot-master-8914_repo/pinot-plugins/pinot-file-system/pinot-gcs/src/main/java
02:29:50.329 [main] INFO  f.i.s.r.p.s.paths.ComputeSourceDir - /root/workspace/apache-pinot-master-8914_repo/pinot-plugins/pinot-file-system/pinot-hdfs/src/main/java
02:29:50.329 [main] INFO  f.i.s.r.p.s.paths.ComputeSourceDir - /root/workspace/apache-pinot-master-8914_repo/pinot-plugins/pinot-file-system/pinot-s3/src/main/java
02:29:50.329 [main] INFO  f.i.s.r.p.s.paths.ComputeSourceDir - /root/workspace/apache-pinot-master-8914_repo/pinot-plugins/pinot-input-format/pinot-avro-base/src/main/java
02:29:50.329 [main] INFO  f.i.s.r.p.s.paths.ComputeSourceDir - /root/workspace/apache-pinot-master-8914_repo/pinot-plugins/pinot-input-format/pinot-avro/src/main/java
02:29:50.329 [main] INFO  f.i.s.r.p.s.paths.ComputeSourceDir - /root/workspace/apache-pinot-master-8914_repo/pinot-plugins/pinot-input-format/pinot-confluent-avro/src/main/java
02:29:50.329 [main] INFO  f.i.s.r.p.s.paths.ComputeSourceDir - /root/workspace/apache-pinot-master-8914_repo/pinot-plugins/pinot-input-format/pinot-csv/src/main/java
02:29:50.329 [main] INFO  f.i.s.r.p.s.paths.ComputeSourceDir - /root/workspace/apache-pinot-master-8914_repo/pinot-plugins/pinot-input-format/pinot-json/src/main/java
02:29:50.329 [main] INFO  f.i.s.r.p.s.paths.ComputeSourceDir - /root/workspace/apache-pinot-master-8914_repo/pinot-plugins/pinot-input-format/pinot-orc/src/main/java
02:29:50.329 [main] INFO  f.i.s.r.p.s.paths.ComputeSourceDir - /root/workspace/apache-pinot-master-8914_repo/pinot-plugins/pinot-input-format/pinot-parquet/src/main/java
02:29:50.329 [main] INFO  f.i.s.r.p.s.paths.ComputeSourceDir - /root/workspace/apache-pinot-master-8914_repo/pinot-plugins/pinot-input-format/pinot-protobuf/src/main/java
02:29:50.329 [main] INFO  f.i.s.r.p.s.paths.ComputeSourceDir - /root/workspace/apache-pinot-master-8914_repo/pinot-plugins/pinot-input-format/pinot-thrift/src/main/java
02:29:50.329 [main] INFO  f.i.s.r.p.s.paths.ComputeSourceDir - /root/workspace/apache-pinot-master-8914_repo/pinot-plugins/pinot-metrics/pinot-dropwizard/src/main/java
02:29:50.329 [main] INFO  f.i.s.r.p.s.paths.ComputeSourceDir - /root/workspace/apache-pinot-master-8914_repo/pinot-plugins/pinot-metrics/pinot-yammer/src/main/java
02:29:50.329 [main] INFO  f.i.s.r.p.s.paths.ComputeSourceDir - /root/workspace/apache-pinot-master-8914_repo/pinot-plugins/pinot-minion-tasks/pinot-minion-builtin-tasks/src/main/java
02:29:50.329 [main] INFO  f.i.s.r.p.s.paths.ComputeSourceDir - /root/workspace/apache-pinot-master-8914_repo/pinot-plugins/pinot-segment-uploader/pinot-segment-uploader-default/src/main/java
02:29:50.329 [main] INFO  f.i.s.r.p.s.paths.ComputeSourceDir - /root/workspace/apache-pinot-master-8914_repo/pinot-plugins/pinot-segment-writer/pinot-segment-writer-file-based/src/main/java
02:29:50.329 [main] INFO  f.i.s.r.p.s.paths.ComputeSourceDir - /root/workspace/apache-pinot-master-8914_repo/pinot-plugins/pinot-stream-ingestion/pinot-kafka-0.9/src/main/java
02:29:50.329 [main] INFO  f.i.s.r.p.s.paths.ComputeSourceDir - /root/workspace/apache-pinot-master-8914_repo/pinot-plugins/pinot-stream-ingestion/pinot-kafka-2.0/src/main/java
02:29:50.329 [main] INFO  f.i.s.r.p.s.paths.ComputeSourceDir - /root/workspace/apache-pinot-master-8914_repo/pinot-plugins/pinot-stream-ingestion/pinot-kafka-base/src/main/java
02:29:50.329 [main] INFO  f.i.s.r.p.s.paths.ComputeSourceDir - /root/workspace/apache-pinot-master-8914_repo/pinot-plugins/pinot-stream-ingestion/pinot-kinesis/src/main/java
02:29:50.329 [main] INFO  f.i.s.r.p.s.paths.ComputeSourceDir - /root/workspace/apache-pinot-master-8914_repo/pinot-plugins/pinot-stream-ingestion/pinot-pulsar/src/main/java
02:29:50.329 [main] INFO  f.i.s.r.p.s.paths.ComputeSourceDir - /root/workspace/apache-pinot-master-8914_repo/pinot-query-planner/src/main/java
02:29:50.329 [main] INFO  f.i.s.r.p.s.paths.ComputeSourceDir - /root/workspace/apache-pinot-master-8914_repo/pinot-query-runtime/src/main/java
02:29:50.329 [main] INFO  f.i.s.r.p.s.paths.ComputeSourceDir - /root/workspace/apache-pinot-master-8914_repo/pinot-segment-local/src/main/java
02:29:50.329 [main] INFO  f.i.s.r.p.s.paths.ComputeSourceDir - /root/workspace/apache-pinot-master-8914_repo/pinot-segment-spi/src/main/java
02:29:50.329 [main] INFO  f.i.s.r.p.s.paths.ComputeSourceDir - /root/workspace/apache-pinot-master-8914_repo/pinot-server/src/main/java
02:29:50.329 [main] INFO  f.i.s.r.p.s.paths.ComputeSourceDir - /root/workspace/apache-pinot-master-8914_repo/pinot-spi/src/main/java
02:29:50.329 [main] INFO  f.i.s.r.p.s.paths.ComputeSourceDir - /root/workspace/apache-pinot-master-8914_repo/pinot-tools/src/main/java
02:29:50.423 [main] ERROR f.i.s.r.p.step.paths.ComputeTestDir - The test directory is not at default location or specified in build section from pom.xml, and no parent can be found.
02:29:50.438 [main] ERROR f.i.s.r.p.step.paths.ComputeTestDir - The test directory is not at default location or specified in build section from pom.xml, and no parent can be found.
02:29:50.562 [main] ERROR f.i.s.r.process.maven.MavenHelper - Error while building complete model. The raw model will be used. Error message: 1 problem was encountered while building the effective model for org.apache.pinot:pinot-s3:0.11.0-SNAPSHOT
[ERROR] Failed to determine Java version for profile disable-java8-doclint @ software.amazon.awssdk:aws-sdk-java-pom:2.14.28

02:29:50.628 [main] ERROR f.i.s.r.p.step.paths.ComputeTestDir - The test directory is not at default location or specified in build section from pom.xml, and no parent can be found.
02:29:50.681 [main] ERROR f.i.s.r.process.maven.MavenHelper - Error while building complete model. The raw model will be used. Error message: 1 problem was encountered while building the effective model for org.apache.pinot:pinot-kinesis:0.11.0-SNAPSHOT
[ERROR] Failed to determine Java version for profile disable-java8-doclint @ software.amazon.awssdk:aws-sdk-java-pom:2.14.28

02:29:50.713 [main] ERROR f.i.s.r.p.step.paths.ComputeTestDir - The test directory is not at default location or specified in build section from pom.xml, and no parent can be found.
02:29:50.719 [main] ERROR f.i.s.r.p.step.paths.ComputeTestDir - The test directory is not at default location or specified in build section from pom.xml, and no parent can be found.
02:29:50.719 [main] ERROR f.i.s.r.p.step.paths.ComputeTestDir - The test directory is not at default location or specified in build section from pom.xml, and no parent can be found.
02:29:50.743 [main] ERROR f.i.s.r.p.step.paths.ComputeTestDir - The test directory is not at default location or specified in build section from pom.xml, and no parent can be found.
02:29:50.743 [main] ERROR f.i.s.r.p.step.paths.ComputeTestDir - The test directory is not at default location or specified in build section from pom.xml, and no parent can be found.
02:29:50.765 [main] ERROR f.i.s.r.p.step.paths.ComputeTestDir - The test directory is not at default location or specified in build section from pom.xml, and no parent can be found.
02:29:50.779 [main] ERROR f.i.s.r.p.step.paths.ComputeTestDir - The test directory is not at default location or specified in build section from pom.xml, and no parent can be found.
02:29:50.804 [main] ERROR f.i.s.r.p.step.paths.ComputeTestDir - The test directory is not at default location or specified in build section from pom.xml, and no parent can be found.
02:29:50.808 [main] ERROR f.i.s.r.p.step.paths.ComputeTestDir - The test directory is not at default location or specified in build section from pom.xml, and no parent can be found.
02:29:50.818 [main] INFO  f.i.s.r.p.step.paths.ComputeTestDir - 44 test dirs were found:
02:29:50.818 [main] INFO  f.i.s.r.p.step.paths.ComputeTestDir - /root/workspace/apache-pinot-master-8914_repo/pinot-broker/src/test/java
02:29:50.818 [main] INFO  f.i.s.r.p.step.paths.ComputeTestDir - /root/workspace/apache-pinot-master-8914_repo/pinot-clients/pinot-java-client/src/test/java
02:29:50.818 [main] INFO  f.i.s.r.p.step.paths.ComputeTestDir - /root/workspace/apache-pinot-master-8914_repo/pinot-clients/pinot-jdbc-client/src/test/java
02:29:50.818 [main] INFO  f.i.s.r.p.step.paths.ComputeTestDir - /root/workspace/apache-pinot-master-8914_repo/pinot-common/src/test/java
02:29:50.818 [main] INFO  f.i.s.r.p.step.paths.ComputeTestDir - /root/workspace/apache-pinot-master-8914_repo/pinot-connectors/pinot-flink-connector/src/test/java
02:29:50.818 [main] INFO  f.i.s.r.p.step.paths.ComputeTestDir - /root/workspace/apache-pinot-master-8914_repo/pinot-connectors/pinot-spark-connector/src/test/scala
02:29:50.818 [main] INFO  f.i.s.r.p.step.paths.ComputeTestDir - /root/workspace/apache-pinot-master-8914_repo/pinot-controller/src/test/java
02:29:50.818 [main] INFO  f.i.s.r.p.step.paths.ComputeTestDir - /root/workspace/apache-pinot-master-8914_repo/pinot-core/src/test/java
02:29:50.818 [main] INFO  f.i.s.r.p.step.paths.ComputeTestDir - /root/workspace/apache-pinot-master-8914_repo/pinot-integration-test-base/src/test/java
02:29:50.818 [main] INFO  f.i.s.r.p.step.paths.ComputeTestDir - /root/workspace/apache-pinot-master-8914_repo/pinot-integration-tests/src/test/java
02:29:50.818 [main] INFO  f.i.s.r.p.step.paths.ComputeTestDir - /root/workspace/apache-pinot-master-8914_repo/pinot-minion/src/test/java
02:29:50.818 [main] INFO  f.i.s.r.p.step.paths.ComputeTestDir - /root/workspace/apache-pinot-master-8914_repo/pinot-plugins/pinot-batch-ingestion/pinot-batch-ingestion-common/src/test/java
02:29:50.818 [main] INFO  f.i.s.r.p.step.paths.ComputeTestDir - /root/workspace/apache-pinot-master-8914_repo/pinot-plugins/pinot-batch-ingestion/pinot-batch-ingestion-hadoop/src/test/java
02:29:50.818 [main] INFO  f.i.s.r.p.step.paths.ComputeTestDir - /root/workspace/apache-pinot-master-8914_repo/pinot-plugins/pinot-batch-ingestion/pinot-batch-ingestion-spark-2.4/src/test/java
02:29:50.818 [main] INFO  f.i.s.r.p.step.paths.ComputeTestDir - /root/workspace/apache-pinot-master-8914_repo/pinot-plugins/pinot-batch-ingestion/pinot-batch-ingestion-spark-3.2/src/test/java
02:29:50.818 [main] INFO  f.i.s.r.p.step.paths.ComputeTestDir - /root/workspace/apache-pinot-master-8914_repo/pinot-plugins/pinot-batch-ingestion/pinot-batch-ingestion-standalone/src/test/java
02:29:50.818 [main] INFO  f.i.s.r.p.step.paths.ComputeTestDir - /root/workspace/apache-pinot-master-8914_repo/pinot-plugins/pinot-batch-ingestion/v0_deprecated/pinot-hadoop/src/test/java
02:29:50.818 [main] INFO  f.i.s.r.p.step.paths.ComputeTestDir - /root/workspace/apache-pinot-master-8914_repo/pinot-plugins/pinot-batch-ingestion/v0_deprecated/pinot-spark/src/test/java
02:29:50.818 [main] INFO  f.i.s.r.p.step.paths.ComputeTestDir - /root/workspace/apache-pinot-master-8914_repo/pinot-plugins/pinot-environment/pinot-azure/src/test/java
02:29:50.818 [main] INFO  f.i.s.r.p.step.paths.ComputeTestDir - /root/workspace/apache-pinot-master-8914_repo/pinot-plugins/pinot-file-system/pinot-adls/src/test/java
02:29:50.818 [main] INFO  f.i.s.r.p.step.paths.ComputeTestDir - /root/workspace/apache-pinot-master-8914_repo/pinot-plugins/pinot-file-system/pinot-gcs/src/test/java
02:29:50.818 [main] INFO  f.i.s.r.p.step.paths.ComputeTestDir - /root/workspace/apache-pinot-master-8914_repo/pinot-plugins/pinot-file-system/pinot-hdfs/src/test/java
02:29:50.818 [main] INFO  f.i.s.r.p.step.paths.ComputeTestDir - /root/workspace/apache-pinot-master-8914_repo/pinot-plugins/pinot-file-system/pinot-s3/src/test/java
02:29:50.818 [main] INFO  f.i.s.r.p.step.paths.ComputeTestDir - /root/workspace/apache-pinot-master-8914_repo/pinot-plugins/pinot-input-format/pinot-avro-base/src/test/java
02:29:50.818 [main] INFO  f.i.s.r.p.step.paths.ComputeTestDir - /root/workspace/apache-pinot-master-8914_repo/pinot-plugins/pinot-input-format/pinot-csv/src/test/java
02:29:50.818 [main] INFO  f.i.s.r.p.step.paths.ComputeTestDir - /root/workspace/apache-pinot-master-8914_repo/pinot-plugins/pinot-input-format/pinot-json/src/test/java
02:29:50.818 [main] INFO  f.i.s.r.p.step.paths.ComputeTestDir - /root/workspace/apache-pinot-master-8914_repo/pinot-plugins/pinot-input-format/pinot-orc/src/test/java
02:29:50.818 [main] INFO  f.i.s.r.p.step.paths.ComputeTestDir - /root/workspace/apache-pinot-master-8914_repo/pinot-plugins/pinot-input-format/pinot-parquet/src/test/java
02:29:50.818 [main] INFO  f.i.s.r.p.step.paths.ComputeTestDir - /root/workspace/apache-pinot-master-8914_repo/pinot-plugins/pinot-input-format/pinot-protobuf/src/test/java
02:29:50.818 [main] INFO  f.i.s.r.p.step.paths.ComputeTestDir - /root/workspace/apache-pinot-master-8914_repo/pinot-plugins/pinot-input-format/pinot-thrift/src/test/java
02:29:50.818 [main] INFO  f.i.s.r.p.step.paths.ComputeTestDir - /root/workspace/apache-pinot-master-8914_repo/pinot-plugins/pinot-minion-tasks/pinot-minion-builtin-tasks/src/test/java
02:29:50.818 [main] INFO  f.i.s.r.p.step.paths.ComputeTestDir - /root/workspace/apache-pinot-master-8914_repo/pinot-plugins/pinot-segment-writer/pinot-segment-writer-file-based/src/test/java
02:29:50.818 [main] INFO  f.i.s.r.p.step.paths.ComputeTestDir - /root/workspace/apache-pinot-master-8914_repo/pinot-plugins/pinot-stream-ingestion/pinot-kafka-0.9/src/test/java
02:29:50.819 [main] INFO  f.i.s.r.p.step.paths.ComputeTestDir - /root/workspace/apache-pinot-master-8914_repo/pinot-plugins/pinot-stream-ingestion/pinot-kafka-2.0/src/test/java
02:29:50.819 [main] INFO  f.i.s.r.p.step.paths.ComputeTestDir - /root/workspace/apache-pinot-master-8914_repo/pinot-plugins/pinot-stream-ingestion/pinot-kafka-base/src/test/java
02:29:50.819 [main] INFO  f.i.s.r.p.step.paths.ComputeTestDir - /root/workspace/apache-pinot-master-8914_repo/pinot-plugins/pinot-stream-ingestion/pinot-kinesis/src/test/java
02:29:50.819 [main] INFO  f.i.s.r.p.step.paths.ComputeTestDir - /root/workspace/apache-pinot-master-8914_repo/pinot-plugins/pinot-stream-ingestion/pinot-pulsar/src/test/java
02:29:50.819 [main] INFO  f.i.s.r.p.step.paths.ComputeTestDir - /root/workspace/apache-pinot-master-8914_repo/pinot-query-planner/src/test/java
02:29:50.819 [main] INFO  f.i.s.r.p.step.paths.ComputeTestDir - /root/workspace/apache-pinot-master-8914_repo/pinot-query-runtime/src/test/java
02:29:50.819 [main] INFO  f.i.s.r.p.step.paths.ComputeTestDir - /root/workspace/apache-pinot-master-8914_repo/pinot-segment-local/src/test/java
02:29:50.819 [main] INFO  f.i.s.r.p.step.paths.ComputeTestDir - /root/workspace/apache-pinot-master-8914_repo/pinot-segment-spi/src/test/java
02:29:50.819 [main] INFO  f.i.s.r.p.step.paths.ComputeTestDir - /root/workspace/apache-pinot-master-8914_repo/pinot-server/src/test/java
02:29:50.819 [main] INFO  f.i.s.r.p.step.paths.ComputeTestDir - /root/workspace/apache-pinot-master-8914_repo/pinot-spi/src/test/java
02:29:50.819 [main] INFO  f.i.s.r.p.step.paths.ComputeTestDir - /root/workspace/apache-pinot-master-8914_repo/pinot-tools/src/test/java
02:29:51.760 [main] INFO  f.i.s.r.p.s.g.GatherTestInformation - Get the following failing module path: /root/workspace/apache-pinot-master-8914_repo/pinot-segment-local
02:29:51.761 [main] INFO  f.i.s.r.p.s.g.GatherTestInformation - Get the following failing module path: /root/workspace/apache-pinot-master-8914_repo/pinot-segment-local
02:29:51.773 [main] INFO  f.i.s.r.p.s.g.GatherTestInformation - ---Test results---
02:29:51.774 [main] INFO  f.i.s.r.p.s.g.GatherTestInformation -    Total tests: 2845
02:29:51.774 [main] INFO  f.i.s.r.p.s.g.GatherTestInformation -    Tests run: 2845
02:29:51.774 [main] INFO  f.i.s.r.p.s.g.GatherTestInformation -    Tests passing: 2840
02:29:51.774 [main] INFO  f.i.s.r.p.s.g.GatherTestInformation -    Failures: 5
02:29:51.774 [main] INFO  f.i.s.r.p.s.g.GatherTestInformation -    Errors: 0
02:29:51.774 [main] INFO  f.i.s.r.p.s.g.GatherTestInformation -    Skipped: 0
[0] INFO Flacoco - Running Flacoco...
[19] WARN TestMethodFilter - NoClassDefFoundError: class org.apache.pinot.segment.local.startree.v2.builder.OffHeapSingleTreeBuilder
[21] WARN TestMethodFilter - NoClassDefFoundError: class org.apache.pinot.segment.local.startree.v2.builder.OnHeapSingleTreeBuilder
[21] WARN TestMethodFilter - NoClassDefFoundError: class org.apache.pinot.segment.local.startree.v2.builder.StarTreeV2BuilderConfig
[23] WARN TestMethodFilter - NoClassDefFoundError: class org.apache.pinot.segment.local.startree.v2.store.StarTreeIndexMapUtils
[23] WARN TestMethodFilter - NoClassDefFoundError: class org.apache.pinot.segment.local.startree.v2.store.StarTreeLoaderUtils
[24] WARN TestMethodFilter - NoClassDefFoundError: class org.apache.pinot.segment.local.startree.StarTreeBuilderUtils
[24] WARN TestMethodFilter - NoClassDefFoundError: class org.apache.pinot.segment.local.upsert.PartialUpsertHandler
[26] WARN TestMethodFilter - NoClassDefFoundError: class org.apache.pinot.segment.local.upsert.merger.PartialUpsertMergerFactory
[26] WARN TestMethodFilter - NoClassDefFoundError: class org.apache.pinot.segment.local.upsert.RecordLocation
[27] WARN TestMethodFilter - NoClassDefFoundError: class org.apache.pinot.segment.local.upsert.PartitionUpsertMetadataManager
[27] WARN TestMethodFilter - NoClassDefFoundError: class org.apache.pinot.segment.local.aggregator.SumPrecisionValueAggregator
[28] WARN TestMethodFilter - NoClassDefFoundError: class org.apache.pinot.segment.local.aggregator.MaxValueAggregator
[28] WARN TestMethodFilter - NoClassDefFoundError: class org.apache.pinot.segment.local.aggregator.DistinctCountHLLValueAggregator
[28] WARN TestMethodFilter - NoClassDefFoundError: class org.apache.pinot.segment.local.aggregator.AvgValueAggregator
[29] WARN TestMethodFilter - NoClassDefFoundError: class org.apache.pinot.segment.local.aggregator.PercentileEstValueAggregator
[29] WARN TestMethodFilter - NoClassDefFoundError: class org.apache.pinot.segment.local.aggregator.DistinctCountBitmapValueAggregator
[29] WARN TestMethodFilter - NoClassDefFoundError: class org.apache.pinot.segment.local.aggregator.ValueAggregatorFactory
[29] WARN TestMethodFilter - NoClassDefFoundError: class org.apache.pinot.segment.local.aggregator.CountValueAggregator
[30] WARN TestMethodFilter - NoClassDefFoundError: class org.apache.pinot.segment.local.aggregator.MinValueAggregator
[30] WARN TestMethodFilter - NoClassDefFoundError: class org.apache.pinot.segment.local.aggregator.MinMaxRangeValueAggregator
[30] WARN TestMethodFilter - NoClassDefFoundError: class org.apache.pinot.segment.local.aggregator.SumValueAggregator
[31] WARN TestMethodFilter - NoClassDefFoundError: class org.apache.pinot.segment.local.aggregator.PercentileTDigestValueAggregator
[32] WARN TestMethodFilter - NoClassDefFoundError: class org.apache.pinot.segment.local.utils.SchemaUtils
[32] WARN TestMethodFilter - NoClassDefFoundError: class org.apache.pinot.segment.local.utils.HashUtils
[32] WARN TestMethodFilter - NoClassDefFoundError: class org.apache.pinot.segment.local.utils.ReplicationUtils
[33] WARN TestMethodFilter - NoClassDefFoundError: class org.apache.pinot.segment.local.utils.SegmentPushUtils
[34] WARN TestMethodFilter - NoClassDefFoundError: class org.apache.pinot.segment.local.utils.H3Utils
[37] WARN TestMethodFilter - NoClassDefFoundError: class org.apache.pinot.segment.local.utils.nativefst.utils.RegexpMatcher
[37] WARN TestMethodFilter - NoClassDefFoundError: class org.apache.pinot.segment.local.utils.nativefst.utils.RealTimeRegexpMatcher
[38] WARN TestMethodFilter - NoClassDefFoundError: class org.apache.pinot.segment.local.utils.nativefst.builder.FSTUtils
[39] WARN TestMethodFilter - NoClassDefFoundError: class org.apache.pinot.segment.local.utils.nativefst.builder.FSTSerializerImpl
[40] WARN TestMethodFilter - NoClassDefFoundError: class org.apache.pinot.segment.local.utils.nativefst.ImmutableFST
[46] WARN TestMethodFilter - NoClassDefFoundError: class org.apache.pinot.segment.local.utils.nativefst.ConstantArcSizeFST
[48] WARN TestMethodFilter - NoClassDefFoundError: class org.apache.pinot.segment.local.utils.RecordInfo
[48] WARN TestMethodFilter - NoClassDefFoundError: class org.apache.pinot.segment.local.utils.GeometrySerializer
[49] WARN TestMethodFilter - NoClassDefFoundError: class org.apache.pinot.segment.local.utils.GeometryUtils
[49] WARN TestMethodFilter - NoClassDefFoundError: class org.apache.pinot.segment.local.utils.tablestate.TableStateUtils
[50] WARN TestMethodFilter - NoClassDefFoundError: class org.apache.pinot.segment.local.utils.TableConfigUtils
[50] WARN TestMethodFilter - NoClassDefFoundError: class org.apache.pinot.segment.local.utils.fst.FSTBuilder
[51] WARN TestMethodFilter - NoClassDefFoundError: class org.apache.pinot.segment.local.utils.fst.RegexpMatcher
[51] WARN TestMethodFilter - NoClassDefFoundError: class org.apache.pinot.segment.local.utils.IngestionUtils
[52] WARN TestMethodFilter - NoClassDefFoundError: class org.apache.pinot.segment.local.data.manager.TableDataManagerConfig
[53] WARN TestMethodFilter - NoClassDefFoundError: class org.apache.pinot.segment.local.recordtransformer.NullValueTransformer
[53] WARN TestMethodFilter - NoClassDefFoundError: class org.apache.pinot.segment.local.recordtransformer.SanitizationTransformer
[53] WARN TestMethodFilter - NoClassDefFoundError: class org.apache.pinot.segment.local.recordtransformer.DataTypeTransformer
[54] WARN TestMethodFilter - NoClassDefFoundError: class org.apache.pinot.segment.local.recordtransformer.ComplexTypeTransformer
[54] WARN TestMethodFilter - NoClassDefFoundError: class org.apache.pinot.segment.local.recordtransformer.ExpressionTransformer
[54] WARN TestMethodFilter - NoClassDefFoundError: class org.apache.pinot.segment.local.recordtransformer.CompositeTransformer
[55] WARN TestMethodFilter - NoClassDefFoundError: class org.apache.pinot.segment.local.recordtransformer.FilterTransformer
[56] WARN TestMethodFilter - NoClassDefFoundError: class org.apache.pinot.segment.local.realtime.impl.RealtimeSegmentConfig
[61] WARN TestMethodFilter - NoClassDefFoundError: class org.apache.pinot.segment.local.realtime.impl.dictionary.MutableDictionaryFactory
[65] WARN TestMethodFilter - NoClassDefFoundError: class org.apache.pinot.segment.local.realtime.converter.RealtimeSegmentConverter
[67] WARN TestMethodFilter - NoClassDefFoundError: class org.apache.pinot.segment.local.function.GroovyFunctionEvaluator
[68] WARN TestMethodFilter - NoClassDefFoundError: class org.apache.pinot.segment.local.function.InbuiltFunctionEvaluator
[68] WARN TestMethodFilter - NoClassDefFoundError: class org.apache.pinot.segment.local.function.TimeSpecFunctionEvaluator
[68] WARN TestMethodFilter - NoClassDefFoundError: class org.apache.pinot.segment.local.function.FunctionEvaluatorFactory
[68] WARN TestMethodFilter - NoClassDefFoundError: class org.apache.pinot.segment.local.dedup.PartitionDedupMetadataManager
[72] WARN TestMethodFilter - NoClassDefFoundError: class org.apache.pinot.segment.local.io.util.VarLengthValueReader
[75] WARN TestMethodFilter - NoClassDefFoundError: class org.apache.pinot.segment.local.io.compression.ChunkCompressorFactory
[78] WARN TestMethodFilter - NoClassDefFoundError: class org.apache.pinot.segment.local.segment.creator.impl.inv.BitmapInvertedIndexWriter
[79] WARN TestMethodFilter - NoClassDefFoundError: class org.apache.pinot.segment.local.segment.creator.impl.SegmentCreationDriverFactory
[80] WARN TestMethodFilter - NoClassDefFoundError: class org.apache.pinot.segment.local.segment.creator.impl.nullvalue.NullValueVectorCreator
[85] WARN TestMethodFilter - NoClassDefFoundError: class org.apache.pinot.segment.local.segment.creator.Fixtures
[85] WARN TestMethodFilter - NoClassDefFoundError: class org.apache.pinot.segment.local.segment.creator.TransformPipeline
[86] WARN TestMethodFilter - NoClassDefFoundError: class org.apache.pinot.segment.local.segment.index.column.DefaultNullValueVirtualColumnProvider
[87] WARN TestMethodFilter - NoClassDefFoundError: class org.apache.pinot.segment.local.segment.index.column.IntermediateIndexContainer
[87] WARN TestMethodFilter - NoClassDefFoundError: class org.apache.pinot.segment.local.segment.index.converter.SegmentFormatConverterFactory
[89] WARN TestMethodFilter - NoClassDefFoundError: class org.apache.pinot.segment.local.segment.index.loader.LoaderUtils
[89] WARN TestMethodFilter - NoClassDefFoundError: class org.apache.pinot.segment.local.segment.index.loader.bloomfilter.BloomFilterHandler
[89] WARN TestMethodFilter - NoClassDefFoundError: class org.apache.pinot.segment.local.segment.index.loader.IndexLoadingConfig
[90] WARN TestMethodFilter - NoClassDefFoundError: class org.apache.pinot.segment.local.segment.index.loader.defaultcolumn.DefaultColumnHandlerFactory
[91] WARN TestMethodFilter - NoClassDefFoundError: class org.apache.pinot.segment.local.segment.index.loader.defaultcolumn.V1DefaultColumnHandler
[91] WARN TestMethodFilter - NoClassDefFoundError: class org.apache.pinot.segment.local.segment.index.loader.defaultcolumn.V3DefaultColumnHandler
[91] WARN TestMethodFilter - NoClassDefFoundError: class org.apache.pinot.segment.local.segment.index.loader.invertedindex.FSTIndexHandler
[91] WARN TestMethodFilter - NoClassDefFoundError: class org.apache.pinot.segment.local.segment.index.loader.invertedindex.InvertedIndexHandler
[92] WARN TestMethodFilter - NoClassDefFoundError: class org.apache.pinot.segment.local.segment.index.loader.invertedindex.TextIndexHandler
[92] WARN TestMethodFilter - NoClassDefFoundError: class org.apache.pinot.segment.local.segment.index.loader.invertedindex.JsonIndexHandler
[92] WARN TestMethodFilter - NoClassDefFoundError: class org.apache.pinot.segment.local.segment.index.loader.invertedindex.RangeIndexHandler
[93] WARN TestMethodFilter - NoClassDefFoundError: class org.apache.pinot.segment.local.segment.index.loader.invertedindex.H3IndexHandler
[93] WARN TestMethodFilter - NoClassDefFoundError: class org.apache.pinot.segment.local.segment.index.loader.IndexHandlerFactory
[93] WARN TestMethodFilter - NoClassDefFoundError: class org.apache.pinot.segment.local.segment.index.loader.SegmentPreProcessor
[104] WARN TestMethodFilter - NoClassDefFoundError: class org.apache.pinot.segment.local.segment.index.readers.bloom.BloomFilterReaderFactory
[106] WARN TestMethodFilter - NoClassDefFoundError: class org.apache.pinot.segment.local.segment.readers.PinotSegmentColumnReader
[108] WARN TestMethodFilter - NoClassDefFoundError: class org.apache.pinot.segment.local.segment.store.IndexKey
[108] WARN TestMethodFilter - NoClassDefFoundError: class org.apache.pinot.segment.local.segment.store.TextIndexUtils
[109] WARN TestMethodFilter - NoClassDefFoundError: class org.apache.pinot.segment.local.segment.virtualcolumn.DocIdVirtualColumnProvider
[109] WARN TestMethodFilter - NoClassDefFoundError: class org.apache.pinot.segment.local.segment.virtualcolumn.VirtualColumnProviderFactory
[109] WARN TestMethodFilter - NoClassDefFoundError: class org.apache.pinot.segment.local.segment.virtualcolumn.VirtualColumnContext
[117] WARN TestMethodFilter - NoClassDefFoundError: class org.apache.pinot.segment.local.indexsegment.immutable.ImmutableSegmentLoader
[117] WARN TestMethodFilter - NoClassDefFoundError: class org.apache.pinot.segment.local.startree.v2.builder.StarTreeV2BuilderConfigTest
[119] WARN TestMethodFilter - NoClassDefFoundError: class org.apache.pinot.segment.local.upsert.PartitionUpsertMetadataManagerTest
[120] WARN TestMethodFilter - NoClassDefFoundError: class org.apache.pinot.segment.local.utils.TableConfigUtilsTest
[125] WARN TestMethodFilter - NoClassDefFoundError: class org.apache.pinot.segment.local.utils.nativefst.FSTTraversalTest
[126] WARN TestMethodFilter - NoClassDefFoundError: class org.apache.pinot.segment.local.utils.nativefst.ImmutableFSTSerializerTest
[126] WARN TestMethodFilter - NoClassDefFoundError: class org.apache.pinot.segment.local.utils.nativefst.ImmutableFSTDeserializedTest
[128] WARN TestMethodFilter - NoClassDefFoundError: class org.apache.pinot.segment.local.utils.IngestionUtilsTest
[129] WARN TestMethodFilter - NoClassDefFoundError: class org.apache.pinot.segment.local.utils.fst.FSTBuilderTest
[129] WARN TestMethodFilter - NoClassDefFoundError: class org.apache.pinot.segment.local.recordtransformer.ExpressionTransformerTest
[131] WARN TestMethodFilter - NoClassDefFoundError: class org.apache.pinot.segment.local.recordtransformer.RecordTransformerTest
[134] WARN TestMethodFilter - NoClassDefFoundError: class org.apache.pinot.segment.local.realtime.impl.dictionary.MutableDictionaryTest
[135] WARN TestMethodFilter - NoClassDefFoundError: class org.apache.pinot.segment.local.realtime.impl.dictionary.OffHeapMutableBytesStoreTest
[135] WARN TestMethodFilter - NoClassDefFoundError: class org.apache.pinot.segment.local.realtime.impl.dictionary.MultiValueDictionaryTest
[138] WARN TestMethodFilter - NoClassDefFoundError: class org.apache.pinot.segment.local.dedup.PartitionDedupMetadataManagerTest
[140] WARN TestMethodFilter - NoClassDefFoundError: class org.apache.pinot.segment.local.io.writer.impl.VarByteChunkSVForwardIndexWriterTest
[140] WARN TestMethodFilter - NoClassDefFoundError: class org.apache.pinot.segment.local.io.writer.impl.MutableOffHeapByteArrayStoreTest
[140] WARN TestMethodFilter - NoClassDefFoundError: class org.apache.pinot.segment.local.io.writer.impl.MmapMemoryManagerTest
[141] WARN TestMethodFilter - NoClassDefFoundError: class org.apache.pinot.segment.local.io.writer.impl.MmapMemoryManagerFileCleanupTest
[143] WARN TestMethodFilter - NoClassDefFoundError: class org.apache.pinot.segment.local.io.compression.TestCompression
[144] WARN TestMethodFilter - NoClassDefFoundError: class org.apache.pinot.segment.local.segment.creator.SegmentTestUtils
[144] WARN TestMethodFilter - NoClassDefFoundError: class org.apache.pinot.segment.local.segment.creator.impl.SegmentColumnarIndexCreatorTest
[146] WARN TestMethodFilter - NoClassDefFoundError: class org.apache.pinot.segment.local.segment.creator.BitmapInvertedIndexTest
[146] WARN TestMethodFilter - NoClassDefFoundError: class org.apache.pinot.segment.local.segment.creator.DictionaryOptimiserTest
[147] WARN TestMethodFilter - NoClassDefFoundError: class org.apache.pinot.segment.local.segment.creator.DictionariesTest
[147] WARN TestMethodFilter - NoClassDefFoundError: class org.apache.pinot.segment.local.segment.creator.FixedIntArrayIdMapTest
[147] WARN TestMethodFilter - NoClassDefFoundError: class org.apache.pinot.segment.local.segment.creator.OnHeapDictionariesTest
[148] WARN TestMethodFilter - NoClassDefFoundError: class org.apache.pinot.segment.local.segment.creator.BitmapInvertedIndexCreatorTest
[148] WARN TestMethodFilter - NoClassDefFoundError: class org.apache.pinot.segment.local.segment.loader.SegmentDirectoryLoaderRegistryTest
[149] WARN TestMethodFilter - NoClassDefFoundError: class org.apache.pinot.segment.local.segment.index.readerwriter.FixedByteSingleValueMultiColumnReaderWriterTest
[149] WARN TestMethodFilter - NoClassDefFoundError: class org.apache.pinot.segment.local.segment.index.column.DefaultNullValueVirtualColumnProviderTest
[150] WARN TestMethodFilter - NoClassDefFoundError: class org.apache.pinot.segment.local.segment.index.creator.SegmentGenerationWithMultipleRecordsTest
[150] WARN TestMethodFilter - NoClassDefFoundError: class org.apache.pinot.segment.local.segment.index.creator.SegmentGenerationWithFilterRecordsTest
[150] WARN TestMethodFilter - NoClassDefFoundError: class org.apache.pinot.segment.local.segment.index.creator.MultiValueVarByteRawIndexCreatorTest
[152] WARN TestMethodFilter - NoClassDefFoundError: class org.apache.pinot.segment.local.segment.index.creator.SegmentGenerationWithBytesTypeTest
[152] WARN TestMethodFilter - NoClassDefFoundError: class org.apache.pinot.segment.local.segment.index.creator.MultiValueFixedByteRawIndexCreatorTest
[153] WARN TestMethodFilter - NoClassDefFoundError: class org.apache.pinot.segment.local.segment.index.creator.BitSlicedIndexCreatorTest
[154] WARN TestMethodFilter - NoClassDefFoundError: class org.apache.pinot.segment.local.segment.index.creator.RawIndexCreatorTest
[154] WARN TestMethodFilter - NoClassDefFoundError: class org.apache.pinot.segment.local.segment.index.creator.SegmentGenerationWithNoRecordsTest
[155] WARN TestMethodFilter - NoClassDefFoundError: class org.apache.pinot.segment.local.segment.index.creator.VarByteChunkV4Test
[155] WARN TestMethodFilter - NoClassDefFoundError: class org.apache.pinot.segment.local.segment.index.creator.RangeIndexCreatorTest
[156] WARN TestMethodFilter - NoClassDefFoundError: class org.apache.pinot.segment.local.segment.index.creator.SegmentGenerationWithTimeColumnTest
[156] WARN TestMethodFilter - NoClassDefFoundError: class org.apache.pinot.segment.local.segment.index.creator.SegmentPartitionTest
[156] WARN TestMethodFilter - NoClassDefFoundError: class org.apache.pinot.segment.local.segment.index.creator.BloomFilterCreatorTest
[157] WARN TestMethodFilter - NoClassDefFoundError: class org.apache.pinot.segment.local.segment.index.forward.mutable.FixedByteSVMutableForwardIndexTest
[158] WARN TestMethodFilter - NoClassDefFoundError: class org.apache.pinot.segment.local.segment.index.forward.mutable.FixedByteMVMutableForwardIndexTest
[158] WARN TestMethodFilter - NoClassDefFoundError: class org.apache.pinot.segment.local.segment.index.forward.mutable.VarByteSVMutableForwardIndexTest
[158] WARN TestMethodFilter - NoClassDefFoundError: class org.apache.pinot.segment.local.segment.index.forward.FixedByteChunkSVForwardIndexTest
[159] WARN TestMethodFilter - NoClassDefFoundError: class org.apache.pinot.segment.local.segment.index.forward.VarByteChunkSVForwardIndexTest
[160] WARN TestMethodFilter - NoClassDefFoundError: class org.apache.pinot.segment.local.segment.index.converter.SegmentV1V2ToV3FormatConverterTest
[160] WARN TestMethodFilter - NoClassDefFoundError: class org.apache.pinot.segment.local.segment.index.ColumnMetadataTest
[161] WARN TestMethodFilter - NoClassDefFoundError: class org.apache.pinot.segment.local.segment.index.H3IndexTest
[161] WARN TestMethodFilter - NoClassDefFoundError: class org.apache.pinot.segment.local.segment.index.IndexOverridesTest
[162] WARN TestMethodFilter - NoClassDefFoundError: class org.apache.pinot.segment.local.segment.index.loader.LoaderTest
[166] WARN TestMethodFilter - NoClassDefFoundError: class org.apache.pinot.segment.local.segment.index.loader.defaultcolumn.BaseDefaultColumnHandlerTest
[168] WARN TestMethodFilter - NoClassDefFoundError: class org.apache.pinot.segment.local.segment.index.readers.NullValueVectorReaderImplTest
[169] WARN TestMethodFilter - NoClassDefFoundError: class org.apache.pinot.segment.local.segment.index.readers.ImmutableDictionaryTest
[169] WARN TestMethodFilter - NoClassDefFoundError: class org.apache.pinot.segment.local.segment.index.readers.ImmutableDictionaryTypeConversionTest
[170] WARN TestMethodFilter - NoClassDefFoundError: class org.apache.pinot.segment.local.segment.index.JsonIndexTest
[171] WARN TestMethodFilter - NoClassDefFoundError: class org.apache.pinot.segment.local.segment.readers.MultiplePinotSegmentRecordReaderTest
[171] WARN TestMethodFilter - NoClassDefFoundError: class org.apache.pinot.segment.local.segment.readers.PinotSegmentUtil
[172] WARN TestMethodFilter - NoClassDefFoundError: class org.apache.pinot.segment.local.segment.readers.PinotSegmentRecordReaderTest
[172] WARN TestMethodFilter - NoClassDefFoundError: class org.apache.pinot.segment.local.segment.store.SingleFileIndexDirectoryTest
[173] WARN TestMethodFilter - NoClassDefFoundError: class org.apache.pinot.segment.local.segment.store.SegmentLocalFSDirectoryTest
[173] WARN TestMethodFilter - NoClassDefFoundError: class org.apache.pinot.segment.local.segment.store.FilePerIndexDirectoryTest
[174] WARN TestMethodFilter - NoClassDefFoundError: class org.apache.pinot.segment.local.indexsegment.mutable.MutableSegmentImplIngestionAggregationTest
[175] WARN TestMethodFilter - NoClassDefFoundError: class org.apache.pinot.segment.local.indexsegment.mutable.MutableSegmentImplTestUtils
[175] WARN TestMethodFilter - NoClassDefFoundError: class org.apache.pinot.segment.local.indexsegment.mutable.IndexingFailureTest
[175] WARN TestMethodFilter - NoClassDefFoundError: class org.apache.pinot.segment.local.indexsegment.mutable.MutableSegmentImplUpsertTest
[176] WARN TestMethodFilter - NoClassDefFoundError: class org.apache.pinot.segment.local.indexsegment.mutable.MutableSegmentImplTest
[176] WARN TestMethodFilter - NoClassDefFoundError: class org.apache.pinot.segment.local.indexsegment.mutable.IntermediateSegmentTest
[177] WARN TestMethodFilter - NoClassDefFoundError: class org.apache.pinot.segment.local.indexsegment.mutable.MutableSegmentImplAggregateMetricsTest
[177] WARN TestMethodFilter - NoClassDefFoundError: class org.apache.pinot.segment.local.indexsegment.mutable.MutableSegmentImplUpsertComparisonColTest
[187] WARN TestMethodFilter - NoClassDefFoundError: class org.apache.pinot.segment.local.startree.v2.builder.OffHeapSingleTreeBuilder
[188] WARN TestMethodFilter - NoClassDefFoundError: class org.apache.pinot.segment.local.startree.v2.builder.OnHeapSingleTreeBuilder
[188] WARN TestMethodFilter - NoClassDefFoundError: class org.apache.pinot.segment.local.startree.v2.builder.StarTreeV2BuilderConfig
[188] WARN TestMethodFilter - NoClassDefFoundError: class org.apache.pinot.segment.local.startree.v2.builder.MultipleTreesBuilder
[189] WARN TestMethodFilter - NoClassDefFoundError: class org.apache.pinot.segment.local.startree.v2.store.StarTreeIndexMapUtils
[189] WARN TestMethodFilter - NoClassDefFoundError: class org.apache.pinot.segment.local.startree.v2.store.StarTreeLoaderUtils
[189] WARN TestMethodFilter - NoClassDefFoundError: class org.apache.pinot.segment.local.startree.StarTreeBuilderUtils
[189] WARN TestMethodFilter - NoClassDefFoundError: class org.apache.pinot.segment.local.upsert.PartialUpsertHandler
[189] WARN TestMethodFilter - NoClassDefFoundError: class org.apache.pinot.segment.local.upsert.merger.PartialUpsertMergerFactory
[190] WARN TestMethodFilter - NoClassDefFoundError: class org.apache.pinot.segment.local.upsert.RecordLocation
[190] WARN TestMethodFilter - NoClassDefFoundError: class org.apache.pinot.segment.local.upsert.PartitionUpsertMetadataManager
[190] WARN TestMethodFilter - NoClassDefFoundError: class org.apache.pinot.segment.local.aggregator.SumPrecisionValueAggregator
[190] WARN TestMethodFilter - NoClassDefFoundError: class org.apache.pinot.segment.local.aggregator.MaxValueAggregator
[190] WARN TestMethodFilter - NoClassDefFoundError: class org.apache.pinot.segment.local.aggregator.DistinctCountHLLValueAggregator
[190] WARN TestMethodFilter - NoClassDefFoundError: class org.apache.pinot.segment.local.aggregator.AvgValueAggregator
[190] WARN TestMethodFilter - NoClassDefFoundError: class org.apache.pinot.segment.local.aggregator.PercentileEstValueAggregator
[190] WARN TestMethodFilter - NoClassDefFoundError: class org.apache.pinot.segment.local.aggregator.DistinctCountBitmapValueAggregator
[190] WARN TestMethodFilter - NoClassDefFoundError: class org.apache.pinot.segment.local.aggregator.ValueAggregatorFactory
[190] WARN TestMethodFilter - NoClassDefFoundError: class org.apache.pinot.segment.local.aggregator.CountValueAggregator
[190] WARN TestMethodFilter - NoClassDefFoundError: class org.apache.pinot.segment.local.aggregator.MinValueAggregator
[190] WARN TestMethodFilter - NoClassDefFoundError: class org.apache.pinot.segment.local.aggregator.MinMaxRangeValueAggregator
[190] WARN TestMethodFilter - NoClassDefFoundError: class org.apache.pinot.segment.local.aggregator.SumValueAggregator
[190] WARN TestMethodFilter - NoClassDefFoundError: class org.apache.pinot.segment.local.aggregator.PercentileTDigestValueAggregator
[191] WARN TestMethodFilter - NoClassDefFoundError: class org.apache.pinot.segment.local.utils.SchemaUtils
[191] WARN TestMethodFilter - NoClassDefFoundError: class org.apache.pinot.segment.local.utils.HashUtils
[191] WARN TestMethodFilter - NoClassDefFoundError: class org.apache.pinot.segment.local.utils.ReplicationUtils
[191] WARN TestMethodFilter - NoClassDefFoundError: class org.apache.pinot.segment.local.utils.SegmentPushUtils
[191] WARN TestMethodFilter - NoClassDefFoundError: class org.apache.pinot.segment.local.utils.H3Utils
[191] WARN TestMethodFilter - NoClassDefFoundError: class org.apache.pinot.segment.local.utils.nativefst.utils.RegexpMatcher
[191] WARN TestMethodFilter - NoClassDefFoundError: class org.apache.pinot.segment.local.utils.nativefst.utils.RealTimeRegexpMatcher
[192] WARN TestMethodFilter - NoClassDefFoundError: class org.apache.pinot.segment.local.utils.nativefst.builder.FSTUtils
[192] WARN TestMethodFilter - NoClassDefFoundError: class org.apache.pinot.segment.local.utils.nativefst.builder.FSTSerializerImpl
[192] WARN TestMethodFilter - NoClassDefFoundError: class org.apache.pinot.segment.local.utils.nativefst.ImmutableFST
[193] WARN TestMethodFilter - NoClassDefFoundError: class org.apache.pinot.segment.local.utils.nativefst.ConstantArcSizeFST
[194] WARN TestMethodFilter - NoClassDefFoundError: class org.apache.pinot.segment.local.utils.RecordInfo
[194] WARN TestMethodFilter - NoClassDefFoundError: class org.apache.pinot.segment.local.utils.GeometrySerializer
[194] WARN TestMethodFilter - NoClassDefFoundError: class org.apache.pinot.segment.local.utils.GeometryUtils
[194] WARN TestMethodFilter - NoClassDefFoundError: class org.apache.pinot.segment.local.utils.tablestate.TableStateUtils
[194] WARN TestMethodFilter - NoClassDefFoundError: class org.apache.pinot.segment.local.utils.TableConfigUtils
[195] WARN TestMethodFilter - NoClassDefFoundError: class org.apache.pinot.segment.local.utils.fst.FSTBuilder
[195] WARN TestMethodFilter - NoClassDefFoundError: class org.apache.pinot.segment.local.utils.fst.RegexpMatcher
[195] WARN TestMethodFilter - NoClassDefFoundError: class org.apache.pinot.segment.local.utils.IngestionUtils
[195] WARN TestMethodFilter - NoClassDefFoundError: class org.apache.pinot.segment.local.data.manager.TableDataManagerConfig
[195] WARN TestMethodFilter - NoClassDefFoundError: class org.apache.pinot.segment.local.recordtransformer.NullValueTransformer
[195] WARN TestMethodFilter - NoClassDefFoundError: class org.apache.pinot.segment.local.recordtransformer.SanitizationTransformer
[195] WARN TestMethodFilter - NoClassDefFoundError: class org.apache.pinot.segment.local.recordtransformer.DataTypeTransformer
[195] WARN TestMethodFilter - NoClassDefFoundError: class org.apache.pinot.segment.local.recordtransformer.ComplexTypeTransformer
[195] WARN TestMethodFilter - NoClassDefFoundError: class org.apache.pinot.segment.local.recordtransformer.ExpressionTransformer
[195] WARN TestMethodFilter - NoClassDefFoundError: class org.apache.pinot.segment.local.recordtransformer.CompositeTransformer
[195] WARN TestMethodFilter - NoClassDefFoundError: class org.apache.pinot.segment.local.recordtransformer.FilterTransformer
[196] WARN TestMethodFilter - NoClassDefFoundError: class org.apache.pinot.segment.local.realtime.impl.RealtimeSegmentConfig
[199] WARN TestMethodFilter - NoClassDefFoundError: class org.apache.pinot.segment.local.realtime.impl.dictionary.MutableDictionaryFactory
[201] WARN TestMethodFilter - NoClassDefFoundError: class org.apache.pinot.segment.local.realtime.converter.RealtimeSegmentConverter
[202] WARN TestMethodFilter - NoClassDefFoundError: class org.apache.pinot.segment.local.function.GroovyFunctionEvaluator
[202] WARN TestMethodFilter - NoClassDefFoundError: class org.apache.pinot.segment.local.function.InbuiltFunctionEvaluator
[202] WARN TestMethodFilter - NoClassDefFoundError: class org.apache.pinot.segment.local.function.TimeSpecFunctionEvaluator
[202] WARN TestMethodFilter - NoClassDefFoundError: class org.apache.pinot.segment.local.function.FunctionEvaluatorFactory
[202] WARN TestMethodFilter - NoClassDefFoundError: class org.apache.pinot.segment.local.dedup.PartitionDedupMetadataManager
[203] WARN TestMethodFilter - NoClassDefFoundError: class org.apache.pinot.segment.local.io.writer.impl.VarByteChunkSVForwardIndexWriterV4
[203] WARN TestMethodFilter - NoClassDefFoundError: class org.apache.pinot.segment.local.io.util.VarLengthValueReader
[204] WARN TestMethodFilter - NoClassDefFoundError: class org.apache.pinot.segment.local.io.compression.ChunkCompressorFactory
[206] WARN TestMethodFilter - NoClassDefFoundError: class org.apache.pinot.segment.local.segment.creator.impl.inv.BitmapInvertedIndexWriter
[207] WARN TestMethodFilter - NoClassDefFoundError: class org.apache.pinot.segment.local.segment.creator.impl.SegmentCreationDriverFactory
[207] WARN TestMethodFilter - NoClassDefFoundError: class org.apache.pinot.segment.local.segment.creator.impl.nullvalue.NullValueVectorCreator
[211] WARN TestMethodFilter - NoClassDefFoundError: class org.apache.pinot.segment.local.segment.creator.Fixtures
[211] WARN TestMethodFilter - NoClassDefFoundError: class org.apache.pinot.segment.local.segment.creator.TransformPipeline
[212] WARN TestMethodFilter - NoClassDefFoundError: class org.apache.pinot.segment.local.segment.index.column.DefaultNullValueVirtualColumnProvider
[212] WARN TestMethodFilter - NoClassDefFoundError: class org.apache.pinot.segment.local.segment.index.column.IntermediateIndexContainer
[213] WARN TestMethodFilter - NoClassDefFoundError: class org.apache.pinot.segment.local.segment.index.converter.SegmentFormatConverterFactory
[213] WARN TestMethodFilter - NoClassDefFoundError: class org.apache.pinot.segment.local.segment.index.loader.LoaderUtils
[213] WARN TestMethodFilter - NoClassDefFoundError: class org.apache.pinot.segment.local.segment.index.loader.bloomfilter.BloomFilterHandler
[213] WARN TestMethodFilter - NoClassDefFoundError: class org.apache.pinot.segment.local.segment.index.loader.IndexLoadingConfig
[213] WARN TestMethodFilter - NoClassDefFoundError: class org.apache.pinot.segment.local.segment.index.loader.defaultcolumn.DefaultColumnHandlerFactory
[213] WARN TestMethodFilter - NoClassDefFoundError: class org.apache.pinot.segment.local.segment.index.loader.defaultcolumn.V1DefaultColumnHandler
[213] WARN TestMethodFilter - NoClassDefFoundError: class org.apache.pinot.segment.local.segment.index.loader.defaultcolumn.V3DefaultColumnHandler
[214] WARN TestMethodFilter - NoClassDefFoundError: class org.apache.pinot.segment.local.segment.index.loader.invertedindex.FSTIndexHandler
[214] WARN TestMethodFilter - NoClassDefFoundError: class org.apache.pinot.segment.local.segment.index.loader.invertedindex.InvertedIndexHandler
[214] WARN TestMethodFilter - NoClassDefFoundError: class org.apache.pinot.segment.local.segment.index.loader.invertedindex.TextIndexHandler
[214] WARN TestMethodFilter - NoClassDefFoundError: class org.apache.pinot.segment.local.segment.index.loader.invertedindex.JsonIndexHandler
[214] WARN TestMethodFilter - NoClassDefFoundError: class org.apache.pinot.segment.local.segment.index.loader.invertedindex.RangeIndexHandler
[214] WARN TestMethodFilter - NoClassDefFoundError: class org.apache.pinot.segment.local.segment.index.loader.invertedindex.H3IndexHandler
[214] WARN TestMethodFilter - NoClassDefFoundError: class org.apache.pinot.segment.local.segment.index.loader.IndexHandlerFactory
[214] WARN TestMethodFilter - NoClassDefFoundError: class org.apache.pinot.segment.local.segment.index.loader.SegmentPreProcessor
[223] WARN TestMethodFilter - NoClassDefFoundError: class org.apache.pinot.segment.local.segment.index.readers.bloom.BloomFilterReaderFactory
[224] WARN TestMethodFilter - NoClassDefFoundError: class org.apache.pinot.segment.local.segment.readers.PinotSegmentColumnReader
[225] WARN TestMethodFilter - NoClassDefFoundError: class org.apache.pinot.segment.local.segment.store.IndexKey
[225] WARN TestMethodFilter - NoClassDefFoundError: class org.apache.pinot.segment.local.segment.store.TextIndexUtils
[225] WARN TestMethodFilter - NoClassDefFoundError: class org.apache.pinot.segment.local.segment.virtualcolumn.DocIdVirtualColumnProvider
[225] WARN TestMethodFilter - NoClassDefFoundError: class org.apache.pinot.segment.local.segment.virtualcolumn.VirtualColumnProviderFactory
[225] WARN TestMethodFilter - NoClassDefFoundError: class org.apache.pinot.segment.local.segment.virtualcolumn.VirtualColumnContext
[228] WARN TestMethodFilter - NoClassDefFoundError: class org.apache.pinot.segment.local.indexsegment.immutable.ImmutableSegmentLoader
[228] WARN TestMethodFilter - NoClassDefFoundError: class org.apache.pinot.segment.local.startree.v2.builder.StarTreeV2BuilderConfigTest
[228] WARN TestMethodFilter - NoClassDefFoundError: class org.apache.pinot.segment.local.upsert.PartitionUpsertMetadataManagerTest
[229] WARN TestMethodFilter - NoClassDefFoundError: class org.apache.pinot.segment.local.utils.TableConfigUtilsTest
[230] WARN TestMethodFilter - NoClassDefFoundError: class org.apache.pinot.segment.local.utils.nativefst.FSTTraversalTest
[230] WARN TestMethodFilter - NoClassDefFoundError: class org.apache.pinot.segment.local.utils.nativefst.ImmutableFSTSerializerTest
[230] WARN TestMethodFilter - NoClassDefFoundError: class org.apache.pinot.segment.local.utils.nativefst.ImmutableFSTDeserializedTest
[231] WARN TestMethodFilter - NoClassDefFoundError: class org.apache.pinot.segment.local.utils.IngestionUtilsTest
[231] WARN TestMethodFilter - NoClassDefFoundError: class org.apache.pinot.segment.local.utils.fst.FSTBuilderTest
[231] WARN TestMethodFilter - NoClassDefFoundError: class org.apache.pinot.segment.local.recordtransformer.ExpressionTransformerTest
[231] WARN TestMethodFilter - NoClassDefFoundError: class org.apache.pinot.segment.local.recordtransformer.RecordTransformerTest
[232] WARN TestMethodFilter - NoClassDefFoundError: class org.apache.pinot.segment.local.realtime.impl.dictionary.MutableDictionaryTest
[232] WARN TestMethodFilter - NoClassDefFoundError: class org.apache.pinot.segment.local.realtime.impl.dictionary.OffHeapMutableBytesStoreTest
[232] WARN TestMethodFilter - NoClassDefFoundError: class org.apache.pinot.segment.local.realtime.impl.dictionary.MultiValueDictionaryTest
[233] WARN TestMethodFilter - NoClassDefFoundError: class org.apache.pinot.segment.local.realtime.impl.invertedindex.NativeMutableTextIndexConcurrentTest
[233] WARN TestMethodFilter - NoClassDefFoundError: class org.apache.pinot.segment.local.dedup.PartitionDedupMetadataManagerTest
[233] WARN TestMethodFilter - NoClassDefFoundError: class org.apache.pinot.segment.local.io.writer.impl.VarByteChunkSVForwardIndexWriterTest
[233] WARN TestMethodFilter - NoClassDefFoundError: class org.apache.pinot.segment.local.io.writer.impl.MutableOffHeapByteArrayStoreTest
[233] WARN TestMethodFilter - NoClassDefFoundError: class org.apache.pinot.segment.local.io.writer.impl.MmapMemoryManagerTest
[233] WARN TestMethodFilter - NoClassDefFoundError: class org.apache.pinot.segment.local.io.writer.impl.MmapMemoryManagerFileCleanupTest
[233] WARN TestMethodFilter - NoClassDefFoundError: class org.apache.pinot.segment.local.io.util.PinotDataBitSetTest
[234] WARN TestMethodFilter - NoClassDefFoundError: class org.apache.pinot.segment.local.io.compression.TestCompression
[234] WARN TestMethodFilter - NoClassDefFoundError: class org.apache.pinot.segment.local.segment.creator.SegmentTestUtils
[234] WARN TestMethodFilter - NoClassDefFoundError: class org.apache.pinot.segment.local.segment.creator.impl.SegmentColumnarIndexCreatorTest
[234] WARN TestMethodFilter - NoClassDefFoundError: class org.apache.pinot.segment.local.segment.creator.TransformPipelineTest
[234] WARN TestMethodFilter - NoClassDefFoundError: class org.apache.pinot.segment.local.segment.creator.BitmapInvertedIndexTest
[234] WARN TestMethodFilter - NoClassDefFoundError: class org.apache.pinot.segment.local.segment.creator.DictionaryOptimiserTest
[234] WARN TestMethodFilter - NoClassDefFoundError: class org.apache.pinot.segment.local.segment.creator.DictionariesTest
[235] WARN TestMethodFilter - NoClassDefFoundError: class org.apache.pinot.segment.local.segment.creator.FixedIntArrayIdMapTest
[235] WARN TestMethodFilter - NoClassDefFoundError: class org.apache.pinot.segment.local.segment.creator.OnHeapDictionariesTest
[235] WARN TestMethodFilter - NoClassDefFoundError: class org.apache.pinot.segment.local.segment.creator.BitmapInvertedIndexCreatorTest
[235] WARN TestMethodFilter - NoClassDefFoundError: class org.apache.pinot.segment.local.segment.loader.SegmentDirectoryLoaderRegistryTest
[235] WARN TestMethodFilter - NoClassDefFoundError: class org.apache.pinot.segment.local.segment.index.readerwriter.FixedByteSingleValueMultiColumnReaderWriterTest
[235] WARN TestMethodFilter - NoClassDefFoundError: class org.apache.pinot.segment.local.segment.index.column.DefaultNullValueVirtualColumnProviderTest
[235] WARN TestMethodFilter - NoClassDefFoundError: class org.apache.pinot.segment.local.segment.index.creator.SegmentGenerationWithMultipleRecordsTest
[235] WARN TestMethodFilter - NoClassDefFoundError: class org.apache.pinot.segment.local.segment.index.creator.SegmentGenerationWithFilterRecordsTest
[235] WARN TestMethodFilter - NoClassDefFoundError: class org.apache.pinot.segment.local.segment.index.creator.MultiValueVarByteRawIndexCreatorTest
[235] WARN TestMethodFilter - NoClassDefFoundError: class org.apache.pinot.segment.local.segment.index.creator.inv.BitmapInvertedIndexWriterTest
[236] WARN TestMethodFilter - NoClassDefFoundError: class org.apache.pinot.segment.local.segment.index.creator.SegmentGenerationWithBytesTypeTest
[236] WARN TestMethodFilter - NoClassDefFoundError: class org.apache.pinot.segment.local.segment.index.creator.MultiValueFixedByteRawIndexCreatorTest
[236] WARN TestMethodFilter - NoClassDefFoundError: class org.apache.pinot.segment.local.segment.index.creator.BitSlicedIndexCreatorTest
[236] WARN TestMethodFilter - NoClassDefFoundError: class org.apache.pinot.segment.local.segment.index.creator.RawIndexCreatorTest
[236] WARN TestMethodFilter - NoClassDefFoundError: class org.apache.pinot.segment.local.segment.index.creator.SegmentGenerationWithNoRecordsTest
[236] WARN TestMethodFilter - NoClassDefFoundError: class org.apache.pinot.segment.local.segment.index.creator.VarByteChunkV4Test
[236] WARN TestMethodFilter - NoClassDefFoundError: class org.apache.pinot.segment.local.segment.index.creator.RangeIndexCreatorTest
[236] WARN TestMethodFilter - NoClassDefFoundError: class org.apache.pinot.segment.local.segment.index.creator.SegmentGenerationWithTimeColumnTest
[236] WARN TestMethodFilter - NoClassDefFoundError: class org.apache.pinot.segment.local.segment.index.creator.SegmentPartitionTest
[237] WARN TestMethodFilter - NoClassDefFoundError: class org.apache.pinot.segment.local.segment.index.creator.BloomFilterCreatorTest
[237] WARN TestMethodFilter - NoClassDefFoundError: class org.apache.pinot.segment.local.segment.index.forward.mutable.FixedByteSVMutableForwardIndexTest
[237] WARN TestMethodFilter - NoClassDefFoundError: class org.apache.pinot.segment.local.segment.index.forward.mutable.FixedByteMVMutableForwardIndexTest
[237] WARN TestMethodFilter - NoClassDefFoundError: class org.apache.pinot.segment.local.segment.index.forward.mutable.VarByteSVMutableForwardIndexTest
[237] WARN TestMethodFilter - NoClassDefFoundError: class org.apache.pinot.segment.local.segment.index.forward.FixedByteChunkSVForwardIndexTest
[237] WARN TestMethodFilter - NoClassDefFoundError: class org.apache.pinot.segment.local.segment.index.forward.VarByteChunkSVForwardIndexTest
[237] WARN TestMethodFilter - NoClassDefFoundError: class org.apache.pinot.segment.local.segment.index.converter.SegmentV1V2ToV3FormatConverterTest
[238] WARN TestMethodFilter - NoClassDefFoundError: class org.apache.pinot.segment.local.segment.index.ColumnMetadataTest
[238] WARN TestMethodFilter - NoClassDefFoundError: class org.apache.pinot.segment.local.segment.index.H3IndexTest
[238] WARN TestMethodFilter - NoClassDefFoundError: class org.apache.pinot.segment.local.segment.index.IndexOverridesTest
[238] WARN TestMethodFilter - NoClassDefFoundError: class org.apache.pinot.segment.local.segment.index.loader.LoaderTest
[238] WARN TestMethodFilter - NoClassDefFoundError: class org.apache.pinot.segment.local.segment.index.loader.SegmentPreProcessorTest
[238] WARN TestMethodFilter - NoClassDefFoundError: class org.apache.pinot.segment.local.segment.index.loader.defaultcolumn.BaseDefaultColumnHandlerTest
[239] WARN TestMethodFilter - NoClassDefFoundError: class org.apache.pinot.segment.local.segment.index.readers.NullValueVectorReaderImplTest
[239] WARN TestMethodFilter - NoClassDefFoundError: class org.apache.pinot.segment.local.segment.index.readers.ImmutableDictionaryTest
[239] WARN TestMethodFilter - NoClassDefFoundError: class org.apache.pinot.segment.local.segment.index.readers.ImmutableDictionaryTypeConversionTest
[239] WARN TestMethodFilter - NoClassDefFoundError: class org.apache.pinot.segment.local.segment.index.JsonIndexTest
[239] WARN TestMethodFilter - NoClassDefFoundError: class org.apache.pinot.segment.local.segment.readers.RecordReaderSampleDataTest
[239] WARN TestMethodFilter - NoClassDefFoundError: class org.apache.pinot.segment.local.segment.readers.MultiplePinotSegmentRecordReaderTest
[240] WARN TestMethodFilter - NoClassDefFoundError: class org.apache.pinot.segment.local.segment.readers.PinotSegmentUtil
[240] WARN TestMethodFilter - NoClassDefFoundError: class org.apache.pinot.segment.local.segment.readers.PinotSegmentRecordReaderTest
[240] WARN TestMethodFilter - NoClassDefFoundError: class org.apache.pinot.segment.local.segment.store.SingleFileIndexDirectoryTest
[240] WARN TestMethodFilter - NoClassDefFoundError: class org.apache.pinot.segment.local.segment.store.SegmentLocalFSDirectoryTest
[240] WARN TestMethodFilter - NoClassDefFoundError: class org.apache.pinot.segment.local.segment.store.FilePerIndexDirectoryTest
[240] WARN TestMethodFilter - NoClassDefFoundError: class org.apache.pinot.segment.local.segment.store.ColumnIndexDirectoryTestHelper
[240] WARN TestMethodFilter - NoClassDefFoundError: class org.apache.pinot.segment.local.indexsegment.mutable.MutableSegmentImplIngestionAggregationTest
[240] WARN TestMethodFilter - NoClassDefFoundError: class org.apache.pinot.segment.local.indexsegment.mutable.MutableSegmentImplTestUtils
[240] WARN TestMethodFilter - NoClassDefFoundError: class org.apache.pinot.segment.local.indexsegment.mutable.IndexingFailureTest
[241] WARN TestMethodFilter - NoClassDefFoundError: class org.apache.pinot.segment.local.indexsegment.mutable.MutableSegmentImplUpsertTest
[241] WARN TestMethodFilter - NoClassDefFoundError: class org.apache.pinot.segment.local.indexsegment.mutable.MutableSegmentImplTest
[241] WARN TestMethodFilter - NoClassDefFoundError: class org.apache.pinot.segment.local.indexsegment.mutable.IntermediateSegmentTest
[241] WARN TestMethodFilter - NoClassDefFoundError: class org.apache.pinot.segment.local.indexsegment.mutable.MutableSegmentImplAggregateMetricsTest
[241] WARN TestMethodFilter - NoClassDefFoundError: class org.apache.pinot.segment.local.indexsegment.mutable.MutableSegmentImplUpsertComparisonColTest
[243] INFO CoverageRunner - Tests found: 0
[243] INFO CoverageRunner - Tests executed: 0
02:29:52.495 [main] INFO  fr.inria.jtravis.JTravis - GitHub ratelimit: Limit: 5000 Remaining: 3419 Reset hour: 04:51:53
02:29:53.780 [main] WARN  f.i.s.r.p.s.p.PushFaultLocalizationSuggestionsOnGitHubRepository - Flacoco has found 0 suspicious lines, but none were matched to the diff
02:29:53.780 [main] INFO  f.i.s.r.p.s.f.FlacocoLocalization - 
02:29:57.564 [main] INFO  f.i.s.r.p.i.ProjectInspector - ----------------------------------------------------------------------
02:29:57.564 [main] INFO  f.i.s.r.p.i.ProjectInspector - PIPELINE EXECUTION SUMMARY
02:29:57.564 [main] INFO  f.i.s.r.p.i.ProjectInspector - ----------------------------------------------------------------------
02:29:57.564 [main] INFO  f.i.s.r.p.i.ProjectInspector - CloneCheckoutGitPullRequest..........................SUCCESS [  21 s ]
02:29:57.565 [main] INFO  f.i.s.r.p.i.ProjectInspector - BuildProject.........................................SUCCESS [ 520 s ]
02:29:57.565 [main] INFO  f.i.s.r.p.i.ProjectInspector - TestProject..........................................SUCCESS [ 388 s ]
02:29:57.565 [main] INFO  f.i.s.r.p.i.ProjectInspector - ComputeClasspath.....................................SUCCESS [   7 s ]
02:29:57.565 [main] INFO  f.i.s.r.p.i.ProjectInspector - ComputeSourceDir.....................................SUCCESS [   0 s ]
02:29:57.565 [main] INFO  f.i.s.r.p.i.ProjectInspector - ComputeTestDir.......................................SUCCESS [   0 s ]
02:29:57.565 [main] INFO  f.i.s.r.p.i.ProjectInspector - GatherTestInformation................................SUCCESS [   0 s ]
02:29:57.565 [main] INFO  f.i.s.r.p.i.ProjectInspector - FlacocoLocalization..................................SUCCESS [   0 s ]
02:29:57.565 [main] INFO  f.i.s.r.p.i.ProjectInspector - PushFaultLocalizationSuggestionsOnGitHubRepository...SKIPPED          
02:29:57.565 [main] INFO  f.i.s.r.p.i.ProjectInspector - ----------------------------------------------------------------------
02:29:57.565 [main] INFO  f.i.s.r.p.i.ProjectInspector - PIPELINE FINDING: TEST FAILURE
02:29:57.565 [main] INFO  f.i.s.r.p.i.ProjectInspector - ----------------------------------------------------------------------
02:29:57.565 [main] INFO  f.i.s.r.p.github.GithubMainProcess - Inspector is finished. The process will exit now.
