Execute pipeline with following supplementary args: --smtpPort 25 --listenerMode NOOP --launcherMode FAULT_LOCALIZATION  --gitrepourl https://github.com/apache/pinot --gitrepopullrequest 8606
java -cp /usr/local/openjdk-11/lib/tools.jar:repairnator-pipeline.jar -Dlogback.configurationFile=/root/logback.xml fr.inria.spirals.repairnator.pipeline.Launcher -d --runId null -o /var/log --ghOauth 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 --faultLocalization --flacocoThreshold 0.0 --flacocoTopK null --flacocoResultsRepository flacocobot/2022-flacocobot-experiment --ghOauth  --smtpPort 25 --listenerMode NOOP --launcherMode FAULT_LOCALIZATION  --gitrepourl https://github.com/apache/pinot --gitrepopullrequest 8606

04:18:21.759 [main] INFO  f.i.s.r.p.g.GithubInitSerializerEngines - Initialize file serializer engines.
04:18:21.761 [main] INFO  f.i.s.r.p.g.GithubInitSerializerEngines - MongoDB won't be used for serialization.
04:18:21.761 [main] INFO  f.i.s.r.p.github.GithubInitNotifiers - The email notifier engine won't be used.
04:18:21.775 [main] INFO  f.i.s.r.p.i.ProjectInspector - ----------------------------------------------------------------------
04:18:21.775 [main] INFO  f.i.s.r.p.i.ProjectInspector - PIPELINE STEPS
04:18:21.775 [main] INFO  f.i.s.r.p.i.ProjectInspector - ----------------------------------------------------------------------
04:18:21.775 [main] INFO  f.i.s.r.p.i.ProjectInspector - CloneCheckoutGitPullRequest
04:18:21.775 [main] INFO  f.i.s.r.p.i.ProjectInspector - BuildProject
04:18:21.775 [main] INFO  f.i.s.r.p.i.ProjectInspector - TestProject
04:18:21.775 [main] INFO  f.i.s.r.p.i.ProjectInspector - ComputeClasspath
04:18:21.775 [main] INFO  f.i.s.r.p.i.ProjectInspector - ComputeSourceDir
04:18:21.775 [main] INFO  f.i.s.r.p.i.ProjectInspector - ComputeTestDir
04:18:21.775 [main] INFO  f.i.s.r.p.i.ProjectInspector - GatherTestInformation
04:18:21.775 [main] INFO  f.i.s.r.p.i.ProjectInspector - FlacocoLocalization
04:18:21.776 [main] INFO  f.i.s.r.p.i.ProjectInspector - PushFaultLocalizationSuggestionsOnGitHubRepository
04:18:21.776 [main] INFO  f.i.s.r.p.s.CloneCheckoutGitPullRequest - Cloning repository https://github.com/apache/pinot.git in the following directory: ./workspace/apache-pinot-master-8606_repo
04:19:12.996 [Thread-5] ERROR f.i.s.r.p.m.output.MavenErrorHandler - Warning: Lookahead adequacy checking not being performed since option LOOKAHEAD is more than 1.  Set option FORCE_LA_CHECK to true to force checking.
04:26:44.437 [Thread-7] ERROR f.i.s.r.p.m.o.MavenFilterOutputHandler - [ERROR] WARNING: An illegal reflective access operation has occurred
04:26:44.438 [Thread-7] ERROR f.i.s.r.p.m.o.MavenFilterOutputHandler - [ERROR] WARNING: Illegal reflective access by org.codehaus.groovy.vmplugin.v7.Java7$1 (file:/root/workspace/apache-pinot-master-8606_repo/.m2/org/codehaus/groovy/groovy-all/2.4.21/groovy-all-2.4.21.jar) to constructor java.lang.invoke.MethodHandles$Lookup(java.lang.Class,int)
04:26:44.438 [Thread-7] ERROR f.i.s.r.p.m.o.MavenFilterOutputHandler - [ERROR] WARNING: Please consider reporting this to the maintainers of org.codehaus.groovy.vmplugin.v7.Java7$1
04:26:44.438 [Thread-7] ERROR f.i.s.r.p.m.o.MavenFilterOutputHandler - [ERROR] WARNING: Use --illegal-access=warn to enable warnings of further illegal reflective access operations
04:26:44.438 [Thread-7] ERROR f.i.s.r.p.m.o.MavenFilterOutputHandler - [ERROR] WARNING: All illegal access operations will be denied in a future release
04:26:53.346 [Thread-7] ERROR f.i.s.r.p.m.o.MavenFilterOutputHandler - [ERROR] WARNING: An illegal reflective access operation has occurred
04:26:53.346 [Thread-7] ERROR f.i.s.r.p.m.o.MavenFilterOutputHandler - [ERROR] WARNING: Illegal reflective access by xerial.larray.buffer.UnsafeUtil (file:/root/workspace/apache-pinot-master-8606_repo/.m2/org/xerial/larray/larray-buffer/0.4.1/larray-buffer-0.4.1.jar) to constructor java.nio.DirectByteBuffer(long,int,java.lang.Object)
04:26:53.346 [Thread-7] ERROR f.i.s.r.p.m.o.MavenFilterOutputHandler - [ERROR] WARNING: Please consider reporting this to the maintainers of xerial.larray.buffer.UnsafeUtil
04:26:53.346 [Thread-7] ERROR f.i.s.r.p.m.o.MavenFilterOutputHandler - [ERROR] WARNING: Use --illegal-access=warn to enable warnings of further illegal reflective access operations
04:26:53.346 [Thread-7] ERROR f.i.s.r.p.m.o.MavenFilterOutputHandler - [ERROR] WARNING: All illegal access operations will be denied in a future release
04:27:18.958 [Thread-8] ERROR f.i.s.r.p.m.output.MavenErrorHandler - java.lang.NullPointerException
04:27:18.959 [Thread-8] ERROR f.i.s.r.p.m.output.MavenErrorHandler - 	at org.testng.reporters.JUnitXMLReporter.generateReport(JUnitXMLReporter.java:152)
04:27:18.959 [Thread-8] ERROR f.i.s.r.p.m.output.MavenErrorHandler - 	at org.testng.reporters.JUnitXMLReporter.onFinish(JUnitXMLReporter.java:112)
04:27:18.959 [Thread-8] ERROR f.i.s.r.p.m.output.MavenErrorHandler - 	at org.testng.TestRunner.fireEvent(TestRunner.java:1187)
04:27:18.959 [Thread-8] ERROR f.i.s.r.p.m.output.MavenErrorHandler - 	at org.testng.TestRunner.afterRun(TestRunner.java:976)
04:27:18.959 [Thread-8] ERROR f.i.s.r.p.m.output.MavenErrorHandler - 	at org.testng.TestRunner.run(TestRunner.java:606)
04:27:18.959 [Thread-8] ERROR f.i.s.r.p.m.output.MavenErrorHandler - 	at org.testng.SuiteRunner.runTest(SuiteRunner.java:380)
04:27:18.959 [Thread-8] ERROR f.i.s.r.p.m.output.MavenErrorHandler - 	at org.testng.SuiteRunner.runSequentially(SuiteRunner.java:375)
04:27:18.959 [Thread-8] ERROR f.i.s.r.p.m.output.MavenErrorHandler - 	at org.testng.SuiteRunner.privateRun(SuiteRunner.java:340)
04:27:18.959 [Thread-8] ERROR f.i.s.r.p.m.output.MavenErrorHandler - 	at org.testng.SuiteRunner.run(SuiteRunner.java:289)
04:27:18.959 [Thread-8] ERROR f.i.s.r.p.m.output.MavenErrorHandler - 	at org.testng.SuiteRunnerWorker.runSuite(SuiteRunnerWorker.java:52)
04:27:18.959 [Thread-8] ERROR f.i.s.r.p.m.output.MavenErrorHandler - 	at org.testng.SuiteRunnerWorker.run(SuiteRunnerWorker.java:86)
04:27:18.959 [Thread-8] ERROR f.i.s.r.p.m.output.MavenErrorHandler - 	at org.testng.TestNG.runSuitesSequentially(TestNG.java:1301)
04:27:18.959 [Thread-8] ERROR f.i.s.r.p.m.output.MavenErrorHandler - 	at org.testng.TestNG.runSuitesLocally(TestNG.java:1226)
04:27:18.959 [Thread-8] ERROR f.i.s.r.p.m.output.MavenErrorHandler - 	at org.testng.TestNG.runSuites(TestNG.java:1144)
04:27:18.960 [Thread-8] ERROR f.i.s.r.p.m.output.MavenErrorHandler - 	at org.testng.TestNG.run(TestNG.java:1115)
04:27:18.960 [Thread-8] ERROR f.i.s.r.p.m.output.MavenErrorHandler - 	at org.apache.maven.surefire.testng.TestNGExecutor.run(TestNGExecutor.java:136)
04:27:18.960 [Thread-8] ERROR f.i.s.r.p.m.output.MavenErrorHandler - 	at org.apache.maven.surefire.testng.TestNGDirectoryTestSuite.executeSingleClass(TestNGDirectoryTestSuite.java:112)
04:27:18.960 [Thread-8] ERROR f.i.s.r.p.m.output.MavenErrorHandler - 	at org.apache.maven.surefire.testng.TestNGDirectoryTestSuite.execute(TestNGDirectoryTestSuite.java:99)
04:27:18.960 [Thread-8] ERROR f.i.s.r.p.m.output.MavenErrorHandler - 	at org.apache.maven.surefire.testng.TestNGProvider.invoke(TestNGProvider.java:145)
04:27:18.960 [Thread-8] ERROR f.i.s.r.p.m.output.MavenErrorHandler - 	at org.apache.maven.surefire.booter.ForkedBooter.runSuitesInProcess(ForkedBooter.java:428)
04:27:18.960 [Thread-8] ERROR f.i.s.r.p.m.output.MavenErrorHandler - 	at org.apache.maven.surefire.booter.ForkedBooter.execute(ForkedBooter.java:162)
04:27:18.960 [Thread-8] ERROR f.i.s.r.p.m.output.MavenErrorHandler - 	at org.apache.maven.surefire.booter.ForkedBooter.run(ForkedBooter.java:562)
04:27:18.960 [Thread-8] ERROR f.i.s.r.p.m.output.MavenErrorHandler - 	at org.apache.maven.surefire.booter.ForkedBooter.main(ForkedBooter.java:548)
04:27:18.960 [Thread-8] ERROR f.i.s.r.p.m.output.MavenErrorHandler - [TestNG] Reporter org.testng.reporters.JUnitReportReporter@6a84bc2a failed
04:27:18.960 [Thread-8] ERROR f.i.s.r.p.m.output.MavenErrorHandler - java.lang.NullPointerException
04:27:18.960 [Thread-8] ERROR f.i.s.r.p.m.output.MavenErrorHandler - 	at org.testng.reporters.JUnitReportReporter.generateReport(JUnitReportReporter.java:146)
04:27:18.960 [Thread-8] ERROR f.i.s.r.p.m.output.MavenErrorHandler - 	at org.testng.TestNG.generateReports(TestNG.java:1192)
04:27:18.960 [Thread-8] ERROR f.i.s.r.p.m.output.MavenErrorHandler - 	at org.testng.TestNG.run(TestNG.java:1120)
04:27:18.960 [Thread-8] ERROR f.i.s.r.p.m.output.MavenErrorHandler - 	at org.apache.maven.surefire.testng.TestNGExecutor.run(TestNGExecutor.java:136)
04:27:18.960 [Thread-8] ERROR f.i.s.r.p.m.output.MavenErrorHandler - 	at org.apache.maven.surefire.testng.TestNGDirectoryTestSuite.executeSingleClass(TestNGDirectoryTestSuite.java:112)
04:27:18.960 [Thread-8] ERROR f.i.s.r.p.m.output.MavenErrorHandler - 	at org.apache.maven.surefire.testng.TestNGDirectoryTestSuite.execute(TestNGDirectoryTestSuite.java:99)
04:27:18.960 [Thread-8] ERROR f.i.s.r.p.m.output.MavenErrorHandler - 	at org.apache.maven.surefire.testng.TestNGProvider.invoke(TestNGProvider.java:145)
04:27:18.960 [Thread-8] ERROR f.i.s.r.p.m.output.MavenErrorHandler - 	at org.apache.maven.surefire.booter.ForkedBooter.runSuitesInProcess(ForkedBooter.java:428)
04:27:18.960 [Thread-8] ERROR f.i.s.r.p.m.output.MavenErrorHandler - 	at org.apache.maven.surefire.booter.ForkedBooter.execute(ForkedBooter.java:162)
04:27:18.960 [Thread-8] ERROR f.i.s.r.p.m.output.MavenErrorHandler - 	at org.apache.maven.surefire.booter.ForkedBooter.run(ForkedBooter.java:562)
04:27:18.961 [Thread-8] ERROR f.i.s.r.p.m.output.MavenErrorHandler - 	at org.apache.maven.surefire.booter.ForkedBooter.main(ForkedBooter.java:548)
04:28:36.634 [Thread-7] ERROR f.i.s.r.p.m.o.MavenFilterOutputHandler - [ERROR] WARNING: An illegal reflective access operation has occurred
04:28:36.634 [Thread-7] ERROR f.i.s.r.p.m.o.MavenFilterOutputHandler - [ERROR] WARNING: Illegal reflective access by org.codehaus.groovy.vmplugin.v7.Java7$1 (file:/root/workspace/apache-pinot-master-8606_repo/.m2/org/codehaus/groovy/groovy-all/2.4.21/groovy-all-2.4.21.jar) to constructor java.lang.invoke.MethodHandles$Lookup(java.lang.Class,int)
04:28:36.634 [Thread-7] ERROR f.i.s.r.p.m.o.MavenFilterOutputHandler - [ERROR] WARNING: Please consider reporting this to the maintainers of org.codehaus.groovy.vmplugin.v7.Java7$1
04:28:36.634 [Thread-7] ERROR f.i.s.r.p.m.o.MavenFilterOutputHandler - [ERROR] WARNING: Use --illegal-access=warn to enable warnings of further illegal reflective access operations
04:28:36.634 [Thread-7] ERROR f.i.s.r.p.m.o.MavenFilterOutputHandler - [ERROR] WARNING: All illegal access operations will be denied in a future release
04:28:50.885 [Thread-7] ERROR f.i.s.r.p.m.o.MavenFilterOutputHandler - [ERROR] WARNING: An illegal reflective access operation has occurred
04:28:50.885 [Thread-7] ERROR f.i.s.r.p.m.o.MavenFilterOutputHandler - [ERROR] WARNING: Illegal reflective access by org.codehaus.groovy.vmplugin.v7.Java7$1 (file:/root/workspace/apache-pinot-master-8606_repo/.m2/org/codehaus/groovy/groovy-all/2.4.21/groovy-all-2.4.21.jar) to constructor java.lang.invoke.MethodHandles$Lookup(java.lang.Class,int)
04:28:50.885 [Thread-7] ERROR f.i.s.r.p.m.o.MavenFilterOutputHandler - [ERROR] WARNING: Please consider reporting this to the maintainers of org.codehaus.groovy.vmplugin.v7.Java7$1
04:28:50.885 [Thread-7] ERROR f.i.s.r.p.m.o.MavenFilterOutputHandler - [ERROR] WARNING: Use --illegal-access=warn to enable warnings of further illegal reflective access operations
04:28:50.886 [Thread-7] ERROR f.i.s.r.p.m.o.MavenFilterOutputHandler - [ERROR] WARNING: All illegal access operations will be denied in a future release
04:28:55.175 [Thread-7] ERROR f.i.s.r.p.m.o.MavenFilterOutputHandler - [ERROR] WARNING: An illegal reflective access operation has occurred
04:28:55.176 [Thread-7] ERROR f.i.s.r.p.m.o.MavenFilterOutputHandler - [ERROR] WARNING: Illegal reflective access by org.codehaus.groovy.vmplugin.v7.Java7$1 (file:/root/workspace/apache-pinot-master-8606_repo/.m2/org/codehaus/groovy/groovy-all/2.4.21/groovy-all-2.4.21.jar) to constructor java.lang.invoke.MethodHandles$Lookup(java.lang.Class,int)
04:28:55.176 [Thread-7] ERROR f.i.s.r.p.m.o.MavenFilterOutputHandler - [ERROR] WARNING: Please consider reporting this to the maintainers of org.codehaus.groovy.vmplugin.v7.Java7$1
04:28:55.176 [Thread-7] ERROR f.i.s.r.p.m.o.MavenFilterOutputHandler - [ERROR] WARNING: Use --illegal-access=warn to enable warnings of further illegal reflective access operations
04:28:55.176 [Thread-7] ERROR f.i.s.r.p.m.o.MavenFilterOutputHandler - [ERROR] WARNING: All illegal access operations will be denied in a future release
04:28:57.242 [Thread-7] ERROR f.i.s.r.p.m.o.MavenFilterOutputHandler - [ERROR] WARNING: An illegal reflective access operation has occurred
04:28:57.243 [Thread-7] ERROR f.i.s.r.p.m.o.MavenFilterOutputHandler - [ERROR] WARNING: Illegal reflective access by org.codehaus.groovy.vmplugin.v7.Java7$1 (file:/root/workspace/apache-pinot-master-8606_repo/.m2/org/codehaus/groovy/groovy-all/2.4.21/groovy-all-2.4.21.jar) to constructor java.lang.invoke.MethodHandles$Lookup(java.lang.Class,int)
04:28:57.243 [Thread-7] ERROR f.i.s.r.p.m.o.MavenFilterOutputHandler - [ERROR] WARNING: Please consider reporting this to the maintainers of org.codehaus.groovy.vmplugin.v7.Java7$1
04:28:57.243 [Thread-7] ERROR f.i.s.r.p.m.o.MavenFilterOutputHandler - [ERROR] WARNING: Use --illegal-access=warn to enable warnings of further illegal reflective access operations
04:28:57.243 [Thread-7] ERROR f.i.s.r.p.m.o.MavenFilterOutputHandler - [ERROR] WARNING: All illegal access operations will be denied in a future release
04:29:56.537 [Thread-7] ERROR f.i.s.r.p.m.o.MavenFilterOutputHandler - [ERROR] WARNING: An illegal reflective access operation has occurred
04:29:56.537 [Thread-7] ERROR f.i.s.r.p.m.o.MavenFilterOutputHandler - [ERROR] WARNING: Illegal reflective access by org.codehaus.groovy.vmplugin.v7.Java7$1 (file:/root/workspace/apache-pinot-master-8606_repo/.m2/org/codehaus/groovy/groovy-all/2.4.21/groovy-all-2.4.21.jar) to constructor java.lang.invoke.MethodHandles$Lookup(java.lang.Class,int)
04:29:56.537 [Thread-7] ERROR f.i.s.r.p.m.o.MavenFilterOutputHandler - [ERROR] WARNING: Please consider reporting this to the maintainers of org.codehaus.groovy.vmplugin.v7.Java7$1
04:29:56.538 [Thread-7] ERROR f.i.s.r.p.m.o.MavenFilterOutputHandler - [ERROR] WARNING: Use --illegal-access=warn to enable warnings of further illegal reflective access operations
04:29:56.538 [Thread-7] ERROR f.i.s.r.p.m.o.MavenFilterOutputHandler - [ERROR] WARNING: All illegal access operations will be denied in a future release
04:30:37.625 [Thread-7] ERROR f.i.s.r.p.m.o.MavenFilterOutputHandler - [ERROR] WARNING: An illegal reflective access operation has occurred
04:30:37.625 [Thread-7] ERROR f.i.s.r.p.m.o.MavenFilterOutputHandler - [ERROR] WARNING: Illegal reflective access by xerial.larray.mmap.MMapBuffer (file:/root/workspace/apache-pinot-master-8606_repo/.m2/org/xerial/larray/larray-mmap/0.4.1/larray-mmap-0.4.1.jar) to field java.io.FileDescriptor.fd
04:30:37.625 [Thread-7] ERROR f.i.s.r.p.m.o.MavenFilterOutputHandler - [ERROR] WARNING: Please consider reporting this to the maintainers of xerial.larray.mmap.MMapBuffer
04:30:37.625 [Thread-7] ERROR f.i.s.r.p.m.o.MavenFilterOutputHandler - [ERROR] WARNING: Use --illegal-access=warn to enable warnings of further illegal reflective access operations
04:30:37.625 [Thread-7] ERROR f.i.s.r.p.m.o.MavenFilterOutputHandler - [ERROR] WARNING: All illegal access operations will be denied in a future release
04:35:17.441 [Thread-8] ERROR f.i.s.r.p.m.output.MavenErrorHandler - Exception in thread "Thread-2" org.apache.lucene.store.AlreadyClosedException: this IndexWriter is closed
04:35:17.441 [Thread-8] ERROR f.i.s.r.p.m.output.MavenErrorHandler - 	at org.apache.lucene.index.IndexWriter.ensureOpen(IndexWriter.java:681)
04:35:17.441 [Thread-8] ERROR f.i.s.r.p.m.output.MavenErrorHandler - 	at org.apache.lucene.index.IndexWriter.ensureOpen(IndexWriter.java:695)
04:35:17.441 [Thread-8] ERROR f.i.s.r.p.m.output.MavenErrorHandler - 	at org.apache.lucene.index.IndexWriter.getMaxCompletedSequenceNumber(IndexWriter.java:5176)
04:35:17.441 [Thread-8] ERROR f.i.s.r.p.m.output.MavenErrorHandler - 	at org.apache.lucene.search.ControlledRealTimeReopenThread.run(ControlledRealTimeReopenThread.java:234)
04:38:26.699 [Thread-7] ERROR f.i.s.r.p.m.o.MavenFilterOutputHandler - [ERROR] WARNING: An illegal reflective access operation has occurred
04:38:26.699 [Thread-7] ERROR f.i.s.r.p.m.o.MavenFilterOutputHandler - [ERROR] WARNING: Illegal reflective access by org.codehaus.groovy.vmplugin.v7.Java7$1 (file:/root/workspace/apache-pinot-master-8606_repo/.m2/org/codehaus/groovy/groovy-all/2.4.21/groovy-all-2.4.21.jar) to constructor java.lang.invoke.MethodHandles$Lookup(java.lang.Class,int)
04:38:26.699 [Thread-7] ERROR f.i.s.r.p.m.o.MavenFilterOutputHandler - [ERROR] WARNING: Please consider reporting this to the maintainers of org.codehaus.groovy.vmplugin.v7.Java7$1
04:38:26.699 [Thread-7] ERROR f.i.s.r.p.m.o.MavenFilterOutputHandler - [ERROR] WARNING: Use --illegal-access=warn to enable warnings of further illegal reflective access operations
04:38:26.699 [Thread-7] ERROR f.i.s.r.p.m.o.MavenFilterOutputHandler - [ERROR] WARNING: All illegal access operations will be denied in a future release
04:39:45.316 [Thread-7] ERROR f.i.s.r.p.m.o.MavenFilterOutputHandler - [ERROR] WARNING: An illegal reflective access operation has occurred
04:39:45.316 [Thread-7] ERROR f.i.s.r.p.m.o.MavenFilterOutputHandler - [ERROR] WARNING: Illegal reflective access by org.codehaus.groovy.vmplugin.v7.Java7$1 (file:/root/workspace/apache-pinot-master-8606_repo/.m2/org/codehaus/groovy/groovy-all/2.4.21/groovy-all-2.4.21.jar) to constructor java.lang.invoke.MethodHandles$Lookup(java.lang.Class,int)
04:39:45.316 [Thread-7] ERROR f.i.s.r.p.m.o.MavenFilterOutputHandler - [ERROR] WARNING: Please consider reporting this to the maintainers of org.codehaus.groovy.vmplugin.v7.Java7$1
04:39:45.316 [Thread-7] ERROR f.i.s.r.p.m.o.MavenFilterOutputHandler - [ERROR] WARNING: Use --illegal-access=warn to enable warnings of further illegal reflective access operations
04:39:45.316 [Thread-7] ERROR f.i.s.r.p.m.o.MavenFilterOutputHandler - [ERROR] WARNING: All illegal access operations will be denied in a future release
04:39:46.248 [Thread-7] ERROR f.i.s.r.p.m.o.MavenFilterOutputHandler - [ERROR] WARNING: An illegal reflective access operation has occurred
04:39:46.248 [Thread-7] ERROR f.i.s.r.p.m.o.MavenFilterOutputHandler - [ERROR] WARNING: Illegal reflective access by org.codehaus.groovy.vmplugin.v7.Java7$1 (file:/root/workspace/apache-pinot-master-8606_repo/.m2/org/codehaus/groovy/groovy-all/2.4.21/groovy-all-2.4.21.jar) to constructor java.lang.invoke.MethodHandles$Lookup(java.lang.Class,int)
04:39:46.248 [Thread-7] ERROR f.i.s.r.p.m.o.MavenFilterOutputHandler - [ERROR] WARNING: Please consider reporting this to the maintainers of org.codehaus.groovy.vmplugin.v7.Java7$1
04:39:46.248 [Thread-7] ERROR f.i.s.r.p.m.o.MavenFilterOutputHandler - [ERROR] WARNING: Use --illegal-access=warn to enable warnings of further illegal reflective access operations
04:39:46.248 [Thread-7] ERROR f.i.s.r.p.m.o.MavenFilterOutputHandler - [ERROR] WARNING: All illegal access operations will be denied in a future release
04:39:52.106 [Thread-7] ERROR f.i.s.r.p.m.o.MavenFilterOutputHandler - [ERROR] WARNING: An illegal reflective access operation has occurred
04:39:52.106 [Thread-7] ERROR f.i.s.r.p.m.o.MavenFilterOutputHandler - [ERROR] WARNING: Illegal reflective access by org.codehaus.groovy.vmplugin.v7.Java7$1 (file:/root/workspace/apache-pinot-master-8606_repo/.m2/org/codehaus/groovy/groovy-all/2.4.21/groovy-all-2.4.21.jar) to constructor java.lang.invoke.MethodHandles$Lookup(java.lang.Class,int)
04:39:52.106 [Thread-7] ERROR f.i.s.r.p.m.o.MavenFilterOutputHandler - [ERROR] WARNING: Please consider reporting this to the maintainers of org.codehaus.groovy.vmplugin.v7.Java7$1
04:39:52.106 [Thread-7] ERROR f.i.s.r.p.m.o.MavenFilterOutputHandler - [ERROR] WARNING: Use --illegal-access=warn to enable warnings of further illegal reflective access operations
04:39:52.106 [Thread-7] ERROR f.i.s.r.p.m.o.MavenFilterOutputHandler - [ERROR] WARNING: All illegal access operations will be denied in a future release
04:40:39.625 [Thread-7] ERROR f.i.s.r.p.m.o.MavenFilterOutputHandler - [ERROR] WARNING: An illegal reflective access operation has occurred
04:40:39.625 [Thread-7] ERROR f.i.s.r.p.m.o.MavenFilterOutputHandler - [ERROR] WARNING: Illegal reflective access by org.codehaus.groovy.vmplugin.v7.Java7$1 (file:/root/workspace/apache-pinot-master-8606_repo/.m2/org/codehaus/groovy/groovy-all/2.4.21/groovy-all-2.4.21.jar) to constructor java.lang.invoke.MethodHandles$Lookup(java.lang.Class,int)
04:40:39.625 [Thread-7] ERROR f.i.s.r.p.m.o.MavenFilterOutputHandler - [ERROR] WARNING: Please consider reporting this to the maintainers of org.codehaus.groovy.vmplugin.v7.Java7$1
04:40:39.625 [Thread-7] ERROR f.i.s.r.p.m.o.MavenFilterOutputHandler - [ERROR] WARNING: Use --illegal-access=warn to enable warnings of further illegal reflective access operations
04:40:39.625 [Thread-7] ERROR f.i.s.r.p.m.o.MavenFilterOutputHandler - [ERROR] WARNING: All illegal access operations will be denied in a future release
04:41:55.932 [Thread-7] ERROR f.i.s.r.p.m.o.MavenFilterOutputHandler - [ERROR] WARNING: An illegal reflective access operation has occurred
04:41:55.933 [Thread-7] ERROR f.i.s.r.p.m.o.MavenFilterOutputHandler - [ERROR] WARNING: Illegal reflective access by org.codehaus.groovy.vmplugin.v7.Java7$1 (file:/root/workspace/apache-pinot-master-8606_repo/.m2/org/codehaus/groovy/groovy-all/2.4.21/groovy-all-2.4.21.jar) to constructor java.lang.invoke.MethodHandles$Lookup(java.lang.Class,int)
04:41:55.933 [Thread-7] ERROR f.i.s.r.p.m.o.MavenFilterOutputHandler - [ERROR] WARNING: Please consider reporting this to the maintainers of org.codehaus.groovy.vmplugin.v7.Java7$1
04:41:55.933 [Thread-7] ERROR f.i.s.r.p.m.o.MavenFilterOutputHandler - [ERROR] WARNING: Use --illegal-access=warn to enable warnings of further illegal reflective access operations
04:41:55.933 [Thread-7] ERROR f.i.s.r.p.m.o.MavenFilterOutputHandler - [ERROR] WARNING: All illegal access operations will be denied in a future release
04:42:46.089 [Thread-8] ERROR f.i.s.r.p.m.output.MavenErrorHandler - Apr 29, 2022 4:42:45 AM org.glassfish.grizzly.http.server.NetworkListener start
04:42:46.090 [Thread-8] ERROR f.i.s.r.p.m.output.MavenErrorHandler - INFO: Started listener bound to [0.0.0.0:46553]
04:42:46.090 [Thread-8] ERROR f.i.s.r.p.m.output.MavenErrorHandler - Apr 29, 2022 4:42:45 AM org.glassfish.grizzly.http.server.HttpServer start
04:42:46.090 [Thread-8] ERROR f.i.s.r.p.m.output.MavenErrorHandler - INFO: [HttpServer] Started.
04:42:46.301 [Thread-8] ERROR f.i.s.r.p.m.output.MavenErrorHandler - Apr 29, 2022 4:42:46 AM org.glassfish.grizzly.http.server.NetworkListener shutdownNow
04:42:46.301 [Thread-8] ERROR f.i.s.r.p.m.output.MavenErrorHandler - INFO: Stopped listener bound to [0.0.0.0:46553]
04:42:51.203 [Thread-8] ERROR f.i.s.r.p.m.output.MavenErrorHandler - Apr 29, 2022 4:42:51 AM org.glassfish.grizzly.http.server.NetworkListener start
04:42:51.204 [Thread-8] ERROR f.i.s.r.p.m.output.MavenErrorHandler - INFO: Started listener bound to [0.0.0.0:8097]
04:42:51.204 [Thread-8] ERROR f.i.s.r.p.m.output.MavenErrorHandler - Apr 29, 2022 4:42:51 AM org.glassfish.grizzly.http.server.HttpServer start
04:42:51.204 [Thread-8] ERROR f.i.s.r.p.m.output.MavenErrorHandler - INFO: [HttpServer] Started.
04:42:51.460 [Thread-8] ERROR f.i.s.r.p.m.output.MavenErrorHandler - Apr 29, 2022 4:42:51 AM org.glassfish.grizzly.http.server.NetworkListener shutdownNow
04:42:51.461 [Thread-8] ERROR f.i.s.r.p.m.output.MavenErrorHandler - INFO: Stopped listener bound to [0.0.0.0:8097]
04:42:55.950 [Thread-8] ERROR f.i.s.r.p.m.output.MavenErrorHandler - Apr 29, 2022 4:42:55 AM org.glassfish.grizzly.http.server.NetworkListener start
04:42:55.951 [Thread-8] ERROR f.i.s.r.p.m.output.MavenErrorHandler - INFO: Started listener bound to [0.0.0.0:8097]
04:42:55.951 [Thread-8] ERROR f.i.s.r.p.m.output.MavenErrorHandler - Apr 29, 2022 4:42:55 AM org.glassfish.grizzly.http.server.HttpServer start
04:42:55.951 [Thread-8] ERROR f.i.s.r.p.m.output.MavenErrorHandler - INFO: [HttpServer] Started.
04:43:00.724 [Thread-8] ERROR f.i.s.r.p.m.output.MavenErrorHandler - Apr 29, 2022 4:43:00 AM org.glassfish.grizzly.http.server.NetworkListener shutdownNow
04:43:00.724 [Thread-8] ERROR f.i.s.r.p.m.output.MavenErrorHandler - INFO: Stopped listener bound to [0.0.0.0:8097]
04:43:05.783 [Thread-8] ERROR f.i.s.r.p.m.output.MavenErrorHandler - Apr 29, 2022 4:43:05 AM org.glassfish.grizzly.http.server.NetworkListener start
04:43:05.784 [Thread-8] ERROR f.i.s.r.p.m.output.MavenErrorHandler - INFO: Started listener bound to [0.0.0.0:8097]
04:43:05.784 [Thread-8] ERROR f.i.s.r.p.m.output.MavenErrorHandler - Apr 29, 2022 4:43:05 AM org.glassfish.grizzly.http.server.HttpServer start
04:43:05.784 [Thread-8] ERROR f.i.s.r.p.m.output.MavenErrorHandler - INFO: [HttpServer] Started.
04:43:06.076 [Thread-8] ERROR f.i.s.r.p.m.output.MavenErrorHandler - Apr 29, 2022 4:43:06 AM org.glassfish.grizzly.http.server.NetworkListener shutdownNow
04:43:06.076 [Thread-8] ERROR f.i.s.r.p.m.output.MavenErrorHandler - INFO: Stopped listener bound to [0.0.0.0:8097]
04:43:22.575 [Thread-8] ERROR f.i.s.r.p.m.output.MavenErrorHandler - Apr 29, 2022 4:43:21 AM org.glassfish.grizzly.http.server.NetworkListener start
04:43:22.576 [Thread-8] ERROR f.i.s.r.p.m.output.MavenErrorHandler - INFO: Started listener bound to [0.0.0.0:18998]
04:43:22.576 [Thread-8] ERROR f.i.s.r.p.m.output.MavenErrorHandler - Apr 29, 2022 4:43:21 AM org.glassfish.grizzly.http.server.HttpServer start
04:43:22.576 [Thread-8] ERROR f.i.s.r.p.m.output.MavenErrorHandler - INFO: [HttpServer] Started.
04:47:01.868 [Thread-8] ERROR f.i.s.r.p.m.output.MavenErrorHandler - Apr 29, 2022 4:47:01 AM org.glassfish.grizzly.http.server.NetworkListener shutdownNow
04:47:01.869 [Thread-8] ERROR f.i.s.r.p.m.output.MavenErrorHandler - INFO: Stopped listener bound to [0.0.0.0:18998]
04:47:01.879 [Thread-7] ERROR f.i.s.r.p.m.o.MavenFilterOutputHandler - [ERROR] Tests run: 276, Failures: 1, Errors: 0, Skipped: 0, Time elapsed: 225.335 s <<< FAILURE! - in TestSuite
04:47:01.879 [Thread-7] ERROR f.i.s.r.p.m.o.MavenFilterOutputHandler - [ERROR] org.apache.pinot.controller.validation.StorageQuotaCheckerTest.testDimensionTable  Time elapsed: 0.02 s
04:47:01.879 [Thread-7] ERROR f.i.s.r.p.m.o.MavenFilterOutputHandler - [ERROR] org.apache.pinot.controller.validation.StorageQuotaCheckerTest.testNoQuota  Time elapsed: 0 s
04:47:01.880 [Thread-7] ERROR f.i.s.r.p.m.o.MavenFilterOutputHandler - [ERROR] org.apache.pinot.controller.validation.StorageQuotaCheckerTest.testNoStorageQuotaConfig  Time elapsed: 0 s
04:47:01.880 [Thread-7] ERROR f.i.s.r.p.m.o.MavenFilterOutputHandler - [ERROR] org.apache.pinot.controller.validation.StorageQuotaCheckerTest.testWithinQuota  Time elapsed: 0.017 s
04:47:01.880 [Thread-7] ERROR f.i.s.r.p.m.o.MavenFilterOutputHandler - [ERROR] org.apache.pinot.controller.validation.ValidationManagerTest.testComputeNumMissingSegments  Time elapsed: 0.002 s
04:47:01.880 [Thread-7] ERROR f.i.s.r.p.m.o.MavenFilterOutputHandler - [ERROR] org.apache.pinot.controller.validation.ValidationManagerTest.testPushTimePersistence  Time elapsed: 0.414 s
04:47:01.880 [Thread-7] ERROR f.i.s.r.p.m.o.MavenFilterOutputHandler - [ERROR] org.apache.pinot.controller.validation.ValidationManagerTest.testTotalDocumentCountRealTime  Time elapsed: 0.061 s
04:47:01.880 [Thread-7] ERROR f.i.s.r.p.m.o.MavenFilterOutputHandler - [ERROR] org.apache.pinot.controller.tuner.TunerRegistryTest.testNoOpTableConfigTuner  Time elapsed: 0.002 s
04:47:01.880 [Thread-7] ERROR f.i.s.r.p.m.o.MavenFilterOutputHandler - [ERROR] org.apache.pinot.controller.tuner.RealTimeAutoIndexTunerTest.testTuner  Time elapsed: 0 s
04:47:01.880 [Thread-7] ERROR f.i.s.r.p.m.o.MavenFilterOutputHandler - [ERROR] org.apache.pinot.controller.ControllerConfTest.invalidNewConfigShouldThrowExceptionOnReadWithoutFallbackToCorrespondingValidDeprecatedConfig  Time elapsed: 0.007 s
04:47:01.880 [Thread-7] ERROR f.i.s.r.p.m.o.MavenFilterOutputHandler - [ERROR] org.apache.pinot.controller.ControllerConfTest.shouldBeAbleToDisableUsingNewConfig  Time elapsed: 0.008 s
04:47:01.880 [Thread-7] ERROR f.i.s.r.p.m.o.MavenFilterOutputHandler - [ERROR] org.apache.pinot.controller.ControllerConfTest.supplyingOnlyDeprecatedConfigsShouldReturnCorrectlyConvertedValue  Time elapsed: 0.001 s
04:47:01.880 [Thread-7] ERROR f.i.s.r.p.m.o.MavenFilterOutputHandler - [ERROR] org.apache.pinot.controller.ControllerConfTest.supplyingOnlyNewConfigsShouldReturnCorrectlyConvertedValue  Time elapsed: 0.001 s
04:47:01.880 [Thread-7] ERROR f.i.s.r.p.m.o.MavenFilterOutputHandler - [ERROR] org.apache.pinot.controller.ControllerConfTest.validNewConfigOverridesCorrespondingValidOrInvalidOldConfigOnRead  Time elapsed: 0.001 s
04:47:01.880 [Thread-7] ERROR f.i.s.r.p.m.o.MavenFilterOutputHandler - [ERROR] org.apache.pinot.controller.LeadControllerManagerTest.testLeadControllerManager  Time elapsed: 0.004 s
04:47:01.880 [Thread-7] ERROR f.i.s.r.p.m.o.MavenFilterOutputHandler - [ERROR] org.apache.pinot.controller.helix.PinotResourceManagerTest.testAddingRealtimeTableSegmentsWithPartitionIdInZkMetadata  Time elapsed: 0.174 s
04:47:01.880 [Thread-7] ERROR f.i.s.r.p.m.o.MavenFilterOutputHandler - [ERROR] org.apache.pinot.controller.helix.PinotResourceManagerTest.testBasicAndConcurrentAddingAndDeletingSegments  Time elapsed: 0.565 s
04:47:01.881 [Thread-7] ERROR f.i.s.r.p.m.o.MavenFilterOutputHandler - [ERROR] org.apache.pinot.controller.helix.PinotResourceManagerTest.testTableCleanupAfterRealtimeClusterException  Time elapsed: 0.065 s
04:47:01.881 [Thread-7] ERROR f.i.s.r.p.m.o.MavenFilterOutputHandler - [ERROR] org.apache.pinot.controller.helix.PinotResourceManagerTest.testUpdateSegmentZKMetadata  Time elapsed: 0.005 s
04:47:01.881 [Thread-7] ERROR f.i.s.r.p.m.o.MavenFilterOutputHandler - [ERROR] org.apache.pinot.controller.helix.core.realtime.PinotLLCRealtimeSegmentManagerTest.testCommitSegment  Time elapsed: 0.054 s
04:47:01.881 [Thread-7] ERROR f.i.s.r.p.m.o.MavenFilterOutputHandler - [ERROR] org.apache.pinot.controller.helix.core.realtime.PinotLLCRealtimeSegmentManagerTest.testCommitSegmentFile  Time elapsed: 0.01 s
04:47:01.881 [Thread-7] ERROR f.i.s.r.p.m.o.MavenFilterOutputHandler - [ERROR] org.apache.pinot.controller.helix.core.realtime.PinotLLCRealtimeSegmentManagerTest.testCommitSegmentMetadata  Time elapsed: 0.004 s
04:47:01.881 [Thread-7] ERROR f.i.s.r.p.m.o.MavenFilterOutputHandler - [ERROR] org.apache.pinot.controller.helix.core.realtime.PinotLLCRealtimeSegmentManagerTest.testCommitSegmentWhenControllerWentThroughGC  Time elapsed: 0.003 s
04:47:01.881 [Thread-7] ERROR f.i.s.r.p.m.o.MavenFilterOutputHandler - [ERROR] org.apache.pinot.controller.helix.core.realtime.PinotLLCRealtimeSegmentManagerTest.testPreExistingSegments  Time elapsed: 0.001 s
04:47:01.881 [Thread-7] ERROR f.i.s.r.p.m.o.MavenFilterOutputHandler - [ERROR] org.apache.pinot.controller.helix.core.realtime.PinotLLCRealtimeSegmentManagerTest.testRepairs  Time elapsed: 0.013 s
04:47:01.881 [Thread-7] ERROR f.i.s.r.p.m.o.MavenFilterOutputHandler - [ERROR] org.apache.pinot.controller.helix.core.realtime.PinotLLCRealtimeSegmentManagerTest.testSegmentAlreadyThereAndExtraneousFilesDeleted  Time elapsed: 0.001 s
04:47:01.881 [Thread-7] ERROR f.i.s.r.p.m.o.MavenFilterOutputHandler - [ERROR] org.apache.pinot.controller.helix.core.realtime.PinotLLCRealtimeSegmentManagerTest.testSetUpNewPartitions  Time elapsed: 0.006 s
04:47:01.881 [Thread-7] ERROR f.i.s.r.p.m.o.MavenFilterOutputHandler - [ERROR] org.apache.pinot.controller.helix.core.realtime.PinotLLCRealtimeSegmentManagerTest.testSetUpNewTable  Time elapsed: 0.004 s
04:47:01.881 [Thread-7] ERROR f.i.s.r.p.m.o.MavenFilterOutputHandler - [ERROR] org.apache.pinot.controller.helix.core.realtime.PinotLLCRealtimeSegmentManagerTest.testStopSegmentManager  Time elapsed: 0.009 s
04:47:01.881 [Thread-7] ERROR f.i.s.r.p.m.o.MavenFilterOutputHandler - [ERROR] org.apache.pinot.controller.helix.core.realtime.PinotLLCRealtimeSegmentManagerTest.testUploadToSegmentStore  Time elapsed: 25.156 s
04:47:01.882 [Thread-7] ERROR f.i.s.r.p.m.o.MavenFilterOutputHandler - [ERROR] org.apache.pinot.controller.helix.core.realtime.segment.FlushThresholdUpdaterTest.testFlushThresholdUpdateManager  Time elapsed: 0.011 s
04:47:01.882 [Thread-7] ERROR f.i.s.r.p.m.o.MavenFilterOutputHandler - [ERROR] org.apache.pinot.controller.helix.core.realtime.segment.FlushThresholdUpdaterTest.testMinThreshold  Time elapsed: 0.001 s
04:47:01.882 [Thread-7] ERROR f.i.s.r.p.m.o.MavenFilterOutputHandler - [ERROR] org.apache.pinot.controller.helix.core.realtime.segment.FlushThresholdUpdaterTest.testNonZeroPartitionUpdates  Time elapsed: 0.001 s
04:47:01.882 [Thread-7] ERROR f.i.s.r.p.m.o.MavenFilterOutputHandler - [ERROR] org.apache.pinot.controller.helix.core.realtime.segment.FlushThresholdUpdaterTest.testSegmentSizeBasedFlushThreshold  Time elapsed: 0.041 s
04:47:01.882 [Thread-7] ERROR f.i.s.r.p.m.o.MavenFilterOutputHandler - [ERROR] org.apache.pinot.controller.helix.core.realtime.segment.FlushThresholdUpdaterTest.testSegmentSizeBasedFlushThresholdMinPartition  Time elapsed: 0.033 s
04:47:01.882 [Thread-7] ERROR f.i.s.r.p.m.o.MavenFilterOutputHandler - [ERROR] org.apache.pinot.controller.helix.core.realtime.segment.FlushThresholdUpdaterTest.testSegmentSizeBasedUpdaterWithModifications  Time elapsed: 0.001 s
04:47:01.882 [Thread-7] ERROR f.i.s.r.p.m.o.MavenFilterOutputHandler - [ERROR] org.apache.pinot.controller.helix.core.realtime.segment.FlushThresholdUpdaterTest.testTimeThreshold  Time elapsed: 0.001 s
04:47:01.882 [Thread-7] ERROR f.i.s.r.p.m.o.MavenFilterOutputHandler - [ERROR] org.apache.pinot.controller.helix.core.minion.generator.TaskGeneratorUtilsTest.testForRunningTasks  Time elapsed: 0.01 s
04:47:01.882 [Thread-7] ERROR f.i.s.r.p.m.o.MavenFilterOutputHandler - [ERROR] org.apache.pinot.controller.helix.core.periodictask.ControllerPeriodicTaskTest.testControllerPeriodicTaskCalls  Time elapsed: 0.002 s
04:47:01.882 [Thread-7] ERROR f.i.s.r.p.m.o.MavenFilterOutputHandler - [ERROR] org.apache.pinot.controller.helix.core.periodictask.ControllerPeriodicTaskTest.testRandomInitialDelay  Time elapsed: 0 s
04:47:01.882 [Thread-7] ERROR f.i.s.r.p.m.o.MavenFilterOutputHandler - [ERROR] org.apache.pinot.controller.helix.core.assignment.segment.OfflineReplicaGroupSegmentAssignmentTest.testAssignSegmentWithPartition  Time elapsed: 0.001 s
04:47:01.883 [Thread-7] ERROR f.i.s.r.p.m.o.MavenFilterOutputHandler - [ERROR] org.apache.pinot.controller.helix.core.assignment.segment.OfflineReplicaGroupSegmentAssignmentTest.testAssignSegmentWithoutPartition  Time elapsed: 0 s
04:47:01.883 [Thread-7] ERROR f.i.s.r.p.m.o.MavenFilterOutputHandler - [ERROR] org.apache.pinot.controller.helix.core.assignment.segment.OfflineReplicaGroupSegmentAssignmentTest.testBootstrapTableWithPartition  Time elapsed: 0.004 s
04:47:01.883 [Thread-7] ERROR f.i.s.r.p.m.o.MavenFilterOutputHandler - [ERROR] org.apache.pinot.controller.helix.core.assignment.segment.OfflineReplicaGroupSegmentAssignmentTest.testBootstrapTableWithoutPartition  Time elapsed: 0 s
04:47:01.883 [Thread-7] ERROR f.i.s.r.p.m.o.MavenFilterOutputHandler - [ERROR] org.apache.pinot.controller.helix.core.assignment.segment.OfflineReplicaGroupSegmentAssignmentTest.testFactory  Time elapsed: 0 s
04:47:01.883 [Thread-7] ERROR f.i.s.r.p.m.o.MavenFilterOutputHandler - [ERROR] org.apache.pinot.controller.helix.core.assignment.segment.OfflineReplicaGroupSegmentAssignmentTest.testRebalanceTableWithPartitionColumnAndInstancePartitionsMapWithOnePartition  Time elapsed: 0.004 s
04:47:01.883 [Thread-7] ERROR f.i.s.r.p.m.o.MavenFilterOutputHandler - [ERROR] org.apache.pinot.controller.helix.core.assignment.segment.OfflineReplicaGroupSegmentAssignmentTest.testTableBalancedWithPartition  Time elapsed: 0.001 s
04:47:01.883 [Thread-7] ERROR f.i.s.r.p.m.o.MavenFilterOutputHandler - [ERROR] org.apache.pinot.controller.helix.core.assignment.segment.OfflineReplicaGroupSegmentAssignmentTest.testTableBalancedWithoutPartition  Time elapsed: 0.001 s
04:47:01.883 [Thread-7] ERROR f.i.s.r.p.m.o.MavenFilterOutputHandler - [ERROR] org.apache.pinot.controller.helix.core.assignment.segment.RealtimeReplicaGroupSegmentAssignmentTest.testAssignSegment  Time elapsed: 0 s
04:47:01.884 [Thread-7] ERROR f.i.s.r.p.m.o.MavenFilterOutputHandler - [ERROR] org.apache.pinot.controller.helix.core.assignment.segment.RealtimeReplicaGroupSegmentAssignmentTest.testFactory  Time elapsed: 0 s
04:47:01.884 [Thread-7] ERROR f.i.s.r.p.m.o.MavenFilterOutputHandler - [ERROR] org.apache.pinot.controller.helix.core.assignment.segment.RealtimeReplicaGroupSegmentAssignmentTest.testRelocateCompletedSegments  Time elapsed: 0.001 s
04:47:01.884 [Thread-7] ERROR f.i.s.r.p.m.o.MavenFilterOutputHandler - [ERROR] org.apache.pinot.controller.helix.core.assignment.segment.OfflineDimTableSegmentAssignmentTest.testFactory  Time elapsed: 0 s
04:47:01.884 [Thread-7] ERROR f.i.s.r.p.m.o.MavenFilterOutputHandler - [ERROR] org.apache.pinot.controller.helix.core.assignment.segment.OfflineDimTableSegmentAssignmentTest.testSegmentAssignmentAndRebalance  Time elapsed: 0.001 s
04:47:01.884 [Thread-7] ERROR f.i.s.r.p.m.o.MavenFilterOutputHandler - [ERROR] org.apache.pinot.controller.helix.core.assignment.segment.OfflineDimTableSegmentAssignmentTest.testSegmentAssignmentToRealtimeHosts  Time elapsed: 0 s
04:47:01.884 [Thread-7] ERROR f.i.s.r.p.m.o.MavenFilterOutputHandler - [ERROR] org.apache.pinot.controller.helix.core.assignment.segment.SegmentAssignmentUtilsTest.testRebalanceReplicaGroupBasedTable  Time elapsed: 0.002 s
04:47:01.884 [Thread-7] ERROR f.i.s.r.p.m.o.MavenFilterOutputHandler - [ERROR] org.apache.pinot.controller.helix.core.assignment.segment.SegmentAssignmentUtilsTest.testRebalanceTableWithHelixAutoRebalanceStrategy  Time elapsed: 0.007 s
04:47:01.884 [Thread-7] ERROR f.i.s.r.p.m.o.MavenFilterOutputHandler - [ERROR] org.apache.pinot.controller.helix.core.util.SegmentDeletionManagerTest.allPassed  Time elapsed: 0.038 s
04:47:01.884 [Thread-7] ERROR f.i.s.r.p.m.o.MavenFilterOutputHandler - [ERROR] org.apache.pinot.controller.helix.core.util.SegmentDeletionManagerTest.testAllFailed  Time elapsed: 0.003 s
04:47:01.884 [Thread-7] ERROR f.i.s.r.p.m.o.MavenFilterOutputHandler - [ERROR] org.apache.pinot.controller.helix.core.util.SegmentDeletionManagerTest.testBulkDeleteWithFailures  Time elapsed: 0.002 s
04:47:01.884 [Thread-7] ERROR f.i.s.r.p.m.o.MavenFilterOutputHandler - [ERROR] org.apache.pinot.controller.helix.core.util.SegmentDeletionManagerTest.testRemoveDeletedSegments  Time elapsed: 1.015 s
04:47:01.884 [Thread-7] ERROR f.i.s.r.p.m.o.MavenFilterOutputHandler - [ERROR] org.apache.pinot.controller.helix.core.util.SegmentDeletionManagerTest.testSegmentDeletionLogic  Time elapsed: 8.034 s
04:47:01.885 [Thread-7] ERROR f.i.s.r.p.m.o.MavenFilterOutputHandler - [ERROR] org.apache.pinot.controller.helix.core.retention.strategy.TimeRetentionStrategyTest.testTimeRetention  Time elapsed: 0 s
04:47:01.885 [Thread-7] ERROR f.i.s.r.p.m.o.MavenFilterOutputHandler - [ERROR] org.apache.pinot.controller.helix.core.retention.RetentionManagerTest.testRealtimeLLCCleanup  Time elapsed: 0.032 s
04:47:01.885 [Thread-7] ERROR f.i.s.r.p.m.o.MavenFilterOutputHandler - [ERROR] org.apache.pinot.controller.helix.core.retention.RetentionManagerTest.testRetentionWithDays  Time elapsed: 0.017 s
04:47:01.885 [Thread-7] ERROR f.i.s.r.p.m.o.MavenFilterOutputHandler - [ERROR] org.apache.pinot.controller.helix.core.retention.RetentionManagerTest.testRetentionWithHours  Time elapsed: 0.014 s
04:47:01.885 [Thread-7] ERROR f.i.s.r.p.m.o.MavenFilterOutputHandler - [ERROR] org.apache.pinot.controller.helix.core.retention.RetentionManagerTest.testRetentionWithMillis  Time elapsed: 0.011 s
04:47:01.885 [Thread-7] ERROR f.i.s.r.p.m.o.MavenFilterOutputHandler - [ERROR] org.apache.pinot.controller.helix.core.retention.RetentionManagerTest.testRetentionWithMinutes  Time elapsed: 0.014 s
04:47:01.885 [Thread-7] ERROR f.i.s.r.p.m.o.MavenFilterOutputHandler - [ERROR] org.apache.pinot.controller.helix.core.retention.RetentionManagerTest.testRetentionWithSeconds  Time elapsed: 0.018 s
04:47:01.885 [Thread-7] ERROR f.i.s.r.p.m.o.MavenFilterOutputHandler - [ERROR] org.apache.pinot.controller.helix.core.retention.SegmentLineageCleanupTest.testRefreshTableCleanup  Time elapsed: 1.211 s
04:47:01.885 [Thread-7] ERROR f.i.s.r.p.m.o.MavenFilterOutputHandler - [ERROR] org.apache.pinot.controller.helix.core.retention.SegmentLineageCleanupTest.testSegmentLineageCleanup  Time elapsed: 7.745 s
04:47:01.885 [Thread-7] ERROR f.i.s.r.p.m.o.MavenFilterOutputHandler - [ERROR] org.apache.pinot.controller.helix.SegmentStatusCheckerTest.disabledEmptyTableTest  Time elapsed: 0.049 s
04:47:01.885 [Thread-7] ERROR f.i.s.r.p.m.o.MavenFilterOutputHandler - [ERROR] org.apache.pinot.controller.helix.SegmentStatusCheckerTest.disabledTableTest  Time elapsed: 0.003 s
04:47:01.885 [Thread-7] ERROR f.i.s.r.p.m.o.MavenFilterOutputHandler - [ERROR] org.apache.pinot.controller.helix.SegmentStatusCheckerTest.missingEVPartitionPushTest  Time elapsed: 0 s
04:47:01.885 [Thread-7] ERROR f.i.s.r.p.m.o.MavenFilterOutputHandler - [ERROR] org.apache.pinot.controller.helix.SegmentStatusCheckerTest.missingEVPartitionTest  Time elapsed: 0 s
04:47:01.886 [Thread-7] ERROR f.i.s.r.p.m.o.MavenFilterOutputHandler - [ERROR] org.apache.pinot.controller.helix.SegmentStatusCheckerTest.missingEVTest  Time elapsed: 0 s
04:47:01.886 [Thread-7] ERROR f.i.s.r.p.m.o.MavenFilterOutputHandler - [ERROR] org.apache.pinot.controller.helix.SegmentStatusCheckerTest.missingIdealTest  Time elapsed: 0.001 s
04:47:01.886 [Thread-7] ERROR f.i.s.r.p.m.o.MavenFilterOutputHandler - [ERROR] org.apache.pinot.controller.helix.SegmentStatusCheckerTest.noReplicas  Time elapsed: 0.001 s
04:47:01.886 [Thread-7] ERROR f.i.s.r.p.m.o.MavenFilterOutputHandler - [ERROR] org.apache.pinot.controller.helix.SegmentStatusCheckerTest.noSegments  Time elapsed: 0.002 s
04:47:01.886 [Thread-7] ERROR f.i.s.r.p.m.o.MavenFilterOutputHandler - [ERROR] org.apache.pinot.controller.helix.SegmentStatusCheckerTest.offlineBasicTest  Time elapsed: 0.002 s
04:47:01.886 [Thread-7] ERROR f.i.s.r.p.m.o.MavenFilterOutputHandler - [ERROR] org.apache.pinot.controller.helix.SegmentStatusCheckerTest.realtimeBasicTest  Time elapsed: 0.001 s
04:47:01.886 [Thread-7] ERROR f.i.s.r.p.m.o.MavenFilterOutputHandler - [ERROR] org.apache.pinot.controller.helix.TableCacheTest.testTableCache[true](1)  Time elapsed: 0.37 s
04:47:01.886 [Thread-7] ERROR f.i.s.r.p.m.o.MavenFilterOutputHandler - [ERROR] org.apache.pinot.controller.helix.TableCacheTest.testTableCache[false](2)  Time elapsed: 0.521 s
04:47:01.886 [Thread-7] ERROR f.i.s.r.p.m.o.MavenFilterOutputHandler - [ERROR] org.apache.pinot.controller.helix.ControllerSentinelTestV2.testOfflineTableLifeCycle  Time elapsed: 0.418 s
04:47:01.886 [Thread-7] ERROR f.i.s.r.p.m.o.MavenFilterOutputHandler - [ERROR] org.apache.pinot.controller.recommender.data.generator.BooleanGeneratorTest.testNext  Time elapsed: 0.011 s
04:47:01.886 [Thread-7] ERROR f.i.s.r.p.m.o.MavenFilterOutputHandler - [ERROR] org.apache.pinot.controller.recommender.data.generator.BooleanGeneratorTest.testNextMultiValued  Time elapsed: 0.001 s
04:47:01.886 [Thread-7] ERROR f.i.s.r.p.m.o.MavenFilterOutputHandler - [ERROR] org.apache.pinot.controller.api.PinotSegmentRestletResourceTest.testSegmentCrcApi  Time elapsed: 0.277 s
04:47:01.886 [Thread-7] ERROR f.i.s.r.p.m.o.MavenFilterOutputHandler - [ERROR] org.apache.pinot.controller.api.access.AuthenticationFilterTest.testExtractTableNameWithEmptyParams  Time elapsed: 0 s
04:47:01.886 [Thread-7] ERROR f.i.s.r.p.m.o.MavenFilterOutputHandler - [ERROR] org.apache.pinot.controller.api.access.AuthenticationFilterTest.testExtractTableNameWithSchemaNameInPathParams  Time elapsed: 0 s
04:47:01.887 [Thread-7] ERROR f.i.s.r.p.m.o.MavenFilterOutputHandler - [ERROR] org.apache.pinot.controller.api.access.AuthenticationFilterTest.testExtractTableNameWithSchemaNameInQueryParams  Time elapsed: 0 s
04:47:01.887 [Thread-7] ERROR f.i.s.r.p.m.o.MavenFilterOutputHandler - [ERROR] org.apache.pinot.controller.api.access.AuthenticationFilterTest.testExtractTableNameWithTableNameInPathParams  Time elapsed: 0 s
04:47:01.887 [Thread-7] ERROR f.i.s.r.p.m.o.MavenFilterOutputHandler - [ERROR] org.apache.pinot.controller.api.access.AuthenticationFilterTest.testExtractTableNameWithTableNameInQueryParams  Time elapsed: 0 s
04:47:01.887 [Thread-7] ERROR f.i.s.r.p.m.o.MavenFilterOutputHandler - [ERROR] org.apache.pinot.controller.api.access.AuthenticationFilterTest.testExtractTableNameWithTableNameWithTypeInPathParams  Time elapsed: 0 s
04:47:01.887 [Thread-7] ERROR f.i.s.r.p.m.o.MavenFilterOutputHandler - [ERROR] org.apache.pinot.controller.api.access.AuthenticationFilterTest.testExtractTableNameWithTableNameWithTypeInQueryParams  Time elapsed: 0 s
04:47:01.887 [Thread-7] ERROR f.i.s.r.p.m.o.MavenFilterOutputHandler - [ERROR] org.apache.pinot.controller.api.resources.ZookeeperResourceTest.testZookeeperDataEndpoints  Time elapsed: 0.04 s
04:47:01.887 [Thread-7] ERROR f.i.s.r.p.m.o.MavenFilterOutputHandler - [ERROR] org.apache.pinot.controller.api.resources.PinotSegmentUploadDownloadRestletResourceTest.testEncryptSegmentIfNeededCrypterInTableConfig  Time elapsed: 0.001 s
04:47:01.887 [Thread-7] ERROR f.i.s.r.p.m.o.MavenFilterOutputHandler - [ERROR] org.apache.pinot.controller.api.resources.PinotSegmentUploadDownloadRestletResourceTest.testEncryptSegmentIfNeededDifferentCrypters  Time elapsed: 0.001 s
04:47:01.887 [Thread-7] ERROR f.i.s.r.p.m.o.MavenFilterOutputHandler - [ERROR] org.apache.pinot.controller.api.resources.PinotSegmentUploadDownloadRestletResourceTest.testEncryptSegmentIfNeededNoEncryption  Time elapsed: 0 s
04:47:01.887 [Thread-7] ERROR f.i.s.r.p.m.o.MavenFilterOutputHandler - [ERROR] org.apache.pinot.controller.api.resources.PinotSegmentUploadDownloadRestletResourceTest.testEncryptSegmentIfNeededUploadedSegmentIsEncrypted  Time elapsed: 0 s
04:47:01.887 [Thread-7] ERROR f.i.s.r.p.m.o.MavenFilterOutputHandler - [ERROR] org.apache.pinot.controller.api.PinotTenantRestletResourceTest.testTableListForTenant  Time elapsed: 0.048 s
04:47:01.887 [Thread-7] ERROR f.i.s.r.p.m.o.MavenFilterOutputHandler - [ERROR] org.apache.pinot.controller.api.PinotControllerAppConfigsTest.testControllerAppConfigs  Time elapsed: 0.023 s
04:47:01.887 [Thread-7] ERROR f.i.s.r.p.m.o.MavenFilterOutputHandler - [ERROR] org.apache.pinot.controller.api.TableConfigsRestletResourceTest.testCreateConfig  Time elapsed: 0.596 s
04:47:01.887 [Thread-7] ERROR f.i.s.r.p.m.o.MavenFilterOutputHandler - [ERROR] org.apache.pinot.controller.api.TableConfigsRestletResourceTest.testDeleteConfig  Time elapsed: 0.202 s
04:47:01.888 [Thread-7] ERROR f.i.s.r.p.m.o.MavenFilterOutputHandler - [ERROR] org.apache.pinot.controller.api.TableConfigsRestletResourceTest.testListConfigs  Time elapsed: 0.298 s
04:47:01.888 [Thread-7] ERROR f.i.s.r.p.m.o.MavenFilterOutputHandler - [ERROR] org.apache.pinot.controller.api.TableConfigsRestletResourceTest.testUnrecognizedProperties  Time elapsed: 0.108 s
04:47:01.888 [Thread-7] ERROR f.i.s.r.p.m.o.MavenFilterOutputHandler - [ERROR] org.apache.pinot.controller.api.TableConfigsRestletResourceTest.testUpdateConfig  Time elapsed: 0.052 s  <<< FAILURE!
04:47:01.889 [Thread-7] ERROR f.i.s.r.p.m.o.MavenFilterOutputHandler - [ERROR] org.apache.pinot.controller.api.TableConfigsRestletResourceTest.testValidateConfig  Time elapsed: 0.091 s
04:47:01.889 [Thread-7] ERROR f.i.s.r.p.m.o.MavenFilterOutputHandler - [ERROR] org.apache.pinot.controller.api.PinotTableRestletResourceTest.rebalanceNonExistentTable  Time elapsed: 0 s
04:47:01.889 [Thread-7] ERROR f.i.s.r.p.m.o.MavenFilterOutputHandler - [ERROR] org.apache.pinot.controller.api.PinotTableRestletResourceTest.rebalanceTableWithoutSegments  Time elapsed: 0.057 s
04:47:01.890 [Thread-7] ERROR f.i.s.r.p.m.o.MavenFilterOutputHandler - [ERROR] org.apache.pinot.controller.api.PinotTableRestletResourceTest.testCheckTableState  Time elapsed: 0.128 s
04:47:01.890 [Thread-7] ERROR f.i.s.r.p.m.o.MavenFilterOutputHandler - [ERROR] org.apache.pinot.controller.api.PinotTableRestletResourceTest.testCreateTable  Time elapsed: 0.203 s
04:47:01.890 [Thread-7] ERROR f.i.s.r.p.m.o.MavenFilterOutputHandler - [ERROR] org.apache.pinot.controller.api.PinotTableRestletResourceTest.testDeleteTable  Time elapsed: 0.633 s
04:47:01.890 [Thread-7] ERROR f.i.s.r.p.m.o.MavenFilterOutputHandler - [ERROR] org.apache.pinot.controller.api.PinotTableRestletResourceTest.testDimTableStorageQuotaConstraints  Time elapsed: 0.105 s
04:47:01.890 [Thread-7] ERROR f.i.s.r.p.m.o.MavenFilterOutputHandler - [ERROR] org.apache.pinot.controller.api.PinotTableRestletResourceTest.testTableCronSchedule  Time elapsed: 0.052 s
04:47:01.890 [Thread-7] ERROR f.i.s.r.p.m.o.MavenFilterOutputHandler - [ERROR] org.apache.pinot.controller.api.PinotTableRestletResourceTest.testTableMinReplication  Time elapsed: 0.317 s
04:47:01.890 [Thread-7] ERROR f.i.s.r.p.m.o.MavenFilterOutputHandler - [ERROR] org.apache.pinot.controller.api.PinotTableRestletResourceTest.testUnrecognizedProperties  Time elapsed: 0.118 s
04:47:01.890 [Thread-7] ERROR f.i.s.r.p.m.o.MavenFilterOutputHandler - [ERROR] org.apache.pinot.controller.api.PinotTableRestletResourceTest.testUpdateTableConfig  Time elapsed: 0.204 s
04:47:01.890 [Thread-7] ERROR f.i.s.r.p.m.o.MavenFilterOutputHandler - [ERROR] org.apache.pinot.controller.api.PinotTableRestletResourceTest.testValidate  Time elapsed: 0.012 s
04:47:01.890 [Thread-7] ERROR f.i.s.r.p.m.o.MavenFilterOutputHandler - [ERROR] org.apache.pinot.controller.api.PinotTableRestletResourceTest.testValidateTableAndSchema  Time elapsed: 0.055 s
04:47:01.890 [Thread-7] ERROR f.i.s.r.p.m.o.MavenFilterOutputHandler - [ERROR] org.apache.pinot.controller.api.PinotSegmentsMetadataTest.testServerSegmentMetadataFetchError  Time elapsed: 0.044 s
04:47:01.890 [Thread-7] ERROR f.i.s.r.p.m.o.MavenFilterOutputHandler - [ERROR] org.apache.pinot.controller.api.PinotSegmentsMetadataTest.testServerSegmentMetadataFetchSuccess  Time elapsed: 0.045 s
04:47:01.890 [Thread-7] ERROR f.i.s.r.p.m.o.MavenFilterOutputHandler - [ERROR] org.apache.pinot.controller.api.ControllerFilePathProviderTest.testLocalTempDirConfigured  Time elapsed: 0.001 s
04:47:01.891 [Thread-7] ERROR f.i.s.r.p.m.o.MavenFilterOutputHandler - [ERROR] org.apache.pinot.controller.api.ControllerFilePathProviderTest.testLocalTempDirNotConfigured  Time elapsed: 0.001 s
04:47:01.891 [Thread-7] ERROR f.i.s.r.p.m.o.MavenFilterOutputHandler - [ERROR] org.apache.pinot.controller.api.upload.ZKOperatorTest.testCompleteSegmentOperations  Time elapsed: 3.203 s
04:47:01.891 [Thread-7] ERROR f.i.s.r.p.m.o.MavenFilterOutputHandler - [ERROR] org.apache.pinot.controller.api.SegmentCompletionProtocolDeserTest.testCompleteResponseParams  Time elapsed: 0 s
04:47:01.891 [Thread-7] ERROR f.i.s.r.p.m.o.MavenFilterOutputHandler - [ERROR] org.apache.pinot.controller.api.SegmentCompletionProtocolDeserTest.testIncompleteResponseParams  Time elapsed: 0 s
04:47:01.891 [Thread-7] ERROR f.i.s.r.p.m.o.MavenFilterOutputHandler - [ERROR] org.apache.pinot.controller.api.SegmentCompletionProtocolDeserTest.testJsonNullSegmentLocationAndVip  Time elapsed: 0.001 s
04:47:01.891 [Thread-7] ERROR f.i.s.r.p.m.o.MavenFilterOutputHandler - [ERROR] org.apache.pinot.controller.api.SegmentCompletionProtocolDeserTest.testJsonResponseWithAllParams  Time elapsed: 0 s
04:47:01.891 [Thread-7] ERROR f.i.s.r.p.m.o.MavenFilterOutputHandler - [ERROR] org.apache.pinot.controller.api.SegmentCompletionProtocolDeserTest.testJsonResponseWithSegmentLocationNullVip  Time elapsed: 0 s
04:47:01.891 [Thread-7] ERROR f.i.s.r.p.m.o.MavenFilterOutputHandler - [ERROR] org.apache.pinot.controller.api.SegmentCompletionProtocolDeserTest.testJsonResponseWithVipAndNullSegmentLocation  Time elapsed: 0 s
04:47:01.891 [Thread-7] ERROR f.i.s.r.p.m.o.MavenFilterOutputHandler - [ERROR] org.apache.pinot.controller.api.SegmentCompletionProtocolDeserTest.testJsonResponseWithoutSplitCommit  Time elapsed: 0 s
04:47:01.891 [Thread-7] ERROR f.i.s.r.p.m.o.MavenFilterOutputHandler - [ERROR] org.apache.pinot.controller.helix.core.realtime.segment.SegmentFlushThresholdComputerTest.testAdjustRowsToSizeRatio  Time elapsed: 0.002 s
04:47:01.891 [Thread-7] ERROR f.i.s.r.p.m.o.MavenFilterOutputHandler - [ERROR] org.apache.pinot.controller.helix.core.realtime.segment.SegmentFlushThresholdComputerTest.testApplyMultiplierToAdjustedTotalDocsWhenTimeThresholdIsReached  Time elapsed: 0.001 s
04:47:01.892 [Thread-7] ERROR f.i.s.r.p.m.o.MavenFilterOutputHandler - [ERROR] org.apache.pinot.controller.helix.core.realtime.segment.SegmentFlushThresholdComputerTest.testApplyMultiplierToTotalDocsWhenTimeThresholdNotReached  Time elapsed: 0 s
04:47:01.892 [Thread-7] ERROR f.i.s.r.p.m.o.MavenFilterOutputHandler - [ERROR] org.apache.pinot.controller.helix.core.realtime.segment.SegmentFlushThresholdComputerTest.testNoRows  Time elapsed: 0 s
04:47:01.892 [Thread-7] ERROR f.i.s.r.p.m.o.MavenFilterOutputHandler - [ERROR] org.apache.pinot.controller.helix.core.realtime.segment.SegmentFlushThresholdComputerTest.testSegmentSizeJustRight  Time elapsed: 0.001 s
04:47:01.892 [Thread-7] ERROR f.i.s.r.p.m.o.MavenFilterOutputHandler - [ERROR] org.apache.pinot.controller.helix.core.realtime.segment.SegmentFlushThresholdComputerTest.testSegmentSizeTooBig  Time elapsed: 0 s
04:47:01.892 [Thread-7] ERROR f.i.s.r.p.m.o.MavenFilterOutputHandler - [ERROR] org.apache.pinot.controller.helix.core.realtime.segment.SegmentFlushThresholdComputerTest.testSegmentSizeTooSmall  Time elapsed: 0.001 s
04:47:01.892 [Thread-7] ERROR f.i.s.r.p.m.o.MavenFilterOutputHandler - [ERROR] org.apache.pinot.controller.helix.core.realtime.segment.SegmentFlushThresholdComputerTest.testUseAutoTuneInitialRowsIfFirstSegmentInPartition  Time elapsed: 0 s
04:47:01.892 [Thread-7] ERROR f.i.s.r.p.m.o.MavenFilterOutputHandler - [ERROR] org.apache.pinot.controller.helix.core.realtime.segment.SegmentFlushThresholdComputerTest.testUseLastSegmentSizeTimesRatioIfFirstSegmentInPartitionAndNewPartitionGroup  Time elapsed: 0 s
04:47:01.892 [Thread-7] ERROR f.i.s.r.p.m.o.MavenFilterOutputHandler - [ERROR] org.apache.pinot.controller.helix.core.realtime.segment.SegmentFlushThresholdComputerTest.testUseLastSegmentSizeTimesRatioIfFirstSegmentInPartitionAndNewPartitionGroupMinimumSize10000Rows  Time elapsed: 0 s
04:47:01.892 [Thread-7] ERROR f.i.s.r.p.m.o.MavenFilterOutputHandler - [ERROR] org.apache.pinot.controller.helix.core.realtime.segment.SegmentFlushThresholdComputerTest.testUseLastSegmentsThresholdIfSegmentSizeMissing  Time elapsed: 0.001 s
04:47:01.892 [Thread-7] ERROR f.i.s.r.p.m.o.MavenFilterOutputHandler - [ERROR] org.apache.pinot.controller.helix.core.PinotHelixResourceManagerTest.testGetInstanceConfigs  Time elapsed: 0.14 s
04:47:01.892 [Thread-7] ERROR f.i.s.r.p.m.o.MavenFilterOutputHandler - [ERROR] org.apache.pinot.controller.helix.core.PinotHelixResourceManagerTest.testGetInstanceEndpoints  Time elapsed: 0.063 s
04:47:01.893 [Thread-7] ERROR f.i.s.r.p.m.o.MavenFilterOutputHandler - [ERROR] org.apache.pinot.controller.helix.core.PinotHelixResourceManagerTest.testGetLiveBrokersForTable  Time elapsed: 0.421 s
04:47:01.893 [Thread-7] ERROR f.i.s.r.p.m.o.MavenFilterOutputHandler - [ERROR] org.apache.pinot.controller.helix.core.PinotHelixResourceManagerTest.testLeadControllerAssignment  Time elapsed: 0.025 s
04:47:01.893 [Thread-7] ERROR f.i.s.r.p.m.o.MavenFilterOutputHandler - [ERROR] org.apache.pinot.controller.helix.core.PinotHelixResourceManagerTest.testLeadControllerResource  Time elapsed: 0.002 s
04:47:01.893 [Thread-7] ERROR f.i.s.r.p.m.o.MavenFilterOutputHandler - [ERROR] org.apache.pinot.controller.helix.core.PinotHelixResourceManagerTest.testRebuildBrokerResourceFromHelixTags  Time elapsed: 0.244 s
04:47:01.893 [Thread-7] ERROR f.i.s.r.p.m.o.MavenFilterOutputHandler - [ERROR] org.apache.pinot.controller.helix.core.PinotHelixResourceManagerTest.testRetrieveSegmentZKMetadata  Time elapsed: 0.002 s
04:47:01.893 [Thread-7] ERROR f.i.s.r.p.m.o.MavenFilterOutputHandler - [ERROR] org.apache.pinot.controller.helix.core.PinotHelixResourceManagerTest.testRetrieveTenantNames  Time elapsed: 0.146 s
04:47:01.893 [Thread-7] ERROR f.i.s.r.p.m.o.MavenFilterOutputHandler - [ERROR] org.apache.pinot.controller.helix.core.PinotHelixResourceManagerTest.testSegmentReplacement  Time elapsed: 17.833 s
04:47:01.893 [Thread-7] ERROR f.i.s.r.p.m.o.MavenFilterOutputHandler - [ERROR] org.apache.pinot.controller.helix.core.assignment.segment.OfflineNonReplicaGroupTieredSegmentAssignmentTest.testBootstrapTable  Time elapsed: 0 s
04:47:01.893 [Thread-7] ERROR f.i.s.r.p.m.o.MavenFilterOutputHandler - [ERROR] org.apache.pinot.controller.helix.core.assignment.segment.OfflineNonReplicaGroupTieredSegmentAssignmentTest.testTableBalanced  Time elapsed: 0.005 s
04:47:01.893 [Thread-7] ERROR f.i.s.r.p.m.o.MavenFilterOutputHandler - [ERROR] org.apache.pinot.controller.helix.core.assignment.segment.OfflineNonReplicaGroupSegmentAssignmentTest.testAssignSegment  Time elapsed: 0.002 s
04:47:01.894 [Thread-7] ERROR f.i.s.r.p.m.o.MavenFilterOutputHandler - [ERROR] org.apache.pinot.controller.helix.core.assignment.segment.OfflineNonReplicaGroupSegmentAssignmentTest.testBootstrapTable  Time elapsed: 0.004 s
04:47:01.894 [Thread-7] ERROR f.i.s.r.p.m.o.MavenFilterOutputHandler - [ERROR] org.apache.pinot.controller.helix.core.assignment.segment.OfflineNonReplicaGroupSegmentAssignmentTest.testFactory  Time elapsed: 0 s
04:47:01.894 [Thread-7] ERROR f.i.s.r.p.m.o.MavenFilterOutputHandler - [ERROR] org.apache.pinot.controller.helix.core.assignment.segment.OfflineNonReplicaGroupSegmentAssignmentTest.testTableBalanced  Time elapsed: 0.003 s
04:47:01.894 [Thread-7] ERROR f.i.s.r.p.m.o.MavenFilterOutputHandler - [ERROR] org.apache.pinot.controller.helix.core.assignment.segment.RealtimeNonReplicaGroupTieredSegmentAssignmentTest.testRelocateCompletedSegments  Time elapsed: 0.006 s
04:47:01.894 [Thread-7] ERROR f.i.s.r.p.m.o.MavenFilterOutputHandler - [ERROR] org.apache.pinot.controller.helix.core.rebalance.TableRebalancerTest.testAssignment  Time elapsed: 0.005 s
04:47:01.894 [Thread-7] ERROR f.i.s.r.p.m.o.MavenFilterOutputHandler - [ERROR] org.apache.pinot.controller.helix.core.rebalance.TableRebalancerTest.testDowntimeMode  Time elapsed: 0.001 s
04:47:01.894 [Thread-7] ERROR f.i.s.r.p.m.o.MavenFilterOutputHandler - [ERROR] org.apache.pinot.controller.helix.core.rebalance.TableRebalancerTest.testIsExternalViewConverged  Time elapsed: 0 s
04:47:01.894 [Thread-7] ERROR f.i.s.r.p.m.o.MavenFilterOutputHandler - [ERROR] org.apache.pinot.controller.helix.core.rebalance.TableRebalancerTest.testOneMinAvailableReplicas  Time elapsed: 0 s
04:47:01.894 [Thread-7] ERROR f.i.s.r.p.m.o.MavenFilterOutputHandler - [ERROR] org.apache.pinot.controller.helix.core.rebalance.TableRebalancerTest.testTwoMinAvailableReplicas  Time elapsed: 0 s
04:47:01.894 [Thread-7] ERROR f.i.s.r.p.m.o.MavenFilterOutputHandler - [ERROR] org.apache.pinot.controller.helix.ControllerInstanceToggleTest.testInstanceToggle  Time elapsed: 2.051 s
04:47:01.894 [Thread-7] ERROR f.i.s.r.p.m.o.MavenFilterOutputHandler - [ERROR] org.apache.pinot.controller.recommender.data.generator.MultiValueGeneratorHelperTest.testGenerateMultiValueEntries  Time elapsed: 0.001 s
04:47:01.894 [Thread-7] ERROR f.i.s.r.p.m.o.MavenFilterOutputHandler - [ERROR] org.apache.pinot.controller.api.SegmentCompletionUtilsTest.testGenerateSegmentFilePrefix  Time elapsed: 0 s
04:47:01.894 [Thread-7] ERROR f.i.s.r.p.m.o.MavenFilterOutputHandler - [ERROR] org.apache.pinot.controller.api.SegmentCompletionUtilsTest.testGenerateSegmentLocation  Time elapsed: 0 s
04:47:01.894 [Thread-7] ERROR f.i.s.r.p.m.o.MavenFilterOutputHandler - [ERROR] org.apache.pinot.controller.api.resources.PinotDummyExtraRestletResourceTest.testExtraDummyResourcePackages  Time elapsed: 0 s
04:47:01.894 [Thread-7] ERROR f.i.s.r.p.m.o.MavenFilterOutputHandler - [ERROR] org.apache.pinot.controller.api.PinotSchemaRestletResourceTest.testCreateUpdateSchema  Time elapsed: 0.048 s
04:47:01.894 [Thread-7] ERROR f.i.s.r.p.m.o.MavenFilterOutputHandler - [ERROR] org.apache.pinot.controller.api.PinotSchemaRestletResourceTest.testPostJson  Time elapsed: 0.004 s
04:47:01.894 [Thread-7] ERROR f.i.s.r.p.m.o.MavenFilterOutputHandler - [ERROR] org.apache.pinot.controller.api.PinotSchemaRestletResourceTest.testUnrecognizedProperties  Time elapsed: 0.007 s
04:47:01.894 [Thread-7] ERROR f.i.s.r.p.m.o.MavenFilterOutputHandler - [ERROR] org.apache.pinot.controller.api.PinotSchemaRestletResourceTest.testUnrecognizedPropertiesFileEndpoints  Time elapsed: 0.006 s
04:47:01.895 [Thread-7] ERROR f.i.s.r.p.m.o.MavenFilterOutputHandler - [ERROR] org.apache.pinot.controller.api.TableSizeReaderTest.getTableSizeDetailsRealtimeOnly  Time elapsed: 0.011 s
04:47:01.895 [Thread-7] ERROR f.i.s.r.p.m.o.MavenFilterOutputHandler - [ERROR] org.apache.pinot.controller.api.TableSizeReaderTest.testGetTableSubTypeSizeAllErrors  Time elapsed: 10.025 s
04:47:01.895 [Thread-7] ERROR f.i.s.r.p.m.o.MavenFilterOutputHandler - [ERROR] org.apache.pinot.controller.api.TableSizeReaderTest.testGetTableSubTypeSizeAllSuccess  Time elapsed: 0.009 s
04:47:01.895 [Thread-7] ERROR f.i.s.r.p.m.o.MavenFilterOutputHandler - [ERROR] org.apache.pinot.controller.api.TableSizeReaderTest.testGetTableSubTypeSizesWithErrors  Time elapsed: 10.03 s
04:47:01.895 [Thread-7] ERROR f.i.s.r.p.m.o.MavenFilterOutputHandler - [ERROR] org.apache.pinot.controller.api.TableSizeReaderTest.testNoSuchTable  Time elapsed: 0 s
04:47:01.895 [Thread-7] ERROR f.i.s.r.p.m.o.MavenFilterOutputHandler - [ERROR] org.apache.pinot.controller.api.PinotFileUploadTest.testUploadBogusData  Time elapsed: 0.029 s
04:47:01.895 [Thread-7] ERROR f.i.s.r.p.m.o.MavenFilterOutputHandler - [ERROR] org.apache.pinot.controller.api.ServerTableSizeReaderTest.testServerSizeReader  Time elapsed: 0.007 s
04:47:01.895 [Thread-7] ERROR f.i.s.r.p.m.o.MavenFilterOutputHandler - [ERROR] org.apache.pinot.controller.api.ServerTableSizeReaderTest.testServerSizesErrors  Time elapsed: 5.029 s
04:47:01.895 [Thread-7] ERROR f.i.s.r.p.m.o.MavenFilterOutputHandler - [ERROR] org.apache.pinot.controller.helix.core.realtime.SegmentCompletionTest.testCommitDifferentOffsetSplitCommit  Time elapsed: 0.006 s
04:47:01.895 [Thread-7] ERROR f.i.s.r.p.m.o.MavenFilterOutputHandler - [ERROR] org.apache.pinot.controller.helix.core.realtime.SegmentCompletionTest.testCommitSegmentFileFail  Time elapsed: 0.003 s
04:47:01.895 [Thread-7] ERROR f.i.s.r.p.m.o.MavenFilterOutputHandler - [ERROR] org.apache.pinot.controller.helix.core.realtime.SegmentCompletionTest.testCommitterFailure  Time elapsed: 0 s
04:47:01.895 [Thread-7] ERROR f.i.s.r.p.m.o.MavenFilterOutputHandler - [ERROR] org.apache.pinot.controller.helix.core.realtime.SegmentCompletionTest.testControllerFailureDuringCommit  Time elapsed: 0 s
04:47:01.895 [Thread-7] ERROR f.i.s.r.p.m.o.MavenFilterOutputHandler - [ERROR] org.apache.pinot.controller.helix.core.realtime.SegmentCompletionTest.testControllerFailureDuringSplitCommit  Time elapsed: 0.001 s
04:47:01.895 [Thread-7] ERROR f.i.s.r.p.m.o.MavenFilterOutputHandler - [ERROR] org.apache.pinot.controller.helix.core.realtime.SegmentCompletionTest.testControllerNotConnected  Time elapsed: 0.001 s
04:47:01.895 [Thread-7] ERROR f.i.s.r.p.m.o.MavenFilterOutputHandler - [ERROR] org.apache.pinot.controller.helix.core.realtime.SegmentCompletionTest.testDeadServers  Time elapsed: 0.001 s
04:47:01.896 [Thread-7] ERROR f.i.s.r.p.m.o.MavenFilterOutputHandler - [ERROR] org.apache.pinot.controller.helix.core.realtime.SegmentCompletionTest.testDelayedServer  Time elapsed: 0.001 s
04:47:01.896 [Thread-7] ERROR f.i.s.r.p.m.o.MavenFilterOutputHandler - [ERROR] org.apache.pinot.controller.helix.core.realtime.SegmentCompletionTest.testDelayedServerSplitCommit  Time elapsed: 0.001 s
04:47:01.896 [Thread-7] ERROR f.i.s.r.p.m.o.MavenFilterOutputHandler - [ERROR] org.apache.pinot.controller.helix.core.realtime.SegmentCompletionTest.testExceptionInConsumedMessage  Time elapsed: 0.005 s
04:47:01.896 [Thread-7] ERROR f.i.s.r.p.m.o.MavenFilterOutputHandler - [ERROR] org.apache.pinot.controller.helix.core.realtime.SegmentCompletionTest.testFailedSlowCommit  Time elapsed: 0 s
04:47:01.896 [Thread-7] ERROR f.i.s.r.p.m.o.MavenFilterOutputHandler - [ERROR] org.apache.pinot.controller.helix.core.realtime.SegmentCompletionTest.testHappyPath  Time elapsed: 0 s
04:47:01.896 [Thread-7] ERROR f.i.s.r.p.m.o.MavenFilterOutputHandler - [ERROR] org.apache.pinot.controller.helix.core.realtime.SegmentCompletionTest.testHappyPathAfterStoppedConsuming  Time elapsed: 0 s
04:47:01.896 [Thread-7] ERROR f.i.s.r.p.m.o.MavenFilterOutputHandler - [ERROR] org.apache.pinot.controller.helix.core.realtime.SegmentCompletionTest.testHappyPathSlowCommit  Time elapsed: 0 s
04:47:01.896 [Thread-7] ERROR f.i.s.r.p.m.o.MavenFilterOutputHandler - [ERROR] org.apache.pinot.controller.helix.core.realtime.SegmentCompletionTest.testHappyPathSplitCommitWithDeepstore  Time elapsed: 0 s
04:47:01.896 [Thread-7] ERROR f.i.s.r.p.m.o.MavenFilterOutputHandler - [ERROR] org.apache.pinot.controller.helix.core.realtime.SegmentCompletionTest.testHappyPathSplitCommitWithLocalFS  Time elapsed: 0 s
04:47:01.896 [Thread-7] ERROR f.i.s.r.p.m.o.MavenFilterOutputHandler - [ERROR] org.apache.pinot.controller.helix.core.realtime.SegmentCompletionTest.testHappyPathSplitCommitWithPeerDownloadScheme  Time elapsed: 0 s
04:47:01.896 [Thread-7] ERROR f.i.s.r.p.m.o.MavenFilterOutputHandler - [ERROR] org.apache.pinot.controller.helix.core.realtime.SegmentCompletionTest.testLeaseTooLong  Time elapsed: 0.002 s
04:47:01.896 [Thread-7] ERROR f.i.s.r.p.m.o.MavenFilterOutputHandler - [ERROR] org.apache.pinot.controller.helix.core.realtime.SegmentCompletionTest.testNotLeader  Time elapsed: 0 s
04:47:01.897 [Thread-7] ERROR f.i.s.r.p.m.o.MavenFilterOutputHandler - [ERROR] org.apache.pinot.controller.helix.core.realtime.SegmentCompletionTest.testStoppedConsumeBeforeHold  Time elapsed: 0.001 s
04:47:01.897 [Thread-7] ERROR f.i.s.r.p.m.o.MavenFilterOutputHandler - [ERROR] org.apache.pinot.controller.helix.core.realtime.SegmentCompletionTest.testStoppedConsumeDuringCompletion  Time elapsed: 0.001 s
04:47:01.897 [Thread-7] ERROR f.i.s.r.p.m.o.MavenFilterOutputHandler - [ERROR] org.apache.pinot.controller.helix.core.realtime.SegmentCompletionTest.testWinnerOnRowLimit  Time elapsed: 0.001 s
04:47:01.897 [Thread-7] ERROR f.i.s.r.p.m.o.MavenFilterOutputHandler - [ERROR] org.apache.pinot.controller.helix.core.realtime.SegmentCompletionTest.testWinnerOnTimeLimit  Time elapsed: 0 s
04:47:01.897 [Thread-7] ERROR f.i.s.r.p.m.o.MavenFilterOutputHandler - [ERROR] org.apache.pinot.controller.helix.core.assignment.instance.InstanceAssignmentTest.testDefaultOfflineReplicaGroup  Time elapsed: 0.003 s
04:47:01.897 [Thread-7] ERROR f.i.s.r.p.m.o.MavenFilterOutputHandler - [ERROR] org.apache.pinot.controller.helix.core.assignment.instance.InstanceAssignmentTest.testIllegalConfig  Time elapsed: 0.001 s
04:47:01.897 [Thread-7] ERROR f.i.s.r.p.m.o.MavenFilterOutputHandler - [ERROR] org.apache.pinot.controller.helix.core.assignment.instance.InstanceAssignmentTest.testPoolBased  Time elapsed: 0.001 s
04:47:01.898 [Thread-7] ERROR f.i.s.r.p.m.o.MavenFilterOutputHandler - [ERROR] org.apache.pinot.controller.helix.core.assignment.segment.RealtimeNonReplicaGroupSegmentAssignmentTest.testAssignSegment  Time elapsed: 0 s
04:47:01.898 [Thread-7] ERROR f.i.s.r.p.m.o.MavenFilterOutputHandler - [ERROR] org.apache.pinot.controller.helix.core.assignment.segment.RealtimeNonReplicaGroupSegmentAssignmentTest.testFactory  Time elapsed: 0 s
04:47:01.898 [Thread-7] ERROR f.i.s.r.p.m.o.MavenFilterOutputHandler - [ERROR] org.apache.pinot.controller.helix.core.assignment.segment.RealtimeNonReplicaGroupSegmentAssignmentTest.testRelocateCompletedSegments  Time elapsed: 0.004 s
04:47:01.898 [Thread-7] ERROR f.i.s.r.p.m.o.MavenFilterOutputHandler - [ERROR] org.apache.pinot.controller.helix.HelixHelperTest.testPermanentIdealStateUpdaterException  Time elapsed: 0.007 s
04:47:01.898 [Thread-7] ERROR f.i.s.r.p.m.o.MavenFilterOutputHandler - [ERROR] org.apache.pinot.controller.helix.HelixHelperTest.testWriteLargeIdealState  Time elapsed: 0.153 s
04:47:01.898 [Thread-7] ERROR f.i.s.r.p.m.o.MavenFilterOutputHandler - [ERROR] org.apache.pinot.controller.recommender.data.generator.NumberGeneratorTest.testNext  Time elapsed: 0.002 s
04:47:01.898 [Thread-7] ERROR f.i.s.r.p.m.o.MavenFilterOutputHandler - [ERROR] org.apache.pinot.controller.recommender.data.generator.NumberGeneratorTest.testNextMultiValued  Time elapsed: 0.001 s
04:47:01.898 [Thread-7] ERROR f.i.s.r.p.m.o.MavenFilterOutputHandler - [ERROR] org.apache.pinot.controller.api.PinotInstanceAssignmentRestletResourceTest.testInstanceAssignment  Time elapsed: 0.4 s
04:47:01.898 [Thread-7] ERROR f.i.s.r.p.m.o.MavenFilterOutputHandler - [ERROR] org.apache.pinot.controller.api.AccessControlTest.testAccessDenied  Time elapsed: 0.002 s
04:47:01.898 [Thread-7] ERROR f.i.s.r.p.m.o.MavenFilterOutputHandler - [ERROR] org.apache.pinot.controller.api.TableViewsTest.testBadRequest[idealstate](1)  Time elapsed: 0.006 s
04:47:01.898 [Thread-7] ERROR f.i.s.r.p.m.o.MavenFilterOutputHandler - [ERROR] org.apache.pinot.controller.api.TableViewsTest.testBadRequest[externalview](2)  Time elapsed: 0.001 s
04:47:01.898 [Thread-7] ERROR f.i.s.r.p.m.o.MavenFilterOutputHandler - [ERROR] org.apache.pinot.controller.api.TableViewsTest.testHybridTableState[idealstate](1)  Time elapsed: 0.009 s
04:47:01.898 [Thread-7] ERROR f.i.s.r.p.m.o.MavenFilterOutputHandler - [ERROR] org.apache.pinot.controller.api.TableViewsTest.testHybridTableState[externalview](2)  Time elapsed: 0.009 s
04:47:01.898 [Thread-7] ERROR f.i.s.r.p.m.o.MavenFilterOutputHandler - [ERROR] org.apache.pinot.controller.api.TableViewsTest.testOfflineTableState[idealstate](1)  Time elapsed: 0.002 s
04:47:01.898 [Thread-7] ERROR f.i.s.r.p.m.o.MavenFilterOutputHandler - [ERROR] org.apache.pinot.controller.api.TableViewsTest.testOfflineTableState[externalview](2)  Time elapsed: 0.002 s
04:47:01.898 [Thread-7] ERROR f.i.s.r.p.m.o.MavenFilterOutputHandler - [ERROR] org.apache.pinot.controller.api.TableViewsTest.testTableNotFound[idealstate](1)  Time elapsed: 0.003 s
04:47:01.898 [Thread-7] ERROR f.i.s.r.p.m.o.MavenFilterOutputHandler - [ERROR] org.apache.pinot.controller.api.TableViewsTest.testTableNotFound[externalview](2)  Time elapsed: 0.002 s
04:47:01.898 [Thread-7] ERROR f.i.s.r.p.m.o.MavenFilterOutputHandler - [ERROR] org.apache.pinot.controller.recommender.data.generator.TimeGeneratorTest.testConvert  Time elapsed: 0 s
04:47:01.899 [Thread-7] ERROR f.i.s.r.p.m.o.MavenFilterOutputHandler - [ERROR] org.apache.pinot.controller.api.PinotInstanceRestletResourceTest.testInstanceListingAndCreation  Time elapsed: 0.074 s
04:47:01.899 [Thread-7] ERROR f.i.s.r.p.m.o.MavenFilterOutputHandler - [ERROR] org.apache.pinot.controller.recommender.realtime.provisioning.MemoryEstimatorTest.testSegmentGenerator  Time elapsed: 1.978 s
04:47:01.899 [Thread-7] ERROR f.i.s.r.p.m.o.MavenFilterOutputHandler - [ERROR] org.apache.pinot.controller.recommender.realtime.provisioning.MemoryEstimatorTest.testSegmentGeneratorWithDateTimeFieldSpec  Time elapsed: 1.661 s
04:47:01.899 [Thread-7] ERROR f.i.s.r.p.m.o.MavenFilterOutputHandler - [ERROR] org.apache.pinot.controller.recommender.TestConfigEngine.testAggregateMetricsRule  Time elapsed: 0.662 s
04:47:01.899 [Thread-7] ERROR f.i.s.r.p.m.o.MavenFilterOutputHandler - [ERROR] org.apache.pinot.controller.recommender.TestConfigEngine.testBloomFilterRule  Time elapsed: 0.037 s
04:47:01.899 [Thread-7] ERROR f.i.s.r.p.m.o.MavenFilterOutputHandler - [ERROR] org.apache.pinot.controller.recommender.TestConfigEngine.testBloomFilterRuleWithTimeSpecColumn  Time elapsed: 0.009 s
04:47:01.899 [Thread-7] ERROR f.i.s.r.p.m.o.MavenFilterOutputHandler - [ERROR] org.apache.pinot.controller.recommender.TestConfigEngine.testCombinationGenerator  Time elapsed: 0.001 s
04:47:01.899 [Thread-7] ERROR f.i.s.r.p.m.o.MavenFilterOutputHandler - [ERROR] org.apache.pinot.controller.recommender.TestConfigEngine.testDataSizeCalculation  Time elapsed: 0.027 s
04:47:01.899 [Thread-7] ERROR f.i.s.r.p.m.o.MavenFilterOutputHandler - [ERROR] org.apache.pinot.controller.recommender.TestConfigEngine.testEngineEmptyQueries  Time elapsed: 1.454 s
04:47:01.899 [Thread-7] ERROR f.i.s.r.p.m.o.MavenFilterOutputHandler - [ERROR] org.apache.pinot.controller.recommender.TestConfigEngine.testFixedLenBitset  Time elapsed: 0.001 s
04:47:01.899 [Thread-7] ERROR f.i.s.r.p.m.o.MavenFilterOutputHandler - [ERROR] org.apache.pinot.controller.recommender.TestConfigEngine.testFlagQueryRule  Time elapsed: 0.012 s
04:47:01.899 [Thread-7] ERROR f.i.s.r.p.m.o.MavenFilterOutputHandler - [ERROR] org.apache.pinot.controller.recommender.TestConfigEngine.testInputManager  Time elapsed: 0.017 s
04:47:01.899 [Thread-7] ERROR f.i.s.r.p.m.o.MavenFilterOutputHandler - [ERROR] org.apache.pinot.controller.recommender.TestConfigEngine.testInvalidInput1  Time elapsed: 0.005 s
04:47:01.900 [Thread-7] ERROR f.i.s.r.p.m.o.MavenFilterOutputHandler - [ERROR] org.apache.pinot.controller.recommender.TestConfigEngine.testInvalidInput2  Time elapsed: 0.004 s
04:47:01.900 [Thread-7] ERROR f.i.s.r.p.m.o.MavenFilterOutputHandler - [ERROR] org.apache.pinot.controller.recommender.TestConfigEngine.testInvertedSortedIndexJointRule  Time elapsed: 0.027 s
04:47:01.900 [Thread-7] ERROR f.i.s.r.p.m.o.MavenFilterOutputHandler - [ERROR] org.apache.pinot.controller.recommender.TestConfigEngine.testKafkaPartitionRule  Time elapsed: 0.005 s
04:47:01.900 [Thread-7] ERROR f.i.s.r.p.m.o.MavenFilterOutputHandler - [ERROR] org.apache.pinot.controller.recommender.TestConfigEngine.testKafkaPartitionRule2  Time elapsed: 0.004 s
04:47:01.900 [Thread-7] ERROR f.i.s.r.p.m.o.MavenFilterOutputHandler - [ERROR] org.apache.pinot.controller.recommender.TestConfigEngine.testNoDictionaryOnHeapDictionaryJointRule  Time elapsed: 0.016 s
04:47:01.900 [Thread-7] ERROR f.i.s.r.p.m.o.MavenFilterOutputHandler - [ERROR] org.apache.pinot.controller.recommender.TestConfigEngine.testPinotTablePartitionRule  Time elapsed: 0.025 s
04:47:01.900 [Thread-7] ERROR f.i.s.r.p.m.o.MavenFilterOutputHandler - [ERROR] org.apache.pinot.controller.recommender.TestConfigEngine.testPortionSelected  Time elapsed: 0 s
04:47:01.900 [Thread-7] ERROR f.i.s.r.p.m.o.MavenFilterOutputHandler - [ERROR] org.apache.pinot.controller.recommender.TestConfigEngine.testQueryInvertedSortedIndexRecommender  Time elapsed: 0.028 s
04:47:01.900 [Thread-7] ERROR f.i.s.r.p.m.o.MavenFilterOutputHandler - [ERROR] org.apache.pinot.controller.recommender.TestConfigEngine.testRangeIndexRule  Time elapsed: 0.019 s
04:47:01.900 [Thread-7] ERROR f.i.s.r.p.m.o.MavenFilterOutputHandler - [ERROR] org.apache.pinot.controller.recommender.TestConfigEngine.testRealtimeProvisioningRuleWithDateTimeColumn  Time elapsed: 2.9 s
04:47:01.900 [Thread-7] ERROR f.i.s.r.p.m.o.MavenFilterOutputHandler - [ERROR] org.apache.pinot.controller.recommender.TestConfigEngine.testRealtimeProvisioningRuleWithHighIngestionRate  Time elapsed: 2.293 s
04:47:01.900 [Thread-7] ERROR f.i.s.r.p.m.o.MavenFilterOutputHandler - [ERROR] org.apache.pinot.controller.recommender.TestConfigEngine.testRealtimeProvisioningRuleWithTimeColumn  Time elapsed: 2.397 s
04:47:01.900 [Thread-7] ERROR f.i.s.r.p.m.o.MavenFilterOutputHandler - [ERROR] org.apache.pinot.controller.recommender.TestConfigEngine.testSegmentSizeRule  Time elapsed: 1.303 s
04:47:01.900 [Thread-7] ERROR f.i.s.r.p.m.o.MavenFilterOutputHandler - [ERROR] org.apache.pinot.controller.recommender.TestConfigEngine.testSegmentSizeRuleNoNeedToGenerateSegment  Time elapsed: 0.012 s
04:47:01.900 [Thread-7] ERROR f.i.s.r.p.m.o.MavenFilterOutputHandler - [ERROR] org.apache.pinot.controller.recommender.TestConfigEngine.testSegmentSizeRuleRealtimeOnlyTable  Time elapsed: 0.007 s
04:47:01.900 [Thread-7] ERROR f.i.s.r.p.m.o.MavenFilterOutputHandler - [ERROR] org.apache.pinot.controller.recommender.TestConfigEngine.testSegmentSizeRuleRuleIsDisabledButItNeedsToBeSilentlyRun  Time elapsed: 1.249 s
04:47:01.900 [Thread-7] ERROR f.i.s.r.p.m.o.MavenFilterOutputHandler - [ERROR] org.apache.pinot.controller.recommender.TestConfigEngine.testSortedInvertedIndexJointRuleWithMetricAndDateTimeColumn  Time elapsed: 0.01 s
04:47:01.900 [Thread-7] ERROR f.i.s.r.p.m.o.MavenFilterOutputHandler - [ERROR] org.apache.pinot.controller.recommender.TestConfigEngine.testSupportsBooleanDataType  Time elapsed: 0.006 s
04:47:01.901 [Thread-7] ERROR f.i.s.r.p.m.o.MavenFilterOutputHandler - [ERROR] org.apache.pinot.controller.recommender.TestConfigEngine.testVariedLengthDictionaryRule  Time elapsed: 0.023 s
04:47:01.901 [Thread-7] ERROR f.i.s.r.p.m.o.MavenFilterOutputHandler - [ERROR] org.apache.pinot.controller.recommender.rules.impl.PinotTablePartitionRuleTest.testFindBestColumnForPartitioning  Time elapsed: 0 s
04:47:01.901 [Thread-7] ERROR f.i.s.r.p.m.o.MavenFilterOutputHandler - [ERROR] org.apache.pinot.controller.recommender.rules.impl.SegmentSizeRuleTest.testEstimate  Time elapsed: 0 s
04:47:01.901 [Thread-7] ERROR f.i.s.r.p.m.o.MavenFilterOutputHandler - [ERROR] org.apache.pinot.controller.recommender.rules.impl.AggregateMetricsRuleTest.testRun  Time elapsed: 0.002 s
04:47:01.901 [Thread-7] ERROR f.i.s.r.p.m.o.MavenFilterOutputHandler - [ERROR] org.apache.pinot.controller.recommender.rules.impl.AggregateMetricsRuleTest.testRunComplexExpressionInSumWithMetricColumns  Time elapsed: 0.001 s
04:47:01.901 [Thread-7] ERROR f.i.s.r.p.m.o.MavenFilterOutputHandler - [ERROR] org.apache.pinot.controller.recommender.rules.impl.AggregateMetricsRuleTest.testRunComplexExpressionInSumWithSomeNonMetricColumns  Time elapsed: 0.001 s
04:47:01.901 [Thread-7] ERROR f.i.s.r.p.m.o.MavenFilterOutputHandler - [ERROR] org.apache.pinot.controller.recommender.rules.impl.AggregateMetricsRuleTest.testRunNonAggregate  Time elapsed: 0.001 s
04:47:01.901 [Thread-7] ERROR f.i.s.r.p.m.o.MavenFilterOutputHandler - [ERROR] org.apache.pinot.controller.recommender.rules.impl.AggregateMetricsRuleTest.testRunNonAggregateWithNonSumFunction  Time elapsed: 0.001 s
04:47:01.901 [Thread-7] ERROR f.i.s.r.p.m.o.MavenFilterOutputHandler - [ERROR] org.apache.pinot.controller.recommender.rules.impl.AggregateMetricsRuleTest.testRunNonMetricColumnInSum  Time elapsed: 0.001 s
04:47:01.901 [Thread-7] ERROR f.i.s.r.p.m.o.MavenFilterOutputHandler - [ERROR] org.apache.pinot.controller.recommender.rules.impl.AggregateMetricsRuleTest.testRunOfflineTable  Time elapsed: 0 s
04:47:01.901 [Thread-7] ERROR f.i.s.r.p.m.o.MavenFilterOutputHandler - [ERROR] org.apache.pinot.controller.recommender.rules.impl.AggregateMetricsRuleTest.testRunWithGroupBy  Time elapsed: 0 s
04:47:01.901 [Thread-7] ERROR f.i.s.r.p.m.o.MavenFilterOutputHandler - [ERROR] org.apache.pinot.controller.recommender.rules.impl.AggregateMetricsRuleTest.testRunWithTransformationFunctionInGroupBy  Time elapsed: 0.001 s
04:47:01.902 [Thread-7] ERROR f.i.s.r.p.m.o.MavenFilterOutputHandler - [ERROR] org.apache.pinot.controller.util.ListenerConfigUtilTest.assertControllerPortConfig  Time elapsed: 0.001 s
04:47:01.902 [Thread-7] ERROR f.i.s.r.p.m.o.MavenFilterOutputHandler - [ERROR] org.apache.pinot.controller.util.ListenerConfigUtilTest.assertEmptyHttpPort  Time elapsed: 0.001 s
04:47:01.902 [Thread-7] ERROR f.i.s.r.p.m.o.MavenFilterOutputHandler - [ERROR] org.apache.pinot.controller.util.ListenerConfigUtilTest.assertEmptyHttpsPort  Time elapsed: 0 s
04:47:01.902 [Thread-7] ERROR f.i.s.r.p.m.o.MavenFilterOutputHandler - [ERROR] org.apache.pinot.controller.util.ListenerConfigUtilTest.assertHttpAndHttpsConfigs  Time elapsed: 0.001 s
04:47:01.902 [Thread-7] ERROR f.i.s.r.p.m.o.MavenFilterOutputHandler - [ERROR] org.apache.pinot.controller.util.ListenerConfigUtilTest.assertHttpsOnly  Time elapsed: 0 s
04:47:01.902 [Thread-7] ERROR f.i.s.r.p.m.o.MavenFilterOutputHandler - [ERROR] org.apache.pinot.controller.util.ListenerConfigUtilTest.assertInvalidHost  Time elapsed: 0.001 s
04:47:01.902 [Thread-7] ERROR f.i.s.r.p.m.o.MavenFilterOutputHandler - [ERROR] org.apache.pinot.controller.util.ListenerConfigUtilTest.assertInvalidPort  Time elapsed: 0 s
04:47:01.902 [Thread-7] ERROR f.i.s.r.p.m.o.MavenFilterOutputHandler - [ERROR] org.apache.pinot.controller.util.ListenerConfigUtilTest.assertLegacyAndHttps  Time elapsed: 0 s
04:47:01.902 [Thread-7] ERROR f.i.s.r.p.m.o.MavenFilterOutputHandler - [ERROR] org.apache.pinot.controller.util.ListenerConfigUtilTest.testFindLastTlsPort  Time elapsed: 0 s
04:47:01.902 [Thread-7] ERROR f.i.s.r.p.m.o.MavenFilterOutputHandler - [ERROR] org.apache.pinot.controller.util.ListenerConfigUtilTest.testFindLastTlsPortMissing  Time elapsed: 0 s
04:47:06.967 [Thread-8] ERROR f.i.s.r.p.m.output.MavenErrorHandler - Apr 29, 2022 4:47:06 AM org.glassfish.grizzly.http.server.NetworkListener start
04:47:06.967 [Thread-8] ERROR f.i.s.r.p.m.output.MavenErrorHandler - INFO: Started listener bound to [0.0.0.0:1234]
04:47:06.967 [Thread-8] ERROR f.i.s.r.p.m.output.MavenErrorHandler - Apr 29, 2022 4:47:06 AM org.glassfish.grizzly.http.server.HttpServer start
04:47:06.967 [Thread-8] ERROR f.i.s.r.p.m.output.MavenErrorHandler - INFO: [HttpServer] Started.
04:47:06.967 [Thread-8] ERROR f.i.s.r.p.m.output.MavenErrorHandler - Apr 29, 2022 4:47:06 AM org.glassfish.grizzly.http.server.NetworkListener shutdownNow
04:47:06.967 [Thread-8] ERROR f.i.s.r.p.m.output.MavenErrorHandler - INFO: Stopped listener bound to [0.0.0.0:1234]
04:47:09.288 [Thread-8] ERROR f.i.s.r.p.m.output.MavenErrorHandler - Apr 29, 2022 4:47:08 AM org.glassfish.grizzly.http.server.NetworkListener start
04:47:09.288 [Thread-8] ERROR f.i.s.r.p.m.output.MavenErrorHandler - INFO: Started listener bound to [0.0.0.0:1234]
04:47:09.288 [Thread-8] ERROR f.i.s.r.p.m.output.MavenErrorHandler - Apr 29, 2022 4:47:08 AM org.glassfish.grizzly.http.server.HttpServer start
04:47:09.288 [Thread-8] ERROR f.i.s.r.p.m.output.MavenErrorHandler - INFO: [HttpServer-1] Started.
04:47:09.288 [Thread-8] ERROR f.i.s.r.p.m.output.MavenErrorHandler - Apr 29, 2022 4:47:09 AM org.glassfish.grizzly.http.server.NetworkListener shutdownNow
04:47:09.288 [Thread-8] ERROR f.i.s.r.p.m.output.MavenErrorHandler - INFO: Stopped listener bound to [0.0.0.0:1234]
04:47:33.494 [Thread-8] ERROR f.i.s.r.p.m.output.MavenErrorHandler - Apr 29, 2022 4:47:33 AM org.glassfish.grizzly.http.server.NetworkListener start
04:47:33.494 [Thread-8] ERROR f.i.s.r.p.m.output.MavenErrorHandler - INFO: Started listener bound to [0.0.0.0:18998]
04:47:33.494 [Thread-8] ERROR f.i.s.r.p.m.output.MavenErrorHandler - Apr 29, 2022 4:47:33 AM org.glassfish.grizzly.http.server.HttpServer start
04:47:33.494 [Thread-8] ERROR f.i.s.r.p.m.output.MavenErrorHandler - INFO: [HttpServer-2] Started.
04:47:45.113 [Thread-8] ERROR f.i.s.r.p.m.output.MavenErrorHandler - Apr 29, 2022 4:47:41 AM org.glassfish.grizzly.http.server.NetworkListener shutdownNow
04:47:45.113 [Thread-8] ERROR f.i.s.r.p.m.output.MavenErrorHandler - INFO: Stopped listener bound to [0.0.0.0:18998]
04:47:45.113 [Thread-8] ERROR f.i.s.r.p.m.output.MavenErrorHandler - Apr 29, 2022 4:47:44 AM org.glassfish.grizzly.http.server.NetworkListener start
04:47:45.113 [Thread-8] ERROR f.i.s.r.p.m.output.MavenErrorHandler - INFO: Started listener bound to [0.0.0.0:18998]
04:47:45.113 [Thread-8] ERROR f.i.s.r.p.m.output.MavenErrorHandler - Apr 29, 2022 4:47:44 AM org.glassfish.grizzly.http.server.HttpServer start
04:47:45.113 [Thread-8] ERROR f.i.s.r.p.m.output.MavenErrorHandler - INFO: [HttpServer-3] Started.
04:47:49.273 [Thread-8] ERROR f.i.s.r.p.m.output.MavenErrorHandler - Apr 29, 2022 4:47:45 AM org.glassfish.grizzly.http.server.NetworkListener shutdownNow
04:47:49.273 [Thread-8] ERROR f.i.s.r.p.m.output.MavenErrorHandler - INFO: Stopped listener bound to [0.0.0.0:18998]
04:47:49.280 [Thread-8] ERROR f.i.s.r.p.m.output.MavenErrorHandler - Apr 29, 2022 4:47:48 AM org.glassfish.grizzly.http.server.NetworkListener start
04:47:49.280 [Thread-8] ERROR f.i.s.r.p.m.output.MavenErrorHandler - INFO: Started listener bound to [0.0.0.0:18998]
04:47:49.280 [Thread-8] ERROR f.i.s.r.p.m.output.MavenErrorHandler - Apr 29, 2022 4:47:48 AM org.glassfish.grizzly.http.server.HttpServer start
04:47:49.280 [Thread-8] ERROR f.i.s.r.p.m.output.MavenErrorHandler - INFO: [HttpServer-4] Started.
04:47:55.552 [Thread-8] ERROR f.i.s.r.p.m.output.MavenErrorHandler - Apr 29, 2022 4:47:53 AM org.glassfish.grizzly.http.server.NetworkListener shutdownNow
04:47:55.553 [Thread-8] ERROR f.i.s.r.p.m.output.MavenErrorHandler - INFO: Stopped listener bound to [0.0.0.0:18998]
04:47:58.489 [Thread-8] ERROR f.i.s.r.p.m.output.MavenErrorHandler - Apr 29, 2022 4:47:56 AM org.glassfish.grizzly.http.server.NetworkListener start
04:47:58.489 [Thread-8] ERROR f.i.s.r.p.m.output.MavenErrorHandler - INFO: Started listener bound to [0.0.0.0:18998]
04:47:58.489 [Thread-8] ERROR f.i.s.r.p.m.output.MavenErrorHandler - Apr 29, 2022 4:47:56 AM org.glassfish.grizzly.http.server.HttpServer start
04:47:58.489 [Thread-8] ERROR f.i.s.r.p.m.output.MavenErrorHandler - INFO: [HttpServer-5] Started.
04:47:58.490 [Thread-8] ERROR f.i.s.r.p.m.output.MavenErrorHandler - Apr 29, 2022 4:47:56 AM org.glassfish.grizzly.http.server.NetworkListener start
04:47:58.490 [Thread-8] ERROR f.i.s.r.p.m.output.MavenErrorHandler - INFO: Started listener bound to [0.0.0.0:18999]
04:47:58.490 [Thread-8] ERROR f.i.s.r.p.m.output.MavenErrorHandler - Apr 29, 2022 4:47:56 AM org.glassfish.grizzly.http.server.HttpServer start
04:47:58.490 [Thread-8] ERROR f.i.s.r.p.m.output.MavenErrorHandler - INFO: [HttpServer-6] Started.
04:47:58.490 [Thread-8] ERROR f.i.s.r.p.m.output.MavenErrorHandler - Apr 29, 2022 4:47:56 AM org.glassfish.grizzly.http.server.NetworkListener shutdownNow
04:47:58.490 [Thread-8] ERROR f.i.s.r.p.m.output.MavenErrorHandler - INFO: Stopped listener bound to [0.0.0.0:18999]
04:47:58.490 [Thread-8] ERROR f.i.s.r.p.m.output.MavenErrorHandler - Apr 29, 2022 4:47:57 AM org.glassfish.grizzly.http.server.NetworkListener shutdownNow
04:47:58.490 [Thread-8] ERROR f.i.s.r.p.m.output.MavenErrorHandler - INFO: Stopped listener bound to [0.0.0.0:18998]
04:47:58.490 [Thread-8] ERROR f.i.s.r.p.m.output.MavenErrorHandler - Apr 29, 2022 4:47:58 AM org.glassfish.grizzly.http.server.NetworkListener start
04:47:58.490 [Thread-8] ERROR f.i.s.r.p.m.output.MavenErrorHandler - INFO: Started listener bound to [0.0.0.0:18998]
04:47:58.491 [Thread-8] ERROR f.i.s.r.p.m.output.MavenErrorHandler - Apr 29, 2022 4:47:58 AM org.glassfish.grizzly.http.server.HttpServer start
04:47:58.491 [Thread-8] ERROR f.i.s.r.p.m.output.MavenErrorHandler - INFO: [HttpServer-7] Started.
04:47:58.491 [Thread-8] ERROR f.i.s.r.p.m.output.MavenErrorHandler - Apr 29, 2022 4:47:58 AM org.glassfish.grizzly.http.server.NetworkListener shutdownNow
04:47:58.491 [Thread-8] ERROR f.i.s.r.p.m.output.MavenErrorHandler - INFO: Stopped listener bound to [0.0.0.0:18998]
04:48:02.036 [Thread-8] ERROR f.i.s.r.p.m.output.MavenErrorHandler - Apr 29, 2022 4:48:01 AM org.glassfish.grizzly.http.server.NetworkListener start
04:48:02.036 [Thread-8] ERROR f.i.s.r.p.m.output.MavenErrorHandler - INFO: Started listener bound to [0.0.0.0:18998]
04:48:02.036 [Thread-8] ERROR f.i.s.r.p.m.output.MavenErrorHandler - Apr 29, 2022 4:48:01 AM org.glassfish.grizzly.http.server.HttpServer start
04:48:02.036 [Thread-8] ERROR f.i.s.r.p.m.output.MavenErrorHandler - INFO: [HttpServer-8] Started.
04:48:02.038 [Thread-8] ERROR f.i.s.r.p.m.output.MavenErrorHandler - Apr 29, 2022 4:48:01 AM org.glassfish.grizzly.http.server.NetworkListener start
04:48:02.038 [Thread-8] ERROR f.i.s.r.p.m.output.MavenErrorHandler - INFO: Started listener bound to [0.0.0.0:18999]
04:48:02.038 [Thread-8] ERROR f.i.s.r.p.m.output.MavenErrorHandler - Apr 29, 2022 4:48:01 AM org.glassfish.grizzly.http.server.HttpServer start
04:48:02.038 [Thread-8] ERROR f.i.s.r.p.m.output.MavenErrorHandler - INFO: [HttpServer-9] Started.
04:48:02.038 [Thread-8] ERROR f.i.s.r.p.m.output.MavenErrorHandler - Apr 29, 2022 4:48:01 AM org.glassfish.grizzly.http.server.NetworkListener shutdownNow
04:48:02.038 [Thread-8] ERROR f.i.s.r.p.m.output.MavenErrorHandler - INFO: Stopped listener bound to [0.0.0.0:18999]
04:48:02.038 [Thread-8] ERROR f.i.s.r.p.m.output.MavenErrorHandler - Apr 29, 2022 4:48:01 AM org.glassfish.grizzly.http.server.NetworkListener shutdownNow
04:48:02.038 [Thread-8] ERROR f.i.s.r.p.m.output.MavenErrorHandler - INFO: Stopped listener bound to [0.0.0.0:18998]
04:48:04.214 [Thread-8] ERROR f.i.s.r.p.m.output.MavenErrorHandler - Apr 29, 2022 4:48:03 AM org.glassfish.grizzly.http.server.NetworkListener start
04:48:04.214 [Thread-8] ERROR f.i.s.r.p.m.output.MavenErrorHandler - INFO: Started listener bound to [0.0.0.0:18998]
04:48:04.214 [Thread-8] ERROR f.i.s.r.p.m.output.MavenErrorHandler - Apr 29, 2022 4:48:03 AM org.glassfish.grizzly.http.server.HttpServer start
04:48:04.214 [Thread-8] ERROR f.i.s.r.p.m.output.MavenErrorHandler - INFO: [HttpServer-10] Started.
04:48:04.214 [Thread-8] ERROR f.i.s.r.p.m.output.MavenErrorHandler - Apr 29, 2022 4:48:04 AM org.glassfish.grizzly.http.server.NetworkListener shutdownNow
04:48:04.214 [Thread-8] ERROR f.i.s.r.p.m.output.MavenErrorHandler - INFO: Stopped listener bound to [0.0.0.0:18998]
04:48:06.256 [Thread-8] ERROR f.i.s.r.p.m.output.MavenErrorHandler - Apr 29, 2022 4:48:05 AM org.glassfish.grizzly.http.server.NetworkListener start
04:48:06.256 [Thread-8] ERROR f.i.s.r.p.m.output.MavenErrorHandler - INFO: Started listener bound to [0.0.0.0:18998]
04:48:06.256 [Thread-8] ERROR f.i.s.r.p.m.output.MavenErrorHandler - Apr 29, 2022 4:48:05 AM org.glassfish.grizzly.http.server.HttpServer start
04:48:06.256 [Thread-8] ERROR f.i.s.r.p.m.output.MavenErrorHandler - INFO: [HttpServer-11] Started.
04:48:11.047 [Thread-8] ERROR f.i.s.r.p.m.output.MavenErrorHandler - Apr 29, 2022 4:48:07 AM org.glassfish.grizzly.http.server.NetworkListener shutdownNow
04:48:11.047 [Thread-8] ERROR f.i.s.r.p.m.output.MavenErrorHandler - INFO: Stopped listener bound to [0.0.0.0:18998]
04:48:11.048 [Thread-8] ERROR f.i.s.r.p.m.output.MavenErrorHandler - Apr 29, 2022 4:48:10 AM org.glassfish.grizzly.http.server.NetworkListener start
04:48:11.048 [Thread-8] ERROR f.i.s.r.p.m.output.MavenErrorHandler - INFO: Started listener bound to [0.0.0.0:18998]
04:48:11.048 [Thread-8] ERROR f.i.s.r.p.m.output.MavenErrorHandler - Apr 29, 2022 4:48:10 AM org.glassfish.grizzly.http.server.HttpServer start
04:48:11.048 [Thread-8] ERROR f.i.s.r.p.m.output.MavenErrorHandler - INFO: [HttpServer-12] Started.
04:48:15.808 [Thread-8] ERROR f.i.s.r.p.m.output.MavenErrorHandler - Apr 29, 2022 4:48:14 AM org.glassfish.grizzly.http.server.NetworkListener shutdownNow
04:48:15.808 [Thread-8] ERROR f.i.s.r.p.m.output.MavenErrorHandler - INFO: Stopped listener bound to [0.0.0.0:18998]
04:48:17.706 [Thread-8] ERROR f.i.s.r.p.m.output.MavenErrorHandler - Apr 29, 2022 4:48:16 AM org.glassfish.grizzly.http.server.NetworkListener start
04:48:17.706 [Thread-8] ERROR f.i.s.r.p.m.output.MavenErrorHandler - INFO: Started listener bound to [0.0.0.0:18998]
04:48:17.706 [Thread-8] ERROR f.i.s.r.p.m.output.MavenErrorHandler - Apr 29, 2022 4:48:16 AM org.glassfish.grizzly.http.server.HttpServer start
04:48:17.706 [Thread-8] ERROR f.i.s.r.p.m.output.MavenErrorHandler - INFO: [HttpServer-13] Started.
04:48:17.706 [Thread-8] ERROR f.i.s.r.p.m.output.MavenErrorHandler - Apr 29, 2022 4:48:16 AM org.glassfish.grizzly.http.server.NetworkListener shutdownNow
04:48:17.706 [Thread-8] ERROR f.i.s.r.p.m.output.MavenErrorHandler - INFO: Stopped listener bound to [0.0.0.0:18998]
04:48:21.140 [Thread-8] ERROR f.i.s.r.p.m.output.MavenErrorHandler - Apr 29, 2022 4:48:18 AM org.glassfish.grizzly.http.server.NetworkListener start
04:48:21.140 [Thread-8] ERROR f.i.s.r.p.m.output.MavenErrorHandler - INFO: Started listener bound to [0.0.0.0:18998]
04:48:21.140 [Thread-8] ERROR f.i.s.r.p.m.output.MavenErrorHandler - Apr 29, 2022 4:48:18 AM org.glassfish.grizzly.http.server.HttpServer start
04:48:21.140 [Thread-8] ERROR f.i.s.r.p.m.output.MavenErrorHandler - INFO: [HttpServer-14] Started.
04:48:21.148 [Thread-8] ERROR f.i.s.r.p.m.output.MavenErrorHandler - Apr 29, 2022 4:48:18 AM org.glassfish.grizzly.http.server.NetworkListener shutdownNow
04:48:21.149 [Thread-8] ERROR f.i.s.r.p.m.output.MavenErrorHandler - INFO: Stopped listener bound to [0.0.0.0:18998]
04:48:21.149 [Thread-8] ERROR f.i.s.r.p.m.output.MavenErrorHandler - Apr 29, 2022 4:48:20 AM org.glassfish.grizzly.http.server.NetworkListener start
04:48:21.149 [Thread-8] ERROR f.i.s.r.p.m.output.MavenErrorHandler - INFO: Started listener bound to [0.0.0.0:18998]
04:48:21.149 [Thread-8] ERROR f.i.s.r.p.m.output.MavenErrorHandler - Apr 29, 2022 4:48:20 AM org.glassfish.grizzly.http.server.HttpServer start
04:48:21.149 [Thread-8] ERROR f.i.s.r.p.m.output.MavenErrorHandler - INFO: [HttpServer-15] Started.
04:48:21.158 [Thread-8] ERROR f.i.s.r.p.m.output.MavenErrorHandler - Apr 29, 2022 4:48:20 AM org.glassfish.grizzly.http.server.NetworkListener shutdownNow
04:48:21.158 [Thread-8] ERROR f.i.s.r.p.m.output.MavenErrorHandler - INFO: Stopped listener bound to [0.0.0.0:18998]
04:48:22.006 [Thread-8] ERROR f.i.s.r.p.m.output.MavenErrorHandler - Apr 29, 2022 4:48:21 AM org.glassfish.grizzly.http.server.NetworkListener start
04:48:22.006 [Thread-8] ERROR f.i.s.r.p.m.output.MavenErrorHandler - INFO: Started listener bound to [0.0.0.0:18998]
04:48:22.006 [Thread-8] ERROR f.i.s.r.p.m.output.MavenErrorHandler - Apr 29, 2022 4:48:21 AM org.glassfish.grizzly.http.server.HttpServer start
04:48:22.006 [Thread-8] ERROR f.i.s.r.p.m.output.MavenErrorHandler - INFO: [HttpServer-16] Started.
04:48:22.841 [Thread-8] ERROR f.i.s.r.p.m.output.MavenErrorHandler - Apr 29, 2022 4:48:22 AM org.glassfish.grizzly.http.server.NetworkListener shutdownNow
04:48:22.841 [Thread-8] ERROR f.i.s.r.p.m.output.MavenErrorHandler - INFO: Stopped listener bound to [0.0.0.0:18998]
04:48:24.590 [Thread-8] ERROR f.i.s.r.p.m.output.MavenErrorHandler - Apr 29, 2022 4:48:24 AM org.glassfish.grizzly.http.server.NetworkListener start
04:48:24.590 [Thread-8] ERROR f.i.s.r.p.m.output.MavenErrorHandler - INFO: Started listener bound to [0.0.0.0:18998]
04:48:24.590 [Thread-8] ERROR f.i.s.r.p.m.output.MavenErrorHandler - Apr 29, 2022 4:48:24 AM org.glassfish.grizzly.http.server.HttpServer start
04:48:24.590 [Thread-8] ERROR f.i.s.r.p.m.output.MavenErrorHandler - INFO: [HttpServer-17] Started.
04:48:35.894 [Thread-8] ERROR f.i.s.r.p.m.output.MavenErrorHandler - Apr 29, 2022 4:48:33 AM org.glassfish.grizzly.http.server.NetworkListener shutdownNow
04:48:35.894 [Thread-8] ERROR f.i.s.r.p.m.output.MavenErrorHandler - INFO: Stopped listener bound to [0.0.0.0:18998]
04:48:35.896 [Thread-8] ERROR f.i.s.r.p.m.output.MavenErrorHandler - Apr 29, 2022 4:48:35 AM org.glassfish.grizzly.http.server.NetworkListener start
04:48:35.896 [Thread-8] ERROR f.i.s.r.p.m.output.MavenErrorHandler - INFO: Started listener bound to [0.0.0.0:18998]
04:48:35.896 [Thread-8] ERROR f.i.s.r.p.m.output.MavenErrorHandler - Apr 29, 2022 4:48:35 AM org.glassfish.grizzly.http.server.HttpServer start
04:48:35.896 [Thread-8] ERROR f.i.s.r.p.m.output.MavenErrorHandler - INFO: [HttpServer-18] Started.
04:48:37.633 [Thread-8] ERROR f.i.s.r.p.m.output.MavenErrorHandler - Apr 29, 2022 4:48:36 AM org.glassfish.grizzly.http.server.NetworkListener shutdownNow
04:48:37.633 [Thread-8] ERROR f.i.s.r.p.m.output.MavenErrorHandler - INFO: Stopped listener bound to [0.0.0.0:18998]
04:48:37.790 [Thread-7] ERROR f.i.s.r.p.m.o.MavenFilterOutputHandler - [ERROR] Failures: 
04:48:37.790 [Thread-7] ERROR f.i.s.r.p.m.o.MavenFilterOutputHandler - [ERROR]   TableConfigsRestletResourceTest.testUpdateConfig:465 expected [1] but found [2]
04:48:37.790 [Thread-7] ERROR f.i.s.r.p.m.o.MavenFilterOutputHandler - [ERROR] Tests run: 304, Failures: 1, Errors: 0, Skipped: 0
04:48:37.794 [Thread-7] ERROR f.i.s.r.p.m.o.MavenFilterOutputHandler - [ERROR] Failed to execute goal org.apache.maven.plugins:maven-surefire-plugin:3.0.0-M5:test (default-test) on project pinot-controller: There are test failures.
04:48:37.794 [Thread-7] ERROR f.i.s.r.p.m.o.MavenFilterOutputHandler - [ERROR] 
04:48:37.794 [Thread-7] ERROR f.i.s.r.p.m.o.MavenFilterOutputHandler - [ERROR] Please refer to /root/workspace/apache-pinot-master-8606_repo/pinot-controller/target/surefire-reports for the individual test results.
04:48:37.794 [Thread-7] ERROR f.i.s.r.p.m.o.MavenFilterOutputHandler - [ERROR] Please refer to dump files (if any exist) [date].dump, [date]-jvmRun[N].dump and [date].dumpstream.
04:48:37.794 [Thread-7] ERROR f.i.s.r.p.m.o.MavenFilterOutputHandler - [ERROR] -> [Help 1]
04:48:37.798 [Thread-7] ERROR f.i.s.r.p.m.o.MavenFilterOutputHandler - [ERROR] 
04:48:37.798 [Thread-7] ERROR f.i.s.r.p.m.o.MavenFilterOutputHandler - [ERROR] Re-run Maven using the -X switch to enable full debug logging.
04:48:37.798 [Thread-7] ERROR f.i.s.r.p.m.o.MavenFilterOutputHandler - [ERROR] 
04:48:37.798 [Thread-7] ERROR f.i.s.r.p.m.o.MavenFilterOutputHandler - [ERROR] For more information about the errors and possible solutions, please read the following articles:
04:48:37.798 [Thread-7] ERROR f.i.s.r.p.m.o.MavenFilterOutputHandler - [ERROR] [Help 1] http://cwiki.apache.org/confluence/display/MAVEN/MojoFailureException
04:48:37.798 [Thread-7] ERROR f.i.s.r.p.m.o.MavenFilterOutputHandler - [ERROR] 
04:48:37.798 [Thread-7] ERROR f.i.s.r.p.m.o.MavenFilterOutputHandler - [ERROR] After correcting the problems, you can resume the build with the command
04:48:37.798 [Thread-7] ERROR f.i.s.r.p.m.o.MavenFilterOutputHandler - [ERROR]   mvn <goals> -rf :pinot-controller
04:48:43.517 [main] ERROR f.i.s.r.p.s.paths.ComputeClasspath - The classpath file is empty.
04:48:43.517 [main] ERROR f.i.s.r.p.s.paths.ComputeClasspath - The classpath seems not to contain JUnit, maybe this project does not use JUnit for testing.
04:48:43.517 [main] ERROR f.i.s.r.p.s.paths.ComputeClasspath - The file does not exist: /root/./workspace/apache-pinot-master-8606_repo/target/classes.
04:48:43.517 [main] ERROR f.i.s.r.p.s.paths.ComputeClasspath - The file does not exist: /root/./workspace/apache-pinot-master-8606_repo/target/test-classes.
04:48:43.726 [main] ERROR f.i.s.r.p.s.paths.ComputeSourceDir - The source directory is not at default location or specified in build section from pom.xml, and no parent can be found.
04:48:43.733 [main] ERROR f.i.s.r.p.s.paths.ComputeSourceDir - The source directory is not at default location or specified in build section from pom.xml, and no parent can be found.
04:48:43.754 [main] INFO  f.i.s.r.p.s.paths.ComputeSourceDir - 49 source dirs were found:
04:48:43.754 [main] INFO  f.i.s.r.p.s.paths.ComputeSourceDir - /root/workspace/apache-pinot-master-8606_repo/contrib/pinot-fmpp-maven-plugin/src/main/java
04:48:43.754 [main] INFO  f.i.s.r.p.s.paths.ComputeSourceDir - /root/workspace/apache-pinot-master-8606_repo/pinot-broker/src/main/java
04:48:43.754 [main] INFO  f.i.s.r.p.s.paths.ComputeSourceDir - /root/workspace/apache-pinot-master-8606_repo/pinot-clients/pinot-java-client/src/main/java
04:48:43.754 [main] INFO  f.i.s.r.p.s.paths.ComputeSourceDir - /root/workspace/apache-pinot-master-8606_repo/pinot-clients/pinot-jdbc-client/src/main/java
04:48:43.754 [main] INFO  f.i.s.r.p.s.paths.ComputeSourceDir - /root/workspace/apache-pinot-master-8606_repo/pinot-common/src/main/java
04:48:43.754 [main] INFO  f.i.s.r.p.s.paths.ComputeSourceDir - /root/workspace/apache-pinot-master-8606_repo/pinot-compatibility-verifier/src/main/java
04:48:43.754 [main] INFO  f.i.s.r.p.s.paths.ComputeSourceDir - /root/workspace/apache-pinot-master-8606_repo/pinot-connectors/pinot-flink-connector/src/main/java
04:48:43.754 [main] INFO  f.i.s.r.p.s.paths.ComputeSourceDir - /root/workspace/apache-pinot-master-8606_repo/pinot-connectors/pinot-spark-connector/src/main/scala
04:48:43.754 [main] INFO  f.i.s.r.p.s.paths.ComputeSourceDir - /root/workspace/apache-pinot-master-8606_repo/pinot-controller/src/main/java
04:48:43.754 [main] INFO  f.i.s.r.p.s.paths.ComputeSourceDir - /root/workspace/apache-pinot-master-8606_repo/pinot-core/src/main/java
04:48:43.754 [main] INFO  f.i.s.r.p.s.paths.ComputeSourceDir - /root/workspace/apache-pinot-master-8606_repo/pinot-integration-tests/src/main/java
04:48:43.754 [main] INFO  f.i.s.r.p.s.paths.ComputeSourceDir - /root/workspace/apache-pinot-master-8606_repo/pinot-minion/src/main/java
04:48:43.754 [main] INFO  f.i.s.r.p.s.paths.ComputeSourceDir - /root/workspace/apache-pinot-master-8606_repo/pinot-perf/src/main/java
04:48:43.754 [main] INFO  f.i.s.r.p.s.paths.ComputeSourceDir - /root/workspace/apache-pinot-master-8606_repo/pinot-plugins/pinot-batch-ingestion/pinot-batch-ingestion-common/src/main/java
04:48:43.754 [main] INFO  f.i.s.r.p.s.paths.ComputeSourceDir - /root/workspace/apache-pinot-master-8606_repo/pinot-plugins/pinot-batch-ingestion/pinot-batch-ingestion-hadoop/src/main/java
04:48:43.754 [main] INFO  f.i.s.r.p.s.paths.ComputeSourceDir - /root/workspace/apache-pinot-master-8606_repo/pinot-plugins/pinot-batch-ingestion/pinot-batch-ingestion-spark/src/main/java
04:48:43.754 [main] INFO  f.i.s.r.p.s.paths.ComputeSourceDir - /root/workspace/apache-pinot-master-8606_repo/pinot-plugins/pinot-batch-ingestion/pinot-batch-ingestion-standalone/src/main/java
04:48:43.754 [main] INFO  f.i.s.r.p.s.paths.ComputeSourceDir - /root/workspace/apache-pinot-master-8606_repo/pinot-plugins/pinot-batch-ingestion/v0_deprecated/pinot-hadoop/src/main/java
04:48:43.754 [main] INFO  f.i.s.r.p.s.paths.ComputeSourceDir - /root/workspace/apache-pinot-master-8606_repo/pinot-plugins/pinot-batch-ingestion/v0_deprecated/pinot-ingestion-common/src/main/java
04:48:43.754 [main] INFO  f.i.s.r.p.s.paths.ComputeSourceDir - /root/workspace/apache-pinot-master-8606_repo/pinot-plugins/pinot-batch-ingestion/v0_deprecated/pinot-spark/src/main/java
04:48:43.754 [main] INFO  f.i.s.r.p.s.paths.ComputeSourceDir - /root/workspace/apache-pinot-master-8606_repo/pinot-plugins/pinot-environment/pinot-azure/src/main/java
04:48:43.754 [main] INFO  f.i.s.r.p.s.paths.ComputeSourceDir - /root/workspace/apache-pinot-master-8606_repo/pinot-plugins/pinot-file-system/pinot-adls/src/main/java
04:48:43.754 [main] INFO  f.i.s.r.p.s.paths.ComputeSourceDir - /root/workspace/apache-pinot-master-8606_repo/pinot-plugins/pinot-file-system/pinot-gcs/src/main/java
04:48:43.754 [main] INFO  f.i.s.r.p.s.paths.ComputeSourceDir - /root/workspace/apache-pinot-master-8606_repo/pinot-plugins/pinot-file-system/pinot-hdfs/src/main/java
04:48:43.754 [main] INFO  f.i.s.r.p.s.paths.ComputeSourceDir - /root/workspace/apache-pinot-master-8606_repo/pinot-plugins/pinot-file-system/pinot-s3/src/main/java
04:48:43.754 [main] INFO  f.i.s.r.p.s.paths.ComputeSourceDir - /root/workspace/apache-pinot-master-8606_repo/pinot-plugins/pinot-input-format/pinot-avro-base/src/main/java
04:48:43.754 [main] INFO  f.i.s.r.p.s.paths.ComputeSourceDir - /root/workspace/apache-pinot-master-8606_repo/pinot-plugins/pinot-input-format/pinot-avro/src/main/java
04:48:43.754 [main] INFO  f.i.s.r.p.s.paths.ComputeSourceDir - /root/workspace/apache-pinot-master-8606_repo/pinot-plugins/pinot-input-format/pinot-confluent-avro/src/main/java
04:48:43.754 [main] INFO  f.i.s.r.p.s.paths.ComputeSourceDir - /root/workspace/apache-pinot-master-8606_repo/pinot-plugins/pinot-input-format/pinot-csv/src/main/java
04:48:43.754 [main] INFO  f.i.s.r.p.s.paths.ComputeSourceDir - /root/workspace/apache-pinot-master-8606_repo/pinot-plugins/pinot-input-format/pinot-json/src/main/java
04:48:43.754 [main] INFO  f.i.s.r.p.s.paths.ComputeSourceDir - /root/workspace/apache-pinot-master-8606_repo/pinot-plugins/pinot-input-format/pinot-orc/src/main/java
04:48:43.754 [main] INFO  f.i.s.r.p.s.paths.ComputeSourceDir - /root/workspace/apache-pinot-master-8606_repo/pinot-plugins/pinot-input-format/pinot-parquet/src/main/java
04:48:43.754 [main] INFO  f.i.s.r.p.s.paths.ComputeSourceDir - /root/workspace/apache-pinot-master-8606_repo/pinot-plugins/pinot-input-format/pinot-protobuf/src/main/java
04:48:43.754 [main] INFO  f.i.s.r.p.s.paths.ComputeSourceDir - /root/workspace/apache-pinot-master-8606_repo/pinot-plugins/pinot-input-format/pinot-thrift/src/main/java
04:48:43.754 [main] INFO  f.i.s.r.p.s.paths.ComputeSourceDir - /root/workspace/apache-pinot-master-8606_repo/pinot-plugins/pinot-metrics/pinot-dropwizard/src/main/java
04:48:43.754 [main] INFO  f.i.s.r.p.s.paths.ComputeSourceDir - /root/workspace/apache-pinot-master-8606_repo/pinot-plugins/pinot-metrics/pinot-yammer/src/main/java
04:48:43.754 [main] INFO  f.i.s.r.p.s.paths.ComputeSourceDir - /root/workspace/apache-pinot-master-8606_repo/pinot-plugins/pinot-minion-tasks/pinot-minion-builtin-tasks/src/main/java
04:48:43.754 [main] INFO  f.i.s.r.p.s.paths.ComputeSourceDir - /root/workspace/apache-pinot-master-8606_repo/pinot-plugins/pinot-segment-uploader/pinot-segment-uploader-default/src/main/java
04:48:43.754 [main] INFO  f.i.s.r.p.s.paths.ComputeSourceDir - /root/workspace/apache-pinot-master-8606_repo/pinot-plugins/pinot-segment-writer/pinot-segment-writer-file-based/src/main/java
04:48:43.754 [main] INFO  f.i.s.r.p.s.paths.ComputeSourceDir - /root/workspace/apache-pinot-master-8606_repo/pinot-plugins/pinot-stream-ingestion/pinot-kafka-0.9/src/main/java
04:48:43.754 [main] INFO  f.i.s.r.p.s.paths.ComputeSourceDir - /root/workspace/apache-pinot-master-8606_repo/pinot-plugins/pinot-stream-ingestion/pinot-kafka-2.0/src/main/java
04:48:43.754 [main] INFO  f.i.s.r.p.s.paths.ComputeSourceDir - /root/workspace/apache-pinot-master-8606_repo/pinot-plugins/pinot-stream-ingestion/pinot-kafka-base/src/main/java
04:48:43.754 [main] INFO  f.i.s.r.p.s.paths.ComputeSourceDir - /root/workspace/apache-pinot-master-8606_repo/pinot-plugins/pinot-stream-ingestion/pinot-kinesis/src/main/java
04:48:43.754 [main] INFO  f.i.s.r.p.s.paths.ComputeSourceDir - /root/workspace/apache-pinot-master-8606_repo/pinot-plugins/pinot-stream-ingestion/pinot-pulsar/src/main/java
04:48:43.754 [main] INFO  f.i.s.r.p.s.paths.ComputeSourceDir - /root/workspace/apache-pinot-master-8606_repo/pinot-segment-local/src/main/java
04:48:43.754 [main] INFO  f.i.s.r.p.s.paths.ComputeSourceDir - /root/workspace/apache-pinot-master-8606_repo/pinot-segment-spi/src/main/java
04:48:43.754 [main] INFO  f.i.s.r.p.s.paths.ComputeSourceDir - /root/workspace/apache-pinot-master-8606_repo/pinot-server/src/main/java
04:48:43.755 [main] INFO  f.i.s.r.p.s.paths.ComputeSourceDir - /root/workspace/apache-pinot-master-8606_repo/pinot-spi/src/main/java
04:48:43.755 [main] INFO  f.i.s.r.p.s.paths.ComputeSourceDir - /root/workspace/apache-pinot-master-8606_repo/pinot-tools/src/main/java
04:48:43.873 [main] ERROR f.i.s.r.p.step.paths.ComputeTestDir - The test directory is not at default location or specified in build section from pom.xml, and no parent can be found.
04:48:43.887 [main] ERROR f.i.s.r.p.step.paths.ComputeTestDir - The test directory is not at default location or specified in build section from pom.xml, and no parent can be found.
04:48:43.967 [main] ERROR f.i.s.r.process.maven.MavenHelper - Error while building complete model. The raw model will be used. Error message: 1 problem was encountered while building the effective model for org.apache.pinot:pinot-s3:0.11.0-SNAPSHOT
[ERROR] Failed to determine Java version for profile disable-java8-doclint @ software.amazon.awssdk:aws-sdk-java-pom:2.14.28

04:48:43.998 [main] ERROR f.i.s.r.p.step.paths.ComputeTestDir - The test directory is not at default location or specified in build section from pom.xml, and no parent can be found.
04:48:44.023 [main] ERROR f.i.s.r.p.step.paths.ComputeTestDir - The test directory is not at default location or specified in build section from pom.xml, and no parent can be found.
04:48:44.072 [main] ERROR f.i.s.r.process.maven.MavenHelper - Error while building complete model. The raw model will be used. Error message: 1 problem was encountered while building the effective model for org.apache.pinot:pinot-kinesis:0.11.0-SNAPSHOT
[ERROR] Failed to determine Java version for profile disable-java8-doclint @ software.amazon.awssdk:aws-sdk-java-pom:2.14.28

04:48:44.109 [main] ERROR f.i.s.r.p.step.paths.ComputeTestDir - The test directory is not at default location or specified in build section from pom.xml, and no parent can be found.
04:48:44.116 [main] ERROR f.i.s.r.p.step.paths.ComputeTestDir - The test directory is not at default location or specified in build section from pom.xml, and no parent can be found.
04:48:44.116 [main] ERROR f.i.s.r.p.step.paths.ComputeTestDir - The test directory is not at default location or specified in build section from pom.xml, and no parent can be found.
04:48:44.139 [main] ERROR f.i.s.r.p.step.paths.ComputeTestDir - The test directory is not at default location or specified in build section from pom.xml, and no parent can be found.
04:48:44.139 [main] ERROR f.i.s.r.p.step.paths.ComputeTestDir - The test directory is not at default location or specified in build section from pom.xml, and no parent can be found.
04:48:44.160 [main] ERROR f.i.s.r.p.step.paths.ComputeTestDir - The test directory is not at default location or specified in build section from pom.xml, and no parent can be found.
04:48:44.176 [main] ERROR f.i.s.r.p.step.paths.ComputeTestDir - The test directory is not at default location or specified in build section from pom.xml, and no parent can be found.
04:48:44.200 [main] ERROR f.i.s.r.p.step.paths.ComputeTestDir - The test directory is not at default location or specified in build section from pom.xml, and no parent can be found.
04:48:44.204 [main] ERROR f.i.s.r.p.step.paths.ComputeTestDir - The test directory is not at default location or specified in build section from pom.xml, and no parent can be found.
04:48:44.204 [main] INFO  f.i.s.r.p.step.paths.ComputeTestDir - 40 test dirs were found:
04:48:44.204 [main] INFO  f.i.s.r.p.step.paths.ComputeTestDir - /root/workspace/apache-pinot-master-8606_repo/pinot-broker/src/test/java
04:48:44.204 [main] INFO  f.i.s.r.p.step.paths.ComputeTestDir - /root/workspace/apache-pinot-master-8606_repo/pinot-clients/pinot-java-client/src/test/java
04:48:44.204 [main] INFO  f.i.s.r.p.step.paths.ComputeTestDir - /root/workspace/apache-pinot-master-8606_repo/pinot-clients/pinot-jdbc-client/src/test/java
04:48:44.204 [main] INFO  f.i.s.r.p.step.paths.ComputeTestDir - /root/workspace/apache-pinot-master-8606_repo/pinot-common/src/test/java
04:48:44.204 [main] INFO  f.i.s.r.p.step.paths.ComputeTestDir - /root/workspace/apache-pinot-master-8606_repo/pinot-connectors/pinot-flink-connector/src/test/java
04:48:44.204 [main] INFO  f.i.s.r.p.step.paths.ComputeTestDir - /root/workspace/apache-pinot-master-8606_repo/pinot-connectors/pinot-spark-connector/src/test/scala
04:48:44.204 [main] INFO  f.i.s.r.p.step.paths.ComputeTestDir - /root/workspace/apache-pinot-master-8606_repo/pinot-controller/src/test/java
04:48:44.204 [main] INFO  f.i.s.r.p.step.paths.ComputeTestDir - /root/workspace/apache-pinot-master-8606_repo/pinot-core/src/test/java
04:48:44.204 [main] INFO  f.i.s.r.p.step.paths.ComputeTestDir - /root/workspace/apache-pinot-master-8606_repo/pinot-integration-test-base/src/test/java
04:48:44.204 [main] INFO  f.i.s.r.p.step.paths.ComputeTestDir - /root/workspace/apache-pinot-master-8606_repo/pinot-integration-tests/src/test/java
04:48:44.204 [main] INFO  f.i.s.r.p.step.paths.ComputeTestDir - /root/workspace/apache-pinot-master-8606_repo/pinot-minion/src/test/java
04:48:44.204 [main] INFO  f.i.s.r.p.step.paths.ComputeTestDir - /root/workspace/apache-pinot-master-8606_repo/pinot-plugins/pinot-batch-ingestion/pinot-batch-ingestion-common/src/test/java
04:48:44.204 [main] INFO  f.i.s.r.p.step.paths.ComputeTestDir - /root/workspace/apache-pinot-master-8606_repo/pinot-plugins/pinot-batch-ingestion/pinot-batch-ingestion-hadoop/src/test/java
04:48:44.204 [main] INFO  f.i.s.r.p.step.paths.ComputeTestDir - /root/workspace/apache-pinot-master-8606_repo/pinot-plugins/pinot-batch-ingestion/pinot-batch-ingestion-standalone/src/test/java
04:48:44.204 [main] INFO  f.i.s.r.p.step.paths.ComputeTestDir - /root/workspace/apache-pinot-master-8606_repo/pinot-plugins/pinot-batch-ingestion/v0_deprecated/pinot-hadoop/src/test/java
04:48:44.204 [main] INFO  f.i.s.r.p.step.paths.ComputeTestDir - /root/workspace/apache-pinot-master-8606_repo/pinot-plugins/pinot-batch-ingestion/v0_deprecated/pinot-spark/src/test/java
04:48:44.204 [main] INFO  f.i.s.r.p.step.paths.ComputeTestDir - /root/workspace/apache-pinot-master-8606_repo/pinot-plugins/pinot-environment/pinot-azure/src/test/java
04:48:44.204 [main] INFO  f.i.s.r.p.step.paths.ComputeTestDir - /root/workspace/apache-pinot-master-8606_repo/pinot-plugins/pinot-file-system/pinot-adls/src/test/java
04:48:44.204 [main] INFO  f.i.s.r.p.step.paths.ComputeTestDir - /root/workspace/apache-pinot-master-8606_repo/pinot-plugins/pinot-file-system/pinot-gcs/src/test/java
04:48:44.204 [main] INFO  f.i.s.r.p.step.paths.ComputeTestDir - /root/workspace/apache-pinot-master-8606_repo/pinot-plugins/pinot-file-system/pinot-hdfs/src/test/java
04:48:44.204 [main] INFO  f.i.s.r.p.step.paths.ComputeTestDir - /root/workspace/apache-pinot-master-8606_repo/pinot-plugins/pinot-file-system/pinot-s3/src/test/java
04:48:44.204 [main] INFO  f.i.s.r.p.step.paths.ComputeTestDir - /root/workspace/apache-pinot-master-8606_repo/pinot-plugins/pinot-input-format/pinot-avro-base/src/test/java
04:48:44.204 [main] INFO  f.i.s.r.p.step.paths.ComputeTestDir - /root/workspace/apache-pinot-master-8606_repo/pinot-plugins/pinot-input-format/pinot-csv/src/test/java
04:48:44.204 [main] INFO  f.i.s.r.p.step.paths.ComputeTestDir - /root/workspace/apache-pinot-master-8606_repo/pinot-plugins/pinot-input-format/pinot-json/src/test/java
04:48:44.204 [main] INFO  f.i.s.r.p.step.paths.ComputeTestDir - /root/workspace/apache-pinot-master-8606_repo/pinot-plugins/pinot-input-format/pinot-orc/src/test/java
04:48:44.204 [main] INFO  f.i.s.r.p.step.paths.ComputeTestDir - /root/workspace/apache-pinot-master-8606_repo/pinot-plugins/pinot-input-format/pinot-parquet/src/test/java
04:48:44.204 [main] INFO  f.i.s.r.p.step.paths.ComputeTestDir - /root/workspace/apache-pinot-master-8606_repo/pinot-plugins/pinot-input-format/pinot-protobuf/src/test/java
04:48:44.204 [main] INFO  f.i.s.r.p.step.paths.ComputeTestDir - /root/workspace/apache-pinot-master-8606_repo/pinot-plugins/pinot-input-format/pinot-thrift/src/test/java
04:48:44.204 [main] INFO  f.i.s.r.p.step.paths.ComputeTestDir - /root/workspace/apache-pinot-master-8606_repo/pinot-plugins/pinot-minion-tasks/pinot-minion-builtin-tasks/src/test/java
04:48:44.204 [main] INFO  f.i.s.r.p.step.paths.ComputeTestDir - /root/workspace/apache-pinot-master-8606_repo/pinot-plugins/pinot-segment-writer/pinot-segment-writer-file-based/src/test/java
04:48:44.204 [main] INFO  f.i.s.r.p.step.paths.ComputeTestDir - /root/workspace/apache-pinot-master-8606_repo/pinot-plugins/pinot-stream-ingestion/pinot-kafka-0.9/src/test/java
04:48:44.204 [main] INFO  f.i.s.r.p.step.paths.ComputeTestDir - /root/workspace/apache-pinot-master-8606_repo/pinot-plugins/pinot-stream-ingestion/pinot-kafka-2.0/src/test/java
04:48:44.204 [main] INFO  f.i.s.r.p.step.paths.ComputeTestDir - /root/workspace/apache-pinot-master-8606_repo/pinot-plugins/pinot-stream-ingestion/pinot-kafka-base/src/test/java
04:48:44.204 [main] INFO  f.i.s.r.p.step.paths.ComputeTestDir - /root/workspace/apache-pinot-master-8606_repo/pinot-plugins/pinot-stream-ingestion/pinot-kinesis/src/test/java
04:48:44.204 [main] INFO  f.i.s.r.p.step.paths.ComputeTestDir - /root/workspace/apache-pinot-master-8606_repo/pinot-plugins/pinot-stream-ingestion/pinot-pulsar/src/test/java
04:48:44.204 [main] INFO  f.i.s.r.p.step.paths.ComputeTestDir - /root/workspace/apache-pinot-master-8606_repo/pinot-segment-local/src/test/java
04:48:44.204 [main] INFO  f.i.s.r.p.step.paths.ComputeTestDir - /root/workspace/apache-pinot-master-8606_repo/pinot-segment-spi/src/test/java
04:48:44.204 [main] INFO  f.i.s.r.p.step.paths.ComputeTestDir - /root/workspace/apache-pinot-master-8606_repo/pinot-server/src/test/java
04:48:44.204 [main] INFO  f.i.s.r.p.step.paths.ComputeTestDir - /root/workspace/apache-pinot-master-8606_repo/pinot-spi/src/test/java
04:48:44.204 [main] INFO  f.i.s.r.p.step.paths.ComputeTestDir - /root/workspace/apache-pinot-master-8606_repo/pinot-tools/src/test/java
04:48:45.133 [main] INFO  f.i.s.r.p.s.g.GatherTestInformation - ---Test results---
04:48:45.133 [main] INFO  f.i.s.r.p.s.g.GatherTestInformation -    Total tests: 4265
04:48:45.133 [main] INFO  f.i.s.r.p.s.g.GatherTestInformation -    Tests run: 4265
04:48:45.133 [main] INFO  f.i.s.r.p.s.g.GatherTestInformation -    Tests passing: 4265
04:48:45.133 [main] INFO  f.i.s.r.p.s.g.GatherTestInformation -    Failures: 0
04:48:45.133 [main] INFO  f.i.s.r.p.s.g.GatherTestInformation -    Errors: 0
04:48:45.133 [main] INFO  f.i.s.r.p.s.g.GatherTestInformation -    Skipped: 0
04:48:45.134 [main] INFO  f.i.s.r.p.s.g.GatherTestInformation - 
04:48:49.536 [main] INFO  f.i.s.r.p.i.ProjectInspector - ----------------------------------------------------------------------
04:48:49.537 [main] INFO  f.i.s.r.p.i.ProjectInspector - PIPELINE EXECUTION SUMMARY
04:48:49.537 [main] INFO  f.i.s.r.p.i.ProjectInspector - ----------------------------------------------------------------------
04:48:49.537 [main] INFO  f.i.s.r.p.i.ProjectInspector - CloneCheckoutGitPullRequest.........................SUCCESS [   20 s ]
04:48:49.537 [main] INFO  f.i.s.r.p.i.ProjectInspector - BuildProject........................................SUCCESS [  474 s ]
04:48:49.537 [main] INFO  f.i.s.r.p.i.ProjectInspector - TestProject.........................................SUCCESS [ 1322 s ]
04:48:49.537 [main] INFO  f.i.s.r.p.i.ProjectInspector - ComputeClasspath....................................SUCCESS [    5 s ]
04:48:49.537 [main] INFO  f.i.s.r.p.i.ProjectInspector - ComputeSourceDir....................................SUCCESS [    0 s ]
04:48:49.537 [main] INFO  f.i.s.r.p.i.ProjectInspector - ComputeTestDir......................................SUCCESS [    0 s ]
04:48:49.537 [main] INFO  f.i.s.r.p.i.ProjectInspector - GatherTestInformation...............................FAILURE [    0 s ]
04:48:49.537 [main] INFO  f.i.s.r.p.i.ProjectInspector - FlacocoLocalization.................................NOT RUN           
04:48:49.537 [main] INFO  f.i.s.r.p.i.ProjectInspector - PushFaultLocalizationSuggestionsOnGitHubRepository..NOT RUN           
04:48:49.537 [main] INFO  f.i.s.r.p.i.ProjectInspector - ----------------------------------------------------------------------
04:48:49.537 [main] INFO  f.i.s.r.p.i.ProjectInspector - PIPELINE FINDING: NOTFAILING
04:48:49.537 [main] INFO  f.i.s.r.p.i.ProjectInspector - ----------------------------------------------------------------------
04:48:49.537 [main] INFO  f.i.s.r.p.github.GithubMainProcess - Inspector is finished. The process will exit now.
