Execute pipeline with following supplementary args: --smtpPort 25 --listenerMode NOOP --launcherMode FAULT_LOCALIZATION  --gitrepourl https://github.com/apache/pinot --gitrepopullrequest 8468
java -cp /usr/local/openjdk-11/lib/tools.jar:repairnator-pipeline.jar -Dlogback.configurationFile=/root/logback.xml fr.inria.spirals.repairnator.pipeline.Launcher -d --runId null -o /var/log --ghOauth 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 --faultLocalization --flacocoThreshold 0.0 --flacocoTopK null --flacocoResultsRepository flacocobot/2022-flacocobot-experiment --ghOauth  --smtpPort 25 --listenerMode NOOP --launcherMode FAULT_LOCALIZATION  --gitrepourl https://github.com/apache/pinot --gitrepopullrequest 8468

05:26:36.533 [main] INFO  f.i.s.r.p.g.GithubInitSerializerEngines - Initialize file serializer engines.
05:26:36.534 [main] INFO  f.i.s.r.p.g.GithubInitSerializerEngines - MongoDB won't be used for serialization.
05:26:36.534 [main] INFO  f.i.s.r.p.github.GithubInitNotifiers - The email notifier engine won't be used.
05:26:36.548 [main] INFO  f.i.s.r.p.i.ProjectInspector - ----------------------------------------------------------------------
05:26:36.548 [main] INFO  f.i.s.r.p.i.ProjectInspector - PIPELINE STEPS
05:26:36.548 [main] INFO  f.i.s.r.p.i.ProjectInspector - ----------------------------------------------------------------------
05:26:36.548 [main] INFO  f.i.s.r.p.i.ProjectInspector - CloneCheckoutGitPullRequest
05:26:36.548 [main] INFO  f.i.s.r.p.i.ProjectInspector - BuildProject
05:26:36.548 [main] INFO  f.i.s.r.p.i.ProjectInspector - TestProject
05:26:36.548 [main] INFO  f.i.s.r.p.i.ProjectInspector - ComputeClasspath
05:26:36.548 [main] INFO  f.i.s.r.p.i.ProjectInspector - ComputeSourceDir
05:26:36.548 [main] INFO  f.i.s.r.p.i.ProjectInspector - ComputeTestDir
05:26:36.548 [main] INFO  f.i.s.r.p.i.ProjectInspector - GatherTestInformation
05:26:36.548 [main] INFO  f.i.s.r.p.i.ProjectInspector - FlacocoLocalization
05:26:36.548 [main] INFO  f.i.s.r.p.i.ProjectInspector - PushFaultLocalizationSuggestionsOnGitHubRepository
05:26:36.548 [main] INFO  f.i.s.r.p.s.CloneCheckoutGitPullRequest - Cloning repository https://github.com/apache/pinot.git in the following directory: ./workspace/apache-pinot-master-8468_repo
05:34:12.259 [Thread-7] ERROR f.i.s.r.p.m.o.MavenFilterOutputHandler - [ERROR] WARNING: An illegal reflective access operation has occurred
05:34:12.260 [Thread-7] ERROR f.i.s.r.p.m.o.MavenFilterOutputHandler - [ERROR] WARNING: Illegal reflective access by org.apache.pinot.spi.config.ConfigUtilsTest (file:/root/workspace/apache-pinot-master-8468_repo/pinot-spi/target/test-classes/) to field java.util.Collections$UnmodifiableMap.m
05:34:12.260 [Thread-7] ERROR f.i.s.r.p.m.o.MavenFilterOutputHandler - [ERROR] WARNING: Please consider reporting this to the maintainers of org.apache.pinot.spi.config.ConfigUtilsTest
05:34:12.260 [Thread-7] ERROR f.i.s.r.p.m.o.MavenFilterOutputHandler - [ERROR] WARNING: Use --illegal-access=warn to enable warnings of further illegal reflective access operations
05:34:12.260 [Thread-7] ERROR f.i.s.r.p.m.o.MavenFilterOutputHandler - [ERROR] WARNING: All illegal access operations will be denied in a future release
05:34:21.271 [Thread-7] ERROR f.i.s.r.p.m.o.MavenFilterOutputHandler - [ERROR] WARNING: An illegal reflective access operation has occurred
05:34:21.271 [Thread-7] ERROR f.i.s.r.p.m.o.MavenFilterOutputHandler - [ERROR] WARNING: Illegal reflective access by xerial.larray.buffer.UnsafeUtil (file:/root/workspace/apache-pinot-master-8468_repo/.m2/org/xerial/larray/larray-buffer/0.4.1/larray-buffer-0.4.1.jar) to constructor java.nio.DirectByteBuffer(long,int,java.lang.Object)
05:34:21.271 [Thread-7] ERROR f.i.s.r.p.m.o.MavenFilterOutputHandler - [ERROR] WARNING: Please consider reporting this to the maintainers of xerial.larray.buffer.UnsafeUtil
05:34:21.271 [Thread-7] ERROR f.i.s.r.p.m.o.MavenFilterOutputHandler - [ERROR] WARNING: Use --illegal-access=warn to enable warnings of further illegal reflective access operations
05:34:21.271 [Thread-7] ERROR f.i.s.r.p.m.o.MavenFilterOutputHandler - [ERROR] WARNING: All illegal access operations will be denied in a future release
05:34:40.522 [Thread-8] ERROR f.i.s.r.p.m.output.MavenErrorHandler - java.lang.NullPointerException
05:34:40.522 [Thread-8] ERROR f.i.s.r.p.m.output.MavenErrorHandler - 	at org.testng.reporters.JUnitXMLReporter.generateReport(JUnitXMLReporter.java:152)
05:34:40.522 [Thread-8] ERROR f.i.s.r.p.m.output.MavenErrorHandler - 	at org.testng.reporters.JUnitXMLReporter.onFinish(JUnitXMLReporter.java:112)
05:34:40.522 [Thread-8] ERROR f.i.s.r.p.m.output.MavenErrorHandler - 	at org.testng.TestRunner.fireEvent(TestRunner.java:1187)
05:34:40.522 [Thread-8] ERROR f.i.s.r.p.m.output.MavenErrorHandler - 	at org.testng.TestRunner.afterRun(TestRunner.java:976)
05:34:40.522 [Thread-8] ERROR f.i.s.r.p.m.output.MavenErrorHandler - 	at org.testng.TestRunner.run(TestRunner.java:606)
05:34:40.522 [Thread-8] ERROR f.i.s.r.p.m.output.MavenErrorHandler - 	at org.testng.SuiteRunner.runTest(SuiteRunner.java:380)
05:34:40.522 [Thread-8] ERROR f.i.s.r.p.m.output.MavenErrorHandler - 	at org.testng.SuiteRunner.runSequentially(SuiteRunner.java:375)
05:34:40.523 [Thread-8] ERROR f.i.s.r.p.m.output.MavenErrorHandler - 	at org.testng.SuiteRunner.privateRun(SuiteRunner.java:340)
05:34:40.523 [Thread-8] ERROR f.i.s.r.p.m.output.MavenErrorHandler - 	at org.testng.SuiteRunner.run(SuiteRunner.java:289)
05:34:40.523 [Thread-8] ERROR f.i.s.r.p.m.output.MavenErrorHandler - 	at org.testng.SuiteRunnerWorker.runSuite(SuiteRunnerWorker.java:52)
05:34:40.523 [Thread-8] ERROR f.i.s.r.p.m.output.MavenErrorHandler - 	at org.testng.SuiteRunnerWorker.run(SuiteRunnerWorker.java:86)
05:34:40.523 [Thread-8] ERROR f.i.s.r.p.m.output.MavenErrorHandler - 	at org.testng.TestNG.runSuitesSequentially(TestNG.java:1301)
05:34:40.523 [Thread-8] ERROR f.i.s.r.p.m.output.MavenErrorHandler - 	at org.testng.TestNG.runSuitesLocally(TestNG.java:1226)
05:34:40.523 [Thread-8] ERROR f.i.s.r.p.m.output.MavenErrorHandler - 	at org.testng.TestNG.runSuites(TestNG.java:1144)
05:34:40.523 [Thread-8] ERROR f.i.s.r.p.m.output.MavenErrorHandler - 	at org.testng.TestNG.run(TestNG.java:1115)
05:34:40.523 [Thread-8] ERROR f.i.s.r.p.m.output.MavenErrorHandler - 	at org.apache.maven.surefire.testng.TestNGExecutor.run(TestNGExecutor.java:136)
05:34:40.523 [Thread-8] ERROR f.i.s.r.p.m.output.MavenErrorHandler - 	at org.apache.maven.surefire.testng.TestNGDirectoryTestSuite.executeSingleClass(TestNGDirectoryTestSuite.java:112)
05:34:40.523 [Thread-8] ERROR f.i.s.r.p.m.output.MavenErrorHandler - 	at org.apache.maven.surefire.testng.TestNGDirectoryTestSuite.execute(TestNGDirectoryTestSuite.java:99)
05:34:40.523 [Thread-8] ERROR f.i.s.r.p.m.output.MavenErrorHandler - 	at org.apache.maven.surefire.testng.TestNGProvider.invoke(TestNGProvider.java:145)
05:34:40.523 [Thread-8] ERROR f.i.s.r.p.m.output.MavenErrorHandler - 	at org.apache.maven.surefire.booter.ForkedBooter.runSuitesInProcess(ForkedBooter.java:428)
05:34:40.523 [Thread-8] ERROR f.i.s.r.p.m.output.MavenErrorHandler - 	at org.apache.maven.surefire.booter.ForkedBooter.execute(ForkedBooter.java:162)
05:34:40.523 [Thread-8] ERROR f.i.s.r.p.m.output.MavenErrorHandler - 	at org.apache.maven.surefire.booter.ForkedBooter.run(ForkedBooter.java:562)
05:34:40.523 [Thread-8] ERROR f.i.s.r.p.m.output.MavenErrorHandler - 	at org.apache.maven.surefire.booter.ForkedBooter.main(ForkedBooter.java:548)
05:34:40.523 [Thread-8] ERROR f.i.s.r.p.m.output.MavenErrorHandler - [TestNG] Reporter org.testng.reporters.JUnitReportReporter@6a84bc2a failed
05:34:40.523 [Thread-8] ERROR f.i.s.r.p.m.output.MavenErrorHandler - java.lang.NullPointerException
05:34:40.523 [Thread-8] ERROR f.i.s.r.p.m.output.MavenErrorHandler - 	at org.testng.reporters.JUnitReportReporter.generateReport(JUnitReportReporter.java:146)
05:34:40.523 [Thread-8] ERROR f.i.s.r.p.m.output.MavenErrorHandler - 	at org.testng.TestNG.generateReports(TestNG.java:1192)
05:34:40.523 [Thread-8] ERROR f.i.s.r.p.m.output.MavenErrorHandler - 	at org.testng.TestNG.run(TestNG.java:1120)
05:34:40.524 [Thread-8] ERROR f.i.s.r.p.m.output.MavenErrorHandler - 	at org.apache.maven.surefire.testng.TestNGExecutor.run(TestNGExecutor.java:136)
05:34:40.524 [Thread-8] ERROR f.i.s.r.p.m.output.MavenErrorHandler - 	at org.apache.maven.surefire.testng.TestNGDirectoryTestSuite.executeSingleClass(TestNGDirectoryTestSuite.java:112)
05:34:40.524 [Thread-8] ERROR f.i.s.r.p.m.output.MavenErrorHandler - 	at org.apache.maven.surefire.testng.TestNGDirectoryTestSuite.execute(TestNGDirectoryTestSuite.java:99)
05:34:40.524 [Thread-8] ERROR f.i.s.r.p.m.output.MavenErrorHandler - 	at org.apache.maven.surefire.testng.TestNGProvider.invoke(TestNGProvider.java:145)
05:34:40.524 [Thread-8] ERROR f.i.s.r.p.m.output.MavenErrorHandler - 	at org.apache.maven.surefire.booter.ForkedBooter.runSuitesInProcess(ForkedBooter.java:428)
05:34:40.524 [Thread-8] ERROR f.i.s.r.p.m.output.MavenErrorHandler - 	at org.apache.maven.surefire.booter.ForkedBooter.execute(ForkedBooter.java:162)
05:34:40.524 [Thread-8] ERROR f.i.s.r.p.m.output.MavenErrorHandler - 	at org.apache.maven.surefire.booter.ForkedBooter.run(ForkedBooter.java:562)
05:34:40.524 [Thread-8] ERROR f.i.s.r.p.m.output.MavenErrorHandler - 	at org.apache.maven.surefire.booter.ForkedBooter.main(ForkedBooter.java:548)
05:35:57.059 [Thread-7] ERROR f.i.s.r.p.m.o.MavenFilterOutputHandler - [ERROR] WARNING: An illegal reflective access operation has occurred
05:35:57.060 [Thread-7] ERROR f.i.s.r.p.m.o.MavenFilterOutputHandler - [ERROR] WARNING: Illegal reflective access by org.codehaus.groovy.vmplugin.v7.Java7$1 (file:/root/workspace/apache-pinot-master-8468_repo/.m2/org/codehaus/groovy/groovy-all/2.4.21/groovy-all-2.4.21.jar) to constructor java.lang.invoke.MethodHandles$Lookup(java.lang.Class,int)
05:35:57.060 [Thread-7] ERROR f.i.s.r.p.m.o.MavenFilterOutputHandler - [ERROR] WARNING: Please consider reporting this to the maintainers of org.codehaus.groovy.vmplugin.v7.Java7$1
05:35:57.060 [Thread-7] ERROR f.i.s.r.p.m.o.MavenFilterOutputHandler - [ERROR] WARNING: Use --illegal-access=warn to enable warnings of further illegal reflective access operations
05:35:57.060 [Thread-7] ERROR f.i.s.r.p.m.o.MavenFilterOutputHandler - [ERROR] WARNING: All illegal access operations will be denied in a future release
05:36:11.370 [Thread-7] ERROR f.i.s.r.p.m.o.MavenFilterOutputHandler - [ERROR] WARNING: An illegal reflective access operation has occurred
05:36:11.370 [Thread-7] ERROR f.i.s.r.p.m.o.MavenFilterOutputHandler - [ERROR] WARNING: Illegal reflective access by org.codehaus.groovy.vmplugin.v7.Java7$1 (file:/root/workspace/apache-pinot-master-8468_repo/.m2/org/codehaus/groovy/groovy-all/2.4.21/groovy-all-2.4.21.jar) to constructor java.lang.invoke.MethodHandles$Lookup(java.lang.Class,int)
05:36:11.370 [Thread-7] ERROR f.i.s.r.p.m.o.MavenFilterOutputHandler - [ERROR] WARNING: Please consider reporting this to the maintainers of org.codehaus.groovy.vmplugin.v7.Java7$1
05:36:11.371 [Thread-7] ERROR f.i.s.r.p.m.o.MavenFilterOutputHandler - [ERROR] WARNING: Use --illegal-access=warn to enable warnings of further illegal reflective access operations
05:36:11.371 [Thread-7] ERROR f.i.s.r.p.m.o.MavenFilterOutputHandler - [ERROR] WARNING: All illegal access operations will be denied in a future release
05:36:14.924 [Thread-7] ERROR f.i.s.r.p.m.o.MavenFilterOutputHandler - [ERROR] WARNING: An illegal reflective access operation has occurred
05:36:14.925 [Thread-7] ERROR f.i.s.r.p.m.o.MavenFilterOutputHandler - [ERROR] WARNING: Illegal reflective access by org.codehaus.groovy.vmplugin.v7.Java7$1 (file:/root/workspace/apache-pinot-master-8468_repo/.m2/org/codehaus/groovy/groovy-all/2.4.21/groovy-all-2.4.21.jar) to constructor java.lang.invoke.MethodHandles$Lookup(java.lang.Class,int)
05:36:14.926 [Thread-7] ERROR f.i.s.r.p.m.o.MavenFilterOutputHandler - [ERROR] WARNING: Please consider reporting this to the maintainers of org.codehaus.groovy.vmplugin.v7.Java7$1
05:36:14.926 [Thread-7] ERROR f.i.s.r.p.m.o.MavenFilterOutputHandler - [ERROR] WARNING: Use --illegal-access=warn to enable warnings of further illegal reflective access operations
05:36:14.926 [Thread-7] ERROR f.i.s.r.p.m.o.MavenFilterOutputHandler - [ERROR] WARNING: All illegal access operations will be denied in a future release
05:36:17.050 [Thread-7] ERROR f.i.s.r.p.m.o.MavenFilterOutputHandler - [ERROR] WARNING: An illegal reflective access operation has occurred
05:36:17.051 [Thread-7] ERROR f.i.s.r.p.m.o.MavenFilterOutputHandler - [ERROR] WARNING: Illegal reflective access by org.codehaus.groovy.vmplugin.v7.Java7$1 (file:/root/workspace/apache-pinot-master-8468_repo/.m2/org/codehaus/groovy/groovy-all/2.4.21/groovy-all-2.4.21.jar) to constructor java.lang.invoke.MethodHandles$Lookup(java.lang.Class,int)
05:36:17.051 [Thread-7] ERROR f.i.s.r.p.m.o.MavenFilterOutputHandler - [ERROR] WARNING: Please consider reporting this to the maintainers of org.codehaus.groovy.vmplugin.v7.Java7$1
05:36:17.051 [Thread-7] ERROR f.i.s.r.p.m.o.MavenFilterOutputHandler - [ERROR] WARNING: Use --illegal-access=warn to enable warnings of further illegal reflective access operations
05:36:17.051 [Thread-7] ERROR f.i.s.r.p.m.o.MavenFilterOutputHandler - [ERROR] WARNING: All illegal access operations will be denied in a future release
05:37:13.848 [Thread-7] ERROR f.i.s.r.p.m.o.MavenFilterOutputHandler - [ERROR] WARNING: An illegal reflective access operation has occurred
05:37:13.848 [Thread-7] ERROR f.i.s.r.p.m.o.MavenFilterOutputHandler - [ERROR] WARNING: Illegal reflective access by org.codehaus.groovy.vmplugin.v7.Java7$1 (file:/root/workspace/apache-pinot-master-8468_repo/.m2/org/codehaus/groovy/groovy-all/2.4.21/groovy-all-2.4.21.jar) to constructor java.lang.invoke.MethodHandles$Lookup(java.lang.Class,int)
05:37:13.848 [Thread-7] ERROR f.i.s.r.p.m.o.MavenFilterOutputHandler - [ERROR] WARNING: Please consider reporting this to the maintainers of org.codehaus.groovy.vmplugin.v7.Java7$1
05:37:13.848 [Thread-7] ERROR f.i.s.r.p.m.o.MavenFilterOutputHandler - [ERROR] WARNING: Use --illegal-access=warn to enable warnings of further illegal reflective access operations
05:37:13.848 [Thread-7] ERROR f.i.s.r.p.m.o.MavenFilterOutputHandler - [ERROR] WARNING: All illegal access operations will be denied in a future release
05:37:56.285 [Thread-7] ERROR f.i.s.r.p.m.o.MavenFilterOutputHandler - [ERROR] WARNING: An illegal reflective access operation has occurred
05:37:56.285 [Thread-7] ERROR f.i.s.r.p.m.o.MavenFilterOutputHandler - [ERROR] WARNING: Illegal reflective access by xerial.larray.mmap.MMapBuffer (file:/root/workspace/apache-pinot-master-8468_repo/.m2/org/xerial/larray/larray-mmap/0.4.1/larray-mmap-0.4.1.jar) to field java.io.FileDescriptor.fd
05:37:56.285 [Thread-7] ERROR f.i.s.r.p.m.o.MavenFilterOutputHandler - [ERROR] WARNING: Please consider reporting this to the maintainers of xerial.larray.mmap.MMapBuffer
05:37:56.285 [Thread-7] ERROR f.i.s.r.p.m.o.MavenFilterOutputHandler - [ERROR] WARNING: Use --illegal-access=warn to enable warnings of further illegal reflective access operations
05:37:56.286 [Thread-7] ERROR f.i.s.r.p.m.o.MavenFilterOutputHandler - [ERROR] WARNING: All illegal access operations will be denied in a future release
05:41:10.730 [Thread-7] ERROR f.i.s.r.p.m.o.MavenFilterOutputHandler - [ERROR] Tests run: 1, Failures: 1, Errors: 0, Skipped: 0, Time elapsed: 1.232 s <<< FAILURE! - in org.apache.pinot.queries.BigDecimalQueriesTest
05:41:10.730 [Thread-7] ERROR f.i.s.r.p.m.o.MavenFilterOutputHandler - [ERROR] org.apache.pinot.queries.BigDecimalQueriesTest.testQueries  Time elapsed: 0.432 s  <<< FAILURE!
05:42:13.383 [Thread-8] ERROR f.i.s.r.p.m.output.MavenErrorHandler - Exception in thread "Thread-2" org.apache.lucene.store.AlreadyClosedException: this IndexWriter is closed
05:42:13.383 [Thread-8] ERROR f.i.s.r.p.m.output.MavenErrorHandler - 	at org.apache.lucene.index.IndexWriter.ensureOpen(IndexWriter.java:681)
05:42:13.383 [Thread-8] ERROR f.i.s.r.p.m.output.MavenErrorHandler - 	at org.apache.lucene.index.IndexWriter.ensureOpen(IndexWriter.java:695)
05:42:13.383 [Thread-8] ERROR f.i.s.r.p.m.output.MavenErrorHandler - 	at org.apache.lucene.index.IndexWriter.getMaxCompletedSequenceNumber(IndexWriter.java:5176)
05:42:13.384 [Thread-8] ERROR f.i.s.r.p.m.output.MavenErrorHandler - 	at org.apache.lucene.search.ControlledRealTimeReopenThread.run(ControlledRealTimeReopenThread.java:234)
05:45:05.054 [Thread-7] ERROR f.i.s.r.p.m.o.MavenFilterOutputHandler - [ERROR] WARNING: An illegal reflective access operation has occurred
05:45:05.054 [Thread-7] ERROR f.i.s.r.p.m.o.MavenFilterOutputHandler - [ERROR] WARNING: Illegal reflective access by org.codehaus.groovy.vmplugin.v7.Java7$1 (file:/root/workspace/apache-pinot-master-8468_repo/.m2/org/codehaus/groovy/groovy-all/2.4.21/groovy-all-2.4.21.jar) to constructor java.lang.invoke.MethodHandles$Lookup(java.lang.Class,int)
05:45:05.054 [Thread-7] ERROR f.i.s.r.p.m.o.MavenFilterOutputHandler - [ERROR] WARNING: Please consider reporting this to the maintainers of org.codehaus.groovy.vmplugin.v7.Java7$1
05:45:05.055 [Thread-7] ERROR f.i.s.r.p.m.o.MavenFilterOutputHandler - [ERROR] WARNING: Use --illegal-access=warn to enable warnings of further illegal reflective access operations
05:45:05.055 [Thread-7] ERROR f.i.s.r.p.m.o.MavenFilterOutputHandler - [ERROR] WARNING: All illegal access operations will be denied in a future release
05:46:12.810 [Thread-7] ERROR f.i.s.r.p.m.o.MavenFilterOutputHandler - [ERROR] WARNING: An illegal reflective access operation has occurred
05:46:12.810 [Thread-7] ERROR f.i.s.r.p.m.o.MavenFilterOutputHandler - [ERROR] WARNING: Illegal reflective access by org.codehaus.groovy.vmplugin.v7.Java7$1 (file:/root/workspace/apache-pinot-master-8468_repo/.m2/org/codehaus/groovy/groovy-all/2.4.21/groovy-all-2.4.21.jar) to constructor java.lang.invoke.MethodHandles$Lookup(java.lang.Class,int)
05:46:12.810 [Thread-7] ERROR f.i.s.r.p.m.o.MavenFilterOutputHandler - [ERROR] WARNING: Please consider reporting this to the maintainers of org.codehaus.groovy.vmplugin.v7.Java7$1
05:46:12.810 [Thread-7] ERROR f.i.s.r.p.m.o.MavenFilterOutputHandler - [ERROR] WARNING: Use --illegal-access=warn to enable warnings of further illegal reflective access operations
05:46:12.810 [Thread-7] ERROR f.i.s.r.p.m.o.MavenFilterOutputHandler - [ERROR] WARNING: All illegal access operations will be denied in a future release
05:46:13.603 [Thread-7] ERROR f.i.s.r.p.m.o.MavenFilterOutputHandler - [ERROR] WARNING: An illegal reflective access operation has occurred
05:46:13.604 [Thread-7] ERROR f.i.s.r.p.m.o.MavenFilterOutputHandler - [ERROR] WARNING: Illegal reflective access by org.codehaus.groovy.vmplugin.v7.Java7$1 (file:/root/workspace/apache-pinot-master-8468_repo/.m2/org/codehaus/groovy/groovy-all/2.4.21/groovy-all-2.4.21.jar) to constructor java.lang.invoke.MethodHandles$Lookup(java.lang.Class,int)
05:46:13.604 [Thread-7] ERROR f.i.s.r.p.m.o.MavenFilterOutputHandler - [ERROR] WARNING: Please consider reporting this to the maintainers of org.codehaus.groovy.vmplugin.v7.Java7$1
05:46:13.604 [Thread-7] ERROR f.i.s.r.p.m.o.MavenFilterOutputHandler - [ERROR] WARNING: Use --illegal-access=warn to enable warnings of further illegal reflective access operations
05:46:13.604 [Thread-7] ERROR f.i.s.r.p.m.o.MavenFilterOutputHandler - [ERROR] WARNING: All illegal access operations will be denied in a future release
05:46:18.481 [Thread-7] ERROR f.i.s.r.p.m.o.MavenFilterOutputHandler - [ERROR] WARNING: An illegal reflective access operation has occurred
05:46:18.481 [Thread-7] ERROR f.i.s.r.p.m.o.MavenFilterOutputHandler - [ERROR] WARNING: Illegal reflective access by org.codehaus.groovy.vmplugin.v7.Java7$1 (file:/root/workspace/apache-pinot-master-8468_repo/.m2/org/codehaus/groovy/groovy-all/2.4.21/groovy-all-2.4.21.jar) to constructor java.lang.invoke.MethodHandles$Lookup(java.lang.Class,int)
05:46:18.481 [Thread-7] ERROR f.i.s.r.p.m.o.MavenFilterOutputHandler - [ERROR] WARNING: Please consider reporting this to the maintainers of org.codehaus.groovy.vmplugin.v7.Java7$1
05:46:18.481 [Thread-7] ERROR f.i.s.r.p.m.o.MavenFilterOutputHandler - [ERROR] WARNING: Use --illegal-access=warn to enable warnings of further illegal reflective access operations
05:46:18.481 [Thread-7] ERROR f.i.s.r.p.m.o.MavenFilterOutputHandler - [ERROR] WARNING: All illegal access operations will be denied in a future release
05:47:11.872 [Thread-7] ERROR f.i.s.r.p.m.o.MavenFilterOutputHandler - [ERROR] WARNING: An illegal reflective access operation has occurred
05:47:11.872 [Thread-7] ERROR f.i.s.r.p.m.o.MavenFilterOutputHandler - [ERROR] WARNING: Illegal reflective access by org.codehaus.groovy.vmplugin.v7.Java7$1 (file:/root/workspace/apache-pinot-master-8468_repo/.m2/org/codehaus/groovy/groovy-all/2.4.21/groovy-all-2.4.21.jar) to constructor java.lang.invoke.MethodHandles$Lookup(java.lang.Class,int)
05:47:11.872 [Thread-7] ERROR f.i.s.r.p.m.o.MavenFilterOutputHandler - [ERROR] WARNING: Please consider reporting this to the maintainers of org.codehaus.groovy.vmplugin.v7.Java7$1
05:47:11.872 [Thread-7] ERROR f.i.s.r.p.m.o.MavenFilterOutputHandler - [ERROR] WARNING: Use --illegal-access=warn to enable warnings of further illegal reflective access operations
05:47:11.872 [Thread-7] ERROR f.i.s.r.p.m.o.MavenFilterOutputHandler - [ERROR] WARNING: All illegal access operations will be denied in a future release
05:48:18.582 [Thread-7] ERROR f.i.s.r.p.m.o.MavenFilterOutputHandler - [ERROR] WARNING: An illegal reflective access operation has occurred
05:48:18.582 [Thread-7] ERROR f.i.s.r.p.m.o.MavenFilterOutputHandler - [ERROR] WARNING: Illegal reflective access by org.codehaus.groovy.vmplugin.v7.Java7$1 (file:/root/workspace/apache-pinot-master-8468_repo/.m2/org/codehaus/groovy/groovy-all/2.4.21/groovy-all-2.4.21.jar) to constructor java.lang.invoke.MethodHandles$Lookup(java.lang.Class,int)
05:48:18.582 [Thread-7] ERROR f.i.s.r.p.m.o.MavenFilterOutputHandler - [ERROR] WARNING: Please consider reporting this to the maintainers of org.codehaus.groovy.vmplugin.v7.Java7$1
05:48:18.582 [Thread-7] ERROR f.i.s.r.p.m.o.MavenFilterOutputHandler - [ERROR] WARNING: Use --illegal-access=warn to enable warnings of further illegal reflective access operations
05:48:18.582 [Thread-7] ERROR f.i.s.r.p.m.o.MavenFilterOutputHandler - [ERROR] WARNING: All illegal access operations will be denied in a future release
05:48:58.083 [Thread-7] ERROR f.i.s.r.p.m.o.MavenFilterOutputHandler - [ERROR] Failures: 
05:48:58.083 [Thread-7] ERROR f.i.s.r.p.m.o.MavenFilterOutputHandler - [ERROR]   BigDecimalQueriesTest.testQueries:228 expected [10] but found [0]
05:48:58.083 [Thread-7] ERROR f.i.s.r.p.m.o.MavenFilterOutputHandler - [ERROR] Tests run: 1415, Failures: 1, Errors: 0, Skipped: 0
05:48:58.106 [Thread-7] ERROR f.i.s.r.p.m.o.MavenFilterOutputHandler - [ERROR] Failed to execute goal org.apache.maven.plugins:maven-surefire-plugin:3.0.0-M5:test (default-test) on project pinot-core: There are test failures.
05:48:58.106 [Thread-7] ERROR f.i.s.r.p.m.o.MavenFilterOutputHandler - [ERROR] 
05:48:58.106 [Thread-7] ERROR f.i.s.r.p.m.o.MavenFilterOutputHandler - [ERROR] Please refer to /root/workspace/apache-pinot-master-8468_repo/pinot-core/target/surefire-reports for the individual test results.
05:48:58.106 [Thread-7] ERROR f.i.s.r.p.m.o.MavenFilterOutputHandler - [ERROR] Please refer to dump files (if any exist) [date].dump, [date]-jvmRun[N].dump and [date].dumpstream.
05:48:58.106 [Thread-7] ERROR f.i.s.r.p.m.o.MavenFilterOutputHandler - [ERROR] -> [Help 1]
05:48:58.109 [Thread-7] ERROR f.i.s.r.p.m.o.MavenFilterOutputHandler - [ERROR] 
05:48:58.109 [Thread-7] ERROR f.i.s.r.p.m.o.MavenFilterOutputHandler - [ERROR] Re-run Maven using the -X switch to enable full debug logging.
05:48:58.109 [Thread-7] ERROR f.i.s.r.p.m.o.MavenFilterOutputHandler - [ERROR] 
05:48:58.109 [Thread-7] ERROR f.i.s.r.p.m.o.MavenFilterOutputHandler - [ERROR] For more information about the errors and possible solutions, please read the following articles:
05:48:58.109 [Thread-7] ERROR f.i.s.r.p.m.o.MavenFilterOutputHandler - [ERROR] [Help 1] http://cwiki.apache.org/confluence/display/MAVEN/MojoFailureException
05:48:58.109 [Thread-7] ERROR f.i.s.r.p.m.o.MavenFilterOutputHandler - [ERROR] 
05:48:58.109 [Thread-7] ERROR f.i.s.r.p.m.o.MavenFilterOutputHandler - [ERROR] After correcting the problems, you can resume the build with the command
05:48:58.109 [Thread-7] ERROR f.i.s.r.p.m.o.MavenFilterOutputHandler - [ERROR]   mvn <goals> -rf :pinot-core
05:49:04.669 [main] ERROR f.i.s.r.p.s.paths.ComputeClasspath - The classpath file is empty.
05:49:04.669 [main] ERROR f.i.s.r.p.s.paths.ComputeClasspath - The classpath seems not to contain JUnit, maybe this project does not use JUnit for testing.
05:49:04.669 [main] ERROR f.i.s.r.p.s.paths.ComputeClasspath - The file does not exist: /root/./workspace/apache-pinot-master-8468_repo/target/classes.
05:49:04.669 [main] ERROR f.i.s.r.p.s.paths.ComputeClasspath - The file does not exist: /root/./workspace/apache-pinot-master-8468_repo/target/test-classes.
05:49:04.789 [main] ERROR f.i.s.r.p.s.paths.ComputeSourceDir - The source directory is not at default location or specified in build section from pom.xml, and no parent can be found.
05:49:04.794 [main] ERROR f.i.s.r.p.s.paths.ComputeSourceDir - The source directory is not at default location or specified in build section from pom.xml, and no parent can be found.
05:49:04.802 [main] INFO  f.i.s.r.p.s.paths.ComputeSourceDir - 48 source dirs were found:
05:49:04.802 [main] INFO  f.i.s.r.p.s.paths.ComputeSourceDir - /root/workspace/apache-pinot-master-8468_repo/pinot-broker/src/main/java
05:49:04.802 [main] INFO  f.i.s.r.p.s.paths.ComputeSourceDir - /root/workspace/apache-pinot-master-8468_repo/pinot-clients/pinot-java-client/src/main/java
05:49:04.802 [main] INFO  f.i.s.r.p.s.paths.ComputeSourceDir - /root/workspace/apache-pinot-master-8468_repo/pinot-clients/pinot-jdbc-client/src/main/java
05:49:04.803 [main] INFO  f.i.s.r.p.s.paths.ComputeSourceDir - /root/workspace/apache-pinot-master-8468_repo/pinot-common/src/main/java
05:49:04.803 [main] INFO  f.i.s.r.p.s.paths.ComputeSourceDir - /root/workspace/apache-pinot-master-8468_repo/pinot-compatibility-verifier/src/main/java
05:49:04.803 [main] INFO  f.i.s.r.p.s.paths.ComputeSourceDir - /root/workspace/apache-pinot-master-8468_repo/pinot-connectors/pinot-flink-connector/src/main/java
05:49:04.803 [main] INFO  f.i.s.r.p.s.paths.ComputeSourceDir - /root/workspace/apache-pinot-master-8468_repo/pinot-connectors/pinot-spark-connector/src/main/scala
05:49:04.803 [main] INFO  f.i.s.r.p.s.paths.ComputeSourceDir - /root/workspace/apache-pinot-master-8468_repo/pinot-controller/src/main/java
05:49:04.803 [main] INFO  f.i.s.r.p.s.paths.ComputeSourceDir - /root/workspace/apache-pinot-master-8468_repo/pinot-core/src/main/java
05:49:04.803 [main] INFO  f.i.s.r.p.s.paths.ComputeSourceDir - /root/workspace/apache-pinot-master-8468_repo/pinot-integration-tests/src/main/java
05:49:04.803 [main] INFO  f.i.s.r.p.s.paths.ComputeSourceDir - /root/workspace/apache-pinot-master-8468_repo/pinot-minion/src/main/java
05:49:04.803 [main] INFO  f.i.s.r.p.s.paths.ComputeSourceDir - /root/workspace/apache-pinot-master-8468_repo/pinot-perf/src/main/java
05:49:04.803 [main] INFO  f.i.s.r.p.s.paths.ComputeSourceDir - /root/workspace/apache-pinot-master-8468_repo/pinot-plugins/pinot-batch-ingestion/pinot-batch-ingestion-common/src/main/java
05:49:04.803 [main] INFO  f.i.s.r.p.s.paths.ComputeSourceDir - /root/workspace/apache-pinot-master-8468_repo/pinot-plugins/pinot-batch-ingestion/pinot-batch-ingestion-hadoop/src/main/java
05:49:04.803 [main] INFO  f.i.s.r.p.s.paths.ComputeSourceDir - /root/workspace/apache-pinot-master-8468_repo/pinot-plugins/pinot-batch-ingestion/pinot-batch-ingestion-spark/src/main/java
05:49:04.803 [main] INFO  f.i.s.r.p.s.paths.ComputeSourceDir - /root/workspace/apache-pinot-master-8468_repo/pinot-plugins/pinot-batch-ingestion/pinot-batch-ingestion-standalone/src/main/java
05:49:04.803 [main] INFO  f.i.s.r.p.s.paths.ComputeSourceDir - /root/workspace/apache-pinot-master-8468_repo/pinot-plugins/pinot-batch-ingestion/v0_deprecated/pinot-hadoop/src/main/java
05:49:04.803 [main] INFO  f.i.s.r.p.s.paths.ComputeSourceDir - /root/workspace/apache-pinot-master-8468_repo/pinot-plugins/pinot-batch-ingestion/v0_deprecated/pinot-ingestion-common/src/main/java
05:49:04.803 [main] INFO  f.i.s.r.p.s.paths.ComputeSourceDir - /root/workspace/apache-pinot-master-8468_repo/pinot-plugins/pinot-batch-ingestion/v0_deprecated/pinot-spark/src/main/java
05:49:04.803 [main] INFO  f.i.s.r.p.s.paths.ComputeSourceDir - /root/workspace/apache-pinot-master-8468_repo/pinot-plugins/pinot-environment/pinot-azure/src/main/java
05:49:04.803 [main] INFO  f.i.s.r.p.s.paths.ComputeSourceDir - /root/workspace/apache-pinot-master-8468_repo/pinot-plugins/pinot-file-system/pinot-adls/src/main/java
05:49:04.803 [main] INFO  f.i.s.r.p.s.paths.ComputeSourceDir - /root/workspace/apache-pinot-master-8468_repo/pinot-plugins/pinot-file-system/pinot-gcs/src/main/java
05:49:04.803 [main] INFO  f.i.s.r.p.s.paths.ComputeSourceDir - /root/workspace/apache-pinot-master-8468_repo/pinot-plugins/pinot-file-system/pinot-hdfs/src/main/java
05:49:04.803 [main] INFO  f.i.s.r.p.s.paths.ComputeSourceDir - /root/workspace/apache-pinot-master-8468_repo/pinot-plugins/pinot-file-system/pinot-s3/src/main/java
05:49:04.803 [main] INFO  f.i.s.r.p.s.paths.ComputeSourceDir - /root/workspace/apache-pinot-master-8468_repo/pinot-plugins/pinot-input-format/pinot-avro-base/src/main/java
05:49:04.803 [main] INFO  f.i.s.r.p.s.paths.ComputeSourceDir - /root/workspace/apache-pinot-master-8468_repo/pinot-plugins/pinot-input-format/pinot-avro/src/main/java
05:49:04.803 [main] INFO  f.i.s.r.p.s.paths.ComputeSourceDir - /root/workspace/apache-pinot-master-8468_repo/pinot-plugins/pinot-input-format/pinot-confluent-avro/src/main/java
05:49:04.803 [main] INFO  f.i.s.r.p.s.paths.ComputeSourceDir - /root/workspace/apache-pinot-master-8468_repo/pinot-plugins/pinot-input-format/pinot-csv/src/main/java
05:49:04.803 [main] INFO  f.i.s.r.p.s.paths.ComputeSourceDir - /root/workspace/apache-pinot-master-8468_repo/pinot-plugins/pinot-input-format/pinot-json/src/main/java
05:49:04.803 [main] INFO  f.i.s.r.p.s.paths.ComputeSourceDir - /root/workspace/apache-pinot-master-8468_repo/pinot-plugins/pinot-input-format/pinot-orc/src/main/java
05:49:04.803 [main] INFO  f.i.s.r.p.s.paths.ComputeSourceDir - /root/workspace/apache-pinot-master-8468_repo/pinot-plugins/pinot-input-format/pinot-parquet/src/main/java
05:49:04.803 [main] INFO  f.i.s.r.p.s.paths.ComputeSourceDir - /root/workspace/apache-pinot-master-8468_repo/pinot-plugins/pinot-input-format/pinot-protobuf/src/main/java
05:49:04.803 [main] INFO  f.i.s.r.p.s.paths.ComputeSourceDir - /root/workspace/apache-pinot-master-8468_repo/pinot-plugins/pinot-input-format/pinot-thrift/src/main/java
05:49:04.803 [main] INFO  f.i.s.r.p.s.paths.ComputeSourceDir - /root/workspace/apache-pinot-master-8468_repo/pinot-plugins/pinot-metrics/pinot-dropwizard/src/main/java
05:49:04.803 [main] INFO  f.i.s.r.p.s.paths.ComputeSourceDir - /root/workspace/apache-pinot-master-8468_repo/pinot-plugins/pinot-metrics/pinot-yammer/src/main/java
05:49:04.803 [main] INFO  f.i.s.r.p.s.paths.ComputeSourceDir - /root/workspace/apache-pinot-master-8468_repo/pinot-plugins/pinot-minion-tasks/pinot-minion-builtin-tasks/src/main/java
05:49:04.803 [main] INFO  f.i.s.r.p.s.paths.ComputeSourceDir - /root/workspace/apache-pinot-master-8468_repo/pinot-plugins/pinot-segment-uploader/pinot-segment-uploader-default/src/main/java
05:49:04.803 [main] INFO  f.i.s.r.p.s.paths.ComputeSourceDir - /root/workspace/apache-pinot-master-8468_repo/pinot-plugins/pinot-segment-writer/pinot-segment-writer-file-based/src/main/java
05:49:04.803 [main] INFO  f.i.s.r.p.s.paths.ComputeSourceDir - /root/workspace/apache-pinot-master-8468_repo/pinot-plugins/pinot-stream-ingestion/pinot-kafka-0.9/src/main/java
05:49:04.803 [main] INFO  f.i.s.r.p.s.paths.ComputeSourceDir - /root/workspace/apache-pinot-master-8468_repo/pinot-plugins/pinot-stream-ingestion/pinot-kafka-2.0/src/main/java
05:49:04.803 [main] INFO  f.i.s.r.p.s.paths.ComputeSourceDir - /root/workspace/apache-pinot-master-8468_repo/pinot-plugins/pinot-stream-ingestion/pinot-kafka-base/src/main/java
05:49:04.803 [main] INFO  f.i.s.r.p.s.paths.ComputeSourceDir - /root/workspace/apache-pinot-master-8468_repo/pinot-plugins/pinot-stream-ingestion/pinot-kinesis/src/main/java
05:49:04.803 [main] INFO  f.i.s.r.p.s.paths.ComputeSourceDir - /root/workspace/apache-pinot-master-8468_repo/pinot-plugins/pinot-stream-ingestion/pinot-pulsar/src/main/java
05:49:04.803 [main] INFO  f.i.s.r.p.s.paths.ComputeSourceDir - /root/workspace/apache-pinot-master-8468_repo/pinot-segment-local/src/main/java
05:49:04.803 [main] INFO  f.i.s.r.p.s.paths.ComputeSourceDir - /root/workspace/apache-pinot-master-8468_repo/pinot-segment-spi/src/main/java
05:49:04.803 [main] INFO  f.i.s.r.p.s.paths.ComputeSourceDir - /root/workspace/apache-pinot-master-8468_repo/pinot-server/src/main/java
05:49:04.803 [main] INFO  f.i.s.r.p.s.paths.ComputeSourceDir - /root/workspace/apache-pinot-master-8468_repo/pinot-spi/src/main/java
05:49:04.803 [main] INFO  f.i.s.r.p.s.paths.ComputeSourceDir - /root/workspace/apache-pinot-master-8468_repo/pinot-tools/src/main/java
05:49:04.860 [main] ERROR f.i.s.r.p.step.paths.ComputeTestDir - The test directory is not at default location or specified in build section from pom.xml, and no parent can be found.
05:49:04.871 [main] ERROR f.i.s.r.p.step.paths.ComputeTestDir - The test directory is not at default location or specified in build section from pom.xml, and no parent can be found.
05:49:04.929 [main] ERROR f.i.s.r.process.maven.MavenHelper - Error while building complete model. The raw model will be used. Error message: 1 problem was encountered while building the effective model for org.apache.pinot:pinot-s3:0.11.0-SNAPSHOT
[ERROR] Failed to determine Java version for profile disable-java8-doclint @ software.amazon.awssdk:aws-sdk-java-pom:2.14.28

05:49:04.956 [main] ERROR f.i.s.r.p.step.paths.ComputeTestDir - The test directory is not at default location or specified in build section from pom.xml, and no parent can be found.
05:49:04.974 [main] ERROR f.i.s.r.p.step.paths.ComputeTestDir - The test directory is not at default location or specified in build section from pom.xml, and no parent can be found.
05:49:05.001 [main] ERROR f.i.s.r.process.maven.MavenHelper - Error while building complete model. The raw model will be used. Error message: 1 problem was encountered while building the effective model for org.apache.pinot:pinot-kinesis:0.11.0-SNAPSHOT
[ERROR] Failed to determine Java version for profile disable-java8-doclint @ software.amazon.awssdk:aws-sdk-java-pom:2.14.28

05:49:05.026 [main] ERROR f.i.s.r.p.step.paths.ComputeTestDir - The test directory is not at default location or specified in build section from pom.xml, and no parent can be found.
05:49:05.030 [main] ERROR f.i.s.r.p.step.paths.ComputeTestDir - The test directory is not at default location or specified in build section from pom.xml, and no parent can be found.
05:49:05.030 [main] ERROR f.i.s.r.p.step.paths.ComputeTestDir - The test directory is not at default location or specified in build section from pom.xml, and no parent can be found.
05:49:05.045 [main] ERROR f.i.s.r.p.step.paths.ComputeTestDir - The test directory is not at default location or specified in build section from pom.xml, and no parent can be found.
05:49:05.045 [main] ERROR f.i.s.r.p.step.paths.ComputeTestDir - The test directory is not at default location or specified in build section from pom.xml, and no parent can be found.
05:49:05.057 [main] ERROR f.i.s.r.p.step.paths.ComputeTestDir - The test directory is not at default location or specified in build section from pom.xml, and no parent can be found.
05:49:05.065 [main] ERROR f.i.s.r.p.step.paths.ComputeTestDir - The test directory is not at default location or specified in build section from pom.xml, and no parent can be found.
05:49:05.080 [main] ERROR f.i.s.r.p.step.paths.ComputeTestDir - The test directory is not at default location or specified in build section from pom.xml, and no parent can be found.
05:49:05.080 [main] INFO  f.i.s.r.p.step.paths.ComputeTestDir - 40 test dirs were found:
05:49:05.080 [main] INFO  f.i.s.r.p.step.paths.ComputeTestDir - /root/workspace/apache-pinot-master-8468_repo/pinot-broker/src/test/java
05:49:05.080 [main] INFO  f.i.s.r.p.step.paths.ComputeTestDir - /root/workspace/apache-pinot-master-8468_repo/pinot-clients/pinot-java-client/src/test/java
05:49:05.080 [main] INFO  f.i.s.r.p.step.paths.ComputeTestDir - /root/workspace/apache-pinot-master-8468_repo/pinot-clients/pinot-jdbc-client/src/test/java
05:49:05.080 [main] INFO  f.i.s.r.p.step.paths.ComputeTestDir - /root/workspace/apache-pinot-master-8468_repo/pinot-common/src/test/java
05:49:05.080 [main] INFO  f.i.s.r.p.step.paths.ComputeTestDir - /root/workspace/apache-pinot-master-8468_repo/pinot-connectors/pinot-flink-connector/src/test/java
05:49:05.080 [main] INFO  f.i.s.r.p.step.paths.ComputeTestDir - /root/workspace/apache-pinot-master-8468_repo/pinot-connectors/pinot-spark-connector/src/test/scala
05:49:05.080 [main] INFO  f.i.s.r.p.step.paths.ComputeTestDir - /root/workspace/apache-pinot-master-8468_repo/pinot-controller/src/test/java
05:49:05.080 [main] INFO  f.i.s.r.p.step.paths.ComputeTestDir - /root/workspace/apache-pinot-master-8468_repo/pinot-core/src/test/java
05:49:05.080 [main] INFO  f.i.s.r.p.step.paths.ComputeTestDir - /root/workspace/apache-pinot-master-8468_repo/pinot-integration-test-base/src/test/java
05:49:05.080 [main] INFO  f.i.s.r.p.step.paths.ComputeTestDir - /root/workspace/apache-pinot-master-8468_repo/pinot-integration-tests/src/test/java
05:49:05.080 [main] INFO  f.i.s.r.p.step.paths.ComputeTestDir - /root/workspace/apache-pinot-master-8468_repo/pinot-minion/src/test/java
05:49:05.080 [main] INFO  f.i.s.r.p.step.paths.ComputeTestDir - /root/workspace/apache-pinot-master-8468_repo/pinot-plugins/pinot-batch-ingestion/pinot-batch-ingestion-common/src/test/java
05:49:05.080 [main] INFO  f.i.s.r.p.step.paths.ComputeTestDir - /root/workspace/apache-pinot-master-8468_repo/pinot-plugins/pinot-batch-ingestion/pinot-batch-ingestion-hadoop/src/test/java
05:49:05.080 [main] INFO  f.i.s.r.p.step.paths.ComputeTestDir - /root/workspace/apache-pinot-master-8468_repo/pinot-plugins/pinot-batch-ingestion/pinot-batch-ingestion-standalone/src/test/java
05:49:05.080 [main] INFO  f.i.s.r.p.step.paths.ComputeTestDir - /root/workspace/apache-pinot-master-8468_repo/pinot-plugins/pinot-batch-ingestion/v0_deprecated/pinot-hadoop/src/test/java
05:49:05.080 [main] INFO  f.i.s.r.p.step.paths.ComputeTestDir - /root/workspace/apache-pinot-master-8468_repo/pinot-plugins/pinot-batch-ingestion/v0_deprecated/pinot-spark/src/test/java
05:49:05.080 [main] INFO  f.i.s.r.p.step.paths.ComputeTestDir - /root/workspace/apache-pinot-master-8468_repo/pinot-plugins/pinot-environment/pinot-azure/src/test/java
05:49:05.080 [main] INFO  f.i.s.r.p.step.paths.ComputeTestDir - /root/workspace/apache-pinot-master-8468_repo/pinot-plugins/pinot-file-system/pinot-adls/src/test/java
05:49:05.080 [main] INFO  f.i.s.r.p.step.paths.ComputeTestDir - /root/workspace/apache-pinot-master-8468_repo/pinot-plugins/pinot-file-system/pinot-gcs/src/test/java
05:49:05.080 [main] INFO  f.i.s.r.p.step.paths.ComputeTestDir - /root/workspace/apache-pinot-master-8468_repo/pinot-plugins/pinot-file-system/pinot-hdfs/src/test/java
05:49:05.080 [main] INFO  f.i.s.r.p.step.paths.ComputeTestDir - /root/workspace/apache-pinot-master-8468_repo/pinot-plugins/pinot-file-system/pinot-s3/src/test/java
05:49:05.080 [main] INFO  f.i.s.r.p.step.paths.ComputeTestDir - /root/workspace/apache-pinot-master-8468_repo/pinot-plugins/pinot-input-format/pinot-avro-base/src/test/java
05:49:05.080 [main] INFO  f.i.s.r.p.step.paths.ComputeTestDir - /root/workspace/apache-pinot-master-8468_repo/pinot-plugins/pinot-input-format/pinot-csv/src/test/java
05:49:05.080 [main] INFO  f.i.s.r.p.step.paths.ComputeTestDir - /root/workspace/apache-pinot-master-8468_repo/pinot-plugins/pinot-input-format/pinot-json/src/test/java
05:49:05.080 [main] INFO  f.i.s.r.p.step.paths.ComputeTestDir - /root/workspace/apache-pinot-master-8468_repo/pinot-plugins/pinot-input-format/pinot-orc/src/test/java
05:49:05.080 [main] INFO  f.i.s.r.p.step.paths.ComputeTestDir - /root/workspace/apache-pinot-master-8468_repo/pinot-plugins/pinot-input-format/pinot-parquet/src/test/java
05:49:05.080 [main] INFO  f.i.s.r.p.step.paths.ComputeTestDir - /root/workspace/apache-pinot-master-8468_repo/pinot-plugins/pinot-input-format/pinot-protobuf/src/test/java
05:49:05.080 [main] INFO  f.i.s.r.p.step.paths.ComputeTestDir - /root/workspace/apache-pinot-master-8468_repo/pinot-plugins/pinot-input-format/pinot-thrift/src/test/java
05:49:05.080 [main] INFO  f.i.s.r.p.step.paths.ComputeTestDir - /root/workspace/apache-pinot-master-8468_repo/pinot-plugins/pinot-minion-tasks/pinot-minion-builtin-tasks/src/test/java
05:49:05.080 [main] INFO  f.i.s.r.p.step.paths.ComputeTestDir - /root/workspace/apache-pinot-master-8468_repo/pinot-plugins/pinot-segment-writer/pinot-segment-writer-file-based/src/test/java
05:49:05.080 [main] INFO  f.i.s.r.p.step.paths.ComputeTestDir - /root/workspace/apache-pinot-master-8468_repo/pinot-plugins/pinot-stream-ingestion/pinot-kafka-0.9/src/test/java
05:49:05.080 [main] INFO  f.i.s.r.p.step.paths.ComputeTestDir - /root/workspace/apache-pinot-master-8468_repo/pinot-plugins/pinot-stream-ingestion/pinot-kafka-2.0/src/test/java
05:49:05.080 [main] INFO  f.i.s.r.p.step.paths.ComputeTestDir - /root/workspace/apache-pinot-master-8468_repo/pinot-plugins/pinot-stream-ingestion/pinot-kafka-base/src/test/java
05:49:05.080 [main] INFO  f.i.s.r.p.step.paths.ComputeTestDir - /root/workspace/apache-pinot-master-8468_repo/pinot-plugins/pinot-stream-ingestion/pinot-kinesis/src/test/java
05:49:05.080 [main] INFO  f.i.s.r.p.step.paths.ComputeTestDir - /root/workspace/apache-pinot-master-8468_repo/pinot-plugins/pinot-stream-ingestion/pinot-pulsar/src/test/java
05:49:05.080 [main] INFO  f.i.s.r.p.step.paths.ComputeTestDir - /root/workspace/apache-pinot-master-8468_repo/pinot-segment-local/src/test/java
05:49:05.080 [main] INFO  f.i.s.r.p.step.paths.ComputeTestDir - /root/workspace/apache-pinot-master-8468_repo/pinot-segment-spi/src/test/java
05:49:05.080 [main] INFO  f.i.s.r.p.step.paths.ComputeTestDir - /root/workspace/apache-pinot-master-8468_repo/pinot-server/src/test/java
05:49:05.080 [main] INFO  f.i.s.r.p.step.paths.ComputeTestDir - /root/workspace/apache-pinot-master-8468_repo/pinot-spi/src/test/java
05:49:05.080 [main] INFO  f.i.s.r.p.step.paths.ComputeTestDir - /root/workspace/apache-pinot-master-8468_repo/pinot-tools/src/test/java
05:49:05.876 [main] INFO  f.i.s.r.p.s.g.GatherTestInformation - Get the following failing module path: /root/workspace/apache-pinot-master-8468_repo/pinot-core
05:49:05.877 [main] INFO  f.i.s.r.p.s.g.GatherTestInformation - ---Test results---
05:49:05.877 [main] INFO  f.i.s.r.p.s.g.GatherTestInformation -    Total tests: 4173
05:49:05.877 [main] INFO  f.i.s.r.p.s.g.GatherTestInformation -    Tests run: 4173
05:49:05.877 [main] INFO  f.i.s.r.p.s.g.GatherTestInformation -    Tests passing: 4172
05:49:05.877 [main] INFO  f.i.s.r.p.s.g.GatherTestInformation -    Failures: 1
05:49:05.877 [main] INFO  f.i.s.r.p.s.g.GatherTestInformation -    Errors: 0
05:49:05.877 [main] INFO  f.i.s.r.p.s.g.GatherTestInformation -    Skipped: 0
[0] INFO Flacoco - Running Flacoco...
[24] WARN TestMethodFilter - NoClassDefFoundError: class org.apache.pinot.server.access.AllowAllAccessFactory
[25] WARN TestMethodFilter - NoClassDefFoundError: class org.apache.pinot.server.access.BasicAuthAccessFactory
[26] WARN TestMethodFilter - NoClassDefFoundError: class org.apache.pinot.server.realtime.ServerSegmentCompletionProtocolHandler
[26] WARN TestMethodFilter - NoClassDefFoundError: class org.apache.pinot.server.realtime.ControllerLeaderLocator
[27] WARN TestMethodFilter - NoClassDefFoundError: class org.apache.pinot.core.auth.BasicAuthUtils
[33] WARN TestMethodFilter - NoClassDefFoundError: class org.apache.pinot.core.startree.StarTreeUtils
[33] WARN TestMethodFilter - NoClassDefFoundError: class org.apache.pinot.core.startree.operator.StarTreeFilterOperator
[33] WARN TestMethodFilter - NoClassDefFoundError: class org.apache.pinot.core.plan.GlobalPlanImplV0
[34] WARN TestMethodFilter - NoClassDefFoundError: class org.apache.pinot.core.plan.maker.InstancePlanMakerImplV2
[38] WARN TestMethodFilter - NoClassDefFoundError: class org.apache.pinot.core.plan.FilterPlanNode
[39] WARN TestMethodFilter - NoClassDefFoundError: class org.apache.pinot.core.plan.CombinePlanNode
[40] WARN TestMethodFilter - NoClassDefFoundError: class org.apache.pinot.core.plan.AggregationPlanNode
[43] WARN TestMethodFilter - NoClassDefFoundError: class org.apache.pinot.core.common.DataFetcher
[44] WARN TestMethodFilter - NoClassDefFoundError: class org.apache.pinot.core.common.DataBlockCache
[44] WARN TestMethodFilter - NoClassDefFoundError: class org.apache.pinot.core.common.datatable.DataTableFactory
[45] WARN TestMethodFilter - NoClassDefFoundError: class org.apache.pinot.core.common.datatable.DataTableBuilder
[46] WARN TestMethodFilter - NoClassDefFoundError: class org.apache.pinot.core.common.datatable.DataTableUtils
[47] WARN TestMethodFilter - NoClassDefFoundError: class org.apache.pinot.core.data.manager.realtime.SegmentCommitterFactory
[49] WARN TestMethodFilter - NoClassDefFoundError: class org.apache.pinot.core.data.manager.realtime.SplitSegmentCommitter
[49] WARN TestMethodFilter - NoClassDefFoundError: class org.apache.pinot.core.data.manager.realtime.PeerSchemeSplitSegmentCommitter
[50] WARN TestMethodFilter - NoClassDefFoundError: class org.apache.pinot.core.data.manager.realtime.Server2ControllerSegmentUploader
[50] WARN TestMethodFilter - NoClassDefFoundError: class org.apache.pinot.core.data.manager.realtime.SegmentBuildTimeLeaseExtender
[52] WARN TestMethodFilter - NoClassDefFoundError: class org.apache.pinot.core.data.manager.realtime.RealtimeConsumptionRateManager
[52] WARN TestMethodFilter - NoClassDefFoundError: class org.apache.pinot.core.data.manager.realtime.PinotFSSegmentUploader
[52] WARN TestMethodFilter - NoClassDefFoundError: class org.apache.pinot.core.data.manager.realtime.DefaultSegmentCommitter
[53] WARN TestMethodFilter - NoClassDefFoundError: class org.apache.pinot.core.data.manager.offline.TableDataManagerProvider
[56] WARN TestMethodFilter - NoClassDefFoundError: class org.apache.pinot.core.data.table.UnboundedConcurrentIndexedTable
[56] WARN TestMethodFilter - NoClassDefFoundError: class org.apache.pinot.core.data.table.ConcurrentIndexedTable
[57] WARN TestMethodFilter - NoClassDefFoundError: class org.apache.pinot.core.data.table.SimpleIndexedTable
[57] WARN TestMethodFilter - NoClassDefFoundError: class org.apache.pinot.core.minion.SegmentPurger
[58] WARN TestMethodFilter - NoClassDefFoundError: class org.apache.pinot.core.minion.RawIndexConverter
[58] WARN TestMethodFilter - NoClassDefFoundError: class org.apache.pinot.core.minion.PinotTaskConfig
[64] WARN TestMethodFilter - NoClassDefFoundError: class org.apache.pinot.core.query.scheduler.QuerySchedulerFactory
[64] WARN TestMethodFilter - NoClassDefFoundError: class org.apache.pinot.core.query.scheduler.tokenbucket.TokenPriorityScheduler
[66] WARN TestMethodFilter - NoClassDefFoundError: class org.apache.pinot.core.query.scheduler.fcfs.BoundedFCFSScheduler
[66] WARN TestMethodFilter - NoClassDefFoundError: class org.apache.pinot.core.query.scheduler.fcfs.FCFSQueryScheduler
[66] WARN TestMethodFilter - NoClassDefFoundError: class org.apache.pinot.core.query.config.QueryPlannerConfig
[67] WARN TestMethodFilter - NoClassDefFoundError: class org.apache.pinot.core.query.config.SegmentPrunerConfig
[67] WARN TestMethodFilter - NoClassDefFoundError: class org.apache.pinot.core.query.config.QueryExecutorConfig
[67] WARN TestMethodFilter - NoClassDefFoundError: class org.apache.pinot.core.query.optimizer.QueryOptimizer
[68] WARN TestMethodFilter - NoClassDefFoundError: class org.apache.pinot.core.query.optimizer.statement.JsonStatementOptimizer
[68] WARN TestMethodFilter - NoClassDefFoundError: class org.apache.pinot.core.query.optimizer.statement.StringPredicateFilterOptimizer
[69] WARN TestMethodFilter - NoClassDefFoundError: class org.apache.pinot.core.query.optimizer.filter.TimePredicateFilterOptimizer
[69] WARN TestMethodFilter - NoClassDefFoundError: class org.apache.pinot.core.query.optimizer.filter.FlattenAndOrFilterOptimizer
[69] WARN TestMethodFilter - NoClassDefFoundError: class org.apache.pinot.core.query.optimizer.filter.MergeRangeFilterOptimizer
[70] WARN TestMethodFilter - NoClassDefFoundError: class org.apache.pinot.core.query.optimizer.filter.MergeEqInFilterOptimizer
[70] WARN TestMethodFilter - NoClassDefFoundError: class org.apache.pinot.core.query.optimizer.filter.NumericalFilterOptimizer
[70] WARN TestMethodFilter - NoClassDefFoundError: class org.apache.pinot.core.query.optimizer.filter.Range
[72] WARN TestMethodFilter - NoClassDefFoundError: class org.apache.pinot.core.query.utils.idset.IdSets
[72] WARN TestMethodFilter - NoClassDefFoundError: class org.apache.pinot.core.query.utils.TrieNode
[73] WARN TestMethodFilter - NoClassDefFoundError: class org.apache.pinot.core.query.executor.ServerQueryExecutorV1Impl
[74] WARN TestMethodFilter - NoClassDefFoundError: class org.apache.pinot.core.query.request.context.utils.BrokerRequestToQueryContextConverter
[74] WARN TestMethodFilter - NoClassDefFoundError: class org.apache.pinot.core.query.request.context.utils.QueryContextUtils
[74] WARN TestMethodFilter - NoClassDefFoundError: class org.apache.pinot.core.query.request.context.TimerContext
[75] WARN TestMethodFilter - NoClassDefFoundError: class org.apache.pinot.core.query.request.context.QueryContext
[75] WARN TestMethodFilter - NoClassDefFoundError: class org.apache.pinot.core.query.request.ServerQueryRequest
[75] WARN TestMethodFilter - NoClassDefFoundError: class org.apache.pinot.core.query.pruner.DataSchemaSegmentPruner
[75] WARN TestMethodFilter - NoClassDefFoundError: class org.apache.pinot.core.query.pruner.SegmentPrunerProvider
[76] WARN TestMethodFilter - NoClassDefFoundError: class org.apache.pinot.core.query.pruner.SelectionQuerySegmentPruner
[76] WARN TestMethodFilter - NoClassDefFoundError: class org.apache.pinot.core.query.pruner.ValidSegmentPruner
[76] WARN TestMethodFilter - NoClassDefFoundError: class org.apache.pinot.core.query.pruner.ColumnValueSegmentPruner
[77] WARN TestMethodFilter - NoClassDefFoundError: class org.apache.pinot.core.query.reduce.PostAggregationHandler
[77] WARN TestMethodFilter - NoClassDefFoundError: class org.apache.pinot.core.query.reduce.AggregationDataTableReducer
[78] WARN TestMethodFilter - NoClassDefFoundError: class org.apache.pinot.core.query.reduce.GroupByDataTableReducer
[78] WARN TestMethodFilter - NoClassDefFoundError: class org.apache.pinot.core.query.reduce.ExplainPlanDataTableReducer
[79] WARN TestMethodFilter - NoClassDefFoundError: class org.apache.pinot.core.query.reduce.SelectionDataTableReducer
[79] WARN TestMethodFilter - NoClassDefFoundError: class org.apache.pinot.core.query.reduce.GapfillProcessor
[80] WARN TestMethodFilter - NoClassDefFoundError: class org.apache.pinot.core.query.reduce.DistinctDataTableReducer
[80] WARN TestMethodFilter - NoClassDefFoundError: class org.apache.pinot.core.query.reduce.BrokerReduceService
[81] WARN TestMethodFilter - NoClassDefFoundError: class org.apache.pinot.core.query.reduce.SelectionOnlyStreamingReducer
[81] WARN TestMethodFilter - NoClassDefFoundError: class org.apache.pinot.core.query.reduce.StreamingReduceService
[81] WARN TestMethodFilter - NoClassDefFoundError: class org.apache.pinot.core.query.reduce.RowBasedBlockValSet
[82] WARN TestMethodFilter - NoClassDefFoundError: class org.apache.pinot.core.query.reduce.filter.ColumnValueExtractor
[82] WARN TestMethodFilter - NoClassDefFoundError: class org.apache.pinot.core.query.reduce.filter.RowMatcherFactory
[83] WARN TestMethodFilter - NoClassDefFoundError: class org.apache.pinot.core.query.reduce.filter.LiteralValueExtractor
[83] WARN TestMethodFilter - NoClassDefFoundError: class org.apache.pinot.core.query.reduce.GapfillFilterHandler
[84] WARN TestMethodFilter - NoClassDefFoundError: class org.apache.pinot.core.query.aggregation.function.LastLongValueWithTimeAggregationFunction
[84] WARN TestMethodFilter - NoClassDefFoundError: class org.apache.pinot.core.query.aggregation.function.PercentileRawTDigestMVAggregationFunction
[85] WARN TestMethodFilter - NoClassDefFoundError: class org.apache.pinot.core.query.aggregation.function.DistinctCountAggregationFunction
[86] WARN TestMethodFilter - NoClassDefFoundError: class org.apache.pinot.core.query.aggregation.function.DistinctCountThetaSketchAggregationFunction
[86] WARN TestMethodFilter - NoClassDefFoundError: class org.apache.pinot.core.query.aggregation.function.AggregationFunctionFactory
[87] WARN TestMethodFilter - NoClassDefFoundError: class org.apache.pinot.core.query.aggregation.function.PercentileEstMVAggregationFunction
[87] WARN TestMethodFilter - NoClassDefFoundError: class org.apache.pinot.core.query.aggregation.function.PercentileMVAggregationFunction
[87] WARN TestMethodFilter - NoClassDefFoundError: class org.apache.pinot.core.query.aggregation.function.LastDoubleValueWithTimeAggregationFunction
[88] WARN TestMethodFilter - NoClassDefFoundError: class org.apache.pinot.core.query.aggregation.function.SegmentPartitionedDistinctCountAggregationFunction
[88] WARN TestMethodFilter - NoClassDefFoundError: class org.apache.pinot.core.query.aggregation.function.LastIntValueWithTimeAggregationFunction
[88] WARN TestMethodFilter - NoClassDefFoundError: class org.apache.pinot.core.query.aggregation.function.SumAggregationFunction
[89] WARN TestMethodFilter - NoClassDefFoundError: class org.apache.pinot.core.query.aggregation.function.AvgMVAggregationFunction
[89] WARN TestMethodFilter - NoClassDefFoundError: class org.apache.pinot.core.query.aggregation.function.IdSetAggregationFunction
[90] WARN TestMethodFilter - NoClassDefFoundError: class org.apache.pinot.core.query.aggregation.function.DistinctCountMVAggregationFunction
[90] WARN TestMethodFilter - NoClassDefFoundError: class org.apache.pinot.core.query.aggregation.function.DistinctCountRawHLLMVAggregationFunction
[91] WARN TestMethodFilter - NoClassDefFoundError: class org.apache.pinot.core.query.aggregation.function.MaxAggregationFunction
[91] WARN TestMethodFilter - NoClassDefFoundError: class org.apache.pinot.core.query.aggregation.function.MinMVAggregationFunction
[91] WARN TestMethodFilter - NoClassDefFoundError: class org.apache.pinot.core.query.aggregation.function.AvgAggregationFunction
[91] WARN TestMethodFilter - NoClassDefFoundError: class org.apache.pinot.core.query.aggregation.function.StUnionAggregationFunction
[92] WARN TestMethodFilter - NoClassDefFoundError: class org.apache.pinot.core.query.aggregation.function.SumMVAggregationFunction
[92] WARN TestMethodFilter - NoClassDefFoundError: class org.apache.pinot.core.query.aggregation.function.DistinctCountRawHLLAggregationFunction
[92] WARN TestMethodFilter - NoClassDefFoundError: class org.apache.pinot.core.query.aggregation.function.PercentileRawEstMVAggregationFunction
[92] WARN TestMethodFilter - NoClassDefFoundError: class org.apache.pinot.core.query.aggregation.function.MaxMVAggregationFunction
[93] WARN TestMethodFilter - NoClassDefFoundError: class org.apache.pinot.core.query.aggregation.function.DistinctCountBitmapAggregationFunction
[93] WARN TestMethodFilter - NoClassDefFoundError: class org.apache.pinot.core.query.aggregation.function.AggregationFunctionUtils
[93] WARN TestMethodFilter - NoClassDefFoundError: class org.apache.pinot.core.query.aggregation.function.PercentileEstAggregationFunction
[94] WARN TestMethodFilter - NoClassDefFoundError: class org.apache.pinot.core.query.aggregation.function.DistinctCountHLLMVAggregationFunction
[94] WARN TestMethodFilter - NoClassDefFoundError: class org.apache.pinot.core.query.aggregation.function.SumPrecisionAggregationFunction
[94] WARN TestMethodFilter - NoClassDefFoundError: class org.apache.pinot.core.query.aggregation.function.LastFloatValueWithTimeAggregationFunction
[94] WARN TestMethodFilter - NoClassDefFoundError: class org.apache.pinot.core.query.aggregation.function.PercentileTDigestAggregationFunction
[94] WARN TestMethodFilter - NoClassDefFoundError: class org.apache.pinot.core.query.aggregation.function.DistinctCountHLLAggregationFunction
[95] WARN TestMethodFilter - NoClassDefFoundError: class org.apache.pinot.core.query.aggregation.function.PercentileAggregationFunction
[95] WARN TestMethodFilter - NoClassDefFoundError: class org.apache.pinot.core.query.aggregation.function.DistinctCountRawThetaSketchAggregationFunction
[95] WARN TestMethodFilter - NoClassDefFoundError: class org.apache.pinot.core.query.aggregation.function.PercentileRawEstAggregationFunction
[96] WARN TestMethodFilter - NoClassDefFoundError: class org.apache.pinot.core.query.aggregation.function.FastHLLAggregationFunction
[96] WARN TestMethodFilter - NoClassDefFoundError: class org.apache.pinot.core.query.aggregation.function.MinAggregationFunction
[96] WARN TestMethodFilter - NoClassDefFoundError: class org.apache.pinot.core.query.aggregation.function.DistinctAggregationFunction
[96] WARN TestMethodFilter - NoClassDefFoundError: class org.apache.pinot.core.query.aggregation.function.MinMaxRangeMVAggregationFunction
[96] WARN TestMethodFilter - NoClassDefFoundError: class org.apache.pinot.core.query.aggregation.function.PercentileRawTDigestAggregationFunction
[97] WARN TestMethodFilter - NoClassDefFoundError: class org.apache.pinot.core.query.aggregation.function.LastStringValueWithTimeAggregationFunction
[97] WARN TestMethodFilter - NoClassDefFoundError: class org.apache.pinot.core.query.aggregation.function.DistinctCountSmartHLLAggregationFunction
[97] WARN TestMethodFilter - NoClassDefFoundError: class org.apache.pinot.core.query.aggregation.function.PercentileTDigestMVAggregationFunction
[98] WARN TestMethodFilter - NoClassDefFoundError: class org.apache.pinot.core.query.aggregation.function.CountMVAggregationFunction
[98] WARN TestMethodFilter - NoClassDefFoundError: class org.apache.pinot.core.query.aggregation.function.CountAggregationFunction
[98] WARN TestMethodFilter - NoClassDefFoundError: class org.apache.pinot.core.query.aggregation.function.MinMaxRangeAggregationFunction
[98] WARN TestMethodFilter - NoClassDefFoundError: class org.apache.pinot.core.query.aggregation.function.DistinctCountBitmapMVAggregationFunction
[99] WARN TestMethodFilter - NoClassDefFoundError: class org.apache.pinot.core.query.aggregation.function.ModeAggregationFunction
[100] WARN TestMethodFilter - NoClassDefFoundError: class org.apache.pinot.core.query.aggregation.groupby.utils.DoubleToIdMap
[100] WARN TestMethodFilter - NoClassDefFoundError: class org.apache.pinot.core.query.aggregation.groupby.utils.StringToIdMap
[100] WARN TestMethodFilter - NoClassDefFoundError: class org.apache.pinot.core.query.aggregation.groupby.utils.FloatToIdMap
[101] WARN TestMethodFilter - NoClassDefFoundError: class org.apache.pinot.core.query.aggregation.groupby.utils.IntToIdMap
[101] WARN TestMethodFilter - NoClassDefFoundError: class org.apache.pinot.core.query.aggregation.groupby.utils.LongToIdMap
[101] WARN TestMethodFilter - NoClassDefFoundError: class org.apache.pinot.core.query.aggregation.groupby.utils.BytesToIdMap
[101] WARN TestMethodFilter - NoClassDefFoundError: class org.apache.pinot.core.query.aggregation.groupby.utils.ValueToIdMapFactory
[102] WARN TestMethodFilter - NoClassDefFoundError: class org.apache.pinot.core.query.aggregation.groupby.NoDictionarySingleColumnGroupKeyGenerator
[104] WARN TestMethodFilter - NoClassDefFoundError: class org.apache.pinot.core.query.selection.SelectionOperatorService
[104] WARN TestMethodFilter - NoClassDefFoundError: class org.apache.pinot.core.query.selection.SelectionOperatorUtils
[105] WARN TestMethodFilter - NoClassDefFoundError: class org.apache.pinot.core.query.postaggregation.PostAggregationFunction
[105] WARN TestMethodFilter - NoClassDefFoundError: class org.apache.pinot.core.query.distinct.DistinctTable
[106] WARN TestMethodFilter - NoClassDefFoundError: class org.apache.pinot.core.query.distinct.dictionary.DictionaryBasedMultiColumnDistinctOrderByExecutor
[106] WARN TestMethodFilter - NoClassDefFoundError: class org.apache.pinot.core.query.distinct.dictionary.DictionaryBasedSingleColumnDistinctOrderByExecutor
[107] WARN TestMethodFilter - NoClassDefFoundError: class org.apache.pinot.core.query.distinct.dictionary.DictionaryBasedSingleColumnDistinctOnlyExecutor
[107] WARN TestMethodFilter - NoClassDefFoundError: class org.apache.pinot.core.query.distinct.dictionary.DictionaryBasedMultiColumnDistinctOnlyExecutor
[107] WARN TestMethodFilter - NoClassDefFoundError: class org.apache.pinot.core.query.distinct.raw.RawLongSingleColumnDistinctOnlyExecutor
[108] WARN TestMethodFilter - NoClassDefFoundError: class org.apache.pinot.core.query.distinct.raw.RawDoubleSingleColumnDistinctOrderByExecutor
[108] WARN TestMethodFilter - NoClassDefFoundError: class org.apache.pinot.core.query.distinct.raw.RawDoubleSingleColumnDistinctOnlyExecutor
[108] WARN TestMethodFilter - NoClassDefFoundError: class org.apache.pinot.core.query.distinct.raw.RawStringSingleColumnDistinctOrderByExecutor
[108] WARN TestMethodFilter - NoClassDefFoundError: class org.apache.pinot.core.query.distinct.raw.RawFloatSingleColumnDistinctOrderByExecutor
[109] WARN TestMethodFilter - NoClassDefFoundError: class org.apache.pinot.core.query.distinct.raw.RawFloatSingleColumnDistinctOnlyExecutor
[109] WARN TestMethodFilter - NoClassDefFoundError: class org.apache.pinot.core.query.distinct.raw.RawLongSingleColumnDistinctOrderByExecutor
[109] WARN TestMethodFilter - NoClassDefFoundError: class org.apache.pinot.core.query.distinct.raw.RawIntSingleColumnDistinctOrderByExecutor
[110] WARN TestMethodFilter - NoClassDefFoundError: class org.apache.pinot.core.query.distinct.raw.RawBytesSingleColumnDistinctOnlyExecutor
[110] WARN TestMethodFilter - NoClassDefFoundError: class org.apache.pinot.core.query.distinct.raw.RawBytesSingleColumnDistinctOrderByExecutor
[111] WARN TestMethodFilter - NoClassDefFoundError: class org.apache.pinot.core.query.distinct.raw.RawIntSingleColumnDistinctOnlyExecutor
[111] WARN TestMethodFilter - NoClassDefFoundError: class org.apache.pinot.core.query.distinct.raw.RawStringSingleColumnDistinctOnlyExecutor
[112] WARN TestMethodFilter - NoClassDefFoundError: class org.apache.pinot.core.transport.ServerInstance
[112] WARN TestMethodFilter - NoClassDefFoundError: class org.apache.pinot.core.transport.ServerChannels
[112] WARN TestMethodFilter - NoClassDefFoundError: class org.apache.pinot.core.transport.QueryRouter
[113] WARN TestMethodFilter - NoClassDefFoundError: class org.apache.pinot.core.transport.QueryServer
[113] WARN TestMethodFilter - NoClassDefFoundError: class org.apache.pinot.core.transport.ServerResponse
[114] WARN TestMethodFilter - NoClassDefFoundError: class org.apache.pinot.core.transport.ServerRoutingInstance
[115] WARN TestMethodFilter - NoClassDefFoundError: class org.apache.pinot.core.transport.ListenerConfig
[115] WARN TestMethodFilter - NoClassDefFoundError: class org.apache.pinot.core.segment.processing.transformer.NoOpRecordTransformer
[117] WARN TestMethodFilter - NoClassDefFoundError: class org.apache.pinot.core.segment.processing.transformer.TransformFunctionRecordTransformer
[117] WARN TestMethodFilter - NoClassDefFoundError: class org.apache.pinot.core.segment.processing.partitioner.NoOpPartitioner
[118] WARN TestMethodFilter - NoClassDefFoundError: class org.apache.pinot.core.segment.processing.partitioner.TransformFunctionPartitioner
[118] WARN TestMethodFilter - NoClassDefFoundError: class org.apache.pinot.core.segment.processing.partitioner.TableConfigPartitioner
[118] WARN TestMethodFilter - NoClassDefFoundError: class org.apache.pinot.core.segment.processing.partitioner.ColumnValuePartitioner
[118] WARN TestMethodFilter - NoClassDefFoundError: class org.apache.pinot.core.segment.processing.partitioner.PartitionerConfig
[118] WARN TestMethodFilter - NoClassDefFoundError: class org.apache.pinot.core.segment.processing.partitioner.RoundRobinPartitioner
[119] WARN TestMethodFilter - NoClassDefFoundError: class org.apache.pinot.core.segment.processing.framework.SegmentProcessorConfig
[119] WARN TestMethodFilter - NoClassDefFoundError: class org.apache.pinot.core.segment.processing.framework.SegmentProcessorFramework
[120] WARN TestMethodFilter - NoClassDefFoundError: class org.apache.pinot.core.segment.processing.aggregator.ValueAggregatorFactory
[121] WARN TestMethodFilter - NoClassDefFoundError: class org.apache.pinot.core.segment.processing.utils.SegmentProcessorUtils
[122] WARN TestMethodFilter - NoClassDefFoundError: class org.apache.pinot.core.segment.processing.timehandler.EpochTimeHandler
[122] WARN TestMethodFilter - NoClassDefFoundError: class org.apache.pinot.core.segment.processing.timehandler.NoOpTimeHandler
[123] WARN TestMethodFilter - NoClassDefFoundError: class org.apache.pinot.core.segment.processing.filter.NoOpRecordFilter
[123] WARN TestMethodFilter - NoClassDefFoundError: class org.apache.pinot.core.segment.processing.filter.FunctionEvaluatorRecordFilter
[124] WARN TestMethodFilter - NoClassDefFoundError: class org.apache.pinot.core.segment.processing.genericrow.GenericRowFileReader
[124] WARN TestMethodFilter - NoClassDefFoundError: class org.apache.pinot.core.segment.processing.genericrow.GenericRowSerializer
[125] WARN TestMethodFilter - NoClassDefFoundError: class org.apache.pinot.core.segment.processing.genericrow.GenericRowDeserializer
[125] WARN TestMethodFilter - NoClassDefFoundError: class org.apache.pinot.core.segment.processing.genericrow.GenericRowFileWriter
[126] WARN TestMethodFilter - NoClassDefFoundError: class org.apache.pinot.core.geospatial.transform.function.StPointFunction
[126] WARN TestMethodFilter - NoClassDefFoundError: class org.apache.pinot.core.geospatial.transform.function.StEqualsFunction
[127] WARN TestMethodFilter - NoClassDefFoundError: class org.apache.pinot.core.geospatial.transform.function.StContainsFunction
[127] WARN TestMethodFilter - NoClassDefFoundError: class org.apache.pinot.core.geospatial.transform.function.StAsBinaryFunction
[127] WARN TestMethodFilter - NoClassDefFoundError: class org.apache.pinot.core.geospatial.transform.function.StGeometryTypeFunction
[127] WARN TestMethodFilter - NoClassDefFoundError: class org.apache.pinot.core.geospatial.transform.function.StGeogFromWKBFunction
[128] WARN TestMethodFilter - NoClassDefFoundError: class org.apache.pinot.core.geospatial.transform.function.StPolygonFunction
[128] WARN TestMethodFilter - NoClassDefFoundError: class org.apache.pinot.core.geospatial.transform.function.GeoToH3Function
[128] WARN TestMethodFilter - NoClassDefFoundError: class org.apache.pinot.core.geospatial.transform.function.StGeomFromWKBFunction
[128] WARN TestMethodFilter - NoClassDefFoundError: class org.apache.pinot.core.geospatial.transform.function.StGeomFromTextFunction
[128] WARN TestMethodFilter - NoClassDefFoundError: class org.apache.pinot.core.geospatial.transform.function.StDistanceFunction
[129] WARN TestMethodFilter - NoClassDefFoundError: class org.apache.pinot.core.geospatial.transform.function.ScalarFunctions
[129] WARN TestMethodFilter - NoClassDefFoundError: class org.apache.pinot.core.geospatial.transform.function.StAsTextFunction
[129] WARN TestMethodFilter - NoClassDefFoundError: class org.apache.pinot.core.geospatial.transform.function.StAreaFunction
[129] WARN TestMethodFilter - NoClassDefFoundError: class org.apache.pinot.core.geospatial.transform.function.StGeogFromTextFunction
[129] WARN TestMethodFilter - NoClassDefFoundError: class org.apache.pinot.core.geospatial.transform.function.StWithinFunction
[131] WARN TestMethodFilter - NoClassDefFoundError: class org.apache.pinot.core.util.SegmentCompletionProtocolUtils
[132] WARN TestMethodFilter - NoClassDefFoundError: class org.apache.pinot.core.util.IntObjectIndexedPriorityQueue
[132] WARN TestMethodFilter - NoClassDefFoundError: class org.apache.pinot.core.util.SegmentProcessorAvroUtils
[133] WARN TestMethodFilter - NoClassDefFoundError: class org.apache.pinot.core.util.ListenerConfigUtil
[134] WARN TestMethodFilter - NoClassDefFoundError: class org.apache.pinot.core.util.IntDoubleIndexedPriorityQueue
[134] WARN TestMethodFilter - NoClassDefFoundError: class org.apache.pinot.core.util.PeerServerSegmentFinder
[134] WARN TestMethodFilter - NoClassDefFoundError: class org.apache.pinot.core.util.GapfillUtils
[135] WARN TestMethodFilter - NoClassDefFoundError: class org.apache.pinot.core.requesthandler.PinotQueryParserFactory
[136] WARN TestMethodFilter - NoClassDefFoundError: class org.apache.pinot.core.operator.dociditerators.MVScanDocIdIterator
[136] WARN TestMethodFilter - NoClassDefFoundError: class org.apache.pinot.core.operator.dociditerators.RangelessBitmapDocIdIterator
[136] WARN TestMethodFilter - NoClassDefFoundError: class org.apache.pinot.core.operator.dociditerators.SVScanDocIdIterator
[137] WARN TestMethodFilter - NoClassDefFoundError: class org.apache.pinot.core.operator.dociditerators.BitmapDocIdIterator
[137] WARN TestMethodFilter - NoClassDefFoundError: class org.apache.pinot.core.operator.dociditerators.ExpressionScanDocIdIterator
[137] WARN TestMethodFilter - NoClassDefFoundError: class org.apache.pinot.core.operator.AcquireReleaseColumnsSegmentOperator
[138] WARN TestMethodFilter - NoClassDefFoundError: class org.apache.pinot.core.operator.StreamingInstanceResponseOperator
[139] WARN TestMethodFilter - NoClassDefFoundError: class org.apache.pinot.core.operator.transform.TransformResultMetadata
[139] WARN TestMethodFilter - NoClassDefFoundError: class org.apache.pinot.core.operator.transform.TransformOperator
[140] WARN TestMethodFilter - NoClassDefFoundError: class org.apache.pinot.core.operator.transform.function.ArrayMinTransformFunction
[140] WARN TestMethodFilter - NoClassDefFoundError: class org.apache.pinot.core.operator.transform.function.JsonExtractKeyTransformFunction
[140] WARN TestMethodFilter - NoClassDefFoundError: class org.apache.pinot.core.operator.transform.function.PowerTransformFunction
[140] WARN TestMethodFilter - NoClassDefFoundError: class org.apache.pinot.core.operator.transform.function.JsonExtractScalarTransformFunction
[141] WARN TestMethodFilter - NoClassDefFoundError: class org.apache.pinot.core.operator.transform.function.DivisionTransformFunction
[141] WARN TestMethodFilter - NoClassDefFoundError: class org.apache.pinot.core.operator.transform.function.IsNotNullTransformFunction
[141] WARN TestMethodFilter - NoClassDefFoundError: class org.apache.pinot.core.operator.transform.function.AdditionTransformFunction
[142] WARN TestMethodFilter - NoClassDefFoundError: class org.apache.pinot.core.operator.transform.function.CaseTransformFunction
[142] WARN TestMethodFilter - NoClassDefFoundError: class org.apache.pinot.core.operator.transform.function.InTransformFunction
[143] WARN TestMethodFilter - NoClassDefFoundError: class org.apache.pinot.core.operator.transform.function.NotEqualsTransformFunction
[143] WARN TestMethodFilter - NoClassDefFoundError: class org.apache.pinot.core.operator.transform.function.MultiplicationTransformFunction
[144] WARN TestMethodFilter - NoClassDefFoundError: class org.apache.pinot.core.operator.transform.function.GroovyTransformFunction
[144] WARN TestMethodFilter - NoClassDefFoundError: class org.apache.pinot.core.operator.transform.function.RegexpExtractTransformFunction
[144] WARN TestMethodFilter - NoClassDefFoundError: class org.apache.pinot.core.operator.transform.function.ModuloTransformFunction
[145] WARN TestMethodFilter - NoClassDefFoundError: class org.apache.pinot.core.operator.transform.function.AndOperatorTransformFunction
[145] WARN TestMethodFilter - NoClassDefFoundError: class org.apache.pinot.core.operator.transform.function.TransformFunctionFactory
[145] WARN TestMethodFilter - NoClassDefFoundError: class org.apache.pinot.core.operator.transform.function.GreaterThanOrEqualTransformFunction
[145] WARN TestMethodFilter - NoClassDefFoundError: class org.apache.pinot.core.operator.transform.function.LessThanTransformFunction
[146] WARN TestMethodFilter - NoClassDefFoundError: class org.apache.pinot.core.operator.transform.function.ArrayMaxTransformFunction
[146] WARN TestMethodFilter - NoClassDefFoundError: class org.apache.pinot.core.operator.transform.function.LeastTransformFunction
[146] WARN TestMethodFilter - NoClassDefFoundError: class org.apache.pinot.core.operator.transform.function.InIdSetTransformFunction
[147] WARN TestMethodFilter - NoClassDefFoundError: class org.apache.pinot.core.operator.transform.function.DateTimeConversionTransformFunction
[147] WARN TestMethodFilter - NoClassDefFoundError: class org.apache.pinot.core.operator.transform.function.OrOperatorTransformFunction
[147] WARN TestMethodFilter - NoClassDefFoundError: class org.apache.pinot.core.operator.transform.function.RoundDecimalTransformFunction
[147] WARN TestMethodFilter - NoClassDefFoundError: class org.apache.pinot.core.operator.transform.function.LessThanOrEqualTransformFunction
[147] WARN TestMethodFilter - NoClassDefFoundError: class org.apache.pinot.core.operator.transform.function.DateTruncTransformFunction
[148] WARN TestMethodFilter - NoClassDefFoundError: class org.apache.pinot.core.operator.transform.function.TruncateDecimalTransformFunction
[148] WARN TestMethodFilter - NoClassDefFoundError: class org.apache.pinot.core.operator.transform.function.LiteralTransformFunction
[148] WARN TestMethodFilter - NoClassDefFoundError: class org.apache.pinot.core.operator.transform.function.ArrayLengthTransformFunction
[149] WARN TestMethodFilter - NoClassDefFoundError: class org.apache.pinot.core.operator.transform.function.CastTransformFunction
[149] WARN TestMethodFilter - NoClassDefFoundError: class org.apache.pinot.core.operator.transform.function.IdentifierTransformFunction
[149] WARN TestMethodFilter - NoClassDefFoundError: class org.apache.pinot.core.operator.transform.function.MapValueTransformFunction
[150] WARN TestMethodFilter - NoClassDefFoundError: class org.apache.pinot.core.operator.transform.function.ValueInTransformFunction
[150] WARN TestMethodFilter - NoClassDefFoundError: class org.apache.pinot.core.operator.transform.function.SubtractionTransformFunction
[150] WARN TestMethodFilter - NoClassDefFoundError: class org.apache.pinot.core.operator.transform.function.IsNullTransformFunction
[150] WARN TestMethodFilter - NoClassDefFoundError: class org.apache.pinot.core.operator.transform.function.TimeConversionTransformFunction
[150] WARN TestMethodFilter - NoClassDefFoundError: class org.apache.pinot.core.operator.transform.function.GreatestTransformFunction
[151] WARN TestMethodFilter - NoClassDefFoundError: class org.apache.pinot.core.operator.transform.function.LookupTransformFunction
[151] WARN TestMethodFilter - NoClassDefFoundError: class org.apache.pinot.core.operator.transform.function.GreaterThanTransformFunction
[151] WARN TestMethodFilter - NoClassDefFoundError: class org.apache.pinot.core.operator.transform.function.ArrayAverageTransformFunction
[152] WARN TestMethodFilter - NoClassDefFoundError: class org.apache.pinot.core.operator.transform.function.EqualsTransformFunction
[152] WARN TestMethodFilter - NoClassDefFoundError: class org.apache.pinot.core.operator.transform.function.ScalarTransformFunctionWrapper
[152] WARN TestMethodFilter - NoClassDefFoundError: class org.apache.pinot.core.operator.transform.function.ArraySumTransformFunction
[152] WARN TestMethodFilter - NoClassDefFoundError: class org.apache.pinot.core.operator.transform.PassThroughTransformOperator
[153] WARN TestMethodFilter - NoClassDefFoundError: class org.apache.pinot.core.operator.streaming.StreamingSelectionOnlyCombineOperator
[153] WARN TestMethodFilter - NoClassDefFoundError: class org.apache.pinot.core.operator.streaming.StreamingSelectionOnlyOperator
[153] WARN TestMethodFilter - NoClassDefFoundError: class org.apache.pinot.core.operator.streaming.StreamingResponseUtils
[153] WARN TestMethodFilter - NoClassDefFoundError: class org.apache.pinot.core.operator.query.SelectionOnlyOperator
[154] WARN TestMethodFilter - NoClassDefFoundError: class org.apache.pinot.core.operator.query.AggregationGroupByOrderByOperator
[154] WARN TestMethodFilter - NoClassDefFoundError: class org.apache.pinot.core.operator.query.AggregationGroupByOperator
[154] WARN TestMethodFilter - NoClassDefFoundError: class org.apache.pinot.core.operator.query.DistinctOperator
[154] WARN TestMethodFilter - NoClassDefFoundError: class org.apache.pinot.core.operator.query.SelectionOrderByOperator
[154] WARN TestMethodFilter - NoClassDefFoundError: class org.apache.pinot.core.operator.query.FilteredAggregationOperator
[154] WARN TestMethodFilter - NoClassDefFoundError: class org.apache.pinot.core.operator.query.EmptySelectionOperator
[155] WARN TestMethodFilter - NoClassDefFoundError: class org.apache.pinot.core.operator.query.NonScanBasedAggregationOperator
[155] WARN TestMethodFilter - NoClassDefFoundError: class org.apache.pinot.core.operator.query.DictionaryBasedDistinctOperator
[155] WARN TestMethodFilter - NoClassDefFoundError: class org.apache.pinot.core.operator.query.AggregationOperator
[155] WARN TestMethodFilter - NoClassDefFoundError: class org.apache.pinot.core.operator.query.FastFilteredCountOperator
[155] WARN TestMethodFilter - NoClassDefFoundError: class org.apache.pinot.core.operator.DocIdSetOperator
[155] WARN TestMethodFilter - NoClassDefFoundError: class org.apache.pinot.core.operator.blocks.InstanceResponseBlock
[155] WARN TestMethodFilter - NoClassDefFoundError: class org.apache.pinot.core.operator.blocks.PassThroughTransformBlock
[156] WARN TestMethodFilter - NoClassDefFoundError: class org.apache.pinot.core.operator.blocks.IntermediateResultsBlock
[156] WARN TestMethodFilter - NoClassDefFoundError: class org.apache.pinot.core.operator.blocks.ProjectionBlock
[157] WARN TestMethodFilter - NoClassDefFoundError: class org.apache.pinot.core.operator.blocks.TransformBlock
[157] WARN TestMethodFilter - NoClassDefFoundError: class org.apache.pinot.core.operator.InstanceResponseOperator
[157] WARN TestMethodFilter - NoClassDefFoundError: class org.apache.pinot.core.operator.BitmapDocIdSetOperator
[157] WARN TestMethodFilter - NoClassDefFoundError: class org.apache.pinot.core.operator.combine.AggregationOnlyCombineOperator
[157] WARN TestMethodFilter - NoClassDefFoundError: class org.apache.pinot.core.operator.combine.SelectionOnlyCombineOperator
[157] WARN TestMethodFilter - NoClassDefFoundError: class org.apache.pinot.core.operator.combine.MinMaxValueBasedSelectionOrderByCombineOperator
[158] WARN TestMethodFilter - NoClassDefFoundError: class org.apache.pinot.core.operator.combine.SelectionOrderByCombineOperator
[158] WARN TestMethodFilter - NoClassDefFoundError: class org.apache.pinot.core.operator.combine.GroupByCombineOperator
[158] WARN TestMethodFilter - NoClassDefFoundError: class org.apache.pinot.core.operator.combine.GroupByOrderByCombineOperator
[158] WARN TestMethodFilter - NoClassDefFoundError: class org.apache.pinot.core.operator.combine.DistinctCombineOperator
[158] WARN TestMethodFilter - NoClassDefFoundError: class org.apache.pinot.core.operator.ProjectionOperator
[159] WARN TestMethodFilter - NoClassDefFoundError: class org.apache.pinot.core.operator.filter.H3IndexFilterOperator
[159] WARN TestMethodFilter - NoClassDefFoundError: class org.apache.pinot.core.operator.filter.ExpressionFilterOperator
[159] WARN TestMethodFilter - NoClassDefFoundError: class org.apache.pinot.core.operator.filter.predicate.InPredicateEvaluatorFactory
[159] WARN TestMethodFilter - NoClassDefFoundError: class org.apache.pinot.core.operator.filter.predicate.PredicateUtils
[160] WARN TestMethodFilter - NoClassDefFoundError: class org.apache.pinot.core.operator.filter.predicate.NotEqualsPredicateEvaluatorFactory
[160] WARN TestMethodFilter - NoClassDefFoundError: class org.apache.pinot.core.operator.filter.predicate.RegexpLikePredicateEvaluatorFactory
[161] WARN TestMethodFilter - NoClassDefFoundError: class org.apache.pinot.core.operator.filter.predicate.RangePredicateEvaluatorFactory
[161] WARN TestMethodFilter - NoClassDefFoundError: class org.apache.pinot.core.operator.filter.predicate.FSTBasedRegexpPredicateEvaluatorFactory
[162] WARN TestMethodFilter - NoClassDefFoundError: class org.apache.pinot.core.operator.filter.predicate.EqualsPredicateEvaluatorFactory
[162] WARN TestMethodFilter - NoClassDefFoundError: class org.apache.pinot.core.operator.filter.predicate.NotInPredicateEvaluatorFactory
[163] WARN TestMethodFilter - NoClassDefFoundError: class org.apache.pinot.core.operator.filter.predicate.PredicateEvaluatorProvider
[163] WARN TestMethodFilter - NoClassDefFoundError: class org.apache.pinot.core.operator.filter.BitmapCollection
[163] WARN TestMethodFilter - NoClassDefFoundError: class org.apache.pinot.core.operator.filter.TextMatchFilterOperator
[163] WARN TestMethodFilter - NoClassDefFoundError: class org.apache.pinot.core.operator.filter.OrFilterOperator
[163] WARN TestMethodFilter - NoClassDefFoundError: class org.apache.pinot.core.operator.filter.MatchAllFilterOperator
[163] WARN TestMethodFilter - NoClassDefFoundError: class org.apache.pinot.core.operator.filter.CombinedFilterOperator
[164] WARN TestMethodFilter - NoClassDefFoundError: class org.apache.pinot.core.operator.filter.FilterOperatorUtils
[164] WARN TestMethodFilter - NoClassDefFoundError: class org.apache.pinot.core.operator.filter.AndFilterOperator
[164] WARN TestMethodFilter - NoClassDefFoundError: class org.apache.pinot.core.operator.filter.EmptyFilterOperator
[164] WARN TestMethodFilter - NoClassDefFoundError: class org.apache.pinot.core.operator.filter.ScanBasedFilterOperator
[164] WARN TestMethodFilter - NoClassDefFoundError: class org.apache.pinot.core.operator.filter.JsonMatchFilterOperator
[164] WARN TestMethodFilter - NoClassDefFoundError: class org.apache.pinot.core.operator.filter.BitmapBasedFilterOperator
[164] WARN TestMethodFilter - NoClassDefFoundError: class org.apache.pinot.core.operator.filter.NotFilterOperator
[164] WARN TestMethodFilter - NoClassDefFoundError: class org.apache.pinot.core.operator.filter.SortedIndexBasedFilterOperator
[165] WARN TestMethodFilter - NoClassDefFoundError: class org.apache.pinot.core.operator.filter.RangeIndexBasedFilterOperator
[165] WARN TestMethodFilter - NoClassDefFoundError: class org.apache.pinot.core.operator.docvalsets.TransformBlockValSet
[165] WARN TestMethodFilter - NoClassDefFoundError: class org.apache.pinot.core.operator.docvalsets.ProjectionBlockValSet
[165] WARN TestMethodFilter - NoClassDefFoundError: class org.apache.pinot.core.operator.docidsets.OrDocIdSet
[166] WARN TestMethodFilter - NoClassDefFoundError: class org.apache.pinot.core.operator.docidsets.AndDocIdSet
[167] WARN TestMethodFilter - NoClassDefFoundError: class org.apache.pinot.core.metadata.DefaultMetadataExtractor
[168] WARN TestMethodFilter - NoClassDefFoundError: class org.apache.pinot.queries.JsonMatchQueriesTest
[168] WARN TestMethodFilter - NoClassDefFoundError: class org.apache.pinot.queries.InterSegmentAggregationMultiValueQueriesTest
[169] WARN TestMethodFilter - NoClassDefFoundError: class org.apache.pinot.queries.NoDictionaryCompressionQueriesTest
[169] WARN TestMethodFilter - NoClassDefFoundError: class org.apache.pinot.queries.SegmentWithNullValueVectorTest
[169] WARN TestMethodFilter - NoClassDefFoundError: class org.apache.pinot.queries.InterSegmentAggregationSingleValueQueriesTest
[171] WARN TestMethodFilter - NoClassDefFoundError: class org.apache.pinot.queries.GapfillQueriesTest
[171] WARN TestMethodFilter - NoClassDefFoundError: class org.apache.pinot.queries.QueriesTestUtils
[172] WARN TestMethodFilter - NoClassDefFoundError: class org.apache.pinot.queries.DistinctCountBitmapQueriesTest
[172] WARN TestMethodFilter - NoClassDefFoundError: class org.apache.pinot.queries.IdSetQueriesTest
[172] WARN TestMethodFilter - NoClassDefFoundError: class org.apache.pinot.queries.InnerSegmentSelectionSingleValueQueriesTest
[173] WARN TestMethodFilter - NoClassDefFoundError: class org.apache.pinot.queries.SumPrecisionQueriesTest
[173] WARN TestMethodFilter - NoClassDefFoundError: class org.apache.pinot.queries.NotOperatorQueriesTest
[174] WARN TestMethodFilter - NoClassDefFoundError: class org.apache.pinot.queries.InterSegmentResultTableSingleValueQueriesTest
[174] WARN TestMethodFilter - NoClassDefFoundError: class org.apache.pinot.queries.PercentileTDigestMVQueriesTest
[174] WARN TestMethodFilter - NoClassDefFoundError: class org.apache.pinot.queries.JsonDataTypeQueriesTest
[175] WARN TestMethodFilter - NoClassDefFoundError: class org.apache.pinot.queries.InterSegmentResultTableMultiValueQueriesTest
[175] WARN TestMethodFilter - NoClassDefFoundError: class org.apache.pinot.queries.TimestampQueriesTest
[175] WARN TestMethodFilter - NoClassDefFoundError: class org.apache.pinot.queries.H3IndexQueriesTest
[175] WARN TestMethodFilter - NoClassDefFoundError: class org.apache.pinot.queries.InnerSegmentSelectionMultiValueQueriesTest
[176] WARN TestMethodFilter - NoClassDefFoundError: class org.apache.pinot.queries.UrlFunctionGroupByTest
[176] WARN TestMethodFilter - NoClassDefFoundError: class org.apache.pinot.queries.InnerSegmentAggregationMultiValueQueriesTest
[177] WARN TestMethodFilter - NoClassDefFoundError: class org.apache.pinot.queries.LastWithTimeQueriesTest
[177] WARN TestMethodFilter - NoClassDefFoundError: class org.apache.pinot.queries.FastHllQueriesTest
[177] WARN TestMethodFilter - NoClassDefFoundError: class org.apache.pinot.queries.JsonExtractScalarTest
[178] WARN TestMethodFilter - NoClassDefFoundError: class org.apache.pinot.queries.ModeQueriesTest
[178] WARN TestMethodFilter - NoClassDefFoundError: class org.apache.pinot.queries.InnerSegmentAggregationSingleValueQueriesTest
[179] WARN TestMethodFilter - NoClassDefFoundError: class org.apache.pinot.queries.BigDecimalQueriesTest
[179] WARN TestMethodFilter - NoClassDefFoundError: class org.apache.pinot.queries.TextSearchQueriesTest
[180] WARN TestMethodFilter - NoClassDefFoundError: class org.apache.pinot.queries.TransformQueriesTest
[180] WARN TestMethodFilter - NoClassDefFoundError: class org.apache.pinot.queries.PercentileTDigestQueriesTest
[180] WARN TestMethodFilter - NoClassDefFoundError: class org.apache.pinot.queries.JsonIngestionFromAvroQueriesTest
[180] WARN TestMethodFilter - NoClassDefFoundError: class org.apache.pinot.queries.RangePredicateWithSortedInvertedIndexTest
[181] WARN TestMethodFilter - NoClassDefFoundError: class org.apache.pinot.queries.DistinctCountQueriesTest
[181] WARN TestMethodFilter - NoClassDefFoundError: class org.apache.pinot.queries.DistinctCountThetaSketchQueriesTest
[182] WARN TestMethodFilter - NoClassDefFoundError: class org.apache.pinot.queries.SerializedBytesQueriesTest
[182] WARN TestMethodFilter - NoClassDefFoundError: class org.apache.pinot.queries.FilteredAggregationsTest
[182] WARN TestMethodFilter - NoClassDefFoundError: class org.apache.pinot.queries.InterSegmentOrderBySingleValueQueriesTest
[183] WARN TestMethodFilter - NoClassDefFoundError: class org.apache.pinot.queries.StUnionQueriesTest
[183] WARN TestMethodFilter - NoClassDefFoundError: class org.apache.pinot.queries.DistinctQueriesTest
[183] WARN TestMethodFilter - NoClassDefFoundError: class org.apache.pinot.queries.JsonPathQueriesTest
[184] WARN TestMethodFilter - NoClassDefFoundError: class org.apache.pinot.queries.FSTBasedRegexpLikeQueriesTest
[184] WARN TestMethodFilter - NoClassDefFoundError: class org.apache.pinot.queries.FastFilteredCountTest
[185] WARN TestMethodFilter - NoClassDefFoundError: class org.apache.pinot.queries.ExplainPlanQueriesTest
[185] WARN TestMethodFilter - NoClassDefFoundError: class org.apache.pinot.queries.BooleanQueriesTest
[185] WARN TestMethodFilter - NoClassDefFoundError: class org.apache.pinot.queries.SegmentPartitionedDistinctCountQueriesTest
[186] WARN TestMethodFilter - NoClassDefFoundError: class org.apache.pinot.queries.SumGreatestLeastQueriesTest
[186] WARN TestMethodFilter - NoClassDefFoundError: class org.apache.pinot.queries.InterSegmentOrderByMultiValueQueriesTest
[187] WARN TestMethodFilter - NoClassDefFoundError: class org.apache.pinot.core.startree.v2.PreAggregatedDistinctCountHLLStarTreeV2Test
[188] WARN TestMethodFilter - NoClassDefFoundError: class org.apache.pinot.core.startree.v2.CountStarTreeV2Test
[188] WARN TestMethodFilter - NoClassDefFoundError: class org.apache.pinot.core.startree.v2.MinMaxRangeStarTreeV2Test
[188] WARN TestMethodFilter - NoClassDefFoundError: class org.apache.pinot.core.startree.v2.AvgStarTreeV2Test
[189] WARN TestMethodFilter - NoClassDefFoundError: class org.apache.pinot.core.startree.v2.MinStarTreeV2Test
[189] WARN TestMethodFilter - NoClassDefFoundError: class org.apache.pinot.core.startree.v2.PercentileEstStarTreeV2Test
[189] WARN TestMethodFilter - NoClassDefFoundError: class org.apache.pinot.core.startree.v2.PreAggregatedAvgStarTreeV2Test
[190] WARN TestMethodFilter - NoClassDefFoundError: class org.apache.pinot.core.startree.v2.PreAggregatedPercentileTDigestStarTreeV2Test
[190] WARN TestMethodFilter - NoClassDefFoundError: class org.apache.pinot.core.startree.v2.PreAggregatedMinMaxRangeStarTreeV2Test
[190] WARN TestMethodFilter - NoClassDefFoundError: class org.apache.pinot.core.startree.v2.DistinctCountHLLStarTreeV2Test
[190] WARN TestMethodFilter - NoClassDefFoundError: class org.apache.pinot.core.startree.v2.SumPrecisionStarTreeV2Test
[191] WARN TestMethodFilter - NoClassDefFoundError: class org.apache.pinot.core.startree.v2.DistinctCountBitmapStarTreeV2Test
[191] WARN TestMethodFilter - NoClassDefFoundError: class org.apache.pinot.core.startree.v2.MaxStarTreeV2Test
[191] WARN TestMethodFilter - NoClassDefFoundError: class org.apache.pinot.core.startree.v2.PreAggregatedPercentileEstStarTreeV2Test
[192] WARN TestMethodFilter - NoClassDefFoundError: class org.apache.pinot.core.startree.v2.SumStarTreeV2Test
[192] WARN TestMethodFilter - NoClassDefFoundError: class org.apache.pinot.core.startree.v2.PercentileTDigestStarTreeV2Test
[192] WARN TestMethodFilter - NoClassDefFoundError: class org.apache.pinot.core.plan.maker.MetadataAndDictionaryAggregationPlanMakerTest
[193] WARN TestMethodFilter - NoClassDefFoundError: class org.apache.pinot.core.plan.maker.QueryOverrideWithHintsTest
[193] WARN TestMethodFilter - NoClassDefFoundError: class org.apache.pinot.core.common.ObjectSerDeUtilsTest
[194] WARN TestMethodFilter - NoClassDefFoundError: class org.apache.pinot.core.common.DataFetcherTest
[195] WARN TestMethodFilter - NoClassDefFoundError: class org.apache.pinot.core.data.manager.realtime.PinotFSSegmentUploaderTest
[197] WARN TestMethodFilter - NoClassDefFoundError: class org.apache.pinot.core.data.manager.realtime.Server2ControllerSegmentUploaderTest
[198] WARN TestMethodFilter - NoClassDefFoundError: class org.apache.pinot.core.data.manager.BaseTableDataManagerAcquireSegmentTest
[198] WARN TestMethodFilter - NoClassDefFoundError: class org.apache.pinot.core.data.manager.BaseTableDataManagerTest
[199] WARN TestMethodFilter - NoClassDefFoundError: class org.apache.pinot.core.data.function.DateTimeFunctionsTest
[199] WARN TestMethodFilter - NoClassDefFoundError: class org.apache.pinot.core.data.function.ArrayFunctionsTest
[199] WARN TestMethodFilter - NoClassDefFoundError: class org.apache.pinot.core.data.function.GroovyFunctionEvaluatorTest
[200] WARN TestMethodFilter - NoClassDefFoundError: class org.apache.pinot.core.data.function.ArithmeticFunctionsTest
[200] WARN TestMethodFilter - NoClassDefFoundError: class org.apache.pinot.core.data.function.JsonFunctionsTest
[202] WARN TestMethodFilter - NoClassDefFoundError: class org.apache.pinot.core.realtime.impl.fakestream.FakeStreamConfigUtils
[204] WARN TestMethodFilter - NoClassDefFoundError: class org.apache.pinot.core.minion.SegmentPurgerTest
[205] WARN TestMethodFilter - NoClassDefFoundError: class org.apache.pinot.core.query.scheduler.TestSchedulerGroupFactory
[207] WARN TestMethodFilter - NoClassDefFoundError: class org.apache.pinot.core.query.scheduler.TestHelper
[210] WARN TestMethodFilter - NoClassDefFoundError: class org.apache.pinot.core.query.executor.QueryExecutorExceptionsTest
[211] WARN TestMethodFilter - NoClassDefFoundError: class org.apache.pinot.core.query.executor.QueryExecutorTest
[212] WARN TestMethodFilter - NoClassDefFoundError: class org.apache.pinot.core.query.request.context.utils.BrokerRequestToQueryContextConverterTest
[213] WARN TestMethodFilter - NoClassDefFoundError: class org.apache.pinot.core.query.reduce.StreamingReduceServiceTest
[214] WARN TestMethodFilter - NoClassDefFoundError: class org.apache.pinot.core.query.aggregation.DefaultAggregationExecutorTest
[215] WARN TestMethodFilter - NoClassDefFoundError: class org.apache.pinot.core.query.aggregation.groupby.NoDictionaryGroupKeyGeneratorTest
[216] WARN TestMethodFilter - NoClassDefFoundError: class org.apache.pinot.core.query.aggregation.groupby.DictionaryBasedGroupKeyGeneratorTest
[216] WARN TestMethodFilter - NoClassDefFoundError: class org.apache.pinot.core.query.aggregation.groupby.GroupByTrimTest
[217] WARN TestMethodFilter - NoClassDefFoundError: class org.apache.pinot.core.query.postaggregation.PostAggregationFunctionTest
[220] WARN TestMethodFilter - NoClassDefFoundError: class org.apache.pinot.core.segment.processing.framework.SegmentMapperTest
[221] WARN TestMethodFilter - NoClassDefFoundError: class org.apache.pinot.core.segment.processing.framework.SegmentProcessorFrameworkTest
[221] WARN TestMethodFilter - NoClassDefFoundError: class org.apache.pinot.core.geospatial.transform.GeoInputOutputTest
[222] WARN TestMethodFilter - NoClassDefFoundError: class org.apache.pinot.core.geospatial.transform.StPointFunctionTest
[222] WARN TestMethodFilter - NoClassDefFoundError: class org.apache.pinot.core.geospatial.transform.StAreaFunctionTest
[222] WARN TestMethodFilter - NoClassDefFoundError: class org.apache.pinot.core.geospatial.transform.StContainsFunctionTest
[223] WARN TestMethodFilter - NoClassDefFoundError: class org.apache.pinot.core.geospatial.transform.StWithinFunctionTest
[223] WARN TestMethodFilter - NoClassDefFoundError: class org.apache.pinot.core.geospatial.transform.StDistanceFunctionTest
[223] WARN TestMethodFilter - NoClassDefFoundError: class org.apache.pinot.core.geospatial.transform.StGeometryTypeFunctionTest
[223] WARN TestMethodFilter - NoClassDefFoundError: class org.apache.pinot.core.geospatial.transform.StEqualFunctionTest
[223] WARN TestMethodFilter - NoClassDefFoundError: class org.apache.pinot.core.geospatial.transform.GeoToH3FunctionTest
[224] WARN TestMethodFilter - NoClassDefFoundError: class org.apache.pinot.core.util.CrcUtilsTest
[225] WARN TestMethodFilter - NoClassDefFoundError: class org.apache.pinot.core.util.SchemaUtilsTest
[226] WARN TestMethodFilter - NoClassDefFoundError: class org.apache.pinot.core.operator.dociditerators.OrDocIdIteratorTest
[226] WARN TestMethodFilter - NoClassDefFoundError: class org.apache.pinot.core.operator.dociditerators.NotDocIdIteratorTest
[226] WARN TestMethodFilter - NoClassDefFoundError: class org.apache.pinot.core.operator.dociditerators.BitmapDocIdIteratorTest
[227] WARN TestMethodFilter - NoClassDefFoundError: class org.apache.pinot.core.operator.dociditerators.AndDocIdIteratorTest
[228] WARN TestMethodFilter - NoClassDefFoundError: class org.apache.pinot.core.operator.transform.function.AdditionTransformFunctionTest
[229] WARN TestMethodFilter - NoClassDefFoundError: class org.apache.pinot.core.operator.transform.function.RoundDecimalTransformFunctionTest
[229] WARN TestMethodFilter - NoClassDefFoundError: class org.apache.pinot.core.operator.transform.function.ArrayLengthTransformFunctionTest
[230] WARN TestMethodFilter - NoClassDefFoundError: class org.apache.pinot.core.operator.transform.function.AndOperatorTransformFunctionTest
[230] WARN TestMethodFilter - NoClassDefFoundError: class org.apache.pinot.core.operator.transform.function.JsonExtractScalarTransformFunctionTest
[230] WARN TestMethodFilter - NoClassDefFoundError: class org.apache.pinot.core.operator.transform.function.LessThanOrEqualTransformFunctionTest
[231] WARN TestMethodFilter - NoClassDefFoundError: class org.apache.pinot.core.operator.transform.function.TrigonometricFunctionsTest
[231] WARN TestMethodFilter - NoClassDefFoundError: class org.apache.pinot.core.operator.transform.function.LessThanTransformFunctionTest
[231] WARN TestMethodFilter - NoClassDefFoundError: class org.apache.pinot.core.operator.transform.function.ValueInTransformFunctionTest
[232] WARN TestMethodFilter - NoClassDefFoundError: class org.apache.pinot.core.operator.transform.function.EqualsTransformFunctionTest
[232] WARN TestMethodFilter - NoClassDefFoundError: class org.apache.pinot.core.operator.transform.function.DateTruncTransformFunctionTest
[233] WARN TestMethodFilter - NoClassDefFoundError: class org.apache.pinot.core.operator.transform.function.LookupTransformFunctionTest
[233] WARN TestMethodFilter - NoClassDefFoundError: class org.apache.pinot.core.operator.transform.function.ArrayAverageTransformFunctionTest
[233] WARN TestMethodFilter - NoClassDefFoundError: class org.apache.pinot.core.operator.transform.function.InTransformFunctionTest
[234] WARN TestMethodFilter - NoClassDefFoundError: class org.apache.pinot.core.operator.transform.function.TimeConversionTransformFunctionTest
[234] WARN TestMethodFilter - NoClassDefFoundError: class org.apache.pinot.core.operator.transform.function.TupleSelectionTransformFunctionsTest
[234] WARN TestMethodFilter - NoClassDefFoundError: class org.apache.pinot.core.operator.transform.function.ArrayMaxTransformFunctionTest
[235] WARN TestMethodFilter - NoClassDefFoundError: class org.apache.pinot.core.operator.transform.function.ArrayMinTransformFunctionTest
[235] WARN TestMethodFilter - NoClassDefFoundError: class org.apache.pinot.core.operator.transform.function.ModuloTransformFunctionTest
[235] WARN TestMethodFilter - NoClassDefFoundError: class org.apache.pinot.core.operator.transform.function.NotEqualsTransformFunctionTest
[236] WARN TestMethodFilter - NoClassDefFoundError: class org.apache.pinot.core.operator.transform.function.CaseTransformFunctionTest
[236] WARN TestMethodFilter - NoClassDefFoundError: class org.apache.pinot.core.operator.transform.function.ScalarTransformFunctionWrapperTest
[237] WARN TestMethodFilter - NoClassDefFoundError: class org.apache.pinot.core.operator.transform.function.OrOperatorTransformFunctionTest
[237] WARN TestMethodFilter - NoClassDefFoundError: class org.apache.pinot.core.operator.transform.function.GreaterThanTransformFunctionTest
[237] WARN TestMethodFilter - NoClassDefFoundError: class org.apache.pinot.core.operator.transform.function.PowerTransformFunctionTest
[238] WARN TestMethodFilter - NoClassDefFoundError: class org.apache.pinot.core.operator.transform.function.SubtractionTransformFunctionTest
[238] WARN TestMethodFilter - NoClassDefFoundError: class org.apache.pinot.core.operator.transform.function.TruncateDecimalTransformFunctionTest
[239] WARN TestMethodFilter - NoClassDefFoundError: class org.apache.pinot.core.operator.transform.function.GroovyTransformFunctionTest
[239] WARN TestMethodFilter - NoClassDefFoundError: class org.apache.pinot.core.operator.transform.function.DivisionTransformFunctionTest
[239] WARN TestMethodFilter - NoClassDefFoundError: class org.apache.pinot.core.operator.transform.function.MultiplicationTransformFunctionTest
[240] WARN TestMethodFilter - NoClassDefFoundError: class org.apache.pinot.core.operator.transform.function.SingleParamMathTransformFunctionTest
[240] WARN TestMethodFilter - NoClassDefFoundError: class org.apache.pinot.core.operator.transform.function.GreaterThanOrEqualTransformFunctionTest
[240] WARN TestMethodFilter - NoClassDefFoundError: class org.apache.pinot.core.operator.transform.function.RegexpTransformFunctionTest
[241] WARN TestMethodFilter - NoClassDefFoundError: class org.apache.pinot.core.operator.transform.function.CastTransformFunctionTest
[241] WARN TestMethodFilter - NoClassDefFoundError: class org.apache.pinot.core.operator.transform.function.ArraySumTransformFunctionTest
[242] WARN TestMethodFilter - NoClassDefFoundError: class org.apache.pinot.core.operator.transform.function.NullHandlingTransformFunctionTest
[242] WARN TestMethodFilter - NoClassDefFoundError: class org.apache.pinot.core.operator.transform.function.DateTimeTransformFunctionTest
[243] WARN TestMethodFilter - NoClassDefFoundError: class org.apache.pinot.core.operator.transform.function.DateTimeConversionTransformFunctionTest
[243] WARN TestMethodFilter - NoClassDefFoundError: class org.apache.pinot.core.operator.combine.SelectionCombineOperatorTest
[244] WARN TestMethodFilter - NoClassDefFoundError: class org.apache.pinot.core.operator.filter.TestFilterOperator
[245] WARN TestMethodFilter - NoClassDefFoundError: class org.apache.pinot.core.operator.filter.predicate.NoDictionaryInPredicateEvaluatorTest
[247] WARN TestMethodFilter - NoClassDefFoundError: class org.apache.pinot.core.operator.filter.BitmapCollectionTest
[248] WARN TestMethodFilter - NoClassDefFoundError: class org.apache.pinot.realtime.converter.RealtimeSegmentConverterTest
[259] WARN TestMethodFilter - NoClassDefFoundError: class org.apache.pinot.server.access.BasicAuthAccessFactory
[259] WARN TestMethodFilter - NoClassDefFoundError: class org.apache.pinot.server.realtime.ServerSegmentCompletionProtocolHandler
[259] WARN TestMethodFilter - NoClassDefFoundError: class org.apache.pinot.server.realtime.ControllerLeaderLocator
[259] WARN TestMethodFilter - NoClassDefFoundError: class org.apache.pinot.core.auth.BasicAuthUtils
[259] WARN TestMethodFilter - NoClassDefFoundError: class org.apache.pinot.core.startree.StarTreeUtils
[260] WARN TestMethodFilter - NoClassDefFoundError: class org.apache.pinot.core.startree.operator.StarTreeFilterOperator
[260] WARN TestMethodFilter - NoClassDefFoundError: class org.apache.pinot.core.plan.GlobalPlanImplV0
[260] WARN TestMethodFilter - NoClassDefFoundError: class org.apache.pinot.core.plan.maker.InstancePlanMakerImplV2
[260] WARN TestMethodFilter - NoClassDefFoundError: class org.apache.pinot.core.plan.FilterPlanNode
[260] WARN TestMethodFilter - NoClassDefFoundError: class org.apache.pinot.core.plan.CombinePlanNode
[260] WARN TestMethodFilter - NoClassDefFoundError: class org.apache.pinot.core.plan.AggregationPlanNode
[261] WARN TestMethodFilter - NoClassDefFoundError: class org.apache.pinot.core.common.DataFetcher
[261] WARN TestMethodFilter - NoClassDefFoundError: class org.apache.pinot.core.common.DataBlockCache
[261] WARN TestMethodFilter - NoClassDefFoundError: class org.apache.pinot.core.common.datatable.DataTableFactory
[262] WARN TestMethodFilter - NoClassDefFoundError: class org.apache.pinot.core.common.datatable.DataTableBuilder
[263] WARN TestMethodFilter - NoClassDefFoundError: class org.apache.pinot.core.common.datatable.DataTableUtils
[263] WARN TestMethodFilter - NoClassDefFoundError: class org.apache.pinot.core.data.manager.realtime.SegmentCommitterFactory
[264] WARN TestMethodFilter - NoClassDefFoundError: class org.apache.pinot.core.data.manager.realtime.SplitSegmentCommitter
[264] WARN TestMethodFilter - NoClassDefFoundError: class org.apache.pinot.core.data.manager.realtime.PeerSchemeSplitSegmentCommitter
[264] WARN TestMethodFilter - NoClassDefFoundError: class org.apache.pinot.core.data.manager.realtime.Server2ControllerSegmentUploader
[264] WARN TestMethodFilter - NoClassDefFoundError: class org.apache.pinot.core.data.manager.realtime.SegmentBuildTimeLeaseExtender
[266] WARN TestMethodFilter - NoClassDefFoundError: class org.apache.pinot.core.data.manager.realtime.RealtimeConsumptionRateManager
[266] WARN TestMethodFilter - NoClassDefFoundError: class org.apache.pinot.core.data.manager.realtime.PinotFSSegmentUploader
[266] WARN TestMethodFilter - NoClassDefFoundError: class org.apache.pinot.core.data.manager.realtime.DefaultSegmentCommitter
[266] WARN TestMethodFilter - NoClassDefFoundError: class org.apache.pinot.core.data.manager.offline.TableDataManagerProvider
[267] WARN TestMethodFilter - NoClassDefFoundError: class org.apache.pinot.core.data.manager.offline.DimensionTable
[267] WARN TestMethodFilter - NoClassDefFoundError: class org.apache.pinot.core.data.table.TableResizer
[267] WARN TestMethodFilter - NoClassDefFoundError: class org.apache.pinot.core.minion.SegmentPurger
[268] WARN TestMethodFilter - NoClassDefFoundError: class org.apache.pinot.core.minion.RawIndexConverter
[268] WARN TestMethodFilter - NoClassDefFoundError: class org.apache.pinot.core.minion.PinotTaskConfig
[268] WARN TestMethodFilter - NoClassDefFoundError: class org.apache.pinot.core.query.scheduler.resources.ResourceLimitPolicy
[268] WARN TestMethodFilter - NoClassDefFoundError: class org.apache.pinot.core.query.scheduler.QuerySchedulerFactory
[268] WARN TestMethodFilter - NoClassDefFoundError: class org.apache.pinot.core.query.scheduler.tokenbucket.TokenPriorityScheduler
[269] WARN TestMethodFilter - NoClassDefFoundError: class org.apache.pinot.core.query.scheduler.fcfs.BoundedFCFSScheduler
[269] WARN TestMethodFilter - NoClassDefFoundError: class org.apache.pinot.core.query.scheduler.fcfs.FCFSQueryScheduler
[269] WARN TestMethodFilter - NoClassDefFoundError: class org.apache.pinot.core.query.config.QueryPlannerConfig
[269] WARN TestMethodFilter - NoClassDefFoundError: class org.apache.pinot.core.query.config.SegmentPrunerConfig
[269] WARN TestMethodFilter - NoClassDefFoundError: class org.apache.pinot.core.query.config.QueryExecutorConfig
[269] WARN TestMethodFilter - NoClassDefFoundError: class org.apache.pinot.core.query.optimizer.QueryOptimizer
[269] WARN TestMethodFilter - NoClassDefFoundError: class org.apache.pinot.core.query.optimizer.statement.JsonStatementOptimizer
[269] WARN TestMethodFilter - NoClassDefFoundError: class org.apache.pinot.core.query.optimizer.statement.StringPredicateFilterOptimizer
[269] WARN TestMethodFilter - NoClassDefFoundError: class org.apache.pinot.core.query.optimizer.filter.TimePredicateFilterOptimizer
[269] WARN TestMethodFilter - NoClassDefFoundError: class org.apache.pinot.core.query.optimizer.filter.FlattenAndOrFilterOptimizer
[269] WARN TestMethodFilter - NoClassDefFoundError: class org.apache.pinot.core.query.optimizer.filter.MergeRangeFilterOptimizer
[269] WARN TestMethodFilter - NoClassDefFoundError: class org.apache.pinot.core.query.optimizer.filter.MergeEqInFilterOptimizer
[270] WARN TestMethodFilter - NoClassDefFoundError: class org.apache.pinot.core.query.optimizer.filter.NumericalFilterOptimizer
[270] WARN TestMethodFilter - NoClassDefFoundError: class org.apache.pinot.core.query.optimizer.filter.Range
[270] WARN TestMethodFilter - NoClassDefFoundError: class org.apache.pinot.core.query.utils.idset.RoaringBitmapIdSet
[270] WARN TestMethodFilter - NoClassDefFoundError: class org.apache.pinot.core.query.utils.idset.Roaring64NavigableMapIdSet
[270] WARN TestMethodFilter - NoClassDefFoundError: class org.apache.pinot.core.query.utils.idset.IdSets
[271] WARN TestMethodFilter - NoClassDefFoundError: class org.apache.pinot.core.query.utils.TrieNode
[271] WARN TestMethodFilter - NoClassDefFoundError: class org.apache.pinot.core.query.executor.ServerQueryExecutorV1Impl
[271] WARN TestMethodFilter - NoClassDefFoundError: class org.apache.pinot.core.query.request.context.utils.BrokerRequestToQueryContextConverter
[271] WARN TestMethodFilter - NoClassDefFoundError: class org.apache.pinot.core.query.request.context.utils.QueryContextUtils
[271] WARN TestMethodFilter - NoClassDefFoundError: class org.apache.pinot.core.query.request.context.TimerContext
[271] WARN TestMethodFilter - NoClassDefFoundError: class org.apache.pinot.core.query.request.context.QueryContext
[271] WARN TestMethodFilter - NoClassDefFoundError: class org.apache.pinot.core.query.request.ServerQueryRequest
[271] WARN TestMethodFilter - NoClassDefFoundError: class org.apache.pinot.core.query.pruner.DataSchemaSegmentPruner
[271] WARN TestMethodFilter - NoClassDefFoundError: class org.apache.pinot.core.query.pruner.SegmentPrunerProvider
[271] WARN TestMethodFilter - NoClassDefFoundError: class org.apache.pinot.core.query.pruner.SelectionQuerySegmentPruner
[272] WARN TestMethodFilter - NoClassDefFoundError: class org.apache.pinot.core.query.pruner.ValidSegmentPruner
[272] WARN TestMethodFilter - NoClassDefFoundError: class org.apache.pinot.core.query.pruner.ColumnValueSegmentPruner
[272] WARN TestMethodFilter - NoClassDefFoundError: class org.apache.pinot.core.query.reduce.PostAggregationHandler
[272] WARN TestMethodFilter - NoClassDefFoundError: class org.apache.pinot.core.query.reduce.AggregationDataTableReducer
[272] WARN TestMethodFilter - NoClassDefFoundError: class org.apache.pinot.core.query.reduce.GroupByDataTableReducer
[272] WARN TestMethodFilter - NoClassDefFoundError: class org.apache.pinot.core.query.reduce.ExplainPlanDataTableReducer
[272] WARN TestMethodFilter - NoClassDefFoundError: class org.apache.pinot.core.query.reduce.SelectionDataTableReducer
[272] WARN TestMethodFilter - NoClassDefFoundError: class org.apache.pinot.core.query.reduce.GapfillProcessor
[272] WARN TestMethodFilter - NoClassDefFoundError: class org.apache.pinot.core.query.reduce.DistinctDataTableReducer
[272] WARN TestMethodFilter - NoClassDefFoundError: class org.apache.pinot.core.query.reduce.BrokerReduceService
[272] WARN TestMethodFilter - NoClassDefFoundError: class org.apache.pinot.core.query.reduce.SelectionOnlyStreamingReducer
[272] WARN TestMethodFilter - NoClassDefFoundError: class org.apache.pinot.core.query.reduce.StreamingReduceService
[273] WARN TestMethodFilter - NoClassDefFoundError: class org.apache.pinot.core.query.reduce.RowBasedBlockValSet
[273] WARN TestMethodFilter - NoClassDefFoundError: class org.apache.pinot.core.query.reduce.filter.ColumnValueExtractor
[273] WARN TestMethodFilter - NoClassDefFoundError: class org.apache.pinot.core.query.reduce.filter.RowMatcherFactory
[273] WARN TestMethodFilter - NoClassDefFoundError: class org.apache.pinot.core.query.reduce.filter.LiteralValueExtractor
[273] WARN TestMethodFilter - NoClassDefFoundError: class org.apache.pinot.core.query.reduce.GapfillFilterHandler
[273] WARN TestMethodFilter - NoClassDefFoundError: class org.apache.pinot.core.query.aggregation.function.LastLongValueWithTimeAggregationFunction
[273] WARN TestMethodFilter - NoClassDefFoundError: class org.apache.pinot.core.query.aggregation.function.PercentileRawTDigestMVAggregationFunction
[273] WARN TestMethodFilter - NoClassDefFoundError: class org.apache.pinot.core.query.aggregation.function.DistinctCountAggregationFunction
[274] WARN TestMethodFilter - NoClassDefFoundError: class org.apache.pinot.core.query.aggregation.function.DistinctCountThetaSketchAggregationFunction
[274] WARN TestMethodFilter - NoClassDefFoundError: class org.apache.pinot.core.query.aggregation.function.AggregationFunctionFactory
[274] WARN TestMethodFilter - NoClassDefFoundError: class org.apache.pinot.core.query.aggregation.function.PercentileEstMVAggregationFunction
[274] WARN TestMethodFilter - NoClassDefFoundError: class org.apache.pinot.core.query.aggregation.function.PercentileMVAggregationFunction
[274] WARN TestMethodFilter - NoClassDefFoundError: class org.apache.pinot.core.query.aggregation.function.LastDoubleValueWithTimeAggregationFunction
[274] WARN TestMethodFilter - NoClassDefFoundError: class org.apache.pinot.core.query.aggregation.function.SegmentPartitionedDistinctCountAggregationFunction
[274] WARN TestMethodFilter - NoClassDefFoundError: class org.apache.pinot.core.query.aggregation.function.LastIntValueWithTimeAggregationFunction
[274] WARN TestMethodFilter - NoClassDefFoundError: class org.apache.pinot.core.query.aggregation.function.SumAggregationFunction
[274] WARN TestMethodFilter - NoClassDefFoundError: class org.apache.pinot.core.query.aggregation.function.AvgMVAggregationFunction
[274] WARN TestMethodFilter - NoClassDefFoundError: class org.apache.pinot.core.query.aggregation.function.IdSetAggregationFunction
[275] WARN TestMethodFilter - NoClassDefFoundError: class org.apache.pinot.core.query.aggregation.function.DistinctCountMVAggregationFunction
[275] WARN TestMethodFilter - NoClassDefFoundError: class org.apache.pinot.core.query.aggregation.function.DistinctCountRawHLLMVAggregationFunction
[275] WARN TestMethodFilter - NoClassDefFoundError: class org.apache.pinot.core.query.aggregation.function.MaxAggregationFunction
[275] WARN TestMethodFilter - NoClassDefFoundError: class org.apache.pinot.core.query.aggregation.function.MinMVAggregationFunction
[275] WARN TestMethodFilter - NoClassDefFoundError: class org.apache.pinot.core.query.aggregation.function.AvgAggregationFunction
[275] WARN TestMethodFilter - NoClassDefFoundError: class org.apache.pinot.core.query.aggregation.function.StUnionAggregationFunction
[275] WARN TestMethodFilter - NoClassDefFoundError: class org.apache.pinot.core.query.aggregation.function.SumMVAggregationFunction
[275] WARN TestMethodFilter - NoClassDefFoundError: class org.apache.pinot.core.query.aggregation.function.DistinctCountRawHLLAggregationFunction
[275] WARN TestMethodFilter - NoClassDefFoundError: class org.apache.pinot.core.query.aggregation.function.PercentileRawEstMVAggregationFunction
[275] WARN TestMethodFilter - NoClassDefFoundError: class org.apache.pinot.core.query.aggregation.function.MaxMVAggregationFunction
[275] WARN TestMethodFilter - NoClassDefFoundError: class org.apache.pinot.core.query.aggregation.function.DistinctCountBitmapAggregationFunction
[275] WARN TestMethodFilter - NoClassDefFoundError: class org.apache.pinot.core.query.aggregation.function.AggregationFunctionUtils
[275] WARN TestMethodFilter - NoClassDefFoundError: class org.apache.pinot.core.query.aggregation.function.PercentileEstAggregationFunction
[275] WARN TestMethodFilter - NoClassDefFoundError: class org.apache.pinot.core.query.aggregation.function.DistinctCountHLLMVAggregationFunction
[275] WARN TestMethodFilter - NoClassDefFoundError: class org.apache.pinot.core.query.aggregation.function.SumPrecisionAggregationFunction
[276] WARN TestMethodFilter - NoClassDefFoundError: class org.apache.pinot.core.query.aggregation.function.LastFloatValueWithTimeAggregationFunction
[276] WARN TestMethodFilter - NoClassDefFoundError: class org.apache.pinot.core.query.aggregation.function.PercentileTDigestAggregationFunction
[276] WARN TestMethodFilter - NoClassDefFoundError: class org.apache.pinot.core.query.aggregation.function.DistinctCountHLLAggregationFunction
[276] WARN TestMethodFilter - NoClassDefFoundError: class org.apache.pinot.core.query.aggregation.function.PercentileAggregationFunction
[276] WARN TestMethodFilter - NoClassDefFoundError: class org.apache.pinot.core.query.aggregation.function.DistinctCountRawThetaSketchAggregationFunction
[276] WARN TestMethodFilter - NoClassDefFoundError: class org.apache.pinot.core.query.aggregation.function.PercentileRawEstAggregationFunction
[276] WARN TestMethodFilter - NoClassDefFoundError: class org.apache.pinot.core.query.aggregation.function.FastHLLAggregationFunction
[276] WARN TestMethodFilter - NoClassDefFoundError: class org.apache.pinot.core.query.aggregation.function.MinAggregationFunction
[276] WARN TestMethodFilter - NoClassDefFoundError: class org.apache.pinot.core.query.aggregation.function.DistinctAggregationFunction
[277] WARN TestMethodFilter - NoClassDefFoundError: class org.apache.pinot.core.query.aggregation.function.MinMaxRangeMVAggregationFunction
[277] WARN TestMethodFilter - NoClassDefFoundError: class org.apache.pinot.core.query.aggregation.function.PercentileRawTDigestAggregationFunction
[277] WARN TestMethodFilter - NoClassDefFoundError: class org.apache.pinot.core.query.aggregation.function.LastStringValueWithTimeAggregationFunction
[277] WARN TestMethodFilter - NoClassDefFoundError: class org.apache.pinot.core.query.aggregation.function.DistinctCountSmartHLLAggregationFunction
[277] WARN TestMethodFilter - NoClassDefFoundError: class org.apache.pinot.core.query.aggregation.function.PercentileTDigestMVAggregationFunction
[277] WARN TestMethodFilter - NoClassDefFoundError: class org.apache.pinot.core.query.aggregation.function.CountMVAggregationFunction
[277] WARN TestMethodFilter - NoClassDefFoundError: class org.apache.pinot.core.query.aggregation.function.CountAggregationFunction
[277] WARN TestMethodFilter - NoClassDefFoundError: class org.apache.pinot.core.query.aggregation.function.MinMaxRangeAggregationFunction
[277] WARN TestMethodFilter - NoClassDefFoundError: class org.apache.pinot.core.query.aggregation.function.DistinctCountBitmapMVAggregationFunction
[277] WARN TestMethodFilter - NoClassDefFoundError: class org.apache.pinot.core.query.aggregation.function.ModeAggregationFunction
[278] WARN TestMethodFilter - NoClassDefFoundError: class org.apache.pinot.core.query.aggregation.groupby.NoDictionaryMultiColumnGroupKeyGenerator
[278] WARN TestMethodFilter - NoClassDefFoundError: class org.apache.pinot.core.query.aggregation.groupby.utils.DoubleToIdMap
[278] WARN TestMethodFilter - NoClassDefFoundError: class org.apache.pinot.core.query.aggregation.groupby.utils.StringToIdMap
[278] WARN TestMethodFilter - NoClassDefFoundError: class org.apache.pinot.core.query.aggregation.groupby.utils.FloatToIdMap
[278] WARN TestMethodFilter - NoClassDefFoundError: class org.apache.pinot.core.query.aggregation.groupby.utils.IntToIdMap
[278] WARN TestMethodFilter - NoClassDefFoundError: class org.apache.pinot.core.query.aggregation.groupby.utils.LongToIdMap
[278] WARN TestMethodFilter - NoClassDefFoundError: class org.apache.pinot.core.query.aggregation.groupby.utils.BytesToIdMap
[278] WARN TestMethodFilter - NoClassDefFoundError: class org.apache.pinot.core.query.aggregation.groupby.utils.ValueToIdMapFactory
[278] WARN TestMethodFilter - NoClassDefFoundError: class org.apache.pinot.core.query.aggregation.groupby.NoDictionarySingleColumnGroupKeyGenerator
[278] WARN TestMethodFilter - NoClassDefFoundError: class org.apache.pinot.core.query.aggregation.groupby.DictionaryBasedGroupKeyGenerator
[279] WARN TestMethodFilter - NoClassDefFoundError: class org.apache.pinot.core.query.selection.SelectionOperatorService
[279] WARN TestMethodFilter - NoClassDefFoundError: class org.apache.pinot.core.query.selection.SelectionOperatorUtils
[279] WARN TestMethodFilter - NoClassDefFoundError: class org.apache.pinot.core.query.postaggregation.PostAggregationFunction
[279] WARN TestMethodFilter - NoClassDefFoundError: class org.apache.pinot.core.query.distinct.DistinctTable
[279] WARN TestMethodFilter - NoClassDefFoundError: class org.apache.pinot.core.query.distinct.dictionary.DictionaryBasedMultiColumnDistinctOrderByExecutor
[279] WARN TestMethodFilter - NoClassDefFoundError: class org.apache.pinot.core.query.distinct.dictionary.DictionaryBasedSingleColumnDistinctOrderByExecutor
[279] WARN TestMethodFilter - NoClassDefFoundError: class org.apache.pinot.core.query.distinct.dictionary.DictionaryBasedSingleColumnDistinctOnlyExecutor
[279] WARN TestMethodFilter - NoClassDefFoundError: class org.apache.pinot.core.query.distinct.dictionary.DictionaryBasedMultiColumnDistinctOnlyExecutor
[279] WARN TestMethodFilter - NoClassDefFoundError: class org.apache.pinot.core.query.distinct.raw.RawLongSingleColumnDistinctOnlyExecutor
[279] WARN TestMethodFilter - NoClassDefFoundError: class org.apache.pinot.core.query.distinct.raw.RawDoubleSingleColumnDistinctOrderByExecutor
[280] WARN TestMethodFilter - NoClassDefFoundError: class org.apache.pinot.core.query.distinct.raw.RawDoubleSingleColumnDistinctOnlyExecutor
[280] WARN TestMethodFilter - NoClassDefFoundError: class org.apache.pinot.core.query.distinct.raw.RawStringSingleColumnDistinctOrderByExecutor
[280] WARN TestMethodFilter - NoClassDefFoundError: class org.apache.pinot.core.query.distinct.raw.RawFloatSingleColumnDistinctOrderByExecutor
[280] WARN TestMethodFilter - NoClassDefFoundError: class org.apache.pinot.core.query.distinct.raw.RawFloatSingleColumnDistinctOnlyExecutor
[280] WARN TestMethodFilter - NoClassDefFoundError: class org.apache.pinot.core.query.distinct.raw.RawLongSingleColumnDistinctOrderByExecutor
[280] WARN TestMethodFilter - NoClassDefFoundError: class org.apache.pinot.core.query.distinct.raw.RawIntSingleColumnDistinctOrderByExecutor
[280] WARN TestMethodFilter - NoClassDefFoundError: class org.apache.pinot.core.query.distinct.raw.RawBytesSingleColumnDistinctOnlyExecutor
[280] WARN TestMethodFilter - NoClassDefFoundError: class org.apache.pinot.core.query.distinct.raw.RawBytesSingleColumnDistinctOrderByExecutor
[280] WARN TestMethodFilter - NoClassDefFoundError: class org.apache.pinot.core.query.distinct.raw.RawIntSingleColumnDistinctOnlyExecutor
[280] WARN TestMethodFilter - NoClassDefFoundError: class org.apache.pinot.core.query.distinct.raw.RawStringSingleColumnDistinctOnlyExecutor
[281] WARN TestMethodFilter - NoClassDefFoundError: class org.apache.pinot.core.transport.ServerInstance
[281] WARN TestMethodFilter - NoClassDefFoundError: class org.apache.pinot.core.transport.ServerChannels
[281] WARN TestMethodFilter - NoClassDefFoundError: class org.apache.pinot.core.transport.QueryRouter
[281] WARN TestMethodFilter - NoClassDefFoundError: class org.apache.pinot.core.transport.QueryServer
[281] WARN TestMethodFilter - NoClassDefFoundError: class org.apache.pinot.core.transport.ServerResponse
[281] WARN TestMethodFilter - NoClassDefFoundError: class org.apache.pinot.core.transport.AsyncQueryResponse
[281] WARN TestMethodFilter - NoClassDefFoundError: class org.apache.pinot.core.transport.ServerRoutingInstance
[281] WARN TestMethodFilter - NoClassDefFoundError: class org.apache.pinot.core.transport.ListenerConfig
[282] WARN TestMethodFilter - NoClassDefFoundError: class org.apache.pinot.core.segment.processing.transformer.NoOpRecordTransformer
[282] WARN TestMethodFilter - NoClassDefFoundError: class org.apache.pinot.core.segment.processing.transformer.TransformFunctionRecordTransformer
[282] WARN TestMethodFilter - NoClassDefFoundError: class org.apache.pinot.core.segment.processing.partitioner.NoOpPartitioner
[282] WARN TestMethodFilter - NoClassDefFoundError: class org.apache.pinot.core.segment.processing.partitioner.TransformFunctionPartitioner
[282] WARN TestMethodFilter - NoClassDefFoundError: class org.apache.pinot.core.segment.processing.partitioner.TableConfigPartitioner
[282] WARN TestMethodFilter - NoClassDefFoundError: class org.apache.pinot.core.segment.processing.partitioner.ColumnValuePartitioner
[282] WARN TestMethodFilter - NoClassDefFoundError: class org.apache.pinot.core.segment.processing.partitioner.PartitionerConfig
[282] WARN TestMethodFilter - NoClassDefFoundError: class org.apache.pinot.core.segment.processing.partitioner.RoundRobinPartitioner
[282] WARN TestMethodFilter - NoClassDefFoundError: class org.apache.pinot.core.segment.processing.framework.SegmentProcessorConfig
[282] WARN TestMethodFilter - NoClassDefFoundError: class org.apache.pinot.core.segment.processing.framework.SegmentProcessorFramework
[283] WARN TestMethodFilter - NoClassDefFoundError: class org.apache.pinot.core.segment.processing.aggregator.ValueAggregatorFactory
[283] WARN TestMethodFilter - NoClassDefFoundError: class org.apache.pinot.core.segment.processing.utils.SegmentProcessorUtils
[283] WARN TestMethodFilter - NoClassDefFoundError: class org.apache.pinot.core.segment.processing.mapper.SegmentMapper
[283] WARN TestMethodFilter - NoClassDefFoundError: class org.apache.pinot.core.segment.processing.timehandler.EpochTimeHandler
[283] WARN TestMethodFilter - NoClassDefFoundError: class org.apache.pinot.core.segment.processing.timehandler.NoOpTimeHandler
[283] WARN TestMethodFilter - NoClassDefFoundError: class org.apache.pinot.core.segment.processing.reducer.RollupReducer
[283] WARN TestMethodFilter - NoClassDefFoundError: class org.apache.pinot.core.segment.processing.filter.NoOpRecordFilter
[283] WARN TestMethodFilter - NoClassDefFoundError: class org.apache.pinot.core.segment.processing.filter.FunctionEvaluatorRecordFilter
[284] WARN TestMethodFilter - NoClassDefFoundError: class org.apache.pinot.core.segment.processing.genericrow.GenericRowFileReader
[284] WARN TestMethodFilter - NoClassDefFoundError: class org.apache.pinot.core.segment.processing.genericrow.GenericRowSerializer
[284] WARN TestMethodFilter - NoClassDefFoundError: class org.apache.pinot.core.segment.processing.genericrow.GenericRowDeserializer
[284] WARN TestMethodFilter - NoClassDefFoundError: class org.apache.pinot.core.segment.processing.genericrow.GenericRowFileWriter
[284] WARN TestMethodFilter - NoClassDefFoundError: class org.apache.pinot.core.geospatial.transform.function.StEqualsFunction
[284] WARN TestMethodFilter - NoClassDefFoundError: class org.apache.pinot.core.geospatial.transform.function.StContainsFunction
[284] WARN TestMethodFilter - NoClassDefFoundError: class org.apache.pinot.core.geospatial.transform.function.StGeogFromWKBFunction
[284] WARN TestMethodFilter - NoClassDefFoundError: class org.apache.pinot.core.geospatial.transform.function.StPolygonFunction
[284] WARN TestMethodFilter - NoClassDefFoundError: class org.apache.pinot.core.geospatial.transform.function.StGeomFromWKBFunction
[284] WARN TestMethodFilter - NoClassDefFoundError: class org.apache.pinot.core.geospatial.transform.function.StGeomFromTextFunction
[284] WARN TestMethodFilter - NoClassDefFoundError: class org.apache.pinot.core.geospatial.transform.function.StDistanceFunction
[285] WARN TestMethodFilter - NoClassDefFoundError: class org.apache.pinot.core.geospatial.transform.function.ScalarFunctions
[285] WARN TestMethodFilter - NoClassDefFoundError: class org.apache.pinot.core.geospatial.transform.function.StAreaFunction
[285] WARN TestMethodFilter - NoClassDefFoundError: class org.apache.pinot.core.geospatial.transform.function.StGeogFromTextFunction
[285] WARN TestMethodFilter - NoClassDefFoundError: class org.apache.pinot.core.geospatial.transform.function.StWithinFunction
[285] WARN TestMethodFilter - NoClassDefFoundError: class org.apache.pinot.core.util.SegmentCompletionProtocolUtils
[285] WARN TestMethodFilter - NoClassDefFoundError: class org.apache.pinot.core.util.IntObjectIndexedPriorityQueue
[285] WARN TestMethodFilter - NoClassDefFoundError: class org.apache.pinot.core.util.SegmentProcessorAvroUtils
[286] WARN TestMethodFilter - NoClassDefFoundError: class org.apache.pinot.core.util.ListenerConfigUtil
[286] WARN TestMethodFilter - NoClassDefFoundError: class org.apache.pinot.core.util.IntDoubleIndexedPriorityQueue
[286] WARN TestMethodFilter - NoClassDefFoundError: class org.apache.pinot.core.util.PeerServerSegmentFinder
[286] WARN TestMethodFilter - NoClassDefFoundError: class org.apache.pinot.core.util.GapfillUtils
[286] WARN TestMethodFilter - NoClassDefFoundError: class org.apache.pinot.core.requesthandler.PinotQueryParserFactory
[286] WARN TestMethodFilter - NoClassDefFoundError: class org.apache.pinot.core.operator.dociditerators.MVScanDocIdIterator
[286] WARN TestMethodFilter - NoClassDefFoundError: class org.apache.pinot.core.operator.dociditerators.RangelessBitmapDocIdIterator
[286] WARN TestMethodFilter - NoClassDefFoundError: class org.apache.pinot.core.operator.dociditerators.SVScanDocIdIterator
[286] WARN TestMethodFilter - NoClassDefFoundError: class org.apache.pinot.core.operator.dociditerators.BitmapDocIdIterator
[286] WARN TestMethodFilter - NoClassDefFoundError: class org.apache.pinot.core.operator.dociditerators.ExpressionScanDocIdIterator
[286] WARN TestMethodFilter - NoClassDefFoundError: class org.apache.pinot.core.operator.AcquireReleaseColumnsSegmentOperator
[287] WARN TestMethodFilter - NoClassDefFoundError: class org.apache.pinot.core.operator.StreamingInstanceResponseOperator
[287] WARN TestMethodFilter - NoClassDefFoundError: class org.apache.pinot.core.operator.transform.TransformResultMetadata
[287] WARN TestMethodFilter - NoClassDefFoundError: class org.apache.pinot.core.operator.transform.TransformOperator
[287] WARN TestMethodFilter - NoClassDefFoundError: class org.apache.pinot.core.operator.transform.function.JsonExtractKeyTransformFunction
[287] WARN TestMethodFilter - NoClassDefFoundError: class org.apache.pinot.core.operator.transform.function.JsonExtractScalarTransformFunction
[288] WARN TestMethodFilter - NoClassDefFoundError: class org.apache.pinot.core.operator.transform.function.TransformFunctionFactory
[288] WARN TestMethodFilter - NoClassDefFoundError: class org.apache.pinot.core.operator.transform.function.LeastTransformFunction
[288] WARN TestMethodFilter - NoClassDefFoundError: class org.apache.pinot.core.operator.transform.function.LiteralTransformFunction
[288] WARN TestMethodFilter - NoClassDefFoundError: class org.apache.pinot.core.operator.transform.function.IdentifierTransformFunction
[288] WARN TestMethodFilter - NoClassDefFoundError: class org.apache.pinot.core.operator.transform.function.MapValueTransformFunction
[288] WARN TestMethodFilter - NoClassDefFoundError: class org.apache.pinot.core.operator.transform.function.ValueInTransformFunction
[288] WARN TestMethodFilter - NoClassDefFoundError: class org.apache.pinot.core.operator.transform.function.GreatestTransformFunction
[289] WARN TestMethodFilter - NoClassDefFoundError: class org.apache.pinot.core.operator.transform.PassThroughTransformOperator
[289] WARN TestMethodFilter - NoClassDefFoundError: class org.apache.pinot.core.operator.streaming.StreamingSelectionOnlyCombineOperator
[289] WARN TestMethodFilter - NoClassDefFoundError: class org.apache.pinot.core.operator.streaming.StreamingSelectionOnlyOperator
[289] WARN TestMethodFilter - NoClassDefFoundError: class org.apache.pinot.core.operator.streaming.StreamingResponseUtils
[289] WARN TestMethodFilter - NoClassDefFoundError: class org.apache.pinot.core.operator.query.SelectionOnlyOperator
[289] WARN TestMethodFilter - NoClassDefFoundError: class org.apache.pinot.core.operator.query.AggregationGroupByOrderByOperator
[289] WARN TestMethodFilter - NoClassDefFoundError: class org.apache.pinot.core.operator.query.AggregationGroupByOperator
[289] WARN TestMethodFilter - NoClassDefFoundError: class org.apache.pinot.core.operator.query.DistinctOperator
[289] WARN TestMethodFilter - NoClassDefFoundError: class org.apache.pinot.core.operator.query.SelectionOrderByOperator
[289] WARN TestMethodFilter - NoClassDefFoundError: class org.apache.pinot.core.operator.query.FilteredAggregationOperator
[289] WARN TestMethodFilter - NoClassDefFoundError: class org.apache.pinot.core.operator.query.EmptySelectionOperator
[289] WARN TestMethodFilter - NoClassDefFoundError: class org.apache.pinot.core.operator.query.NonScanBasedAggregationOperator
[289] WARN TestMethodFilter - NoClassDefFoundError: class org.apache.pinot.core.operator.query.DictionaryBasedDistinctOperator
[289] WARN TestMethodFilter - NoClassDefFoundError: class org.apache.pinot.core.operator.query.AggregationOperator
[290] WARN TestMethodFilter - NoClassDefFoundError: class org.apache.pinot.core.operator.query.FastFilteredCountOperator
[290] WARN TestMethodFilter - NoClassDefFoundError: class org.apache.pinot.core.operator.DocIdSetOperator
[290] WARN TestMethodFilter - NoClassDefFoundError: class org.apache.pinot.core.operator.blocks.InstanceResponseBlock
[290] WARN TestMethodFilter - NoClassDefFoundError: class org.apache.pinot.core.operator.blocks.PassThroughTransformBlock
[290] WARN TestMethodFilter - NoClassDefFoundError: class org.apache.pinot.core.operator.blocks.IntermediateResultsBlock
[290] WARN TestMethodFilter - NoClassDefFoundError: class org.apache.pinot.core.operator.blocks.ProjectionBlock
[290] WARN TestMethodFilter - NoClassDefFoundError: class org.apache.pinot.core.operator.blocks.TransformBlock
[290] WARN TestMethodFilter - NoClassDefFoundError: class org.apache.pinot.core.operator.InstanceResponseOperator
[290] WARN TestMethodFilter - NoClassDefFoundError: class org.apache.pinot.core.operator.BitmapDocIdSetOperator
[290] WARN TestMethodFilter - NoClassDefFoundError: class org.apache.pinot.core.operator.combine.AggregationOnlyCombineOperator
[290] WARN TestMethodFilter - NoClassDefFoundError: class org.apache.pinot.core.operator.combine.SelectionOnlyCombineOperator
[290] WARN TestMethodFilter - NoClassDefFoundError: class org.apache.pinot.core.operator.combine.MinMaxValueBasedSelectionOrderByCombineOperator
[290] WARN TestMethodFilter - NoClassDefFoundError: class org.apache.pinot.core.operator.combine.SelectionOrderByCombineOperator
[290] WARN TestMethodFilter - NoClassDefFoundError: class org.apache.pinot.core.operator.combine.GroupByCombineOperator
[290] WARN TestMethodFilter - NoClassDefFoundError: class org.apache.pinot.core.operator.combine.GroupByOrderByCombineOperator
[290] WARN TestMethodFilter - NoClassDefFoundError: class org.apache.pinot.core.operator.combine.DistinctCombineOperator
[291] WARN TestMethodFilter - NoClassDefFoundError: class org.apache.pinot.core.operator.ProjectionOperator
[291] WARN TestMethodFilter - NoClassDefFoundError: class org.apache.pinot.core.operator.filter.H3IndexFilterOperator
[291] WARN TestMethodFilter - NoClassDefFoundError: class org.apache.pinot.core.operator.filter.ExpressionFilterOperator
[291] WARN TestMethodFilter - NoClassDefFoundError: class org.apache.pinot.core.operator.filter.predicate.InPredicateEvaluatorFactory
[291] WARN TestMethodFilter - NoClassDefFoundError: class org.apache.pinot.core.operator.filter.predicate.PredicateUtils
[291] WARN TestMethodFilter - NoClassDefFoundError: class org.apache.pinot.core.operator.filter.predicate.NotEqualsPredicateEvaluatorFactory
[291] WARN TestMethodFilter - NoClassDefFoundError: class org.apache.pinot.core.operator.filter.predicate.RegexpLikePredicateEvaluatorFactory
[291] WARN TestMethodFilter - NoClassDefFoundError: class org.apache.pinot.core.operator.filter.predicate.RangePredicateEvaluatorFactory
[291] WARN TestMethodFilter - NoClassDefFoundError: class org.apache.pinot.core.operator.filter.predicate.FSTBasedRegexpPredicateEvaluatorFactory
[291] WARN TestMethodFilter - NoClassDefFoundError: class org.apache.pinot.core.operator.filter.predicate.EqualsPredicateEvaluatorFactory
[291] WARN TestMethodFilter - NoClassDefFoundError: class org.apache.pinot.core.operator.filter.predicate.NotInPredicateEvaluatorFactory
[291] WARN TestMethodFilter - NoClassDefFoundError: class org.apache.pinot.core.operator.filter.predicate.PredicateEvaluatorProvider
[291] WARN TestMethodFilter - NoClassDefFoundError: class org.apache.pinot.core.operator.filter.BitmapCollection
[291] WARN TestMethodFilter - NoClassDefFoundError: class org.apache.pinot.core.operator.filter.TextMatchFilterOperator
[291] WARN TestMethodFilter - NoClassDefFoundError: class org.apache.pinot.core.operator.filter.OrFilterOperator
[292] WARN TestMethodFilter - NoClassDefFoundError: class org.apache.pinot.core.operator.filter.MatchAllFilterOperator
[292] WARN TestMethodFilter - NoClassDefFoundError: class org.apache.pinot.core.operator.filter.CombinedFilterOperator
[292] WARN TestMethodFilter - NoClassDefFoundError: class org.apache.pinot.core.operator.filter.FilterOperatorUtils
[292] WARN TestMethodFilter - NoClassDefFoundError: class org.apache.pinot.core.operator.filter.AndFilterOperator
[292] WARN TestMethodFilter - NoClassDefFoundError: class org.apache.pinot.core.operator.filter.EmptyFilterOperator
[292] WARN TestMethodFilter - NoClassDefFoundError: class org.apache.pinot.core.operator.filter.ScanBasedFilterOperator
[292] WARN TestMethodFilter - NoClassDefFoundError: class org.apache.pinot.core.operator.filter.JsonMatchFilterOperator
[292] WARN TestMethodFilter - NoClassDefFoundError: class org.apache.pinot.core.operator.filter.BitmapBasedFilterOperator
[292] WARN TestMethodFilter - NoClassDefFoundError: class org.apache.pinot.core.operator.filter.NotFilterOperator
[292] WARN TestMethodFilter - NoClassDefFoundError: class org.apache.pinot.core.operator.filter.SortedIndexBasedFilterOperator
[292] WARN TestMethodFilter - NoClassDefFoundError: class org.apache.pinot.core.operator.filter.RangeIndexBasedFilterOperator
[292] WARN TestMethodFilter - NoClassDefFoundError: class org.apache.pinot.core.operator.docvalsets.TransformBlockValSet
[292] WARN TestMethodFilter - NoClassDefFoundError: class org.apache.pinot.core.operator.docvalsets.ProjectionBlockValSet
[292] WARN TestMethodFilter - NoClassDefFoundError: class org.apache.pinot.core.operator.docidsets.OrDocIdSet
[293] WARN TestMethodFilter - NoClassDefFoundError: class org.apache.pinot.core.operator.docidsets.AndDocIdSet
[293] WARN TestMethodFilter - NoClassDefFoundError: class org.apache.pinot.core.metadata.DefaultMetadataExtractor
[293] WARN TestMethodFilter - NoClassDefFoundError: class org.apache.pinot.queries.JsonMatchQueriesTest
[293] WARN TestMethodFilter - NoClassDefFoundError: class org.apache.pinot.queries.InterSegmentAggregationMultiValueQueriesTest
[293] WARN TestMethodFilter - NoClassDefFoundError: class org.apache.pinot.queries.NoDictionaryCompressionQueriesTest
[294] WARN TestMethodFilter - NoClassDefFoundError: class org.apache.pinot.queries.SegmentWithNullValueVectorTest
[294] WARN TestMethodFilter - NoClassDefFoundError: class org.apache.pinot.queries.InterSegmentAggregationSingleValueQueriesTest
[295] WARN TestMethodFilter - NoClassDefFoundError: class org.apache.pinot.queries.GapfillQueriesTest
[295] WARN TestMethodFilter - NoClassDefFoundError: class org.apache.pinot.queries.QueriesTestUtils
[295] WARN TestMethodFilter - NoClassDefFoundError: class org.apache.pinot.queries.DistinctCountBitmapQueriesTest
[295] WARN TestMethodFilter - NoClassDefFoundError: class org.apache.pinot.queries.IdSetQueriesTest
[295] WARN TestMethodFilter - NoClassDefFoundError: class org.apache.pinot.queries.InnerSegmentSelectionSingleValueQueriesTest
[296] WARN TestMethodFilter - NoClassDefFoundError: class org.apache.pinot.queries.SumPrecisionQueriesTest
[296] WARN TestMethodFilter - NoClassDefFoundError: class org.apache.pinot.queries.NotOperatorQueriesTest
[296] WARN TestMethodFilter - NoClassDefFoundError: class org.apache.pinot.queries.InterSegmentResultTableSingleValueQueriesTest
[296] WARN TestMethodFilter - NoClassDefFoundError: class org.apache.pinot.queries.PercentileTDigestMVQueriesTest
[296] WARN TestMethodFilter - NoClassDefFoundError: class org.apache.pinot.queries.JsonDataTypeQueriesTest
[296] WARN TestMethodFilter - NoClassDefFoundError: class org.apache.pinot.queries.InterSegmentResultTableMultiValueQueriesTest
[296] WARN TestMethodFilter - NoClassDefFoundError: class org.apache.pinot.queries.TimestampQueriesTest
[297] WARN TestMethodFilter - NoClassDefFoundError: class org.apache.pinot.queries.H3IndexQueriesTest
[297] WARN TestMethodFilter - NoClassDefFoundError: class org.apache.pinot.queries.InnerSegmentSelectionMultiValueQueriesTest
[297] WARN TestMethodFilter - NoClassDefFoundError: class org.apache.pinot.queries.UrlFunctionGroupByTest
[297] WARN TestMethodFilter - NoClassDefFoundError: class org.apache.pinot.queries.InnerSegmentAggregationMultiValueQueriesTest
[297] WARN TestMethodFilter - NoClassDefFoundError: class org.apache.pinot.queries.LastWithTimeQueriesTest
[298] WARN TestMethodFilter - NoClassDefFoundError: class org.apache.pinot.queries.FastHllQueriesTest
[298] WARN TestMethodFilter - NoClassDefFoundError: class org.apache.pinot.queries.JsonExtractScalarTest
[298] WARN TestMethodFilter - NoClassDefFoundError: class org.apache.pinot.queries.ModeQueriesTest
[298] WARN TestMethodFilter - NoClassDefFoundError: class org.apache.pinot.queries.InnerSegmentAggregationSingleValueQueriesTest
[298] WARN TestMethodFilter - NoClassDefFoundError: class org.apache.pinot.queries.BigDecimalQueriesTest
[298] WARN TestMethodFilter - NoClassDefFoundError: class org.apache.pinot.queries.TextSearchQueriesTest
[298] WARN TestMethodFilter - NoClassDefFoundError: class org.apache.pinot.queries.TransformQueriesTest
[299] WARN TestMethodFilter - NoClassDefFoundError: class org.apache.pinot.queries.PercentileTDigestQueriesTest
[299] WARN TestMethodFilter - NoClassDefFoundError: class org.apache.pinot.queries.JsonIngestionFromAvroQueriesTest
[299] WARN TestMethodFilter - NoClassDefFoundError: class org.apache.pinot.queries.RangePredicateWithSortedInvertedIndexTest
[299] WARN TestMethodFilter - NoClassDefFoundError: class org.apache.pinot.queries.DistinctCountQueriesTest
[299] WARN TestMethodFilter - NoClassDefFoundError: class org.apache.pinot.queries.DistinctCountThetaSketchQueriesTest
[299] WARN TestMethodFilter - NoClassDefFoundError: class org.apache.pinot.queries.SerializedBytesQueriesTest
[299] WARN TestMethodFilter - NoClassDefFoundError: class org.apache.pinot.queries.FilteredAggregationsTest
[299] WARN TestMethodFilter - NoClassDefFoundError: class org.apache.pinot.queries.InterSegmentOrderBySingleValueQueriesTest
[299] WARN TestMethodFilter - NoClassDefFoundError: class org.apache.pinot.queries.StUnionQueriesTest
[300] WARN TestMethodFilter - NoClassDefFoundError: class org.apache.pinot.queries.DistinctQueriesTest
[300] WARN TestMethodFilter - NoClassDefFoundError: class org.apache.pinot.queries.JsonPathQueriesTest
[300] WARN TestMethodFilter - NoClassDefFoundError: class org.apache.pinot.queries.FSTBasedRegexpLikeQueriesTest
[300] WARN TestMethodFilter - NoClassDefFoundError: class org.apache.pinot.queries.FastFilteredCountTest
[300] WARN TestMethodFilter - NoClassDefFoundError: class org.apache.pinot.queries.ExplainPlanQueriesTest
[300] WARN TestMethodFilter - NoClassDefFoundError: class org.apache.pinot.queries.BooleanQueriesTest
[301] WARN TestMethodFilter - NoClassDefFoundError: class org.apache.pinot.queries.SegmentPartitionedDistinctCountQueriesTest
[301] WARN TestMethodFilter - NoClassDefFoundError: class org.apache.pinot.queries.SumGreatestLeastQueriesTest
[301] WARN TestMethodFilter - NoClassDefFoundError: class org.apache.pinot.queries.InterSegmentOrderByMultiValueQueriesTest
[301] WARN TestMethodFilter - NoClassDefFoundError: class org.apache.pinot.core.startree.v2.PreAggregatedDistinctCountHLLStarTreeV2Test
[301] WARN TestMethodFilter - NoClassDefFoundError: class org.apache.pinot.core.startree.v2.CountStarTreeV2Test
[302] WARN TestMethodFilter - NoClassDefFoundError: class org.apache.pinot.core.startree.v2.MinMaxRangeStarTreeV2Test
[302] WARN TestMethodFilter - NoClassDefFoundError: class org.apache.pinot.core.startree.v2.AvgStarTreeV2Test
[302] WARN TestMethodFilter - NoClassDefFoundError: class org.apache.pinot.core.startree.v2.MinStarTreeV2Test
[302] WARN TestMethodFilter - NoClassDefFoundError: class org.apache.pinot.core.startree.v2.PercentileEstStarTreeV2Test
[303] WARN TestMethodFilter - NoClassDefFoundError: class org.apache.pinot.core.startree.v2.PreAggregatedAvgStarTreeV2Test
[303] WARN TestMethodFilter - NoClassDefFoundError: class org.apache.pinot.core.startree.v2.PreAggregatedPercentileTDigestStarTreeV2Test
[303] WARN TestMethodFilter - NoClassDefFoundError: class org.apache.pinot.core.startree.v2.PreAggregatedMinMaxRangeStarTreeV2Test
[303] WARN TestMethodFilter - NoClassDefFoundError: class org.apache.pinot.core.startree.v2.DistinctCountHLLStarTreeV2Test
[303] WARN TestMethodFilter - NoClassDefFoundError: class org.apache.pinot.core.startree.v2.SumPrecisionStarTreeV2Test
[304] WARN TestMethodFilter - NoClassDefFoundError: class org.apache.pinot.core.startree.v2.DistinctCountBitmapStarTreeV2Test
[304] WARN TestMethodFilter - NoClassDefFoundError: class org.apache.pinot.core.startree.v2.MaxStarTreeV2Test
[304] WARN TestMethodFilter - NoClassDefFoundError: class org.apache.pinot.core.startree.v2.PreAggregatedPercentileEstStarTreeV2Test
[304] WARN TestMethodFilter - NoClassDefFoundError: class org.apache.pinot.core.startree.v2.SumStarTreeV2Test
[305] WARN TestMethodFilter - NoClassDefFoundError: class org.apache.pinot.core.startree.v2.PercentileTDigestStarTreeV2Test
[305] WARN TestMethodFilter - NoClassDefFoundError: class org.apache.pinot.core.plan.maker.MetadataAndDictionaryAggregationPlanMakerTest
[305] WARN TestMethodFilter - NoClassDefFoundError: class org.apache.pinot.core.plan.maker.QueryOverrideWithHintsTest
[305] WARN TestMethodFilter - NoClassDefFoundError: class org.apache.pinot.core.common.ObjectSerDeUtilsTest
[305] WARN TestMethodFilter - NoClassDefFoundError: class org.apache.pinot.core.common.DataFetcherTest
[305] WARN TestMethodFilter - NoClassDefFoundError: class org.apache.pinot.core.common.datatable.DataTableSerDeTest
[305] WARN TestMethodFilter - NoClassDefFoundError: class org.apache.pinot.core.data.manager.realtime.PinotFSSegmentUploaderTest
[305] WARN TestMethodFilter - NoClassDefFoundError: class org.apache.pinot.core.data.manager.realtime.LLRealtimeSegmentDataManagerTest
[306] WARN TestMethodFilter - NoClassDefFoundError: class org.apache.pinot.core.data.manager.realtime.Server2ControllerSegmentUploaderTest
[306] WARN TestMethodFilter - NoClassDefFoundError: class org.apache.pinot.core.data.manager.offline.DimensionTableDataManagerTest
[306] WARN TestMethodFilter - NoClassDefFoundError: class org.apache.pinot.core.data.manager.BaseTableDataManagerAcquireSegmentTest
[306] WARN TestMethodFilter - NoClassDefFoundError: class org.apache.pinot.core.data.manager.BaseTableDataManagerTest
[306] WARN TestMethodFilter - NoClassDefFoundError: class org.apache.pinot.core.data.function.DateTimeFunctionsTest
[306] WARN TestMethodFilter - NoClassDefFoundError: class org.apache.pinot.core.data.function.ArrayFunctionsTest
[306] WARN TestMethodFilter - NoClassDefFoundError: class org.apache.pinot.core.data.function.GroovyFunctionEvaluatorTest
[306] WARN TestMethodFilter - NoClassDefFoundError: class org.apache.pinot.core.data.function.ArithmeticFunctionsTest
[306] WARN TestMethodFilter - NoClassDefFoundError: class org.apache.pinot.core.data.function.JsonFunctionsTest
[306] WARN TestMethodFilter - NoClassDefFoundError: class org.apache.pinot.core.data.table.TableResizerTest
[307] WARN TestMethodFilter - NoClassDefFoundError: class org.apache.pinot.core.realtime.impl.fakestream.FakeStreamConfigUtils
[308] WARN TestMethodFilter - NoClassDefFoundError: class org.apache.pinot.core.minion.SegmentPurgerTest
[308] WARN TestMethodFilter - NoClassDefFoundError: class org.apache.pinot.core.query.scheduler.TestSchedulerGroupFactory
[308] WARN TestMethodFilter - NoClassDefFoundError: class org.apache.pinot.core.query.scheduler.resources.ResourceManagerTest
[308] WARN TestMethodFilter - NoClassDefFoundError: class org.apache.pinot.core.query.scheduler.TestHelper
[309] WARN TestMethodFilter - NoClassDefFoundError: class org.apache.pinot.core.query.scheduler.MultiLevelPriorityQueueTest
[309] WARN TestMethodFilter - NoClassDefFoundError: class org.apache.pinot.core.query.optimizer.statement.TestHelper
[309] WARN TestMethodFilter - NoClassDefFoundError: class org.apache.pinot.core.query.optimizer.QueryOptimizerTest
[309] WARN TestMethodFilter - NoClassDefFoundError: class org.apache.pinot.core.query.executor.QueryExecutorExceptionsTest
[309] WARN TestMethodFilter - NoClassDefFoundError: class org.apache.pinot.core.query.executor.QueryExecutorTest
[310] WARN TestMethodFilter - NoClassDefFoundError: class org.apache.pinot.core.query.request.context.utils.BrokerRequestToQueryContextConverterTest
[310] WARN TestMethodFilter - NoClassDefFoundError: class org.apache.pinot.core.query.pruner.ColumnValueSegmentPrunerTest
[310] WARN TestMethodFilter - NoClassDefFoundError: class org.apache.pinot.core.query.pruner.SelectionQuerySegmentPrunerTest
[310] WARN TestMethodFilter - NoClassDefFoundError: class org.apache.pinot.core.query.reduce.StreamingReduceServiceTest
[310] WARN TestMethodFilter - NoClassDefFoundError: class org.apache.pinot.core.query.aggregation.DefaultAggregationExecutorTest
[310] WARN TestMethodFilter - NoClassDefFoundError: class org.apache.pinot.core.query.aggregation.function.AggregationFunctionFactoryTest
[311] WARN TestMethodFilter - NoClassDefFoundError: class org.apache.pinot.core.query.aggregation.groupby.NoDictionaryGroupKeyGeneratorTest
[311] WARN TestMethodFilter - NoClassDefFoundError: class org.apache.pinot.core.query.aggregation.groupby.DictionaryBasedGroupKeyGeneratorTest
[311] WARN TestMethodFilter - NoClassDefFoundError: class org.apache.pinot.core.query.aggregation.groupby.GroupByTrimTest
[311] WARN TestMethodFilter - NoClassDefFoundError: class org.apache.pinot.core.query.postaggregation.PostAggregationFunctionTest
[311] WARN TestMethodFilter - NoClassDefFoundError: class org.apache.pinot.core.transport.QueryRoutingTest
[312] WARN TestMethodFilter - NoClassDefFoundError: class org.apache.pinot.core.segment.processing.framework.SegmentMapperTest
[312] WARN TestMethodFilter - NoClassDefFoundError: class org.apache.pinot.core.segment.processing.framework.SegmentProcessorFrameworkTest
[312] WARN TestMethodFilter - NoClassDefFoundError: class org.apache.pinot.core.geospatial.transform.GeoInputOutputTest
[313] WARN TestMethodFilter - NoClassDefFoundError: class org.apache.pinot.core.geospatial.transform.StPointFunctionTest
[313] WARN TestMethodFilter - NoClassDefFoundError: class org.apache.pinot.core.geospatial.transform.StAreaFunctionTest
[313] WARN TestMethodFilter - NoClassDefFoundError: class org.apache.pinot.core.geospatial.transform.StContainsFunctionTest
[313] WARN TestMethodFilter - NoClassDefFoundError: class org.apache.pinot.core.geospatial.transform.StWithinFunctionTest
[313] WARN TestMethodFilter - NoClassDefFoundError: class org.apache.pinot.core.geospatial.transform.StDistanceFunctionTest
[313] WARN TestMethodFilter - NoClassDefFoundError: class org.apache.pinot.core.geospatial.transform.StGeometryTypeFunctionTest
[313] WARN TestMethodFilter - NoClassDefFoundError: class org.apache.pinot.core.geospatial.transform.StEqualFunctionTest
[313] WARN TestMethodFilter - NoClassDefFoundError: class org.apache.pinot.core.geospatial.transform.GeoToH3FunctionTest
[313] WARN TestMethodFilter - NoClassDefFoundError: class org.apache.pinot.core.geospatial.serde.GeometrySerdeTest
[313] WARN TestMethodFilter - NoClassDefFoundError: class org.apache.pinot.core.util.CrcUtilsTest
[314] WARN TestMethodFilter - NoClassDefFoundError: class org.apache.pinot.core.util.SchemaUtilsTest
[314] WARN TestMethodFilter - NoClassDefFoundError: class org.apache.pinot.core.operator.dociditerators.OrDocIdIteratorTest
[314] WARN TestMethodFilter - NoClassDefFoundError: class org.apache.pinot.core.operator.dociditerators.NotDocIdIteratorTest
[314] WARN TestMethodFilter - NoClassDefFoundError: class org.apache.pinot.core.operator.dociditerators.BitmapDocIdIteratorTest
[314] WARN TestMethodFilter - NoClassDefFoundError: class org.apache.pinot.core.operator.dociditerators.AndDocIdIteratorTest
[315] WARN TestMethodFilter - NoClassDefFoundError: class org.apache.pinot.core.operator.transform.function.AdditionTransformFunctionTest
[315] WARN TestMethodFilter - NoClassDefFoundError: class org.apache.pinot.core.operator.transform.function.RoundDecimalTransformFunctionTest
[315] WARN TestMethodFilter - NoClassDefFoundError: class org.apache.pinot.core.operator.transform.function.ArrayLengthTransformFunctionTest
[315] WARN TestMethodFilter - NoClassDefFoundError: class org.apache.pinot.core.operator.transform.function.AndOperatorTransformFunctionTest
[315] WARN TestMethodFilter - NoClassDefFoundError: class org.apache.pinot.core.operator.transform.function.JsonExtractScalarTransformFunctionTest
[316] WARN TestMethodFilter - NoClassDefFoundError: class org.apache.pinot.core.operator.transform.function.LessThanOrEqualTransformFunctionTest
[316] WARN TestMethodFilter - NoClassDefFoundError: class org.apache.pinot.core.operator.transform.function.TrigonometricFunctionsTest
[316] WARN TestMethodFilter - NoClassDefFoundError: class org.apache.pinot.core.operator.transform.function.LessThanTransformFunctionTest
[316] WARN TestMethodFilter - NoClassDefFoundError: class org.apache.pinot.core.operator.transform.function.ValueInTransformFunctionTest
[317] WARN TestMethodFilter - NoClassDefFoundError: class org.apache.pinot.core.operator.transform.function.EqualsTransformFunctionTest
[317] WARN TestMethodFilter - NoClassDefFoundError: class org.apache.pinot.core.operator.transform.function.DateTruncTransformFunctionTest
[317] WARN TestMethodFilter - NoClassDefFoundError: class org.apache.pinot.core.operator.transform.function.LookupTransformFunctionTest
[317] WARN TestMethodFilter - NoClassDefFoundError: class org.apache.pinot.core.operator.transform.function.ArrayAverageTransformFunctionTest
[317] WARN TestMethodFilter - NoClassDefFoundError: class org.apache.pinot.core.operator.transform.function.InTransformFunctionTest
[317] WARN TestMethodFilter - NoClassDefFoundError: class org.apache.pinot.core.operator.transform.function.TimeConversionTransformFunctionTest
[318] WARN TestMethodFilter - NoClassDefFoundError: class org.apache.pinot.core.operator.transform.function.TupleSelectionTransformFunctionsTest
[318] WARN TestMethodFilter - NoClassDefFoundError: class org.apache.pinot.core.operator.transform.function.ArrayMaxTransformFunctionTest
[318] WARN TestMethodFilter - NoClassDefFoundError: class org.apache.pinot.core.operator.transform.function.ArrayMinTransformFunctionTest
[318] WARN TestMethodFilter - NoClassDefFoundError: class org.apache.pinot.core.operator.transform.function.ModuloTransformFunctionTest
[318] WARN TestMethodFilter - NoClassDefFoundError: class org.apache.pinot.core.operator.transform.function.NotEqualsTransformFunctionTest
[319] WARN TestMethodFilter - NoClassDefFoundError: class org.apache.pinot.core.operator.transform.function.CaseTransformFunctionTest
[319] WARN TestMethodFilter - NoClassDefFoundError: class org.apache.pinot.core.operator.transform.function.ScalarTransformFunctionWrapperTest
[319] WARN TestMethodFilter - NoClassDefFoundError: class org.apache.pinot.core.operator.transform.function.OrOperatorTransformFunctionTest
[319] WARN TestMethodFilter - NoClassDefFoundError: class org.apache.pinot.core.operator.transform.function.GreaterThanTransformFunctionTest
[319] WARN TestMethodFilter - NoClassDefFoundError: class org.apache.pinot.core.operator.transform.function.PowerTransformFunctionTest
[320] WARN TestMethodFilter - NoClassDefFoundError: class org.apache.pinot.core.operator.transform.function.SubtractionTransformFunctionTest
[320] WARN TestMethodFilter - NoClassDefFoundError: class org.apache.pinot.core.operator.transform.function.TruncateDecimalTransformFunctionTest
[320] WARN TestMethodFilter - NoClassDefFoundError: class org.apache.pinot.core.operator.transform.function.GroovyTransformFunctionTest
[320] WARN TestMethodFilter - NoClassDefFoundError: class org.apache.pinot.core.operator.transform.function.DivisionTransformFunctionTest
[321] WARN TestMethodFilter - NoClassDefFoundError: class org.apache.pinot.core.operator.transform.function.MultiplicationTransformFunctionTest
[321] WARN TestMethodFilter - NoClassDefFoundError: class org.apache.pinot.core.operator.transform.function.SingleParamMathTransformFunctionTest
[321] WARN TestMethodFilter - NoClassDefFoundError: class org.apache.pinot.core.operator.transform.function.GreaterThanOrEqualTransformFunctionTest
[321] WARN TestMethodFilter - NoClassDefFoundError: class org.apache.pinot.core.operator.transform.function.RegexpTransformFunctionTest
[321] WARN TestMethodFilter - NoClassDefFoundError: class org.apache.pinot.core.operator.transform.function.CastTransformFunctionTest
[322] WARN TestMethodFilter - NoClassDefFoundError: class org.apache.pinot.core.operator.transform.function.ArraySumTransformFunctionTest
[322] WARN TestMethodFilter - NoClassDefFoundError: class org.apache.pinot.core.operator.transform.function.NullHandlingTransformFunctionTest
[322] WARN TestMethodFilter - NoClassDefFoundError: class org.apache.pinot.core.operator.transform.function.DateTimeTransformFunctionTest
[322] WARN TestMethodFilter - NoClassDefFoundError: class org.apache.pinot.core.operator.transform.function.DateTimeConversionTransformFunctionTest
[322] WARN TestMethodFilter - NoClassDefFoundError: class org.apache.pinot.core.operator.combine.SelectionCombineOperatorTest
[323] WARN TestMethodFilter - NoClassDefFoundError: class org.apache.pinot.core.operator.filter.TestFilterOperator
[323] WARN TestMethodFilter - NoClassDefFoundError: class org.apache.pinot.core.operator.filter.predicate.NoDictionaryRangePredicateEvaluatorTest
[323] WARN TestMethodFilter - NoClassDefFoundError: class org.apache.pinot.core.operator.filter.predicate.NoDictionaryInPredicateEvaluatorTest
[323] WARN TestMethodFilter - NoClassDefFoundError: class org.apache.pinot.core.operator.filter.predicate.RangeOfflineDictionaryPredicateEvaluatorTest
[323] WARN TestMethodFilter - NoClassDefFoundError: class org.apache.pinot.core.operator.filter.BitmapCollectionTest
[323] WARN TestMethodFilter - NoClassDefFoundError: class org.apache.pinot.realtime.converter.RealtimeSegmentConverterTest
[326] INFO CoverageRunner - Tests found: 0
[326] INFO CoverageRunner - Tests executed: 0
05:49:06.697 [main] INFO  fr.inria.jtravis.JTravis - GitHub ratelimit: Limit: 5000 Remaining: 3352 Reset hour: 03:06:58
05:49:07.999 [main] WARN  f.i.s.r.p.s.p.PushFaultLocalizationSuggestionsOnGitHubRepository - Flacoco has found 0 suspicious lines, but none were matched to the diff
05:49:07.999 [main] INFO  f.i.s.r.p.s.f.FlacocoLocalization - 
05:49:12.057 [main] INFO  f.i.s.r.p.i.ProjectInspector - ----------------------------------------------------------------------
05:49:12.057 [main] INFO  f.i.s.r.p.i.ProjectInspector - PIPELINE EXECUTION SUMMARY
05:49:12.057 [main] INFO  f.i.s.r.p.i.ProjectInspector - ----------------------------------------------------------------------
05:49:12.058 [main] INFO  f.i.s.r.p.i.ProjectInspector - CloneCheckoutGitPullRequest..........................SUCCESS [  22 s ]
05:49:12.058 [main] INFO  f.i.s.r.p.i.ProjectInspector - BuildProject.........................................SUCCESS [ 427 s ]
05:49:12.058 [main] INFO  f.i.s.r.p.i.ProjectInspector - TestProject..........................................SUCCESS [ 893 s ]
05:49:12.058 [main] INFO  f.i.s.r.p.i.ProjectInspector - ComputeClasspath.....................................SUCCESS [   6 s ]
05:49:12.058 [main] INFO  f.i.s.r.p.i.ProjectInspector - ComputeSourceDir.....................................SUCCESS [   0 s ]
05:49:12.058 [main] INFO  f.i.s.r.p.i.ProjectInspector - ComputeTestDir.......................................SUCCESS [   0 s ]
05:49:12.058 [main] INFO  f.i.s.r.p.i.ProjectInspector - GatherTestInformation................................SUCCESS [   0 s ]
05:49:12.058 [main] INFO  f.i.s.r.p.i.ProjectInspector - FlacocoLocalization..................................SUCCESS [   0 s ]
05:49:12.058 [main] INFO  f.i.s.r.p.i.ProjectInspector - PushFaultLocalizationSuggestionsOnGitHubRepository...SKIPPED          
05:49:12.058 [main] INFO  f.i.s.r.p.i.ProjectInspector - ----------------------------------------------------------------------
05:49:12.058 [main] INFO  f.i.s.r.p.i.ProjectInspector - PIPELINE FINDING: TEST FAILURE
05:49:12.058 [main] INFO  f.i.s.r.p.i.ProjectInspector - ----------------------------------------------------------------------
05:49:12.058 [main] INFO  f.i.s.r.p.github.GithubMainProcess - Inspector is finished. The process will exit now.
