Execute pipeline with following supplementary args: --smtpPort 25 --listenerMode NOOP --launcherMode FAULT_LOCALIZATION  --gitrepourl https://github.com/apache/pinot --gitrepopullrequest 8518
java -cp /usr/local/openjdk-11/lib/tools.jar:repairnator-pipeline.jar -Dlogback.configurationFile=/root/logback.xml fr.inria.spirals.repairnator.pipeline.Launcher -d --runId null -o /var/log --ghOauth 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 --faultLocalization --flacocoThreshold 0.0 --flacocoTopK null --flacocoResultsRepository flacocobot/2022-flacocobot-experiment --ghOauth  --smtpPort 25 --listenerMode NOOP --launcherMode FAULT_LOCALIZATION  --gitrepourl https://github.com/apache/pinot --gitrepopullrequest 8518

23:59:46.334 [main] INFO  f.i.s.r.p.g.GithubInitSerializerEngines - Initialize file serializer engines.
23:59:46.335 [main] INFO  f.i.s.r.p.g.GithubInitSerializerEngines - MongoDB won't be used for serialization.
23:59:46.335 [main] INFO  f.i.s.r.p.github.GithubInitNotifiers - The email notifier engine won't be used.
23:59:46.349 [main] INFO  f.i.s.r.p.i.ProjectInspector - ----------------------------------------------------------------------
23:59:46.349 [main] INFO  f.i.s.r.p.i.ProjectInspector - PIPELINE STEPS
23:59:46.349 [main] INFO  f.i.s.r.p.i.ProjectInspector - ----------------------------------------------------------------------
23:59:46.349 [main] INFO  f.i.s.r.p.i.ProjectInspector - CloneCheckoutGitPullRequest
23:59:46.349 [main] INFO  f.i.s.r.p.i.ProjectInspector - BuildProject
23:59:46.349 [main] INFO  f.i.s.r.p.i.ProjectInspector - TestProject
23:59:46.349 [main] INFO  f.i.s.r.p.i.ProjectInspector - ComputeClasspath
23:59:46.349 [main] INFO  f.i.s.r.p.i.ProjectInspector - ComputeSourceDir
23:59:46.349 [main] INFO  f.i.s.r.p.i.ProjectInspector - ComputeTestDir
23:59:46.349 [main] INFO  f.i.s.r.p.i.ProjectInspector - GatherTestInformation
23:59:46.349 [main] INFO  f.i.s.r.p.i.ProjectInspector - FlacocoLocalization
23:59:46.349 [main] INFO  f.i.s.r.p.i.ProjectInspector - PushFaultLocalizationSuggestionsOnGitHubRepository
23:59:46.349 [main] INFO  f.i.s.r.p.s.CloneCheckoutGitPullRequest - Cloning repository https://github.com/apache/pinot.git in the following directory: ./workspace/apache-pinot-master-8518_repo
00:07:48.108 [Thread-7] ERROR f.i.s.r.p.m.o.MavenFilterOutputHandler - [ERROR] WARNING: An illegal reflective access operation has occurred
00:07:48.110 [Thread-7] ERROR f.i.s.r.p.m.o.MavenFilterOutputHandler - [ERROR] WARNING: Illegal reflective access by org.apache.pinot.spi.config.ConfigUtilsTest (file:/root/workspace/apache-pinot-master-8518_repo/pinot-spi/target/test-classes/) to field java.util.Collections$UnmodifiableMap.m
00:07:48.110 [Thread-7] ERROR f.i.s.r.p.m.o.MavenFilterOutputHandler - [ERROR] WARNING: Please consider reporting this to the maintainers of org.apache.pinot.spi.config.ConfigUtilsTest
00:07:48.110 [Thread-7] ERROR f.i.s.r.p.m.o.MavenFilterOutputHandler - [ERROR] WARNING: Use --illegal-access=warn to enable warnings of further illegal reflective access operations
00:07:48.110 [Thread-7] ERROR f.i.s.r.p.m.o.MavenFilterOutputHandler - [ERROR] WARNING: All illegal access operations will be denied in a future release
00:07:57.624 [Thread-7] ERROR f.i.s.r.p.m.o.MavenFilterOutputHandler - [ERROR] WARNING: An illegal reflective access operation has occurred
00:07:57.624 [Thread-7] ERROR f.i.s.r.p.m.o.MavenFilterOutputHandler - [ERROR] WARNING: Illegal reflective access by xerial.larray.buffer.UnsafeUtil (file:/root/workspace/apache-pinot-master-8518_repo/.m2/org/xerial/larray/larray-buffer/0.4.1/larray-buffer-0.4.1.jar) to constructor java.nio.DirectByteBuffer(long,int,java.lang.Object)
00:07:57.624 [Thread-7] ERROR f.i.s.r.p.m.o.MavenFilterOutputHandler - [ERROR] WARNING: Please consider reporting this to the maintainers of xerial.larray.buffer.UnsafeUtil
00:07:57.624 [Thread-7] ERROR f.i.s.r.p.m.o.MavenFilterOutputHandler - [ERROR] WARNING: Use --illegal-access=warn to enable warnings of further illegal reflective access operations
00:07:57.625 [Thread-7] ERROR f.i.s.r.p.m.o.MavenFilterOutputHandler - [ERROR] WARNING: All illegal access operations will be denied in a future release
00:08:20.489 [Thread-8] ERROR f.i.s.r.p.m.output.MavenErrorHandler - java.lang.NullPointerException
00:08:20.490 [Thread-8] ERROR f.i.s.r.p.m.output.MavenErrorHandler - 	at org.testng.reporters.JUnitXMLReporter.generateReport(JUnitXMLReporter.java:152)
00:08:20.490 [Thread-8] ERROR f.i.s.r.p.m.output.MavenErrorHandler - 	at org.testng.reporters.JUnitXMLReporter.onFinish(JUnitXMLReporter.java:112)
00:08:20.490 [Thread-8] ERROR f.i.s.r.p.m.output.MavenErrorHandler - 	at org.testng.TestRunner.fireEvent(TestRunner.java:1187)
00:08:20.490 [Thread-8] ERROR f.i.s.r.p.m.output.MavenErrorHandler - 	at org.testng.TestRunner.afterRun(TestRunner.java:976)
00:08:20.490 [Thread-8] ERROR f.i.s.r.p.m.output.MavenErrorHandler - 	at org.testng.TestRunner.run(TestRunner.java:606)
00:08:20.490 [Thread-8] ERROR f.i.s.r.p.m.output.MavenErrorHandler - 	at org.testng.SuiteRunner.runTest(SuiteRunner.java:380)
00:08:20.490 [Thread-8] ERROR f.i.s.r.p.m.output.MavenErrorHandler - 	at org.testng.SuiteRunner.runSequentially(SuiteRunner.java:375)
00:08:20.490 [Thread-8] ERROR f.i.s.r.p.m.output.MavenErrorHandler - 	at org.testng.SuiteRunner.privateRun(SuiteRunner.java:340)
00:08:20.490 [Thread-8] ERROR f.i.s.r.p.m.output.MavenErrorHandler - 	at org.testng.SuiteRunner.run(SuiteRunner.java:289)
00:08:20.490 [Thread-8] ERROR f.i.s.r.p.m.output.MavenErrorHandler - 	at org.testng.SuiteRunnerWorker.runSuite(SuiteRunnerWorker.java:52)
00:08:20.490 [Thread-8] ERROR f.i.s.r.p.m.output.MavenErrorHandler - 	at org.testng.SuiteRunnerWorker.run(SuiteRunnerWorker.java:86)
00:08:20.490 [Thread-8] ERROR f.i.s.r.p.m.output.MavenErrorHandler - 	at org.testng.TestNG.runSuitesSequentially(TestNG.java:1301)
00:08:20.490 [Thread-8] ERROR f.i.s.r.p.m.output.MavenErrorHandler - 	at org.testng.TestNG.runSuitesLocally(TestNG.java:1226)
00:08:20.490 [Thread-8] ERROR f.i.s.r.p.m.output.MavenErrorHandler - 	at org.testng.TestNG.runSuites(TestNG.java:1144)
00:08:20.490 [Thread-8] ERROR f.i.s.r.p.m.output.MavenErrorHandler - 	at org.testng.TestNG.run(TestNG.java:1115)
00:08:20.491 [Thread-8] ERROR f.i.s.r.p.m.output.MavenErrorHandler - 	at org.apache.maven.surefire.testng.TestNGExecutor.run(TestNGExecutor.java:136)
00:08:20.491 [Thread-8] ERROR f.i.s.r.p.m.output.MavenErrorHandler - 	at org.apache.maven.surefire.testng.TestNGDirectoryTestSuite.executeSingleClass(TestNGDirectoryTestSuite.java:112)
00:08:20.491 [Thread-8] ERROR f.i.s.r.p.m.output.MavenErrorHandler - 	at org.apache.maven.surefire.testng.TestNGDirectoryTestSuite.execute(TestNGDirectoryTestSuite.java:99)
00:08:20.491 [Thread-8] ERROR f.i.s.r.p.m.output.MavenErrorHandler - 	at org.apache.maven.surefire.testng.TestNGProvider.invoke(TestNGProvider.java:145)
00:08:20.491 [Thread-8] ERROR f.i.s.r.p.m.output.MavenErrorHandler - 	at org.apache.maven.surefire.booter.ForkedBooter.runSuitesInProcess(ForkedBooter.java:428)
00:08:20.491 [Thread-8] ERROR f.i.s.r.p.m.output.MavenErrorHandler - 	at org.apache.maven.surefire.booter.ForkedBooter.execute(ForkedBooter.java:162)
00:08:20.491 [Thread-8] ERROR f.i.s.r.p.m.output.MavenErrorHandler - 	at org.apache.maven.surefire.booter.ForkedBooter.run(ForkedBooter.java:562)
00:08:20.491 [Thread-8] ERROR f.i.s.r.p.m.output.MavenErrorHandler - 	at org.apache.maven.surefire.booter.ForkedBooter.main(ForkedBooter.java:548)
00:08:20.491 [Thread-8] ERROR f.i.s.r.p.m.output.MavenErrorHandler - [TestNG] Reporter org.testng.reporters.JUnitReportReporter@6a84bc2a failed
00:08:20.491 [Thread-8] ERROR f.i.s.r.p.m.output.MavenErrorHandler - java.lang.NullPointerException
00:08:20.491 [Thread-8] ERROR f.i.s.r.p.m.output.MavenErrorHandler - 	at org.testng.reporters.JUnitReportReporter.generateReport(JUnitReportReporter.java:146)
00:08:20.491 [Thread-8] ERROR f.i.s.r.p.m.output.MavenErrorHandler - 	at org.testng.TestNG.generateReports(TestNG.java:1192)
00:08:20.491 [Thread-8] ERROR f.i.s.r.p.m.output.MavenErrorHandler - 	at org.testng.TestNG.run(TestNG.java:1120)
00:08:20.491 [Thread-8] ERROR f.i.s.r.p.m.output.MavenErrorHandler - 	at org.apache.maven.surefire.testng.TestNGExecutor.run(TestNGExecutor.java:136)
00:08:20.491 [Thread-8] ERROR f.i.s.r.p.m.output.MavenErrorHandler - 	at org.apache.maven.surefire.testng.TestNGDirectoryTestSuite.executeSingleClass(TestNGDirectoryTestSuite.java:112)
00:08:20.491 [Thread-8] ERROR f.i.s.r.p.m.output.MavenErrorHandler - 	at org.apache.maven.surefire.testng.TestNGDirectoryTestSuite.execute(TestNGDirectoryTestSuite.java:99)
00:08:20.491 [Thread-8] ERROR f.i.s.r.p.m.output.MavenErrorHandler - 	at org.apache.maven.surefire.testng.TestNGProvider.invoke(TestNGProvider.java:145)
00:08:20.491 [Thread-8] ERROR f.i.s.r.p.m.output.MavenErrorHandler - 	at org.apache.maven.surefire.booter.ForkedBooter.runSuitesInProcess(ForkedBooter.java:428)
00:08:20.491 [Thread-8] ERROR f.i.s.r.p.m.output.MavenErrorHandler - 	at org.apache.maven.surefire.booter.ForkedBooter.execute(ForkedBooter.java:162)
00:08:20.491 [Thread-8] ERROR f.i.s.r.p.m.output.MavenErrorHandler - 	at org.apache.maven.surefire.booter.ForkedBooter.run(ForkedBooter.java:562)
00:08:20.491 [Thread-8] ERROR f.i.s.r.p.m.output.MavenErrorHandler - 	at org.apache.maven.surefire.booter.ForkedBooter.main(ForkedBooter.java:548)
00:09:35.119 [Thread-7] ERROR f.i.s.r.p.m.o.MavenFilterOutputHandler - [ERROR] WARNING: An illegal reflective access operation has occurred
00:09:35.119 [Thread-7] ERROR f.i.s.r.p.m.o.MavenFilterOutputHandler - [ERROR] WARNING: Illegal reflective access by org.codehaus.groovy.vmplugin.v7.Java7$1 (file:/root/workspace/apache-pinot-master-8518_repo/.m2/org/codehaus/groovy/groovy-all/2.4.21/groovy-all-2.4.21.jar) to constructor java.lang.invoke.MethodHandles$Lookup(java.lang.Class,int)
00:09:35.119 [Thread-7] ERROR f.i.s.r.p.m.o.MavenFilterOutputHandler - [ERROR] WARNING: Please consider reporting this to the maintainers of org.codehaus.groovy.vmplugin.v7.Java7$1
00:09:35.119 [Thread-7] ERROR f.i.s.r.p.m.o.MavenFilterOutputHandler - [ERROR] WARNING: Use --illegal-access=warn to enable warnings of further illegal reflective access operations
00:09:35.120 [Thread-7] ERROR f.i.s.r.p.m.o.MavenFilterOutputHandler - [ERROR] WARNING: All illegal access operations will be denied in a future release
00:09:49.145 [Thread-7] ERROR f.i.s.r.p.m.o.MavenFilterOutputHandler - [ERROR] WARNING: An illegal reflective access operation has occurred
00:09:49.145 [Thread-7] ERROR f.i.s.r.p.m.o.MavenFilterOutputHandler - [ERROR] WARNING: Illegal reflective access by org.codehaus.groovy.vmplugin.v7.Java7$1 (file:/root/workspace/apache-pinot-master-8518_repo/.m2/org/codehaus/groovy/groovy-all/2.4.21/groovy-all-2.4.21.jar) to constructor java.lang.invoke.MethodHandles$Lookup(java.lang.Class,int)
00:09:49.145 [Thread-7] ERROR f.i.s.r.p.m.o.MavenFilterOutputHandler - [ERROR] WARNING: Please consider reporting this to the maintainers of org.codehaus.groovy.vmplugin.v7.Java7$1
00:09:49.145 [Thread-7] ERROR f.i.s.r.p.m.o.MavenFilterOutputHandler - [ERROR] WARNING: Use --illegal-access=warn to enable warnings of further illegal reflective access operations
00:09:49.145 [Thread-7] ERROR f.i.s.r.p.m.o.MavenFilterOutputHandler - [ERROR] WARNING: All illegal access operations will be denied in a future release
00:09:52.805 [Thread-7] ERROR f.i.s.r.p.m.o.MavenFilterOutputHandler - [ERROR] WARNING: An illegal reflective access operation has occurred
00:09:52.805 [Thread-7] ERROR f.i.s.r.p.m.o.MavenFilterOutputHandler - [ERROR] WARNING: Illegal reflective access by org.codehaus.groovy.vmplugin.v7.Java7$1 (file:/root/workspace/apache-pinot-master-8518_repo/.m2/org/codehaus/groovy/groovy-all/2.4.21/groovy-all-2.4.21.jar) to constructor java.lang.invoke.MethodHandles$Lookup(java.lang.Class,int)
00:09:52.805 [Thread-7] ERROR f.i.s.r.p.m.o.MavenFilterOutputHandler - [ERROR] WARNING: Please consider reporting this to the maintainers of org.codehaus.groovy.vmplugin.v7.Java7$1
00:09:52.805 [Thread-7] ERROR f.i.s.r.p.m.o.MavenFilterOutputHandler - [ERROR] WARNING: Use --illegal-access=warn to enable warnings of further illegal reflective access operations
00:09:52.805 [Thread-7] ERROR f.i.s.r.p.m.o.MavenFilterOutputHandler - [ERROR] WARNING: All illegal access operations will be denied in a future release
00:09:54.929 [Thread-7] ERROR f.i.s.r.p.m.o.MavenFilterOutputHandler - [ERROR] WARNING: An illegal reflective access operation has occurred
00:09:54.929 [Thread-7] ERROR f.i.s.r.p.m.o.MavenFilterOutputHandler - [ERROR] WARNING: Illegal reflective access by org.codehaus.groovy.vmplugin.v7.Java7$1 (file:/root/workspace/apache-pinot-master-8518_repo/.m2/org/codehaus/groovy/groovy-all/2.4.21/groovy-all-2.4.21.jar) to constructor java.lang.invoke.MethodHandles$Lookup(java.lang.Class,int)
00:09:54.929 [Thread-7] ERROR f.i.s.r.p.m.o.MavenFilterOutputHandler - [ERROR] WARNING: Please consider reporting this to the maintainers of org.codehaus.groovy.vmplugin.v7.Java7$1
00:09:54.930 [Thread-7] ERROR f.i.s.r.p.m.o.MavenFilterOutputHandler - [ERROR] WARNING: Use --illegal-access=warn to enable warnings of further illegal reflective access operations
00:09:54.930 [Thread-7] ERROR f.i.s.r.p.m.o.MavenFilterOutputHandler - [ERROR] WARNING: All illegal access operations will be denied in a future release
00:10:52.689 [Thread-7] ERROR f.i.s.r.p.m.o.MavenFilterOutputHandler - [ERROR] WARNING: An illegal reflective access operation has occurred
00:10:52.689 [Thread-7] ERROR f.i.s.r.p.m.o.MavenFilterOutputHandler - [ERROR] WARNING: Illegal reflective access by org.codehaus.groovy.vmplugin.v7.Java7$1 (file:/root/workspace/apache-pinot-master-8518_repo/.m2/org/codehaus/groovy/groovy-all/2.4.21/groovy-all-2.4.21.jar) to constructor java.lang.invoke.MethodHandles$Lookup(java.lang.Class,int)
00:10:52.689 [Thread-7] ERROR f.i.s.r.p.m.o.MavenFilterOutputHandler - [ERROR] WARNING: Please consider reporting this to the maintainers of org.codehaus.groovy.vmplugin.v7.Java7$1
00:10:52.689 [Thread-7] ERROR f.i.s.r.p.m.o.MavenFilterOutputHandler - [ERROR] WARNING: Use --illegal-access=warn to enable warnings of further illegal reflective access operations
00:10:52.689 [Thread-7] ERROR f.i.s.r.p.m.o.MavenFilterOutputHandler - [ERROR] WARNING: All illegal access operations will be denied in a future release
00:11:33.786 [Thread-7] ERROR f.i.s.r.p.m.o.MavenFilterOutputHandler - [ERROR] WARNING: An illegal reflective access operation has occurred
00:11:33.787 [Thread-7] ERROR f.i.s.r.p.m.o.MavenFilterOutputHandler - [ERROR] WARNING: Illegal reflective access by xerial.larray.mmap.MMapBuffer (file:/root/workspace/apache-pinot-master-8518_repo/.m2/org/xerial/larray/larray-mmap/0.4.1/larray-mmap-0.4.1.jar) to field java.io.FileDescriptor.fd
00:11:33.787 [Thread-7] ERROR f.i.s.r.p.m.o.MavenFilterOutputHandler - [ERROR] WARNING: Please consider reporting this to the maintainers of xerial.larray.mmap.MMapBuffer
00:11:33.787 [Thread-7] ERROR f.i.s.r.p.m.o.MavenFilterOutputHandler - [ERROR] WARNING: Use --illegal-access=warn to enable warnings of further illegal reflective access operations
00:11:33.787 [Thread-7] ERROR f.i.s.r.p.m.o.MavenFilterOutputHandler - [ERROR] WARNING: All illegal access operations will be denied in a future release
00:16:00.552 [Thread-8] ERROR f.i.s.r.p.m.output.MavenErrorHandler - Exception in thread "Thread-2" org.apache.lucene.store.AlreadyClosedException: this IndexWriter is closed
00:16:00.552 [Thread-8] ERROR f.i.s.r.p.m.output.MavenErrorHandler - 	at org.apache.lucene.index.IndexWriter.ensureOpen(IndexWriter.java:681)
00:16:00.552 [Thread-8] ERROR f.i.s.r.p.m.output.MavenErrorHandler - 	at org.apache.lucene.index.IndexWriter.ensureOpen(IndexWriter.java:695)
00:16:00.552 [Thread-8] ERROR f.i.s.r.p.m.output.MavenErrorHandler - 	at org.apache.lucene.index.IndexWriter.getMaxCompletedSequenceNumber(IndexWriter.java:5176)
00:16:00.552 [Thread-8] ERROR f.i.s.r.p.m.output.MavenErrorHandler - 	at org.apache.lucene.search.ControlledRealTimeReopenThread.run(ControlledRealTimeReopenThread.java:234)
00:16:40.576 [Thread-7] ERROR f.i.s.r.p.m.o.MavenFilterOutputHandler - [ERROR] Tests run: 14, Failures: 1, Errors: 0, Skipped: 0, Time elapsed: 1.736 s <<< FAILURE! - in org.apache.pinot.queries.ExplainPlanQueriesTest
00:16:40.577 [Thread-7] ERROR f.i.s.r.p.m.o.MavenFilterOutputHandler - [ERROR] org.apache.pinot.queries.ExplainPlanQueriesTest.testSelect  Time elapsed: 0.392 s
00:16:40.577 [Thread-7] ERROR f.i.s.r.p.m.o.MavenFilterOutputHandler - [ERROR] org.apache.pinot.queries.ExplainPlanQueriesTest.testSelectAggregate  Time elapsed: 0.021 s
00:16:40.577 [Thread-7] ERROR f.i.s.r.p.m.o.MavenFilterOutputHandler - [ERROR] org.apache.pinot.queries.ExplainPlanQueriesTest.testSelectAggregateUsingFilterGroupBy  Time elapsed: 0.031 s
00:16:40.577 [Thread-7] ERROR f.i.s.r.p.m.o.MavenFilterOutputHandler - [ERROR] org.apache.pinot.queries.ExplainPlanQueriesTest.testSelectAggregateUsingFilterIndex  Time elapsed: 0.084 s
00:16:40.577 [Thread-7] ERROR f.i.s.r.p.m.o.MavenFilterOutputHandler - [ERROR] org.apache.pinot.queries.ExplainPlanQueriesTest.testSelectAggregateUsingFilterIndexGroupBy  Time elapsed: 0.002 s
00:16:40.577 [Thread-7] ERROR f.i.s.r.p.m.o.MavenFilterOutputHandler - [ERROR] org.apache.pinot.queries.ExplainPlanQueriesTest.testSelectAggregateUsingFilterIndexGroupByHaving  Time elapsed: 0.008 s
00:16:40.577 [Thread-7] ERROR f.i.s.r.p.m.o.MavenFilterOutputHandler - [ERROR] org.apache.pinot.queries.ExplainPlanQueriesTest.testSelectAggregateUsingFilterIndexGroupByOrderBy  Time elapsed: 0.008 s
00:16:40.577 [Thread-7] ERROR f.i.s.r.p.m.o.MavenFilterOutputHandler - [ERROR] org.apache.pinot.queries.ExplainPlanQueriesTest.testSelectAggregateUsingFilterOnTextIndexColumn  Time elapsed: 0.007 s
00:16:40.577 [Thread-7] ERROR f.i.s.r.p.m.o.MavenFilterOutputHandler - [ERROR] org.apache.pinot.queries.ExplainPlanQueriesTest.testSelectColumnUsingFilterOnJsonIndexColumn  Time elapsed: 0.015 s
00:16:40.577 [Thread-7] ERROR f.i.s.r.p.m.o.MavenFilterOutputHandler - [ERROR] org.apache.pinot.queries.ExplainPlanQueriesTest.testSelectColumnUsingFilterOnRangeIndexColumn  Time elapsed: 0.014 s
00:16:40.577 [Thread-7] ERROR f.i.s.r.p.m.o.MavenFilterOutputHandler - [ERROR] org.apache.pinot.queries.ExplainPlanQueriesTest.testSelectColumnsUsingFilter  Time elapsed: 0.019 s  <<< FAILURE!
00:16:40.579 [Thread-7] ERROR f.i.s.r.p.m.o.MavenFilterOutputHandler - [ERROR] org.apache.pinot.queries.ExplainPlanQueriesTest.testSelectColumnsUsingFilterOnInvertedIndexColumn  Time elapsed: 0.007 s
00:16:40.579 [Thread-7] ERROR f.i.s.r.p.m.o.MavenFilterOutputHandler - [ERROR] org.apache.pinot.queries.ExplainPlanQueriesTest.testSelectOrderBy  Time elapsed: 0.007 s
00:16:40.579 [Thread-7] ERROR f.i.s.r.p.m.o.MavenFilterOutputHandler - [ERROR] org.apache.pinot.queries.ExplainPlanQueriesTest.testSelectTransformFunction  Time elapsed: 0.003 s
00:19:03.415 [Thread-7] ERROR f.i.s.r.p.m.o.MavenFilterOutputHandler - [ERROR] WARNING: An illegal reflective access operation has occurred
00:19:03.415 [Thread-7] ERROR f.i.s.r.p.m.o.MavenFilterOutputHandler - [ERROR] WARNING: Illegal reflective access by org.codehaus.groovy.vmplugin.v7.Java7$1 (file:/root/workspace/apache-pinot-master-8518_repo/.m2/org/codehaus/groovy/groovy-all/2.4.21/groovy-all-2.4.21.jar) to constructor java.lang.invoke.MethodHandles$Lookup(java.lang.Class,int)
00:19:03.415 [Thread-7] ERROR f.i.s.r.p.m.o.MavenFilterOutputHandler - [ERROR] WARNING: Please consider reporting this to the maintainers of org.codehaus.groovy.vmplugin.v7.Java7$1
00:19:03.415 [Thread-7] ERROR f.i.s.r.p.m.o.MavenFilterOutputHandler - [ERROR] WARNING: Use --illegal-access=warn to enable warnings of further illegal reflective access operations
00:19:03.415 [Thread-7] ERROR f.i.s.r.p.m.o.MavenFilterOutputHandler - [ERROR] WARNING: All illegal access operations will be denied in a future release
00:20:14.505 [Thread-7] ERROR f.i.s.r.p.m.o.MavenFilterOutputHandler - [ERROR] WARNING: An illegal reflective access operation has occurred
00:20:14.505 [Thread-7] ERROR f.i.s.r.p.m.o.MavenFilterOutputHandler - [ERROR] WARNING: Illegal reflective access by org.codehaus.groovy.vmplugin.v7.Java7$1 (file:/root/workspace/apache-pinot-master-8518_repo/.m2/org/codehaus/groovy/groovy-all/2.4.21/groovy-all-2.4.21.jar) to constructor java.lang.invoke.MethodHandles$Lookup(java.lang.Class,int)
00:20:14.505 [Thread-7] ERROR f.i.s.r.p.m.o.MavenFilterOutputHandler - [ERROR] WARNING: Please consider reporting this to the maintainers of org.codehaus.groovy.vmplugin.v7.Java7$1
00:20:14.505 [Thread-7] ERROR f.i.s.r.p.m.o.MavenFilterOutputHandler - [ERROR] WARNING: Use --illegal-access=warn to enable warnings of further illegal reflective access operations
00:20:14.505 [Thread-7] ERROR f.i.s.r.p.m.o.MavenFilterOutputHandler - [ERROR] WARNING: All illegal access operations will be denied in a future release
00:20:15.321 [Thread-7] ERROR f.i.s.r.p.m.o.MavenFilterOutputHandler - [ERROR] WARNING: An illegal reflective access operation has occurred
00:20:15.321 [Thread-7] ERROR f.i.s.r.p.m.o.MavenFilterOutputHandler - [ERROR] WARNING: Illegal reflective access by org.codehaus.groovy.vmplugin.v7.Java7$1 (file:/root/workspace/apache-pinot-master-8518_repo/.m2/org/codehaus/groovy/groovy-all/2.4.21/groovy-all-2.4.21.jar) to constructor java.lang.invoke.MethodHandles$Lookup(java.lang.Class,int)
00:20:15.321 [Thread-7] ERROR f.i.s.r.p.m.o.MavenFilterOutputHandler - [ERROR] WARNING: Please consider reporting this to the maintainers of org.codehaus.groovy.vmplugin.v7.Java7$1
00:20:15.321 [Thread-7] ERROR f.i.s.r.p.m.o.MavenFilterOutputHandler - [ERROR] WARNING: Use --illegal-access=warn to enable warnings of further illegal reflective access operations
00:20:15.321 [Thread-7] ERROR f.i.s.r.p.m.o.MavenFilterOutputHandler - [ERROR] WARNING: All illegal access operations will be denied in a future release
00:20:20.044 [Thread-7] ERROR f.i.s.r.p.m.o.MavenFilterOutputHandler - [ERROR] WARNING: An illegal reflective access operation has occurred
00:20:20.044 [Thread-7] ERROR f.i.s.r.p.m.o.MavenFilterOutputHandler - [ERROR] WARNING: Illegal reflective access by org.codehaus.groovy.vmplugin.v7.Java7$1 (file:/root/workspace/apache-pinot-master-8518_repo/.m2/org/codehaus/groovy/groovy-all/2.4.21/groovy-all-2.4.21.jar) to constructor java.lang.invoke.MethodHandles$Lookup(java.lang.Class,int)
00:20:20.044 [Thread-7] ERROR f.i.s.r.p.m.o.MavenFilterOutputHandler - [ERROR] WARNING: Please consider reporting this to the maintainers of org.codehaus.groovy.vmplugin.v7.Java7$1
00:20:20.044 [Thread-7] ERROR f.i.s.r.p.m.o.MavenFilterOutputHandler - [ERROR] WARNING: Use --illegal-access=warn to enable warnings of further illegal reflective access operations
00:20:20.044 [Thread-7] ERROR f.i.s.r.p.m.o.MavenFilterOutputHandler - [ERROR] WARNING: All illegal access operations will be denied in a future release
00:21:07.634 [Thread-7] ERROR f.i.s.r.p.m.o.MavenFilterOutputHandler - [ERROR] WARNING: An illegal reflective access operation has occurred
00:21:07.635 [Thread-7] ERROR f.i.s.r.p.m.o.MavenFilterOutputHandler - [ERROR] WARNING: Illegal reflective access by org.codehaus.groovy.vmplugin.v7.Java7$1 (file:/root/workspace/apache-pinot-master-8518_repo/.m2/org/codehaus/groovy/groovy-all/2.4.21/groovy-all-2.4.21.jar) to constructor java.lang.invoke.MethodHandles$Lookup(java.lang.Class,int)
00:21:07.635 [Thread-7] ERROR f.i.s.r.p.m.o.MavenFilterOutputHandler - [ERROR] WARNING: Please consider reporting this to the maintainers of org.codehaus.groovy.vmplugin.v7.Java7$1
00:21:07.635 [Thread-7] ERROR f.i.s.r.p.m.o.MavenFilterOutputHandler - [ERROR] WARNING: Use --illegal-access=warn to enable warnings of further illegal reflective access operations
00:21:07.635 [Thread-7] ERROR f.i.s.r.p.m.o.MavenFilterOutputHandler - [ERROR] WARNING: All illegal access operations will be denied in a future release
00:22:14.859 [Thread-7] ERROR f.i.s.r.p.m.o.MavenFilterOutputHandler - [ERROR] WARNING: An illegal reflective access operation has occurred
00:22:14.859 [Thread-7] ERROR f.i.s.r.p.m.o.MavenFilterOutputHandler - [ERROR] WARNING: Illegal reflective access by org.codehaus.groovy.vmplugin.v7.Java7$1 (file:/root/workspace/apache-pinot-master-8518_repo/.m2/org/codehaus/groovy/groovy-all/2.4.21/groovy-all-2.4.21.jar) to constructor java.lang.invoke.MethodHandles$Lookup(java.lang.Class,int)
00:22:14.859 [Thread-7] ERROR f.i.s.r.p.m.o.MavenFilterOutputHandler - [ERROR] WARNING: Please consider reporting this to the maintainers of org.codehaus.groovy.vmplugin.v7.Java7$1
00:22:14.859 [Thread-7] ERROR f.i.s.r.p.m.o.MavenFilterOutputHandler - [ERROR] WARNING: Use --illegal-access=warn to enable warnings of further illegal reflective access operations
00:22:14.859 [Thread-7] ERROR f.i.s.r.p.m.o.MavenFilterOutputHandler - [ERROR] WARNING: All illegal access operations will be denied in a future release
00:22:54.194 [Thread-7] ERROR f.i.s.r.p.m.o.MavenFilterOutputHandler - [ERROR] Failures: 
00:22:54.194 [Thread-7] ERROR f.i.s.r.p.m.o.MavenFilterOutputHandler - [ERROR]   ExplainPlanQueriesTest.testSelectColumnsUsingFilter:393->check:196 expected [11] but found [10]
00:22:54.194 [Thread-7] ERROR f.i.s.r.p.m.o.MavenFilterOutputHandler - [ERROR] Tests run: 1401, Failures: 1, Errors: 0, Skipped: 0
00:22:54.220 [Thread-7] ERROR f.i.s.r.p.m.o.MavenFilterOutputHandler - [ERROR] Failed to execute goal org.apache.maven.plugins:maven-surefire-plugin:3.0.0-M5:test (default-test) on project pinot-core: There are test failures.
00:22:54.220 [Thread-7] ERROR f.i.s.r.p.m.o.MavenFilterOutputHandler - [ERROR] 
00:22:54.220 [Thread-7] ERROR f.i.s.r.p.m.o.MavenFilterOutputHandler - [ERROR] Please refer to /root/workspace/apache-pinot-master-8518_repo/pinot-core/target/surefire-reports for the individual test results.
00:22:54.220 [Thread-7] ERROR f.i.s.r.p.m.o.MavenFilterOutputHandler - [ERROR] Please refer to dump files (if any exist) [date].dump, [date]-jvmRun[N].dump and [date].dumpstream.
00:22:54.220 [Thread-7] ERROR f.i.s.r.p.m.o.MavenFilterOutputHandler - [ERROR] -> [Help 1]
00:22:54.224 [Thread-7] ERROR f.i.s.r.p.m.o.MavenFilterOutputHandler - [ERROR] 
00:22:54.224 [Thread-7] ERROR f.i.s.r.p.m.o.MavenFilterOutputHandler - [ERROR] Re-run Maven using the -X switch to enable full debug logging.
00:22:54.224 [Thread-7] ERROR f.i.s.r.p.m.o.MavenFilterOutputHandler - [ERROR] 
00:22:54.224 [Thread-7] ERROR f.i.s.r.p.m.o.MavenFilterOutputHandler - [ERROR] For more information about the errors and possible solutions, please read the following articles:
00:22:54.224 [Thread-7] ERROR f.i.s.r.p.m.o.MavenFilterOutputHandler - [ERROR] [Help 1] http://cwiki.apache.org/confluence/display/MAVEN/MojoFailureException
00:22:54.224 [Thread-7] ERROR f.i.s.r.p.m.o.MavenFilterOutputHandler - [ERROR] 
00:22:54.224 [Thread-7] ERROR f.i.s.r.p.m.o.MavenFilterOutputHandler - [ERROR] After correcting the problems, you can resume the build with the command
00:22:54.224 [Thread-7] ERROR f.i.s.r.p.m.o.MavenFilterOutputHandler - [ERROR]   mvn <goals> -rf :pinot-core
00:22:59.545 [main] ERROR f.i.s.r.p.s.paths.ComputeClasspath - The classpath file is empty.
00:22:59.545 [main] ERROR f.i.s.r.p.s.paths.ComputeClasspath - The classpath seems not to contain JUnit, maybe this project does not use JUnit for testing.
00:22:59.545 [main] ERROR f.i.s.r.p.s.paths.ComputeClasspath - The file does not exist: /root/./workspace/apache-pinot-master-8518_repo/target/classes.
00:22:59.545 [main] ERROR f.i.s.r.p.s.paths.ComputeClasspath - The file does not exist: /root/./workspace/apache-pinot-master-8518_repo/target/test-classes.
00:22:59.690 [main] ERROR f.i.s.r.p.s.paths.ComputeSourceDir - The source directory is not at default location or specified in build section from pom.xml, and no parent can be found.
00:22:59.694 [main] ERROR f.i.s.r.p.s.paths.ComputeSourceDir - The source directory is not at default location or specified in build section from pom.xml, and no parent can be found.
00:22:59.706 [main] INFO  f.i.s.r.p.s.paths.ComputeSourceDir - 48 source dirs were found:
00:22:59.706 [main] INFO  f.i.s.r.p.s.paths.ComputeSourceDir - /root/workspace/apache-pinot-master-8518_repo/pinot-broker/src/main/java
00:22:59.706 [main] INFO  f.i.s.r.p.s.paths.ComputeSourceDir - /root/workspace/apache-pinot-master-8518_repo/pinot-clients/pinot-java-client/src/main/java
00:22:59.706 [main] INFO  f.i.s.r.p.s.paths.ComputeSourceDir - /root/workspace/apache-pinot-master-8518_repo/pinot-clients/pinot-jdbc-client/src/main/java
00:22:59.706 [main] INFO  f.i.s.r.p.s.paths.ComputeSourceDir - /root/workspace/apache-pinot-master-8518_repo/pinot-common/src/main/java
00:22:59.706 [main] INFO  f.i.s.r.p.s.paths.ComputeSourceDir - /root/workspace/apache-pinot-master-8518_repo/pinot-compatibility-verifier/src/main/java
00:22:59.706 [main] INFO  f.i.s.r.p.s.paths.ComputeSourceDir - /root/workspace/apache-pinot-master-8518_repo/pinot-connectors/pinot-flink-connector/src/main/java
00:22:59.706 [main] INFO  f.i.s.r.p.s.paths.ComputeSourceDir - /root/workspace/apache-pinot-master-8518_repo/pinot-connectors/pinot-spark-connector/src/main/scala
00:22:59.706 [main] INFO  f.i.s.r.p.s.paths.ComputeSourceDir - /root/workspace/apache-pinot-master-8518_repo/pinot-controller/src/main/java
00:22:59.706 [main] INFO  f.i.s.r.p.s.paths.ComputeSourceDir - /root/workspace/apache-pinot-master-8518_repo/pinot-core/src/main/java
00:22:59.706 [main] INFO  f.i.s.r.p.s.paths.ComputeSourceDir - /root/workspace/apache-pinot-master-8518_repo/pinot-integration-tests/src/main/java
00:22:59.706 [main] INFO  f.i.s.r.p.s.paths.ComputeSourceDir - /root/workspace/apache-pinot-master-8518_repo/pinot-minion/src/main/java
00:22:59.706 [main] INFO  f.i.s.r.p.s.paths.ComputeSourceDir - /root/workspace/apache-pinot-master-8518_repo/pinot-perf/src/main/java
00:22:59.706 [main] INFO  f.i.s.r.p.s.paths.ComputeSourceDir - /root/workspace/apache-pinot-master-8518_repo/pinot-plugins/pinot-batch-ingestion/pinot-batch-ingestion-common/src/main/java
00:22:59.706 [main] INFO  f.i.s.r.p.s.paths.ComputeSourceDir - /root/workspace/apache-pinot-master-8518_repo/pinot-plugins/pinot-batch-ingestion/pinot-batch-ingestion-hadoop/src/main/java
00:22:59.706 [main] INFO  f.i.s.r.p.s.paths.ComputeSourceDir - /root/workspace/apache-pinot-master-8518_repo/pinot-plugins/pinot-batch-ingestion/pinot-batch-ingestion-spark/src/main/java
00:22:59.706 [main] INFO  f.i.s.r.p.s.paths.ComputeSourceDir - /root/workspace/apache-pinot-master-8518_repo/pinot-plugins/pinot-batch-ingestion/pinot-batch-ingestion-standalone/src/main/java
00:22:59.706 [main] INFO  f.i.s.r.p.s.paths.ComputeSourceDir - /root/workspace/apache-pinot-master-8518_repo/pinot-plugins/pinot-batch-ingestion/v0_deprecated/pinot-hadoop/src/main/java
00:22:59.706 [main] INFO  f.i.s.r.p.s.paths.ComputeSourceDir - /root/workspace/apache-pinot-master-8518_repo/pinot-plugins/pinot-batch-ingestion/v0_deprecated/pinot-ingestion-common/src/main/java
00:22:59.706 [main] INFO  f.i.s.r.p.s.paths.ComputeSourceDir - /root/workspace/apache-pinot-master-8518_repo/pinot-plugins/pinot-batch-ingestion/v0_deprecated/pinot-spark/src/main/java
00:22:59.706 [main] INFO  f.i.s.r.p.s.paths.ComputeSourceDir - /root/workspace/apache-pinot-master-8518_repo/pinot-plugins/pinot-environment/pinot-azure/src/main/java
00:22:59.706 [main] INFO  f.i.s.r.p.s.paths.ComputeSourceDir - /root/workspace/apache-pinot-master-8518_repo/pinot-plugins/pinot-file-system/pinot-adls/src/main/java
00:22:59.706 [main] INFO  f.i.s.r.p.s.paths.ComputeSourceDir - /root/workspace/apache-pinot-master-8518_repo/pinot-plugins/pinot-file-system/pinot-gcs/src/main/java
00:22:59.706 [main] INFO  f.i.s.r.p.s.paths.ComputeSourceDir - /root/workspace/apache-pinot-master-8518_repo/pinot-plugins/pinot-file-system/pinot-hdfs/src/main/java
00:22:59.706 [main] INFO  f.i.s.r.p.s.paths.ComputeSourceDir - /root/workspace/apache-pinot-master-8518_repo/pinot-plugins/pinot-file-system/pinot-s3/src/main/java
00:22:59.707 [main] INFO  f.i.s.r.p.s.paths.ComputeSourceDir - /root/workspace/apache-pinot-master-8518_repo/pinot-plugins/pinot-input-format/pinot-avro-base/src/main/java
00:22:59.707 [main] INFO  f.i.s.r.p.s.paths.ComputeSourceDir - /root/workspace/apache-pinot-master-8518_repo/pinot-plugins/pinot-input-format/pinot-avro/src/main/java
00:22:59.707 [main] INFO  f.i.s.r.p.s.paths.ComputeSourceDir - /root/workspace/apache-pinot-master-8518_repo/pinot-plugins/pinot-input-format/pinot-confluent-avro/src/main/java
00:22:59.707 [main] INFO  f.i.s.r.p.s.paths.ComputeSourceDir - /root/workspace/apache-pinot-master-8518_repo/pinot-plugins/pinot-input-format/pinot-csv/src/main/java
00:22:59.707 [main] INFO  f.i.s.r.p.s.paths.ComputeSourceDir - /root/workspace/apache-pinot-master-8518_repo/pinot-plugins/pinot-input-format/pinot-json/src/main/java
00:22:59.707 [main] INFO  f.i.s.r.p.s.paths.ComputeSourceDir - /root/workspace/apache-pinot-master-8518_repo/pinot-plugins/pinot-input-format/pinot-orc/src/main/java
00:22:59.707 [main] INFO  f.i.s.r.p.s.paths.ComputeSourceDir - /root/workspace/apache-pinot-master-8518_repo/pinot-plugins/pinot-input-format/pinot-parquet/src/main/java
00:22:59.707 [main] INFO  f.i.s.r.p.s.paths.ComputeSourceDir - /root/workspace/apache-pinot-master-8518_repo/pinot-plugins/pinot-input-format/pinot-protobuf/src/main/java
00:22:59.707 [main] INFO  f.i.s.r.p.s.paths.ComputeSourceDir - /root/workspace/apache-pinot-master-8518_repo/pinot-plugins/pinot-input-format/pinot-thrift/src/main/java
00:22:59.707 [main] INFO  f.i.s.r.p.s.paths.ComputeSourceDir - /root/workspace/apache-pinot-master-8518_repo/pinot-plugins/pinot-metrics/pinot-dropwizard/src/main/java
00:22:59.707 [main] INFO  f.i.s.r.p.s.paths.ComputeSourceDir - /root/workspace/apache-pinot-master-8518_repo/pinot-plugins/pinot-metrics/pinot-yammer/src/main/java
00:22:59.707 [main] INFO  f.i.s.r.p.s.paths.ComputeSourceDir - /root/workspace/apache-pinot-master-8518_repo/pinot-plugins/pinot-minion-tasks/pinot-minion-builtin-tasks/src/main/java
00:22:59.707 [main] INFO  f.i.s.r.p.s.paths.ComputeSourceDir - /root/workspace/apache-pinot-master-8518_repo/pinot-plugins/pinot-segment-uploader/pinot-segment-uploader-default/src/main/java
00:22:59.707 [main] INFO  f.i.s.r.p.s.paths.ComputeSourceDir - /root/workspace/apache-pinot-master-8518_repo/pinot-plugins/pinot-segment-writer/pinot-segment-writer-file-based/src/main/java
00:22:59.707 [main] INFO  f.i.s.r.p.s.paths.ComputeSourceDir - /root/workspace/apache-pinot-master-8518_repo/pinot-plugins/pinot-stream-ingestion/pinot-kafka-0.9/src/main/java
00:22:59.707 [main] INFO  f.i.s.r.p.s.paths.ComputeSourceDir - /root/workspace/apache-pinot-master-8518_repo/pinot-plugins/pinot-stream-ingestion/pinot-kafka-2.0/src/main/java
00:22:59.707 [main] INFO  f.i.s.r.p.s.paths.ComputeSourceDir - /root/workspace/apache-pinot-master-8518_repo/pinot-plugins/pinot-stream-ingestion/pinot-kafka-base/src/main/java
00:22:59.707 [main] INFO  f.i.s.r.p.s.paths.ComputeSourceDir - /root/workspace/apache-pinot-master-8518_repo/pinot-plugins/pinot-stream-ingestion/pinot-kinesis/src/main/java
00:22:59.707 [main] INFO  f.i.s.r.p.s.paths.ComputeSourceDir - /root/workspace/apache-pinot-master-8518_repo/pinot-plugins/pinot-stream-ingestion/pinot-pulsar/src/main/java
00:22:59.707 [main] INFO  f.i.s.r.p.s.paths.ComputeSourceDir - /root/workspace/apache-pinot-master-8518_repo/pinot-segment-local/src/main/java
00:22:59.707 [main] INFO  f.i.s.r.p.s.paths.ComputeSourceDir - /root/workspace/apache-pinot-master-8518_repo/pinot-segment-spi/src/main/java
00:22:59.707 [main] INFO  f.i.s.r.p.s.paths.ComputeSourceDir - /root/workspace/apache-pinot-master-8518_repo/pinot-server/src/main/java
00:22:59.707 [main] INFO  f.i.s.r.p.s.paths.ComputeSourceDir - /root/workspace/apache-pinot-master-8518_repo/pinot-spi/src/main/java
00:22:59.707 [main] INFO  f.i.s.r.p.s.paths.ComputeSourceDir - /root/workspace/apache-pinot-master-8518_repo/pinot-tools/src/main/java
00:22:59.782 [main] ERROR f.i.s.r.p.step.paths.ComputeTestDir - The test directory is not at default location or specified in build section from pom.xml, and no parent can be found.
00:22:59.794 [main] ERROR f.i.s.r.p.step.paths.ComputeTestDir - The test directory is not at default location or specified in build section from pom.xml, and no parent can be found.
00:22:59.858 [main] ERROR f.i.s.r.process.maven.MavenHelper - Error while building complete model. The raw model will be used. Error message: 1 problem was encountered while building the effective model for org.apache.pinot:pinot-s3:0.11.0-SNAPSHOT
[ERROR] Failed to determine Java version for profile disable-java8-doclint @ software.amazon.awssdk:aws-sdk-java-pom:2.14.28

00:22:59.887 [main] ERROR f.i.s.r.p.step.paths.ComputeTestDir - The test directory is not at default location or specified in build section from pom.xml, and no parent can be found.
00:22:59.907 [main] ERROR f.i.s.r.p.step.paths.ComputeTestDir - The test directory is not at default location or specified in build section from pom.xml, and no parent can be found.
00:22:59.940 [main] ERROR f.i.s.r.process.maven.MavenHelper - Error while building complete model. The raw model will be used. Error message: 1 problem was encountered while building the effective model for org.apache.pinot:pinot-kinesis:0.11.0-SNAPSHOT
[ERROR] Failed to determine Java version for profile disable-java8-doclint @ software.amazon.awssdk:aws-sdk-java-pom:2.14.28

00:22:59.963 [main] ERROR f.i.s.r.p.step.paths.ComputeTestDir - The test directory is not at default location or specified in build section from pom.xml, and no parent can be found.
00:22:59.967 [main] ERROR f.i.s.r.p.step.paths.ComputeTestDir - The test directory is not at default location or specified in build section from pom.xml, and no parent can be found.
00:22:59.967 [main] ERROR f.i.s.r.p.step.paths.ComputeTestDir - The test directory is not at default location or specified in build section from pom.xml, and no parent can be found.
00:22:59.982 [main] ERROR f.i.s.r.p.step.paths.ComputeTestDir - The test directory is not at default location or specified in build section from pom.xml, and no parent can be found.
00:22:59.982 [main] ERROR f.i.s.r.p.step.paths.ComputeTestDir - The test directory is not at default location or specified in build section from pom.xml, and no parent can be found.
00:22:59.996 [main] ERROR f.i.s.r.p.step.paths.ComputeTestDir - The test directory is not at default location or specified in build section from pom.xml, and no parent can be found.
00:23:00.005 [main] ERROR f.i.s.r.p.step.paths.ComputeTestDir - The test directory is not at default location or specified in build section from pom.xml, and no parent can be found.
00:23:00.021 [main] ERROR f.i.s.r.p.step.paths.ComputeTestDir - The test directory is not at default location or specified in build section from pom.xml, and no parent can be found.
00:23:00.021 [main] INFO  f.i.s.r.p.step.paths.ComputeTestDir - 40 test dirs were found:
00:23:00.021 [main] INFO  f.i.s.r.p.step.paths.ComputeTestDir - /root/workspace/apache-pinot-master-8518_repo/pinot-broker/src/test/java
00:23:00.021 [main] INFO  f.i.s.r.p.step.paths.ComputeTestDir - /root/workspace/apache-pinot-master-8518_repo/pinot-clients/pinot-java-client/src/test/java
00:23:00.021 [main] INFO  f.i.s.r.p.step.paths.ComputeTestDir - /root/workspace/apache-pinot-master-8518_repo/pinot-clients/pinot-jdbc-client/src/test/java
00:23:00.022 [main] INFO  f.i.s.r.p.step.paths.ComputeTestDir - /root/workspace/apache-pinot-master-8518_repo/pinot-common/src/test/java
00:23:00.022 [main] INFO  f.i.s.r.p.step.paths.ComputeTestDir - /root/workspace/apache-pinot-master-8518_repo/pinot-connectors/pinot-flink-connector/src/test/java
00:23:00.022 [main] INFO  f.i.s.r.p.step.paths.ComputeTestDir - /root/workspace/apache-pinot-master-8518_repo/pinot-connectors/pinot-spark-connector/src/test/scala
00:23:00.022 [main] INFO  f.i.s.r.p.step.paths.ComputeTestDir - /root/workspace/apache-pinot-master-8518_repo/pinot-controller/src/test/java
00:23:00.022 [main] INFO  f.i.s.r.p.step.paths.ComputeTestDir - /root/workspace/apache-pinot-master-8518_repo/pinot-core/src/test/java
00:23:00.022 [main] INFO  f.i.s.r.p.step.paths.ComputeTestDir - /root/workspace/apache-pinot-master-8518_repo/pinot-integration-test-base/src/test/java
00:23:00.022 [main] INFO  f.i.s.r.p.step.paths.ComputeTestDir - /root/workspace/apache-pinot-master-8518_repo/pinot-integration-tests/src/test/java
00:23:00.022 [main] INFO  f.i.s.r.p.step.paths.ComputeTestDir - /root/workspace/apache-pinot-master-8518_repo/pinot-minion/src/test/java
00:23:00.022 [main] INFO  f.i.s.r.p.step.paths.ComputeTestDir - /root/workspace/apache-pinot-master-8518_repo/pinot-plugins/pinot-batch-ingestion/pinot-batch-ingestion-common/src/test/java
00:23:00.022 [main] INFO  f.i.s.r.p.step.paths.ComputeTestDir - /root/workspace/apache-pinot-master-8518_repo/pinot-plugins/pinot-batch-ingestion/pinot-batch-ingestion-hadoop/src/test/java
00:23:00.022 [main] INFO  f.i.s.r.p.step.paths.ComputeTestDir - /root/workspace/apache-pinot-master-8518_repo/pinot-plugins/pinot-batch-ingestion/pinot-batch-ingestion-standalone/src/test/java
00:23:00.022 [main] INFO  f.i.s.r.p.step.paths.ComputeTestDir - /root/workspace/apache-pinot-master-8518_repo/pinot-plugins/pinot-batch-ingestion/v0_deprecated/pinot-hadoop/src/test/java
00:23:00.022 [main] INFO  f.i.s.r.p.step.paths.ComputeTestDir - /root/workspace/apache-pinot-master-8518_repo/pinot-plugins/pinot-batch-ingestion/v0_deprecated/pinot-spark/src/test/java
00:23:00.022 [main] INFO  f.i.s.r.p.step.paths.ComputeTestDir - /root/workspace/apache-pinot-master-8518_repo/pinot-plugins/pinot-environment/pinot-azure/src/test/java
00:23:00.022 [main] INFO  f.i.s.r.p.step.paths.ComputeTestDir - /root/workspace/apache-pinot-master-8518_repo/pinot-plugins/pinot-file-system/pinot-adls/src/test/java
00:23:00.022 [main] INFO  f.i.s.r.p.step.paths.ComputeTestDir - /root/workspace/apache-pinot-master-8518_repo/pinot-plugins/pinot-file-system/pinot-gcs/src/test/java
00:23:00.022 [main] INFO  f.i.s.r.p.step.paths.ComputeTestDir - /root/workspace/apache-pinot-master-8518_repo/pinot-plugins/pinot-file-system/pinot-hdfs/src/test/java
00:23:00.022 [main] INFO  f.i.s.r.p.step.paths.ComputeTestDir - /root/workspace/apache-pinot-master-8518_repo/pinot-plugins/pinot-file-system/pinot-s3/src/test/java
00:23:00.022 [main] INFO  f.i.s.r.p.step.paths.ComputeTestDir - /root/workspace/apache-pinot-master-8518_repo/pinot-plugins/pinot-input-format/pinot-avro-base/src/test/java
00:23:00.022 [main] INFO  f.i.s.r.p.step.paths.ComputeTestDir - /root/workspace/apache-pinot-master-8518_repo/pinot-plugins/pinot-input-format/pinot-csv/src/test/java
00:23:00.022 [main] INFO  f.i.s.r.p.step.paths.ComputeTestDir - /root/workspace/apache-pinot-master-8518_repo/pinot-plugins/pinot-input-format/pinot-json/src/test/java
00:23:00.022 [main] INFO  f.i.s.r.p.step.paths.ComputeTestDir - /root/workspace/apache-pinot-master-8518_repo/pinot-plugins/pinot-input-format/pinot-orc/src/test/java
00:23:00.022 [main] INFO  f.i.s.r.p.step.paths.ComputeTestDir - /root/workspace/apache-pinot-master-8518_repo/pinot-plugins/pinot-input-format/pinot-parquet/src/test/java
00:23:00.022 [main] INFO  f.i.s.r.p.step.paths.ComputeTestDir - /root/workspace/apache-pinot-master-8518_repo/pinot-plugins/pinot-input-format/pinot-protobuf/src/test/java
00:23:00.022 [main] INFO  f.i.s.r.p.step.paths.ComputeTestDir - /root/workspace/apache-pinot-master-8518_repo/pinot-plugins/pinot-input-format/pinot-thrift/src/test/java
00:23:00.022 [main] INFO  f.i.s.r.p.step.paths.ComputeTestDir - /root/workspace/apache-pinot-master-8518_repo/pinot-plugins/pinot-minion-tasks/pinot-minion-builtin-tasks/src/test/java
00:23:00.022 [main] INFO  f.i.s.r.p.step.paths.ComputeTestDir - /root/workspace/apache-pinot-master-8518_repo/pinot-plugins/pinot-segment-writer/pinot-segment-writer-file-based/src/test/java
00:23:00.022 [main] INFO  f.i.s.r.p.step.paths.ComputeTestDir - /root/workspace/apache-pinot-master-8518_repo/pinot-plugins/pinot-stream-ingestion/pinot-kafka-0.9/src/test/java
00:23:00.022 [main] INFO  f.i.s.r.p.step.paths.ComputeTestDir - /root/workspace/apache-pinot-master-8518_repo/pinot-plugins/pinot-stream-ingestion/pinot-kafka-2.0/src/test/java
00:23:00.022 [main] INFO  f.i.s.r.p.step.paths.ComputeTestDir - /root/workspace/apache-pinot-master-8518_repo/pinot-plugins/pinot-stream-ingestion/pinot-kafka-base/src/test/java
00:23:00.022 [main] INFO  f.i.s.r.p.step.paths.ComputeTestDir - /root/workspace/apache-pinot-master-8518_repo/pinot-plugins/pinot-stream-ingestion/pinot-kinesis/src/test/java
00:23:00.022 [main] INFO  f.i.s.r.p.step.paths.ComputeTestDir - /root/workspace/apache-pinot-master-8518_repo/pinot-plugins/pinot-stream-ingestion/pinot-pulsar/src/test/java
00:23:00.022 [main] INFO  f.i.s.r.p.step.paths.ComputeTestDir - /root/workspace/apache-pinot-master-8518_repo/pinot-segment-local/src/test/java
00:23:00.022 [main] INFO  f.i.s.r.p.step.paths.ComputeTestDir - /root/workspace/apache-pinot-master-8518_repo/pinot-segment-spi/src/test/java
00:23:00.022 [main] INFO  f.i.s.r.p.step.paths.ComputeTestDir - /root/workspace/apache-pinot-master-8518_repo/pinot-server/src/test/java
00:23:00.022 [main] INFO  f.i.s.r.p.step.paths.ComputeTestDir - /root/workspace/apache-pinot-master-8518_repo/pinot-spi/src/test/java
00:23:00.022 [main] INFO  f.i.s.r.p.step.paths.ComputeTestDir - /root/workspace/apache-pinot-master-8518_repo/pinot-tools/src/test/java
00:23:00.842 [main] INFO  f.i.s.r.p.s.g.GatherTestInformation - Get the following failing module path: /root/workspace/apache-pinot-master-8518_repo/pinot-core
00:23:00.843 [main] INFO  f.i.s.r.p.s.g.GatherTestInformation - ---Test results---
00:23:00.843 [main] INFO  f.i.s.r.p.s.g.GatherTestInformation -    Total tests: 4157
00:23:00.843 [main] INFO  f.i.s.r.p.s.g.GatherTestInformation -    Tests run: 4157
00:23:00.843 [main] INFO  f.i.s.r.p.s.g.GatherTestInformation -    Tests passing: 4156
00:23:00.843 [main] INFO  f.i.s.r.p.s.g.GatherTestInformation -    Failures: 1
00:23:00.843 [main] INFO  f.i.s.r.p.s.g.GatherTestInformation -    Errors: 0
00:23:00.843 [main] INFO  f.i.s.r.p.s.g.GatherTestInformation -    Skipped: 0
[0] INFO Flacoco - Running Flacoco...
[23] WARN TestMethodFilter - NoClassDefFoundError: class org.apache.pinot.server.access.AllowAllAccessFactory
[24] WARN TestMethodFilter - NoClassDefFoundError: class org.apache.pinot.server.access.BasicAuthAccessFactory
[24] WARN TestMethodFilter - NoClassDefFoundError: class org.apache.pinot.server.realtime.ServerSegmentCompletionProtocolHandler
[25] WARN TestMethodFilter - NoClassDefFoundError: class org.apache.pinot.server.realtime.ControllerLeaderLocator
[25] WARN TestMethodFilter - NoClassDefFoundError: class org.apache.pinot.core.auth.BasicAuthUtils
[30] WARN TestMethodFilter - NoClassDefFoundError: class org.apache.pinot.core.startree.StarTreeUtils
[30] WARN TestMethodFilter - NoClassDefFoundError: class org.apache.pinot.core.startree.operator.StarTreeFilterOperator
[30] WARN TestMethodFilter - NoClassDefFoundError: class org.apache.pinot.core.plan.GlobalPlanImplV0
[31] WARN TestMethodFilter - NoClassDefFoundError: class org.apache.pinot.core.plan.maker.InstancePlanMakerImplV2
[33] WARN TestMethodFilter - NoClassDefFoundError: class org.apache.pinot.core.plan.FilterPlanNode
[34] WARN TestMethodFilter - NoClassDefFoundError: class org.apache.pinot.core.plan.CombinePlanNode
[34] WARN TestMethodFilter - NoClassDefFoundError: class org.apache.pinot.core.plan.AggregationPlanNode
[37] WARN TestMethodFilter - NoClassDefFoundError: class org.apache.pinot.core.common.DataFetcher
[38] WARN TestMethodFilter - NoClassDefFoundError: class org.apache.pinot.core.common.DataBlockCache
[38] WARN TestMethodFilter - NoClassDefFoundError: class org.apache.pinot.core.common.datatable.DataTableFactory
[39] WARN TestMethodFilter - NoClassDefFoundError: class org.apache.pinot.core.common.datatable.DataTableBuilder
[40] WARN TestMethodFilter - NoClassDefFoundError: class org.apache.pinot.core.common.datatable.DataTableUtils
[41] WARN TestMethodFilter - NoClassDefFoundError: class org.apache.pinot.core.data.manager.realtime.SegmentCommitterFactory
[42] WARN TestMethodFilter - NoClassDefFoundError: class org.apache.pinot.core.data.manager.realtime.SplitSegmentCommitter
[43] WARN TestMethodFilter - NoClassDefFoundError: class org.apache.pinot.core.data.manager.realtime.PeerSchemeSplitSegmentCommitter
[43] WARN TestMethodFilter - NoClassDefFoundError: class org.apache.pinot.core.data.manager.realtime.Server2ControllerSegmentUploader
[43] WARN TestMethodFilter - NoClassDefFoundError: class org.apache.pinot.core.data.manager.realtime.SegmentBuildTimeLeaseExtender
[45] WARN TestMethodFilter - NoClassDefFoundError: class org.apache.pinot.core.data.manager.realtime.RealtimeConsumptionRateManager
[45] WARN TestMethodFilter - NoClassDefFoundError: class org.apache.pinot.core.data.manager.realtime.PinotFSSegmentUploader
[46] WARN TestMethodFilter - NoClassDefFoundError: class org.apache.pinot.core.data.manager.realtime.DefaultSegmentCommitter
[46] WARN TestMethodFilter - NoClassDefFoundError: class org.apache.pinot.core.data.manager.offline.TableDataManagerProvider
[48] WARN TestMethodFilter - NoClassDefFoundError: class org.apache.pinot.core.data.table.UnboundedConcurrentIndexedTable
[48] WARN TestMethodFilter - NoClassDefFoundError: class org.apache.pinot.core.data.table.ConcurrentIndexedTable
[49] WARN TestMethodFilter - NoClassDefFoundError: class org.apache.pinot.core.data.table.SimpleIndexedTable
[49] WARN TestMethodFilter - NoClassDefFoundError: class org.apache.pinot.core.minion.SegmentPurger
[50] WARN TestMethodFilter - NoClassDefFoundError: class org.apache.pinot.core.minion.RawIndexConverter
[50] WARN TestMethodFilter - NoClassDefFoundError: class org.apache.pinot.core.minion.PinotTaskConfig
[55] WARN TestMethodFilter - NoClassDefFoundError: class org.apache.pinot.core.query.scheduler.QuerySchedulerFactory
[56] WARN TestMethodFilter - NoClassDefFoundError: class org.apache.pinot.core.query.scheduler.tokenbucket.TokenPriorityScheduler
[58] WARN TestMethodFilter - NoClassDefFoundError: class org.apache.pinot.core.query.scheduler.fcfs.BoundedFCFSScheduler
[58] WARN TestMethodFilter - NoClassDefFoundError: class org.apache.pinot.core.query.scheduler.fcfs.FCFSQueryScheduler
[58] WARN TestMethodFilter - NoClassDefFoundError: class org.apache.pinot.core.query.config.QueryPlannerConfig
[58] WARN TestMethodFilter - NoClassDefFoundError: class org.apache.pinot.core.query.config.SegmentPrunerConfig
[59] WARN TestMethodFilter - NoClassDefFoundError: class org.apache.pinot.core.query.config.QueryExecutorConfig
[59] WARN TestMethodFilter - NoClassDefFoundError: class org.apache.pinot.core.query.optimizer.QueryOptimizer
[60] WARN TestMethodFilter - NoClassDefFoundError: class org.apache.pinot.core.query.optimizer.statement.JsonStatementOptimizer
[60] WARN TestMethodFilter - NoClassDefFoundError: class org.apache.pinot.core.query.optimizer.statement.StringPredicateFilterOptimizer
[61] WARN TestMethodFilter - NoClassDefFoundError: class org.apache.pinot.core.query.optimizer.filter.TimePredicateFilterOptimizer
[61] WARN TestMethodFilter - NoClassDefFoundError: class org.apache.pinot.core.query.optimizer.filter.FlattenAndOrFilterOptimizer
[61] WARN TestMethodFilter - NoClassDefFoundError: class org.apache.pinot.core.query.optimizer.filter.MergeRangeFilterOptimizer
[62] WARN TestMethodFilter - NoClassDefFoundError: class org.apache.pinot.core.query.optimizer.filter.MergeEqInFilterOptimizer
[62] WARN TestMethodFilter - NoClassDefFoundError: class org.apache.pinot.core.query.optimizer.filter.NumericalFilterOptimizer
[62] WARN TestMethodFilter - NoClassDefFoundError: class org.apache.pinot.core.query.optimizer.filter.Range
[63] WARN TestMethodFilter - NoClassDefFoundError: class org.apache.pinot.core.query.utils.idset.IdSets
[64] WARN TestMethodFilter - NoClassDefFoundError: class org.apache.pinot.core.query.utils.TrieNode
[65] WARN TestMethodFilter - NoClassDefFoundError: class org.apache.pinot.core.query.executor.ServerQueryExecutorV1Impl
[65] WARN TestMethodFilter - NoClassDefFoundError: class org.apache.pinot.core.query.request.context.utils.BrokerRequestToQueryContextConverter
[65] WARN TestMethodFilter - NoClassDefFoundError: class org.apache.pinot.core.query.request.context.utils.QueryContextUtils
[66] WARN TestMethodFilter - NoClassDefFoundError: class org.apache.pinot.core.query.request.context.TimerContext
[66] WARN TestMethodFilter - NoClassDefFoundError: class org.apache.pinot.core.query.request.context.QueryContext
[66] WARN TestMethodFilter - NoClassDefFoundError: class org.apache.pinot.core.query.request.ServerQueryRequest
[67] WARN TestMethodFilter - NoClassDefFoundError: class org.apache.pinot.core.query.pruner.DataSchemaSegmentPruner
[67] WARN TestMethodFilter - NoClassDefFoundError: class org.apache.pinot.core.query.pruner.SegmentPrunerProvider
[67] WARN TestMethodFilter - NoClassDefFoundError: class org.apache.pinot.core.query.pruner.SelectionQuerySegmentPruner
[67] WARN TestMethodFilter - NoClassDefFoundError: class org.apache.pinot.core.query.pruner.ValidSegmentPruner
[68] WARN TestMethodFilter - NoClassDefFoundError: class org.apache.pinot.core.query.pruner.ColumnValueSegmentPruner
[68] WARN TestMethodFilter - NoClassDefFoundError: class org.apache.pinot.core.query.reduce.PostAggregationHandler
[69] WARN TestMethodFilter - NoClassDefFoundError: class org.apache.pinot.core.query.reduce.AggregationDataTableReducer
[69] WARN TestMethodFilter - NoClassDefFoundError: class org.apache.pinot.core.query.reduce.GroupByDataTableReducer
[70] WARN TestMethodFilter - NoClassDefFoundError: class org.apache.pinot.core.query.reduce.ExplainPlanDataTableReducer
[70] WARN TestMethodFilter - NoClassDefFoundError: class org.apache.pinot.core.query.reduce.SelectionDataTableReducer
[71] WARN TestMethodFilter - NoClassDefFoundError: class org.apache.pinot.core.query.reduce.GapfillProcessor
[71] WARN TestMethodFilter - NoClassDefFoundError: class org.apache.pinot.core.query.reduce.DistinctDataTableReducer
[71] WARN TestMethodFilter - NoClassDefFoundError: class org.apache.pinot.core.query.reduce.BrokerReduceService
[72] WARN TestMethodFilter - NoClassDefFoundError: class org.apache.pinot.core.query.reduce.SelectionOnlyStreamingReducer
[72] WARN TestMethodFilter - NoClassDefFoundError: class org.apache.pinot.core.query.reduce.StreamingReduceService
[72] WARN TestMethodFilter - NoClassDefFoundError: class org.apache.pinot.core.query.reduce.RowBasedBlockValSet
[73] WARN TestMethodFilter - NoClassDefFoundError: class org.apache.pinot.core.query.reduce.filter.ColumnValueExtractor
[74] WARN TestMethodFilter - NoClassDefFoundError: class org.apache.pinot.core.query.reduce.filter.RowMatcherFactory
[74] WARN TestMethodFilter - NoClassDefFoundError: class org.apache.pinot.core.query.reduce.filter.LiteralValueExtractor
[74] WARN TestMethodFilter - NoClassDefFoundError: class org.apache.pinot.core.query.reduce.GapfillFilterHandler
[75] WARN TestMethodFilter - NoClassDefFoundError: class org.apache.pinot.core.query.aggregation.function.LastLongValueWithTimeAggregationFunction
[75] WARN TestMethodFilter - NoClassDefFoundError: class org.apache.pinot.core.query.aggregation.function.PercentileRawTDigestMVAggregationFunction
[76] WARN TestMethodFilter - NoClassDefFoundError: class org.apache.pinot.core.query.aggregation.function.DistinctCountAggregationFunction
[77] WARN TestMethodFilter - NoClassDefFoundError: class org.apache.pinot.core.query.aggregation.function.DistinctCountThetaSketchAggregationFunction
[77] WARN TestMethodFilter - NoClassDefFoundError: class org.apache.pinot.core.query.aggregation.function.AggregationFunctionFactory
[78] WARN TestMethodFilter - NoClassDefFoundError: class org.apache.pinot.core.query.aggregation.function.PercentileEstMVAggregationFunction
[78] WARN TestMethodFilter - NoClassDefFoundError: class org.apache.pinot.core.query.aggregation.function.PercentileMVAggregationFunction
[78] WARN TestMethodFilter - NoClassDefFoundError: class org.apache.pinot.core.query.aggregation.function.LastDoubleValueWithTimeAggregationFunction
[79] WARN TestMethodFilter - NoClassDefFoundError: class org.apache.pinot.core.query.aggregation.function.SegmentPartitionedDistinctCountAggregationFunction
[79] WARN TestMethodFilter - NoClassDefFoundError: class org.apache.pinot.core.query.aggregation.function.LastIntValueWithTimeAggregationFunction
[79] WARN TestMethodFilter - NoClassDefFoundError: class org.apache.pinot.core.query.aggregation.function.SumAggregationFunction
[80] WARN TestMethodFilter - NoClassDefFoundError: class org.apache.pinot.core.query.aggregation.function.AvgMVAggregationFunction
[80] WARN TestMethodFilter - NoClassDefFoundError: class org.apache.pinot.core.query.aggregation.function.IdSetAggregationFunction
[81] WARN TestMethodFilter - NoClassDefFoundError: class org.apache.pinot.core.query.aggregation.function.DistinctCountMVAggregationFunction
[82] WARN TestMethodFilter - NoClassDefFoundError: class org.apache.pinot.core.query.aggregation.function.DistinctCountRawHLLMVAggregationFunction
[82] WARN TestMethodFilter - NoClassDefFoundError: class org.apache.pinot.core.query.aggregation.function.MaxAggregationFunction
[82] WARN TestMethodFilter - NoClassDefFoundError: class org.apache.pinot.core.query.aggregation.function.MinMVAggregationFunction
[83] WARN TestMethodFilter - NoClassDefFoundError: class org.apache.pinot.core.query.aggregation.function.AvgAggregationFunction
[83] WARN TestMethodFilter - NoClassDefFoundError: class org.apache.pinot.core.query.aggregation.function.StUnionAggregationFunction
[83] WARN TestMethodFilter - NoClassDefFoundError: class org.apache.pinot.core.query.aggregation.function.SumMVAggregationFunction
[83] WARN TestMethodFilter - NoClassDefFoundError: class org.apache.pinot.core.query.aggregation.function.DistinctCountRawHLLAggregationFunction
[83] WARN TestMethodFilter - NoClassDefFoundError: class org.apache.pinot.core.query.aggregation.function.PercentileRawEstMVAggregationFunction
[84] WARN TestMethodFilter - NoClassDefFoundError: class org.apache.pinot.core.query.aggregation.function.MaxMVAggregationFunction
[84] WARN TestMethodFilter - NoClassDefFoundError: class org.apache.pinot.core.query.aggregation.function.DistinctCountBitmapAggregationFunction
[84] WARN TestMethodFilter - NoClassDefFoundError: class org.apache.pinot.core.query.aggregation.function.AggregationFunctionUtils
[84] WARN TestMethodFilter - NoClassDefFoundError: class org.apache.pinot.core.query.aggregation.function.PercentileEstAggregationFunction
[85] WARN TestMethodFilter - NoClassDefFoundError: class org.apache.pinot.core.query.aggregation.function.DistinctCountHLLMVAggregationFunction
[85] WARN TestMethodFilter - NoClassDefFoundError: class org.apache.pinot.core.query.aggregation.function.SumPrecisionAggregationFunction
[85] WARN TestMethodFilter - NoClassDefFoundError: class org.apache.pinot.core.query.aggregation.function.LastFloatValueWithTimeAggregationFunction
[86] WARN TestMethodFilter - NoClassDefFoundError: class org.apache.pinot.core.query.aggregation.function.PercentileTDigestAggregationFunction
[86] WARN TestMethodFilter - NoClassDefFoundError: class org.apache.pinot.core.query.aggregation.function.DistinctCountHLLAggregationFunction
[86] WARN TestMethodFilter - NoClassDefFoundError: class org.apache.pinot.core.query.aggregation.function.PercentileAggregationFunction
[86] WARN TestMethodFilter - NoClassDefFoundError: class org.apache.pinot.core.query.aggregation.function.DistinctCountRawThetaSketchAggregationFunction
[86] WARN TestMethodFilter - NoClassDefFoundError: class org.apache.pinot.core.query.aggregation.function.PercentileRawEstAggregationFunction
[87] WARN TestMethodFilter - NoClassDefFoundError: class org.apache.pinot.core.query.aggregation.function.FastHLLAggregationFunction
[87] WARN TestMethodFilter - NoClassDefFoundError: class org.apache.pinot.core.query.aggregation.function.MinAggregationFunction
[87] WARN TestMethodFilter - NoClassDefFoundError: class org.apache.pinot.core.query.aggregation.function.DistinctAggregationFunction
[88] WARN TestMethodFilter - NoClassDefFoundError: class org.apache.pinot.core.query.aggregation.function.MinMaxRangeMVAggregationFunction
[88] WARN TestMethodFilter - NoClassDefFoundError: class org.apache.pinot.core.query.aggregation.function.PercentileRawTDigestAggregationFunction
[88] WARN TestMethodFilter - NoClassDefFoundError: class org.apache.pinot.core.query.aggregation.function.LastStringValueWithTimeAggregationFunction
[89] WARN TestMethodFilter - NoClassDefFoundError: class org.apache.pinot.core.query.aggregation.function.DistinctCountSmartHLLAggregationFunction
[89] WARN TestMethodFilter - NoClassDefFoundError: class org.apache.pinot.core.query.aggregation.function.PercentileTDigestMVAggregationFunction
[89] WARN TestMethodFilter - NoClassDefFoundError: class org.apache.pinot.core.query.aggregation.function.CountMVAggregationFunction
[89] WARN TestMethodFilter - NoClassDefFoundError: class org.apache.pinot.core.query.aggregation.function.CountAggregationFunction
[90] WARN TestMethodFilter - NoClassDefFoundError: class org.apache.pinot.core.query.aggregation.function.MinMaxRangeAggregationFunction
[90] WARN TestMethodFilter - NoClassDefFoundError: class org.apache.pinot.core.query.aggregation.function.DistinctCountBitmapMVAggregationFunction
[91] WARN TestMethodFilter - NoClassDefFoundError: class org.apache.pinot.core.query.aggregation.function.ModeAggregationFunction
[92] WARN TestMethodFilter - NoClassDefFoundError: class org.apache.pinot.core.query.aggregation.groupby.utils.DoubleToIdMap
[92] WARN TestMethodFilter - NoClassDefFoundError: class org.apache.pinot.core.query.aggregation.groupby.utils.StringToIdMap
[92] WARN TestMethodFilter - NoClassDefFoundError: class org.apache.pinot.core.query.aggregation.groupby.utils.FloatToIdMap
[92] WARN TestMethodFilter - NoClassDefFoundError: class org.apache.pinot.core.query.aggregation.groupby.utils.IntToIdMap
[92] WARN TestMethodFilter - NoClassDefFoundError: class org.apache.pinot.core.query.aggregation.groupby.utils.LongToIdMap
[93] WARN TestMethodFilter - NoClassDefFoundError: class org.apache.pinot.core.query.aggregation.groupby.utils.BytesToIdMap
[93] WARN TestMethodFilter - NoClassDefFoundError: class org.apache.pinot.core.query.aggregation.groupby.utils.ValueToIdMapFactory
[93] WARN TestMethodFilter - NoClassDefFoundError: class org.apache.pinot.core.query.aggregation.groupby.NoDictionarySingleColumnGroupKeyGenerator
[95] WARN TestMethodFilter - NoClassDefFoundError: class org.apache.pinot.core.query.selection.SelectionOperatorService
[96] WARN TestMethodFilter - NoClassDefFoundError: class org.apache.pinot.core.query.selection.SelectionOperatorUtils
[96] WARN TestMethodFilter - NoClassDefFoundError: class org.apache.pinot.core.query.postaggregation.PostAggregationFunction
[96] WARN TestMethodFilter - NoClassDefFoundError: class org.apache.pinot.core.query.distinct.DistinctTable
[97] WARN TestMethodFilter - NoClassDefFoundError: class org.apache.pinot.core.query.distinct.dictionary.DictionaryBasedMultiColumnDistinctOrderByExecutor
[97] WARN TestMethodFilter - NoClassDefFoundError: class org.apache.pinot.core.query.distinct.dictionary.DictionaryBasedSingleColumnDistinctOrderByExecutor
[98] WARN TestMethodFilter - NoClassDefFoundError: class org.apache.pinot.core.query.distinct.dictionary.DictionaryBasedSingleColumnDistinctOnlyExecutor
[98] WARN TestMethodFilter - NoClassDefFoundError: class org.apache.pinot.core.query.distinct.dictionary.DictionaryBasedMultiColumnDistinctOnlyExecutor
[98] WARN TestMethodFilter - NoClassDefFoundError: class org.apache.pinot.core.query.distinct.raw.RawLongSingleColumnDistinctOnlyExecutor
[98] WARN TestMethodFilter - NoClassDefFoundError: class org.apache.pinot.core.query.distinct.raw.RawDoubleSingleColumnDistinctOrderByExecutor
[98] WARN TestMethodFilter - NoClassDefFoundError: class org.apache.pinot.core.query.distinct.raw.RawDoubleSingleColumnDistinctOnlyExecutor
[99] WARN TestMethodFilter - NoClassDefFoundError: class org.apache.pinot.core.query.distinct.raw.RawStringSingleColumnDistinctOrderByExecutor
[99] WARN TestMethodFilter - NoClassDefFoundError: class org.apache.pinot.core.query.distinct.raw.RawFloatSingleColumnDistinctOrderByExecutor
[99] WARN TestMethodFilter - NoClassDefFoundError: class org.apache.pinot.core.query.distinct.raw.RawFloatSingleColumnDistinctOnlyExecutor
[99] WARN TestMethodFilter - NoClassDefFoundError: class org.apache.pinot.core.query.distinct.raw.RawLongSingleColumnDistinctOrderByExecutor
[100] WARN TestMethodFilter - NoClassDefFoundError: class org.apache.pinot.core.query.distinct.raw.RawIntSingleColumnDistinctOrderByExecutor
[100] WARN TestMethodFilter - NoClassDefFoundError: class org.apache.pinot.core.query.distinct.raw.RawBytesSingleColumnDistinctOnlyExecutor
[100] WARN TestMethodFilter - NoClassDefFoundError: class org.apache.pinot.core.query.distinct.raw.RawBytesSingleColumnDistinctOrderByExecutor
[101] WARN TestMethodFilter - NoClassDefFoundError: class org.apache.pinot.core.query.distinct.raw.RawIntSingleColumnDistinctOnlyExecutor
[101] WARN TestMethodFilter - NoClassDefFoundError: class org.apache.pinot.core.query.distinct.raw.RawStringSingleColumnDistinctOnlyExecutor
[101] WARN TestMethodFilter - NoClassDefFoundError: class org.apache.pinot.core.transport.ServerInstance
[102] WARN TestMethodFilter - NoClassDefFoundError: class org.apache.pinot.core.transport.ServerChannels
[102] WARN TestMethodFilter - NoClassDefFoundError: class org.apache.pinot.core.transport.QueryRouter
[102] WARN TestMethodFilter - NoClassDefFoundError: class org.apache.pinot.core.transport.QueryServer
[102] WARN TestMethodFilter - NoClassDefFoundError: class org.apache.pinot.core.transport.ServerResponse
[103] WARN TestMethodFilter - NoClassDefFoundError: class org.apache.pinot.core.transport.ServerRoutingInstance
[104] WARN TestMethodFilter - NoClassDefFoundError: class org.apache.pinot.core.transport.ListenerConfig
[104] WARN TestMethodFilter - NoClassDefFoundError: class org.apache.pinot.core.segment.processing.transformer.NoOpRecordTransformer
[106] WARN TestMethodFilter - NoClassDefFoundError: class org.apache.pinot.core.segment.processing.transformer.TransformFunctionRecordTransformer
[106] WARN TestMethodFilter - NoClassDefFoundError: class org.apache.pinot.core.segment.processing.partitioner.NoOpPartitioner
[106] WARN TestMethodFilter - NoClassDefFoundError: class org.apache.pinot.core.segment.processing.partitioner.TransformFunctionPartitioner
[106] WARN TestMethodFilter - NoClassDefFoundError: class org.apache.pinot.core.segment.processing.partitioner.TableConfigPartitioner
[107] WARN TestMethodFilter - NoClassDefFoundError: class org.apache.pinot.core.segment.processing.partitioner.ColumnValuePartitioner
[107] WARN TestMethodFilter - NoClassDefFoundError: class org.apache.pinot.core.segment.processing.partitioner.PartitionerConfig
[107] WARN TestMethodFilter - NoClassDefFoundError: class org.apache.pinot.core.segment.processing.partitioner.RoundRobinPartitioner
[107] WARN TestMethodFilter - NoClassDefFoundError: class org.apache.pinot.core.segment.processing.framework.SegmentProcessorConfig
[108] WARN TestMethodFilter - NoClassDefFoundError: class org.apache.pinot.core.segment.processing.framework.SegmentProcessorFramework
[108] WARN TestMethodFilter - NoClassDefFoundError: class org.apache.pinot.core.segment.processing.aggregator.ValueAggregatorFactory
[109] WARN TestMethodFilter - NoClassDefFoundError: class org.apache.pinot.core.segment.processing.utils.SegmentProcessorUtils
[110] WARN TestMethodFilter - NoClassDefFoundError: class org.apache.pinot.core.segment.processing.timehandler.EpochTimeHandler
[110] WARN TestMethodFilter - NoClassDefFoundError: class org.apache.pinot.core.segment.processing.timehandler.NoOpTimeHandler
[111] WARN TestMethodFilter - NoClassDefFoundError: class org.apache.pinot.core.segment.processing.filter.NoOpRecordFilter
[112] WARN TestMethodFilter - NoClassDefFoundError: class org.apache.pinot.core.segment.processing.filter.FunctionEvaluatorRecordFilter
[112] WARN TestMethodFilter - NoClassDefFoundError: class org.apache.pinot.core.segment.processing.genericrow.GenericRowFileReader
[113] WARN TestMethodFilter - NoClassDefFoundError: class org.apache.pinot.core.segment.processing.genericrow.GenericRowSerializer
[113] WARN TestMethodFilter - NoClassDefFoundError: class org.apache.pinot.core.segment.processing.genericrow.GenericRowDeserializer
[113] WARN TestMethodFilter - NoClassDefFoundError: class org.apache.pinot.core.segment.processing.genericrow.GenericRowFileWriter
[115] WARN TestMethodFilter - NoClassDefFoundError: class org.apache.pinot.core.geospatial.transform.function.StPointFunction
[115] WARN TestMethodFilter - NoClassDefFoundError: class org.apache.pinot.core.geospatial.transform.function.StEqualsFunction
[115] WARN TestMethodFilter - NoClassDefFoundError: class org.apache.pinot.core.geospatial.transform.function.StContainsFunction
[115] WARN TestMethodFilter - NoClassDefFoundError: class org.apache.pinot.core.geospatial.transform.function.StAsBinaryFunction
[116] WARN TestMethodFilter - NoClassDefFoundError: class org.apache.pinot.core.geospatial.transform.function.StGeometryTypeFunction
[116] WARN TestMethodFilter - NoClassDefFoundError: class org.apache.pinot.core.geospatial.transform.function.StGeogFromWKBFunction
[116] WARN TestMethodFilter - NoClassDefFoundError: class org.apache.pinot.core.geospatial.transform.function.StPolygonFunction
[116] WARN TestMethodFilter - NoClassDefFoundError: class org.apache.pinot.core.geospatial.transform.function.GeoToH3Function
[116] WARN TestMethodFilter - NoClassDefFoundError: class org.apache.pinot.core.geospatial.transform.function.StGeomFromWKBFunction
[117] WARN TestMethodFilter - NoClassDefFoundError: class org.apache.pinot.core.geospatial.transform.function.StGeomFromTextFunction
[117] WARN TestMethodFilter - NoClassDefFoundError: class org.apache.pinot.core.geospatial.transform.function.StDistanceFunction
[117] WARN TestMethodFilter - NoClassDefFoundError: class org.apache.pinot.core.geospatial.transform.function.ScalarFunctions
[117] WARN TestMethodFilter - NoClassDefFoundError: class org.apache.pinot.core.geospatial.transform.function.StAsTextFunction
[118] WARN TestMethodFilter - NoClassDefFoundError: class org.apache.pinot.core.geospatial.transform.function.StAreaFunction
[118] WARN TestMethodFilter - NoClassDefFoundError: class org.apache.pinot.core.geospatial.transform.function.StGeogFromTextFunction
[118] WARN TestMethodFilter - NoClassDefFoundError: class org.apache.pinot.core.geospatial.transform.function.StWithinFunction
[120] WARN TestMethodFilter - NoClassDefFoundError: class org.apache.pinot.core.util.SegmentCompletionProtocolUtils
[120] WARN TestMethodFilter - NoClassDefFoundError: class org.apache.pinot.core.util.IntObjectIndexedPriorityQueue
[121] WARN TestMethodFilter - NoClassDefFoundError: class org.apache.pinot.core.util.SegmentProcessorAvroUtils
[122] WARN TestMethodFilter - NoClassDefFoundError: class org.apache.pinot.core.util.ListenerConfigUtil
[122] WARN TestMethodFilter - NoClassDefFoundError: class org.apache.pinot.core.util.IntDoubleIndexedPriorityQueue
[122] WARN TestMethodFilter - NoClassDefFoundError: class org.apache.pinot.core.util.PeerServerSegmentFinder
[123] WARN TestMethodFilter - NoClassDefFoundError: class org.apache.pinot.core.util.GapfillUtils
[124] WARN TestMethodFilter - NoClassDefFoundError: class org.apache.pinot.core.requesthandler.PinotQueryParserFactory
[124] WARN TestMethodFilter - NoClassDefFoundError: class org.apache.pinot.core.operator.dociditerators.MVScanDocIdIterator
[124] WARN TestMethodFilter - NoClassDefFoundError: class org.apache.pinot.core.operator.dociditerators.RangelessBitmapDocIdIterator
[125] WARN TestMethodFilter - NoClassDefFoundError: class org.apache.pinot.core.operator.dociditerators.SVScanDocIdIterator
[125] WARN TestMethodFilter - NoClassDefFoundError: class org.apache.pinot.core.operator.dociditerators.BitmapDocIdIterator
[126] WARN TestMethodFilter - NoClassDefFoundError: class org.apache.pinot.core.operator.dociditerators.ExpressionScanDocIdIterator
[126] WARN TestMethodFilter - NoClassDefFoundError: class org.apache.pinot.core.operator.AcquireReleaseColumnsSegmentOperator
[126] WARN TestMethodFilter - NoClassDefFoundError: class org.apache.pinot.core.operator.StreamingInstanceResponseOperator
[128] WARN TestMethodFilter - NoClassDefFoundError: class org.apache.pinot.core.operator.transform.TransformResultMetadata
[128] WARN TestMethodFilter - NoClassDefFoundError: class org.apache.pinot.core.operator.transform.TransformOperator
[128] WARN TestMethodFilter - NoClassDefFoundError: class org.apache.pinot.core.operator.transform.function.ArrayMinTransformFunction
[129] WARN TestMethodFilter - NoClassDefFoundError: class org.apache.pinot.core.operator.transform.function.JsonExtractKeyTransformFunction
[129] WARN TestMethodFilter - NoClassDefFoundError: class org.apache.pinot.core.operator.transform.function.PowerTransformFunction
[129] WARN TestMethodFilter - NoClassDefFoundError: class org.apache.pinot.core.operator.transform.function.JsonExtractScalarTransformFunction
[129] WARN TestMethodFilter - NoClassDefFoundError: class org.apache.pinot.core.operator.transform.function.DivisionTransformFunction
[130] WARN TestMethodFilter - NoClassDefFoundError: class org.apache.pinot.core.operator.transform.function.IsNotNullTransformFunction
[130] WARN TestMethodFilter - NoClassDefFoundError: class org.apache.pinot.core.operator.transform.function.AdditionTransformFunction
[131] WARN TestMethodFilter - NoClassDefFoundError: class org.apache.pinot.core.operator.transform.function.CaseTransformFunction
[131] WARN TestMethodFilter - NoClassDefFoundError: class org.apache.pinot.core.operator.transform.function.InTransformFunction
[132] WARN TestMethodFilter - NoClassDefFoundError: class org.apache.pinot.core.operator.transform.function.NotEqualsTransformFunction
[132] WARN TestMethodFilter - NoClassDefFoundError: class org.apache.pinot.core.operator.transform.function.MultiplicationTransformFunction
[132] WARN TestMethodFilter - NoClassDefFoundError: class org.apache.pinot.core.operator.transform.function.GroovyTransformFunction
[133] WARN TestMethodFilter - NoClassDefFoundError: class org.apache.pinot.core.operator.transform.function.RegexpExtractTransformFunction
[133] WARN TestMethodFilter - NoClassDefFoundError: class org.apache.pinot.core.operator.transform.function.ModuloTransformFunction
[133] WARN TestMethodFilter - NoClassDefFoundError: class org.apache.pinot.core.operator.transform.function.AndOperatorTransformFunction
[134] WARN TestMethodFilter - NoClassDefFoundError: class org.apache.pinot.core.operator.transform.function.TransformFunctionFactory
[134] WARN TestMethodFilter - NoClassDefFoundError: class org.apache.pinot.core.operator.transform.function.GreaterThanOrEqualTransformFunction
[134] WARN TestMethodFilter - NoClassDefFoundError: class org.apache.pinot.core.operator.transform.function.LessThanTransformFunction
[134] WARN TestMethodFilter - NoClassDefFoundError: class org.apache.pinot.core.operator.transform.function.ArrayMaxTransformFunction
[135] WARN TestMethodFilter - NoClassDefFoundError: class org.apache.pinot.core.operator.transform.function.LeastTransformFunction
[135] WARN TestMethodFilter - NoClassDefFoundError: class org.apache.pinot.core.operator.transform.function.InIdSetTransformFunction
[135] WARN TestMethodFilter - NoClassDefFoundError: class org.apache.pinot.core.operator.transform.function.DateTimeConversionTransformFunction
[135] WARN TestMethodFilter - NoClassDefFoundError: class org.apache.pinot.core.operator.transform.function.OrOperatorTransformFunction
[136] WARN TestMethodFilter - NoClassDefFoundError: class org.apache.pinot.core.operator.transform.function.RoundDecimalTransformFunction
[136] WARN TestMethodFilter - NoClassDefFoundError: class org.apache.pinot.core.operator.transform.function.LessThanOrEqualTransformFunction
[136] WARN TestMethodFilter - NoClassDefFoundError: class org.apache.pinot.core.operator.transform.function.DateTruncTransformFunction
[136] WARN TestMethodFilter - NoClassDefFoundError: class org.apache.pinot.core.operator.transform.function.TruncateDecimalTransformFunction
[137] WARN TestMethodFilter - NoClassDefFoundError: class org.apache.pinot.core.operator.transform.function.LiteralTransformFunction
[137] WARN TestMethodFilter - NoClassDefFoundError: class org.apache.pinot.core.operator.transform.function.ArrayLengthTransformFunction
[137] WARN TestMethodFilter - NoClassDefFoundError: class org.apache.pinot.core.operator.transform.function.CastTransformFunction
[138] WARN TestMethodFilter - NoClassDefFoundError: class org.apache.pinot.core.operator.transform.function.IdentifierTransformFunction
[138] WARN TestMethodFilter - NoClassDefFoundError: class org.apache.pinot.core.operator.transform.function.MapValueTransformFunction
[138] WARN TestMethodFilter - NoClassDefFoundError: class org.apache.pinot.core.operator.transform.function.ValueInTransformFunction
[138] WARN TestMethodFilter - NoClassDefFoundError: class org.apache.pinot.core.operator.transform.function.SubtractionTransformFunction
[139] WARN TestMethodFilter - NoClassDefFoundError: class org.apache.pinot.core.operator.transform.function.IsNullTransformFunction
[139] WARN TestMethodFilter - NoClassDefFoundError: class org.apache.pinot.core.operator.transform.function.TimeConversionTransformFunction
[139] WARN TestMethodFilter - NoClassDefFoundError: class org.apache.pinot.core.operator.transform.function.GreatestTransformFunction
[140] WARN TestMethodFilter - NoClassDefFoundError: class org.apache.pinot.core.operator.transform.function.LookupTransformFunction
[140] WARN TestMethodFilter - NoClassDefFoundError: class org.apache.pinot.core.operator.transform.function.GreaterThanTransformFunction
[140] WARN TestMethodFilter - NoClassDefFoundError: class org.apache.pinot.core.operator.transform.function.ArrayAverageTransformFunction
[140] WARN TestMethodFilter - NoClassDefFoundError: class org.apache.pinot.core.operator.transform.function.EqualsTransformFunction
[141] WARN TestMethodFilter - NoClassDefFoundError: class org.apache.pinot.core.operator.transform.function.ScalarTransformFunctionWrapper
[141] WARN TestMethodFilter - NoClassDefFoundError: class org.apache.pinot.core.operator.transform.function.ArraySumTransformFunction
[141] WARN TestMethodFilter - NoClassDefFoundError: class org.apache.pinot.core.operator.transform.PassThroughTransformOperator
[142] WARN TestMethodFilter - NoClassDefFoundError: class org.apache.pinot.core.operator.streaming.StreamingSelectionOnlyCombineOperator
[142] WARN TestMethodFilter - NoClassDefFoundError: class org.apache.pinot.core.operator.streaming.StreamingSelectionOnlyOperator
[142] WARN TestMethodFilter - NoClassDefFoundError: class org.apache.pinot.core.operator.streaming.StreamingResponseUtils
[142] WARN TestMethodFilter - NoClassDefFoundError: class org.apache.pinot.core.operator.query.SelectionOnlyOperator
[142] WARN TestMethodFilter - NoClassDefFoundError: class org.apache.pinot.core.operator.query.AggregationGroupByOrderByOperator
[142] WARN TestMethodFilter - NoClassDefFoundError: class org.apache.pinot.core.operator.query.AggregationGroupByOperator
[143] WARN TestMethodFilter - NoClassDefFoundError: class org.apache.pinot.core.operator.query.DistinctOperator
[143] WARN TestMethodFilter - NoClassDefFoundError: class org.apache.pinot.core.operator.query.SelectionOrderByOperator
[143] WARN TestMethodFilter - NoClassDefFoundError: class org.apache.pinot.core.operator.query.FilteredAggregationOperator
[143] WARN TestMethodFilter - NoClassDefFoundError: class org.apache.pinot.core.operator.query.EmptySelectionOperator
[143] WARN TestMethodFilter - NoClassDefFoundError: class org.apache.pinot.core.operator.query.NonScanBasedAggregationOperator
[144] WARN TestMethodFilter - NoClassDefFoundError: class org.apache.pinot.core.operator.query.DictionaryBasedDistinctOperator
[144] WARN TestMethodFilter - NoClassDefFoundError: class org.apache.pinot.core.operator.query.AggregationOperator
[144] WARN TestMethodFilter - NoClassDefFoundError: class org.apache.pinot.core.operator.query.FastFilteredCountOperator
[144] WARN TestMethodFilter - NoClassDefFoundError: class org.apache.pinot.core.operator.DocIdSetOperator
[144] WARN TestMethodFilter - NoClassDefFoundError: class org.apache.pinot.core.operator.blocks.InstanceResponseBlock
[144] WARN TestMethodFilter - NoClassDefFoundError: class org.apache.pinot.core.operator.blocks.PassThroughTransformBlock
[145] WARN TestMethodFilter - NoClassDefFoundError: class org.apache.pinot.core.operator.blocks.IntermediateResultsBlock
[145] WARN TestMethodFilter - NoClassDefFoundError: class org.apache.pinot.core.operator.blocks.ProjectionBlock
[146] WARN TestMethodFilter - NoClassDefFoundError: class org.apache.pinot.core.operator.blocks.TransformBlock
[146] WARN TestMethodFilter - NoClassDefFoundError: class org.apache.pinot.core.operator.InstanceResponseOperator
[146] WARN TestMethodFilter - NoClassDefFoundError: class org.apache.pinot.core.operator.BitmapDocIdSetOperator
[146] WARN TestMethodFilter - NoClassDefFoundError: class org.apache.pinot.core.operator.combine.AggregationOnlyCombineOperator
[146] WARN TestMethodFilter - NoClassDefFoundError: class org.apache.pinot.core.operator.combine.SelectionOnlyCombineOperator
[147] WARN TestMethodFilter - NoClassDefFoundError: class org.apache.pinot.core.operator.combine.MinMaxValueBasedSelectionOrderByCombineOperator
[147] WARN TestMethodFilter - NoClassDefFoundError: class org.apache.pinot.core.operator.combine.SelectionOrderByCombineOperator
[147] WARN TestMethodFilter - NoClassDefFoundError: class org.apache.pinot.core.operator.combine.GroupByCombineOperator
[147] WARN TestMethodFilter - NoClassDefFoundError: class org.apache.pinot.core.operator.combine.GroupByOrderByCombineOperator
[148] WARN TestMethodFilter - NoClassDefFoundError: class org.apache.pinot.core.operator.combine.DistinctCombineOperator
[148] WARN TestMethodFilter - NoClassDefFoundError: class org.apache.pinot.core.operator.ProjectionOperator
[148] WARN TestMethodFilter - NoClassDefFoundError: class org.apache.pinot.core.operator.filter.H3IndexFilterOperator
[149] WARN TestMethodFilter - NoClassDefFoundError: class org.apache.pinot.core.operator.filter.ExpressionFilterOperator
[149] WARN TestMethodFilter - NoClassDefFoundError: class org.apache.pinot.core.operator.filter.predicate.InPredicateEvaluatorFactory
[149] WARN TestMethodFilter - NoClassDefFoundError: class org.apache.pinot.core.operator.filter.predicate.PredicateUtils
[150] WARN TestMethodFilter - NoClassDefFoundError: class org.apache.pinot.core.operator.filter.predicate.NotEqualsPredicateEvaluatorFactory
[150] WARN TestMethodFilter - NoClassDefFoundError: class org.apache.pinot.core.operator.filter.predicate.RegexpLikePredicateEvaluatorFactory
[151] WARN TestMethodFilter - NoClassDefFoundError: class org.apache.pinot.core.operator.filter.predicate.RangePredicateEvaluatorFactory
[152] WARN TestMethodFilter - NoClassDefFoundError: class org.apache.pinot.core.operator.filter.predicate.FSTBasedRegexpPredicateEvaluatorFactory
[152] WARN TestMethodFilter - NoClassDefFoundError: class org.apache.pinot.core.operator.filter.predicate.EqualsPredicateEvaluatorFactory
[153] WARN TestMethodFilter - NoClassDefFoundError: class org.apache.pinot.core.operator.filter.predicate.NotInPredicateEvaluatorFactory
[153] WARN TestMethodFilter - NoClassDefFoundError: class org.apache.pinot.core.operator.filter.predicate.PredicateEvaluatorProvider
[153] WARN TestMethodFilter - NoClassDefFoundError: class org.apache.pinot.core.operator.filter.BitmapCollection
[154] WARN TestMethodFilter - NoClassDefFoundError: class org.apache.pinot.core.operator.filter.TextMatchFilterOperator
[154] WARN TestMethodFilter - NoClassDefFoundError: class org.apache.pinot.core.operator.filter.OrFilterOperator
[154] WARN TestMethodFilter - NoClassDefFoundError: class org.apache.pinot.core.operator.filter.MatchAllFilterOperator
[154] WARN TestMethodFilter - NoClassDefFoundError: class org.apache.pinot.core.operator.filter.CombinedFilterOperator
[155] WARN TestMethodFilter - NoClassDefFoundError: class org.apache.pinot.core.operator.filter.FilterOperatorUtils
[155] WARN TestMethodFilter - NoClassDefFoundError: class org.apache.pinot.core.operator.filter.AndFilterOperator
[155] WARN TestMethodFilter - NoClassDefFoundError: class org.apache.pinot.core.operator.filter.EmptyFilterOperator
[155] WARN TestMethodFilter - NoClassDefFoundError: class org.apache.pinot.core.operator.filter.ScanBasedFilterOperator
[156] WARN TestMethodFilter - NoClassDefFoundError: class org.apache.pinot.core.operator.filter.JsonMatchFilterOperator
[156] WARN TestMethodFilter - NoClassDefFoundError: class org.apache.pinot.core.operator.filter.BitmapBasedFilterOperator
[156] WARN TestMethodFilter - NoClassDefFoundError: class org.apache.pinot.core.operator.filter.NotFilterOperator
[156] WARN TestMethodFilter - NoClassDefFoundError: class org.apache.pinot.core.operator.filter.SortedIndexBasedFilterOperator
[156] WARN TestMethodFilter - NoClassDefFoundError: class org.apache.pinot.core.operator.filter.RangeIndexBasedFilterOperator
[156] WARN TestMethodFilter - NoClassDefFoundError: class org.apache.pinot.core.operator.docvalsets.TransformBlockValSet
[156] WARN TestMethodFilter - NoClassDefFoundError: class org.apache.pinot.core.operator.docvalsets.ProjectionBlockValSet
[156] WARN TestMethodFilter - NoClassDefFoundError: class org.apache.pinot.core.operator.docidsets.OrDocIdSet
[157] WARN TestMethodFilter - NoClassDefFoundError: class org.apache.pinot.core.operator.docidsets.AndDocIdSet
[158] WARN TestMethodFilter - NoClassDefFoundError: class org.apache.pinot.core.metadata.DefaultMetadataExtractor
[159] WARN TestMethodFilter - NoClassDefFoundError: class org.apache.pinot.queries.JsonMatchQueriesTest
[160] WARN TestMethodFilter - NoClassDefFoundError: class org.apache.pinot.queries.InterSegmentAggregationMultiValueQueriesTest
[160] WARN TestMethodFilter - NoClassDefFoundError: class org.apache.pinot.queries.NoDictionaryCompressionQueriesTest
[161] WARN TestMethodFilter - NoClassDefFoundError: class org.apache.pinot.queries.SegmentWithNullValueVectorTest
[161] WARN TestMethodFilter - NoClassDefFoundError: class org.apache.pinot.queries.InterSegmentAggregationSingleValueQueriesTest
[163] WARN TestMethodFilter - NoClassDefFoundError: class org.apache.pinot.queries.GapfillQueriesTest
[164] WARN TestMethodFilter - NoClassDefFoundError: class org.apache.pinot.queries.QueriesTestUtils
[164] WARN TestMethodFilter - NoClassDefFoundError: class org.apache.pinot.queries.DistinctCountBitmapQueriesTest
[165] WARN TestMethodFilter - NoClassDefFoundError: class org.apache.pinot.queries.IdSetQueriesTest
[165] WARN TestMethodFilter - NoClassDefFoundError: class org.apache.pinot.queries.InnerSegmentSelectionSingleValueQueriesTest
[165] WARN TestMethodFilter - NoClassDefFoundError: class org.apache.pinot.queries.SumPrecisionQueriesTest
[166] WARN TestMethodFilter - NoClassDefFoundError: class org.apache.pinot.queries.NotOperatorQueriesTest
[166] WARN TestMethodFilter - NoClassDefFoundError: class org.apache.pinot.queries.InterSegmentResultTableSingleValueQueriesTest
[167] WARN TestMethodFilter - NoClassDefFoundError: class org.apache.pinot.queries.PercentileTDigestMVQueriesTest
[167] WARN TestMethodFilter - NoClassDefFoundError: class org.apache.pinot.queries.JsonDataTypeQueriesTest
[167] WARN TestMethodFilter - NoClassDefFoundError: class org.apache.pinot.queries.InterSegmentResultTableMultiValueQueriesTest
[167] WARN TestMethodFilter - NoClassDefFoundError: class org.apache.pinot.queries.TimestampQueriesTest
[168] WARN TestMethodFilter - NoClassDefFoundError: class org.apache.pinot.queries.H3IndexQueriesTest
[168] WARN TestMethodFilter - NoClassDefFoundError: class org.apache.pinot.queries.InnerSegmentSelectionMultiValueQueriesTest
[168] WARN TestMethodFilter - NoClassDefFoundError: class org.apache.pinot.queries.UrlFunctionGroupByTest
[168] WARN TestMethodFilter - NoClassDefFoundError: class org.apache.pinot.queries.InnerSegmentAggregationMultiValueQueriesTest
[169] WARN TestMethodFilter - NoClassDefFoundError: class org.apache.pinot.queries.LastWithTimeQueriesTest
[169] WARN TestMethodFilter - NoClassDefFoundError: class org.apache.pinot.queries.FastHllQueriesTest
[170] WARN TestMethodFilter - NoClassDefFoundError: class org.apache.pinot.queries.JsonExtractScalarTest
[170] WARN TestMethodFilter - NoClassDefFoundError: class org.apache.pinot.queries.ModeQueriesTest
[171] WARN TestMethodFilter - NoClassDefFoundError: class org.apache.pinot.queries.InnerSegmentAggregationSingleValueQueriesTest
[171] WARN TestMethodFilter - NoClassDefFoundError: class org.apache.pinot.queries.TextSearchQueriesTest
[172] WARN TestMethodFilter - NoClassDefFoundError: class org.apache.pinot.queries.TransformQueriesTest
[172] WARN TestMethodFilter - NoClassDefFoundError: class org.apache.pinot.queries.PercentileTDigestQueriesTest
[172] WARN TestMethodFilter - NoClassDefFoundError: class org.apache.pinot.queries.JsonIngestionFromAvroQueriesTest
[172] WARN TestMethodFilter - NoClassDefFoundError: class org.apache.pinot.queries.RangePredicateWithSortedInvertedIndexTest
[173] WARN TestMethodFilter - NoClassDefFoundError: class org.apache.pinot.queries.DistinctCountQueriesTest
[173] WARN TestMethodFilter - NoClassDefFoundError: class org.apache.pinot.queries.DistinctCountThetaSketchQueriesTest
[174] WARN TestMethodFilter - NoClassDefFoundError: class org.apache.pinot.queries.SerializedBytesQueriesTest
[174] WARN TestMethodFilter - NoClassDefFoundError: class org.apache.pinot.queries.FilteredAggregationsTest
[174] WARN TestMethodFilter - NoClassDefFoundError: class org.apache.pinot.queries.InterSegmentOrderBySingleValueQueriesTest
[175] WARN TestMethodFilter - NoClassDefFoundError: class org.apache.pinot.queries.StUnionQueriesTest
[175] WARN TestMethodFilter - NoClassDefFoundError: class org.apache.pinot.queries.DistinctQueriesTest
[175] WARN TestMethodFilter - NoClassDefFoundError: class org.apache.pinot.queries.JsonPathQueriesTest
[176] WARN TestMethodFilter - NoClassDefFoundError: class org.apache.pinot.queries.FSTBasedRegexpLikeQueriesTest
[176] WARN TestMethodFilter - NoClassDefFoundError: class org.apache.pinot.queries.FastFilteredCountTest
[177] WARN TestMethodFilter - NoClassDefFoundError: class org.apache.pinot.queries.ExplainPlanQueriesTest
[177] WARN TestMethodFilter - NoClassDefFoundError: class org.apache.pinot.queries.BooleanQueriesTest
[177] WARN TestMethodFilter - NoClassDefFoundError: class org.apache.pinot.queries.SegmentPartitionedDistinctCountQueriesTest
[178] WARN TestMethodFilter - NoClassDefFoundError: class org.apache.pinot.queries.SumGreatestLeastQueriesTest
[178] WARN TestMethodFilter - NoClassDefFoundError: class org.apache.pinot.queries.InterSegmentOrderByMultiValueQueriesTest
[179] WARN TestMethodFilter - NoClassDefFoundError: class org.apache.pinot.core.startree.v2.PreAggregatedDistinctCountHLLStarTreeV2Test
[180] WARN TestMethodFilter - NoClassDefFoundError: class org.apache.pinot.core.startree.v2.CountStarTreeV2Test
[180] WARN TestMethodFilter - NoClassDefFoundError: class org.apache.pinot.core.startree.v2.MinMaxRangeStarTreeV2Test
[180] WARN TestMethodFilter - NoClassDefFoundError: class org.apache.pinot.core.startree.v2.AvgStarTreeV2Test
[180] WARN TestMethodFilter - NoClassDefFoundError: class org.apache.pinot.core.startree.v2.MinStarTreeV2Test
[181] WARN TestMethodFilter - NoClassDefFoundError: class org.apache.pinot.core.startree.v2.PercentileEstStarTreeV2Test
[181] WARN TestMethodFilter - NoClassDefFoundError: class org.apache.pinot.core.startree.v2.PreAggregatedAvgStarTreeV2Test
[181] WARN TestMethodFilter - NoClassDefFoundError: class org.apache.pinot.core.startree.v2.PreAggregatedPercentileTDigestStarTreeV2Test
[182] WARN TestMethodFilter - NoClassDefFoundError: class org.apache.pinot.core.startree.v2.PreAggregatedMinMaxRangeStarTreeV2Test
[182] WARN TestMethodFilter - NoClassDefFoundError: class org.apache.pinot.core.startree.v2.DistinctCountHLLStarTreeV2Test
[182] WARN TestMethodFilter - NoClassDefFoundError: class org.apache.pinot.core.startree.v2.SumPrecisionStarTreeV2Test
[183] WARN TestMethodFilter - NoClassDefFoundError: class org.apache.pinot.core.startree.v2.DistinctCountBitmapStarTreeV2Test
[183] WARN TestMethodFilter - NoClassDefFoundError: class org.apache.pinot.core.startree.v2.MaxStarTreeV2Test
[184] WARN TestMethodFilter - NoClassDefFoundError: class org.apache.pinot.core.startree.v2.PreAggregatedPercentileEstStarTreeV2Test
[184] WARN TestMethodFilter - NoClassDefFoundError: class org.apache.pinot.core.startree.v2.SumStarTreeV2Test
[184] WARN TestMethodFilter - NoClassDefFoundError: class org.apache.pinot.core.startree.v2.PercentileTDigestStarTreeV2Test
[184] WARN TestMethodFilter - NoClassDefFoundError: class org.apache.pinot.core.plan.maker.MetadataAndDictionaryAggregationPlanMakerTest
[185] WARN TestMethodFilter - NoClassDefFoundError: class org.apache.pinot.core.plan.maker.QueryOverrideWithHintsTest
[186] WARN TestMethodFilter - NoClassDefFoundError: class org.apache.pinot.core.common.ObjectSerDeUtilsTest
[186] WARN TestMethodFilter - NoClassDefFoundError: class org.apache.pinot.core.common.DataFetcherTest
[188] WARN TestMethodFilter - NoClassDefFoundError: class org.apache.pinot.core.data.manager.realtime.PinotFSSegmentUploaderTest
[189] WARN TestMethodFilter - NoClassDefFoundError: class org.apache.pinot.core.data.manager.realtime.Server2ControllerSegmentUploaderTest
[190] WARN TestMethodFilter - NoClassDefFoundError: class org.apache.pinot.core.data.manager.BaseTableDataManagerAcquireSegmentTest
[191] WARN TestMethodFilter - NoClassDefFoundError: class org.apache.pinot.core.data.manager.BaseTableDataManagerTest
[191] WARN TestMethodFilter - NoClassDefFoundError: class org.apache.pinot.core.data.function.DateTimeFunctionsTest
[192] WARN TestMethodFilter - NoClassDefFoundError: class org.apache.pinot.core.data.function.ArrayFunctionsTest
[192] WARN TestMethodFilter - NoClassDefFoundError: class org.apache.pinot.core.data.function.GroovyFunctionEvaluatorTest
[193] WARN TestMethodFilter - NoClassDefFoundError: class org.apache.pinot.core.data.function.ArithmeticFunctionsTest
[193] WARN TestMethodFilter - NoClassDefFoundError: class org.apache.pinot.core.data.function.JsonFunctionsTest
[195] WARN TestMethodFilter - NoClassDefFoundError: class org.apache.pinot.core.realtime.impl.fakestream.FakeStreamConfigUtils
[197] WARN TestMethodFilter - NoClassDefFoundError: class org.apache.pinot.core.minion.SegmentPurgerTest
[197] WARN TestMethodFilter - NoClassDefFoundError: class org.apache.pinot.core.query.scheduler.TestSchedulerGroupFactory
[199] WARN TestMethodFilter - NoClassDefFoundError: class org.apache.pinot.core.query.scheduler.TestHelper
[204] WARN TestMethodFilter - NoClassDefFoundError: class org.apache.pinot.core.query.executor.QueryExecutorExceptionsTest
[204] WARN TestMethodFilter - NoClassDefFoundError: class org.apache.pinot.core.query.executor.QueryExecutorTest
[205] WARN TestMethodFilter - NoClassDefFoundError: class org.apache.pinot.core.query.request.context.utils.BrokerRequestToQueryContextConverterTest
[207] WARN TestMethodFilter - NoClassDefFoundError: class org.apache.pinot.core.query.reduce.StreamingReduceServiceTest
[207] WARN TestMethodFilter - NoClassDefFoundError: class org.apache.pinot.core.query.aggregation.DefaultAggregationExecutorTest
[209] WARN TestMethodFilter - NoClassDefFoundError: class org.apache.pinot.core.query.aggregation.groupby.NoDictionaryGroupKeyGeneratorTest
[209] WARN TestMethodFilter - NoClassDefFoundError: class org.apache.pinot.core.query.aggregation.groupby.DictionaryBasedGroupKeyGeneratorTest
[210] WARN TestMethodFilter - NoClassDefFoundError: class org.apache.pinot.core.query.aggregation.groupby.GroupByTrimTest
[211] WARN TestMethodFilter - NoClassDefFoundError: class org.apache.pinot.core.query.postaggregation.PostAggregationFunctionTest
[213] WARN TestMethodFilter - NoClassDefFoundError: class org.apache.pinot.core.segment.processing.framework.SegmentMapperTest
[214] WARN TestMethodFilter - NoClassDefFoundError: class org.apache.pinot.core.segment.processing.framework.SegmentProcessorFrameworkTest
[215] WARN TestMethodFilter - NoClassDefFoundError: class org.apache.pinot.core.geospatial.transform.GeoInputOutputTest
[216] WARN TestMethodFilter - NoClassDefFoundError: class org.apache.pinot.core.geospatial.transform.StPointFunctionTest
[216] WARN TestMethodFilter - NoClassDefFoundError: class org.apache.pinot.core.geospatial.transform.StAreaFunctionTest
[216] WARN TestMethodFilter - NoClassDefFoundError: class org.apache.pinot.core.geospatial.transform.StContainsFunctionTest
[216] WARN TestMethodFilter - NoClassDefFoundError: class org.apache.pinot.core.geospatial.transform.StWithinFunctionTest
[217] WARN TestMethodFilter - NoClassDefFoundError: class org.apache.pinot.core.geospatial.transform.StDistanceFunctionTest
[217] WARN TestMethodFilter - NoClassDefFoundError: class org.apache.pinot.core.geospatial.transform.StGeometryTypeFunctionTest
[217] WARN TestMethodFilter - NoClassDefFoundError: class org.apache.pinot.core.geospatial.transform.StEqualFunctionTest
[217] WARN TestMethodFilter - NoClassDefFoundError: class org.apache.pinot.core.geospatial.transform.GeoToH3FunctionTest
[218] WARN TestMethodFilter - NoClassDefFoundError: class org.apache.pinot.core.util.CrcUtilsTest
[219] WARN TestMethodFilter - NoClassDefFoundError: class org.apache.pinot.core.util.SchemaUtilsTest
[220] WARN TestMethodFilter - NoClassDefFoundError: class org.apache.pinot.core.operator.dociditerators.OrDocIdIteratorTest
[220] WARN TestMethodFilter - NoClassDefFoundError: class org.apache.pinot.core.operator.dociditerators.NotDocIdIteratorTest
[220] WARN TestMethodFilter - NoClassDefFoundError: class org.apache.pinot.core.operator.dociditerators.BitmapDocIdIteratorTest
[221] WARN TestMethodFilter - NoClassDefFoundError: class org.apache.pinot.core.operator.dociditerators.AndDocIdIteratorTest
[223] WARN TestMethodFilter - NoClassDefFoundError: class org.apache.pinot.core.operator.transform.function.AdditionTransformFunctionTest
[223] WARN TestMethodFilter - NoClassDefFoundError: class org.apache.pinot.core.operator.transform.function.RoundDecimalTransformFunctionTest
[224] WARN TestMethodFilter - NoClassDefFoundError: class org.apache.pinot.core.operator.transform.function.ArrayLengthTransformFunctionTest
[224] WARN TestMethodFilter - NoClassDefFoundError: class org.apache.pinot.core.operator.transform.function.AndOperatorTransformFunctionTest
[225] WARN TestMethodFilter - NoClassDefFoundError: class org.apache.pinot.core.operator.transform.function.JsonExtractScalarTransformFunctionTest
[225] WARN TestMethodFilter - NoClassDefFoundError: class org.apache.pinot.core.operator.transform.function.LessThanOrEqualTransformFunctionTest
[225] WARN TestMethodFilter - NoClassDefFoundError: class org.apache.pinot.core.operator.transform.function.TrigonometricFunctionsTest
[226] WARN TestMethodFilter - NoClassDefFoundError: class org.apache.pinot.core.operator.transform.function.LessThanTransformFunctionTest
[226] WARN TestMethodFilter - NoClassDefFoundError: class org.apache.pinot.core.operator.transform.function.ValueInTransformFunctionTest
[226] WARN TestMethodFilter - NoClassDefFoundError: class org.apache.pinot.core.operator.transform.function.EqualsTransformFunctionTest
[227] WARN TestMethodFilter - NoClassDefFoundError: class org.apache.pinot.core.operator.transform.function.DateTruncTransformFunctionTest
[227] WARN TestMethodFilter - NoClassDefFoundError: class org.apache.pinot.core.operator.transform.function.LookupTransformFunctionTest
[228] WARN TestMethodFilter - NoClassDefFoundError: class org.apache.pinot.core.operator.transform.function.ArrayAverageTransformFunctionTest
[228] WARN TestMethodFilter - NoClassDefFoundError: class org.apache.pinot.core.operator.transform.function.InTransformFunctionTest
[228] WARN TestMethodFilter - NoClassDefFoundError: class org.apache.pinot.core.operator.transform.function.TimeConversionTransformFunctionTest
[229] WARN TestMethodFilter - NoClassDefFoundError: class org.apache.pinot.core.operator.transform.function.TupleSelectionTransformFunctionsTest
[229] WARN TestMethodFilter - NoClassDefFoundError: class org.apache.pinot.core.operator.transform.function.ArrayMaxTransformFunctionTest
[229] WARN TestMethodFilter - NoClassDefFoundError: class org.apache.pinot.core.operator.transform.function.ArrayMinTransformFunctionTest
[229] WARN TestMethodFilter - NoClassDefFoundError: class org.apache.pinot.core.operator.transform.function.ModuloTransformFunctionTest
[230] WARN TestMethodFilter - NoClassDefFoundError: class org.apache.pinot.core.operator.transform.function.NotEqualsTransformFunctionTest
[230] WARN TestMethodFilter - NoClassDefFoundError: class org.apache.pinot.core.operator.transform.function.CaseTransformFunctionTest
[231] WARN TestMethodFilter - NoClassDefFoundError: class org.apache.pinot.core.operator.transform.function.ScalarTransformFunctionWrapperTest
[231] WARN TestMethodFilter - NoClassDefFoundError: class org.apache.pinot.core.operator.transform.function.OrOperatorTransformFunctionTest
[231] WARN TestMethodFilter - NoClassDefFoundError: class org.apache.pinot.core.operator.transform.function.GreaterThanTransformFunctionTest
[231] WARN TestMethodFilter - NoClassDefFoundError: class org.apache.pinot.core.operator.transform.function.PowerTransformFunctionTest
[232] WARN TestMethodFilter - NoClassDefFoundError: class org.apache.pinot.core.operator.transform.function.SubtractionTransformFunctionTest
[232] WARN TestMethodFilter - NoClassDefFoundError: class org.apache.pinot.core.operator.transform.function.TruncateDecimalTransformFunctionTest
[232] WARN TestMethodFilter - NoClassDefFoundError: class org.apache.pinot.core.operator.transform.function.GroovyTransformFunctionTest
[233] WARN TestMethodFilter - NoClassDefFoundError: class org.apache.pinot.core.operator.transform.function.DivisionTransformFunctionTest
[233] WARN TestMethodFilter - NoClassDefFoundError: class org.apache.pinot.core.operator.transform.function.MultiplicationTransformFunctionTest
[233] WARN TestMethodFilter - NoClassDefFoundError: class org.apache.pinot.core.operator.transform.function.SingleParamMathTransformFunctionTest
[234] WARN TestMethodFilter - NoClassDefFoundError: class org.apache.pinot.core.operator.transform.function.GreaterThanOrEqualTransformFunctionTest
[234] WARN TestMethodFilter - NoClassDefFoundError: class org.apache.pinot.core.operator.transform.function.RegexpTransformFunctionTest
[234] WARN TestMethodFilter - NoClassDefFoundError: class org.apache.pinot.core.operator.transform.function.CastTransformFunctionTest
[234] WARN TestMethodFilter - NoClassDefFoundError: class org.apache.pinot.core.operator.transform.function.ArraySumTransformFunctionTest
[235] WARN TestMethodFilter - NoClassDefFoundError: class org.apache.pinot.core.operator.transform.function.NullHandlingTransformFunctionTest
[235] WARN TestMethodFilter - NoClassDefFoundError: class org.apache.pinot.core.operator.transform.function.DateTimeTransformFunctionTest
[236] WARN TestMethodFilter - NoClassDefFoundError: class org.apache.pinot.core.operator.transform.function.DateTimeConversionTransformFunctionTest
[236] WARN TestMethodFilter - NoClassDefFoundError: class org.apache.pinot.core.operator.combine.SelectionCombineOperatorTest
[237] WARN TestMethodFilter - NoClassDefFoundError: class org.apache.pinot.core.operator.filter.TestFilterOperator
[238] WARN TestMethodFilter - NoClassDefFoundError: class org.apache.pinot.core.operator.filter.predicate.NoDictionaryInPredicateEvaluatorTest
[240] WARN TestMethodFilter - NoClassDefFoundError: class org.apache.pinot.core.operator.filter.BitmapCollectionTest
[240] WARN TestMethodFilter - NoClassDefFoundError: class org.apache.pinot.realtime.converter.RealtimeSegmentConverterTest
[251] WARN TestMethodFilter - NoClassDefFoundError: class org.apache.pinot.server.access.BasicAuthAccessFactory
[251] WARN TestMethodFilter - NoClassDefFoundError: class org.apache.pinot.server.realtime.ServerSegmentCompletionProtocolHandler
[251] WARN TestMethodFilter - NoClassDefFoundError: class org.apache.pinot.server.realtime.ControllerLeaderLocator
[251] WARN TestMethodFilter - NoClassDefFoundError: class org.apache.pinot.core.auth.BasicAuthUtils
[252] WARN TestMethodFilter - NoClassDefFoundError: class org.apache.pinot.core.startree.StarTreeUtils
[252] WARN TestMethodFilter - NoClassDefFoundError: class org.apache.pinot.core.startree.operator.StarTreeFilterOperator
[252] WARN TestMethodFilter - NoClassDefFoundError: class org.apache.pinot.core.plan.GlobalPlanImplV0
[252] WARN TestMethodFilter - NoClassDefFoundError: class org.apache.pinot.core.plan.maker.InstancePlanMakerImplV2
[252] WARN TestMethodFilter - NoClassDefFoundError: class org.apache.pinot.core.plan.FilterPlanNode
[252] WARN TestMethodFilter - NoClassDefFoundError: class org.apache.pinot.core.plan.CombinePlanNode
[252] WARN TestMethodFilter - NoClassDefFoundError: class org.apache.pinot.core.plan.AggregationPlanNode
[253] WARN TestMethodFilter - NoClassDefFoundError: class org.apache.pinot.core.common.DataFetcher
[253] WARN TestMethodFilter - NoClassDefFoundError: class org.apache.pinot.core.common.DataBlockCache
[253] WARN TestMethodFilter - NoClassDefFoundError: class org.apache.pinot.core.common.datatable.DataTableFactory
[254] WARN TestMethodFilter - NoClassDefFoundError: class org.apache.pinot.core.common.datatable.DataTableBuilder
[254] WARN TestMethodFilter - NoClassDefFoundError: class org.apache.pinot.core.common.datatable.DataTableUtils
[255] WARN TestMethodFilter - NoClassDefFoundError: class org.apache.pinot.core.data.manager.realtime.SegmentCommitterFactory
[256] WARN TestMethodFilter - NoClassDefFoundError: class org.apache.pinot.core.data.manager.realtime.SplitSegmentCommitter
[256] WARN TestMethodFilter - NoClassDefFoundError: class org.apache.pinot.core.data.manager.realtime.PeerSchemeSplitSegmentCommitter
[256] WARN TestMethodFilter - NoClassDefFoundError: class org.apache.pinot.core.data.manager.realtime.Server2ControllerSegmentUploader
[256] WARN TestMethodFilter - NoClassDefFoundError: class org.apache.pinot.core.data.manager.realtime.SegmentBuildTimeLeaseExtender
[257] WARN TestMethodFilter - NoClassDefFoundError: class org.apache.pinot.core.data.manager.realtime.RealtimeConsumptionRateManager
[257] WARN TestMethodFilter - NoClassDefFoundError: class org.apache.pinot.core.data.manager.realtime.PinotFSSegmentUploader
[257] WARN TestMethodFilter - NoClassDefFoundError: class org.apache.pinot.core.data.manager.realtime.DefaultSegmentCommitter
[257] WARN TestMethodFilter - NoClassDefFoundError: class org.apache.pinot.core.data.manager.offline.TableDataManagerProvider
[258] WARN TestMethodFilter - NoClassDefFoundError: class org.apache.pinot.core.data.manager.offline.DimensionTable
[258] WARN TestMethodFilter - NoClassDefFoundError: class org.apache.pinot.core.data.table.TableResizer
[259] WARN TestMethodFilter - NoClassDefFoundError: class org.apache.pinot.core.minion.SegmentPurger
[259] WARN TestMethodFilter - NoClassDefFoundError: class org.apache.pinot.core.minion.RawIndexConverter
[259] WARN TestMethodFilter - NoClassDefFoundError: class org.apache.pinot.core.minion.PinotTaskConfig
[259] WARN TestMethodFilter - NoClassDefFoundError: class org.apache.pinot.core.query.scheduler.resources.ResourceLimitPolicy
[260] WARN TestMethodFilter - NoClassDefFoundError: class org.apache.pinot.core.query.scheduler.QuerySchedulerFactory
[260] WARN TestMethodFilter - NoClassDefFoundError: class org.apache.pinot.core.query.scheduler.tokenbucket.TokenPriorityScheduler
[260] WARN TestMethodFilter - NoClassDefFoundError: class org.apache.pinot.core.query.scheduler.fcfs.BoundedFCFSScheduler
[260] WARN TestMethodFilter - NoClassDefFoundError: class org.apache.pinot.core.query.scheduler.fcfs.FCFSQueryScheduler
[260] WARN TestMethodFilter - NoClassDefFoundError: class org.apache.pinot.core.query.config.QueryPlannerConfig
[260] WARN TestMethodFilter - NoClassDefFoundError: class org.apache.pinot.core.query.config.SegmentPrunerConfig
[261] WARN TestMethodFilter - NoClassDefFoundError: class org.apache.pinot.core.query.config.QueryExecutorConfig
[261] WARN TestMethodFilter - NoClassDefFoundError: class org.apache.pinot.core.query.optimizer.QueryOptimizer
[261] WARN TestMethodFilter - NoClassDefFoundError: class org.apache.pinot.core.query.optimizer.statement.JsonStatementOptimizer
[261] WARN TestMethodFilter - NoClassDefFoundError: class org.apache.pinot.core.query.optimizer.statement.StringPredicateFilterOptimizer
[261] WARN TestMethodFilter - NoClassDefFoundError: class org.apache.pinot.core.query.optimizer.filter.TimePredicateFilterOptimizer
[261] WARN TestMethodFilter - NoClassDefFoundError: class org.apache.pinot.core.query.optimizer.filter.FlattenAndOrFilterOptimizer
[261] WARN TestMethodFilter - NoClassDefFoundError: class org.apache.pinot.core.query.optimizer.filter.MergeRangeFilterOptimizer
[261] WARN TestMethodFilter - NoClassDefFoundError: class org.apache.pinot.core.query.optimizer.filter.MergeEqInFilterOptimizer
[261] WARN TestMethodFilter - NoClassDefFoundError: class org.apache.pinot.core.query.optimizer.filter.NumericalFilterOptimizer
[261] WARN TestMethodFilter - NoClassDefFoundError: class org.apache.pinot.core.query.optimizer.filter.Range
[261] WARN TestMethodFilter - NoClassDefFoundError: class org.apache.pinot.core.query.utils.idset.RoaringBitmapIdSet
[262] WARN TestMethodFilter - NoClassDefFoundError: class org.apache.pinot.core.query.utils.idset.Roaring64NavigableMapIdSet
[262] WARN TestMethodFilter - NoClassDefFoundError: class org.apache.pinot.core.query.utils.idset.IdSets
[263] WARN TestMethodFilter - NoClassDefFoundError: class org.apache.pinot.core.query.utils.TrieNode
[263] WARN TestMethodFilter - NoClassDefFoundError: class org.apache.pinot.core.query.executor.ServerQueryExecutorV1Impl
[263] WARN TestMethodFilter - NoClassDefFoundError: class org.apache.pinot.core.query.request.context.utils.BrokerRequestToQueryContextConverter
[263] WARN TestMethodFilter - NoClassDefFoundError: class org.apache.pinot.core.query.request.context.utils.QueryContextUtils
[263] WARN TestMethodFilter - NoClassDefFoundError: class org.apache.pinot.core.query.request.context.TimerContext
[263] WARN TestMethodFilter - NoClassDefFoundError: class org.apache.pinot.core.query.request.context.QueryContext
[264] WARN TestMethodFilter - NoClassDefFoundError: class org.apache.pinot.core.query.request.ServerQueryRequest
[264] WARN TestMethodFilter - NoClassDefFoundError: class org.apache.pinot.core.query.pruner.DataSchemaSegmentPruner
[264] WARN TestMethodFilter - NoClassDefFoundError: class org.apache.pinot.core.query.pruner.SegmentPrunerProvider
[264] WARN TestMethodFilter - NoClassDefFoundError: class org.apache.pinot.core.query.pruner.SelectionQuerySegmentPruner
[264] WARN TestMethodFilter - NoClassDefFoundError: class org.apache.pinot.core.query.pruner.ValidSegmentPruner
[264] WARN TestMethodFilter - NoClassDefFoundError: class org.apache.pinot.core.query.pruner.ColumnValueSegmentPruner
[264] WARN TestMethodFilter - NoClassDefFoundError: class org.apache.pinot.core.query.reduce.PostAggregationHandler
[265] WARN TestMethodFilter - NoClassDefFoundError: class org.apache.pinot.core.query.reduce.AggregationDataTableReducer
[265] WARN TestMethodFilter - NoClassDefFoundError: class org.apache.pinot.core.query.reduce.GroupByDataTableReducer
[265] WARN TestMethodFilter - NoClassDefFoundError: class org.apache.pinot.core.query.reduce.ExplainPlanDataTableReducer
[265] WARN TestMethodFilter - NoClassDefFoundError: class org.apache.pinot.core.query.reduce.SelectionDataTableReducer
[265] WARN TestMethodFilter - NoClassDefFoundError: class org.apache.pinot.core.query.reduce.GapfillProcessor
[265] WARN TestMethodFilter - NoClassDefFoundError: class org.apache.pinot.core.query.reduce.DistinctDataTableReducer
[265] WARN TestMethodFilter - NoClassDefFoundError: class org.apache.pinot.core.query.reduce.BrokerReduceService
[265] WARN TestMethodFilter - NoClassDefFoundError: class org.apache.pinot.core.query.reduce.SelectionOnlyStreamingReducer
[265] WARN TestMethodFilter - NoClassDefFoundError: class org.apache.pinot.core.query.reduce.StreamingReduceService
[266] WARN TestMethodFilter - NoClassDefFoundError: class org.apache.pinot.core.query.reduce.RowBasedBlockValSet
[266] WARN TestMethodFilter - NoClassDefFoundError: class org.apache.pinot.core.query.reduce.filter.ColumnValueExtractor
[266] WARN TestMethodFilter - NoClassDefFoundError: class org.apache.pinot.core.query.reduce.filter.RowMatcherFactory
[266] WARN TestMethodFilter - NoClassDefFoundError: class org.apache.pinot.core.query.reduce.filter.LiteralValueExtractor
[266] WARN TestMethodFilter - NoClassDefFoundError: class org.apache.pinot.core.query.reduce.GapfillFilterHandler
[266] WARN TestMethodFilter - NoClassDefFoundError: class org.apache.pinot.core.query.aggregation.function.LastLongValueWithTimeAggregationFunction
[266] WARN TestMethodFilter - NoClassDefFoundError: class org.apache.pinot.core.query.aggregation.function.PercentileRawTDigestMVAggregationFunction
[266] WARN TestMethodFilter - NoClassDefFoundError: class org.apache.pinot.core.query.aggregation.function.DistinctCountAggregationFunction
[267] WARN TestMethodFilter - NoClassDefFoundError: class org.apache.pinot.core.query.aggregation.function.DistinctCountThetaSketchAggregationFunction
[267] WARN TestMethodFilter - NoClassDefFoundError: class org.apache.pinot.core.query.aggregation.function.AggregationFunctionFactory
[267] WARN TestMethodFilter - NoClassDefFoundError: class org.apache.pinot.core.query.aggregation.function.PercentileEstMVAggregationFunction
[267] WARN TestMethodFilter - NoClassDefFoundError: class org.apache.pinot.core.query.aggregation.function.PercentileMVAggregationFunction
[268] WARN TestMethodFilter - NoClassDefFoundError: class org.apache.pinot.core.query.aggregation.function.LastDoubleValueWithTimeAggregationFunction
[268] WARN TestMethodFilter - NoClassDefFoundError: class org.apache.pinot.core.query.aggregation.function.SegmentPartitionedDistinctCountAggregationFunction
[268] WARN TestMethodFilter - NoClassDefFoundError: class org.apache.pinot.core.query.aggregation.function.LastIntValueWithTimeAggregationFunction
[268] WARN TestMethodFilter - NoClassDefFoundError: class org.apache.pinot.core.query.aggregation.function.SumAggregationFunction
[268] WARN TestMethodFilter - NoClassDefFoundError: class org.apache.pinot.core.query.aggregation.function.AvgMVAggregationFunction
[268] WARN TestMethodFilter - NoClassDefFoundError: class org.apache.pinot.core.query.aggregation.function.IdSetAggregationFunction
[268] WARN TestMethodFilter - NoClassDefFoundError: class org.apache.pinot.core.query.aggregation.function.DistinctCountMVAggregationFunction
[268] WARN TestMethodFilter - NoClassDefFoundError: class org.apache.pinot.core.query.aggregation.function.DistinctCountRawHLLMVAggregationFunction
[268] WARN TestMethodFilter - NoClassDefFoundError: class org.apache.pinot.core.query.aggregation.function.MaxAggregationFunction
[268] WARN TestMethodFilter - NoClassDefFoundError: class org.apache.pinot.core.query.aggregation.function.MinMVAggregationFunction
[268] WARN TestMethodFilter - NoClassDefFoundError: class org.apache.pinot.core.query.aggregation.function.AvgAggregationFunction
[268] WARN TestMethodFilter - NoClassDefFoundError: class org.apache.pinot.core.query.aggregation.function.StUnionAggregationFunction
[268] WARN TestMethodFilter - NoClassDefFoundError: class org.apache.pinot.core.query.aggregation.function.SumMVAggregationFunction
[268] WARN TestMethodFilter - NoClassDefFoundError: class org.apache.pinot.core.query.aggregation.function.DistinctCountRawHLLAggregationFunction
[268] WARN TestMethodFilter - NoClassDefFoundError: class org.apache.pinot.core.query.aggregation.function.PercentileRawEstMVAggregationFunction
[268] WARN TestMethodFilter - NoClassDefFoundError: class org.apache.pinot.core.query.aggregation.function.MaxMVAggregationFunction
[269] WARN TestMethodFilter - NoClassDefFoundError: class org.apache.pinot.core.query.aggregation.function.DistinctCountBitmapAggregationFunction
[269] WARN TestMethodFilter - NoClassDefFoundError: class org.apache.pinot.core.query.aggregation.function.AggregationFunctionUtils
[269] WARN TestMethodFilter - NoClassDefFoundError: class org.apache.pinot.core.query.aggregation.function.PercentileEstAggregationFunction
[269] WARN TestMethodFilter - NoClassDefFoundError: class org.apache.pinot.core.query.aggregation.function.DistinctCountHLLMVAggregationFunction
[269] WARN TestMethodFilter - NoClassDefFoundError: class org.apache.pinot.core.query.aggregation.function.SumPrecisionAggregationFunction
[269] WARN TestMethodFilter - NoClassDefFoundError: class org.apache.pinot.core.query.aggregation.function.LastFloatValueWithTimeAggregationFunction
[269] WARN TestMethodFilter - NoClassDefFoundError: class org.apache.pinot.core.query.aggregation.function.PercentileTDigestAggregationFunction
[269] WARN TestMethodFilter - NoClassDefFoundError: class org.apache.pinot.core.query.aggregation.function.DistinctCountHLLAggregationFunction
[269] WARN TestMethodFilter - NoClassDefFoundError: class org.apache.pinot.core.query.aggregation.function.PercentileAggregationFunction
[270] WARN TestMethodFilter - NoClassDefFoundError: class org.apache.pinot.core.query.aggregation.function.DistinctCountRawThetaSketchAggregationFunction
[270] WARN TestMethodFilter - NoClassDefFoundError: class org.apache.pinot.core.query.aggregation.function.PercentileRawEstAggregationFunction
[270] WARN TestMethodFilter - NoClassDefFoundError: class org.apache.pinot.core.query.aggregation.function.FastHLLAggregationFunction
[270] WARN TestMethodFilter - NoClassDefFoundError: class org.apache.pinot.core.query.aggregation.function.MinAggregationFunction
[270] WARN TestMethodFilter - NoClassDefFoundError: class org.apache.pinot.core.query.aggregation.function.DistinctAggregationFunction
[270] WARN TestMethodFilter - NoClassDefFoundError: class org.apache.pinot.core.query.aggregation.function.MinMaxRangeMVAggregationFunction
[270] WARN TestMethodFilter - NoClassDefFoundError: class org.apache.pinot.core.query.aggregation.function.PercentileRawTDigestAggregationFunction
[270] WARN TestMethodFilter - NoClassDefFoundError: class org.apache.pinot.core.query.aggregation.function.LastStringValueWithTimeAggregationFunction
[270] WARN TestMethodFilter - NoClassDefFoundError: class org.apache.pinot.core.query.aggregation.function.DistinctCountSmartHLLAggregationFunction
[271] WARN TestMethodFilter - NoClassDefFoundError: class org.apache.pinot.core.query.aggregation.function.PercentileTDigestMVAggregationFunction
[271] WARN TestMethodFilter - NoClassDefFoundError: class org.apache.pinot.core.query.aggregation.function.CountMVAggregationFunction
[271] WARN TestMethodFilter - NoClassDefFoundError: class org.apache.pinot.core.query.aggregation.function.CountAggregationFunction
[271] WARN TestMethodFilter - NoClassDefFoundError: class org.apache.pinot.core.query.aggregation.function.MinMaxRangeAggregationFunction
[271] WARN TestMethodFilter - NoClassDefFoundError: class org.apache.pinot.core.query.aggregation.function.DistinctCountBitmapMVAggregationFunction
[271] WARN TestMethodFilter - NoClassDefFoundError: class org.apache.pinot.core.query.aggregation.function.ModeAggregationFunction
[272] WARN TestMethodFilter - NoClassDefFoundError: class org.apache.pinot.core.query.aggregation.groupby.NoDictionaryMultiColumnGroupKeyGenerator
[272] WARN TestMethodFilter - NoClassDefFoundError: class org.apache.pinot.core.query.aggregation.groupby.utils.DoubleToIdMap
[272] WARN TestMethodFilter - NoClassDefFoundError: class org.apache.pinot.core.query.aggregation.groupby.utils.StringToIdMap
[272] WARN TestMethodFilter - NoClassDefFoundError: class org.apache.pinot.core.query.aggregation.groupby.utils.FloatToIdMap
[272] WARN TestMethodFilter - NoClassDefFoundError: class org.apache.pinot.core.query.aggregation.groupby.utils.IntToIdMap
[272] WARN TestMethodFilter - NoClassDefFoundError: class org.apache.pinot.core.query.aggregation.groupby.utils.LongToIdMap
[272] WARN TestMethodFilter - NoClassDefFoundError: class org.apache.pinot.core.query.aggregation.groupby.utils.BytesToIdMap
[272] WARN TestMethodFilter - NoClassDefFoundError: class org.apache.pinot.core.query.aggregation.groupby.utils.ValueToIdMapFactory
[272] WARN TestMethodFilter - NoClassDefFoundError: class org.apache.pinot.core.query.aggregation.groupby.NoDictionarySingleColumnGroupKeyGenerator
[273] WARN TestMethodFilter - NoClassDefFoundError: class org.apache.pinot.core.query.aggregation.groupby.DictionaryBasedGroupKeyGenerator
[273] WARN TestMethodFilter - NoClassDefFoundError: class org.apache.pinot.core.query.selection.SelectionOperatorService
[273] WARN TestMethodFilter - NoClassDefFoundError: class org.apache.pinot.core.query.selection.SelectionOperatorUtils
[273] WARN TestMethodFilter - NoClassDefFoundError: class org.apache.pinot.core.query.postaggregation.PostAggregationFunction
[273] WARN TestMethodFilter - NoClassDefFoundError: class org.apache.pinot.core.query.distinct.DistinctTable
[273] WARN TestMethodFilter - NoClassDefFoundError: class org.apache.pinot.core.query.distinct.dictionary.DictionaryBasedMultiColumnDistinctOrderByExecutor
[273] WARN TestMethodFilter - NoClassDefFoundError: class org.apache.pinot.core.query.distinct.dictionary.DictionaryBasedSingleColumnDistinctOrderByExecutor
[273] WARN TestMethodFilter - NoClassDefFoundError: class org.apache.pinot.core.query.distinct.dictionary.DictionaryBasedSingleColumnDistinctOnlyExecutor
[273] WARN TestMethodFilter - NoClassDefFoundError: class org.apache.pinot.core.query.distinct.dictionary.DictionaryBasedMultiColumnDistinctOnlyExecutor
[273] WARN TestMethodFilter - NoClassDefFoundError: class org.apache.pinot.core.query.distinct.raw.RawLongSingleColumnDistinctOnlyExecutor
[273] WARN TestMethodFilter - NoClassDefFoundError: class org.apache.pinot.core.query.distinct.raw.RawDoubleSingleColumnDistinctOrderByExecutor
[274] WARN TestMethodFilter - NoClassDefFoundError: class org.apache.pinot.core.query.distinct.raw.RawDoubleSingleColumnDistinctOnlyExecutor
[274] WARN TestMethodFilter - NoClassDefFoundError: class org.apache.pinot.core.query.distinct.raw.RawStringSingleColumnDistinctOrderByExecutor
[274] WARN TestMethodFilter - NoClassDefFoundError: class org.apache.pinot.core.query.distinct.raw.RawFloatSingleColumnDistinctOrderByExecutor
[274] WARN TestMethodFilter - NoClassDefFoundError: class org.apache.pinot.core.query.distinct.raw.RawFloatSingleColumnDistinctOnlyExecutor
[274] WARN TestMethodFilter - NoClassDefFoundError: class org.apache.pinot.core.query.distinct.raw.RawLongSingleColumnDistinctOrderByExecutor
[274] WARN TestMethodFilter - NoClassDefFoundError: class org.apache.pinot.core.query.distinct.raw.RawIntSingleColumnDistinctOrderByExecutor
[274] WARN TestMethodFilter - NoClassDefFoundError: class org.apache.pinot.core.query.distinct.raw.RawBytesSingleColumnDistinctOnlyExecutor
[274] WARN TestMethodFilter - NoClassDefFoundError: class org.apache.pinot.core.query.distinct.raw.RawBytesSingleColumnDistinctOrderByExecutor
[274] WARN TestMethodFilter - NoClassDefFoundError: class org.apache.pinot.core.query.distinct.raw.RawIntSingleColumnDistinctOnlyExecutor
[274] WARN TestMethodFilter - NoClassDefFoundError: class org.apache.pinot.core.query.distinct.raw.RawStringSingleColumnDistinctOnlyExecutor
[275] WARN TestMethodFilter - NoClassDefFoundError: class org.apache.pinot.core.transport.ServerInstance
[275] WARN TestMethodFilter - NoClassDefFoundError: class org.apache.pinot.core.transport.ServerChannels
[275] WARN TestMethodFilter - NoClassDefFoundError: class org.apache.pinot.core.transport.QueryRouter
[275] WARN TestMethodFilter - NoClassDefFoundError: class org.apache.pinot.core.transport.QueryServer
[275] WARN TestMethodFilter - NoClassDefFoundError: class org.apache.pinot.core.transport.ServerResponse
[275] WARN TestMethodFilter - NoClassDefFoundError: class org.apache.pinot.core.transport.AsyncQueryResponse
[275] WARN TestMethodFilter - NoClassDefFoundError: class org.apache.pinot.core.transport.ServerRoutingInstance
[276] WARN TestMethodFilter - NoClassDefFoundError: class org.apache.pinot.core.transport.ListenerConfig
[276] WARN TestMethodFilter - NoClassDefFoundError: class org.apache.pinot.core.segment.processing.transformer.NoOpRecordTransformer
[276] WARN TestMethodFilter - NoClassDefFoundError: class org.apache.pinot.core.segment.processing.transformer.TransformFunctionRecordTransformer
[276] WARN TestMethodFilter - NoClassDefFoundError: class org.apache.pinot.core.segment.processing.partitioner.NoOpPartitioner
[276] WARN TestMethodFilter - NoClassDefFoundError: class org.apache.pinot.core.segment.processing.partitioner.TransformFunctionPartitioner
[276] WARN TestMethodFilter - NoClassDefFoundError: class org.apache.pinot.core.segment.processing.partitioner.TableConfigPartitioner
[276] WARN TestMethodFilter - NoClassDefFoundError: class org.apache.pinot.core.segment.processing.partitioner.ColumnValuePartitioner
[276] WARN TestMethodFilter - NoClassDefFoundError: class org.apache.pinot.core.segment.processing.partitioner.PartitionerConfig
[276] WARN TestMethodFilter - NoClassDefFoundError: class org.apache.pinot.core.segment.processing.partitioner.RoundRobinPartitioner
[276] WARN TestMethodFilter - NoClassDefFoundError: class org.apache.pinot.core.segment.processing.framework.SegmentProcessorConfig
[276] WARN TestMethodFilter - NoClassDefFoundError: class org.apache.pinot.core.segment.processing.framework.SegmentProcessorFramework
[277] WARN TestMethodFilter - NoClassDefFoundError: class org.apache.pinot.core.segment.processing.aggregator.ValueAggregatorFactory
[277] WARN TestMethodFilter - NoClassDefFoundError: class org.apache.pinot.core.segment.processing.utils.SegmentProcessorUtils
[277] WARN TestMethodFilter - NoClassDefFoundError: class org.apache.pinot.core.segment.processing.mapper.SegmentMapper
[277] WARN TestMethodFilter - NoClassDefFoundError: class org.apache.pinot.core.segment.processing.timehandler.EpochTimeHandler
[277] WARN TestMethodFilter - NoClassDefFoundError: class org.apache.pinot.core.segment.processing.timehandler.NoOpTimeHandler
[277] WARN TestMethodFilter - NoClassDefFoundError: class org.apache.pinot.core.segment.processing.reducer.RollupReducer
[277] WARN TestMethodFilter - NoClassDefFoundError: class org.apache.pinot.core.segment.processing.filter.NoOpRecordFilter
[277] WARN TestMethodFilter - NoClassDefFoundError: class org.apache.pinot.core.segment.processing.filter.FunctionEvaluatorRecordFilter
[278] WARN TestMethodFilter - NoClassDefFoundError: class org.apache.pinot.core.segment.processing.genericrow.GenericRowFileReader
[278] WARN TestMethodFilter - NoClassDefFoundError: class org.apache.pinot.core.segment.processing.genericrow.GenericRowSerializer
[278] WARN TestMethodFilter - NoClassDefFoundError: class org.apache.pinot.core.segment.processing.genericrow.GenericRowDeserializer
[278] WARN TestMethodFilter - NoClassDefFoundError: class org.apache.pinot.core.segment.processing.genericrow.GenericRowFileWriter
[278] WARN TestMethodFilter - NoClassDefFoundError: class org.apache.pinot.core.geospatial.transform.function.StEqualsFunction
[278] WARN TestMethodFilter - NoClassDefFoundError: class org.apache.pinot.core.geospatial.transform.function.StContainsFunction
[278] WARN TestMethodFilter - NoClassDefFoundError: class org.apache.pinot.core.geospatial.transform.function.StGeogFromWKBFunction
[278] WARN TestMethodFilter - NoClassDefFoundError: class org.apache.pinot.core.geospatial.transform.function.StPolygonFunction
[278] WARN TestMethodFilter - NoClassDefFoundError: class org.apache.pinot.core.geospatial.transform.function.StGeomFromWKBFunction
[278] WARN TestMethodFilter - NoClassDefFoundError: class org.apache.pinot.core.geospatial.transform.function.StGeomFromTextFunction
[278] WARN TestMethodFilter - NoClassDefFoundError: class org.apache.pinot.core.geospatial.transform.function.StDistanceFunction
[278] WARN TestMethodFilter - NoClassDefFoundError: class org.apache.pinot.core.geospatial.transform.function.ScalarFunctions
[279] WARN TestMethodFilter - NoClassDefFoundError: class org.apache.pinot.core.geospatial.transform.function.StAreaFunction
[279] WARN TestMethodFilter - NoClassDefFoundError: class org.apache.pinot.core.geospatial.transform.function.StGeogFromTextFunction
[279] WARN TestMethodFilter - NoClassDefFoundError: class org.apache.pinot.core.geospatial.transform.function.StWithinFunction
[279] WARN TestMethodFilter - NoClassDefFoundError: class org.apache.pinot.core.util.SegmentCompletionProtocolUtils
[279] WARN TestMethodFilter - NoClassDefFoundError: class org.apache.pinot.core.util.IntObjectIndexedPriorityQueue
[279] WARN TestMethodFilter - NoClassDefFoundError: class org.apache.pinot.core.util.SegmentProcessorAvroUtils
[279] WARN TestMethodFilter - NoClassDefFoundError: class org.apache.pinot.core.util.ListenerConfigUtil
[279] WARN TestMethodFilter - NoClassDefFoundError: class org.apache.pinot.core.util.IntDoubleIndexedPriorityQueue
[279] WARN TestMethodFilter - NoClassDefFoundError: class org.apache.pinot.core.util.PeerServerSegmentFinder
[279] WARN TestMethodFilter - NoClassDefFoundError: class org.apache.pinot.core.util.GapfillUtils
[280] WARN TestMethodFilter - NoClassDefFoundError: class org.apache.pinot.core.requesthandler.PinotQueryParserFactory
[280] WARN TestMethodFilter - NoClassDefFoundError: class org.apache.pinot.core.operator.dociditerators.MVScanDocIdIterator
[280] WARN TestMethodFilter - NoClassDefFoundError: class org.apache.pinot.core.operator.dociditerators.RangelessBitmapDocIdIterator
[280] WARN TestMethodFilter - NoClassDefFoundError: class org.apache.pinot.core.operator.dociditerators.SVScanDocIdIterator
[280] WARN TestMethodFilter - NoClassDefFoundError: class org.apache.pinot.core.operator.dociditerators.BitmapDocIdIterator
[280] WARN TestMethodFilter - NoClassDefFoundError: class org.apache.pinot.core.operator.dociditerators.ExpressionScanDocIdIterator
[280] WARN TestMethodFilter - NoClassDefFoundError: class org.apache.pinot.core.operator.AcquireReleaseColumnsSegmentOperator
[280] WARN TestMethodFilter - NoClassDefFoundError: class org.apache.pinot.core.operator.StreamingInstanceResponseOperator
[280] WARN TestMethodFilter - NoClassDefFoundError: class org.apache.pinot.core.operator.transform.TransformResultMetadata
[280] WARN TestMethodFilter - NoClassDefFoundError: class org.apache.pinot.core.operator.transform.TransformOperator
[280] WARN TestMethodFilter - NoClassDefFoundError: class org.apache.pinot.core.operator.transform.function.JsonExtractKeyTransformFunction
[281] WARN TestMethodFilter - NoClassDefFoundError: class org.apache.pinot.core.operator.transform.function.JsonExtractScalarTransformFunction
[281] WARN TestMethodFilter - NoClassDefFoundError: class org.apache.pinot.core.operator.transform.function.TransformFunctionFactory
[281] WARN TestMethodFilter - NoClassDefFoundError: class org.apache.pinot.core.operator.transform.function.LeastTransformFunction
[281] WARN TestMethodFilter - NoClassDefFoundError: class org.apache.pinot.core.operator.transform.function.LiteralTransformFunction
[282] WARN TestMethodFilter - NoClassDefFoundError: class org.apache.pinot.core.operator.transform.function.IdentifierTransformFunction
[282] WARN TestMethodFilter - NoClassDefFoundError: class org.apache.pinot.core.operator.transform.function.MapValueTransformFunction
[282] WARN TestMethodFilter - NoClassDefFoundError: class org.apache.pinot.core.operator.transform.function.ValueInTransformFunction
[282] WARN TestMethodFilter - NoClassDefFoundError: class org.apache.pinot.core.operator.transform.function.GreatestTransformFunction
[282] WARN TestMethodFilter - NoClassDefFoundError: class org.apache.pinot.core.operator.transform.PassThroughTransformOperator
[282] WARN TestMethodFilter - NoClassDefFoundError: class org.apache.pinot.core.operator.streaming.StreamingSelectionOnlyCombineOperator
[282] WARN TestMethodFilter - NoClassDefFoundError: class org.apache.pinot.core.operator.streaming.StreamingSelectionOnlyOperator
[282] WARN TestMethodFilter - NoClassDefFoundError: class org.apache.pinot.core.operator.streaming.StreamingResponseUtils
[282] WARN TestMethodFilter - NoClassDefFoundError: class org.apache.pinot.core.operator.query.SelectionOnlyOperator
[282] WARN TestMethodFilter - NoClassDefFoundError: class org.apache.pinot.core.operator.query.AggregationGroupByOrderByOperator
[283] WARN TestMethodFilter - NoClassDefFoundError: class org.apache.pinot.core.operator.query.AggregationGroupByOperator
[283] WARN TestMethodFilter - NoClassDefFoundError: class org.apache.pinot.core.operator.query.DistinctOperator
[283] WARN TestMethodFilter - NoClassDefFoundError: class org.apache.pinot.core.operator.query.SelectionOrderByOperator
[283] WARN TestMethodFilter - NoClassDefFoundError: class org.apache.pinot.core.operator.query.FilteredAggregationOperator
[283] WARN TestMethodFilter - NoClassDefFoundError: class org.apache.pinot.core.operator.query.EmptySelectionOperator
[283] WARN TestMethodFilter - NoClassDefFoundError: class org.apache.pinot.core.operator.query.NonScanBasedAggregationOperator
[283] WARN TestMethodFilter - NoClassDefFoundError: class org.apache.pinot.core.operator.query.DictionaryBasedDistinctOperator
[283] WARN TestMethodFilter - NoClassDefFoundError: class org.apache.pinot.core.operator.query.AggregationOperator
[283] WARN TestMethodFilter - NoClassDefFoundError: class org.apache.pinot.core.operator.query.FastFilteredCountOperator
[283] WARN TestMethodFilter - NoClassDefFoundError: class org.apache.pinot.core.operator.DocIdSetOperator
[283] WARN TestMethodFilter - NoClassDefFoundError: class org.apache.pinot.core.operator.blocks.InstanceResponseBlock
[283] WARN TestMethodFilter - NoClassDefFoundError: class org.apache.pinot.core.operator.blocks.PassThroughTransformBlock
[283] WARN TestMethodFilter - NoClassDefFoundError: class org.apache.pinot.core.operator.blocks.IntermediateResultsBlock
[283] WARN TestMethodFilter - NoClassDefFoundError: class org.apache.pinot.core.operator.blocks.ProjectionBlock
[283] WARN TestMethodFilter - NoClassDefFoundError: class org.apache.pinot.core.operator.blocks.TransformBlock
[283] WARN TestMethodFilter - NoClassDefFoundError: class org.apache.pinot.core.operator.InstanceResponseOperator
[283] WARN TestMethodFilter - NoClassDefFoundError: class org.apache.pinot.core.operator.BitmapDocIdSetOperator
[283] WARN TestMethodFilter - NoClassDefFoundError: class org.apache.pinot.core.operator.combine.AggregationOnlyCombineOperator
[284] WARN TestMethodFilter - NoClassDefFoundError: class org.apache.pinot.core.operator.combine.SelectionOnlyCombineOperator
[284] WARN TestMethodFilter - NoClassDefFoundError: class org.apache.pinot.core.operator.combine.MinMaxValueBasedSelectionOrderByCombineOperator
[284] WARN TestMethodFilter - NoClassDefFoundError: class org.apache.pinot.core.operator.combine.SelectionOrderByCombineOperator
[284] WARN TestMethodFilter - NoClassDefFoundError: class org.apache.pinot.core.operator.combine.GroupByCombineOperator
[284] WARN TestMethodFilter - NoClassDefFoundError: class org.apache.pinot.core.operator.combine.GroupByOrderByCombineOperator
[284] WARN TestMethodFilter - NoClassDefFoundError: class org.apache.pinot.core.operator.combine.DistinctCombineOperator
[284] WARN TestMethodFilter - NoClassDefFoundError: class org.apache.pinot.core.operator.ProjectionOperator
[284] WARN TestMethodFilter - NoClassDefFoundError: class org.apache.pinot.core.operator.filter.H3IndexFilterOperator
[284] WARN TestMethodFilter - NoClassDefFoundError: class org.apache.pinot.core.operator.filter.ExpressionFilterOperator
[284] WARN TestMethodFilter - NoClassDefFoundError: class org.apache.pinot.core.operator.filter.predicate.InPredicateEvaluatorFactory
[284] WARN TestMethodFilter - NoClassDefFoundError: class org.apache.pinot.core.operator.filter.predicate.PredicateUtils
[284] WARN TestMethodFilter - NoClassDefFoundError: class org.apache.pinot.core.operator.filter.predicate.NotEqualsPredicateEvaluatorFactory
[284] WARN TestMethodFilter - NoClassDefFoundError: class org.apache.pinot.core.operator.filter.predicate.RegexpLikePredicateEvaluatorFactory
[284] WARN TestMethodFilter - NoClassDefFoundError: class org.apache.pinot.core.operator.filter.predicate.RangePredicateEvaluatorFactory
[284] WARN TestMethodFilter - NoClassDefFoundError: class org.apache.pinot.core.operator.filter.predicate.FSTBasedRegexpPredicateEvaluatorFactory
[284] WARN TestMethodFilter - NoClassDefFoundError: class org.apache.pinot.core.operator.filter.predicate.EqualsPredicateEvaluatorFactory
[284] WARN TestMethodFilter - NoClassDefFoundError: class org.apache.pinot.core.operator.filter.predicate.NotInPredicateEvaluatorFactory
[285] WARN TestMethodFilter - NoClassDefFoundError: class org.apache.pinot.core.operator.filter.predicate.PredicateEvaluatorProvider
[285] WARN TestMethodFilter - NoClassDefFoundError: class org.apache.pinot.core.operator.filter.BitmapCollection
[285] WARN TestMethodFilter - NoClassDefFoundError: class org.apache.pinot.core.operator.filter.TextMatchFilterOperator
[285] WARN TestMethodFilter - NoClassDefFoundError: class org.apache.pinot.core.operator.filter.OrFilterOperator
[285] WARN TestMethodFilter - NoClassDefFoundError: class org.apache.pinot.core.operator.filter.MatchAllFilterOperator
[285] WARN TestMethodFilter - NoClassDefFoundError: class org.apache.pinot.core.operator.filter.CombinedFilterOperator
[285] WARN TestMethodFilter - NoClassDefFoundError: class org.apache.pinot.core.operator.filter.FilterOperatorUtils
[285] WARN TestMethodFilter - NoClassDefFoundError: class org.apache.pinot.core.operator.filter.AndFilterOperator
[285] WARN TestMethodFilter - NoClassDefFoundError: class org.apache.pinot.core.operator.filter.EmptyFilterOperator
[285] WARN TestMethodFilter - NoClassDefFoundError: class org.apache.pinot.core.operator.filter.ScanBasedFilterOperator
[285] WARN TestMethodFilter - NoClassDefFoundError: class org.apache.pinot.core.operator.filter.JsonMatchFilterOperator
[285] WARN TestMethodFilter - NoClassDefFoundError: class org.apache.pinot.core.operator.filter.BitmapBasedFilterOperator
[285] WARN TestMethodFilter - NoClassDefFoundError: class org.apache.pinot.core.operator.filter.NotFilterOperator
[285] WARN TestMethodFilter - NoClassDefFoundError: class org.apache.pinot.core.operator.filter.SortedIndexBasedFilterOperator
[285] WARN TestMethodFilter - NoClassDefFoundError: class org.apache.pinot.core.operator.filter.RangeIndexBasedFilterOperator
[285] WARN TestMethodFilter - NoClassDefFoundError: class org.apache.pinot.core.operator.docvalsets.TransformBlockValSet
[286] WARN TestMethodFilter - NoClassDefFoundError: class org.apache.pinot.core.operator.docvalsets.ProjectionBlockValSet
[286] WARN TestMethodFilter - NoClassDefFoundError: class org.apache.pinot.core.operator.docidsets.OrDocIdSet
[286] WARN TestMethodFilter - NoClassDefFoundError: class org.apache.pinot.core.operator.docidsets.AndDocIdSet
[286] WARN TestMethodFilter - NoClassDefFoundError: class org.apache.pinot.core.metadata.DefaultMetadataExtractor
[286] WARN TestMethodFilter - NoClassDefFoundError: class org.apache.pinot.queries.JsonMatchQueriesTest
[286] WARN TestMethodFilter - NoClassDefFoundError: class org.apache.pinot.queries.InterSegmentAggregationMultiValueQueriesTest
[286] WARN TestMethodFilter - NoClassDefFoundError: class org.apache.pinot.queries.NoDictionaryCompressionQueriesTest
[287] WARN TestMethodFilter - NoClassDefFoundError: class org.apache.pinot.queries.SegmentWithNullValueVectorTest
[287] WARN TestMethodFilter - NoClassDefFoundError: class org.apache.pinot.queries.InterSegmentAggregationSingleValueQueriesTest
[288] WARN TestMethodFilter - NoClassDefFoundError: class org.apache.pinot.queries.GapfillQueriesTest
[288] WARN TestMethodFilter - NoClassDefFoundError: class org.apache.pinot.queries.QueriesTestUtils
[288] WARN TestMethodFilter - NoClassDefFoundError: class org.apache.pinot.queries.DistinctCountBitmapQueriesTest
[288] WARN TestMethodFilter - NoClassDefFoundError: class org.apache.pinot.queries.IdSetQueriesTest
[288] WARN TestMethodFilter - NoClassDefFoundError: class org.apache.pinot.queries.InnerSegmentSelectionSingleValueQueriesTest
[288] WARN TestMethodFilter - NoClassDefFoundError: class org.apache.pinot.queries.SumPrecisionQueriesTest
[288] WARN TestMethodFilter - NoClassDefFoundError: class org.apache.pinot.queries.NotOperatorQueriesTest
[288] WARN TestMethodFilter - NoClassDefFoundError: class org.apache.pinot.queries.InterSegmentResultTableSingleValueQueriesTest
[289] WARN TestMethodFilter - NoClassDefFoundError: class org.apache.pinot.queries.PercentileTDigestMVQueriesTest
[289] WARN TestMethodFilter - NoClassDefFoundError: class org.apache.pinot.queries.JsonDataTypeQueriesTest
[289] WARN TestMethodFilter - NoClassDefFoundError: class org.apache.pinot.queries.InterSegmentResultTableMultiValueQueriesTest
[289] WARN TestMethodFilter - NoClassDefFoundError: class org.apache.pinot.queries.TimestampQueriesTest
[289] WARN TestMethodFilter - NoClassDefFoundError: class org.apache.pinot.queries.H3IndexQueriesTest
[289] WARN TestMethodFilter - NoClassDefFoundError: class org.apache.pinot.queries.InnerSegmentSelectionMultiValueQueriesTest
[289] WARN TestMethodFilter - NoClassDefFoundError: class org.apache.pinot.queries.UrlFunctionGroupByTest
[289] WARN TestMethodFilter - NoClassDefFoundError: class org.apache.pinot.queries.InnerSegmentAggregationMultiValueQueriesTest
[290] WARN TestMethodFilter - NoClassDefFoundError: class org.apache.pinot.queries.LastWithTimeQueriesTest
[290] WARN TestMethodFilter - NoClassDefFoundError: class org.apache.pinot.queries.FastHllQueriesTest
[290] WARN TestMethodFilter - NoClassDefFoundError: class org.apache.pinot.queries.JsonExtractScalarTest
[290] WARN TestMethodFilter - NoClassDefFoundError: class org.apache.pinot.queries.ModeQueriesTest
[290] WARN TestMethodFilter - NoClassDefFoundError: class org.apache.pinot.queries.InnerSegmentAggregationSingleValueQueriesTest
[290] WARN TestMethodFilter - NoClassDefFoundError: class org.apache.pinot.queries.TextSearchQueriesTest
[291] WARN TestMethodFilter - NoClassDefFoundError: class org.apache.pinot.queries.TransformQueriesTest
[291] WARN TestMethodFilter - NoClassDefFoundError: class org.apache.pinot.queries.PercentileTDigestQueriesTest
[291] WARN TestMethodFilter - NoClassDefFoundError: class org.apache.pinot.queries.JsonIngestionFromAvroQueriesTest
[291] WARN TestMethodFilter - NoClassDefFoundError: class org.apache.pinot.queries.RangePredicateWithSortedInvertedIndexTest
[291] WARN TestMethodFilter - NoClassDefFoundError: class org.apache.pinot.queries.DistinctCountQueriesTest
[291] WARN TestMethodFilter - NoClassDefFoundError: class org.apache.pinot.queries.DistinctCountThetaSketchQueriesTest
[291] WARN TestMethodFilter - NoClassDefFoundError: class org.apache.pinot.queries.SerializedBytesQueriesTest
[291] WARN TestMethodFilter - NoClassDefFoundError: class org.apache.pinot.queries.FilteredAggregationsTest
[291] WARN TestMethodFilter - NoClassDefFoundError: class org.apache.pinot.queries.InterSegmentOrderBySingleValueQueriesTest
[292] WARN TestMethodFilter - NoClassDefFoundError: class org.apache.pinot.queries.StUnionQueriesTest
[292] WARN TestMethodFilter - NoClassDefFoundError: class org.apache.pinot.queries.DistinctQueriesTest
[292] WARN TestMethodFilter - NoClassDefFoundError: class org.apache.pinot.queries.JsonPathQueriesTest
[292] WARN TestMethodFilter - NoClassDefFoundError: class org.apache.pinot.queries.FSTBasedRegexpLikeQueriesTest
[292] WARN TestMethodFilter - NoClassDefFoundError: class org.apache.pinot.queries.FastFilteredCountTest
[292] WARN TestMethodFilter - NoClassDefFoundError: class org.apache.pinot.queries.ExplainPlanQueriesTest
[293] WARN TestMethodFilter - NoClassDefFoundError: class org.apache.pinot.queries.BooleanQueriesTest
[293] WARN TestMethodFilter - NoClassDefFoundError: class org.apache.pinot.queries.SegmentPartitionedDistinctCountQueriesTest
[293] WARN TestMethodFilter - NoClassDefFoundError: class org.apache.pinot.queries.SumGreatestLeastQueriesTest
[293] WARN TestMethodFilter - NoClassDefFoundError: class org.apache.pinot.queries.InterSegmentOrderByMultiValueQueriesTest
[293] WARN TestMethodFilter - NoClassDefFoundError: class org.apache.pinot.core.startree.v2.PreAggregatedDistinctCountHLLStarTreeV2Test
[294] WARN TestMethodFilter - NoClassDefFoundError: class org.apache.pinot.core.startree.v2.CountStarTreeV2Test
[294] WARN TestMethodFilter - NoClassDefFoundError: class org.apache.pinot.core.startree.v2.MinMaxRangeStarTreeV2Test
[294] WARN TestMethodFilter - NoClassDefFoundError: class org.apache.pinot.core.startree.v2.AvgStarTreeV2Test
[294] WARN TestMethodFilter - NoClassDefFoundError: class org.apache.pinot.core.startree.v2.MinStarTreeV2Test
[295] WARN TestMethodFilter - NoClassDefFoundError: class org.apache.pinot.core.startree.v2.PercentileEstStarTreeV2Test
[295] WARN TestMethodFilter - NoClassDefFoundError: class org.apache.pinot.core.startree.v2.PreAggregatedAvgStarTreeV2Test
[295] WARN TestMethodFilter - NoClassDefFoundError: class org.apache.pinot.core.startree.v2.PreAggregatedPercentileTDigestStarTreeV2Test
[295] WARN TestMethodFilter - NoClassDefFoundError: class org.apache.pinot.core.startree.v2.PreAggregatedMinMaxRangeStarTreeV2Test
[295] WARN TestMethodFilter - NoClassDefFoundError: class org.apache.pinot.core.startree.v2.DistinctCountHLLStarTreeV2Test
[296] WARN TestMethodFilter - NoClassDefFoundError: class org.apache.pinot.core.startree.v2.SumPrecisionStarTreeV2Test
[296] WARN TestMethodFilter - NoClassDefFoundError: class org.apache.pinot.core.startree.v2.DistinctCountBitmapStarTreeV2Test
[296] WARN TestMethodFilter - NoClassDefFoundError: class org.apache.pinot.core.startree.v2.MaxStarTreeV2Test
[296] WARN TestMethodFilter - NoClassDefFoundError: class org.apache.pinot.core.startree.v2.PreAggregatedPercentileEstStarTreeV2Test
[297] WARN TestMethodFilter - NoClassDefFoundError: class org.apache.pinot.core.startree.v2.SumStarTreeV2Test
[297] WARN TestMethodFilter - NoClassDefFoundError: class org.apache.pinot.core.startree.v2.PercentileTDigestStarTreeV2Test
[297] WARN TestMethodFilter - NoClassDefFoundError: class org.apache.pinot.core.plan.maker.MetadataAndDictionaryAggregationPlanMakerTest
[297] WARN TestMethodFilter - NoClassDefFoundError: class org.apache.pinot.core.plan.maker.QueryOverrideWithHintsTest
[297] WARN TestMethodFilter - NoClassDefFoundError: class org.apache.pinot.core.common.ObjectSerDeUtilsTest
[297] WARN TestMethodFilter - NoClassDefFoundError: class org.apache.pinot.core.common.DataFetcherTest
[298] WARN TestMethodFilter - NoClassDefFoundError: class org.apache.pinot.core.common.datatable.DataTableSerDeTest
[298] WARN TestMethodFilter - NoClassDefFoundError: class org.apache.pinot.core.data.manager.realtime.PinotFSSegmentUploaderTest
[298] WARN TestMethodFilter - NoClassDefFoundError: class org.apache.pinot.core.data.manager.realtime.LLRealtimeSegmentDataManagerTest
[298] WARN TestMethodFilter - NoClassDefFoundError: class org.apache.pinot.core.data.manager.realtime.Server2ControllerSegmentUploaderTest
[298] WARN TestMethodFilter - NoClassDefFoundError: class org.apache.pinot.core.data.manager.offline.DimensionTableDataManagerTest
[298] WARN TestMethodFilter - NoClassDefFoundError: class org.apache.pinot.core.data.manager.BaseTableDataManagerAcquireSegmentTest
[298] WARN TestMethodFilter - NoClassDefFoundError: class org.apache.pinot.core.data.manager.BaseTableDataManagerTest
[298] WARN TestMethodFilter - NoClassDefFoundError: class org.apache.pinot.core.data.function.DateTimeFunctionsTest
[298] WARN TestMethodFilter - NoClassDefFoundError: class org.apache.pinot.core.data.function.ArrayFunctionsTest
[298] WARN TestMethodFilter - NoClassDefFoundError: class org.apache.pinot.core.data.function.GroovyFunctionEvaluatorTest
[298] WARN TestMethodFilter - NoClassDefFoundError: class org.apache.pinot.core.data.function.ArithmeticFunctionsTest
[299] WARN TestMethodFilter - NoClassDefFoundError: class org.apache.pinot.core.data.function.JsonFunctionsTest
[299] WARN TestMethodFilter - NoClassDefFoundError: class org.apache.pinot.core.data.table.TableResizerTest
[299] WARN TestMethodFilter - NoClassDefFoundError: class org.apache.pinot.core.realtime.impl.fakestream.FakeStreamConfigUtils
[300] WARN TestMethodFilter - NoClassDefFoundError: class org.apache.pinot.core.minion.SegmentPurgerTest
[301] WARN TestMethodFilter - NoClassDefFoundError: class org.apache.pinot.core.query.scheduler.TestSchedulerGroupFactory
[301] WARN TestMethodFilter - NoClassDefFoundError: class org.apache.pinot.core.query.scheduler.resources.ResourceManagerTest
[302] WARN TestMethodFilter - NoClassDefFoundError: class org.apache.pinot.core.query.scheduler.TestHelper
[302] WARN TestMethodFilter - NoClassDefFoundError: class org.apache.pinot.core.query.scheduler.MultiLevelPriorityQueueTest
[302] WARN TestMethodFilter - NoClassDefFoundError: class org.apache.pinot.core.query.optimizer.statement.TestHelper
[302] WARN TestMethodFilter - NoClassDefFoundError: class org.apache.pinot.core.query.optimizer.QueryOptimizerTest
[303] WARN TestMethodFilter - NoClassDefFoundError: class org.apache.pinot.core.query.executor.QueryExecutorExceptionsTest
[303] WARN TestMethodFilter - NoClassDefFoundError: class org.apache.pinot.core.query.executor.QueryExecutorTest
[303] WARN TestMethodFilter - NoClassDefFoundError: class org.apache.pinot.core.query.request.context.utils.BrokerRequestToQueryContextConverterTest
[303] WARN TestMethodFilter - NoClassDefFoundError: class org.apache.pinot.core.query.pruner.ColumnValueSegmentPrunerTest
[303] WARN TestMethodFilter - NoClassDefFoundError: class org.apache.pinot.core.query.pruner.SelectionQuerySegmentPrunerTest
[304] WARN TestMethodFilter - NoClassDefFoundError: class org.apache.pinot.core.query.reduce.StreamingReduceServiceTest
[304] WARN TestMethodFilter - NoClassDefFoundError: class org.apache.pinot.core.query.aggregation.DefaultAggregationExecutorTest
[304] WARN TestMethodFilter - NoClassDefFoundError: class org.apache.pinot.core.query.aggregation.function.AggregationFunctionFactoryTest
[304] WARN TestMethodFilter - NoClassDefFoundError: class org.apache.pinot.core.query.aggregation.groupby.NoDictionaryGroupKeyGeneratorTest
[305] WARN TestMethodFilter - NoClassDefFoundError: class org.apache.pinot.core.query.aggregation.groupby.DictionaryBasedGroupKeyGeneratorTest
[305] WARN TestMethodFilter - NoClassDefFoundError: class org.apache.pinot.core.query.aggregation.groupby.GroupByTrimTest
[305] WARN TestMethodFilter - NoClassDefFoundError: class org.apache.pinot.core.query.postaggregation.PostAggregationFunctionTest
[305] WARN TestMethodFilter - NoClassDefFoundError: class org.apache.pinot.core.transport.QueryRoutingTest
[306] WARN TestMethodFilter - NoClassDefFoundError: class org.apache.pinot.core.segment.processing.framework.SegmentMapperTest
[306] WARN TestMethodFilter - NoClassDefFoundError: class org.apache.pinot.core.segment.processing.framework.SegmentProcessorFrameworkTest
[306] WARN TestMethodFilter - NoClassDefFoundError: class org.apache.pinot.core.geospatial.transform.GeoInputOutputTest
[306] WARN TestMethodFilter - NoClassDefFoundError: class org.apache.pinot.core.geospatial.transform.StPointFunctionTest
[307] WARN TestMethodFilter - NoClassDefFoundError: class org.apache.pinot.core.geospatial.transform.StAreaFunctionTest
[307] WARN TestMethodFilter - NoClassDefFoundError: class org.apache.pinot.core.geospatial.transform.StContainsFunctionTest
[307] WARN TestMethodFilter - NoClassDefFoundError: class org.apache.pinot.core.geospatial.transform.StWithinFunctionTest
[307] WARN TestMethodFilter - NoClassDefFoundError: class org.apache.pinot.core.geospatial.transform.StDistanceFunctionTest
[307] WARN TestMethodFilter - NoClassDefFoundError: class org.apache.pinot.core.geospatial.transform.StGeometryTypeFunctionTest
[307] WARN TestMethodFilter - NoClassDefFoundError: class org.apache.pinot.core.geospatial.transform.StEqualFunctionTest
[307] WARN TestMethodFilter - NoClassDefFoundError: class org.apache.pinot.core.geospatial.transform.GeoToH3FunctionTest
[307] WARN TestMethodFilter - NoClassDefFoundError: class org.apache.pinot.core.geospatial.serde.GeometrySerdeTest
[307] WARN TestMethodFilter - NoClassDefFoundError: class org.apache.pinot.core.util.CrcUtilsTest
[307] WARN TestMethodFilter - NoClassDefFoundError: class org.apache.pinot.core.util.SchemaUtilsTest
[308] WARN TestMethodFilter - NoClassDefFoundError: class org.apache.pinot.core.operator.dociditerators.OrDocIdIteratorTest
[308] WARN TestMethodFilter - NoClassDefFoundError: class org.apache.pinot.core.operator.dociditerators.NotDocIdIteratorTest
[308] WARN TestMethodFilter - NoClassDefFoundError: class org.apache.pinot.core.operator.dociditerators.BitmapDocIdIteratorTest
[308] WARN TestMethodFilter - NoClassDefFoundError: class org.apache.pinot.core.operator.dociditerators.AndDocIdIteratorTest
[308] WARN TestMethodFilter - NoClassDefFoundError: class org.apache.pinot.core.operator.transform.function.AdditionTransformFunctionTest
[309] WARN TestMethodFilter - NoClassDefFoundError: class org.apache.pinot.core.operator.transform.function.RoundDecimalTransformFunctionTest
[309] WARN TestMethodFilter - NoClassDefFoundError: class org.apache.pinot.core.operator.transform.function.ArrayLengthTransformFunctionTest
[309] WARN TestMethodFilter - NoClassDefFoundError: class org.apache.pinot.core.operator.transform.function.AndOperatorTransformFunctionTest
[309] WARN TestMethodFilter - NoClassDefFoundError: class org.apache.pinot.core.operator.transform.function.JsonExtractScalarTransformFunctionTest
[309] WARN TestMethodFilter - NoClassDefFoundError: class org.apache.pinot.core.operator.transform.function.LessThanOrEqualTransformFunctionTest
[309] WARN TestMethodFilter - NoClassDefFoundError: class org.apache.pinot.core.operator.transform.function.TrigonometricFunctionsTest
[310] WARN TestMethodFilter - NoClassDefFoundError: class org.apache.pinot.core.operator.transform.function.LessThanTransformFunctionTest
[310] WARN TestMethodFilter - NoClassDefFoundError: class org.apache.pinot.core.operator.transform.function.ValueInTransformFunctionTest
[310] WARN TestMethodFilter - NoClassDefFoundError: class org.apache.pinot.core.operator.transform.function.EqualsTransformFunctionTest
[310] WARN TestMethodFilter - NoClassDefFoundError: class org.apache.pinot.core.operator.transform.function.DateTruncTransformFunctionTest
[310] WARN TestMethodFilter - NoClassDefFoundError: class org.apache.pinot.core.operator.transform.function.LookupTransformFunctionTest
[310] WARN TestMethodFilter - NoClassDefFoundError: class org.apache.pinot.core.operator.transform.function.ArrayAverageTransformFunctionTest
[311] WARN TestMethodFilter - NoClassDefFoundError: class org.apache.pinot.core.operator.transform.function.InTransformFunctionTest
[311] WARN TestMethodFilter - NoClassDefFoundError: class org.apache.pinot.core.operator.transform.function.TimeConversionTransformFunctionTest
[311] WARN TestMethodFilter - NoClassDefFoundError: class org.apache.pinot.core.operator.transform.function.TupleSelectionTransformFunctionsTest
[311] WARN TestMethodFilter - NoClassDefFoundError: class org.apache.pinot.core.operator.transform.function.ArrayMaxTransformFunctionTest
[311] WARN TestMethodFilter - NoClassDefFoundError: class org.apache.pinot.core.operator.transform.function.ArrayMinTransformFunctionTest
[311] WARN TestMethodFilter - NoClassDefFoundError: class org.apache.pinot.core.operator.transform.function.ModuloTransformFunctionTest
[312] WARN TestMethodFilter - NoClassDefFoundError: class org.apache.pinot.core.operator.transform.function.NotEqualsTransformFunctionTest
[312] WARN TestMethodFilter - NoClassDefFoundError: class org.apache.pinot.core.operator.transform.function.CaseTransformFunctionTest
[312] WARN TestMethodFilter - NoClassDefFoundError: class org.apache.pinot.core.operator.transform.function.ScalarTransformFunctionWrapperTest
[312] WARN TestMethodFilter - NoClassDefFoundError: class org.apache.pinot.core.operator.transform.function.OrOperatorTransformFunctionTest
[312] WARN TestMethodFilter - NoClassDefFoundError: class org.apache.pinot.core.operator.transform.function.GreaterThanTransformFunctionTest
[312] WARN TestMethodFilter - NoClassDefFoundError: class org.apache.pinot.core.operator.transform.function.PowerTransformFunctionTest
[313] WARN TestMethodFilter - NoClassDefFoundError: class org.apache.pinot.core.operator.transform.function.SubtractionTransformFunctionTest
[313] WARN TestMethodFilter - NoClassDefFoundError: class org.apache.pinot.core.operator.transform.function.TruncateDecimalTransformFunctionTest
[313] WARN TestMethodFilter - NoClassDefFoundError: class org.apache.pinot.core.operator.transform.function.GroovyTransformFunctionTest
[313] WARN TestMethodFilter - NoClassDefFoundError: class org.apache.pinot.core.operator.transform.function.DivisionTransformFunctionTest
[313] WARN TestMethodFilter - NoClassDefFoundError: class org.apache.pinot.core.operator.transform.function.MultiplicationTransformFunctionTest
[313] WARN TestMethodFilter - NoClassDefFoundError: class org.apache.pinot.core.operator.transform.function.SingleParamMathTransformFunctionTest
[313] WARN TestMethodFilter - NoClassDefFoundError: class org.apache.pinot.core.operator.transform.function.GreaterThanOrEqualTransformFunctionTest
[314] WARN TestMethodFilter - NoClassDefFoundError: class org.apache.pinot.core.operator.transform.function.RegexpTransformFunctionTest
[314] WARN TestMethodFilter - NoClassDefFoundError: class org.apache.pinot.core.operator.transform.function.CastTransformFunctionTest
[314] WARN TestMethodFilter - NoClassDefFoundError: class org.apache.pinot.core.operator.transform.function.ArraySumTransformFunctionTest
[314] WARN TestMethodFilter - NoClassDefFoundError: class org.apache.pinot.core.operator.transform.function.NullHandlingTransformFunctionTest
[314] WARN TestMethodFilter - NoClassDefFoundError: class org.apache.pinot.core.operator.transform.function.DateTimeTransformFunctionTest
[315] WARN TestMethodFilter - NoClassDefFoundError: class org.apache.pinot.core.operator.transform.function.DateTimeConversionTransformFunctionTest
[315] WARN TestMethodFilter - NoClassDefFoundError: class org.apache.pinot.core.operator.combine.SelectionCombineOperatorTest
[315] WARN TestMethodFilter - NoClassDefFoundError: class org.apache.pinot.core.operator.filter.TestFilterOperator
[315] WARN TestMethodFilter - NoClassDefFoundError: class org.apache.pinot.core.operator.filter.predicate.NoDictionaryRangePredicateEvaluatorTest
[315] WARN TestMethodFilter - NoClassDefFoundError: class org.apache.pinot.core.operator.filter.predicate.NoDictionaryInPredicateEvaluatorTest
[315] WARN TestMethodFilter - NoClassDefFoundError: class org.apache.pinot.core.operator.filter.predicate.RangeOfflineDictionaryPredicateEvaluatorTest
[316] WARN TestMethodFilter - NoClassDefFoundError: class org.apache.pinot.core.operator.filter.BitmapCollectionTest
[316] WARN TestMethodFilter - NoClassDefFoundError: class org.apache.pinot.realtime.converter.RealtimeSegmentConverterTest
[318] INFO CoverageRunner - Tests found: 0
[318] INFO CoverageRunner - Tests executed: 0
00:23:01.625 [main] INFO  fr.inria.jtravis.JTravis - GitHub ratelimit: Limit: 5000 Remaining: 3180 Reset hour: 03:16:43
00:23:02.774 [main] WARN  f.i.s.r.p.s.p.PushFaultLocalizationSuggestionsOnGitHubRepository - Flacoco has found 0 suspicious lines, but none were matched to the diff
00:23:02.774 [main] INFO  f.i.s.r.p.s.f.FlacocoLocalization - 
00:23:06.426 [main] INFO  f.i.s.r.p.i.ProjectInspector - ----------------------------------------------------------------------
00:23:06.427 [main] INFO  f.i.s.r.p.i.ProjectInspector - PIPELINE EXECUTION SUMMARY
00:23:06.427 [main] INFO  f.i.s.r.p.i.ProjectInspector - ----------------------------------------------------------------------
00:23:06.427 [main] INFO  f.i.s.r.p.i.ProjectInspector - CloneCheckoutGitPullRequest..........................SUCCESS [  22 s ]
00:23:06.427 [main] INFO  f.i.s.r.p.i.ProjectInspector - BuildProject.........................................SUCCESS [ 452 s ]
00:23:06.427 [main] INFO  f.i.s.r.p.i.ProjectInspector - TestProject..........................................SUCCESS [ 914 s ]
00:23:06.427 [main] INFO  f.i.s.r.p.i.ProjectInspector - ComputeClasspath.....................................SUCCESS [   5 s ]
00:23:06.427 [main] INFO  f.i.s.r.p.i.ProjectInspector - ComputeSourceDir.....................................SUCCESS [   0 s ]
00:23:06.427 [main] INFO  f.i.s.r.p.i.ProjectInspector - ComputeTestDir.......................................SUCCESS [   0 s ]
00:23:06.427 [main] INFO  f.i.s.r.p.i.ProjectInspector - GatherTestInformation................................SUCCESS [   0 s ]
00:23:06.427 [main] INFO  f.i.s.r.p.i.ProjectInspector - FlacocoLocalization..................................SUCCESS [   0 s ]
00:23:06.427 [main] INFO  f.i.s.r.p.i.ProjectInspector - PushFaultLocalizationSuggestionsOnGitHubRepository...SKIPPED          
00:23:06.427 [main] INFO  f.i.s.r.p.i.ProjectInspector - ----------------------------------------------------------------------
00:23:06.427 [main] INFO  f.i.s.r.p.i.ProjectInspector - PIPELINE FINDING: TEST FAILURE
00:23:06.427 [main] INFO  f.i.s.r.p.i.ProjectInspector - ----------------------------------------------------------------------
00:23:06.427 [main] INFO  f.i.s.r.p.github.GithubMainProcess - Inspector is finished. The process will exit now.
