Execute pipeline with following supplementary args: --smtpPort 25 --listenerMode NOOP --launcherMode FAULT_LOCALIZATION  --gitrepourl https://github.com/apache/pinot --gitrepopullrequest 8551
java -cp /usr/local/openjdk-11/lib/tools.jar:repairnator-pipeline.jar -Dlogback.configurationFile=/root/logback.xml fr.inria.spirals.repairnator.pipeline.Launcher -d --runId null -o /var/log --ghOauth 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 --faultLocalization --flacocoThreshold 0.0 --flacocoTopK null --flacocoResultsRepository flacocobot/2022-flacocobot-experiment --ghOauth  --smtpPort 25 --listenerMode NOOP --launcherMode FAULT_LOCALIZATION  --gitrepourl https://github.com/apache/pinot --gitrepopullrequest 8551

21:24:00.843 [main] INFO  f.i.s.r.p.g.GithubInitSerializerEngines - Initialize file serializer engines.
21:24:00.846 [main] INFO  f.i.s.r.p.g.GithubInitSerializerEngines - MongoDB won't be used for serialization.
21:24:00.846 [main] INFO  f.i.s.r.p.github.GithubInitNotifiers - The email notifier engine won't be used.
21:24:00.889 [main] INFO  f.i.s.r.p.i.ProjectInspector - ----------------------------------------------------------------------
21:24:00.889 [main] INFO  f.i.s.r.p.i.ProjectInspector - PIPELINE STEPS
21:24:00.890 [main] INFO  f.i.s.r.p.i.ProjectInspector - ----------------------------------------------------------------------
21:24:00.890 [main] INFO  f.i.s.r.p.i.ProjectInspector - CloneCheckoutGitPullRequest
21:24:00.890 [main] INFO  f.i.s.r.p.i.ProjectInspector - BuildProject
21:24:00.890 [main] INFO  f.i.s.r.p.i.ProjectInspector - TestProject
21:24:00.890 [main] INFO  f.i.s.r.p.i.ProjectInspector - ComputeClasspath
21:24:00.890 [main] INFO  f.i.s.r.p.i.ProjectInspector - ComputeSourceDir
21:24:00.890 [main] INFO  f.i.s.r.p.i.ProjectInspector - ComputeTestDir
21:24:00.890 [main] INFO  f.i.s.r.p.i.ProjectInspector - GatherTestInformation
21:24:00.890 [main] INFO  f.i.s.r.p.i.ProjectInspector - FlacocoLocalization
21:24:00.890 [main] INFO  f.i.s.r.p.i.ProjectInspector - PushFaultLocalizationSuggestionsOnGitHubRepository
21:24:00.890 [main] INFO  f.i.s.r.p.s.CloneCheckoutGitPullRequest - Cloning repository https://github.com/apache/pinot.git in the following directory: ./workspace/apache-pinot-master-8551_repo
21:26:48.963 [Thread-5] ERROR f.i.s.r.p.m.output.MavenErrorHandler - Warning: Lookahead adequacy checking not being performed since option LOOKAHEAD is more than 1.  Set option FORCE_LA_CHECK to true to force checking.
21:33:47.231 [Thread-7] ERROR f.i.s.r.p.m.o.MavenFilterOutputHandler - [ERROR] WARNING: An illegal reflective access operation has occurred
21:33:47.232 [Thread-7] ERROR f.i.s.r.p.m.o.MavenFilterOutputHandler - [ERROR] WARNING: Illegal reflective access by org.codehaus.groovy.vmplugin.v7.Java7$1 (file:/root/workspace/apache-pinot-master-8551_repo/.m2/org/codehaus/groovy/groovy-all/2.4.21/groovy-all-2.4.21.jar) to constructor java.lang.invoke.MethodHandles$Lookup(java.lang.Class,int)
21:33:47.232 [Thread-7] ERROR f.i.s.r.p.m.o.MavenFilterOutputHandler - [ERROR] WARNING: Please consider reporting this to the maintainers of org.codehaus.groovy.vmplugin.v7.Java7$1
21:33:47.232 [Thread-7] ERROR f.i.s.r.p.m.o.MavenFilterOutputHandler - [ERROR] WARNING: Use --illegal-access=warn to enable warnings of further illegal reflective access operations
21:33:47.232 [Thread-7] ERROR f.i.s.r.p.m.o.MavenFilterOutputHandler - [ERROR] WARNING: All illegal access operations will be denied in a future release
21:33:55.829 [Thread-7] ERROR f.i.s.r.p.m.o.MavenFilterOutputHandler - [ERROR] WARNING: An illegal reflective access operation has occurred
21:33:55.830 [Thread-7] ERROR f.i.s.r.p.m.o.MavenFilterOutputHandler - [ERROR] WARNING: Illegal reflective access by xerial.larray.buffer.UnsafeUtil (file:/root/workspace/apache-pinot-master-8551_repo/.m2/org/xerial/larray/larray-buffer/0.4.1/larray-buffer-0.4.1.jar) to constructor java.nio.DirectByteBuffer(long,int,java.lang.Object)
21:33:55.830 [Thread-7] ERROR f.i.s.r.p.m.o.MavenFilterOutputHandler - [ERROR] WARNING: Please consider reporting this to the maintainers of xerial.larray.buffer.UnsafeUtil
21:33:55.830 [Thread-7] ERROR f.i.s.r.p.m.o.MavenFilterOutputHandler - [ERROR] WARNING: Use --illegal-access=warn to enable warnings of further illegal reflective access operations
21:33:55.830 [Thread-7] ERROR f.i.s.r.p.m.o.MavenFilterOutputHandler - [ERROR] WARNING: All illegal access operations will be denied in a future release
21:34:17.376 [Thread-8] ERROR f.i.s.r.p.m.output.MavenErrorHandler - java.lang.NullPointerException
21:34:17.376 [Thread-8] ERROR f.i.s.r.p.m.output.MavenErrorHandler - 	at org.testng.reporters.JUnitXMLReporter.generateReport(JUnitXMLReporter.java:152)
21:34:17.376 [Thread-8] ERROR f.i.s.r.p.m.output.MavenErrorHandler - 	at org.testng.reporters.JUnitXMLReporter.onFinish(JUnitXMLReporter.java:112)
21:34:17.376 [Thread-8] ERROR f.i.s.r.p.m.output.MavenErrorHandler - 	at org.testng.TestRunner.fireEvent(TestRunner.java:1187)
21:34:17.376 [Thread-8] ERROR f.i.s.r.p.m.output.MavenErrorHandler - 	at org.testng.TestRunner.afterRun(TestRunner.java:976)
21:34:17.376 [Thread-8] ERROR f.i.s.r.p.m.output.MavenErrorHandler - 	at org.testng.TestRunner.run(TestRunner.java:606)
21:34:17.376 [Thread-8] ERROR f.i.s.r.p.m.output.MavenErrorHandler - 	at org.testng.SuiteRunner.runTest(SuiteRunner.java:380)
21:34:17.376 [Thread-8] ERROR f.i.s.r.p.m.output.MavenErrorHandler - 	at org.testng.SuiteRunner.runSequentially(SuiteRunner.java:375)
21:34:17.376 [Thread-8] ERROR f.i.s.r.p.m.output.MavenErrorHandler - 	at org.testng.SuiteRunner.privateRun(SuiteRunner.java:340)
21:34:17.376 [Thread-8] ERROR f.i.s.r.p.m.output.MavenErrorHandler - 	at org.testng.SuiteRunner.run(SuiteRunner.java:289)
21:34:17.376 [Thread-8] ERROR f.i.s.r.p.m.output.MavenErrorHandler - 	at org.testng.SuiteRunnerWorker.runSuite(SuiteRunnerWorker.java:52)
21:34:17.376 [Thread-8] ERROR f.i.s.r.p.m.output.MavenErrorHandler - 	at org.testng.SuiteRunnerWorker.run(SuiteRunnerWorker.java:86)
21:34:17.376 [Thread-8] ERROR f.i.s.r.p.m.output.MavenErrorHandler - 	at org.testng.TestNG.runSuitesSequentially(TestNG.java:1301)
21:34:17.377 [Thread-8] ERROR f.i.s.r.p.m.output.MavenErrorHandler - 	at org.testng.TestNG.runSuitesLocally(TestNG.java:1226)
21:34:17.377 [Thread-8] ERROR f.i.s.r.p.m.output.MavenErrorHandler - 	at org.testng.TestNG.runSuites(TestNG.java:1144)
21:34:17.377 [Thread-8] ERROR f.i.s.r.p.m.output.MavenErrorHandler - 	at org.testng.TestNG.run(TestNG.java:1115)
21:34:17.377 [Thread-8] ERROR f.i.s.r.p.m.output.MavenErrorHandler - 	at org.apache.maven.surefire.testng.TestNGExecutor.run(TestNGExecutor.java:136)
21:34:17.377 [Thread-8] ERROR f.i.s.r.p.m.output.MavenErrorHandler - 	at org.apache.maven.surefire.testng.TestNGDirectoryTestSuite.executeSingleClass(TestNGDirectoryTestSuite.java:112)
21:34:17.377 [Thread-8] ERROR f.i.s.r.p.m.output.MavenErrorHandler - 	at org.apache.maven.surefire.testng.TestNGDirectoryTestSuite.execute(TestNGDirectoryTestSuite.java:99)
21:34:17.377 [Thread-8] ERROR f.i.s.r.p.m.output.MavenErrorHandler - 	at org.apache.maven.surefire.testng.TestNGProvider.invoke(TestNGProvider.java:145)
21:34:17.377 [Thread-8] ERROR f.i.s.r.p.m.output.MavenErrorHandler - 	at org.apache.maven.surefire.booter.ForkedBooter.runSuitesInProcess(ForkedBooter.java:428)
21:34:17.377 [Thread-8] ERROR f.i.s.r.p.m.output.MavenErrorHandler - 	at org.apache.maven.surefire.booter.ForkedBooter.execute(ForkedBooter.java:162)
21:34:17.377 [Thread-8] ERROR f.i.s.r.p.m.output.MavenErrorHandler - 	at org.apache.maven.surefire.booter.ForkedBooter.run(ForkedBooter.java:562)
21:34:17.377 [Thread-8] ERROR f.i.s.r.p.m.output.MavenErrorHandler - 	at org.apache.maven.surefire.booter.ForkedBooter.main(ForkedBooter.java:548)
21:34:17.377 [Thread-8] ERROR f.i.s.r.p.m.output.MavenErrorHandler - [TestNG] Reporter org.testng.reporters.JUnitReportReporter@6a84bc2a failed
21:34:17.377 [Thread-8] ERROR f.i.s.r.p.m.output.MavenErrorHandler - java.lang.NullPointerException
21:34:17.377 [Thread-8] ERROR f.i.s.r.p.m.output.MavenErrorHandler - 	at org.testng.reporters.JUnitReportReporter.generateReport(JUnitReportReporter.java:146)
21:34:17.377 [Thread-8] ERROR f.i.s.r.p.m.output.MavenErrorHandler - 	at org.testng.TestNG.generateReports(TestNG.java:1192)
21:34:17.377 [Thread-8] ERROR f.i.s.r.p.m.output.MavenErrorHandler - 	at org.testng.TestNG.run(TestNG.java:1120)
21:34:17.377 [Thread-8] ERROR f.i.s.r.p.m.output.MavenErrorHandler - 	at org.apache.maven.surefire.testng.TestNGExecutor.run(TestNGExecutor.java:136)
21:34:17.377 [Thread-8] ERROR f.i.s.r.p.m.output.MavenErrorHandler - 	at org.apache.maven.surefire.testng.TestNGDirectoryTestSuite.executeSingleClass(TestNGDirectoryTestSuite.java:112)
21:34:17.377 [Thread-8] ERROR f.i.s.r.p.m.output.MavenErrorHandler - 	at org.apache.maven.surefire.testng.TestNGDirectoryTestSuite.execute(TestNGDirectoryTestSuite.java:99)
21:34:17.377 [Thread-8] ERROR f.i.s.r.p.m.output.MavenErrorHandler - 	at org.apache.maven.surefire.testng.TestNGProvider.invoke(TestNGProvider.java:145)
21:34:17.378 [Thread-8] ERROR f.i.s.r.p.m.output.MavenErrorHandler - 	at org.apache.maven.surefire.booter.ForkedBooter.runSuitesInProcess(ForkedBooter.java:428)
21:34:17.378 [Thread-8] ERROR f.i.s.r.p.m.output.MavenErrorHandler - 	at org.apache.maven.surefire.booter.ForkedBooter.execute(ForkedBooter.java:162)
21:34:17.378 [Thread-8] ERROR f.i.s.r.p.m.output.MavenErrorHandler - 	at org.apache.maven.surefire.booter.ForkedBooter.run(ForkedBooter.java:562)
21:34:17.378 [Thread-8] ERROR f.i.s.r.p.m.output.MavenErrorHandler - 	at org.apache.maven.surefire.booter.ForkedBooter.main(ForkedBooter.java:548)
21:35:29.491 [Thread-7] ERROR f.i.s.r.p.m.o.MavenFilterOutputHandler - [ERROR] WARNING: An illegal reflective access operation has occurred
21:35:29.491 [Thread-7] ERROR f.i.s.r.p.m.o.MavenFilterOutputHandler - [ERROR] WARNING: Illegal reflective access by org.codehaus.groovy.vmplugin.v7.Java7$1 (file:/root/workspace/apache-pinot-master-8551_repo/.m2/org/codehaus/groovy/groovy-all/2.4.21/groovy-all-2.4.21.jar) to constructor java.lang.invoke.MethodHandles$Lookup(java.lang.Class,int)
21:35:29.491 [Thread-7] ERROR f.i.s.r.p.m.o.MavenFilterOutputHandler - [ERROR] WARNING: Please consider reporting this to the maintainers of org.codehaus.groovy.vmplugin.v7.Java7$1
21:35:29.492 [Thread-7] ERROR f.i.s.r.p.m.o.MavenFilterOutputHandler - [ERROR] WARNING: Use --illegal-access=warn to enable warnings of further illegal reflective access operations
21:35:29.492 [Thread-7] ERROR f.i.s.r.p.m.o.MavenFilterOutputHandler - [ERROR] WARNING: All illegal access operations will be denied in a future release
21:35:43.704 [Thread-7] ERROR f.i.s.r.p.m.o.MavenFilterOutputHandler - [ERROR] WARNING: An illegal reflective access operation has occurred
21:35:43.704 [Thread-7] ERROR f.i.s.r.p.m.o.MavenFilterOutputHandler - [ERROR] WARNING: Illegal reflective access by org.codehaus.groovy.vmplugin.v7.Java7$1 (file:/root/workspace/apache-pinot-master-8551_repo/.m2/org/codehaus/groovy/groovy-all/2.4.21/groovy-all-2.4.21.jar) to constructor java.lang.invoke.MethodHandles$Lookup(java.lang.Class,int)
21:35:43.704 [Thread-7] ERROR f.i.s.r.p.m.o.MavenFilterOutputHandler - [ERROR] WARNING: Please consider reporting this to the maintainers of org.codehaus.groovy.vmplugin.v7.Java7$1
21:35:43.704 [Thread-7] ERROR f.i.s.r.p.m.o.MavenFilterOutputHandler - [ERROR] WARNING: Use --illegal-access=warn to enable warnings of further illegal reflective access operations
21:35:43.705 [Thread-7] ERROR f.i.s.r.p.m.o.MavenFilterOutputHandler - [ERROR] WARNING: All illegal access operations will be denied in a future release
21:35:47.480 [Thread-7] ERROR f.i.s.r.p.m.o.MavenFilterOutputHandler - [ERROR] WARNING: An illegal reflective access operation has occurred
21:35:47.481 [Thread-7] ERROR f.i.s.r.p.m.o.MavenFilterOutputHandler - [ERROR] WARNING: Illegal reflective access by org.codehaus.groovy.vmplugin.v7.Java7$1 (file:/root/workspace/apache-pinot-master-8551_repo/.m2/org/codehaus/groovy/groovy-all/2.4.21/groovy-all-2.4.21.jar) to constructor java.lang.invoke.MethodHandles$Lookup(java.lang.Class,int)
21:35:47.481 [Thread-7] ERROR f.i.s.r.p.m.o.MavenFilterOutputHandler - [ERROR] WARNING: Please consider reporting this to the maintainers of org.codehaus.groovy.vmplugin.v7.Java7$1
21:35:47.481 [Thread-7] ERROR f.i.s.r.p.m.o.MavenFilterOutputHandler - [ERROR] WARNING: Use --illegal-access=warn to enable warnings of further illegal reflective access operations
21:35:47.481 [Thread-7] ERROR f.i.s.r.p.m.o.MavenFilterOutputHandler - [ERROR] WARNING: All illegal access operations will be denied in a future release
21:35:49.585 [Thread-7] ERROR f.i.s.r.p.m.o.MavenFilterOutputHandler - [ERROR] WARNING: An illegal reflective access operation has occurred
21:35:49.585 [Thread-7] ERROR f.i.s.r.p.m.o.MavenFilterOutputHandler - [ERROR] WARNING: Illegal reflective access by org.codehaus.groovy.vmplugin.v7.Java7$1 (file:/root/workspace/apache-pinot-master-8551_repo/.m2/org/codehaus/groovy/groovy-all/2.4.21/groovy-all-2.4.21.jar) to constructor java.lang.invoke.MethodHandles$Lookup(java.lang.Class,int)
21:35:49.585 [Thread-7] ERROR f.i.s.r.p.m.o.MavenFilterOutputHandler - [ERROR] WARNING: Please consider reporting this to the maintainers of org.codehaus.groovy.vmplugin.v7.Java7$1
21:35:49.585 [Thread-7] ERROR f.i.s.r.p.m.o.MavenFilterOutputHandler - [ERROR] WARNING: Use --illegal-access=warn to enable warnings of further illegal reflective access operations
21:35:49.585 [Thread-7] ERROR f.i.s.r.p.m.o.MavenFilterOutputHandler - [ERROR] WARNING: All illegal access operations will be denied in a future release
21:36:43.622 [Thread-7] ERROR f.i.s.r.p.m.o.MavenFilterOutputHandler - [ERROR] WARNING: An illegal reflective access operation has occurred
21:36:43.622 [Thread-7] ERROR f.i.s.r.p.m.o.MavenFilterOutputHandler - [ERROR] WARNING: Illegal reflective access by org.codehaus.groovy.vmplugin.v7.Java7$1 (file:/root/workspace/apache-pinot-master-8551_repo/.m2/org/codehaus/groovy/groovy-all/2.4.21/groovy-all-2.4.21.jar) to constructor java.lang.invoke.MethodHandles$Lookup(java.lang.Class,int)
21:36:43.622 [Thread-7] ERROR f.i.s.r.p.m.o.MavenFilterOutputHandler - [ERROR] WARNING: Please consider reporting this to the maintainers of org.codehaus.groovy.vmplugin.v7.Java7$1
21:36:43.622 [Thread-7] ERROR f.i.s.r.p.m.o.MavenFilterOutputHandler - [ERROR] WARNING: Use --illegal-access=warn to enable warnings of further illegal reflective access operations
21:36:43.622 [Thread-7] ERROR f.i.s.r.p.m.o.MavenFilterOutputHandler - [ERROR] WARNING: All illegal access operations will be denied in a future release
21:37:22.107 [Thread-7] ERROR f.i.s.r.p.m.o.MavenFilterOutputHandler - [ERROR] WARNING: An illegal reflective access operation has occurred
21:37:22.107 [Thread-7] ERROR f.i.s.r.p.m.o.MavenFilterOutputHandler - [ERROR] WARNING: Illegal reflective access by xerial.larray.mmap.MMapBuffer (file:/root/workspace/apache-pinot-master-8551_repo/.m2/org/xerial/larray/larray-mmap/0.4.1/larray-mmap-0.4.1.jar) to field java.io.FileDescriptor.fd
21:37:22.107 [Thread-7] ERROR f.i.s.r.p.m.o.MavenFilterOutputHandler - [ERROR] WARNING: Please consider reporting this to the maintainers of xerial.larray.mmap.MMapBuffer
21:37:22.107 [Thread-7] ERROR f.i.s.r.p.m.o.MavenFilterOutputHandler - [ERROR] WARNING: Use --illegal-access=warn to enable warnings of further illegal reflective access operations
21:37:22.107 [Thread-7] ERROR f.i.s.r.p.m.o.MavenFilterOutputHandler - [ERROR] WARNING: All illegal access operations will be denied in a future release
21:41:33.871 [Thread-8] ERROR f.i.s.r.p.m.output.MavenErrorHandler - Exception in thread "Thread-2" org.apache.lucene.store.AlreadyClosedException: this IndexWriter is closed
21:41:33.871 [Thread-8] ERROR f.i.s.r.p.m.output.MavenErrorHandler - 	at org.apache.lucene.index.IndexWriter.ensureOpen(IndexWriter.java:681)
21:41:33.871 [Thread-8] ERROR f.i.s.r.p.m.output.MavenErrorHandler - 	at org.apache.lucene.index.IndexWriter.ensureOpen(IndexWriter.java:695)
21:41:33.871 [Thread-8] ERROR f.i.s.r.p.m.output.MavenErrorHandler - 	at org.apache.lucene.index.IndexWriter.getMaxCompletedSequenceNumber(IndexWriter.java:5176)
21:41:33.871 [Thread-8] ERROR f.i.s.r.p.m.output.MavenErrorHandler - 	at org.apache.lucene.search.ControlledRealTimeReopenThread.run(ControlledRealTimeReopenThread.java:234)
21:44:25.555 [Thread-7] ERROR f.i.s.r.p.m.o.MavenFilterOutputHandler - [ERROR] WARNING: An illegal reflective access operation has occurred
21:44:25.556 [Thread-7] ERROR f.i.s.r.p.m.o.MavenFilterOutputHandler - [ERROR] WARNING: Illegal reflective access by org.codehaus.groovy.vmplugin.v7.Java7$1 (file:/root/workspace/apache-pinot-master-8551_repo/.m2/org/codehaus/groovy/groovy-all/2.4.21/groovy-all-2.4.21.jar) to constructor java.lang.invoke.MethodHandles$Lookup(java.lang.Class,int)
21:44:25.556 [Thread-7] ERROR f.i.s.r.p.m.o.MavenFilterOutputHandler - [ERROR] WARNING: Please consider reporting this to the maintainers of org.codehaus.groovy.vmplugin.v7.Java7$1
21:44:25.556 [Thread-7] ERROR f.i.s.r.p.m.o.MavenFilterOutputHandler - [ERROR] WARNING: Use --illegal-access=warn to enable warnings of further illegal reflective access operations
21:44:25.556 [Thread-7] ERROR f.i.s.r.p.m.o.MavenFilterOutputHandler - [ERROR] WARNING: All illegal access operations will be denied in a future release
21:45:38.334 [Thread-7] ERROR f.i.s.r.p.m.o.MavenFilterOutputHandler - [ERROR] WARNING: An illegal reflective access operation has occurred
21:45:38.334 [Thread-7] ERROR f.i.s.r.p.m.o.MavenFilterOutputHandler - [ERROR] WARNING: Illegal reflective access by org.codehaus.groovy.vmplugin.v7.Java7$1 (file:/root/workspace/apache-pinot-master-8551_repo/.m2/org/codehaus/groovy/groovy-all/2.4.21/groovy-all-2.4.21.jar) to constructor java.lang.invoke.MethodHandles$Lookup(java.lang.Class,int)
21:45:38.334 [Thread-7] ERROR f.i.s.r.p.m.o.MavenFilterOutputHandler - [ERROR] WARNING: Please consider reporting this to the maintainers of org.codehaus.groovy.vmplugin.v7.Java7$1
21:45:38.334 [Thread-7] ERROR f.i.s.r.p.m.o.MavenFilterOutputHandler - [ERROR] WARNING: Use --illegal-access=warn to enable warnings of further illegal reflective access operations
21:45:38.334 [Thread-7] ERROR f.i.s.r.p.m.o.MavenFilterOutputHandler - [ERROR] WARNING: All illegal access operations will be denied in a future release
21:45:39.157 [Thread-7] ERROR f.i.s.r.p.m.o.MavenFilterOutputHandler - [ERROR] WARNING: An illegal reflective access operation has occurred
21:45:39.157 [Thread-7] ERROR f.i.s.r.p.m.o.MavenFilterOutputHandler - [ERROR] WARNING: Illegal reflective access by org.codehaus.groovy.vmplugin.v7.Java7$1 (file:/root/workspace/apache-pinot-master-8551_repo/.m2/org/codehaus/groovy/groovy-all/2.4.21/groovy-all-2.4.21.jar) to constructor java.lang.invoke.MethodHandles$Lookup(java.lang.Class,int)
21:45:39.157 [Thread-7] ERROR f.i.s.r.p.m.o.MavenFilterOutputHandler - [ERROR] WARNING: Please consider reporting this to the maintainers of org.codehaus.groovy.vmplugin.v7.Java7$1
21:45:39.157 [Thread-7] ERROR f.i.s.r.p.m.o.MavenFilterOutputHandler - [ERROR] WARNING: Use --illegal-access=warn to enable warnings of further illegal reflective access operations
21:45:39.157 [Thread-7] ERROR f.i.s.r.p.m.o.MavenFilterOutputHandler - [ERROR] WARNING: All illegal access operations will be denied in a future release
21:45:44.424 [Thread-7] ERROR f.i.s.r.p.m.o.MavenFilterOutputHandler - [ERROR] WARNING: An illegal reflective access operation has occurred
21:45:44.425 [Thread-7] ERROR f.i.s.r.p.m.o.MavenFilterOutputHandler - [ERROR] WARNING: Illegal reflective access by org.codehaus.groovy.vmplugin.v7.Java7$1 (file:/root/workspace/apache-pinot-master-8551_repo/.m2/org/codehaus/groovy/groovy-all/2.4.21/groovy-all-2.4.21.jar) to constructor java.lang.invoke.MethodHandles$Lookup(java.lang.Class,int)
21:45:44.425 [Thread-7] ERROR f.i.s.r.p.m.o.MavenFilterOutputHandler - [ERROR] WARNING: Please consider reporting this to the maintainers of org.codehaus.groovy.vmplugin.v7.Java7$1
21:45:44.425 [Thread-7] ERROR f.i.s.r.p.m.o.MavenFilterOutputHandler - [ERROR] WARNING: Use --illegal-access=warn to enable warnings of further illegal reflective access operations
21:45:44.425 [Thread-7] ERROR f.i.s.r.p.m.o.MavenFilterOutputHandler - [ERROR] WARNING: All illegal access operations will be denied in a future release
21:46:36.870 [Thread-7] ERROR f.i.s.r.p.m.o.MavenFilterOutputHandler - [ERROR] WARNING: An illegal reflective access operation has occurred
21:46:36.870 [Thread-7] ERROR f.i.s.r.p.m.o.MavenFilterOutputHandler - [ERROR] WARNING: Illegal reflective access by org.codehaus.groovy.vmplugin.v7.Java7$1 (file:/root/workspace/apache-pinot-master-8551_repo/.m2/org/codehaus/groovy/groovy-all/2.4.21/groovy-all-2.4.21.jar) to constructor java.lang.invoke.MethodHandles$Lookup(java.lang.Class,int)
21:46:36.870 [Thread-7] ERROR f.i.s.r.p.m.o.MavenFilterOutputHandler - [ERROR] WARNING: Please consider reporting this to the maintainers of org.codehaus.groovy.vmplugin.v7.Java7$1
21:46:36.870 [Thread-7] ERROR f.i.s.r.p.m.o.MavenFilterOutputHandler - [ERROR] WARNING: Use --illegal-access=warn to enable warnings of further illegal reflective access operations
21:46:36.870 [Thread-7] ERROR f.i.s.r.p.m.o.MavenFilterOutputHandler - [ERROR] WARNING: All illegal access operations will be denied in a future release
21:47:44.896 [Thread-7] ERROR f.i.s.r.p.m.o.MavenFilterOutputHandler - [ERROR] WARNING: An illegal reflective access operation has occurred
21:47:44.896 [Thread-7] ERROR f.i.s.r.p.m.o.MavenFilterOutputHandler - [ERROR] WARNING: Illegal reflective access by org.codehaus.groovy.vmplugin.v7.Java7$1 (file:/root/workspace/apache-pinot-master-8551_repo/.m2/org/codehaus/groovy/groovy-all/2.4.21/groovy-all-2.4.21.jar) to constructor java.lang.invoke.MethodHandles$Lookup(java.lang.Class,int)
21:47:44.896 [Thread-7] ERROR f.i.s.r.p.m.o.MavenFilterOutputHandler - [ERROR] WARNING: Please consider reporting this to the maintainers of org.codehaus.groovy.vmplugin.v7.Java7$1
21:47:44.897 [Thread-7] ERROR f.i.s.r.p.m.o.MavenFilterOutputHandler - [ERROR] WARNING: Use --illegal-access=warn to enable warnings of further illegal reflective access operations
21:47:44.897 [Thread-7] ERROR f.i.s.r.p.m.o.MavenFilterOutputHandler - [ERROR] WARNING: All illegal access operations will be denied in a future release
21:48:30.363 [Thread-8] ERROR f.i.s.r.p.m.output.MavenErrorHandler - Apr 15, 2022 9:48:30 PM org.glassfish.grizzly.http.server.NetworkListener start
21:48:30.363 [Thread-8] ERROR f.i.s.r.p.m.output.MavenErrorHandler - INFO: Started listener bound to [0.0.0.0:44039]
21:48:30.363 [Thread-8] ERROR f.i.s.r.p.m.output.MavenErrorHandler - Apr 15, 2022 9:48:30 PM org.glassfish.grizzly.http.server.HttpServer start
21:48:30.363 [Thread-8] ERROR f.i.s.r.p.m.output.MavenErrorHandler - INFO: [HttpServer] Started.
21:48:30.585 [Thread-8] ERROR f.i.s.r.p.m.output.MavenErrorHandler - Apr 15, 2022 9:48:30 PM org.glassfish.grizzly.http.server.NetworkListener shutdownNow
21:48:30.585 [Thread-8] ERROR f.i.s.r.p.m.output.MavenErrorHandler - INFO: Stopped listener bound to [0.0.0.0:44039]
21:48:35.015 [Thread-8] ERROR f.i.s.r.p.m.output.MavenErrorHandler - Apr 15, 2022 9:48:34 PM org.glassfish.grizzly.http.server.NetworkListener start
21:48:35.016 [Thread-8] ERROR f.i.s.r.p.m.output.MavenErrorHandler - INFO: Started listener bound to [0.0.0.0:8097]
21:48:35.016 [Thread-8] ERROR f.i.s.r.p.m.output.MavenErrorHandler - Apr 15, 2022 9:48:34 PM org.glassfish.grizzly.http.server.HttpServer start
21:48:35.016 [Thread-8] ERROR f.i.s.r.p.m.output.MavenErrorHandler - INFO: [HttpServer] Started.
21:48:35.256 [Thread-8] ERROR f.i.s.r.p.m.output.MavenErrorHandler - Apr 15, 2022 9:48:35 PM org.glassfish.grizzly.http.server.NetworkListener shutdownNow
21:48:35.256 [Thread-8] ERROR f.i.s.r.p.m.output.MavenErrorHandler - INFO: Stopped listener bound to [0.0.0.0:8097]
21:48:39.509 [Thread-8] ERROR f.i.s.r.p.m.output.MavenErrorHandler - Apr 15, 2022 9:48:39 PM org.glassfish.grizzly.http.server.NetworkListener start
21:48:39.509 [Thread-8] ERROR f.i.s.r.p.m.output.MavenErrorHandler - INFO: Started listener bound to [0.0.0.0:8097]
21:48:39.509 [Thread-8] ERROR f.i.s.r.p.m.output.MavenErrorHandler - Apr 15, 2022 9:48:39 PM org.glassfish.grizzly.http.server.HttpServer start
21:48:39.509 [Thread-8] ERROR f.i.s.r.p.m.output.MavenErrorHandler - INFO: [HttpServer] Started.
21:48:44.331 [Thread-8] ERROR f.i.s.r.p.m.output.MavenErrorHandler - Apr 15, 2022 9:48:44 PM org.glassfish.grizzly.http.server.NetworkListener shutdownNow
21:48:44.331 [Thread-8] ERROR f.i.s.r.p.m.output.MavenErrorHandler - INFO: Stopped listener bound to [0.0.0.0:8097]
21:48:48.644 [Thread-8] ERROR f.i.s.r.p.m.output.MavenErrorHandler - Apr 15, 2022 9:48:48 PM org.glassfish.grizzly.http.server.NetworkListener start
21:48:48.644 [Thread-8] ERROR f.i.s.r.p.m.output.MavenErrorHandler - INFO: Started listener bound to [0.0.0.0:8097]
21:48:48.644 [Thread-8] ERROR f.i.s.r.p.m.output.MavenErrorHandler - Apr 15, 2022 9:48:48 PM org.glassfish.grizzly.http.server.HttpServer start
21:48:48.644 [Thread-8] ERROR f.i.s.r.p.m.output.MavenErrorHandler - INFO: [HttpServer] Started.
21:48:48.887 [Thread-8] ERROR f.i.s.r.p.m.output.MavenErrorHandler - Apr 15, 2022 9:48:48 PM org.glassfish.grizzly.http.server.NetworkListener shutdownNow
21:48:48.887 [Thread-8] ERROR f.i.s.r.p.m.output.MavenErrorHandler - INFO: Stopped listener bound to [0.0.0.0:8097]
21:48:56.030 [Thread-7] ERROR f.i.s.r.p.m.o.MavenFilterOutputHandler - [ERROR] Failed to execute goal org.apache.maven.plugins:maven-checkstyle-plugin:3.1.2:check (checkstyle) on project pinot-controller: You have 1 Checkstyle violation. -> [Help 1]
21:48:56.033 [Thread-7] ERROR f.i.s.r.p.m.o.MavenFilterOutputHandler - [ERROR] 
21:48:56.033 [Thread-7] ERROR f.i.s.r.p.m.o.MavenFilterOutputHandler - [ERROR] Re-run Maven using the -X switch to enable full debug logging.
21:48:56.033 [Thread-7] ERROR f.i.s.r.p.m.o.MavenFilterOutputHandler - [ERROR] 
21:48:56.033 [Thread-7] ERROR f.i.s.r.p.m.o.MavenFilterOutputHandler - [ERROR] For more information about the errors and possible solutions, please read the following articles:
21:48:56.033 [Thread-7] ERROR f.i.s.r.p.m.o.MavenFilterOutputHandler - [ERROR] [Help 1] http://cwiki.apache.org/confluence/display/MAVEN/MojoFailureException
21:48:56.033 [Thread-7] ERROR f.i.s.r.p.m.o.MavenFilterOutputHandler - [ERROR] 
21:48:56.033 [Thread-7] ERROR f.i.s.r.p.m.o.MavenFilterOutputHandler - [ERROR] After correcting the problems, you can resume the build with the command
21:48:56.034 [Thread-7] ERROR f.i.s.r.p.m.o.MavenFilterOutputHandler - [ERROR]   mvn <goals> -rf :pinot-controller
21:49:01.750 [main] ERROR f.i.s.r.p.s.paths.ComputeClasspath - The classpath file is empty.
21:49:01.750 [main] ERROR f.i.s.r.p.s.paths.ComputeClasspath - The classpath seems not to contain JUnit, maybe this project does not use JUnit for testing.
21:49:01.751 [main] ERROR f.i.s.r.p.s.paths.ComputeClasspath - The file does not exist: /root/./workspace/apache-pinot-master-8551_repo/target/classes.
21:49:01.751 [main] ERROR f.i.s.r.p.s.paths.ComputeClasspath - The file does not exist: /root/./workspace/apache-pinot-master-8551_repo/target/test-classes.
21:49:01.882 [main] ERROR f.i.s.r.p.s.paths.ComputeSourceDir - The source directory is not at default location or specified in build section from pom.xml, and no parent can be found.
21:49:01.886 [main] ERROR f.i.s.r.p.s.paths.ComputeSourceDir - The source directory is not at default location or specified in build section from pom.xml, and no parent can be found.
21:49:01.896 [main] INFO  f.i.s.r.p.s.paths.ComputeSourceDir - 49 source dirs were found:
21:49:01.896 [main] INFO  f.i.s.r.p.s.paths.ComputeSourceDir - /root/workspace/apache-pinot-master-8551_repo/contrib/pinot-fmpp-maven-plugin/src/main/java
21:49:01.896 [main] INFO  f.i.s.r.p.s.paths.ComputeSourceDir - /root/workspace/apache-pinot-master-8551_repo/pinot-broker/src/main/java
21:49:01.896 [main] INFO  f.i.s.r.p.s.paths.ComputeSourceDir - /root/workspace/apache-pinot-master-8551_repo/pinot-clients/pinot-java-client/src/main/java
21:49:01.896 [main] INFO  f.i.s.r.p.s.paths.ComputeSourceDir - /root/workspace/apache-pinot-master-8551_repo/pinot-clients/pinot-jdbc-client/src/main/java
21:49:01.896 [main] INFO  f.i.s.r.p.s.paths.ComputeSourceDir - /root/workspace/apache-pinot-master-8551_repo/pinot-common/src/main/java
21:49:01.896 [main] INFO  f.i.s.r.p.s.paths.ComputeSourceDir - /root/workspace/apache-pinot-master-8551_repo/pinot-compatibility-verifier/src/main/java
21:49:01.896 [main] INFO  f.i.s.r.p.s.paths.ComputeSourceDir - /root/workspace/apache-pinot-master-8551_repo/pinot-connectors/pinot-flink-connector/src/main/java
21:49:01.896 [main] INFO  f.i.s.r.p.s.paths.ComputeSourceDir - /root/workspace/apache-pinot-master-8551_repo/pinot-connectors/pinot-spark-connector/src/main/scala
21:49:01.896 [main] INFO  f.i.s.r.p.s.paths.ComputeSourceDir - /root/workspace/apache-pinot-master-8551_repo/pinot-controller/src/main/java
21:49:01.896 [main] INFO  f.i.s.r.p.s.paths.ComputeSourceDir - /root/workspace/apache-pinot-master-8551_repo/pinot-core/src/main/java
21:49:01.896 [main] INFO  f.i.s.r.p.s.paths.ComputeSourceDir - /root/workspace/apache-pinot-master-8551_repo/pinot-integration-tests/src/main/java
21:49:01.896 [main] INFO  f.i.s.r.p.s.paths.ComputeSourceDir - /root/workspace/apache-pinot-master-8551_repo/pinot-minion/src/main/java
21:49:01.896 [main] INFO  f.i.s.r.p.s.paths.ComputeSourceDir - /root/workspace/apache-pinot-master-8551_repo/pinot-perf/src/main/java
21:49:01.896 [main] INFO  f.i.s.r.p.s.paths.ComputeSourceDir - /root/workspace/apache-pinot-master-8551_repo/pinot-plugins/pinot-batch-ingestion/pinot-batch-ingestion-common/src/main/java
21:49:01.896 [main] INFO  f.i.s.r.p.s.paths.ComputeSourceDir - /root/workspace/apache-pinot-master-8551_repo/pinot-plugins/pinot-batch-ingestion/pinot-batch-ingestion-hadoop/src/main/java
21:49:01.896 [main] INFO  f.i.s.r.p.s.paths.ComputeSourceDir - /root/workspace/apache-pinot-master-8551_repo/pinot-plugins/pinot-batch-ingestion/pinot-batch-ingestion-spark/src/main/java
21:49:01.896 [main] INFO  f.i.s.r.p.s.paths.ComputeSourceDir - /root/workspace/apache-pinot-master-8551_repo/pinot-plugins/pinot-batch-ingestion/pinot-batch-ingestion-standalone/src/main/java
21:49:01.896 [main] INFO  f.i.s.r.p.s.paths.ComputeSourceDir - /root/workspace/apache-pinot-master-8551_repo/pinot-plugins/pinot-batch-ingestion/v0_deprecated/pinot-hadoop/src/main/java
21:49:01.896 [main] INFO  f.i.s.r.p.s.paths.ComputeSourceDir - /root/workspace/apache-pinot-master-8551_repo/pinot-plugins/pinot-batch-ingestion/v0_deprecated/pinot-ingestion-common/src/main/java
21:49:01.897 [main] INFO  f.i.s.r.p.s.paths.ComputeSourceDir - /root/workspace/apache-pinot-master-8551_repo/pinot-plugins/pinot-batch-ingestion/v0_deprecated/pinot-spark/src/main/java
21:49:01.897 [main] INFO  f.i.s.r.p.s.paths.ComputeSourceDir - /root/workspace/apache-pinot-master-8551_repo/pinot-plugins/pinot-environment/pinot-azure/src/main/java
21:49:01.897 [main] INFO  f.i.s.r.p.s.paths.ComputeSourceDir - /root/workspace/apache-pinot-master-8551_repo/pinot-plugins/pinot-file-system/pinot-adls/src/main/java
21:49:01.897 [main] INFO  f.i.s.r.p.s.paths.ComputeSourceDir - /root/workspace/apache-pinot-master-8551_repo/pinot-plugins/pinot-file-system/pinot-gcs/src/main/java
21:49:01.897 [main] INFO  f.i.s.r.p.s.paths.ComputeSourceDir - /root/workspace/apache-pinot-master-8551_repo/pinot-plugins/pinot-file-system/pinot-hdfs/src/main/java
21:49:01.897 [main] INFO  f.i.s.r.p.s.paths.ComputeSourceDir - /root/workspace/apache-pinot-master-8551_repo/pinot-plugins/pinot-file-system/pinot-s3/src/main/java
21:49:01.897 [main] INFO  f.i.s.r.p.s.paths.ComputeSourceDir - /root/workspace/apache-pinot-master-8551_repo/pinot-plugins/pinot-input-format/pinot-avro-base/src/main/java
21:49:01.897 [main] INFO  f.i.s.r.p.s.paths.ComputeSourceDir - /root/workspace/apache-pinot-master-8551_repo/pinot-plugins/pinot-input-format/pinot-avro/src/main/java
21:49:01.897 [main] INFO  f.i.s.r.p.s.paths.ComputeSourceDir - /root/workspace/apache-pinot-master-8551_repo/pinot-plugins/pinot-input-format/pinot-confluent-avro/src/main/java
21:49:01.897 [main] INFO  f.i.s.r.p.s.paths.ComputeSourceDir - /root/workspace/apache-pinot-master-8551_repo/pinot-plugins/pinot-input-format/pinot-csv/src/main/java
21:49:01.897 [main] INFO  f.i.s.r.p.s.paths.ComputeSourceDir - /root/workspace/apache-pinot-master-8551_repo/pinot-plugins/pinot-input-format/pinot-json/src/main/java
21:49:01.897 [main] INFO  f.i.s.r.p.s.paths.ComputeSourceDir - /root/workspace/apache-pinot-master-8551_repo/pinot-plugins/pinot-input-format/pinot-orc/src/main/java
21:49:01.897 [main] INFO  f.i.s.r.p.s.paths.ComputeSourceDir - /root/workspace/apache-pinot-master-8551_repo/pinot-plugins/pinot-input-format/pinot-parquet/src/main/java
21:49:01.897 [main] INFO  f.i.s.r.p.s.paths.ComputeSourceDir - /root/workspace/apache-pinot-master-8551_repo/pinot-plugins/pinot-input-format/pinot-protobuf/src/main/java
21:49:01.897 [main] INFO  f.i.s.r.p.s.paths.ComputeSourceDir - /root/workspace/apache-pinot-master-8551_repo/pinot-plugins/pinot-input-format/pinot-thrift/src/main/java
21:49:01.897 [main] INFO  f.i.s.r.p.s.paths.ComputeSourceDir - /root/workspace/apache-pinot-master-8551_repo/pinot-plugins/pinot-metrics/pinot-dropwizard/src/main/java
21:49:01.897 [main] INFO  f.i.s.r.p.s.paths.ComputeSourceDir - /root/workspace/apache-pinot-master-8551_repo/pinot-plugins/pinot-metrics/pinot-yammer/src/main/java
21:49:01.897 [main] INFO  f.i.s.r.p.s.paths.ComputeSourceDir - /root/workspace/apache-pinot-master-8551_repo/pinot-plugins/pinot-minion-tasks/pinot-minion-builtin-tasks/src/main/java
21:49:01.897 [main] INFO  f.i.s.r.p.s.paths.ComputeSourceDir - /root/workspace/apache-pinot-master-8551_repo/pinot-plugins/pinot-segment-uploader/pinot-segment-uploader-default/src/main/java
21:49:01.897 [main] INFO  f.i.s.r.p.s.paths.ComputeSourceDir - /root/workspace/apache-pinot-master-8551_repo/pinot-plugins/pinot-segment-writer/pinot-segment-writer-file-based/src/main/java
21:49:01.897 [main] INFO  f.i.s.r.p.s.paths.ComputeSourceDir - /root/workspace/apache-pinot-master-8551_repo/pinot-plugins/pinot-stream-ingestion/pinot-kafka-0.9/src/main/java
21:49:01.897 [main] INFO  f.i.s.r.p.s.paths.ComputeSourceDir - /root/workspace/apache-pinot-master-8551_repo/pinot-plugins/pinot-stream-ingestion/pinot-kafka-2.0/src/main/java
21:49:01.897 [main] INFO  f.i.s.r.p.s.paths.ComputeSourceDir - /root/workspace/apache-pinot-master-8551_repo/pinot-plugins/pinot-stream-ingestion/pinot-kafka-base/src/main/java
21:49:01.897 [main] INFO  f.i.s.r.p.s.paths.ComputeSourceDir - /root/workspace/apache-pinot-master-8551_repo/pinot-plugins/pinot-stream-ingestion/pinot-kinesis/src/main/java
21:49:01.897 [main] INFO  f.i.s.r.p.s.paths.ComputeSourceDir - /root/workspace/apache-pinot-master-8551_repo/pinot-plugins/pinot-stream-ingestion/pinot-pulsar/src/main/java
21:49:01.897 [main] INFO  f.i.s.r.p.s.paths.ComputeSourceDir - /root/workspace/apache-pinot-master-8551_repo/pinot-segment-local/src/main/java
21:49:01.897 [main] INFO  f.i.s.r.p.s.paths.ComputeSourceDir - /root/workspace/apache-pinot-master-8551_repo/pinot-segment-spi/src/main/java
21:49:01.897 [main] INFO  f.i.s.r.p.s.paths.ComputeSourceDir - /root/workspace/apache-pinot-master-8551_repo/pinot-server/src/main/java
21:49:01.897 [main] INFO  f.i.s.r.p.s.paths.ComputeSourceDir - /root/workspace/apache-pinot-master-8551_repo/pinot-spi/src/main/java
21:49:01.897 [main] INFO  f.i.s.r.p.s.paths.ComputeSourceDir - /root/workspace/apache-pinot-master-8551_repo/pinot-tools/src/main/java
21:49:01.959 [main] ERROR f.i.s.r.p.step.paths.ComputeTestDir - The test directory is not at default location or specified in build section from pom.xml, and no parent can be found.
21:49:01.968 [main] ERROR f.i.s.r.p.step.paths.ComputeTestDir - The test directory is not at default location or specified in build section from pom.xml, and no parent can be found.
21:49:02.018 [main] ERROR f.i.s.r.process.maven.MavenHelper - Error while building complete model. The raw model will be used. Error message: 1 problem was encountered while building the effective model for org.apache.pinot:pinot-s3:0.11.0-SNAPSHOT
[ERROR] Failed to determine Java version for profile disable-java8-doclint @ software.amazon.awssdk:aws-sdk-java-pom:2.14.28

21:49:02.038 [main] ERROR f.i.s.r.p.step.paths.ComputeTestDir - The test directory is not at default location or specified in build section from pom.xml, and no parent can be found.
21:49:02.056 [main] ERROR f.i.s.r.p.step.paths.ComputeTestDir - The test directory is not at default location or specified in build section from pom.xml, and no parent can be found.
21:49:02.085 [main] ERROR f.i.s.r.process.maven.MavenHelper - Error while building complete model. The raw model will be used. Error message: 1 problem was encountered while building the effective model for org.apache.pinot:pinot-kinesis:0.11.0-SNAPSHOT
[ERROR] Failed to determine Java version for profile disable-java8-doclint @ software.amazon.awssdk:aws-sdk-java-pom:2.14.28

21:49:02.103 [main] ERROR f.i.s.r.p.step.paths.ComputeTestDir - The test directory is not at default location or specified in build section from pom.xml, and no parent can be found.
21:49:02.107 [main] ERROR f.i.s.r.p.step.paths.ComputeTestDir - The test directory is not at default location or specified in build section from pom.xml, and no parent can be found.
21:49:02.107 [main] ERROR f.i.s.r.p.step.paths.ComputeTestDir - The test directory is not at default location or specified in build section from pom.xml, and no parent can be found.
21:49:02.119 [main] ERROR f.i.s.r.p.step.paths.ComputeTestDir - The test directory is not at default location or specified in build section from pom.xml, and no parent can be found.
21:49:02.119 [main] ERROR f.i.s.r.p.step.paths.ComputeTestDir - The test directory is not at default location or specified in build section from pom.xml, and no parent can be found.
21:49:02.132 [main] ERROR f.i.s.r.p.step.paths.ComputeTestDir - The test directory is not at default location or specified in build section from pom.xml, and no parent can be found.
21:49:02.141 [main] ERROR f.i.s.r.p.step.paths.ComputeTestDir - The test directory is not at default location or specified in build section from pom.xml, and no parent can be found.
21:49:02.156 [main] ERROR f.i.s.r.p.step.paths.ComputeTestDir - The test directory is not at default location or specified in build section from pom.xml, and no parent can be found.
21:49:02.159 [main] ERROR f.i.s.r.p.step.paths.ComputeTestDir - The test directory is not at default location or specified in build section from pom.xml, and no parent can be found.
21:49:02.159 [main] INFO  f.i.s.r.p.step.paths.ComputeTestDir - 40 test dirs were found:
21:49:02.159 [main] INFO  f.i.s.r.p.step.paths.ComputeTestDir - /root/workspace/apache-pinot-master-8551_repo/pinot-broker/src/test/java
21:49:02.159 [main] INFO  f.i.s.r.p.step.paths.ComputeTestDir - /root/workspace/apache-pinot-master-8551_repo/pinot-clients/pinot-java-client/src/test/java
21:49:02.159 [main] INFO  f.i.s.r.p.step.paths.ComputeTestDir - /root/workspace/apache-pinot-master-8551_repo/pinot-clients/pinot-jdbc-client/src/test/java
21:49:02.159 [main] INFO  f.i.s.r.p.step.paths.ComputeTestDir - /root/workspace/apache-pinot-master-8551_repo/pinot-common/src/test/java
21:49:02.159 [main] INFO  f.i.s.r.p.step.paths.ComputeTestDir - /root/workspace/apache-pinot-master-8551_repo/pinot-connectors/pinot-flink-connector/src/test/java
21:49:02.159 [main] INFO  f.i.s.r.p.step.paths.ComputeTestDir - /root/workspace/apache-pinot-master-8551_repo/pinot-connectors/pinot-spark-connector/src/test/scala
21:49:02.159 [main] INFO  f.i.s.r.p.step.paths.ComputeTestDir - /root/workspace/apache-pinot-master-8551_repo/pinot-controller/src/test/java
21:49:02.159 [main] INFO  f.i.s.r.p.step.paths.ComputeTestDir - /root/workspace/apache-pinot-master-8551_repo/pinot-core/src/test/java
21:49:02.159 [main] INFO  f.i.s.r.p.step.paths.ComputeTestDir - /root/workspace/apache-pinot-master-8551_repo/pinot-integration-test-base/src/test/java
21:49:02.159 [main] INFO  f.i.s.r.p.step.paths.ComputeTestDir - /root/workspace/apache-pinot-master-8551_repo/pinot-integration-tests/src/test/java
21:49:02.159 [main] INFO  f.i.s.r.p.step.paths.ComputeTestDir - /root/workspace/apache-pinot-master-8551_repo/pinot-minion/src/test/java
21:49:02.159 [main] INFO  f.i.s.r.p.step.paths.ComputeTestDir - /root/workspace/apache-pinot-master-8551_repo/pinot-plugins/pinot-batch-ingestion/pinot-batch-ingestion-common/src/test/java
21:49:02.159 [main] INFO  f.i.s.r.p.step.paths.ComputeTestDir - /root/workspace/apache-pinot-master-8551_repo/pinot-plugins/pinot-batch-ingestion/pinot-batch-ingestion-hadoop/src/test/java
21:49:02.159 [main] INFO  f.i.s.r.p.step.paths.ComputeTestDir - /root/workspace/apache-pinot-master-8551_repo/pinot-plugins/pinot-batch-ingestion/pinot-batch-ingestion-standalone/src/test/java
21:49:02.159 [main] INFO  f.i.s.r.p.step.paths.ComputeTestDir - /root/workspace/apache-pinot-master-8551_repo/pinot-plugins/pinot-batch-ingestion/v0_deprecated/pinot-hadoop/src/test/java
21:49:02.159 [main] INFO  f.i.s.r.p.step.paths.ComputeTestDir - /root/workspace/apache-pinot-master-8551_repo/pinot-plugins/pinot-batch-ingestion/v0_deprecated/pinot-spark/src/test/java
21:49:02.159 [main] INFO  f.i.s.r.p.step.paths.ComputeTestDir - /root/workspace/apache-pinot-master-8551_repo/pinot-plugins/pinot-environment/pinot-azure/src/test/java
21:49:02.159 [main] INFO  f.i.s.r.p.step.paths.ComputeTestDir - /root/workspace/apache-pinot-master-8551_repo/pinot-plugins/pinot-file-system/pinot-adls/src/test/java
21:49:02.159 [main] INFO  f.i.s.r.p.step.paths.ComputeTestDir - /root/workspace/apache-pinot-master-8551_repo/pinot-plugins/pinot-file-system/pinot-gcs/src/test/java
21:49:02.159 [main] INFO  f.i.s.r.p.step.paths.ComputeTestDir - /root/workspace/apache-pinot-master-8551_repo/pinot-plugins/pinot-file-system/pinot-hdfs/src/test/java
21:49:02.159 [main] INFO  f.i.s.r.p.step.paths.ComputeTestDir - /root/workspace/apache-pinot-master-8551_repo/pinot-plugins/pinot-file-system/pinot-s3/src/test/java
21:49:02.159 [main] INFO  f.i.s.r.p.step.paths.ComputeTestDir - /root/workspace/apache-pinot-master-8551_repo/pinot-plugins/pinot-input-format/pinot-avro-base/src/test/java
21:49:02.159 [main] INFO  f.i.s.r.p.step.paths.ComputeTestDir - /root/workspace/apache-pinot-master-8551_repo/pinot-plugins/pinot-input-format/pinot-csv/src/test/java
21:49:02.159 [main] INFO  f.i.s.r.p.step.paths.ComputeTestDir - /root/workspace/apache-pinot-master-8551_repo/pinot-plugins/pinot-input-format/pinot-json/src/test/java
21:49:02.159 [main] INFO  f.i.s.r.p.step.paths.ComputeTestDir - /root/workspace/apache-pinot-master-8551_repo/pinot-plugins/pinot-input-format/pinot-orc/src/test/java
21:49:02.159 [main] INFO  f.i.s.r.p.step.paths.ComputeTestDir - /root/workspace/apache-pinot-master-8551_repo/pinot-plugins/pinot-input-format/pinot-parquet/src/test/java
21:49:02.160 [main] INFO  f.i.s.r.p.step.paths.ComputeTestDir - /root/workspace/apache-pinot-master-8551_repo/pinot-plugins/pinot-input-format/pinot-protobuf/src/test/java
21:49:02.160 [main] INFO  f.i.s.r.p.step.paths.ComputeTestDir - /root/workspace/apache-pinot-master-8551_repo/pinot-plugins/pinot-input-format/pinot-thrift/src/test/java
21:49:02.160 [main] INFO  f.i.s.r.p.step.paths.ComputeTestDir - /root/workspace/apache-pinot-master-8551_repo/pinot-plugins/pinot-minion-tasks/pinot-minion-builtin-tasks/src/test/java
21:49:02.160 [main] INFO  f.i.s.r.p.step.paths.ComputeTestDir - /root/workspace/apache-pinot-master-8551_repo/pinot-plugins/pinot-segment-writer/pinot-segment-writer-file-based/src/test/java
21:49:02.160 [main] INFO  f.i.s.r.p.step.paths.ComputeTestDir - /root/workspace/apache-pinot-master-8551_repo/pinot-plugins/pinot-stream-ingestion/pinot-kafka-0.9/src/test/java
21:49:02.160 [main] INFO  f.i.s.r.p.step.paths.ComputeTestDir - /root/workspace/apache-pinot-master-8551_repo/pinot-plugins/pinot-stream-ingestion/pinot-kafka-2.0/src/test/java
21:49:02.160 [main] INFO  f.i.s.r.p.step.paths.ComputeTestDir - /root/workspace/apache-pinot-master-8551_repo/pinot-plugins/pinot-stream-ingestion/pinot-kafka-base/src/test/java
21:49:02.160 [main] INFO  f.i.s.r.p.step.paths.ComputeTestDir - /root/workspace/apache-pinot-master-8551_repo/pinot-plugins/pinot-stream-ingestion/pinot-kinesis/src/test/java
21:49:02.160 [main] INFO  f.i.s.r.p.step.paths.ComputeTestDir - /root/workspace/apache-pinot-master-8551_repo/pinot-plugins/pinot-stream-ingestion/pinot-pulsar/src/test/java
21:49:02.160 [main] INFO  f.i.s.r.p.step.paths.ComputeTestDir - /root/workspace/apache-pinot-master-8551_repo/pinot-segment-local/src/test/java
21:49:02.160 [main] INFO  f.i.s.r.p.step.paths.ComputeTestDir - /root/workspace/apache-pinot-master-8551_repo/pinot-segment-spi/src/test/java
21:49:02.160 [main] INFO  f.i.s.r.p.step.paths.ComputeTestDir - /root/workspace/apache-pinot-master-8551_repo/pinot-server/src/test/java
21:49:02.160 [main] INFO  f.i.s.r.p.step.paths.ComputeTestDir - /root/workspace/apache-pinot-master-8551_repo/pinot-spi/src/test/java
21:49:02.160 [main] INFO  f.i.s.r.p.step.paths.ComputeTestDir - /root/workspace/apache-pinot-master-8551_repo/pinot-tools/src/test/java
21:49:02.859 [main] INFO  f.i.s.r.p.s.g.GatherTestInformation - ---Test results---
21:49:02.859 [main] INFO  f.i.s.r.p.s.g.GatherTestInformation -    Total tests: 4190
21:49:02.859 [main] INFO  f.i.s.r.p.s.g.GatherTestInformation -    Tests run: 4190
21:49:02.859 [main] INFO  f.i.s.r.p.s.g.GatherTestInformation -    Tests passing: 4190
21:49:02.859 [main] INFO  f.i.s.r.p.s.g.GatherTestInformation -    Failures: 0
21:49:02.859 [main] INFO  f.i.s.r.p.s.g.GatherTestInformation -    Errors: 0
21:49:02.859 [main] INFO  f.i.s.r.p.s.g.GatherTestInformation -    Skipped: 0
21:49:02.859 [main] INFO  f.i.s.r.p.s.g.GatherTestInformation - 
21:49:06.847 [main] INFO  f.i.s.r.p.i.ProjectInspector - ----------------------------------------------------------------------
21:49:06.847 [main] INFO  f.i.s.r.p.i.ProjectInspector - PIPELINE EXECUTION SUMMARY
21:49:06.847 [main] INFO  f.i.s.r.p.i.ProjectInspector - ----------------------------------------------------------------------
21:49:06.847 [main] INFO  f.i.s.r.p.i.ProjectInspector - CloneCheckoutGitPullRequest..........................SUCCESS [  48 s ]
21:49:06.847 [main] INFO  f.i.s.r.p.i.ProjectInspector - BuildProject.........................................SUCCESS [ 531 s ]
21:49:06.847 [main] INFO  f.i.s.r.p.i.ProjectInspector - TestProject..........................................SUCCESS [ 916 s ]
21:49:06.847 [main] INFO  f.i.s.r.p.i.ProjectInspector - ComputeClasspath.....................................SUCCESS [   5 s ]
21:49:06.847 [main] INFO  f.i.s.r.p.i.ProjectInspector - ComputeSourceDir.....................................SUCCESS [   0 s ]
21:49:06.847 [main] INFO  f.i.s.r.p.i.ProjectInspector - ComputeTestDir.......................................SUCCESS [   0 s ]
21:49:06.847 [main] INFO  f.i.s.r.p.i.ProjectInspector - GatherTestInformation................................FAILURE [   0 s ]
21:49:06.847 [main] INFO  f.i.s.r.p.i.ProjectInspector - FlacocoLocalization..................................NOT RUN          
21:49:06.847 [main] INFO  f.i.s.r.p.i.ProjectInspector - PushFaultLocalizationSuggestionsOnGitHubRepository...NOT RUN          
21:49:06.848 [main] INFO  f.i.s.r.p.i.ProjectInspector - ----------------------------------------------------------------------
21:49:06.848 [main] INFO  f.i.s.r.p.i.ProjectInspector - PIPELINE FINDING: NOTFAILING
21:49:06.848 [main] INFO  f.i.s.r.p.i.ProjectInspector - ----------------------------------------------------------------------
21:49:06.848 [main] INFO  f.i.s.r.p.github.GithubMainProcess - Inspector is finished. The process will exit now.
