Execute pipeline with following supplementary args: --smtpPort 25 --listenerMode NOOP --launcherMode FAULT_LOCALIZATION  --gitrepourl https://github.com/apache/pinot --gitrepopullrequest 8384
java -cp /usr/local/openjdk-11/lib/tools.jar:repairnator-pipeline.jar -Dlogback.configurationFile=/root/logback.xml fr.inria.spirals.repairnator.pipeline.Launcher -d --runId null -o /var/log --ghOauth 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 --faultLocalization --flacocoThreshold 0.0 --flacocoTopK null --flacocoResultsRepository flacocobot/2022-flacocobot-experiment --ghOauth  --smtpPort 25 --listenerMode NOOP --launcherMode FAULT_LOCALIZATION  --gitrepourl https://github.com/apache/pinot --gitrepopullrequest 8384

19:22:29.384 [main] INFO  f.i.s.r.p.g.GithubInitSerializerEngines - Initialize file serializer engines.
19:22:29.386 [main] INFO  f.i.s.r.p.g.GithubInitSerializerEngines - MongoDB won't be used for serialization.
19:22:29.386 [main] INFO  f.i.s.r.p.github.GithubInitNotifiers - The email notifier engine won't be used.
19:22:29.405 [main] INFO  f.i.s.r.p.i.ProjectInspector - ----------------------------------------------------------------------
19:22:29.405 [main] INFO  f.i.s.r.p.i.ProjectInspector - PIPELINE STEPS
19:22:29.405 [main] INFO  f.i.s.r.p.i.ProjectInspector - ----------------------------------------------------------------------
19:22:29.406 [main] INFO  f.i.s.r.p.i.ProjectInspector - CloneCheckoutGitPullRequest
19:22:29.406 [main] INFO  f.i.s.r.p.i.ProjectInspector - BuildProject
19:22:29.406 [main] INFO  f.i.s.r.p.i.ProjectInspector - TestProject
19:22:29.406 [main] INFO  f.i.s.r.p.i.ProjectInspector - ComputeClasspath
19:22:29.406 [main] INFO  f.i.s.r.p.i.ProjectInspector - ComputeSourceDir
19:22:29.406 [main] INFO  f.i.s.r.p.i.ProjectInspector - ComputeTestDir
19:22:29.406 [main] INFO  f.i.s.r.p.i.ProjectInspector - GatherTestInformation
19:22:29.406 [main] INFO  f.i.s.r.p.i.ProjectInspector - FlacocoLocalization
19:22:29.406 [main] INFO  f.i.s.r.p.i.ProjectInspector - PushFaultLocalizationSuggestionsOnGitHubRepository
19:22:29.406 [main] INFO  f.i.s.r.p.s.CloneCheckoutGitPullRequest - Cloning repository https://github.com/apache/pinot.git in the following directory: ./workspace/apache-pinot-master-8384_repo
19:23:17.493 [Thread-5] ERROR f.i.s.r.p.m.output.MavenErrorHandler - Warning: Lookahead adequacy checking not being performed since option LOOKAHEAD is more than 1.  Set option FORCE_LA_CHECK to true to force checking.
19:30:04.831 [Thread-7] ERROR f.i.s.r.p.m.o.MavenFilterOutputHandler - [ERROR] WARNING: An illegal reflective access operation has occurred
19:30:04.832 [Thread-7] ERROR f.i.s.r.p.m.o.MavenFilterOutputHandler - [ERROR] WARNING: Illegal reflective access by org.codehaus.groovy.vmplugin.v7.Java7$1 (file:/root/workspace/apache-pinot-master-8384_repo/.m2/org/codehaus/groovy/groovy-all/2.4.21/groovy-all-2.4.21.jar) to constructor java.lang.invoke.MethodHandles$Lookup(java.lang.Class,int)
19:30:04.832 [Thread-7] ERROR f.i.s.r.p.m.o.MavenFilterOutputHandler - [ERROR] WARNING: Please consider reporting this to the maintainers of org.codehaus.groovy.vmplugin.v7.Java7$1
19:30:04.832 [Thread-7] ERROR f.i.s.r.p.m.o.MavenFilterOutputHandler - [ERROR] WARNING: Use --illegal-access=warn to enable warnings of further illegal reflective access operations
19:30:04.832 [Thread-7] ERROR f.i.s.r.p.m.o.MavenFilterOutputHandler - [ERROR] WARNING: All illegal access operations will be denied in a future release
19:30:13.128 [Thread-7] ERROR f.i.s.r.p.m.o.MavenFilterOutputHandler - [ERROR] WARNING: An illegal reflective access operation has occurred
19:30:13.128 [Thread-7] ERROR f.i.s.r.p.m.o.MavenFilterOutputHandler - [ERROR] WARNING: Illegal reflective access by xerial.larray.buffer.UnsafeUtil (file:/root/workspace/apache-pinot-master-8384_repo/.m2/org/xerial/larray/larray-buffer/0.4.1/larray-buffer-0.4.1.jar) to constructor java.nio.DirectByteBuffer(long,int,java.lang.Object)
19:30:13.128 [Thread-7] ERROR f.i.s.r.p.m.o.MavenFilterOutputHandler - [ERROR] WARNING: Please consider reporting this to the maintainers of xerial.larray.buffer.UnsafeUtil
19:30:13.128 [Thread-7] ERROR f.i.s.r.p.m.o.MavenFilterOutputHandler - [ERROR] WARNING: Use --illegal-access=warn to enable warnings of further illegal reflective access operations
19:30:13.128 [Thread-7] ERROR f.i.s.r.p.m.o.MavenFilterOutputHandler - [ERROR] WARNING: All illegal access operations will be denied in a future release
19:30:34.381 [Thread-8] ERROR f.i.s.r.p.m.output.MavenErrorHandler - java.lang.NullPointerException
19:30:34.381 [Thread-8] ERROR f.i.s.r.p.m.output.MavenErrorHandler - 	at org.testng.reporters.JUnitXMLReporter.generateReport(JUnitXMLReporter.java:152)
19:30:34.381 [Thread-8] ERROR f.i.s.r.p.m.output.MavenErrorHandler - 	at org.testng.reporters.JUnitXMLReporter.onFinish(JUnitXMLReporter.java:112)
19:30:34.381 [Thread-8] ERROR f.i.s.r.p.m.output.MavenErrorHandler - 	at org.testng.TestRunner.fireEvent(TestRunner.java:1187)
19:30:34.381 [Thread-8] ERROR f.i.s.r.p.m.output.MavenErrorHandler - 	at org.testng.TestRunner.afterRun(TestRunner.java:976)
19:30:34.381 [Thread-8] ERROR f.i.s.r.p.m.output.MavenErrorHandler - 	at org.testng.TestRunner.run(TestRunner.java:606)
19:30:34.381 [Thread-8] ERROR f.i.s.r.p.m.output.MavenErrorHandler - 	at org.testng.SuiteRunner.runTest(SuiteRunner.java:380)
19:30:34.381 [Thread-8] ERROR f.i.s.r.p.m.output.MavenErrorHandler - 	at org.testng.SuiteRunner.runSequentially(SuiteRunner.java:375)
19:30:34.381 [Thread-8] ERROR f.i.s.r.p.m.output.MavenErrorHandler - 	at org.testng.SuiteRunner.privateRun(SuiteRunner.java:340)
19:30:34.381 [Thread-8] ERROR f.i.s.r.p.m.output.MavenErrorHandler - 	at org.testng.SuiteRunner.run(SuiteRunner.java:289)
19:30:34.382 [Thread-8] ERROR f.i.s.r.p.m.output.MavenErrorHandler - 	at org.testng.SuiteRunnerWorker.runSuite(SuiteRunnerWorker.java:52)
19:30:34.382 [Thread-8] ERROR f.i.s.r.p.m.output.MavenErrorHandler - 	at org.testng.SuiteRunnerWorker.run(SuiteRunnerWorker.java:86)
19:30:34.382 [Thread-8] ERROR f.i.s.r.p.m.output.MavenErrorHandler - 	at org.testng.TestNG.runSuitesSequentially(TestNG.java:1301)
19:30:34.382 [Thread-8] ERROR f.i.s.r.p.m.output.MavenErrorHandler - 	at org.testng.TestNG.runSuitesLocally(TestNG.java:1226)
19:30:34.382 [Thread-8] ERROR f.i.s.r.p.m.output.MavenErrorHandler - 	at org.testng.TestNG.runSuites(TestNG.java:1144)
19:30:34.382 [Thread-8] ERROR f.i.s.r.p.m.output.MavenErrorHandler - 	at org.testng.TestNG.run(TestNG.java:1115)
19:30:34.382 [Thread-8] ERROR f.i.s.r.p.m.output.MavenErrorHandler - 	at org.apache.maven.surefire.testng.TestNGExecutor.run(TestNGExecutor.java:136)
19:30:34.382 [Thread-8] ERROR f.i.s.r.p.m.output.MavenErrorHandler - 	at org.apache.maven.surefire.testng.TestNGDirectoryTestSuite.executeSingleClass(TestNGDirectoryTestSuite.java:112)
19:30:34.382 [Thread-8] ERROR f.i.s.r.p.m.output.MavenErrorHandler - 	at org.apache.maven.surefire.testng.TestNGDirectoryTestSuite.execute(TestNGDirectoryTestSuite.java:99)
19:30:34.382 [Thread-8] ERROR f.i.s.r.p.m.output.MavenErrorHandler - 	at org.apache.maven.surefire.testng.TestNGProvider.invoke(TestNGProvider.java:145)
19:30:34.382 [Thread-8] ERROR f.i.s.r.p.m.output.MavenErrorHandler - 	at org.apache.maven.surefire.booter.ForkedBooter.runSuitesInProcess(ForkedBooter.java:428)
19:30:34.382 [Thread-8] ERROR f.i.s.r.p.m.output.MavenErrorHandler - 	at org.apache.maven.surefire.booter.ForkedBooter.execute(ForkedBooter.java:162)
19:30:34.382 [Thread-8] ERROR f.i.s.r.p.m.output.MavenErrorHandler - 	at org.apache.maven.surefire.booter.ForkedBooter.run(ForkedBooter.java:562)
19:30:34.382 [Thread-8] ERROR f.i.s.r.p.m.output.MavenErrorHandler - 	at org.apache.maven.surefire.booter.ForkedBooter.main(ForkedBooter.java:548)
19:30:34.382 [Thread-8] ERROR f.i.s.r.p.m.output.MavenErrorHandler - [TestNG] Reporter org.testng.reporters.JUnitReportReporter@6a84bc2a failed
19:30:34.382 [Thread-8] ERROR f.i.s.r.p.m.output.MavenErrorHandler - java.lang.NullPointerException
19:30:34.382 [Thread-8] ERROR f.i.s.r.p.m.output.MavenErrorHandler - 	at org.testng.reporters.JUnitReportReporter.generateReport(JUnitReportReporter.java:146)
19:30:34.382 [Thread-8] ERROR f.i.s.r.p.m.output.MavenErrorHandler - 	at org.testng.TestNG.generateReports(TestNG.java:1192)
19:30:34.382 [Thread-8] ERROR f.i.s.r.p.m.output.MavenErrorHandler - 	at org.testng.TestNG.run(TestNG.java:1120)
19:30:34.382 [Thread-8] ERROR f.i.s.r.p.m.output.MavenErrorHandler - 	at org.apache.maven.surefire.testng.TestNGExecutor.run(TestNGExecutor.java:136)
19:30:34.383 [Thread-8] ERROR f.i.s.r.p.m.output.MavenErrorHandler - 	at org.apache.maven.surefire.testng.TestNGDirectoryTestSuite.executeSingleClass(TestNGDirectoryTestSuite.java:112)
19:30:34.383 [Thread-8] ERROR f.i.s.r.p.m.output.MavenErrorHandler - 	at org.apache.maven.surefire.testng.TestNGDirectoryTestSuite.execute(TestNGDirectoryTestSuite.java:99)
19:30:34.383 [Thread-8] ERROR f.i.s.r.p.m.output.MavenErrorHandler - 	at org.apache.maven.surefire.testng.TestNGProvider.invoke(TestNGProvider.java:145)
19:30:34.383 [Thread-8] ERROR f.i.s.r.p.m.output.MavenErrorHandler - 	at org.apache.maven.surefire.booter.ForkedBooter.runSuitesInProcess(ForkedBooter.java:428)
19:30:34.383 [Thread-8] ERROR f.i.s.r.p.m.output.MavenErrorHandler - 	at org.apache.maven.surefire.booter.ForkedBooter.execute(ForkedBooter.java:162)
19:30:34.383 [Thread-8] ERROR f.i.s.r.p.m.output.MavenErrorHandler - 	at org.apache.maven.surefire.booter.ForkedBooter.run(ForkedBooter.java:562)
19:30:34.383 [Thread-8] ERROR f.i.s.r.p.m.output.MavenErrorHandler - 	at org.apache.maven.surefire.booter.ForkedBooter.main(ForkedBooter.java:548)
19:31:36.946 [Thread-7] ERROR f.i.s.r.p.m.o.MavenFilterOutputHandler - [ERROR] Failed to execute goal org.apache.maven.plugins:maven-checkstyle-plugin:3.1.2:check (checkstyle) on project pinot-segment-local: You have 5 Checkstyle violations. -> [Help 1]
19:31:36.949 [Thread-7] ERROR f.i.s.r.p.m.o.MavenFilterOutputHandler - [ERROR] 
19:31:36.949 [Thread-7] ERROR f.i.s.r.p.m.o.MavenFilterOutputHandler - [ERROR] Re-run Maven using the -X switch to enable full debug logging.
19:31:36.949 [Thread-7] ERROR f.i.s.r.p.m.o.MavenFilterOutputHandler - [ERROR] 
19:31:36.949 [Thread-7] ERROR f.i.s.r.p.m.o.MavenFilterOutputHandler - [ERROR] For more information about the errors and possible solutions, please read the following articles:
19:31:36.949 [Thread-7] ERROR f.i.s.r.p.m.o.MavenFilterOutputHandler - [ERROR] [Help 1] http://cwiki.apache.org/confluence/display/MAVEN/MojoFailureException
19:31:36.949 [Thread-7] ERROR f.i.s.r.p.m.o.MavenFilterOutputHandler - [ERROR] 
19:31:36.949 [Thread-7] ERROR f.i.s.r.p.m.o.MavenFilterOutputHandler - [ERROR] After correcting the problems, you can resume the build with the command
19:31:36.949 [Thread-7] ERROR f.i.s.r.p.m.o.MavenFilterOutputHandler - [ERROR]   mvn <goals> -rf :pinot-segment-local
19:31:41.281 [main] ERROR f.i.s.r.p.s.paths.ComputeClasspath - The classpath file is empty.
19:31:41.284 [main] ERROR f.i.s.r.p.s.paths.ComputeClasspath - The classpath seems not to contain JUnit, maybe this project does not use JUnit for testing.
19:31:41.285 [main] ERROR f.i.s.r.p.s.paths.ComputeClasspath - The file does not exist: /root/./workspace/apache-pinot-master-8384_repo/target/classes.
19:31:41.286 [main] ERROR f.i.s.r.p.s.paths.ComputeClasspath - The file does not exist: /root/./workspace/apache-pinot-master-8384_repo/target/test-classes.
19:31:41.415 [main] ERROR f.i.s.r.p.s.paths.ComputeSourceDir - The source directory is not at default location or specified in build section from pom.xml, and no parent can be found.
19:31:41.420 [main] ERROR f.i.s.r.p.s.paths.ComputeSourceDir - The source directory is not at default location or specified in build section from pom.xml, and no parent can be found.
19:31:41.429 [main] INFO  f.i.s.r.p.s.paths.ComputeSourceDir - 49 source dirs were found:
19:31:41.429 [main] INFO  f.i.s.r.p.s.paths.ComputeSourceDir - /root/workspace/apache-pinot-master-8384_repo/contrib/pinot-fmpp-maven-plugin/src/main/java
19:31:41.429 [main] INFO  f.i.s.r.p.s.paths.ComputeSourceDir - /root/workspace/apache-pinot-master-8384_repo/pinot-broker/src/main/java
19:31:41.429 [main] INFO  f.i.s.r.p.s.paths.ComputeSourceDir - /root/workspace/apache-pinot-master-8384_repo/pinot-clients/pinot-java-client/src/main/java
19:31:41.429 [main] INFO  f.i.s.r.p.s.paths.ComputeSourceDir - /root/workspace/apache-pinot-master-8384_repo/pinot-clients/pinot-jdbc-client/src/main/java
19:31:41.429 [main] INFO  f.i.s.r.p.s.paths.ComputeSourceDir - /root/workspace/apache-pinot-master-8384_repo/pinot-common/src/main/java
19:31:41.429 [main] INFO  f.i.s.r.p.s.paths.ComputeSourceDir - /root/workspace/apache-pinot-master-8384_repo/pinot-compatibility-verifier/src/main/java
19:31:41.429 [main] INFO  f.i.s.r.p.s.paths.ComputeSourceDir - /root/workspace/apache-pinot-master-8384_repo/pinot-connectors/pinot-flink-connector/src/main/java
19:31:41.429 [main] INFO  f.i.s.r.p.s.paths.ComputeSourceDir - /root/workspace/apache-pinot-master-8384_repo/pinot-connectors/pinot-spark-connector/src/main/scala
19:31:41.429 [main] INFO  f.i.s.r.p.s.paths.ComputeSourceDir - /root/workspace/apache-pinot-master-8384_repo/pinot-controller/src/main/java
19:31:41.429 [main] INFO  f.i.s.r.p.s.paths.ComputeSourceDir - /root/workspace/apache-pinot-master-8384_repo/pinot-core/src/main/java
19:31:41.429 [main] INFO  f.i.s.r.p.s.paths.ComputeSourceDir - /root/workspace/apache-pinot-master-8384_repo/pinot-integration-tests/src/main/java
19:31:41.429 [main] INFO  f.i.s.r.p.s.paths.ComputeSourceDir - /root/workspace/apache-pinot-master-8384_repo/pinot-minion/src/main/java
19:31:41.429 [main] INFO  f.i.s.r.p.s.paths.ComputeSourceDir - /root/workspace/apache-pinot-master-8384_repo/pinot-perf/src/main/java
19:31:41.429 [main] INFO  f.i.s.r.p.s.paths.ComputeSourceDir - /root/workspace/apache-pinot-master-8384_repo/pinot-plugins/pinot-batch-ingestion/pinot-batch-ingestion-common/src/main/java
19:31:41.430 [main] INFO  f.i.s.r.p.s.paths.ComputeSourceDir - /root/workspace/apache-pinot-master-8384_repo/pinot-plugins/pinot-batch-ingestion/pinot-batch-ingestion-hadoop/src/main/java
19:31:41.430 [main] INFO  f.i.s.r.p.s.paths.ComputeSourceDir - /root/workspace/apache-pinot-master-8384_repo/pinot-plugins/pinot-batch-ingestion/pinot-batch-ingestion-spark/src/main/java
19:31:41.430 [main] INFO  f.i.s.r.p.s.paths.ComputeSourceDir - /root/workspace/apache-pinot-master-8384_repo/pinot-plugins/pinot-batch-ingestion/pinot-batch-ingestion-standalone/src/main/java
19:31:41.430 [main] INFO  f.i.s.r.p.s.paths.ComputeSourceDir - /root/workspace/apache-pinot-master-8384_repo/pinot-plugins/pinot-batch-ingestion/v0_deprecated/pinot-hadoop/src/main/java
19:31:41.430 [main] INFO  f.i.s.r.p.s.paths.ComputeSourceDir - /root/workspace/apache-pinot-master-8384_repo/pinot-plugins/pinot-batch-ingestion/v0_deprecated/pinot-ingestion-common/src/main/java
19:31:41.430 [main] INFO  f.i.s.r.p.s.paths.ComputeSourceDir - /root/workspace/apache-pinot-master-8384_repo/pinot-plugins/pinot-batch-ingestion/v0_deprecated/pinot-spark/src/main/java
19:31:41.430 [main] INFO  f.i.s.r.p.s.paths.ComputeSourceDir - /root/workspace/apache-pinot-master-8384_repo/pinot-plugins/pinot-environment/pinot-azure/src/main/java
19:31:41.430 [main] INFO  f.i.s.r.p.s.paths.ComputeSourceDir - /root/workspace/apache-pinot-master-8384_repo/pinot-plugins/pinot-file-system/pinot-adls/src/main/java
19:31:41.430 [main] INFO  f.i.s.r.p.s.paths.ComputeSourceDir - /root/workspace/apache-pinot-master-8384_repo/pinot-plugins/pinot-file-system/pinot-gcs/src/main/java
19:31:41.430 [main] INFO  f.i.s.r.p.s.paths.ComputeSourceDir - /root/workspace/apache-pinot-master-8384_repo/pinot-plugins/pinot-file-system/pinot-hdfs/src/main/java
19:31:41.430 [main] INFO  f.i.s.r.p.s.paths.ComputeSourceDir - /root/workspace/apache-pinot-master-8384_repo/pinot-plugins/pinot-file-system/pinot-s3/src/main/java
19:31:41.430 [main] INFO  f.i.s.r.p.s.paths.ComputeSourceDir - /root/workspace/apache-pinot-master-8384_repo/pinot-plugins/pinot-input-format/pinot-avro-base/src/main/java
19:31:41.430 [main] INFO  f.i.s.r.p.s.paths.ComputeSourceDir - /root/workspace/apache-pinot-master-8384_repo/pinot-plugins/pinot-input-format/pinot-avro/src/main/java
19:31:41.430 [main] INFO  f.i.s.r.p.s.paths.ComputeSourceDir - /root/workspace/apache-pinot-master-8384_repo/pinot-plugins/pinot-input-format/pinot-confluent-avro/src/main/java
19:31:41.430 [main] INFO  f.i.s.r.p.s.paths.ComputeSourceDir - /root/workspace/apache-pinot-master-8384_repo/pinot-plugins/pinot-input-format/pinot-csv/src/main/java
19:31:41.430 [main] INFO  f.i.s.r.p.s.paths.ComputeSourceDir - /root/workspace/apache-pinot-master-8384_repo/pinot-plugins/pinot-input-format/pinot-json/src/main/java
19:31:41.430 [main] INFO  f.i.s.r.p.s.paths.ComputeSourceDir - /root/workspace/apache-pinot-master-8384_repo/pinot-plugins/pinot-input-format/pinot-orc/src/main/java
19:31:41.430 [main] INFO  f.i.s.r.p.s.paths.ComputeSourceDir - /root/workspace/apache-pinot-master-8384_repo/pinot-plugins/pinot-input-format/pinot-parquet/src/main/java
19:31:41.430 [main] INFO  f.i.s.r.p.s.paths.ComputeSourceDir - /root/workspace/apache-pinot-master-8384_repo/pinot-plugins/pinot-input-format/pinot-protobuf/src/main/java
19:31:41.430 [main] INFO  f.i.s.r.p.s.paths.ComputeSourceDir - /root/workspace/apache-pinot-master-8384_repo/pinot-plugins/pinot-input-format/pinot-thrift/src/main/java
19:31:41.430 [main] INFO  f.i.s.r.p.s.paths.ComputeSourceDir - /root/workspace/apache-pinot-master-8384_repo/pinot-plugins/pinot-metrics/pinot-dropwizard/src/main/java
19:31:41.430 [main] INFO  f.i.s.r.p.s.paths.ComputeSourceDir - /root/workspace/apache-pinot-master-8384_repo/pinot-plugins/pinot-metrics/pinot-yammer/src/main/java
19:31:41.430 [main] INFO  f.i.s.r.p.s.paths.ComputeSourceDir - /root/workspace/apache-pinot-master-8384_repo/pinot-plugins/pinot-minion-tasks/pinot-minion-builtin-tasks/src/main/java
19:31:41.430 [main] INFO  f.i.s.r.p.s.paths.ComputeSourceDir - /root/workspace/apache-pinot-master-8384_repo/pinot-plugins/pinot-segment-uploader/pinot-segment-uploader-default/src/main/java
19:31:41.430 [main] INFO  f.i.s.r.p.s.paths.ComputeSourceDir - /root/workspace/apache-pinot-master-8384_repo/pinot-plugins/pinot-segment-writer/pinot-segment-writer-file-based/src/main/java
19:31:41.430 [main] INFO  f.i.s.r.p.s.paths.ComputeSourceDir - /root/workspace/apache-pinot-master-8384_repo/pinot-plugins/pinot-stream-ingestion/pinot-kafka-0.9/src/main/java
19:31:41.430 [main] INFO  f.i.s.r.p.s.paths.ComputeSourceDir - /root/workspace/apache-pinot-master-8384_repo/pinot-plugins/pinot-stream-ingestion/pinot-kafka-2.0/src/main/java
19:31:41.430 [main] INFO  f.i.s.r.p.s.paths.ComputeSourceDir - /root/workspace/apache-pinot-master-8384_repo/pinot-plugins/pinot-stream-ingestion/pinot-kafka-base/src/main/java
19:31:41.430 [main] INFO  f.i.s.r.p.s.paths.ComputeSourceDir - /root/workspace/apache-pinot-master-8384_repo/pinot-plugins/pinot-stream-ingestion/pinot-kinesis/src/main/java
19:31:41.430 [main] INFO  f.i.s.r.p.s.paths.ComputeSourceDir - /root/workspace/apache-pinot-master-8384_repo/pinot-plugins/pinot-stream-ingestion/pinot-pulsar/src/main/java
19:31:41.430 [main] INFO  f.i.s.r.p.s.paths.ComputeSourceDir - /root/workspace/apache-pinot-master-8384_repo/pinot-segment-local/src/main/java
19:31:41.430 [main] INFO  f.i.s.r.p.s.paths.ComputeSourceDir - /root/workspace/apache-pinot-master-8384_repo/pinot-segment-spi/src/main/java
19:31:41.431 [main] INFO  f.i.s.r.p.s.paths.ComputeSourceDir - /root/workspace/apache-pinot-master-8384_repo/pinot-server/src/main/java
19:31:41.431 [main] INFO  f.i.s.r.p.s.paths.ComputeSourceDir - /root/workspace/apache-pinot-master-8384_repo/pinot-spi/src/main/java
19:31:41.431 [main] INFO  f.i.s.r.p.s.paths.ComputeSourceDir - /root/workspace/apache-pinot-master-8384_repo/pinot-tools/src/main/java
19:31:41.500 [main] ERROR f.i.s.r.p.step.paths.ComputeTestDir - The test directory is not at default location or specified in build section from pom.xml, and no parent can be found.
19:31:41.513 [main] ERROR f.i.s.r.p.step.paths.ComputeTestDir - The test directory is not at default location or specified in build section from pom.xml, and no parent can be found.
19:31:41.572 [main] ERROR f.i.s.r.process.maven.MavenHelper - Error while building complete model. The raw model will be used. Error message: 1 problem was encountered while building the effective model for org.apache.pinot:pinot-s3:0.11.0-SNAPSHOT
[ERROR] Failed to determine Java version for profile disable-java8-doclint @ software.amazon.awssdk:aws-sdk-java-pom:2.14.28

19:31:41.593 [main] ERROR f.i.s.r.p.step.paths.ComputeTestDir - The test directory is not at default location or specified in build section from pom.xml, and no parent can be found.
19:31:41.610 [main] ERROR f.i.s.r.p.step.paths.ComputeTestDir - The test directory is not at default location or specified in build section from pom.xml, and no parent can be found.
19:31:41.640 [main] ERROR f.i.s.r.process.maven.MavenHelper - Error while building complete model. The raw model will be used. Error message: 1 problem was encountered while building the effective model for org.apache.pinot:pinot-kinesis:0.11.0-SNAPSHOT
[ERROR] Failed to determine Java version for profile disable-java8-doclint @ software.amazon.awssdk:aws-sdk-java-pom:2.14.28

19:31:41.658 [main] ERROR f.i.s.r.p.step.paths.ComputeTestDir - The test directory is not at default location or specified in build section from pom.xml, and no parent can be found.
19:31:41.662 [main] ERROR f.i.s.r.p.step.paths.ComputeTestDir - The test directory is not at default location or specified in build section from pom.xml, and no parent can be found.
19:31:41.662 [main] ERROR f.i.s.r.p.step.paths.ComputeTestDir - The test directory is not at default location or specified in build section from pom.xml, and no parent can be found.
19:31:41.675 [main] ERROR f.i.s.r.p.step.paths.ComputeTestDir - The test directory is not at default location or specified in build section from pom.xml, and no parent can be found.
19:31:41.675 [main] ERROR f.i.s.r.p.step.paths.ComputeTestDir - The test directory is not at default location or specified in build section from pom.xml, and no parent can be found.
19:31:41.688 [main] ERROR f.i.s.r.p.step.paths.ComputeTestDir - The test directory is not at default location or specified in build section from pom.xml, and no parent can be found.
19:31:41.698 [main] ERROR f.i.s.r.p.step.paths.ComputeTestDir - The test directory is not at default location or specified in build section from pom.xml, and no parent can be found.
19:31:41.713 [main] ERROR f.i.s.r.p.step.paths.ComputeTestDir - The test directory is not at default location or specified in build section from pom.xml, and no parent can be found.
19:31:41.716 [main] ERROR f.i.s.r.p.step.paths.ComputeTestDir - The test directory is not at default location or specified in build section from pom.xml, and no parent can be found.
19:31:41.716 [main] INFO  f.i.s.r.p.step.paths.ComputeTestDir - 40 test dirs were found:
19:31:41.716 [main] INFO  f.i.s.r.p.step.paths.ComputeTestDir - /root/workspace/apache-pinot-master-8384_repo/pinot-broker/src/test/java
19:31:41.716 [main] INFO  f.i.s.r.p.step.paths.ComputeTestDir - /root/workspace/apache-pinot-master-8384_repo/pinot-clients/pinot-java-client/src/test/java
19:31:41.716 [main] INFO  f.i.s.r.p.step.paths.ComputeTestDir - /root/workspace/apache-pinot-master-8384_repo/pinot-clients/pinot-jdbc-client/src/test/java
19:31:41.716 [main] INFO  f.i.s.r.p.step.paths.ComputeTestDir - /root/workspace/apache-pinot-master-8384_repo/pinot-common/src/test/java
19:31:41.716 [main] INFO  f.i.s.r.p.step.paths.ComputeTestDir - /root/workspace/apache-pinot-master-8384_repo/pinot-connectors/pinot-flink-connector/src/test/java
19:31:41.716 [main] INFO  f.i.s.r.p.step.paths.ComputeTestDir - /root/workspace/apache-pinot-master-8384_repo/pinot-connectors/pinot-spark-connector/src/test/scala
19:31:41.716 [main] INFO  f.i.s.r.p.step.paths.ComputeTestDir - /root/workspace/apache-pinot-master-8384_repo/pinot-controller/src/test/java
19:31:41.716 [main] INFO  f.i.s.r.p.step.paths.ComputeTestDir - /root/workspace/apache-pinot-master-8384_repo/pinot-core/src/test/java
19:31:41.716 [main] INFO  f.i.s.r.p.step.paths.ComputeTestDir - /root/workspace/apache-pinot-master-8384_repo/pinot-integration-test-base/src/test/java
19:31:41.716 [main] INFO  f.i.s.r.p.step.paths.ComputeTestDir - /root/workspace/apache-pinot-master-8384_repo/pinot-integration-tests/src/test/java
19:31:41.716 [main] INFO  f.i.s.r.p.step.paths.ComputeTestDir - /root/workspace/apache-pinot-master-8384_repo/pinot-minion/src/test/java
19:31:41.716 [main] INFO  f.i.s.r.p.step.paths.ComputeTestDir - /root/workspace/apache-pinot-master-8384_repo/pinot-plugins/pinot-batch-ingestion/pinot-batch-ingestion-common/src/test/java
19:31:41.716 [main] INFO  f.i.s.r.p.step.paths.ComputeTestDir - /root/workspace/apache-pinot-master-8384_repo/pinot-plugins/pinot-batch-ingestion/pinot-batch-ingestion-hadoop/src/test/java
19:31:41.717 [main] INFO  f.i.s.r.p.step.paths.ComputeTestDir - /root/workspace/apache-pinot-master-8384_repo/pinot-plugins/pinot-batch-ingestion/pinot-batch-ingestion-standalone/src/test/java
19:31:41.717 [main] INFO  f.i.s.r.p.step.paths.ComputeTestDir - /root/workspace/apache-pinot-master-8384_repo/pinot-plugins/pinot-batch-ingestion/v0_deprecated/pinot-hadoop/src/test/java
19:31:41.717 [main] INFO  f.i.s.r.p.step.paths.ComputeTestDir - /root/workspace/apache-pinot-master-8384_repo/pinot-plugins/pinot-batch-ingestion/v0_deprecated/pinot-spark/src/test/java
19:31:41.717 [main] INFO  f.i.s.r.p.step.paths.ComputeTestDir - /root/workspace/apache-pinot-master-8384_repo/pinot-plugins/pinot-environment/pinot-azure/src/test/java
19:31:41.717 [main] INFO  f.i.s.r.p.step.paths.ComputeTestDir - /root/workspace/apache-pinot-master-8384_repo/pinot-plugins/pinot-file-system/pinot-adls/src/test/java
19:31:41.717 [main] INFO  f.i.s.r.p.step.paths.ComputeTestDir - /root/workspace/apache-pinot-master-8384_repo/pinot-plugins/pinot-file-system/pinot-gcs/src/test/java
19:31:41.717 [main] INFO  f.i.s.r.p.step.paths.ComputeTestDir - /root/workspace/apache-pinot-master-8384_repo/pinot-plugins/pinot-file-system/pinot-hdfs/src/test/java
19:31:41.717 [main] INFO  f.i.s.r.p.step.paths.ComputeTestDir - /root/workspace/apache-pinot-master-8384_repo/pinot-plugins/pinot-file-system/pinot-s3/src/test/java
19:31:41.717 [main] INFO  f.i.s.r.p.step.paths.ComputeTestDir - /root/workspace/apache-pinot-master-8384_repo/pinot-plugins/pinot-input-format/pinot-avro-base/src/test/java
19:31:41.717 [main] INFO  f.i.s.r.p.step.paths.ComputeTestDir - /root/workspace/apache-pinot-master-8384_repo/pinot-plugins/pinot-input-format/pinot-csv/src/test/java
19:31:41.717 [main] INFO  f.i.s.r.p.step.paths.ComputeTestDir - /root/workspace/apache-pinot-master-8384_repo/pinot-plugins/pinot-input-format/pinot-json/src/test/java
19:31:41.717 [main] INFO  f.i.s.r.p.step.paths.ComputeTestDir - /root/workspace/apache-pinot-master-8384_repo/pinot-plugins/pinot-input-format/pinot-orc/src/test/java
19:31:41.717 [main] INFO  f.i.s.r.p.step.paths.ComputeTestDir - /root/workspace/apache-pinot-master-8384_repo/pinot-plugins/pinot-input-format/pinot-parquet/src/test/java
19:31:41.717 [main] INFO  f.i.s.r.p.step.paths.ComputeTestDir - /root/workspace/apache-pinot-master-8384_repo/pinot-plugins/pinot-input-format/pinot-protobuf/src/test/java
19:31:41.717 [main] INFO  f.i.s.r.p.step.paths.ComputeTestDir - /root/workspace/apache-pinot-master-8384_repo/pinot-plugins/pinot-input-format/pinot-thrift/src/test/java
19:31:41.717 [main] INFO  f.i.s.r.p.step.paths.ComputeTestDir - /root/workspace/apache-pinot-master-8384_repo/pinot-plugins/pinot-minion-tasks/pinot-minion-builtin-tasks/src/test/java
19:31:41.717 [main] INFO  f.i.s.r.p.step.paths.ComputeTestDir - /root/workspace/apache-pinot-master-8384_repo/pinot-plugins/pinot-segment-writer/pinot-segment-writer-file-based/src/test/java
19:31:41.717 [main] INFO  f.i.s.r.p.step.paths.ComputeTestDir - /root/workspace/apache-pinot-master-8384_repo/pinot-plugins/pinot-stream-ingestion/pinot-kafka-0.9/src/test/java
19:31:41.717 [main] INFO  f.i.s.r.p.step.paths.ComputeTestDir - /root/workspace/apache-pinot-master-8384_repo/pinot-plugins/pinot-stream-ingestion/pinot-kafka-2.0/src/test/java
19:31:41.717 [main] INFO  f.i.s.r.p.step.paths.ComputeTestDir - /root/workspace/apache-pinot-master-8384_repo/pinot-plugins/pinot-stream-ingestion/pinot-kafka-base/src/test/java
19:31:41.717 [main] INFO  f.i.s.r.p.step.paths.ComputeTestDir - /root/workspace/apache-pinot-master-8384_repo/pinot-plugins/pinot-stream-ingestion/pinot-kinesis/src/test/java
19:31:41.717 [main] INFO  f.i.s.r.p.step.paths.ComputeTestDir - /root/workspace/apache-pinot-master-8384_repo/pinot-plugins/pinot-stream-ingestion/pinot-pulsar/src/test/java
19:31:41.717 [main] INFO  f.i.s.r.p.step.paths.ComputeTestDir - /root/workspace/apache-pinot-master-8384_repo/pinot-segment-local/src/test/java
19:31:41.717 [main] INFO  f.i.s.r.p.step.paths.ComputeTestDir - /root/workspace/apache-pinot-master-8384_repo/pinot-segment-spi/src/test/java
19:31:41.717 [main] INFO  f.i.s.r.p.step.paths.ComputeTestDir - /root/workspace/apache-pinot-master-8384_repo/pinot-server/src/test/java
19:31:41.717 [main] INFO  f.i.s.r.p.step.paths.ComputeTestDir - /root/workspace/apache-pinot-master-8384_repo/pinot-spi/src/test/java
19:31:41.717 [main] INFO  f.i.s.r.p.step.paths.ComputeTestDir - /root/workspace/apache-pinot-master-8384_repo/pinot-tools/src/test/java
19:31:42.209 [main] INFO  f.i.s.r.p.s.g.GatherTestInformation - ---Test results---
19:31:42.209 [main] INFO  f.i.s.r.p.s.g.GatherTestInformation -    Total tests: 524
19:31:42.209 [main] INFO  f.i.s.r.p.s.g.GatherTestInformation -    Tests run: 524
19:31:42.209 [main] INFO  f.i.s.r.p.s.g.GatherTestInformation -    Tests passing: 524
19:31:42.209 [main] INFO  f.i.s.r.p.s.g.GatherTestInformation -    Failures: 0
19:31:42.209 [main] INFO  f.i.s.r.p.s.g.GatherTestInformation -    Errors: 0
19:31:42.209 [main] INFO  f.i.s.r.p.s.g.GatherTestInformation -    Skipped: 0
19:31:42.210 [main] INFO  f.i.s.r.p.s.g.GatherTestInformation - 
19:31:45.969 [main] INFO  f.i.s.r.p.i.ProjectInspector - ----------------------------------------------------------------------
19:31:45.969 [main] INFO  f.i.s.r.p.i.ProjectInspector - PIPELINE EXECUTION SUMMARY
19:31:45.969 [main] INFO  f.i.s.r.p.i.ProjectInspector - ----------------------------------------------------------------------
19:31:45.969 [main] INFO  f.i.s.r.p.i.ProjectInspector - CloneCheckoutGitPullRequest..........................SUCCESS [  20 s ]
19:31:45.969 [main] INFO  f.i.s.r.p.i.ProjectInspector - BuildProject.........................................SUCCESS [ 428 s ]
19:31:45.969 [main] INFO  f.i.s.r.p.i.ProjectInspector - TestProject..........................................SUCCESS [  99 s ]
19:31:45.969 [main] INFO  f.i.s.r.p.i.ProjectInspector - ComputeClasspath.....................................SUCCESS [   4 s ]
19:31:45.969 [main] INFO  f.i.s.r.p.i.ProjectInspector - ComputeSourceDir.....................................SUCCESS [   0 s ]
19:31:45.969 [main] INFO  f.i.s.r.p.i.ProjectInspector - ComputeTestDir.......................................SUCCESS [   0 s ]
19:31:45.969 [main] INFO  f.i.s.r.p.i.ProjectInspector - GatherTestInformation................................FAILURE [   0 s ]
19:31:45.969 [main] INFO  f.i.s.r.p.i.ProjectInspector - FlacocoLocalization..................................NOT RUN          
19:31:45.969 [main] INFO  f.i.s.r.p.i.ProjectInspector - PushFaultLocalizationSuggestionsOnGitHubRepository...NOT RUN          
19:31:45.970 [main] INFO  f.i.s.r.p.i.ProjectInspector - ----------------------------------------------------------------------
19:31:45.970 [main] INFO  f.i.s.r.p.i.ProjectInspector - PIPELINE FINDING: NOTFAILING
19:31:45.970 [main] INFO  f.i.s.r.p.i.ProjectInspector - ----------------------------------------------------------------------
19:31:45.970 [main] INFO  f.i.s.r.p.github.GithubMainProcess - Inspector is finished. The process will exit now.
