Execute pipeline with following supplementary args: --smtpPort 25 --listenerMode NOOP --launcherMode FAULT_LOCALIZATION  --gitrepourl https://github.com/apache/pinot --gitrepopullrequest 8384
java -cp /usr/local/openjdk-11/lib/tools.jar:repairnator-pipeline.jar -Dlogback.configurationFile=/root/logback.xml fr.inria.spirals.repairnator.pipeline.Launcher -d --runId null -o /var/log --ghOauth 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 --faultLocalization --flacocoThreshold 0.0 --flacocoTopK null --flacocoResultsRepository flacocobot/2022-flacocobot-experiment --ghOauth  --smtpPort 25 --listenerMode NOOP --launcherMode FAULT_LOCALIZATION  --gitrepourl https://github.com/apache/pinot --gitrepopullrequest 8384

08:00:49.274 [main] INFO  f.i.s.r.p.g.GithubInitSerializerEngines - Initialize file serializer engines.
08:00:49.276 [main] INFO  f.i.s.r.p.g.GithubInitSerializerEngines - MongoDB won't be used for serialization.
08:00:49.276 [main] INFO  f.i.s.r.p.github.GithubInitNotifiers - The email notifier engine won't be used.
08:00:49.289 [main] INFO  f.i.s.r.p.i.ProjectInspector - ----------------------------------------------------------------------
08:00:49.289 [main] INFO  f.i.s.r.p.i.ProjectInspector - PIPELINE STEPS
08:00:49.289 [main] INFO  f.i.s.r.p.i.ProjectInspector - ----------------------------------------------------------------------
08:00:49.289 [main] INFO  f.i.s.r.p.i.ProjectInspector - CloneCheckoutGitPullRequest
08:00:49.289 [main] INFO  f.i.s.r.p.i.ProjectInspector - BuildProject
08:00:49.289 [main] INFO  f.i.s.r.p.i.ProjectInspector - TestProject
08:00:49.289 [main] INFO  f.i.s.r.p.i.ProjectInspector - ComputeClasspath
08:00:49.289 [main] INFO  f.i.s.r.p.i.ProjectInspector - ComputeSourceDir
08:00:49.289 [main] INFO  f.i.s.r.p.i.ProjectInspector - ComputeTestDir
08:00:49.289 [main] INFO  f.i.s.r.p.i.ProjectInspector - GatherTestInformation
08:00:49.289 [main] INFO  f.i.s.r.p.i.ProjectInspector - FlacocoLocalization
08:00:49.289 [main] INFO  f.i.s.r.p.i.ProjectInspector - PushFaultLocalizationSuggestionsOnGitHubRepository
08:00:49.289 [main] INFO  f.i.s.r.p.s.CloneCheckoutGitPullRequest - Cloning repository https://github.com/apache/pinot.git in the following directory: ./workspace/apache-pinot-master-8384_repo
08:01:43.570 [Thread-5] ERROR f.i.s.r.p.m.output.MavenErrorHandler - Warning: Lookahead adequacy checking not being performed since option LOOKAHEAD is more than 1.  Set option FORCE_LA_CHECK to true to force checking.
08:08:52.733 [Thread-7] ERROR f.i.s.r.p.m.o.MavenFilterOutputHandler - [ERROR] WARNING: An illegal reflective access operation has occurred
08:08:52.733 [Thread-7] ERROR f.i.s.r.p.m.o.MavenFilterOutputHandler - [ERROR] WARNING: Illegal reflective access by org.codehaus.groovy.vmplugin.v7.Java7$1 (file:/root/workspace/apache-pinot-master-8384_repo/.m2/org/codehaus/groovy/groovy-all/2.4.21/groovy-all-2.4.21.jar) to constructor java.lang.invoke.MethodHandles$Lookup(java.lang.Class,int)
08:08:52.733 [Thread-7] ERROR f.i.s.r.p.m.o.MavenFilterOutputHandler - [ERROR] WARNING: Please consider reporting this to the maintainers of org.codehaus.groovy.vmplugin.v7.Java7$1
08:08:52.733 [Thread-7] ERROR f.i.s.r.p.m.o.MavenFilterOutputHandler - [ERROR] WARNING: Use --illegal-access=warn to enable warnings of further illegal reflective access operations
08:08:52.734 [Thread-7] ERROR f.i.s.r.p.m.o.MavenFilterOutputHandler - [ERROR] WARNING: All illegal access operations will be denied in a future release
08:09:01.054 [Thread-7] ERROR f.i.s.r.p.m.o.MavenFilterOutputHandler - [ERROR] WARNING: An illegal reflective access operation has occurred
08:09:01.054 [Thread-7] ERROR f.i.s.r.p.m.o.MavenFilterOutputHandler - [ERROR] WARNING: Illegal reflective access by xerial.larray.buffer.UnsafeUtil (file:/root/workspace/apache-pinot-master-8384_repo/.m2/org/xerial/larray/larray-buffer/0.4.1/larray-buffer-0.4.1.jar) to constructor java.nio.DirectByteBuffer(long,int,java.lang.Object)
08:09:01.054 [Thread-7] ERROR f.i.s.r.p.m.o.MavenFilterOutputHandler - [ERROR] WARNING: Please consider reporting this to the maintainers of xerial.larray.buffer.UnsafeUtil
08:09:01.054 [Thread-7] ERROR f.i.s.r.p.m.o.MavenFilterOutputHandler - [ERROR] WARNING: Use --illegal-access=warn to enable warnings of further illegal reflective access operations
08:09:01.054 [Thread-7] ERROR f.i.s.r.p.m.o.MavenFilterOutputHandler - [ERROR] WARNING: All illegal access operations will be denied in a future release
08:09:23.249 [Thread-8] ERROR f.i.s.r.p.m.output.MavenErrorHandler - java.lang.NullPointerException
08:09:23.249 [Thread-8] ERROR f.i.s.r.p.m.output.MavenErrorHandler - 	at org.testng.reporters.JUnitXMLReporter.generateReport(JUnitXMLReporter.java:152)
08:09:23.249 [Thread-8] ERROR f.i.s.r.p.m.output.MavenErrorHandler - 	at org.testng.reporters.JUnitXMLReporter.onFinish(JUnitXMLReporter.java:112)
08:09:23.249 [Thread-8] ERROR f.i.s.r.p.m.output.MavenErrorHandler - 	at org.testng.TestRunner.fireEvent(TestRunner.java:1187)
08:09:23.250 [Thread-8] ERROR f.i.s.r.p.m.output.MavenErrorHandler - 	at org.testng.TestRunner.afterRun(TestRunner.java:976)
08:09:23.250 [Thread-8] ERROR f.i.s.r.p.m.output.MavenErrorHandler - 	at org.testng.TestRunner.run(TestRunner.java:606)
08:09:23.250 [Thread-8] ERROR f.i.s.r.p.m.output.MavenErrorHandler - 	at org.testng.SuiteRunner.runTest(SuiteRunner.java:380)
08:09:23.250 [Thread-8] ERROR f.i.s.r.p.m.output.MavenErrorHandler - 	at org.testng.SuiteRunner.runSequentially(SuiteRunner.java:375)
08:09:23.250 [Thread-8] ERROR f.i.s.r.p.m.output.MavenErrorHandler - 	at org.testng.SuiteRunner.privateRun(SuiteRunner.java:340)
08:09:23.250 [Thread-8] ERROR f.i.s.r.p.m.output.MavenErrorHandler - 	at org.testng.SuiteRunner.run(SuiteRunner.java:289)
08:09:23.250 [Thread-8] ERROR f.i.s.r.p.m.output.MavenErrorHandler - 	at org.testng.SuiteRunnerWorker.runSuite(SuiteRunnerWorker.java:52)
08:09:23.250 [Thread-8] ERROR f.i.s.r.p.m.output.MavenErrorHandler - 	at org.testng.SuiteRunnerWorker.run(SuiteRunnerWorker.java:86)
08:09:23.250 [Thread-8] ERROR f.i.s.r.p.m.output.MavenErrorHandler - 	at org.testng.TestNG.runSuitesSequentially(TestNG.java:1301)
08:09:23.250 [Thread-8] ERROR f.i.s.r.p.m.output.MavenErrorHandler - 	at org.testng.TestNG.runSuitesLocally(TestNG.java:1226)
08:09:23.250 [Thread-8] ERROR f.i.s.r.p.m.output.MavenErrorHandler - 	at org.testng.TestNG.runSuites(TestNG.java:1144)
08:09:23.250 [Thread-8] ERROR f.i.s.r.p.m.output.MavenErrorHandler - 	at org.testng.TestNG.run(TestNG.java:1115)
08:09:23.250 [Thread-8] ERROR f.i.s.r.p.m.output.MavenErrorHandler - 	at org.apache.maven.surefire.testng.TestNGExecutor.run(TestNGExecutor.java:136)
08:09:23.250 [Thread-8] ERROR f.i.s.r.p.m.output.MavenErrorHandler - 	at org.apache.maven.surefire.testng.TestNGDirectoryTestSuite.executeSingleClass(TestNGDirectoryTestSuite.java:112)
08:09:23.250 [Thread-8] ERROR f.i.s.r.p.m.output.MavenErrorHandler - 	at org.apache.maven.surefire.testng.TestNGDirectoryTestSuite.execute(TestNGDirectoryTestSuite.java:99)
08:09:23.250 [Thread-8] ERROR f.i.s.r.p.m.output.MavenErrorHandler - 	at org.apache.maven.surefire.testng.TestNGProvider.invoke(TestNGProvider.java:145)
08:09:23.250 [Thread-8] ERROR f.i.s.r.p.m.output.MavenErrorHandler - 	at org.apache.maven.surefire.booter.ForkedBooter.runSuitesInProcess(ForkedBooter.java:428)
08:09:23.250 [Thread-8] ERROR f.i.s.r.p.m.output.MavenErrorHandler - 	at org.apache.maven.surefire.booter.ForkedBooter.execute(ForkedBooter.java:162)
08:09:23.250 [Thread-8] ERROR f.i.s.r.p.m.output.MavenErrorHandler - 	at org.apache.maven.surefire.booter.ForkedBooter.run(ForkedBooter.java:562)
08:09:23.250 [Thread-8] ERROR f.i.s.r.p.m.output.MavenErrorHandler - 	at org.apache.maven.surefire.booter.ForkedBooter.main(ForkedBooter.java:548)
08:09:23.250 [Thread-8] ERROR f.i.s.r.p.m.output.MavenErrorHandler - [TestNG] Reporter org.testng.reporters.JUnitReportReporter@6a84bc2a failed
08:09:23.250 [Thread-8] ERROR f.i.s.r.p.m.output.MavenErrorHandler - java.lang.NullPointerException
08:09:23.250 [Thread-8] ERROR f.i.s.r.p.m.output.MavenErrorHandler - 	at org.testng.reporters.JUnitReportReporter.generateReport(JUnitReportReporter.java:146)
08:09:23.251 [Thread-8] ERROR f.i.s.r.p.m.output.MavenErrorHandler - 	at org.testng.TestNG.generateReports(TestNG.java:1192)
08:09:23.251 [Thread-8] ERROR f.i.s.r.p.m.output.MavenErrorHandler - 	at org.testng.TestNG.run(TestNG.java:1120)
08:09:23.251 [Thread-8] ERROR f.i.s.r.p.m.output.MavenErrorHandler - 	at org.apache.maven.surefire.testng.TestNGExecutor.run(TestNGExecutor.java:136)
08:09:23.251 [Thread-8] ERROR f.i.s.r.p.m.output.MavenErrorHandler - 	at org.apache.maven.surefire.testng.TestNGDirectoryTestSuite.executeSingleClass(TestNGDirectoryTestSuite.java:112)
08:09:23.251 [Thread-8] ERROR f.i.s.r.p.m.output.MavenErrorHandler - 	at org.apache.maven.surefire.testng.TestNGDirectoryTestSuite.execute(TestNGDirectoryTestSuite.java:99)
08:09:23.251 [Thread-8] ERROR f.i.s.r.p.m.output.MavenErrorHandler - 	at org.apache.maven.surefire.testng.TestNGProvider.invoke(TestNGProvider.java:145)
08:09:23.251 [Thread-8] ERROR f.i.s.r.p.m.output.MavenErrorHandler - 	at org.apache.maven.surefire.booter.ForkedBooter.runSuitesInProcess(ForkedBooter.java:428)
08:09:23.251 [Thread-8] ERROR f.i.s.r.p.m.output.MavenErrorHandler - 	at org.apache.maven.surefire.booter.ForkedBooter.execute(ForkedBooter.java:162)
08:09:23.251 [Thread-8] ERROR f.i.s.r.p.m.output.MavenErrorHandler - 	at org.apache.maven.surefire.booter.ForkedBooter.run(ForkedBooter.java:562)
08:09:23.251 [Thread-8] ERROR f.i.s.r.p.m.output.MavenErrorHandler - 	at org.apache.maven.surefire.booter.ForkedBooter.main(ForkedBooter.java:548)
08:10:36.647 [Thread-7] ERROR f.i.s.r.p.m.o.MavenFilterOutputHandler - [ERROR] WARNING: An illegal reflective access operation has occurred
08:10:36.647 [Thread-7] ERROR f.i.s.r.p.m.o.MavenFilterOutputHandler - [ERROR] WARNING: Illegal reflective access by org.codehaus.groovy.vmplugin.v7.Java7$1 (file:/root/workspace/apache-pinot-master-8384_repo/.m2/org/codehaus/groovy/groovy-all/2.4.21/groovy-all-2.4.21.jar) to constructor java.lang.invoke.MethodHandles$Lookup(java.lang.Class,int)
08:10:36.647 [Thread-7] ERROR f.i.s.r.p.m.o.MavenFilterOutputHandler - [ERROR] WARNING: Please consider reporting this to the maintainers of org.codehaus.groovy.vmplugin.v7.Java7$1
08:10:36.647 [Thread-7] ERROR f.i.s.r.p.m.o.MavenFilterOutputHandler - [ERROR] WARNING: Use --illegal-access=warn to enable warnings of further illegal reflective access operations
08:10:36.647 [Thread-7] ERROR f.i.s.r.p.m.o.MavenFilterOutputHandler - [ERROR] WARNING: All illegal access operations will be denied in a future release
08:10:50.264 [Thread-7] ERROR f.i.s.r.p.m.o.MavenFilterOutputHandler - [ERROR] WARNING: An illegal reflective access operation has occurred
08:10:50.265 [Thread-7] ERROR f.i.s.r.p.m.o.MavenFilterOutputHandler - [ERROR] WARNING: Illegal reflective access by org.codehaus.groovy.vmplugin.v7.Java7$1 (file:/root/workspace/apache-pinot-master-8384_repo/.m2/org/codehaus/groovy/groovy-all/2.4.21/groovy-all-2.4.21.jar) to constructor java.lang.invoke.MethodHandles$Lookup(java.lang.Class,int)
08:10:50.265 [Thread-7] ERROR f.i.s.r.p.m.o.MavenFilterOutputHandler - [ERROR] WARNING: Please consider reporting this to the maintainers of org.codehaus.groovy.vmplugin.v7.Java7$1
08:10:50.265 [Thread-7] ERROR f.i.s.r.p.m.o.MavenFilterOutputHandler - [ERROR] WARNING: Use --illegal-access=warn to enable warnings of further illegal reflective access operations
08:10:50.265 [Thread-7] ERROR f.i.s.r.p.m.o.MavenFilterOutputHandler - [ERROR] WARNING: All illegal access operations will be denied in a future release
08:10:53.986 [Thread-7] ERROR f.i.s.r.p.m.o.MavenFilterOutputHandler - [ERROR] WARNING: An illegal reflective access operation has occurred
08:10:53.986 [Thread-7] ERROR f.i.s.r.p.m.o.MavenFilterOutputHandler - [ERROR] WARNING: Illegal reflective access by org.codehaus.groovy.vmplugin.v7.Java7$1 (file:/root/workspace/apache-pinot-master-8384_repo/.m2/org/codehaus/groovy/groovy-all/2.4.21/groovy-all-2.4.21.jar) to constructor java.lang.invoke.MethodHandles$Lookup(java.lang.Class,int)
08:10:53.986 [Thread-7] ERROR f.i.s.r.p.m.o.MavenFilterOutputHandler - [ERROR] WARNING: Please consider reporting this to the maintainers of org.codehaus.groovy.vmplugin.v7.Java7$1
08:10:53.986 [Thread-7] ERROR f.i.s.r.p.m.o.MavenFilterOutputHandler - [ERROR] WARNING: Use --illegal-access=warn to enable warnings of further illegal reflective access operations
08:10:53.986 [Thread-7] ERROR f.i.s.r.p.m.o.MavenFilterOutputHandler - [ERROR] WARNING: All illegal access operations will be denied in a future release
08:10:56.008 [Thread-7] ERROR f.i.s.r.p.m.o.MavenFilterOutputHandler - [ERROR] WARNING: An illegal reflective access operation has occurred
08:10:56.008 [Thread-7] ERROR f.i.s.r.p.m.o.MavenFilterOutputHandler - [ERROR] WARNING: Illegal reflective access by org.codehaus.groovy.vmplugin.v7.Java7$1 (file:/root/workspace/apache-pinot-master-8384_repo/.m2/org/codehaus/groovy/groovy-all/2.4.21/groovy-all-2.4.21.jar) to constructor java.lang.invoke.MethodHandles$Lookup(java.lang.Class,int)
08:10:56.008 [Thread-7] ERROR f.i.s.r.p.m.o.MavenFilterOutputHandler - [ERROR] WARNING: Please consider reporting this to the maintainers of org.codehaus.groovy.vmplugin.v7.Java7$1
08:10:56.008 [Thread-7] ERROR f.i.s.r.p.m.o.MavenFilterOutputHandler - [ERROR] WARNING: Use --illegal-access=warn to enable warnings of further illegal reflective access operations
08:10:56.008 [Thread-7] ERROR f.i.s.r.p.m.o.MavenFilterOutputHandler - [ERROR] WARNING: All illegal access operations will be denied in a future release
08:11:50.335 [Thread-7] ERROR f.i.s.r.p.m.o.MavenFilterOutputHandler - [ERROR] WARNING: An illegal reflective access operation has occurred
08:11:50.335 [Thread-7] ERROR f.i.s.r.p.m.o.MavenFilterOutputHandler - [ERROR] WARNING: Illegal reflective access by org.codehaus.groovy.vmplugin.v7.Java7$1 (file:/root/workspace/apache-pinot-master-8384_repo/.m2/org/codehaus/groovy/groovy-all/2.4.21/groovy-all-2.4.21.jar) to constructor java.lang.invoke.MethodHandles$Lookup(java.lang.Class,int)
08:11:50.335 [Thread-7] ERROR f.i.s.r.p.m.o.MavenFilterOutputHandler - [ERROR] WARNING: Please consider reporting this to the maintainers of org.codehaus.groovy.vmplugin.v7.Java7$1
08:11:50.336 [Thread-7] ERROR f.i.s.r.p.m.o.MavenFilterOutputHandler - [ERROR] WARNING: Use --illegal-access=warn to enable warnings of further illegal reflective access operations
08:11:50.336 [Thread-7] ERROR f.i.s.r.p.m.o.MavenFilterOutputHandler - [ERROR] WARNING: All illegal access operations will be denied in a future release
08:12:30.153 [Thread-7] ERROR f.i.s.r.p.m.o.MavenFilterOutputHandler - [ERROR] WARNING: An illegal reflective access operation has occurred
08:12:30.153 [Thread-7] ERROR f.i.s.r.p.m.o.MavenFilterOutputHandler - [ERROR] WARNING: Illegal reflective access by xerial.larray.mmap.MMapBuffer (file:/root/workspace/apache-pinot-master-8384_repo/.m2/org/xerial/larray/larray-mmap/0.4.1/larray-mmap-0.4.1.jar) to field java.io.FileDescriptor.fd
08:12:30.153 [Thread-7] ERROR f.i.s.r.p.m.o.MavenFilterOutputHandler - [ERROR] WARNING: Please consider reporting this to the maintainers of xerial.larray.mmap.MMapBuffer
08:12:30.153 [Thread-7] ERROR f.i.s.r.p.m.o.MavenFilterOutputHandler - [ERROR] WARNING: Use --illegal-access=warn to enable warnings of further illegal reflective access operations
08:12:30.153 [Thread-7] ERROR f.i.s.r.p.m.o.MavenFilterOutputHandler - [ERROR] WARNING: All illegal access operations will be denied in a future release
08:16:47.158 [Thread-8] ERROR f.i.s.r.p.m.output.MavenErrorHandler - Exception in thread "Thread-2" org.apache.lucene.store.AlreadyClosedException: this IndexWriter is closed
08:16:47.158 [Thread-8] ERROR f.i.s.r.p.m.output.MavenErrorHandler - 	at org.apache.lucene.index.IndexWriter.ensureOpen(IndexWriter.java:681)
08:16:47.158 [Thread-8] ERROR f.i.s.r.p.m.output.MavenErrorHandler - 	at org.apache.lucene.index.IndexWriter.ensureOpen(IndexWriter.java:695)
08:16:47.158 [Thread-8] ERROR f.i.s.r.p.m.output.MavenErrorHandler - 	at org.apache.lucene.index.IndexWriter.getMaxCompletedSequenceNumber(IndexWriter.java:5176)
08:16:47.158 [Thread-8] ERROR f.i.s.r.p.m.output.MavenErrorHandler - 	at org.apache.lucene.search.ControlledRealTimeReopenThread.run(ControlledRealTimeReopenThread.java:234)
08:17:25.355 [Thread-7] ERROR f.i.s.r.p.m.o.MavenFilterOutputHandler - [ERROR] Tests run: 14, Failures: 2, Errors: 0, Skipped: 0, Time elapsed: 1.618 s <<< FAILURE! - in org.apache.pinot.queries.ExplainPlanQueriesTest
08:17:25.356 [Thread-7] ERROR f.i.s.r.p.m.o.MavenFilterOutputHandler - [ERROR] org.apache.pinot.queries.ExplainPlanQueriesTest.testSelect  Time elapsed: 0.464 s
08:17:25.356 [Thread-7] ERROR f.i.s.r.p.m.o.MavenFilterOutputHandler - [ERROR] org.apache.pinot.queries.ExplainPlanQueriesTest.testSelectAggregate  Time elapsed: 0.02 s
08:17:25.356 [Thread-7] ERROR f.i.s.r.p.m.o.MavenFilterOutputHandler - [ERROR] org.apache.pinot.queries.ExplainPlanQueriesTest.testSelectAggregateUsingFilterGroupBy  Time elapsed: 0.02 s
08:17:25.356 [Thread-7] ERROR f.i.s.r.p.m.o.MavenFilterOutputHandler - [ERROR] org.apache.pinot.queries.ExplainPlanQueriesTest.testSelectAggregateUsingFilterIndex  Time elapsed: 0.074 s
08:17:25.356 [Thread-7] ERROR f.i.s.r.p.m.o.MavenFilterOutputHandler - [ERROR] org.apache.pinot.queries.ExplainPlanQueriesTest.testSelectAggregateUsingFilterIndexGroupBy  Time elapsed: 0.001 s
08:17:25.356 [Thread-7] ERROR f.i.s.r.p.m.o.MavenFilterOutputHandler - [ERROR] org.apache.pinot.queries.ExplainPlanQueriesTest.testSelectAggregateUsingFilterIndexGroupByHaving  Time elapsed: 0.006 s
08:17:25.356 [Thread-7] ERROR f.i.s.r.p.m.o.MavenFilterOutputHandler - [ERROR] org.apache.pinot.queries.ExplainPlanQueriesTest.testSelectAggregateUsingFilterIndexGroupByOrderBy  Time elapsed: 0.007 s
08:17:25.356 [Thread-7] ERROR f.i.s.r.p.m.o.MavenFilterOutputHandler - [ERROR] org.apache.pinot.queries.ExplainPlanQueriesTest.testSelectAggregateUsingFilterOnTextIndexColumn  Time elapsed: 0.005 s  <<< FAILURE!
08:17:25.359 [Thread-7] ERROR f.i.s.r.p.m.o.MavenFilterOutputHandler - [ERROR] org.apache.pinot.queries.ExplainPlanQueriesTest.testSelectColumnUsingFilterOnJsonIndexColumn  Time elapsed: 0.009 s  <<< FAILURE!
08:17:25.360 [Thread-7] ERROR f.i.s.r.p.m.o.MavenFilterOutputHandler - [ERROR] org.apache.pinot.queries.ExplainPlanQueriesTest.testSelectColumnUsingFilterOnRangeIndexColumn  Time elapsed: 0.012 s
08:17:25.360 [Thread-7] ERROR f.i.s.r.p.m.o.MavenFilterOutputHandler - [ERROR] org.apache.pinot.queries.ExplainPlanQueriesTest.testSelectColumnsUsingFilter  Time elapsed: 0.008 s
08:17:25.360 [Thread-7] ERROR f.i.s.r.p.m.o.MavenFilterOutputHandler - [ERROR] org.apache.pinot.queries.ExplainPlanQueriesTest.testSelectColumnsUsingFilterOnInvertedIndexColumn  Time elapsed: 0.007 s
08:17:25.360 [Thread-7] ERROR f.i.s.r.p.m.o.MavenFilterOutputHandler - [ERROR] org.apache.pinot.queries.ExplainPlanQueriesTest.testSelectOrderBy  Time elapsed: 0.007 s
08:17:25.360 [Thread-7] ERROR f.i.s.r.p.m.o.MavenFilterOutputHandler - [ERROR] org.apache.pinot.queries.ExplainPlanQueriesTest.testSelectTransformFunction  Time elapsed: 0.003 s
08:19:45.267 [Thread-7] ERROR f.i.s.r.p.m.o.MavenFilterOutputHandler - [ERROR] WARNING: An illegal reflective access operation has occurred
08:19:45.267 [Thread-7] ERROR f.i.s.r.p.m.o.MavenFilterOutputHandler - [ERROR] WARNING: Illegal reflective access by org.codehaus.groovy.vmplugin.v7.Java7$1 (file:/root/workspace/apache-pinot-master-8384_repo/.m2/org/codehaus/groovy/groovy-all/2.4.21/groovy-all-2.4.21.jar) to constructor java.lang.invoke.MethodHandles$Lookup(java.lang.Class,int)
08:19:45.267 [Thread-7] ERROR f.i.s.r.p.m.o.MavenFilterOutputHandler - [ERROR] WARNING: Please consider reporting this to the maintainers of org.codehaus.groovy.vmplugin.v7.Java7$1
08:19:45.267 [Thread-7] ERROR f.i.s.r.p.m.o.MavenFilterOutputHandler - [ERROR] WARNING: Use --illegal-access=warn to enable warnings of further illegal reflective access operations
08:19:45.267 [Thread-7] ERROR f.i.s.r.p.m.o.MavenFilterOutputHandler - [ERROR] WARNING: All illegal access operations will be denied in a future release
08:20:58.618 [Thread-7] ERROR f.i.s.r.p.m.o.MavenFilterOutputHandler - [ERROR] WARNING: An illegal reflective access operation has occurred
08:20:58.618 [Thread-7] ERROR f.i.s.r.p.m.o.MavenFilterOutputHandler - [ERROR] WARNING: Illegal reflective access by org.codehaus.groovy.vmplugin.v7.Java7$1 (file:/root/workspace/apache-pinot-master-8384_repo/.m2/org/codehaus/groovy/groovy-all/2.4.21/groovy-all-2.4.21.jar) to constructor java.lang.invoke.MethodHandles$Lookup(java.lang.Class,int)
08:20:58.618 [Thread-7] ERROR f.i.s.r.p.m.o.MavenFilterOutputHandler - [ERROR] WARNING: Please consider reporting this to the maintainers of org.codehaus.groovy.vmplugin.v7.Java7$1
08:20:58.619 [Thread-7] ERROR f.i.s.r.p.m.o.MavenFilterOutputHandler - [ERROR] WARNING: Use --illegal-access=warn to enable warnings of further illegal reflective access operations
08:20:58.619 [Thread-7] ERROR f.i.s.r.p.m.o.MavenFilterOutputHandler - [ERROR] WARNING: All illegal access operations will be denied in a future release
08:20:59.417 [Thread-7] ERROR f.i.s.r.p.m.o.MavenFilterOutputHandler - [ERROR] WARNING: An illegal reflective access operation has occurred
08:20:59.418 [Thread-7] ERROR f.i.s.r.p.m.o.MavenFilterOutputHandler - [ERROR] WARNING: Illegal reflective access by org.codehaus.groovy.vmplugin.v7.Java7$1 (file:/root/workspace/apache-pinot-master-8384_repo/.m2/org/codehaus/groovy/groovy-all/2.4.21/groovy-all-2.4.21.jar) to constructor java.lang.invoke.MethodHandles$Lookup(java.lang.Class,int)
08:20:59.418 [Thread-7] ERROR f.i.s.r.p.m.o.MavenFilterOutputHandler - [ERROR] WARNING: Please consider reporting this to the maintainers of org.codehaus.groovy.vmplugin.v7.Java7$1
08:20:59.418 [Thread-7] ERROR f.i.s.r.p.m.o.MavenFilterOutputHandler - [ERROR] WARNING: Use --illegal-access=warn to enable warnings of further illegal reflective access operations
08:20:59.418 [Thread-7] ERROR f.i.s.r.p.m.o.MavenFilterOutputHandler - [ERROR] WARNING: All illegal access operations will be denied in a future release
08:21:04.500 [Thread-7] ERROR f.i.s.r.p.m.o.MavenFilterOutputHandler - [ERROR] WARNING: An illegal reflective access operation has occurred
08:21:04.500 [Thread-7] ERROR f.i.s.r.p.m.o.MavenFilterOutputHandler - [ERROR] WARNING: Illegal reflective access by org.codehaus.groovy.vmplugin.v7.Java7$1 (file:/root/workspace/apache-pinot-master-8384_repo/.m2/org/codehaus/groovy/groovy-all/2.4.21/groovy-all-2.4.21.jar) to constructor java.lang.invoke.MethodHandles$Lookup(java.lang.Class,int)
08:21:04.500 [Thread-7] ERROR f.i.s.r.p.m.o.MavenFilterOutputHandler - [ERROR] WARNING: Please consider reporting this to the maintainers of org.codehaus.groovy.vmplugin.v7.Java7$1
08:21:04.500 [Thread-7] ERROR f.i.s.r.p.m.o.MavenFilterOutputHandler - [ERROR] WARNING: Use --illegal-access=warn to enable warnings of further illegal reflective access operations
08:21:04.500 [Thread-7] ERROR f.i.s.r.p.m.o.MavenFilterOutputHandler - [ERROR] WARNING: All illegal access operations will be denied in a future release
08:21:52.469 [Thread-7] ERROR f.i.s.r.p.m.o.MavenFilterOutputHandler - [ERROR] WARNING: An illegal reflective access operation has occurred
08:21:52.469 [Thread-7] ERROR f.i.s.r.p.m.o.MavenFilterOutputHandler - [ERROR] WARNING: Illegal reflective access by org.codehaus.groovy.vmplugin.v7.Java7$1 (file:/root/workspace/apache-pinot-master-8384_repo/.m2/org/codehaus/groovy/groovy-all/2.4.21/groovy-all-2.4.21.jar) to constructor java.lang.invoke.MethodHandles$Lookup(java.lang.Class,int)
08:21:52.470 [Thread-7] ERROR f.i.s.r.p.m.o.MavenFilterOutputHandler - [ERROR] WARNING: Please consider reporting this to the maintainers of org.codehaus.groovy.vmplugin.v7.Java7$1
08:21:52.470 [Thread-7] ERROR f.i.s.r.p.m.o.MavenFilterOutputHandler - [ERROR] WARNING: Use --illegal-access=warn to enable warnings of further illegal reflective access operations
08:21:52.470 [Thread-7] ERROR f.i.s.r.p.m.o.MavenFilterOutputHandler - [ERROR] WARNING: All illegal access operations will be denied in a future release
08:22:58.437 [Thread-7] ERROR f.i.s.r.p.m.o.MavenFilterOutputHandler - [ERROR] WARNING: An illegal reflective access operation has occurred
08:22:58.438 [Thread-7] ERROR f.i.s.r.p.m.o.MavenFilterOutputHandler - [ERROR] WARNING: Illegal reflective access by org.codehaus.groovy.vmplugin.v7.Java7$1 (file:/root/workspace/apache-pinot-master-8384_repo/.m2/org/codehaus/groovy/groovy-all/2.4.21/groovy-all-2.4.21.jar) to constructor java.lang.invoke.MethodHandles$Lookup(java.lang.Class,int)
08:22:58.438 [Thread-7] ERROR f.i.s.r.p.m.o.MavenFilterOutputHandler - [ERROR] WARNING: Please consider reporting this to the maintainers of org.codehaus.groovy.vmplugin.v7.Java7$1
08:22:58.438 [Thread-7] ERROR f.i.s.r.p.m.o.MavenFilterOutputHandler - [ERROR] WARNING: Use --illegal-access=warn to enable warnings of further illegal reflective access operations
08:22:58.438 [Thread-7] ERROR f.i.s.r.p.m.o.MavenFilterOutputHandler - [ERROR] WARNING: All illegal access operations will be denied in a future release
08:23:37.195 [Thread-7] ERROR f.i.s.r.p.m.o.MavenFilterOutputHandler - [ERROR] Failures: 
08:23:37.195 [Thread-7] ERROR f.i.s.r.p.m.o.MavenFilterOutputHandler - [ERROR]   ExplainPlanQueriesTest.testSelectAggregateUsingFilterOnTextIndexColumn:476->check:185->BaseQueriesTest.getBrokerResponseForSqlQuery:174->BaseQueriesTest.getBrokerResponseForSqlQuery:209->BaseQueriesTest.getBrokerResponse:226 » IllegalState
08:23:37.196 [Thread-7] ERROR f.i.s.r.p.m.o.MavenFilterOutputHandler - [ERROR]   ExplainPlanQueriesTest.testSelectColumnUsingFilterOnJsonIndexColumn:514->check:185->BaseQueriesTest.getBrokerResponseForSqlQuery:174->BaseQueriesTest.getBrokerResponseForSqlQuery:209->BaseQueriesTest.getBrokerResponse:226 » IllegalState
08:23:37.196 [Thread-7] ERROR f.i.s.r.p.m.o.MavenFilterOutputHandler - [ERROR] Tests run: 1425, Failures: 2, Errors: 0, Skipped: 0
08:23:37.237 [Thread-7] ERROR f.i.s.r.p.m.o.MavenFilterOutputHandler - [ERROR] Failed to execute goal org.apache.maven.plugins:maven-surefire-plugin:3.0.0-M5:test (default-test) on project pinot-core: There are test failures.
08:23:37.237 [Thread-7] ERROR f.i.s.r.p.m.o.MavenFilterOutputHandler - [ERROR] 
08:23:37.237 [Thread-7] ERROR f.i.s.r.p.m.o.MavenFilterOutputHandler - [ERROR] Please refer to /root/workspace/apache-pinot-master-8384_repo/pinot-core/target/surefire-reports for the individual test results.
08:23:37.237 [Thread-7] ERROR f.i.s.r.p.m.o.MavenFilterOutputHandler - [ERROR] Please refer to dump files (if any exist) [date].dump, [date]-jvmRun[N].dump and [date].dumpstream.
08:23:37.237 [Thread-7] ERROR f.i.s.r.p.m.o.MavenFilterOutputHandler - [ERROR] -> [Help 1]
08:23:37.241 [Thread-7] ERROR f.i.s.r.p.m.o.MavenFilterOutputHandler - [ERROR] 
08:23:37.241 [Thread-7] ERROR f.i.s.r.p.m.o.MavenFilterOutputHandler - [ERROR] Re-run Maven using the -X switch to enable full debug logging.
08:23:37.241 [Thread-7] ERROR f.i.s.r.p.m.o.MavenFilterOutputHandler - [ERROR] 
08:23:37.241 [Thread-7] ERROR f.i.s.r.p.m.o.MavenFilterOutputHandler - [ERROR] For more information about the errors and possible solutions, please read the following articles:
08:23:37.241 [Thread-7] ERROR f.i.s.r.p.m.o.MavenFilterOutputHandler - [ERROR] [Help 1] http://cwiki.apache.org/confluence/display/MAVEN/MojoFailureException
08:23:37.241 [Thread-7] ERROR f.i.s.r.p.m.o.MavenFilterOutputHandler - [ERROR] 
08:23:37.241 [Thread-7] ERROR f.i.s.r.p.m.o.MavenFilterOutputHandler - [ERROR] After correcting the problems, you can resume the build with the command
08:23:37.241 [Thread-7] ERROR f.i.s.r.p.m.o.MavenFilterOutputHandler - [ERROR]   mvn <goals> -rf :pinot-core
08:23:42.525 [main] ERROR f.i.s.r.p.s.paths.ComputeClasspath - The classpath file is empty.
08:23:42.525 [main] ERROR f.i.s.r.p.s.paths.ComputeClasspath - The classpath seems not to contain JUnit, maybe this project does not use JUnit for testing.
08:23:42.525 [main] ERROR f.i.s.r.p.s.paths.ComputeClasspath - The file does not exist: /root/./workspace/apache-pinot-master-8384_repo/target/classes.
08:23:42.526 [main] ERROR f.i.s.r.p.s.paths.ComputeClasspath - The file does not exist: /root/./workspace/apache-pinot-master-8384_repo/target/test-classes.
08:23:42.651 [main] ERROR f.i.s.r.p.s.paths.ComputeSourceDir - The source directory is not at default location or specified in build section from pom.xml, and no parent can be found.
08:23:42.655 [main] ERROR f.i.s.r.p.s.paths.ComputeSourceDir - The source directory is not at default location or specified in build section from pom.xml, and no parent can be found.
08:23:42.664 [main] INFO  f.i.s.r.p.s.paths.ComputeSourceDir - 49 source dirs were found:
08:23:42.664 [main] INFO  f.i.s.r.p.s.paths.ComputeSourceDir - /root/workspace/apache-pinot-master-8384_repo/contrib/pinot-fmpp-maven-plugin/src/main/java
08:23:42.664 [main] INFO  f.i.s.r.p.s.paths.ComputeSourceDir - /root/workspace/apache-pinot-master-8384_repo/pinot-broker/src/main/java
08:23:42.664 [main] INFO  f.i.s.r.p.s.paths.ComputeSourceDir - /root/workspace/apache-pinot-master-8384_repo/pinot-clients/pinot-java-client/src/main/java
08:23:42.664 [main] INFO  f.i.s.r.p.s.paths.ComputeSourceDir - /root/workspace/apache-pinot-master-8384_repo/pinot-clients/pinot-jdbc-client/src/main/java
08:23:42.664 [main] INFO  f.i.s.r.p.s.paths.ComputeSourceDir - /root/workspace/apache-pinot-master-8384_repo/pinot-common/src/main/java
08:23:42.664 [main] INFO  f.i.s.r.p.s.paths.ComputeSourceDir - /root/workspace/apache-pinot-master-8384_repo/pinot-compatibility-verifier/src/main/java
08:23:42.664 [main] INFO  f.i.s.r.p.s.paths.ComputeSourceDir - /root/workspace/apache-pinot-master-8384_repo/pinot-connectors/pinot-flink-connector/src/main/java
08:23:42.664 [main] INFO  f.i.s.r.p.s.paths.ComputeSourceDir - /root/workspace/apache-pinot-master-8384_repo/pinot-connectors/pinot-spark-connector/src/main/scala
08:23:42.664 [main] INFO  f.i.s.r.p.s.paths.ComputeSourceDir - /root/workspace/apache-pinot-master-8384_repo/pinot-controller/src/main/java
08:23:42.664 [main] INFO  f.i.s.r.p.s.paths.ComputeSourceDir - /root/workspace/apache-pinot-master-8384_repo/pinot-core/src/main/java
08:23:42.664 [main] INFO  f.i.s.r.p.s.paths.ComputeSourceDir - /root/workspace/apache-pinot-master-8384_repo/pinot-integration-tests/src/main/java
08:23:42.664 [main] INFO  f.i.s.r.p.s.paths.ComputeSourceDir - /root/workspace/apache-pinot-master-8384_repo/pinot-minion/src/main/java
08:23:42.664 [main] INFO  f.i.s.r.p.s.paths.ComputeSourceDir - /root/workspace/apache-pinot-master-8384_repo/pinot-perf/src/main/java
08:23:42.664 [main] INFO  f.i.s.r.p.s.paths.ComputeSourceDir - /root/workspace/apache-pinot-master-8384_repo/pinot-plugins/pinot-batch-ingestion/pinot-batch-ingestion-common/src/main/java
08:23:42.664 [main] INFO  f.i.s.r.p.s.paths.ComputeSourceDir - /root/workspace/apache-pinot-master-8384_repo/pinot-plugins/pinot-batch-ingestion/pinot-batch-ingestion-hadoop/src/main/java
08:23:42.664 [main] INFO  f.i.s.r.p.s.paths.ComputeSourceDir - /root/workspace/apache-pinot-master-8384_repo/pinot-plugins/pinot-batch-ingestion/pinot-batch-ingestion-spark/src/main/java
08:23:42.664 [main] INFO  f.i.s.r.p.s.paths.ComputeSourceDir - /root/workspace/apache-pinot-master-8384_repo/pinot-plugins/pinot-batch-ingestion/pinot-batch-ingestion-standalone/src/main/java
08:23:42.664 [main] INFO  f.i.s.r.p.s.paths.ComputeSourceDir - /root/workspace/apache-pinot-master-8384_repo/pinot-plugins/pinot-batch-ingestion/v0_deprecated/pinot-hadoop/src/main/java
08:23:42.665 [main] INFO  f.i.s.r.p.s.paths.ComputeSourceDir - /root/workspace/apache-pinot-master-8384_repo/pinot-plugins/pinot-batch-ingestion/v0_deprecated/pinot-ingestion-common/src/main/java
08:23:42.665 [main] INFO  f.i.s.r.p.s.paths.ComputeSourceDir - /root/workspace/apache-pinot-master-8384_repo/pinot-plugins/pinot-batch-ingestion/v0_deprecated/pinot-spark/src/main/java
08:23:42.665 [main] INFO  f.i.s.r.p.s.paths.ComputeSourceDir - /root/workspace/apache-pinot-master-8384_repo/pinot-plugins/pinot-environment/pinot-azure/src/main/java
08:23:42.665 [main] INFO  f.i.s.r.p.s.paths.ComputeSourceDir - /root/workspace/apache-pinot-master-8384_repo/pinot-plugins/pinot-file-system/pinot-adls/src/main/java
08:23:42.665 [main] INFO  f.i.s.r.p.s.paths.ComputeSourceDir - /root/workspace/apache-pinot-master-8384_repo/pinot-plugins/pinot-file-system/pinot-gcs/src/main/java
08:23:42.665 [main] INFO  f.i.s.r.p.s.paths.ComputeSourceDir - /root/workspace/apache-pinot-master-8384_repo/pinot-plugins/pinot-file-system/pinot-hdfs/src/main/java
08:23:42.665 [main] INFO  f.i.s.r.p.s.paths.ComputeSourceDir - /root/workspace/apache-pinot-master-8384_repo/pinot-plugins/pinot-file-system/pinot-s3/src/main/java
08:23:42.665 [main] INFO  f.i.s.r.p.s.paths.ComputeSourceDir - /root/workspace/apache-pinot-master-8384_repo/pinot-plugins/pinot-input-format/pinot-avro-base/src/main/java
08:23:42.665 [main] INFO  f.i.s.r.p.s.paths.ComputeSourceDir - /root/workspace/apache-pinot-master-8384_repo/pinot-plugins/pinot-input-format/pinot-avro/src/main/java
08:23:42.665 [main] INFO  f.i.s.r.p.s.paths.ComputeSourceDir - /root/workspace/apache-pinot-master-8384_repo/pinot-plugins/pinot-input-format/pinot-confluent-avro/src/main/java
08:23:42.665 [main] INFO  f.i.s.r.p.s.paths.ComputeSourceDir - /root/workspace/apache-pinot-master-8384_repo/pinot-plugins/pinot-input-format/pinot-csv/src/main/java
08:23:42.665 [main] INFO  f.i.s.r.p.s.paths.ComputeSourceDir - /root/workspace/apache-pinot-master-8384_repo/pinot-plugins/pinot-input-format/pinot-json/src/main/java
08:23:42.665 [main] INFO  f.i.s.r.p.s.paths.ComputeSourceDir - /root/workspace/apache-pinot-master-8384_repo/pinot-plugins/pinot-input-format/pinot-orc/src/main/java
08:23:42.665 [main] INFO  f.i.s.r.p.s.paths.ComputeSourceDir - /root/workspace/apache-pinot-master-8384_repo/pinot-plugins/pinot-input-format/pinot-parquet/src/main/java
08:23:42.665 [main] INFO  f.i.s.r.p.s.paths.ComputeSourceDir - /root/workspace/apache-pinot-master-8384_repo/pinot-plugins/pinot-input-format/pinot-protobuf/src/main/java
08:23:42.665 [main] INFO  f.i.s.r.p.s.paths.ComputeSourceDir - /root/workspace/apache-pinot-master-8384_repo/pinot-plugins/pinot-input-format/pinot-thrift/src/main/java
08:23:42.665 [main] INFO  f.i.s.r.p.s.paths.ComputeSourceDir - /root/workspace/apache-pinot-master-8384_repo/pinot-plugins/pinot-metrics/pinot-dropwizard/src/main/java
08:23:42.665 [main] INFO  f.i.s.r.p.s.paths.ComputeSourceDir - /root/workspace/apache-pinot-master-8384_repo/pinot-plugins/pinot-metrics/pinot-yammer/src/main/java
08:23:42.665 [main] INFO  f.i.s.r.p.s.paths.ComputeSourceDir - /root/workspace/apache-pinot-master-8384_repo/pinot-plugins/pinot-minion-tasks/pinot-minion-builtin-tasks/src/main/java
08:23:42.665 [main] INFO  f.i.s.r.p.s.paths.ComputeSourceDir - /root/workspace/apache-pinot-master-8384_repo/pinot-plugins/pinot-segment-uploader/pinot-segment-uploader-default/src/main/java
08:23:42.665 [main] INFO  f.i.s.r.p.s.paths.ComputeSourceDir - /root/workspace/apache-pinot-master-8384_repo/pinot-plugins/pinot-segment-writer/pinot-segment-writer-file-based/src/main/java
08:23:42.665 [main] INFO  f.i.s.r.p.s.paths.ComputeSourceDir - /root/workspace/apache-pinot-master-8384_repo/pinot-plugins/pinot-stream-ingestion/pinot-kafka-0.9/src/main/java
08:23:42.665 [main] INFO  f.i.s.r.p.s.paths.ComputeSourceDir - /root/workspace/apache-pinot-master-8384_repo/pinot-plugins/pinot-stream-ingestion/pinot-kafka-2.0/src/main/java
08:23:42.665 [main] INFO  f.i.s.r.p.s.paths.ComputeSourceDir - /root/workspace/apache-pinot-master-8384_repo/pinot-plugins/pinot-stream-ingestion/pinot-kafka-base/src/main/java
08:23:42.665 [main] INFO  f.i.s.r.p.s.paths.ComputeSourceDir - /root/workspace/apache-pinot-master-8384_repo/pinot-plugins/pinot-stream-ingestion/pinot-kinesis/src/main/java
08:23:42.665 [main] INFO  f.i.s.r.p.s.paths.ComputeSourceDir - /root/workspace/apache-pinot-master-8384_repo/pinot-plugins/pinot-stream-ingestion/pinot-pulsar/src/main/java
08:23:42.665 [main] INFO  f.i.s.r.p.s.paths.ComputeSourceDir - /root/workspace/apache-pinot-master-8384_repo/pinot-segment-local/src/main/java
08:23:42.665 [main] INFO  f.i.s.r.p.s.paths.ComputeSourceDir - /root/workspace/apache-pinot-master-8384_repo/pinot-segment-spi/src/main/java
08:23:42.665 [main] INFO  f.i.s.r.p.s.paths.ComputeSourceDir - /root/workspace/apache-pinot-master-8384_repo/pinot-server/src/main/java
08:23:42.665 [main] INFO  f.i.s.r.p.s.paths.ComputeSourceDir - /root/workspace/apache-pinot-master-8384_repo/pinot-spi/src/main/java
08:23:42.665 [main] INFO  f.i.s.r.p.s.paths.ComputeSourceDir - /root/workspace/apache-pinot-master-8384_repo/pinot-tools/src/main/java
08:23:42.727 [main] ERROR f.i.s.r.p.step.paths.ComputeTestDir - The test directory is not at default location or specified in build section from pom.xml, and no parent can be found.
08:23:42.735 [main] ERROR f.i.s.r.p.step.paths.ComputeTestDir - The test directory is not at default location or specified in build section from pom.xml, and no parent can be found.
08:23:42.784 [main] ERROR f.i.s.r.process.maven.MavenHelper - Error while building complete model. The raw model will be used. Error message: 1 problem was encountered while building the effective model for org.apache.pinot:pinot-s3:0.11.0-SNAPSHOT
[ERROR] Failed to determine Java version for profile disable-java8-doclint @ software.amazon.awssdk:aws-sdk-java-pom:2.14.28

08:23:42.804 [main] ERROR f.i.s.r.p.step.paths.ComputeTestDir - The test directory is not at default location or specified in build section from pom.xml, and no parent can be found.
08:23:42.820 [main] ERROR f.i.s.r.p.step.paths.ComputeTestDir - The test directory is not at default location or specified in build section from pom.xml, and no parent can be found.
08:23:42.848 [main] ERROR f.i.s.r.process.maven.MavenHelper - Error while building complete model. The raw model will be used. Error message: 1 problem was encountered while building the effective model for org.apache.pinot:pinot-kinesis:0.11.0-SNAPSHOT
[ERROR] Failed to determine Java version for profile disable-java8-doclint @ software.amazon.awssdk:aws-sdk-java-pom:2.14.28

08:23:42.865 [main] ERROR f.i.s.r.p.step.paths.ComputeTestDir - The test directory is not at default location or specified in build section from pom.xml, and no parent can be found.
08:23:42.869 [main] ERROR f.i.s.r.p.step.paths.ComputeTestDir - The test directory is not at default location or specified in build section from pom.xml, and no parent can be found.
08:23:42.869 [main] ERROR f.i.s.r.p.step.paths.ComputeTestDir - The test directory is not at default location or specified in build section from pom.xml, and no parent can be found.
08:23:42.881 [main] ERROR f.i.s.r.p.step.paths.ComputeTestDir - The test directory is not at default location or specified in build section from pom.xml, and no parent can be found.
08:23:42.881 [main] ERROR f.i.s.r.p.step.paths.ComputeTestDir - The test directory is not at default location or specified in build section from pom.xml, and no parent can be found.
08:23:42.893 [main] ERROR f.i.s.r.p.step.paths.ComputeTestDir - The test directory is not at default location or specified in build section from pom.xml, and no parent can be found.
08:23:42.902 [main] ERROR f.i.s.r.p.step.paths.ComputeTestDir - The test directory is not at default location or specified in build section from pom.xml, and no parent can be found.
08:23:42.916 [main] ERROR f.i.s.r.p.step.paths.ComputeTestDir - The test directory is not at default location or specified in build section from pom.xml, and no parent can be found.
08:23:42.919 [main] ERROR f.i.s.r.p.step.paths.ComputeTestDir - The test directory is not at default location or specified in build section from pom.xml, and no parent can be found.
08:23:42.919 [main] INFO  f.i.s.r.p.step.paths.ComputeTestDir - 40 test dirs were found:
08:23:42.919 [main] INFO  f.i.s.r.p.step.paths.ComputeTestDir - /root/workspace/apache-pinot-master-8384_repo/pinot-broker/src/test/java
08:23:42.919 [main] INFO  f.i.s.r.p.step.paths.ComputeTestDir - /root/workspace/apache-pinot-master-8384_repo/pinot-clients/pinot-java-client/src/test/java
08:23:42.919 [main] INFO  f.i.s.r.p.step.paths.ComputeTestDir - /root/workspace/apache-pinot-master-8384_repo/pinot-clients/pinot-jdbc-client/src/test/java
08:23:42.919 [main] INFO  f.i.s.r.p.step.paths.ComputeTestDir - /root/workspace/apache-pinot-master-8384_repo/pinot-common/src/test/java
08:23:42.919 [main] INFO  f.i.s.r.p.step.paths.ComputeTestDir - /root/workspace/apache-pinot-master-8384_repo/pinot-connectors/pinot-flink-connector/src/test/java
08:23:42.919 [main] INFO  f.i.s.r.p.step.paths.ComputeTestDir - /root/workspace/apache-pinot-master-8384_repo/pinot-connectors/pinot-spark-connector/src/test/scala
08:23:42.919 [main] INFO  f.i.s.r.p.step.paths.ComputeTestDir - /root/workspace/apache-pinot-master-8384_repo/pinot-controller/src/test/java
08:23:42.919 [main] INFO  f.i.s.r.p.step.paths.ComputeTestDir - /root/workspace/apache-pinot-master-8384_repo/pinot-core/src/test/java
08:23:42.919 [main] INFO  f.i.s.r.p.step.paths.ComputeTestDir - /root/workspace/apache-pinot-master-8384_repo/pinot-integration-test-base/src/test/java
08:23:42.919 [main] INFO  f.i.s.r.p.step.paths.ComputeTestDir - /root/workspace/apache-pinot-master-8384_repo/pinot-integration-tests/src/test/java
08:23:42.919 [main] INFO  f.i.s.r.p.step.paths.ComputeTestDir - /root/workspace/apache-pinot-master-8384_repo/pinot-minion/src/test/java
08:23:42.920 [main] INFO  f.i.s.r.p.step.paths.ComputeTestDir - /root/workspace/apache-pinot-master-8384_repo/pinot-plugins/pinot-batch-ingestion/pinot-batch-ingestion-common/src/test/java
08:23:42.920 [main] INFO  f.i.s.r.p.step.paths.ComputeTestDir - /root/workspace/apache-pinot-master-8384_repo/pinot-plugins/pinot-batch-ingestion/pinot-batch-ingestion-hadoop/src/test/java
08:23:42.920 [main] INFO  f.i.s.r.p.step.paths.ComputeTestDir - /root/workspace/apache-pinot-master-8384_repo/pinot-plugins/pinot-batch-ingestion/pinot-batch-ingestion-standalone/src/test/java
08:23:42.920 [main] INFO  f.i.s.r.p.step.paths.ComputeTestDir - /root/workspace/apache-pinot-master-8384_repo/pinot-plugins/pinot-batch-ingestion/v0_deprecated/pinot-hadoop/src/test/java
08:23:42.920 [main] INFO  f.i.s.r.p.step.paths.ComputeTestDir - /root/workspace/apache-pinot-master-8384_repo/pinot-plugins/pinot-batch-ingestion/v0_deprecated/pinot-spark/src/test/java
08:23:42.920 [main] INFO  f.i.s.r.p.step.paths.ComputeTestDir - /root/workspace/apache-pinot-master-8384_repo/pinot-plugins/pinot-environment/pinot-azure/src/test/java
08:23:42.920 [main] INFO  f.i.s.r.p.step.paths.ComputeTestDir - /root/workspace/apache-pinot-master-8384_repo/pinot-plugins/pinot-file-system/pinot-adls/src/test/java
08:23:42.920 [main] INFO  f.i.s.r.p.step.paths.ComputeTestDir - /root/workspace/apache-pinot-master-8384_repo/pinot-plugins/pinot-file-system/pinot-gcs/src/test/java
08:23:42.920 [main] INFO  f.i.s.r.p.step.paths.ComputeTestDir - /root/workspace/apache-pinot-master-8384_repo/pinot-plugins/pinot-file-system/pinot-hdfs/src/test/java
08:23:42.920 [main] INFO  f.i.s.r.p.step.paths.ComputeTestDir - /root/workspace/apache-pinot-master-8384_repo/pinot-plugins/pinot-file-system/pinot-s3/src/test/java
08:23:42.920 [main] INFO  f.i.s.r.p.step.paths.ComputeTestDir - /root/workspace/apache-pinot-master-8384_repo/pinot-plugins/pinot-input-format/pinot-avro-base/src/test/java
08:23:42.920 [main] INFO  f.i.s.r.p.step.paths.ComputeTestDir - /root/workspace/apache-pinot-master-8384_repo/pinot-plugins/pinot-input-format/pinot-csv/src/test/java
08:23:42.920 [main] INFO  f.i.s.r.p.step.paths.ComputeTestDir - /root/workspace/apache-pinot-master-8384_repo/pinot-plugins/pinot-input-format/pinot-json/src/test/java
08:23:42.920 [main] INFO  f.i.s.r.p.step.paths.ComputeTestDir - /root/workspace/apache-pinot-master-8384_repo/pinot-plugins/pinot-input-format/pinot-orc/src/test/java
08:23:42.920 [main] INFO  f.i.s.r.p.step.paths.ComputeTestDir - /root/workspace/apache-pinot-master-8384_repo/pinot-plugins/pinot-input-format/pinot-parquet/src/test/java
08:23:42.920 [main] INFO  f.i.s.r.p.step.paths.ComputeTestDir - /root/workspace/apache-pinot-master-8384_repo/pinot-plugins/pinot-input-format/pinot-protobuf/src/test/java
08:23:42.920 [main] INFO  f.i.s.r.p.step.paths.ComputeTestDir - /root/workspace/apache-pinot-master-8384_repo/pinot-plugins/pinot-input-format/pinot-thrift/src/test/java
08:23:42.920 [main] INFO  f.i.s.r.p.step.paths.ComputeTestDir - /root/workspace/apache-pinot-master-8384_repo/pinot-plugins/pinot-minion-tasks/pinot-minion-builtin-tasks/src/test/java
08:23:42.920 [main] INFO  f.i.s.r.p.step.paths.ComputeTestDir - /root/workspace/apache-pinot-master-8384_repo/pinot-plugins/pinot-segment-writer/pinot-segment-writer-file-based/src/test/java
08:23:42.920 [main] INFO  f.i.s.r.p.step.paths.ComputeTestDir - /root/workspace/apache-pinot-master-8384_repo/pinot-plugins/pinot-stream-ingestion/pinot-kafka-0.9/src/test/java
08:23:42.920 [main] INFO  f.i.s.r.p.step.paths.ComputeTestDir - /root/workspace/apache-pinot-master-8384_repo/pinot-plugins/pinot-stream-ingestion/pinot-kafka-2.0/src/test/java
08:23:42.920 [main] INFO  f.i.s.r.p.step.paths.ComputeTestDir - /root/workspace/apache-pinot-master-8384_repo/pinot-plugins/pinot-stream-ingestion/pinot-kafka-base/src/test/java
08:23:42.920 [main] INFO  f.i.s.r.p.step.paths.ComputeTestDir - /root/workspace/apache-pinot-master-8384_repo/pinot-plugins/pinot-stream-ingestion/pinot-kinesis/src/test/java
08:23:42.920 [main] INFO  f.i.s.r.p.step.paths.ComputeTestDir - /root/workspace/apache-pinot-master-8384_repo/pinot-plugins/pinot-stream-ingestion/pinot-pulsar/src/test/java
08:23:42.920 [main] INFO  f.i.s.r.p.step.paths.ComputeTestDir - /root/workspace/apache-pinot-master-8384_repo/pinot-segment-local/src/test/java
08:23:42.920 [main] INFO  f.i.s.r.p.step.paths.ComputeTestDir - /root/workspace/apache-pinot-master-8384_repo/pinot-segment-spi/src/test/java
08:23:42.920 [main] INFO  f.i.s.r.p.step.paths.ComputeTestDir - /root/workspace/apache-pinot-master-8384_repo/pinot-server/src/test/java
08:23:42.920 [main] INFO  f.i.s.r.p.step.paths.ComputeTestDir - /root/workspace/apache-pinot-master-8384_repo/pinot-spi/src/test/java
08:23:42.920 [main] INFO  f.i.s.r.p.step.paths.ComputeTestDir - /root/workspace/apache-pinot-master-8384_repo/pinot-tools/src/test/java
08:23:43.656 [main] INFO  f.i.s.r.p.s.g.GatherTestInformation - Get the following failing module path: /root/workspace/apache-pinot-master-8384_repo/pinot-core
08:23:43.657 [main] INFO  f.i.s.r.p.s.g.GatherTestInformation - ---Test results---
08:23:43.657 [main] INFO  f.i.s.r.p.s.g.GatherTestInformation -    Total tests: 4216
08:23:43.657 [main] INFO  f.i.s.r.p.s.g.GatherTestInformation -    Tests run: 4216
08:23:43.657 [main] INFO  f.i.s.r.p.s.g.GatherTestInformation -    Tests passing: 4214
08:23:43.657 [main] INFO  f.i.s.r.p.s.g.GatherTestInformation -    Failures: 2
08:23:43.657 [main] INFO  f.i.s.r.p.s.g.GatherTestInformation -    Errors: 0
08:23:43.657 [main] INFO  f.i.s.r.p.s.g.GatherTestInformation -    Skipped: 0
[0] INFO Flacoco - Running Flacoco...
[22] WARN TestMethodFilter - NoClassDefFoundError: class org.apache.pinot.server.access.AllowAllAccessFactory
[23] WARN TestMethodFilter - NoClassDefFoundError: class org.apache.pinot.server.access.BasicAuthAccessFactory
[23] WARN TestMethodFilter - NoClassDefFoundError: class org.apache.pinot.server.realtime.ServerSegmentCompletionProtocolHandler
[24] WARN TestMethodFilter - NoClassDefFoundError: class org.apache.pinot.server.realtime.ControllerLeaderLocator
[24] WARN TestMethodFilter - NoClassDefFoundError: class org.apache.pinot.core.auth.BasicAuthUtils
[28] WARN TestMethodFilter - NoClassDefFoundError: class org.apache.pinot.core.startree.StarTreeUtils
[28] WARN TestMethodFilter - NoClassDefFoundError: class org.apache.pinot.core.startree.operator.StarTreeFilterOperator
[28] WARN TestMethodFilter - NoClassDefFoundError: class org.apache.pinot.core.plan.GlobalPlanImplV0
[29] WARN TestMethodFilter - NoClassDefFoundError: class org.apache.pinot.core.plan.maker.InstancePlanMakerImplV2
[31] WARN TestMethodFilter - NoClassDefFoundError: class org.apache.pinot.core.plan.FilterPlanNode
[32] WARN TestMethodFilter - NoClassDefFoundError: class org.apache.pinot.core.plan.CombinePlanNode
[32] WARN TestMethodFilter - NoClassDefFoundError: class org.apache.pinot.core.plan.AggregationPlanNode
[35] WARN TestMethodFilter - NoClassDefFoundError: class org.apache.pinot.core.common.DataFetcher
[35] WARN TestMethodFilter - NoClassDefFoundError: class org.apache.pinot.core.common.DataBlockCache
[36] WARN TestMethodFilter - NoClassDefFoundError: class org.apache.pinot.core.common.datatable.DataTableFactory
[36] WARN TestMethodFilter - NoClassDefFoundError: class org.apache.pinot.core.common.datatable.DataTableBuilder
[37] WARN TestMethodFilter - NoClassDefFoundError: class org.apache.pinot.core.common.datatable.DataTableUtils
[38] WARN TestMethodFilter - NoClassDefFoundError: class org.apache.pinot.core.data.manager.realtime.SegmentCommitterFactory
[39] WARN TestMethodFilter - NoClassDefFoundError: class org.apache.pinot.core.data.manager.realtime.SplitSegmentCommitter
[40] WARN TestMethodFilter - NoClassDefFoundError: class org.apache.pinot.core.data.manager.realtime.PeerSchemeSplitSegmentCommitter
[40] WARN TestMethodFilter - NoClassDefFoundError: class org.apache.pinot.core.data.manager.realtime.Server2ControllerSegmentUploader
[40] WARN TestMethodFilter - NoClassDefFoundError: class org.apache.pinot.core.data.manager.realtime.SegmentBuildTimeLeaseExtender
[42] WARN TestMethodFilter - NoClassDefFoundError: class org.apache.pinot.core.data.manager.realtime.RealtimeConsumptionRateManager
[42] WARN TestMethodFilter - NoClassDefFoundError: class org.apache.pinot.core.data.manager.realtime.PinotFSSegmentUploader
[42] WARN TestMethodFilter - NoClassDefFoundError: class org.apache.pinot.core.data.manager.realtime.DefaultSegmentCommitter
[42] WARN TestMethodFilter - NoClassDefFoundError: class org.apache.pinot.core.data.manager.offline.TableDataManagerProvider
[44] WARN TestMethodFilter - NoClassDefFoundError: class org.apache.pinot.core.data.table.UnboundedConcurrentIndexedTable
[44] WARN TestMethodFilter - NoClassDefFoundError: class org.apache.pinot.core.data.table.ConcurrentIndexedTable
[45] WARN TestMethodFilter - NoClassDefFoundError: class org.apache.pinot.core.data.table.SimpleIndexedTable
[45] WARN TestMethodFilter - NoClassDefFoundError: class org.apache.pinot.core.minion.SegmentPurger
[46] WARN TestMethodFilter - NoClassDefFoundError: class org.apache.pinot.core.minion.RawIndexConverter
[46] WARN TestMethodFilter - NoClassDefFoundError: class org.apache.pinot.core.minion.PinotTaskConfig
[51] WARN TestMethodFilter - NoClassDefFoundError: class org.apache.pinot.core.query.scheduler.QuerySchedulerFactory
[51] WARN TestMethodFilter - NoClassDefFoundError: class org.apache.pinot.core.query.scheduler.tokenbucket.TokenPriorityScheduler
[52] WARN TestMethodFilter - NoClassDefFoundError: class org.apache.pinot.core.query.scheduler.fcfs.BoundedFCFSScheduler
[52] WARN TestMethodFilter - NoClassDefFoundError: class org.apache.pinot.core.query.scheduler.fcfs.FCFSQueryScheduler
[53] WARN TestMethodFilter - NoClassDefFoundError: class org.apache.pinot.core.query.config.QueryPlannerConfig
[53] WARN TestMethodFilter - NoClassDefFoundError: class org.apache.pinot.core.query.config.SegmentPrunerConfig
[53] WARN TestMethodFilter - NoClassDefFoundError: class org.apache.pinot.core.query.config.QueryExecutorConfig
[53] WARN TestMethodFilter - NoClassDefFoundError: class org.apache.pinot.core.query.optimizer.QueryOptimizer
[54] WARN TestMethodFilter - NoClassDefFoundError: class org.apache.pinot.core.query.optimizer.statement.JsonStatementOptimizer
[54] WARN TestMethodFilter - NoClassDefFoundError: class org.apache.pinot.core.query.optimizer.statement.StringPredicateFilterOptimizer
[55] WARN TestMethodFilter - NoClassDefFoundError: class org.apache.pinot.core.query.optimizer.filter.TimePredicateFilterOptimizer
[55] WARN TestMethodFilter - NoClassDefFoundError: class org.apache.pinot.core.query.optimizer.filter.FlattenAndOrFilterOptimizer
[55] WARN TestMethodFilter - NoClassDefFoundError: class org.apache.pinot.core.query.optimizer.filter.MergeRangeFilterOptimizer
[56] WARN TestMethodFilter - NoClassDefFoundError: class org.apache.pinot.core.query.optimizer.filter.MergeEqInFilterOptimizer
[56] WARN TestMethodFilter - NoClassDefFoundError: class org.apache.pinot.core.query.optimizer.filter.NumericalFilterOptimizer
[56] WARN TestMethodFilter - NoClassDefFoundError: class org.apache.pinot.core.query.optimizer.filter.Range
[57] WARN TestMethodFilter - NoClassDefFoundError: class org.apache.pinot.core.query.utils.idset.IdSets
[58] WARN TestMethodFilter - NoClassDefFoundError: class org.apache.pinot.core.query.utils.TrieNode
[58] WARN TestMethodFilter - NoClassDefFoundError: class org.apache.pinot.core.query.executor.ServerQueryExecutorV1Impl
[59] WARN TestMethodFilter - NoClassDefFoundError: class org.apache.pinot.core.query.request.context.utils.BrokerRequestToQueryContextConverter
[59] WARN TestMethodFilter - NoClassDefFoundError: class org.apache.pinot.core.query.request.context.utils.QueryContextUtils
[60] WARN TestMethodFilter - NoClassDefFoundError: class org.apache.pinot.core.query.request.context.TimerContext
[60] WARN TestMethodFilter - NoClassDefFoundError: class org.apache.pinot.core.query.request.context.QueryContext
[60] WARN TestMethodFilter - NoClassDefFoundError: class org.apache.pinot.core.query.request.ServerQueryRequest
[60] WARN TestMethodFilter - NoClassDefFoundError: class org.apache.pinot.core.query.pruner.DataSchemaSegmentPruner
[61] WARN TestMethodFilter - NoClassDefFoundError: class org.apache.pinot.core.query.pruner.SegmentPrunerProvider
[61] WARN TestMethodFilter - NoClassDefFoundError: class org.apache.pinot.core.query.pruner.SelectionQuerySegmentPruner
[61] WARN TestMethodFilter - NoClassDefFoundError: class org.apache.pinot.core.query.pruner.ValidSegmentPruner
[61] WARN TestMethodFilter - NoClassDefFoundError: class org.apache.pinot.core.query.pruner.ColumnValueSegmentPruner
[62] WARN TestMethodFilter - NoClassDefFoundError: class org.apache.pinot.core.query.reduce.PostAggregationHandler
[62] WARN TestMethodFilter - NoClassDefFoundError: class org.apache.pinot.core.query.reduce.AggregationDataTableReducer
[63] WARN TestMethodFilter - NoClassDefFoundError: class org.apache.pinot.core.query.reduce.GroupByDataTableReducer
[64] WARN TestMethodFilter - NoClassDefFoundError: class org.apache.pinot.core.query.reduce.ExplainPlanDataTableReducer
[64] WARN TestMethodFilter - NoClassDefFoundError: class org.apache.pinot.core.query.reduce.SelectionDataTableReducer
[64] WARN TestMethodFilter - NoClassDefFoundError: class org.apache.pinot.core.query.reduce.GapfillProcessor
[65] WARN TestMethodFilter - NoClassDefFoundError: class org.apache.pinot.core.query.reduce.DistinctDataTableReducer
[65] WARN TestMethodFilter - NoClassDefFoundError: class org.apache.pinot.core.query.reduce.BrokerReduceService
[65] WARN TestMethodFilter - NoClassDefFoundError: class org.apache.pinot.core.query.reduce.SelectionOnlyStreamingReducer
[66] WARN TestMethodFilter - NoClassDefFoundError: class org.apache.pinot.core.query.reduce.StreamingReduceService
[66] WARN TestMethodFilter - NoClassDefFoundError: class org.apache.pinot.core.query.reduce.RowBasedBlockValSet
[66] WARN TestMethodFilter - NoClassDefFoundError: class org.apache.pinot.core.query.reduce.filter.ColumnValueExtractor
[67] WARN TestMethodFilter - NoClassDefFoundError: class org.apache.pinot.core.query.reduce.filter.RowMatcherFactory
[67] WARN TestMethodFilter - NoClassDefFoundError: class org.apache.pinot.core.query.reduce.filter.LiteralValueExtractor
[67] WARN TestMethodFilter - NoClassDefFoundError: class org.apache.pinot.core.query.reduce.GapfillFilterHandler
[68] WARN TestMethodFilter - NoClassDefFoundError: class org.apache.pinot.core.query.aggregation.function.LastLongValueWithTimeAggregationFunction
[69] WARN TestMethodFilter - NoClassDefFoundError: class org.apache.pinot.core.query.aggregation.function.PercentileRawTDigestMVAggregationFunction
[69] WARN TestMethodFilter - NoClassDefFoundError: class org.apache.pinot.core.query.aggregation.function.DistinctCountAggregationFunction
[70] WARN TestMethodFilter - NoClassDefFoundError: class org.apache.pinot.core.query.aggregation.function.DistinctCountThetaSketchAggregationFunction
[70] WARN TestMethodFilter - NoClassDefFoundError: class org.apache.pinot.core.query.aggregation.function.AggregationFunctionFactory
[71] WARN TestMethodFilter - NoClassDefFoundError: class org.apache.pinot.core.query.aggregation.function.PercentileEstMVAggregationFunction
[71] WARN TestMethodFilter - NoClassDefFoundError: class org.apache.pinot.core.query.aggregation.function.PercentileMVAggregationFunction
[71] WARN TestMethodFilter - NoClassDefFoundError: class org.apache.pinot.core.query.aggregation.function.LastDoubleValueWithTimeAggregationFunction
[72] WARN TestMethodFilter - NoClassDefFoundError: class org.apache.pinot.core.query.aggregation.function.PercentileSmartTDigestAggregationFunction
[72] WARN TestMethodFilter - NoClassDefFoundError: class org.apache.pinot.core.query.aggregation.function.SegmentPartitionedDistinctCountAggregationFunction
[72] WARN TestMethodFilter - NoClassDefFoundError: class org.apache.pinot.core.query.aggregation.function.LastIntValueWithTimeAggregationFunction
[73] WARN TestMethodFilter - NoClassDefFoundError: class org.apache.pinot.core.query.aggregation.function.SumAggregationFunction
[73] WARN TestMethodFilter - NoClassDefFoundError: class org.apache.pinot.core.query.aggregation.function.AvgMVAggregationFunction
[74] WARN TestMethodFilter - NoClassDefFoundError: class org.apache.pinot.core.query.aggregation.function.IdSetAggregationFunction
[74] WARN TestMethodFilter - NoClassDefFoundError: class org.apache.pinot.core.query.aggregation.function.DistinctCountMVAggregationFunction
[75] WARN TestMethodFilter - NoClassDefFoundError: class org.apache.pinot.core.query.aggregation.function.DistinctCountRawHLLMVAggregationFunction
[75] WARN TestMethodFilter - NoClassDefFoundError: class org.apache.pinot.core.query.aggregation.function.MaxAggregationFunction
[75] WARN TestMethodFilter - NoClassDefFoundError: class org.apache.pinot.core.query.aggregation.function.MinMVAggregationFunction
[76] WARN TestMethodFilter - NoClassDefFoundError: class org.apache.pinot.core.query.aggregation.function.AvgAggregationFunction
[76] WARN TestMethodFilter - NoClassDefFoundError: class org.apache.pinot.core.query.aggregation.function.StUnionAggregationFunction
[76] WARN TestMethodFilter - NoClassDefFoundError: class org.apache.pinot.core.query.aggregation.function.SumMVAggregationFunction
[76] WARN TestMethodFilter - NoClassDefFoundError: class org.apache.pinot.core.query.aggregation.function.DistinctCountRawHLLAggregationFunction
[76] WARN TestMethodFilter - NoClassDefFoundError: class org.apache.pinot.core.query.aggregation.function.PercentileRawEstMVAggregationFunction
[77] WARN TestMethodFilter - NoClassDefFoundError: class org.apache.pinot.core.query.aggregation.function.MaxMVAggregationFunction
[77] WARN TestMethodFilter - NoClassDefFoundError: class org.apache.pinot.core.query.aggregation.function.DistinctCountBitmapAggregationFunction
[77] WARN TestMethodFilter - NoClassDefFoundError: class org.apache.pinot.core.query.aggregation.function.AggregationFunctionUtils
[77] WARN TestMethodFilter - NoClassDefFoundError: class org.apache.pinot.core.query.aggregation.function.PercentileEstAggregationFunction
[78] WARN TestMethodFilter - NoClassDefFoundError: class org.apache.pinot.core.query.aggregation.function.DistinctCountHLLMVAggregationFunction
[78] WARN TestMethodFilter - NoClassDefFoundError: class org.apache.pinot.core.query.aggregation.function.SumPrecisionAggregationFunction
[78] WARN TestMethodFilter - NoClassDefFoundError: class org.apache.pinot.core.query.aggregation.function.LastFloatValueWithTimeAggregationFunction
[78] WARN TestMethodFilter - NoClassDefFoundError: class org.apache.pinot.core.query.aggregation.function.PercentileTDigestAggregationFunction
[79] WARN TestMethodFilter - NoClassDefFoundError: class org.apache.pinot.core.query.aggregation.function.DistinctCountHLLAggregationFunction
[79] WARN TestMethodFilter - NoClassDefFoundError: class org.apache.pinot.core.query.aggregation.function.PercentileAggregationFunction
[79] WARN TestMethodFilter - NoClassDefFoundError: class org.apache.pinot.core.query.aggregation.function.DistinctCountRawThetaSketchAggregationFunction
[79] WARN TestMethodFilter - NoClassDefFoundError: class org.apache.pinot.core.query.aggregation.function.PercentileRawEstAggregationFunction
[79] WARN TestMethodFilter - NoClassDefFoundError: class org.apache.pinot.core.query.aggregation.function.FastHLLAggregationFunction
[80] WARN TestMethodFilter - NoClassDefFoundError: class org.apache.pinot.core.query.aggregation.function.MinAggregationFunction
[80] WARN TestMethodFilter - NoClassDefFoundError: class org.apache.pinot.core.query.aggregation.function.DistinctAggregationFunction
[80] WARN TestMethodFilter - NoClassDefFoundError: class org.apache.pinot.core.query.aggregation.function.MinMaxRangeMVAggregationFunction
[80] WARN TestMethodFilter - NoClassDefFoundError: class org.apache.pinot.core.query.aggregation.function.PercentileRawTDigestAggregationFunction
[81] WARN TestMethodFilter - NoClassDefFoundError: class org.apache.pinot.core.query.aggregation.function.LastStringValueWithTimeAggregationFunction
[81] WARN TestMethodFilter - NoClassDefFoundError: class org.apache.pinot.core.query.aggregation.function.DistinctCountSmartHLLAggregationFunction
[81] WARN TestMethodFilter - NoClassDefFoundError: class org.apache.pinot.core.query.aggregation.function.PercentileTDigestMVAggregationFunction
[82] WARN TestMethodFilter - NoClassDefFoundError: class org.apache.pinot.core.query.aggregation.function.CountMVAggregationFunction
[82] WARN TestMethodFilter - NoClassDefFoundError: class org.apache.pinot.core.query.aggregation.function.CountAggregationFunction
[82] WARN TestMethodFilter - NoClassDefFoundError: class org.apache.pinot.core.query.aggregation.function.MinMaxRangeAggregationFunction
[82] WARN TestMethodFilter - NoClassDefFoundError: class org.apache.pinot.core.query.aggregation.function.DistinctCountBitmapMVAggregationFunction
[83] WARN TestMethodFilter - NoClassDefFoundError: class org.apache.pinot.core.query.aggregation.function.ModeAggregationFunction
[83] WARN TestMethodFilter - NoClassDefFoundError: class org.apache.pinot.core.query.aggregation.groupby.utils.DoubleToIdMap
[84] WARN TestMethodFilter - NoClassDefFoundError: class org.apache.pinot.core.query.aggregation.groupby.utils.StringToIdMap
[84] WARN TestMethodFilter - NoClassDefFoundError: class org.apache.pinot.core.query.aggregation.groupby.utils.FloatToIdMap
[84] WARN TestMethodFilter - NoClassDefFoundError: class org.apache.pinot.core.query.aggregation.groupby.utils.IntToIdMap
[84] WARN TestMethodFilter - NoClassDefFoundError: class org.apache.pinot.core.query.aggregation.groupby.utils.LongToIdMap
[84] WARN TestMethodFilter - NoClassDefFoundError: class org.apache.pinot.core.query.aggregation.groupby.utils.BytesToIdMap
[85] WARN TestMethodFilter - NoClassDefFoundError: class org.apache.pinot.core.query.aggregation.groupby.utils.ValueToIdMapFactory
[85] WARN TestMethodFilter - NoClassDefFoundError: class org.apache.pinot.core.query.aggregation.groupby.NoDictionarySingleColumnGroupKeyGenerator
[87] WARN TestMethodFilter - NoClassDefFoundError: class org.apache.pinot.core.query.selection.SelectionOperatorService
[87] WARN TestMethodFilter - NoClassDefFoundError: class org.apache.pinot.core.query.selection.SelectionOperatorUtils
[87] WARN TestMethodFilter - NoClassDefFoundError: class org.apache.pinot.core.query.postaggregation.PostAggregationFunction
[88] WARN TestMethodFilter - NoClassDefFoundError: class org.apache.pinot.core.query.distinct.DistinctTable
[89] WARN TestMethodFilter - NoClassDefFoundError: class org.apache.pinot.core.query.distinct.dictionary.DictionaryBasedMultiColumnDistinctOrderByExecutor
[89] WARN TestMethodFilter - NoClassDefFoundError: class org.apache.pinot.core.query.distinct.dictionary.DictionaryBasedSingleColumnDistinctOrderByExecutor
[89] WARN TestMethodFilter - NoClassDefFoundError: class org.apache.pinot.core.query.distinct.dictionary.DictionaryBasedSingleColumnDistinctOnlyExecutor
[89] WARN TestMethodFilter - NoClassDefFoundError: class org.apache.pinot.core.query.distinct.dictionary.DictionaryBasedMultiColumnDistinctOnlyExecutor
[89] WARN TestMethodFilter - NoClassDefFoundError: class org.apache.pinot.core.query.distinct.raw.RawLongSingleColumnDistinctOnlyExecutor
[90] WARN TestMethodFilter - NoClassDefFoundError: class org.apache.pinot.core.query.distinct.raw.RawDoubleSingleColumnDistinctOrderByExecutor
[90] WARN TestMethodFilter - NoClassDefFoundError: class org.apache.pinot.core.query.distinct.raw.RawDoubleSingleColumnDistinctOnlyExecutor
[90] WARN TestMethodFilter - NoClassDefFoundError: class org.apache.pinot.core.query.distinct.raw.RawStringSingleColumnDistinctOrderByExecutor
[90] WARN TestMethodFilter - NoClassDefFoundError: class org.apache.pinot.core.query.distinct.raw.RawFloatSingleColumnDistinctOrderByExecutor
[91] WARN TestMethodFilter - NoClassDefFoundError: class org.apache.pinot.core.query.distinct.raw.RawFloatSingleColumnDistinctOnlyExecutor
[91] WARN TestMethodFilter - NoClassDefFoundError: class org.apache.pinot.core.query.distinct.raw.RawLongSingleColumnDistinctOrderByExecutor
[91] WARN TestMethodFilter - NoClassDefFoundError: class org.apache.pinot.core.query.distinct.raw.RawIntSingleColumnDistinctOrderByExecutor
[92] WARN TestMethodFilter - NoClassDefFoundError: class org.apache.pinot.core.query.distinct.raw.RawBytesSingleColumnDistinctOnlyExecutor
[92] WARN TestMethodFilter - NoClassDefFoundError: class org.apache.pinot.core.query.distinct.raw.RawBytesSingleColumnDistinctOrderByExecutor
[92] WARN TestMethodFilter - NoClassDefFoundError: class org.apache.pinot.core.query.distinct.raw.RawIntSingleColumnDistinctOnlyExecutor
[92] WARN TestMethodFilter - NoClassDefFoundError: class org.apache.pinot.core.query.distinct.raw.RawStringSingleColumnDistinctOnlyExecutor
[93] WARN TestMethodFilter - NoClassDefFoundError: class org.apache.pinot.core.transport.ServerInstance
[93] WARN TestMethodFilter - NoClassDefFoundError: class org.apache.pinot.core.transport.ServerChannels
[93] WARN TestMethodFilter - NoClassDefFoundError: class org.apache.pinot.core.transport.QueryRouter
[94] WARN TestMethodFilter - NoClassDefFoundError: class org.apache.pinot.core.transport.QueryServer
[94] WARN TestMethodFilter - NoClassDefFoundError: class org.apache.pinot.core.transport.ServerResponse
[95] WARN TestMethodFilter - NoClassDefFoundError: class org.apache.pinot.core.transport.ServerRoutingInstance
[95] WARN TestMethodFilter - NoClassDefFoundError: class org.apache.pinot.core.transport.ListenerConfig
[95] WARN TestMethodFilter - NoClassDefFoundError: class org.apache.pinot.core.segment.processing.transformer.NoOpRecordTransformer
[96] WARN TestMethodFilter - NoClassDefFoundError: class org.apache.pinot.core.segment.processing.transformer.TransformFunctionRecordTransformer
[97] WARN TestMethodFilter - NoClassDefFoundError: class org.apache.pinot.core.segment.processing.partitioner.NoOpPartitioner
[97] WARN TestMethodFilter - NoClassDefFoundError: class org.apache.pinot.core.segment.processing.partitioner.TransformFunctionPartitioner
[97] WARN TestMethodFilter - NoClassDefFoundError: class org.apache.pinot.core.segment.processing.partitioner.TableConfigPartitioner
[97] WARN TestMethodFilter - NoClassDefFoundError: class org.apache.pinot.core.segment.processing.partitioner.ColumnValuePartitioner
[98] WARN TestMethodFilter - NoClassDefFoundError: class org.apache.pinot.core.segment.processing.partitioner.PartitionerConfig
[98] WARN TestMethodFilter - NoClassDefFoundError: class org.apache.pinot.core.segment.processing.partitioner.RoundRobinPartitioner
[98] WARN TestMethodFilter - NoClassDefFoundError: class org.apache.pinot.core.segment.processing.framework.SegmentProcessorConfig
[98] WARN TestMethodFilter - NoClassDefFoundError: class org.apache.pinot.core.segment.processing.framework.SegmentProcessorFramework
[99] WARN TestMethodFilter - NoClassDefFoundError: class org.apache.pinot.core.segment.processing.aggregator.ValueAggregatorFactory
[100] WARN TestMethodFilter - NoClassDefFoundError: class org.apache.pinot.core.segment.processing.utils.SegmentProcessorUtils
[101] WARN TestMethodFilter - NoClassDefFoundError: class org.apache.pinot.core.segment.processing.timehandler.EpochTimeHandler
[101] WARN TestMethodFilter - NoClassDefFoundError: class org.apache.pinot.core.segment.processing.timehandler.NoOpTimeHandler
[102] WARN TestMethodFilter - NoClassDefFoundError: class org.apache.pinot.core.segment.processing.filter.NoOpRecordFilter
[102] WARN TestMethodFilter - NoClassDefFoundError: class org.apache.pinot.core.segment.processing.filter.FunctionEvaluatorRecordFilter
[103] WARN TestMethodFilter - NoClassDefFoundError: class org.apache.pinot.core.segment.processing.genericrow.GenericRowFileReader
[103] WARN TestMethodFilter - NoClassDefFoundError: class org.apache.pinot.core.segment.processing.genericrow.GenericRowSerializer
[104] WARN TestMethodFilter - NoClassDefFoundError: class org.apache.pinot.core.segment.processing.genericrow.GenericRowDeserializer
[104] WARN TestMethodFilter - NoClassDefFoundError: class org.apache.pinot.core.segment.processing.genericrow.GenericRowFileWriter
[105] WARN TestMethodFilter - NoClassDefFoundError: class org.apache.pinot.core.geospatial.transform.function.StPointFunction
[105] WARN TestMethodFilter - NoClassDefFoundError: class org.apache.pinot.core.geospatial.transform.function.StEqualsFunction
[105] WARN TestMethodFilter - NoClassDefFoundError: class org.apache.pinot.core.geospatial.transform.function.StContainsFunction
[105] WARN TestMethodFilter - NoClassDefFoundError: class org.apache.pinot.core.geospatial.transform.function.StAsBinaryFunction
[106] WARN TestMethodFilter - NoClassDefFoundError: class org.apache.pinot.core.geospatial.transform.function.StGeometryTypeFunction
[106] WARN TestMethodFilter - NoClassDefFoundError: class org.apache.pinot.core.geospatial.transform.function.StGeogFromWKBFunction
[106] WARN TestMethodFilter - NoClassDefFoundError: class org.apache.pinot.core.geospatial.transform.function.StPolygonFunction
[106] WARN TestMethodFilter - NoClassDefFoundError: class org.apache.pinot.core.geospatial.transform.function.GeoToH3Function
[106] WARN TestMethodFilter - NoClassDefFoundError: class org.apache.pinot.core.geospatial.transform.function.StGeomFromWKBFunction
[107] WARN TestMethodFilter - NoClassDefFoundError: class org.apache.pinot.core.geospatial.transform.function.StGeomFromTextFunction
[107] WARN TestMethodFilter - NoClassDefFoundError: class org.apache.pinot.core.geospatial.transform.function.StDistanceFunction
[107] WARN TestMethodFilter - NoClassDefFoundError: class org.apache.pinot.core.geospatial.transform.function.ScalarFunctions
[107] WARN TestMethodFilter - NoClassDefFoundError: class org.apache.pinot.core.geospatial.transform.function.StAsTextFunction
[108] WARN TestMethodFilter - NoClassDefFoundError: class org.apache.pinot.core.geospatial.transform.function.StAreaFunction
[108] WARN TestMethodFilter - NoClassDefFoundError: class org.apache.pinot.core.geospatial.transform.function.StGeogFromTextFunction
[108] WARN TestMethodFilter - NoClassDefFoundError: class org.apache.pinot.core.geospatial.transform.function.StWithinFunction
[109] WARN TestMethodFilter - NoClassDefFoundError: class org.apache.pinot.core.util.SegmentCompletionProtocolUtils
[110] WARN TestMethodFilter - NoClassDefFoundError: class org.apache.pinot.core.util.trace.TracedThreadFactory
[110] WARN TestMethodFilter - NoClassDefFoundError: class org.apache.pinot.core.util.IntObjectIndexedPriorityQueue
[110] WARN TestMethodFilter - NoClassDefFoundError: class org.apache.pinot.core.util.SegmentProcessorAvroUtils
[111] WARN TestMethodFilter - NoClassDefFoundError: class org.apache.pinot.core.util.ListenerConfigUtil
[111] WARN TestMethodFilter - NoClassDefFoundError: class org.apache.pinot.core.util.IntDoubleIndexedPriorityQueue
[112] WARN TestMethodFilter - NoClassDefFoundError: class org.apache.pinot.core.util.PeerServerSegmentFinder
[112] WARN TestMethodFilter - NoClassDefFoundError: class org.apache.pinot.core.util.GapfillUtils
[113] WARN TestMethodFilter - NoClassDefFoundError: class org.apache.pinot.core.requesthandler.PinotQueryParserFactory
[113] WARN TestMethodFilter - NoClassDefFoundError: class org.apache.pinot.core.operator.dociditerators.MVScanDocIdIterator
[113] WARN TestMethodFilter - NoClassDefFoundError: class org.apache.pinot.core.operator.dociditerators.RangelessBitmapDocIdIterator
[114] WARN TestMethodFilter - NoClassDefFoundError: class org.apache.pinot.core.operator.dociditerators.SVScanDocIdIterator
[114] WARN TestMethodFilter - NoClassDefFoundError: class org.apache.pinot.core.operator.dociditerators.BitmapDocIdIterator
[114] WARN TestMethodFilter - NoClassDefFoundError: class org.apache.pinot.core.operator.dociditerators.ExpressionScanDocIdIterator
[115] WARN TestMethodFilter - NoClassDefFoundError: class org.apache.pinot.core.operator.AcquireReleaseColumnsSegmentOperator
[115] WARN TestMethodFilter - NoClassDefFoundError: class org.apache.pinot.core.operator.StreamingInstanceResponseOperator
[116] WARN TestMethodFilter - NoClassDefFoundError: class org.apache.pinot.core.operator.transform.TransformResultMetadata
[116] WARN TestMethodFilter - NoClassDefFoundError: class org.apache.pinot.core.operator.transform.TransformOperator
[117] WARN TestMethodFilter - NoClassDefFoundError: class org.apache.pinot.core.operator.transform.function.ArrayMinTransformFunction
[117] WARN TestMethodFilter - NoClassDefFoundError: class org.apache.pinot.core.operator.transform.function.JsonExtractKeyTransformFunction
[117] WARN TestMethodFilter - NoClassDefFoundError: class org.apache.pinot.core.operator.transform.function.PowerTransformFunction
[118] WARN TestMethodFilter - NoClassDefFoundError: class org.apache.pinot.core.operator.transform.function.JsonExtractScalarTransformFunction
[118] WARN TestMethodFilter - NoClassDefFoundError: class org.apache.pinot.core.operator.transform.function.DivisionTransformFunction
[118] WARN TestMethodFilter - NoClassDefFoundError: class org.apache.pinot.core.operator.transform.function.IsNotNullTransformFunction
[118] WARN TestMethodFilter - NoClassDefFoundError: class org.apache.pinot.core.operator.transform.function.AdditionTransformFunction
[119] WARN TestMethodFilter - NoClassDefFoundError: class org.apache.pinot.core.operator.transform.function.CaseTransformFunction
[119] WARN TestMethodFilter - NoClassDefFoundError: class org.apache.pinot.core.operator.transform.function.InTransformFunction
[120] WARN TestMethodFilter - NoClassDefFoundError: class org.apache.pinot.core.operator.transform.function.NotEqualsTransformFunction
[120] WARN TestMethodFilter - NoClassDefFoundError: class org.apache.pinot.core.operator.transform.function.MultiplicationTransformFunction
[120] WARN TestMethodFilter - NoClassDefFoundError: class org.apache.pinot.core.operator.transform.function.GroovyTransformFunction
[121] WARN TestMethodFilter - NoClassDefFoundError: class org.apache.pinot.core.operator.transform.function.RegexpExtractTransformFunction
[121] WARN TestMethodFilter - NoClassDefFoundError: class org.apache.pinot.core.operator.transform.function.ModuloTransformFunction
[121] WARN TestMethodFilter - NoClassDefFoundError: class org.apache.pinot.core.operator.transform.function.AndOperatorTransformFunction
[122] WARN TestMethodFilter - NoClassDefFoundError: class org.apache.pinot.core.operator.transform.function.TransformFunctionFactory
[122] WARN TestMethodFilter - NoClassDefFoundError: class org.apache.pinot.core.operator.transform.function.GreaterThanOrEqualTransformFunction
[122] WARN TestMethodFilter - NoClassDefFoundError: class org.apache.pinot.core.operator.transform.function.LessThanTransformFunction
[122] WARN TestMethodFilter - NoClassDefFoundError: class org.apache.pinot.core.operator.transform.function.ArrayMaxTransformFunction
[123] WARN TestMethodFilter - NoClassDefFoundError: class org.apache.pinot.core.operator.transform.function.LeastTransformFunction
[123] WARN TestMethodFilter - NoClassDefFoundError: class org.apache.pinot.core.operator.transform.function.InIdSetTransformFunction
[123] WARN TestMethodFilter - NoClassDefFoundError: class org.apache.pinot.core.operator.transform.function.DateTimeConversionTransformFunction
[123] WARN TestMethodFilter - NoClassDefFoundError: class org.apache.pinot.core.operator.transform.function.OrOperatorTransformFunction
[124] WARN TestMethodFilter - NoClassDefFoundError: class org.apache.pinot.core.operator.transform.function.RoundDecimalTransformFunction
[124] WARN TestMethodFilter - NoClassDefFoundError: class org.apache.pinot.core.operator.transform.function.LessThanOrEqualTransformFunction
[124] WARN TestMethodFilter - NoClassDefFoundError: class org.apache.pinot.core.operator.transform.function.DateTruncTransformFunction
[124] WARN TestMethodFilter - NoClassDefFoundError: class org.apache.pinot.core.operator.transform.function.TruncateDecimalTransformFunction
[125] WARN TestMethodFilter - NoClassDefFoundError: class org.apache.pinot.core.operator.transform.function.LiteralTransformFunction
[125] WARN TestMethodFilter - NoClassDefFoundError: class org.apache.pinot.core.operator.transform.function.ArrayLengthTransformFunction
[125] WARN TestMethodFilter - NoClassDefFoundError: class org.apache.pinot.core.operator.transform.function.CastTransformFunction
[126] WARN TestMethodFilter - NoClassDefFoundError: class org.apache.pinot.core.operator.transform.function.IdentifierTransformFunction
[126] WARN TestMethodFilter - NoClassDefFoundError: class org.apache.pinot.core.operator.transform.function.MapValueTransformFunction
[126] WARN TestMethodFilter - NoClassDefFoundError: class org.apache.pinot.core.operator.transform.function.ValueInTransformFunction
[126] WARN TestMethodFilter - NoClassDefFoundError: class org.apache.pinot.core.operator.transform.function.SubtractionTransformFunction
[127] WARN TestMethodFilter - NoClassDefFoundError: class org.apache.pinot.core.operator.transform.function.IsNullTransformFunction
[127] WARN TestMethodFilter - NoClassDefFoundError: class org.apache.pinot.core.operator.transform.function.TimeConversionTransformFunction
[127] WARN TestMethodFilter - NoClassDefFoundError: class org.apache.pinot.core.operator.transform.function.GreatestTransformFunction
[127] WARN TestMethodFilter - NoClassDefFoundError: class org.apache.pinot.core.operator.transform.function.LookupTransformFunction
[128] WARN TestMethodFilter - NoClassDefFoundError: class org.apache.pinot.core.operator.transform.function.GreaterThanTransformFunction
[128] WARN TestMethodFilter - NoClassDefFoundError: class org.apache.pinot.core.operator.transform.function.ArrayAverageTransformFunction
[128] WARN TestMethodFilter - NoClassDefFoundError: class org.apache.pinot.core.operator.transform.function.EqualsTransformFunction
[129] WARN TestMethodFilter - NoClassDefFoundError: class org.apache.pinot.core.operator.transform.function.ScalarTransformFunctionWrapper
[129] WARN TestMethodFilter - NoClassDefFoundError: class org.apache.pinot.core.operator.transform.function.ArraySumTransformFunction
[129] WARN TestMethodFilter - NoClassDefFoundError: class org.apache.pinot.core.operator.transform.PassThroughTransformOperator
[129] WARN TestMethodFilter - NoClassDefFoundError: class org.apache.pinot.core.operator.streaming.StreamingSelectionOnlyCombineOperator
[129] WARN TestMethodFilter - NoClassDefFoundError: class org.apache.pinot.core.operator.streaming.StreamingSelectionOnlyOperator
[130] WARN TestMethodFilter - NoClassDefFoundError: class org.apache.pinot.core.operator.streaming.StreamingResponseUtils
[130] WARN TestMethodFilter - NoClassDefFoundError: class org.apache.pinot.core.operator.query.SelectionOnlyOperator
[130] WARN TestMethodFilter - NoClassDefFoundError: class org.apache.pinot.core.operator.query.AggregationGroupByOrderByOperator
[130] WARN TestMethodFilter - NoClassDefFoundError: class org.apache.pinot.core.operator.query.AggregationGroupByOperator
[130] WARN TestMethodFilter - NoClassDefFoundError: class org.apache.pinot.core.operator.query.DistinctOperator
[130] WARN TestMethodFilter - NoClassDefFoundError: class org.apache.pinot.core.operator.query.SelectionOrderByOperator
[131] WARN TestMethodFilter - NoClassDefFoundError: class org.apache.pinot.core.operator.query.FilteredAggregationOperator
[131] WARN TestMethodFilter - NoClassDefFoundError: class org.apache.pinot.core.operator.query.EmptySelectionOperator
[131] WARN TestMethodFilter - NoClassDefFoundError: class org.apache.pinot.core.operator.query.NonScanBasedAggregationOperator
[131] WARN TestMethodFilter - NoClassDefFoundError: class org.apache.pinot.core.operator.query.DictionaryBasedDistinctOperator
[131] WARN TestMethodFilter - NoClassDefFoundError: class org.apache.pinot.core.operator.query.AggregationOperator
[131] WARN TestMethodFilter - NoClassDefFoundError: class org.apache.pinot.core.operator.query.FastFilteredCountOperator
[131] WARN TestMethodFilter - NoClassDefFoundError: class org.apache.pinot.core.operator.DocIdSetOperator
[132] WARN TestMethodFilter - NoClassDefFoundError: class org.apache.pinot.core.operator.blocks.InstanceResponseBlock
[132] WARN TestMethodFilter - NoClassDefFoundError: class org.apache.pinot.core.operator.blocks.PassThroughTransformBlock
[133] WARN TestMethodFilter - NoClassDefFoundError: class org.apache.pinot.core.operator.blocks.IntermediateResultsBlock
[133] WARN TestMethodFilter - NoClassDefFoundError: class org.apache.pinot.core.operator.blocks.ProjectionBlock
[133] WARN TestMethodFilter - NoClassDefFoundError: class org.apache.pinot.core.operator.blocks.TransformBlock
[133] WARN TestMethodFilter - NoClassDefFoundError: class org.apache.pinot.core.operator.InstanceResponseOperator
[133] WARN TestMethodFilter - NoClassDefFoundError: class org.apache.pinot.core.operator.BitmapDocIdSetOperator
[133] WARN TestMethodFilter - NoClassDefFoundError: class org.apache.pinot.core.operator.combine.AggregationOnlyCombineOperator
[134] WARN TestMethodFilter - NoClassDefFoundError: class org.apache.pinot.core.operator.combine.SelectionOnlyCombineOperator
[134] WARN TestMethodFilter - NoClassDefFoundError: class org.apache.pinot.core.operator.combine.MinMaxValueBasedSelectionOrderByCombineOperator
[134] WARN TestMethodFilter - NoClassDefFoundError: class org.apache.pinot.core.operator.combine.SelectionOrderByCombineOperator
[134] WARN TestMethodFilter - NoClassDefFoundError: class org.apache.pinot.core.operator.combine.GroupByCombineOperator
[134] WARN TestMethodFilter - NoClassDefFoundError: class org.apache.pinot.core.operator.combine.GroupByOrderByCombineOperator
[135] WARN TestMethodFilter - NoClassDefFoundError: class org.apache.pinot.core.operator.combine.DistinctCombineOperator
[135] WARN TestMethodFilter - NoClassDefFoundError: class org.apache.pinot.core.operator.ProjectionOperator
[135] WARN TestMethodFilter - NoClassDefFoundError: class org.apache.pinot.core.operator.filter.H3IndexFilterOperator
[135] WARN TestMethodFilter - NoClassDefFoundError: class org.apache.pinot.core.operator.filter.ExpressionFilterOperator
[136] WARN TestMethodFilter - NoClassDefFoundError: class org.apache.pinot.core.operator.filter.predicate.InPredicateEvaluatorFactory
[136] WARN TestMethodFilter - NoClassDefFoundError: class org.apache.pinot.core.operator.filter.predicate.PredicateUtils
[137] WARN TestMethodFilter - NoClassDefFoundError: class org.apache.pinot.core.operator.filter.predicate.NotEqualsPredicateEvaluatorFactory
[137] WARN TestMethodFilter - NoClassDefFoundError: class org.apache.pinot.core.operator.filter.predicate.RegexpLikePredicateEvaluatorFactory
[138] WARN TestMethodFilter - NoClassDefFoundError: class org.apache.pinot.core.operator.filter.predicate.RangePredicateEvaluatorFactory
[138] WARN TestMethodFilter - NoClassDefFoundError: class org.apache.pinot.core.operator.filter.predicate.FSTBasedRegexpPredicateEvaluatorFactory
[139] WARN TestMethodFilter - NoClassDefFoundError: class org.apache.pinot.core.operator.filter.predicate.EqualsPredicateEvaluatorFactory
[139] WARN TestMethodFilter - NoClassDefFoundError: class org.apache.pinot.core.operator.filter.predicate.NotInPredicateEvaluatorFactory
[139] WARN TestMethodFilter - NoClassDefFoundError: class org.apache.pinot.core.operator.filter.predicate.PredicateEvaluatorProvider
[140] WARN TestMethodFilter - NoClassDefFoundError: class org.apache.pinot.core.operator.filter.BitmapCollection
[140] WARN TestMethodFilter - NoClassDefFoundError: class org.apache.pinot.core.operator.filter.TextMatchFilterOperator
[140] WARN TestMethodFilter - NoClassDefFoundError: class org.apache.pinot.core.operator.filter.OrFilterOperator
[140] WARN TestMethodFilter - NoClassDefFoundError: class org.apache.pinot.core.operator.filter.MatchAllFilterOperator
[140] WARN TestMethodFilter - NoClassDefFoundError: class org.apache.pinot.core.operator.filter.CombinedFilterOperator
[141] WARN TestMethodFilter - NoClassDefFoundError: class org.apache.pinot.core.operator.filter.FilterOperatorUtils
[141] WARN TestMethodFilter - NoClassDefFoundError: class org.apache.pinot.core.operator.filter.AndFilterOperator
[141] WARN TestMethodFilter - NoClassDefFoundError: class org.apache.pinot.core.operator.filter.EmptyFilterOperator
[141] WARN TestMethodFilter - NoClassDefFoundError: class org.apache.pinot.core.operator.filter.ScanBasedFilterOperator
[141] WARN TestMethodFilter - NoClassDefFoundError: class org.apache.pinot.core.operator.filter.JsonMatchFilterOperator
[141] WARN TestMethodFilter - NoClassDefFoundError: class org.apache.pinot.core.operator.filter.BitmapBasedFilterOperator
[142] WARN TestMethodFilter - NoClassDefFoundError: class org.apache.pinot.core.operator.filter.NotFilterOperator
[142] WARN TestMethodFilter - NoClassDefFoundError: class org.apache.pinot.core.operator.filter.SortedIndexBasedFilterOperator
[142] WARN TestMethodFilter - NoClassDefFoundError: class org.apache.pinot.core.operator.filter.RangeIndexBasedFilterOperator
[142] WARN TestMethodFilter - NoClassDefFoundError: class org.apache.pinot.core.operator.filter.ContainsFilterOperator
[142] WARN TestMethodFilter - NoClassDefFoundError: class org.apache.pinot.core.operator.docvalsets.TransformBlockValSet
[142] WARN TestMethodFilter - NoClassDefFoundError: class org.apache.pinot.core.operator.docvalsets.ProjectionBlockValSet
[142] WARN TestMethodFilter - NoClassDefFoundError: class org.apache.pinot.core.operator.docidsets.OrDocIdSet
[143] WARN TestMethodFilter - NoClassDefFoundError: class org.apache.pinot.core.operator.docidsets.AndDocIdSet
[144] WARN TestMethodFilter - NoClassDefFoundError: class org.apache.pinot.core.metadata.DefaultMetadataExtractor
[145] WARN TestMethodFilter - NoClassDefFoundError: class org.apache.pinot.queries.JsonMatchQueriesTest
[145] WARN TestMethodFilter - NoClassDefFoundError: class org.apache.pinot.queries.CastQueriesTest
[146] WARN TestMethodFilter - NoClassDefFoundError: class org.apache.pinot.queries.InterSegmentAggregationMultiValueQueriesTest
[146] WARN TestMethodFilter - NoClassDefFoundError: class org.apache.pinot.queries.RangeQueriesTest
[146] WARN TestMethodFilter - NoClassDefFoundError: class org.apache.pinot.queries.NoDictionaryCompressionQueriesTest
[147] WARN TestMethodFilter - NoClassDefFoundError: class org.apache.pinot.queries.SegmentWithNullValueVectorTest
[147] WARN TestMethodFilter - NoClassDefFoundError: class org.apache.pinot.queries.InterSegmentAggregationSingleValueQueriesTest
[149] WARN TestMethodFilter - NoClassDefFoundError: class org.apache.pinot.queries.GapfillQueriesTest
[149] WARN TestMethodFilter - NoClassDefFoundError: class org.apache.pinot.queries.QueriesTestUtils
[149] WARN TestMethodFilter - NoClassDefFoundError: class org.apache.pinot.queries.DistinctCountBitmapQueriesTest
[150] WARN TestMethodFilter - NoClassDefFoundError: class org.apache.pinot.queries.IdSetQueriesTest
[150] WARN TestMethodFilter - NoClassDefFoundError: class org.apache.pinot.queries.InnerSegmentSelectionSingleValueQueriesTest
[151] WARN TestMethodFilter - NoClassDefFoundError: class org.apache.pinot.queries.SumPrecisionQueriesTest
[151] WARN TestMethodFilter - NoClassDefFoundError: class org.apache.pinot.queries.NotOperatorQueriesTest
[151] WARN TestMethodFilter - NoClassDefFoundError: class org.apache.pinot.queries.InterSegmentResultTableSingleValueQueriesTest
[152] WARN TestMethodFilter - NoClassDefFoundError: class org.apache.pinot.queries.PercentileTDigestMVQueriesTest
[152] WARN TestMethodFilter - NoClassDefFoundError: class org.apache.pinot.queries.JsonDataTypeQueriesTest
[152] WARN TestMethodFilter - NoClassDefFoundError: class org.apache.pinot.queries.InterSegmentResultTableMultiValueQueriesTest
[153] WARN TestMethodFilter - NoClassDefFoundError: class org.apache.pinot.queries.TimestampQueriesTest
[153] WARN TestMethodFilter - NoClassDefFoundError: class org.apache.pinot.queries.H3IndexQueriesTest
[153] WARN TestMethodFilter - NoClassDefFoundError: class org.apache.pinot.queries.InnerSegmentSelectionMultiValueQueriesTest
[153] WARN TestMethodFilter - NoClassDefFoundError: class org.apache.pinot.queries.UrlFunctionGroupByTest
[154] WARN TestMethodFilter - NoClassDefFoundError: class org.apache.pinot.queries.InnerSegmentAggregationMultiValueQueriesTest
[154] WARN TestMethodFilter - NoClassDefFoundError: class org.apache.pinot.queries.LastWithTimeQueriesTest
[154] WARN TestMethodFilter - NoClassDefFoundError: class org.apache.pinot.queries.FastHllQueriesTest
[155] WARN TestMethodFilter - NoClassDefFoundError: class org.apache.pinot.queries.JsonExtractScalarTest
[156] WARN TestMethodFilter - NoClassDefFoundError: class org.apache.pinot.queries.ModeQueriesTest
[156] WARN TestMethodFilter - NoClassDefFoundError: class org.apache.pinot.queries.InnerSegmentAggregationSingleValueQueriesTest
[156] WARN TestMethodFilter - NoClassDefFoundError: class org.apache.pinot.queries.TextSearchQueriesTest
[157] WARN TestMethodFilter - NoClassDefFoundError: class org.apache.pinot.queries.TransformQueriesTest
[157] WARN TestMethodFilter - NoClassDefFoundError: class org.apache.pinot.queries.PercentileTDigestQueriesTest
[157] WARN TestMethodFilter - NoClassDefFoundError: class org.apache.pinot.queries.JsonIngestionFromAvroQueriesTest
[158] WARN TestMethodFilter - NoClassDefFoundError: class org.apache.pinot.queries.RangePredicateWithSortedInvertedIndexTest
[158] WARN TestMethodFilter - NoClassDefFoundError: class org.apache.pinot.queries.DistinctCountQueriesTest
[158] WARN TestMethodFilter - NoClassDefFoundError: class org.apache.pinot.queries.DistinctCountThetaSketchQueriesTest
[159] WARN TestMethodFilter - NoClassDefFoundError: class org.apache.pinot.queries.NativeAndLuceneComparisonTest
[159] WARN TestMethodFilter - NoClassDefFoundError: class org.apache.pinot.queries.SerializedBytesQueriesTest
[159] WARN TestMethodFilter - NoClassDefFoundError: class org.apache.pinot.queries.FilteredAggregationsTest
[160] WARN TestMethodFilter - NoClassDefFoundError: class org.apache.pinot.queries.InterSegmentOrderBySingleValueQueriesTest
[160] WARN TestMethodFilter - NoClassDefFoundError: class org.apache.pinot.queries.StUnionQueriesTest
[160] WARN TestMethodFilter - NoClassDefFoundError: class org.apache.pinot.queries.DistinctQueriesTest
[161] WARN TestMethodFilter - NoClassDefFoundError: class org.apache.pinot.queries.JsonPathQueriesTest
[161] WARN TestMethodFilter - NoClassDefFoundError: class org.apache.pinot.queries.FSTBasedRegexpLikeQueriesTest
[161] WARN TestMethodFilter - NoClassDefFoundError: class org.apache.pinot.queries.FastFilteredCountTest
[162] WARN TestMethodFilter - NoClassDefFoundError: class org.apache.pinot.queries.ExplainPlanQueriesTest
[162] WARN TestMethodFilter - NoClassDefFoundError: class org.apache.pinot.queries.BooleanQueriesTest
[162] WARN TestMethodFilter - NoClassDefFoundError: class org.apache.pinot.queries.SegmentPartitionedDistinctCountQueriesTest
[163] WARN TestMethodFilter - NoClassDefFoundError: class org.apache.pinot.queries.SumGreatestLeastQueriesTest
[163] WARN TestMethodFilter - NoClassDefFoundError: class org.apache.pinot.queries.InterSegmentOrderByMultiValueQueriesTest
[164] WARN TestMethodFilter - NoClassDefFoundError: class org.apache.pinot.core.startree.v2.PreAggregatedDistinctCountHLLStarTreeV2Test
[165] WARN TestMethodFilter - NoClassDefFoundError: class org.apache.pinot.core.startree.v2.CountStarTreeV2Test
[165] WARN TestMethodFilter - NoClassDefFoundError: class org.apache.pinot.core.startree.v2.MinMaxRangeStarTreeV2Test
[165] WARN TestMethodFilter - NoClassDefFoundError: class org.apache.pinot.core.startree.v2.AvgStarTreeV2Test
[166] WARN TestMethodFilter - NoClassDefFoundError: class org.apache.pinot.core.startree.v2.MinStarTreeV2Test
[166] WARN TestMethodFilter - NoClassDefFoundError: class org.apache.pinot.core.startree.v2.PercentileEstStarTreeV2Test
[166] WARN TestMethodFilter - NoClassDefFoundError: class org.apache.pinot.core.startree.v2.PreAggregatedAvgStarTreeV2Test
[167] WARN TestMethodFilter - NoClassDefFoundError: class org.apache.pinot.core.startree.v2.PreAggregatedPercentileTDigestStarTreeV2Test
[167] WARN TestMethodFilter - NoClassDefFoundError: class org.apache.pinot.core.startree.v2.PreAggregatedMinMaxRangeStarTreeV2Test
[167] WARN TestMethodFilter - NoClassDefFoundError: class org.apache.pinot.core.startree.v2.DistinctCountHLLStarTreeV2Test
[168] WARN TestMethodFilter - NoClassDefFoundError: class org.apache.pinot.core.startree.v2.SumPrecisionStarTreeV2Test
[168] WARN TestMethodFilter - NoClassDefFoundError: class org.apache.pinot.core.startree.v2.DistinctCountBitmapStarTreeV2Test
[168] WARN TestMethodFilter - NoClassDefFoundError: class org.apache.pinot.core.startree.v2.MaxStarTreeV2Test
[168] WARN TestMethodFilter - NoClassDefFoundError: class org.apache.pinot.core.startree.v2.PreAggregatedPercentileEstStarTreeV2Test
[169] WARN TestMethodFilter - NoClassDefFoundError: class org.apache.pinot.core.startree.v2.SumStarTreeV2Test
[169] WARN TestMethodFilter - NoClassDefFoundError: class org.apache.pinot.core.startree.v2.PercentileTDigestStarTreeV2Test
[169] WARN TestMethodFilter - NoClassDefFoundError: class org.apache.pinot.core.plan.maker.MetadataAndDictionaryAggregationPlanMakerTest
[170] WARN TestMethodFilter - NoClassDefFoundError: class org.apache.pinot.core.plan.maker.QueryOverrideWithHintsTest
[171] WARN TestMethodFilter - NoClassDefFoundError: class org.apache.pinot.core.common.ObjectSerDeUtilsTest
[171] WARN TestMethodFilter - NoClassDefFoundError: class org.apache.pinot.core.common.DataFetcherTest
[173] WARN TestMethodFilter - NoClassDefFoundError: class org.apache.pinot.core.data.manager.realtime.PinotFSSegmentUploaderTest
[174] WARN TestMethodFilter - NoClassDefFoundError: class org.apache.pinot.core.data.manager.realtime.Server2ControllerSegmentUploaderTest
[175] WARN TestMethodFilter - NoClassDefFoundError: class org.apache.pinot.core.data.manager.BaseTableDataManagerAcquireSegmentTest
[175] WARN TestMethodFilter - NoClassDefFoundError: class org.apache.pinot.core.data.manager.BaseTableDataManagerTest
[176] WARN TestMethodFilter - NoClassDefFoundError: class org.apache.pinot.core.data.function.DateTimeFunctionsTest
[176] WARN TestMethodFilter - NoClassDefFoundError: class org.apache.pinot.core.data.function.ArrayFunctionsTest
[176] WARN TestMethodFilter - NoClassDefFoundError: class org.apache.pinot.core.data.function.GroovyFunctionEvaluatorTest
[177] WARN TestMethodFilter - NoClassDefFoundError: class org.apache.pinot.core.data.function.ArithmeticFunctionsTest
[177] WARN TestMethodFilter - NoClassDefFoundError: class org.apache.pinot.core.data.function.JsonFunctionsTest
[179] WARN TestMethodFilter - NoClassDefFoundError: class org.apache.pinot.core.realtime.impl.fakestream.FakeStreamConfigUtils
[181] WARN TestMethodFilter - NoClassDefFoundError: class org.apache.pinot.core.minion.SegmentPurgerTest
[181] WARN TestMethodFilter - NoClassDefFoundError: class org.apache.pinot.core.query.scheduler.TestSchedulerGroupFactory
[183] WARN TestMethodFilter - NoClassDefFoundError: class org.apache.pinot.core.query.scheduler.TestHelper
[187] WARN TestMethodFilter - NoClassDefFoundError: class org.apache.pinot.core.query.executor.QueryExecutorExceptionsTest
[187] WARN TestMethodFilter - NoClassDefFoundError: class org.apache.pinot.core.query.executor.QueryExecutorTest
[188] WARN TestMethodFilter - NoClassDefFoundError: class org.apache.pinot.core.query.request.context.utils.BrokerRequestToQueryContextConverterTest
[190] WARN TestMethodFilter - NoClassDefFoundError: class org.apache.pinot.core.query.reduce.StreamingReduceServiceTest
[190] WARN TestMethodFilter - NoClassDefFoundError: class org.apache.pinot.core.query.aggregation.DefaultAggregationExecutorTest
[192] WARN TestMethodFilter - NoClassDefFoundError: class org.apache.pinot.core.query.aggregation.groupby.NoDictionaryGroupKeyGeneratorTest
[192] WARN TestMethodFilter - NoClassDefFoundError: class org.apache.pinot.core.query.aggregation.groupby.DictionaryBasedGroupKeyGeneratorTest
[192] WARN TestMethodFilter - NoClassDefFoundError: class org.apache.pinot.core.query.aggregation.groupby.GroupByTrimTest
[193] WARN TestMethodFilter - NoClassDefFoundError: class org.apache.pinot.core.query.postaggregation.PostAggregationFunctionTest
[196] WARN TestMethodFilter - NoClassDefFoundError: class org.apache.pinot.core.segment.processing.framework.SegmentMapperTest
[197] WARN TestMethodFilter - NoClassDefFoundError: class org.apache.pinot.core.segment.processing.framework.SegmentProcessorFrameworkTest
[197] WARN TestMethodFilter - NoClassDefFoundError: class org.apache.pinot.core.geospatial.transform.GeoInputOutputTest
[198] WARN TestMethodFilter - NoClassDefFoundError: class org.apache.pinot.core.geospatial.transform.StPointFunctionTest
[198] WARN TestMethodFilter - NoClassDefFoundError: class org.apache.pinot.core.geospatial.transform.StAreaFunctionTest
[198] WARN TestMethodFilter - NoClassDefFoundError: class org.apache.pinot.core.geospatial.transform.StContainsFunctionTest
[198] WARN TestMethodFilter - NoClassDefFoundError: class org.apache.pinot.core.geospatial.transform.StWithinFunctionTest
[199] WARN TestMethodFilter - NoClassDefFoundError: class org.apache.pinot.core.geospatial.transform.StDistanceFunctionTest
[199] WARN TestMethodFilter - NoClassDefFoundError: class org.apache.pinot.core.geospatial.transform.StGeometryTypeFunctionTest
[199] WARN TestMethodFilter - NoClassDefFoundError: class org.apache.pinot.core.geospatial.transform.StEqualFunctionTest
[199] WARN TestMethodFilter - NoClassDefFoundError: class org.apache.pinot.core.geospatial.transform.GeoToH3FunctionTest
[200] WARN TestMethodFilter - NoClassDefFoundError: class org.apache.pinot.core.util.CrcUtilsTest
[201] WARN TestMethodFilter - NoClassDefFoundError: class org.apache.pinot.core.util.SchemaUtilsTest
[202] WARN TestMethodFilter - NoClassDefFoundError: class org.apache.pinot.core.operator.dociditerators.OrDocIdIteratorTest
[202] WARN TestMethodFilter - NoClassDefFoundError: class org.apache.pinot.core.operator.dociditerators.NotDocIdIteratorTest
[202] WARN TestMethodFilter - NoClassDefFoundError: class org.apache.pinot.core.operator.dociditerators.BitmapDocIdIteratorTest
[202] WARN TestMethodFilter - NoClassDefFoundError: class org.apache.pinot.core.operator.dociditerators.AndDocIdIteratorTest
[204] WARN TestMethodFilter - NoClassDefFoundError: class org.apache.pinot.core.operator.transform.function.AdditionTransformFunctionTest
[204] WARN TestMethodFilter - NoClassDefFoundError: class org.apache.pinot.core.operator.transform.function.RoundDecimalTransformFunctionTest
[205] WARN TestMethodFilter - NoClassDefFoundError: class org.apache.pinot.core.operator.transform.function.ArrayLengthTransformFunctionTest
[205] WARN TestMethodFilter - NoClassDefFoundError: class org.apache.pinot.core.operator.transform.function.AndOperatorTransformFunctionTest
[205] WARN TestMethodFilter - NoClassDefFoundError: class org.apache.pinot.core.operator.transform.function.JsonExtractScalarTransformFunctionTest
[206] WARN TestMethodFilter - NoClassDefFoundError: class org.apache.pinot.core.operator.transform.function.LessThanOrEqualTransformFunctionTest
[206] WARN TestMethodFilter - NoClassDefFoundError: class org.apache.pinot.core.operator.transform.function.TrigonometricFunctionsTest
[206] WARN TestMethodFilter - NoClassDefFoundError: class org.apache.pinot.core.operator.transform.function.LessThanTransformFunctionTest
[207] WARN TestMethodFilter - NoClassDefFoundError: class org.apache.pinot.core.operator.transform.function.ValueInTransformFunctionTest
[207] WARN TestMethodFilter - NoClassDefFoundError: class org.apache.pinot.core.operator.transform.function.EqualsTransformFunctionTest
[207] WARN TestMethodFilter - NoClassDefFoundError: class org.apache.pinot.core.operator.transform.function.DateTruncTransformFunctionTest
[208] WARN TestMethodFilter - NoClassDefFoundError: class org.apache.pinot.core.operator.transform.function.LookupTransformFunctionTest
[208] WARN TestMethodFilter - NoClassDefFoundError: class org.apache.pinot.core.operator.transform.function.ArrayAverageTransformFunctionTest
[208] WARN TestMethodFilter - NoClassDefFoundError: class org.apache.pinot.core.operator.transform.function.InTransformFunctionTest
[209] WARN TestMethodFilter - NoClassDefFoundError: class org.apache.pinot.core.operator.transform.function.TimeConversionTransformFunctionTest
[209] WARN TestMethodFilter - NoClassDefFoundError: class org.apache.pinot.core.operator.transform.function.TupleSelectionTransformFunctionsTest
[209] WARN TestMethodFilter - NoClassDefFoundError: class org.apache.pinot.core.operator.transform.function.ArrayMaxTransformFunctionTest
[210] WARN TestMethodFilter - NoClassDefFoundError: class org.apache.pinot.core.operator.transform.function.ArrayMinTransformFunctionTest
[210] WARN TestMethodFilter - NoClassDefFoundError: class org.apache.pinot.core.operator.transform.function.ModuloTransformFunctionTest
[210] WARN TestMethodFilter - NoClassDefFoundError: class org.apache.pinot.core.operator.transform.function.NotEqualsTransformFunctionTest
[210] WARN TestMethodFilter - NoClassDefFoundError: class org.apache.pinot.core.operator.transform.function.CaseTransformFunctionTest
[211] WARN TestMethodFilter - NoClassDefFoundError: class org.apache.pinot.core.operator.transform.function.ScalarTransformFunctionWrapperTest
[211] WARN TestMethodFilter - NoClassDefFoundError: class org.apache.pinot.core.operator.transform.function.OrOperatorTransformFunctionTest
[212] WARN TestMethodFilter - NoClassDefFoundError: class org.apache.pinot.core.operator.transform.function.GreaterThanTransformFunctionTest
[212] WARN TestMethodFilter - NoClassDefFoundError: class org.apache.pinot.core.operator.transform.function.PowerTransformFunctionTest
[212] WARN TestMethodFilter - NoClassDefFoundError: class org.apache.pinot.core.operator.transform.function.SubtractionTransformFunctionTest
[212] WARN TestMethodFilter - NoClassDefFoundError: class org.apache.pinot.core.operator.transform.function.TruncateDecimalTransformFunctionTest
[213] WARN TestMethodFilter - NoClassDefFoundError: class org.apache.pinot.core.operator.transform.function.GroovyTransformFunctionTest
[213] WARN TestMethodFilter - NoClassDefFoundError: class org.apache.pinot.core.operator.transform.function.DivisionTransformFunctionTest
[213] WARN TestMethodFilter - NoClassDefFoundError: class org.apache.pinot.core.operator.transform.function.MultiplicationTransformFunctionTest
[214] WARN TestMethodFilter - NoClassDefFoundError: class org.apache.pinot.core.operator.transform.function.SingleParamMathTransformFunctionTest
[214] WARN TestMethodFilter - NoClassDefFoundError: class org.apache.pinot.core.operator.transform.function.GreaterThanOrEqualTransformFunctionTest
[214] WARN TestMethodFilter - NoClassDefFoundError: class org.apache.pinot.core.operator.transform.function.RegexpTransformFunctionTest
[215] WARN TestMethodFilter - NoClassDefFoundError: class org.apache.pinot.core.operator.transform.function.CastTransformFunctionTest
[215] WARN TestMethodFilter - NoClassDefFoundError: class org.apache.pinot.core.operator.transform.function.ArraySumTransformFunctionTest
[215] WARN TestMethodFilter - NoClassDefFoundError: class org.apache.pinot.core.operator.transform.function.NullHandlingTransformFunctionTest
[216] WARN TestMethodFilter - NoClassDefFoundError: class org.apache.pinot.core.operator.transform.function.DateTimeTransformFunctionTest
[216] WARN TestMethodFilter - NoClassDefFoundError: class org.apache.pinot.core.operator.transform.function.DateTimeConversionTransformFunctionTest
[217] WARN TestMethodFilter - NoClassDefFoundError: class org.apache.pinot.core.operator.combine.SelectionCombineOperatorTest
[217] WARN TestMethodFilter - NoClassDefFoundError: class org.apache.pinot.core.operator.filter.TestFilterOperator
[218] WARN TestMethodFilter - NoClassDefFoundError: class org.apache.pinot.core.operator.filter.predicate.NoDictionaryInPredicateEvaluatorTest
[220] WARN TestMethodFilter - NoClassDefFoundError: class org.apache.pinot.core.operator.filter.BitmapCollectionTest
[221] WARN TestMethodFilter - NoClassDefFoundError: class org.apache.pinot.realtime.converter.RealtimeSegmentConverterTest
[231] WARN TestMethodFilter - NoClassDefFoundError: class org.apache.pinot.server.access.BasicAuthAccessFactory
[231] WARN TestMethodFilter - NoClassDefFoundError: class org.apache.pinot.server.realtime.ServerSegmentCompletionProtocolHandler
[231] WARN TestMethodFilter - NoClassDefFoundError: class org.apache.pinot.server.realtime.ControllerLeaderLocator
[231] WARN TestMethodFilter - NoClassDefFoundError: class org.apache.pinot.core.auth.BasicAuthUtils
[232] WARN TestMethodFilter - NoClassDefFoundError: class org.apache.pinot.core.startree.StarTreeUtils
[232] WARN TestMethodFilter - NoClassDefFoundError: class org.apache.pinot.core.startree.operator.StarTreeFilterOperator
[232] WARN TestMethodFilter - NoClassDefFoundError: class org.apache.pinot.core.plan.GlobalPlanImplV0
[232] WARN TestMethodFilter - NoClassDefFoundError: class org.apache.pinot.core.plan.maker.InstancePlanMakerImplV2
[232] WARN TestMethodFilter - NoClassDefFoundError: class org.apache.pinot.core.plan.FilterPlanNode
[232] WARN TestMethodFilter - NoClassDefFoundError: class org.apache.pinot.core.plan.CombinePlanNode
[232] WARN TestMethodFilter - NoClassDefFoundError: class org.apache.pinot.core.plan.AggregationPlanNode
[233] WARN TestMethodFilter - NoClassDefFoundError: class org.apache.pinot.core.common.DataFetcher
[233] WARN TestMethodFilter - NoClassDefFoundError: class org.apache.pinot.core.common.DataBlockCache
[233] WARN TestMethodFilter - NoClassDefFoundError: class org.apache.pinot.core.common.datatable.DataTableFactory
[233] WARN TestMethodFilter - NoClassDefFoundError: class org.apache.pinot.core.common.datatable.DataTableBuilder
[234] WARN TestMethodFilter - NoClassDefFoundError: class org.apache.pinot.core.common.datatable.DataTableUtils
[234] WARN TestMethodFilter - NoClassDefFoundError: class org.apache.pinot.core.data.manager.realtime.SegmentCommitterFactory
[235] WARN TestMethodFilter - NoClassDefFoundError: class org.apache.pinot.core.data.manager.realtime.SplitSegmentCommitter
[235] WARN TestMethodFilter - NoClassDefFoundError: class org.apache.pinot.core.data.manager.realtime.PeerSchemeSplitSegmentCommitter
[235] WARN TestMethodFilter - NoClassDefFoundError: class org.apache.pinot.core.data.manager.realtime.Server2ControllerSegmentUploader
[235] WARN TestMethodFilter - NoClassDefFoundError: class org.apache.pinot.core.data.manager.realtime.SegmentBuildTimeLeaseExtender
[236] WARN TestMethodFilter - NoClassDefFoundError: class org.apache.pinot.core.data.manager.realtime.RealtimeConsumptionRateManager
[236] WARN TestMethodFilter - NoClassDefFoundError: class org.apache.pinot.core.data.manager.realtime.PinotFSSegmentUploader
[236] WARN TestMethodFilter - NoClassDefFoundError: class org.apache.pinot.core.data.manager.realtime.DefaultSegmentCommitter
[236] WARN TestMethodFilter - NoClassDefFoundError: class org.apache.pinot.core.data.manager.offline.TableDataManagerProvider
[237] WARN TestMethodFilter - NoClassDefFoundError: class org.apache.pinot.core.data.manager.offline.DimensionTable
[238] WARN TestMethodFilter - NoClassDefFoundError: class org.apache.pinot.core.data.table.TableResizer
[238] WARN TestMethodFilter - NoClassDefFoundError: class org.apache.pinot.core.minion.SegmentPurger
[238] WARN TestMethodFilter - NoClassDefFoundError: class org.apache.pinot.core.minion.RawIndexConverter
[238] WARN TestMethodFilter - NoClassDefFoundError: class org.apache.pinot.core.minion.PinotTaskConfig
[238] WARN TestMethodFilter - NoClassDefFoundError: class org.apache.pinot.core.query.scheduler.resources.ResourceLimitPolicy
[239] WARN TestMethodFilter - NoClassDefFoundError: class org.apache.pinot.core.query.scheduler.QuerySchedulerFactory
[239] WARN TestMethodFilter - NoClassDefFoundError: class org.apache.pinot.core.query.scheduler.tokenbucket.TokenPriorityScheduler
[239] WARN TestMethodFilter - NoClassDefFoundError: class org.apache.pinot.core.query.scheduler.fcfs.BoundedFCFSScheduler
[239] WARN TestMethodFilter - NoClassDefFoundError: class org.apache.pinot.core.query.scheduler.fcfs.FCFSQueryScheduler
[239] WARN TestMethodFilter - NoClassDefFoundError: class org.apache.pinot.core.query.config.QueryPlannerConfig
[239] WARN TestMethodFilter - NoClassDefFoundError: class org.apache.pinot.core.query.config.SegmentPrunerConfig
[239] WARN TestMethodFilter - NoClassDefFoundError: class org.apache.pinot.core.query.config.QueryExecutorConfig
[239] WARN TestMethodFilter - NoClassDefFoundError: class org.apache.pinot.core.query.optimizer.QueryOptimizer
[239] WARN TestMethodFilter - NoClassDefFoundError: class org.apache.pinot.core.query.optimizer.statement.JsonStatementOptimizer
[239] WARN TestMethodFilter - NoClassDefFoundError: class org.apache.pinot.core.query.optimizer.statement.StringPredicateFilterOptimizer
[240] WARN TestMethodFilter - NoClassDefFoundError: class org.apache.pinot.core.query.optimizer.filter.TimePredicateFilterOptimizer
[240] WARN TestMethodFilter - NoClassDefFoundError: class org.apache.pinot.core.query.optimizer.filter.FlattenAndOrFilterOptimizer
[240] WARN TestMethodFilter - NoClassDefFoundError: class org.apache.pinot.core.query.optimizer.filter.MergeRangeFilterOptimizer
[240] WARN TestMethodFilter - NoClassDefFoundError: class org.apache.pinot.core.query.optimizer.filter.MergeEqInFilterOptimizer
[240] WARN TestMethodFilter - NoClassDefFoundError: class org.apache.pinot.core.query.optimizer.filter.NumericalFilterOptimizer
[240] WARN TestMethodFilter - NoClassDefFoundError: class org.apache.pinot.core.query.optimizer.filter.Range
[240] WARN TestMethodFilter - NoClassDefFoundError: class org.apache.pinot.core.query.utils.idset.RoaringBitmapIdSet
[240] WARN TestMethodFilter - NoClassDefFoundError: class org.apache.pinot.core.query.utils.idset.Roaring64NavigableMapIdSet
[240] WARN TestMethodFilter - NoClassDefFoundError: class org.apache.pinot.core.query.utils.idset.IdSets
[241] WARN TestMethodFilter - NoClassDefFoundError: class org.apache.pinot.core.query.utils.TrieNode
[241] WARN TestMethodFilter - NoClassDefFoundError: class org.apache.pinot.core.query.executor.ServerQueryExecutorV1Impl
[241] WARN TestMethodFilter - NoClassDefFoundError: class org.apache.pinot.core.query.request.context.utils.BrokerRequestToQueryContextConverter
[241] WARN TestMethodFilter - NoClassDefFoundError: class org.apache.pinot.core.query.request.context.utils.QueryContextUtils
[241] WARN TestMethodFilter - NoClassDefFoundError: class org.apache.pinot.core.query.request.context.TimerContext
[241] WARN TestMethodFilter - NoClassDefFoundError: class org.apache.pinot.core.query.request.context.QueryContext
[241] WARN TestMethodFilter - NoClassDefFoundError: class org.apache.pinot.core.query.request.ServerQueryRequest
[241] WARN TestMethodFilter - NoClassDefFoundError: class org.apache.pinot.core.query.pruner.DataSchemaSegmentPruner
[241] WARN TestMethodFilter - NoClassDefFoundError: class org.apache.pinot.core.query.pruner.SegmentPrunerProvider
[241] WARN TestMethodFilter - NoClassDefFoundError: class org.apache.pinot.core.query.pruner.SelectionQuerySegmentPruner
[241] WARN TestMethodFilter - NoClassDefFoundError: class org.apache.pinot.core.query.pruner.ValidSegmentPruner
[241] WARN TestMethodFilter - NoClassDefFoundError: class org.apache.pinot.core.query.pruner.ColumnValueSegmentPruner
[242] WARN TestMethodFilter - NoClassDefFoundError: class org.apache.pinot.core.query.reduce.PostAggregationHandler
[242] WARN TestMethodFilter - NoClassDefFoundError: class org.apache.pinot.core.query.reduce.AggregationDataTableReducer
[242] WARN TestMethodFilter - NoClassDefFoundError: class org.apache.pinot.core.query.reduce.GroupByDataTableReducer
[242] WARN TestMethodFilter - NoClassDefFoundError: class org.apache.pinot.core.query.reduce.ExplainPlanDataTableReducer
[242] WARN TestMethodFilter - NoClassDefFoundError: class org.apache.pinot.core.query.reduce.SelectionDataTableReducer
[242] WARN TestMethodFilter - NoClassDefFoundError: class org.apache.pinot.core.query.reduce.GapfillProcessor
[242] WARN TestMethodFilter - NoClassDefFoundError: class org.apache.pinot.core.query.reduce.DistinctDataTableReducer
[242] WARN TestMethodFilter - NoClassDefFoundError: class org.apache.pinot.core.query.reduce.BrokerReduceService
[242] WARN TestMethodFilter - NoClassDefFoundError: class org.apache.pinot.core.query.reduce.SelectionOnlyStreamingReducer
[242] WARN TestMethodFilter - NoClassDefFoundError: class org.apache.pinot.core.query.reduce.StreamingReduceService
[242] WARN TestMethodFilter - NoClassDefFoundError: class org.apache.pinot.core.query.reduce.RowBasedBlockValSet
[242] WARN TestMethodFilter - NoClassDefFoundError: class org.apache.pinot.core.query.reduce.filter.ColumnValueExtractor
[243] WARN TestMethodFilter - NoClassDefFoundError: class org.apache.pinot.core.query.reduce.filter.RowMatcherFactory
[243] WARN TestMethodFilter - NoClassDefFoundError: class org.apache.pinot.core.query.reduce.filter.LiteralValueExtractor
[243] WARN TestMethodFilter - NoClassDefFoundError: class org.apache.pinot.core.query.reduce.GapfillFilterHandler
[243] WARN TestMethodFilter - NoClassDefFoundError: class org.apache.pinot.core.query.aggregation.function.LastLongValueWithTimeAggregationFunction
[243] WARN TestMethodFilter - NoClassDefFoundError: class org.apache.pinot.core.query.aggregation.function.PercentileRawTDigestMVAggregationFunction
[243] WARN TestMethodFilter - NoClassDefFoundError: class org.apache.pinot.core.query.aggregation.function.DistinctCountAggregationFunction
[243] WARN TestMethodFilter - NoClassDefFoundError: class org.apache.pinot.core.query.aggregation.function.DistinctCountThetaSketchAggregationFunction
[243] WARN TestMethodFilter - NoClassDefFoundError: class org.apache.pinot.core.query.aggregation.function.AggregationFunctionFactory
[243] WARN TestMethodFilter - NoClassDefFoundError: class org.apache.pinot.core.query.aggregation.function.PercentileEstMVAggregationFunction
[244] WARN TestMethodFilter - NoClassDefFoundError: class org.apache.pinot.core.query.aggregation.function.PercentileMVAggregationFunction
[244] WARN TestMethodFilter - NoClassDefFoundError: class org.apache.pinot.core.query.aggregation.function.LastDoubleValueWithTimeAggregationFunction
[244] WARN TestMethodFilter - NoClassDefFoundError: class org.apache.pinot.core.query.aggregation.function.PercentileSmartTDigestAggregationFunction
[244] WARN TestMethodFilter - NoClassDefFoundError: class org.apache.pinot.core.query.aggregation.function.SegmentPartitionedDistinctCountAggregationFunction
[244] WARN TestMethodFilter - NoClassDefFoundError: class org.apache.pinot.core.query.aggregation.function.LastIntValueWithTimeAggregationFunction
[244] WARN TestMethodFilter - NoClassDefFoundError: class org.apache.pinot.core.query.aggregation.function.SumAggregationFunction
[244] WARN TestMethodFilter - NoClassDefFoundError: class org.apache.pinot.core.query.aggregation.function.AvgMVAggregationFunction
[244] WARN TestMethodFilter - NoClassDefFoundError: class org.apache.pinot.core.query.aggregation.function.IdSetAggregationFunction
[244] WARN TestMethodFilter - NoClassDefFoundError: class org.apache.pinot.core.query.aggregation.function.DistinctCountMVAggregationFunction
[244] WARN TestMethodFilter - NoClassDefFoundError: class org.apache.pinot.core.query.aggregation.function.DistinctCountRawHLLMVAggregationFunction
[244] WARN TestMethodFilter - NoClassDefFoundError: class org.apache.pinot.core.query.aggregation.function.MaxAggregationFunction
[244] WARN TestMethodFilter - NoClassDefFoundError: class org.apache.pinot.core.query.aggregation.function.MinMVAggregationFunction
[244] WARN TestMethodFilter - NoClassDefFoundError: class org.apache.pinot.core.query.aggregation.function.AvgAggregationFunction
[244] WARN TestMethodFilter - NoClassDefFoundError: class org.apache.pinot.core.query.aggregation.function.StUnionAggregationFunction
[244] WARN TestMethodFilter - NoClassDefFoundError: class org.apache.pinot.core.query.aggregation.function.SumMVAggregationFunction
[245] WARN TestMethodFilter - NoClassDefFoundError: class org.apache.pinot.core.query.aggregation.function.DistinctCountRawHLLAggregationFunction
[245] WARN TestMethodFilter - NoClassDefFoundError: class org.apache.pinot.core.query.aggregation.function.PercentileRawEstMVAggregationFunction
[245] WARN TestMethodFilter - NoClassDefFoundError: class org.apache.pinot.core.query.aggregation.function.MaxMVAggregationFunction
[245] WARN TestMethodFilter - NoClassDefFoundError: class org.apache.pinot.core.query.aggregation.function.DistinctCountBitmapAggregationFunction
[245] WARN TestMethodFilter - NoClassDefFoundError: class org.apache.pinot.core.query.aggregation.function.AggregationFunctionUtils
[245] WARN TestMethodFilter - NoClassDefFoundError: class org.apache.pinot.core.query.aggregation.function.PercentileEstAggregationFunction
[245] WARN TestMethodFilter - NoClassDefFoundError: class org.apache.pinot.core.query.aggregation.function.DistinctCountHLLMVAggregationFunction
[245] WARN TestMethodFilter - NoClassDefFoundError: class org.apache.pinot.core.query.aggregation.function.SumPrecisionAggregationFunction
[245] WARN TestMethodFilter - NoClassDefFoundError: class org.apache.pinot.core.query.aggregation.function.LastFloatValueWithTimeAggregationFunction
[245] WARN TestMethodFilter - NoClassDefFoundError: class org.apache.pinot.core.query.aggregation.function.PercentileTDigestAggregationFunction
[245] WARN TestMethodFilter - NoClassDefFoundError: class org.apache.pinot.core.query.aggregation.function.DistinctCountHLLAggregationFunction
[245] WARN TestMethodFilter - NoClassDefFoundError: class org.apache.pinot.core.query.aggregation.function.PercentileAggregationFunction
[246] WARN TestMethodFilter - NoClassDefFoundError: class org.apache.pinot.core.query.aggregation.function.DistinctCountRawThetaSketchAggregationFunction
[246] WARN TestMethodFilter - NoClassDefFoundError: class org.apache.pinot.core.query.aggregation.function.PercentileRawEstAggregationFunction
[246] WARN TestMethodFilter - NoClassDefFoundError: class org.apache.pinot.core.query.aggregation.function.FastHLLAggregationFunction
[246] WARN TestMethodFilter - NoClassDefFoundError: class org.apache.pinot.core.query.aggregation.function.MinAggregationFunction
[246] WARN TestMethodFilter - NoClassDefFoundError: class org.apache.pinot.core.query.aggregation.function.DistinctAggregationFunction
[246] WARN TestMethodFilter - NoClassDefFoundError: class org.apache.pinot.core.query.aggregation.function.MinMaxRangeMVAggregationFunction
[246] WARN TestMethodFilter - NoClassDefFoundError: class org.apache.pinot.core.query.aggregation.function.PercentileRawTDigestAggregationFunction
[246] WARN TestMethodFilter - NoClassDefFoundError: class org.apache.pinot.core.query.aggregation.function.LastStringValueWithTimeAggregationFunction
[246] WARN TestMethodFilter - NoClassDefFoundError: class org.apache.pinot.core.query.aggregation.function.DistinctCountSmartHLLAggregationFunction
[246] WARN TestMethodFilter - NoClassDefFoundError: class org.apache.pinot.core.query.aggregation.function.PercentileTDigestMVAggregationFunction
[246] WARN TestMethodFilter - NoClassDefFoundError: class org.apache.pinot.core.query.aggregation.function.CountMVAggregationFunction
[246] WARN TestMethodFilter - NoClassDefFoundError: class org.apache.pinot.core.query.aggregation.function.CountAggregationFunction
[246] WARN TestMethodFilter - NoClassDefFoundError: class org.apache.pinot.core.query.aggregation.function.MinMaxRangeAggregationFunction
[247] WARN TestMethodFilter - NoClassDefFoundError: class org.apache.pinot.core.query.aggregation.function.DistinctCountBitmapMVAggregationFunction
[247] WARN TestMethodFilter - NoClassDefFoundError: class org.apache.pinot.core.query.aggregation.function.ModeAggregationFunction
[247] WARN TestMethodFilter - NoClassDefFoundError: class org.apache.pinot.core.query.aggregation.groupby.NoDictionaryMultiColumnGroupKeyGenerator
[247] WARN TestMethodFilter - NoClassDefFoundError: class org.apache.pinot.core.query.aggregation.groupby.utils.DoubleToIdMap
[247] WARN TestMethodFilter - NoClassDefFoundError: class org.apache.pinot.core.query.aggregation.groupby.utils.StringToIdMap
[247] WARN TestMethodFilter - NoClassDefFoundError: class org.apache.pinot.core.query.aggregation.groupby.utils.FloatToIdMap
[247] WARN TestMethodFilter - NoClassDefFoundError: class org.apache.pinot.core.query.aggregation.groupby.utils.IntToIdMap
[247] WARN TestMethodFilter - NoClassDefFoundError: class org.apache.pinot.core.query.aggregation.groupby.utils.LongToIdMap
[247] WARN TestMethodFilter - NoClassDefFoundError: class org.apache.pinot.core.query.aggregation.groupby.utils.BytesToIdMap
[247] WARN TestMethodFilter - NoClassDefFoundError: class org.apache.pinot.core.query.aggregation.groupby.utils.ValueToIdMapFactory
[247] WARN TestMethodFilter - NoClassDefFoundError: class org.apache.pinot.core.query.aggregation.groupby.NoDictionarySingleColumnGroupKeyGenerator
[248] WARN TestMethodFilter - NoClassDefFoundError: class org.apache.pinot.core.query.aggregation.groupby.DictionaryBasedGroupKeyGenerator
[248] WARN TestMethodFilter - NoClassDefFoundError: class org.apache.pinot.core.query.selection.SelectionOperatorService
[248] WARN TestMethodFilter - NoClassDefFoundError: class org.apache.pinot.core.query.selection.SelectionOperatorUtils
[248] WARN TestMethodFilter - NoClassDefFoundError: class org.apache.pinot.core.query.postaggregation.PostAggregationFunction
[248] WARN TestMethodFilter - NoClassDefFoundError: class org.apache.pinot.core.query.distinct.DistinctTable
[248] WARN TestMethodFilter - NoClassDefFoundError: class org.apache.pinot.core.query.distinct.dictionary.DictionaryBasedMultiColumnDistinctOrderByExecutor
[248] WARN TestMethodFilter - NoClassDefFoundError: class org.apache.pinot.core.query.distinct.dictionary.DictionaryBasedSingleColumnDistinctOrderByExecutor
[248] WARN TestMethodFilter - NoClassDefFoundError: class org.apache.pinot.core.query.distinct.dictionary.DictionaryBasedSingleColumnDistinctOnlyExecutor
[248] WARN TestMethodFilter - NoClassDefFoundError: class org.apache.pinot.core.query.distinct.dictionary.DictionaryBasedMultiColumnDistinctOnlyExecutor
[249] WARN TestMethodFilter - NoClassDefFoundError: class org.apache.pinot.core.query.distinct.raw.RawLongSingleColumnDistinctOnlyExecutor
[249] WARN TestMethodFilter - NoClassDefFoundError: class org.apache.pinot.core.query.distinct.raw.RawDoubleSingleColumnDistinctOrderByExecutor
[249] WARN TestMethodFilter - NoClassDefFoundError: class org.apache.pinot.core.query.distinct.raw.RawDoubleSingleColumnDistinctOnlyExecutor
[249] WARN TestMethodFilter - NoClassDefFoundError: class org.apache.pinot.core.query.distinct.raw.RawStringSingleColumnDistinctOrderByExecutor
[249] WARN TestMethodFilter - NoClassDefFoundError: class org.apache.pinot.core.query.distinct.raw.RawFloatSingleColumnDistinctOrderByExecutor
[249] WARN TestMethodFilter - NoClassDefFoundError: class org.apache.pinot.core.query.distinct.raw.RawFloatSingleColumnDistinctOnlyExecutor
[249] WARN TestMethodFilter - NoClassDefFoundError: class org.apache.pinot.core.query.distinct.raw.RawLongSingleColumnDistinctOrderByExecutor
[249] WARN TestMethodFilter - NoClassDefFoundError: class org.apache.pinot.core.query.distinct.raw.RawIntSingleColumnDistinctOrderByExecutor
[249] WARN TestMethodFilter - NoClassDefFoundError: class org.apache.pinot.core.query.distinct.raw.RawBytesSingleColumnDistinctOnlyExecutor
[249] WARN TestMethodFilter - NoClassDefFoundError: class org.apache.pinot.core.query.distinct.raw.RawBytesSingleColumnDistinctOrderByExecutor
[249] WARN TestMethodFilter - NoClassDefFoundError: class org.apache.pinot.core.query.distinct.raw.RawIntSingleColumnDistinctOnlyExecutor
[249] WARN TestMethodFilter - NoClassDefFoundError: class org.apache.pinot.core.query.distinct.raw.RawStringSingleColumnDistinctOnlyExecutor
[250] WARN TestMethodFilter - NoClassDefFoundError: class org.apache.pinot.core.transport.ServerInstance
[250] WARN TestMethodFilter - NoClassDefFoundError: class org.apache.pinot.core.transport.ServerChannels
[250] WARN TestMethodFilter - NoClassDefFoundError: class org.apache.pinot.core.transport.QueryRouter
[250] WARN TestMethodFilter - NoClassDefFoundError: class org.apache.pinot.core.transport.QueryServer
[250] WARN TestMethodFilter - NoClassDefFoundError: class org.apache.pinot.core.transport.ServerResponse
[251] WARN TestMethodFilter - NoClassDefFoundError: class org.apache.pinot.core.transport.AsyncQueryResponse
[251] WARN TestMethodFilter - NoClassDefFoundError: class org.apache.pinot.core.transport.ServerRoutingInstance
[251] WARN TestMethodFilter - NoClassDefFoundError: class org.apache.pinot.core.transport.ListenerConfig
[251] WARN TestMethodFilter - NoClassDefFoundError: class org.apache.pinot.core.segment.processing.transformer.NoOpRecordTransformer
[251] WARN TestMethodFilter - NoClassDefFoundError: class org.apache.pinot.core.segment.processing.transformer.TransformFunctionRecordTransformer
[251] WARN TestMethodFilter - NoClassDefFoundError: class org.apache.pinot.core.segment.processing.partitioner.NoOpPartitioner
[251] WARN TestMethodFilter - NoClassDefFoundError: class org.apache.pinot.core.segment.processing.partitioner.TransformFunctionPartitioner
[251] WARN TestMethodFilter - NoClassDefFoundError: class org.apache.pinot.core.segment.processing.partitioner.TableConfigPartitioner
[251] WARN TestMethodFilter - NoClassDefFoundError: class org.apache.pinot.core.segment.processing.partitioner.ColumnValuePartitioner
[251] WARN TestMethodFilter - NoClassDefFoundError: class org.apache.pinot.core.segment.processing.partitioner.PartitionerConfig
[251] WARN TestMethodFilter - NoClassDefFoundError: class org.apache.pinot.core.segment.processing.partitioner.RoundRobinPartitioner
[251] WARN TestMethodFilter - NoClassDefFoundError: class org.apache.pinot.core.segment.processing.framework.SegmentProcessorConfig
[251] WARN TestMethodFilter - NoClassDefFoundError: class org.apache.pinot.core.segment.processing.framework.SegmentProcessorFramework
[252] WARN TestMethodFilter - NoClassDefFoundError: class org.apache.pinot.core.segment.processing.aggregator.ValueAggregatorFactory
[252] WARN TestMethodFilter - NoClassDefFoundError: class org.apache.pinot.core.segment.processing.utils.SegmentProcessorUtils
[252] WARN TestMethodFilter - NoClassDefFoundError: class org.apache.pinot.core.segment.processing.mapper.SegmentMapper
[252] WARN TestMethodFilter - NoClassDefFoundError: class org.apache.pinot.core.segment.processing.timehandler.EpochTimeHandler
[252] WARN TestMethodFilter - NoClassDefFoundError: class org.apache.pinot.core.segment.processing.timehandler.NoOpTimeHandler
[252] WARN TestMethodFilter - NoClassDefFoundError: class org.apache.pinot.core.segment.processing.reducer.RollupReducer
[252] WARN TestMethodFilter - NoClassDefFoundError: class org.apache.pinot.core.segment.processing.filter.NoOpRecordFilter
[252] WARN TestMethodFilter - NoClassDefFoundError: class org.apache.pinot.core.segment.processing.filter.FunctionEvaluatorRecordFilter
[253] WARN TestMethodFilter - NoClassDefFoundError: class org.apache.pinot.core.segment.processing.genericrow.GenericRowFileReader
[253] WARN TestMethodFilter - NoClassDefFoundError: class org.apache.pinot.core.segment.processing.genericrow.GenericRowSerializer
[253] WARN TestMethodFilter - NoClassDefFoundError: class org.apache.pinot.core.segment.processing.genericrow.GenericRowDeserializer
[253] WARN TestMethodFilter - NoClassDefFoundError: class org.apache.pinot.core.segment.processing.genericrow.GenericRowFileWriter
[253] WARN TestMethodFilter - NoClassDefFoundError: class org.apache.pinot.core.geospatial.transform.function.StEqualsFunction
[253] WARN TestMethodFilter - NoClassDefFoundError: class org.apache.pinot.core.geospatial.transform.function.StContainsFunction
[253] WARN TestMethodFilter - NoClassDefFoundError: class org.apache.pinot.core.geospatial.transform.function.StGeogFromWKBFunction
[253] WARN TestMethodFilter - NoClassDefFoundError: class org.apache.pinot.core.geospatial.transform.function.StPolygonFunction
[253] WARN TestMethodFilter - NoClassDefFoundError: class org.apache.pinot.core.geospatial.transform.function.StGeomFromWKBFunction
[253] WARN TestMethodFilter - NoClassDefFoundError: class org.apache.pinot.core.geospatial.transform.function.StGeomFromTextFunction
[254] WARN TestMethodFilter - NoClassDefFoundError: class org.apache.pinot.core.geospatial.transform.function.StDistanceFunction
[254] WARN TestMethodFilter - NoClassDefFoundError: class org.apache.pinot.core.geospatial.transform.function.ScalarFunctions
[254] WARN TestMethodFilter - NoClassDefFoundError: class org.apache.pinot.core.geospatial.transform.function.StAreaFunction
[254] WARN TestMethodFilter - NoClassDefFoundError: class org.apache.pinot.core.geospatial.transform.function.StGeogFromTextFunction
[254] WARN TestMethodFilter - NoClassDefFoundError: class org.apache.pinot.core.geospatial.transform.function.StWithinFunction
[254] WARN TestMethodFilter - NoClassDefFoundError: class org.apache.pinot.core.util.SegmentCompletionProtocolUtils
[254] WARN TestMethodFilter - NoClassDefFoundError: class org.apache.pinot.core.util.trace.TracedThreadFactory
[255] WARN TestMethodFilter - NoClassDefFoundError: class org.apache.pinot.core.util.IntObjectIndexedPriorityQueue
[255] WARN TestMethodFilter - NoClassDefFoundError: class org.apache.pinot.core.util.SegmentProcessorAvroUtils
[255] WARN TestMethodFilter - NoClassDefFoundError: class org.apache.pinot.core.util.ListenerConfigUtil
[255] WARN TestMethodFilter - NoClassDefFoundError: class org.apache.pinot.core.util.IntDoubleIndexedPriorityQueue
[255] WARN TestMethodFilter - NoClassDefFoundError: class org.apache.pinot.core.util.PeerServerSegmentFinder
[255] WARN TestMethodFilter - NoClassDefFoundError: class org.apache.pinot.core.util.GapfillUtils
[255] WARN TestMethodFilter - NoClassDefFoundError: class org.apache.pinot.core.requesthandler.PinotQueryParserFactory
[255] WARN TestMethodFilter - NoClassDefFoundError: class org.apache.pinot.core.operator.dociditerators.MVScanDocIdIterator
[255] WARN TestMethodFilter - NoClassDefFoundError: class org.apache.pinot.core.operator.dociditerators.RangelessBitmapDocIdIterator
[255] WARN TestMethodFilter - NoClassDefFoundError: class org.apache.pinot.core.operator.dociditerators.SVScanDocIdIterator
[255] WARN TestMethodFilter - NoClassDefFoundError: class org.apache.pinot.core.operator.dociditerators.BitmapDocIdIterator
[255] WARN TestMethodFilter - NoClassDefFoundError: class org.apache.pinot.core.operator.dociditerators.ExpressionScanDocIdIterator
[256] WARN TestMethodFilter - NoClassDefFoundError: class org.apache.pinot.core.operator.AcquireReleaseColumnsSegmentOperator
[256] WARN TestMethodFilter - NoClassDefFoundError: class org.apache.pinot.core.operator.StreamingInstanceResponseOperator
[256] WARN TestMethodFilter - NoClassDefFoundError: class org.apache.pinot.core.operator.transform.TransformResultMetadata
[256] WARN TestMethodFilter - NoClassDefFoundError: class org.apache.pinot.core.operator.transform.TransformOperator
[256] WARN TestMethodFilter - NoClassDefFoundError: class org.apache.pinot.core.operator.transform.function.JsonExtractKeyTransformFunction
[256] WARN TestMethodFilter - NoClassDefFoundError: class org.apache.pinot.core.operator.transform.function.JsonExtractScalarTransformFunction
[257] WARN TestMethodFilter - NoClassDefFoundError: class org.apache.pinot.core.operator.transform.function.TransformFunctionFactory
[257] WARN TestMethodFilter - NoClassDefFoundError: class org.apache.pinot.core.operator.transform.function.LeastTransformFunction
[257] WARN TestMethodFilter - NoClassDefFoundError: class org.apache.pinot.core.operator.transform.function.LiteralTransformFunction
[257] WARN TestMethodFilter - NoClassDefFoundError: class org.apache.pinot.core.operator.transform.function.IdentifierTransformFunction
[257] WARN TestMethodFilter - NoClassDefFoundError: class org.apache.pinot.core.operator.transform.function.MapValueTransformFunction
[257] WARN TestMethodFilter - NoClassDefFoundError: class org.apache.pinot.core.operator.transform.function.ValueInTransformFunction
[257] WARN TestMethodFilter - NoClassDefFoundError: class org.apache.pinot.core.operator.transform.function.GreatestTransformFunction
[258] WARN TestMethodFilter - NoClassDefFoundError: class org.apache.pinot.core.operator.transform.PassThroughTransformOperator
[258] WARN TestMethodFilter - NoClassDefFoundError: class org.apache.pinot.core.operator.streaming.StreamingSelectionOnlyCombineOperator
[258] WARN TestMethodFilter - NoClassDefFoundError: class org.apache.pinot.core.operator.streaming.StreamingSelectionOnlyOperator
[258] WARN TestMethodFilter - NoClassDefFoundError: class org.apache.pinot.core.operator.streaming.StreamingResponseUtils
[258] WARN TestMethodFilter - NoClassDefFoundError: class org.apache.pinot.core.operator.query.SelectionOnlyOperator
[258] WARN TestMethodFilter - NoClassDefFoundError: class org.apache.pinot.core.operator.query.AggregationGroupByOrderByOperator
[258] WARN TestMethodFilter - NoClassDefFoundError: class org.apache.pinot.core.operator.query.AggregationGroupByOperator
[258] WARN TestMethodFilter - NoClassDefFoundError: class org.apache.pinot.core.operator.query.DistinctOperator
[258] WARN TestMethodFilter - NoClassDefFoundError: class org.apache.pinot.core.operator.query.SelectionOrderByOperator
[258] WARN TestMethodFilter - NoClassDefFoundError: class org.apache.pinot.core.operator.query.FilteredAggregationOperator
[258] WARN TestMethodFilter - NoClassDefFoundError: class org.apache.pinot.core.operator.query.EmptySelectionOperator
[258] WARN TestMethodFilter - NoClassDefFoundError: class org.apache.pinot.core.operator.query.NonScanBasedAggregationOperator
[258] WARN TestMethodFilter - NoClassDefFoundError: class org.apache.pinot.core.operator.query.DictionaryBasedDistinctOperator
[259] WARN TestMethodFilter - NoClassDefFoundError: class org.apache.pinot.core.operator.query.AggregationOperator
[259] WARN TestMethodFilter - NoClassDefFoundError: class org.apache.pinot.core.operator.query.FastFilteredCountOperator
[259] WARN TestMethodFilter - NoClassDefFoundError: class org.apache.pinot.core.operator.DocIdSetOperator
[259] WARN TestMethodFilter - NoClassDefFoundError: class org.apache.pinot.core.operator.blocks.InstanceResponseBlock
[259] WARN TestMethodFilter - NoClassDefFoundError: class org.apache.pinot.core.operator.blocks.PassThroughTransformBlock
[259] WARN TestMethodFilter - NoClassDefFoundError: class org.apache.pinot.core.operator.blocks.IntermediateResultsBlock
[259] WARN TestMethodFilter - NoClassDefFoundError: class org.apache.pinot.core.operator.blocks.ProjectionBlock
[259] WARN TestMethodFilter - NoClassDefFoundError: class org.apache.pinot.core.operator.blocks.TransformBlock
[259] WARN TestMethodFilter - NoClassDefFoundError: class org.apache.pinot.core.operator.InstanceResponseOperator
[259] WARN TestMethodFilter - NoClassDefFoundError: class org.apache.pinot.core.operator.BitmapDocIdSetOperator
[259] WARN TestMethodFilter - NoClassDefFoundError: class org.apache.pinot.core.operator.combine.AggregationOnlyCombineOperator
[259] WARN TestMethodFilter - NoClassDefFoundError: class org.apache.pinot.core.operator.combine.SelectionOnlyCombineOperator
[259] WARN TestMethodFilter - NoClassDefFoundError: class org.apache.pinot.core.operator.combine.MinMaxValueBasedSelectionOrderByCombineOperator
[259] WARN TestMethodFilter - NoClassDefFoundError: class org.apache.pinot.core.operator.combine.SelectionOrderByCombineOperator
[259] WARN TestMethodFilter - NoClassDefFoundError: class org.apache.pinot.core.operator.combine.GroupByCombineOperator
[259] WARN TestMethodFilter - NoClassDefFoundError: class org.apache.pinot.core.operator.combine.GroupByOrderByCombineOperator
[260] WARN TestMethodFilter - NoClassDefFoundError: class org.apache.pinot.core.operator.combine.DistinctCombineOperator
[260] WARN TestMethodFilter - NoClassDefFoundError: class org.apache.pinot.core.operator.ProjectionOperator
[260] WARN TestMethodFilter - NoClassDefFoundError: class org.apache.pinot.core.operator.filter.H3IndexFilterOperator
[260] WARN TestMethodFilter - NoClassDefFoundError: class org.apache.pinot.core.operator.filter.ExpressionFilterOperator
[260] WARN TestMethodFilter - NoClassDefFoundError: class org.apache.pinot.core.operator.filter.predicate.InPredicateEvaluatorFactory
[260] WARN TestMethodFilter - NoClassDefFoundError: class org.apache.pinot.core.operator.filter.predicate.PredicateUtils
[260] WARN TestMethodFilter - NoClassDefFoundError: class org.apache.pinot.core.operator.filter.predicate.NotEqualsPredicateEvaluatorFactory
[260] WARN TestMethodFilter - NoClassDefFoundError: class org.apache.pinot.core.operator.filter.predicate.RegexpLikePredicateEvaluatorFactory
[260] WARN TestMethodFilter - NoClassDefFoundError: class org.apache.pinot.core.operator.filter.predicate.RangePredicateEvaluatorFactory
[260] WARN TestMethodFilter - NoClassDefFoundError: class org.apache.pinot.core.operator.filter.predicate.FSTBasedRegexpPredicateEvaluatorFactory
[260] WARN TestMethodFilter - NoClassDefFoundError: class org.apache.pinot.core.operator.filter.predicate.EqualsPredicateEvaluatorFactory
[260] WARN TestMethodFilter - NoClassDefFoundError: class org.apache.pinot.core.operator.filter.predicate.NotInPredicateEvaluatorFactory
[260] WARN TestMethodFilter - NoClassDefFoundError: class org.apache.pinot.core.operator.filter.predicate.PredicateEvaluatorProvider
[260] WARN TestMethodFilter - NoClassDefFoundError: class org.apache.pinot.core.operator.filter.BitmapCollection
[260] WARN TestMethodFilter - NoClassDefFoundError: class org.apache.pinot.core.operator.filter.TextMatchFilterOperator
[261] WARN TestMethodFilter - NoClassDefFoundError: class org.apache.pinot.core.operator.filter.OrFilterOperator
[261] WARN TestMethodFilter - NoClassDefFoundError: class org.apache.pinot.core.operator.filter.MatchAllFilterOperator
[261] WARN TestMethodFilter - NoClassDefFoundError: class org.apache.pinot.core.operator.filter.CombinedFilterOperator
[261] WARN TestMethodFilter - NoClassDefFoundError: class org.apache.pinot.core.operator.filter.FilterOperatorUtils
[261] WARN TestMethodFilter - NoClassDefFoundError: class org.apache.pinot.core.operator.filter.AndFilterOperator
[261] WARN TestMethodFilter - NoClassDefFoundError: class org.apache.pinot.core.operator.filter.EmptyFilterOperator
[261] WARN TestMethodFilter - NoClassDefFoundError: class org.apache.pinot.core.operator.filter.ScanBasedFilterOperator
[261] WARN TestMethodFilter - NoClassDefFoundError: class org.apache.pinot.core.operator.filter.JsonMatchFilterOperator
[261] WARN TestMethodFilter - NoClassDefFoundError: class org.apache.pinot.core.operator.filter.BitmapBasedFilterOperator
[261] WARN TestMethodFilter - NoClassDefFoundError: class org.apache.pinot.core.operator.filter.NotFilterOperator
[261] WARN TestMethodFilter - NoClassDefFoundError: class org.apache.pinot.core.operator.filter.SortedIndexBasedFilterOperator
[261] WARN TestMethodFilter - NoClassDefFoundError: class org.apache.pinot.core.operator.filter.RangeIndexBasedFilterOperator
[261] WARN TestMethodFilter - NoClassDefFoundError: class org.apache.pinot.core.operator.filter.ContainsFilterOperator
[261] WARN TestMethodFilter - NoClassDefFoundError: class org.apache.pinot.core.operator.docvalsets.TransformBlockValSet
[261] WARN TestMethodFilter - NoClassDefFoundError: class org.apache.pinot.core.operator.docvalsets.ProjectionBlockValSet
[261] WARN TestMethodFilter - NoClassDefFoundError: class org.apache.pinot.core.operator.docidsets.OrDocIdSet
[261] WARN TestMethodFilter - NoClassDefFoundError: class org.apache.pinot.core.operator.docidsets.AndDocIdSet
[262] WARN TestMethodFilter - NoClassDefFoundError: class org.apache.pinot.core.metadata.DefaultMetadataExtractor
[262] WARN TestMethodFilter - NoClassDefFoundError: class org.apache.pinot.queries.JsonMatchQueriesTest
[262] WARN TestMethodFilter - NoClassDefFoundError: class org.apache.pinot.queries.CastQueriesTest
[262] WARN TestMethodFilter - NoClassDefFoundError: class org.apache.pinot.queries.InterSegmentAggregationMultiValueQueriesTest
[262] WARN TestMethodFilter - NoClassDefFoundError: class org.apache.pinot.queries.RangeQueriesTest
[262] WARN TestMethodFilter - NoClassDefFoundError: class org.apache.pinot.queries.NoDictionaryCompressionQueriesTest
[262] WARN TestMethodFilter - NoClassDefFoundError: class org.apache.pinot.queries.SegmentWithNullValueVectorTest
[262] WARN TestMethodFilter - NoClassDefFoundError: class org.apache.pinot.queries.InterSegmentAggregationSingleValueQueriesTest
[263] WARN TestMethodFilter - NoClassDefFoundError: class org.apache.pinot.queries.GapfillQueriesTest
[263] WARN TestMethodFilter - NoClassDefFoundError: class org.apache.pinot.queries.QueriesTestUtils
[264] WARN TestMethodFilter - NoClassDefFoundError: class org.apache.pinot.queries.DistinctCountBitmapQueriesTest
[264] WARN TestMethodFilter - NoClassDefFoundError: class org.apache.pinot.queries.IdSetQueriesTest
[264] WARN TestMethodFilter - NoClassDefFoundError: class org.apache.pinot.queries.InnerSegmentSelectionSingleValueQueriesTest
[264] WARN TestMethodFilter - NoClassDefFoundError: class org.apache.pinot.queries.SumPrecisionQueriesTest
[264] WARN TestMethodFilter - NoClassDefFoundError: class org.apache.pinot.queries.NotOperatorQueriesTest
[264] WARN TestMethodFilter - NoClassDefFoundError: class org.apache.pinot.queries.InterSegmentResultTableSingleValueQueriesTest
[264] WARN TestMethodFilter - NoClassDefFoundError: class org.apache.pinot.queries.PercentileTDigestMVQueriesTest
[264] WARN TestMethodFilter - NoClassDefFoundError: class org.apache.pinot.queries.JsonDataTypeQueriesTest
[264] WARN TestMethodFilter - NoClassDefFoundError: class org.apache.pinot.queries.InterSegmentResultTableMultiValueQueriesTest
[265] WARN TestMethodFilter - NoClassDefFoundError: class org.apache.pinot.queries.TimestampQueriesTest
[265] WARN TestMethodFilter - NoClassDefFoundError: class org.apache.pinot.queries.H3IndexQueriesTest
[265] WARN TestMethodFilter - NoClassDefFoundError: class org.apache.pinot.queries.InnerSegmentSelectionMultiValueQueriesTest
[265] WARN TestMethodFilter - NoClassDefFoundError: class org.apache.pinot.queries.UrlFunctionGroupByTest
[265] WARN TestMethodFilter - NoClassDefFoundError: class org.apache.pinot.queries.InnerSegmentAggregationMultiValueQueriesTest
[265] WARN TestMethodFilter - NoClassDefFoundError: class org.apache.pinot.queries.LastWithTimeQueriesTest
[265] WARN TestMethodFilter - NoClassDefFoundError: class org.apache.pinot.queries.FastHllQueriesTest
[265] WARN TestMethodFilter - NoClassDefFoundError: class org.apache.pinot.queries.JsonExtractScalarTest
[266] WARN TestMethodFilter - NoClassDefFoundError: class org.apache.pinot.queries.ModeQueriesTest
[266] WARN TestMethodFilter - NoClassDefFoundError: class org.apache.pinot.queries.InnerSegmentAggregationSingleValueQueriesTest
[266] WARN TestMethodFilter - NoClassDefFoundError: class org.apache.pinot.queries.TextSearchQueriesTest
[266] WARN TestMethodFilter - NoClassDefFoundError: class org.apache.pinot.queries.TransformQueriesTest
[266] WARN TestMethodFilter - NoClassDefFoundError: class org.apache.pinot.queries.PercentileTDigestQueriesTest
[266] WARN TestMethodFilter - NoClassDefFoundError: class org.apache.pinot.queries.JsonIngestionFromAvroQueriesTest
[266] WARN TestMethodFilter - NoClassDefFoundError: class org.apache.pinot.queries.RangePredicateWithSortedInvertedIndexTest
[266] WARN TestMethodFilter - NoClassDefFoundError: class org.apache.pinot.queries.DistinctCountQueriesTest
[267] WARN TestMethodFilter - NoClassDefFoundError: class org.apache.pinot.queries.DistinctCountThetaSketchQueriesTest
[267] WARN TestMethodFilter - NoClassDefFoundError: class org.apache.pinot.queries.NativeAndLuceneComparisonTest
[267] WARN TestMethodFilter - NoClassDefFoundError: class org.apache.pinot.queries.SerializedBytesQueriesTest
[267] WARN TestMethodFilter - NoClassDefFoundError: class org.apache.pinot.queries.FilteredAggregationsTest
[267] WARN TestMethodFilter - NoClassDefFoundError: class org.apache.pinot.queries.InterSegmentOrderBySingleValueQueriesTest
[267] WARN TestMethodFilter - NoClassDefFoundError: class org.apache.pinot.queries.StUnionQueriesTest
[267] WARN TestMethodFilter - NoClassDefFoundError: class org.apache.pinot.queries.DistinctQueriesTest
[267] WARN TestMethodFilter - NoClassDefFoundError: class org.apache.pinot.queries.JsonPathQueriesTest
[267] WARN TestMethodFilter - NoClassDefFoundError: class org.apache.pinot.queries.FSTBasedRegexpLikeQueriesTest
[267] WARN TestMethodFilter - NoClassDefFoundError: class org.apache.pinot.queries.FastFilteredCountTest
[268] WARN TestMethodFilter - NoClassDefFoundError: class org.apache.pinot.queries.ExplainPlanQueriesTest
[268] WARN TestMethodFilter - NoClassDefFoundError: class org.apache.pinot.queries.BooleanQueriesTest
[268] WARN TestMethodFilter - NoClassDefFoundError: class org.apache.pinot.queries.SegmentPartitionedDistinctCountQueriesTest
[268] WARN TestMethodFilter - NoClassDefFoundError: class org.apache.pinot.queries.SumGreatestLeastQueriesTest
[268] WARN TestMethodFilter - NoClassDefFoundError: class org.apache.pinot.queries.InterSegmentOrderByMultiValueQueriesTest
[269] WARN TestMethodFilter - NoClassDefFoundError: class org.apache.pinot.core.startree.v2.PreAggregatedDistinctCountHLLStarTreeV2Test
[269] WARN TestMethodFilter - NoClassDefFoundError: class org.apache.pinot.core.startree.v2.CountStarTreeV2Test
[269] WARN TestMethodFilter - NoClassDefFoundError: class org.apache.pinot.core.startree.v2.MinMaxRangeStarTreeV2Test
[269] WARN TestMethodFilter - NoClassDefFoundError: class org.apache.pinot.core.startree.v2.AvgStarTreeV2Test
[270] WARN TestMethodFilter - NoClassDefFoundError: class org.apache.pinot.core.startree.v2.MinStarTreeV2Test
[270] WARN TestMethodFilter - NoClassDefFoundError: class org.apache.pinot.core.startree.v2.PercentileEstStarTreeV2Test
[270] WARN TestMethodFilter - NoClassDefFoundError: class org.apache.pinot.core.startree.v2.PreAggregatedAvgStarTreeV2Test
[270] WARN TestMethodFilter - NoClassDefFoundError: class org.apache.pinot.core.startree.v2.PreAggregatedPercentileTDigestStarTreeV2Test
[270] WARN TestMethodFilter - NoClassDefFoundError: class org.apache.pinot.core.startree.v2.PreAggregatedMinMaxRangeStarTreeV2Test
[271] WARN TestMethodFilter - NoClassDefFoundError: class org.apache.pinot.core.startree.v2.DistinctCountHLLStarTreeV2Test
[271] WARN TestMethodFilter - NoClassDefFoundError: class org.apache.pinot.core.startree.v2.SumPrecisionStarTreeV2Test
[271] WARN TestMethodFilter - NoClassDefFoundError: class org.apache.pinot.core.startree.v2.DistinctCountBitmapStarTreeV2Test
[271] WARN TestMethodFilter - NoClassDefFoundError: class org.apache.pinot.core.startree.v2.MaxStarTreeV2Test
[271] WARN TestMethodFilter - NoClassDefFoundError: class org.apache.pinot.core.startree.v2.PreAggregatedPercentileEstStarTreeV2Test
[272] WARN TestMethodFilter - NoClassDefFoundError: class org.apache.pinot.core.startree.v2.SumStarTreeV2Test
[272] WARN TestMethodFilter - NoClassDefFoundError: class org.apache.pinot.core.startree.v2.PercentileTDigestStarTreeV2Test
[272] WARN TestMethodFilter - NoClassDefFoundError: class org.apache.pinot.core.plan.maker.MetadataAndDictionaryAggregationPlanMakerTest
[272] WARN TestMethodFilter - NoClassDefFoundError: class org.apache.pinot.core.plan.maker.QueryOverrideWithHintsTest
[272] WARN TestMethodFilter - NoClassDefFoundError: class org.apache.pinot.core.plan.FilterPlanNodeTest
[272] WARN TestMethodFilter - NoClassDefFoundError: class org.apache.pinot.core.common.ObjectSerDeUtilsTest
[273] WARN TestMethodFilter - NoClassDefFoundError: class org.apache.pinot.core.common.DataFetcherTest
[273] WARN TestMethodFilter - NoClassDefFoundError: class org.apache.pinot.core.common.datatable.DataTableSerDeTest
[273] WARN TestMethodFilter - NoClassDefFoundError: class org.apache.pinot.core.data.manager.realtime.PinotFSSegmentUploaderTest
[273] WARN TestMethodFilter - NoClassDefFoundError: class org.apache.pinot.core.data.manager.realtime.LLRealtimeSegmentDataManagerTest
[273] WARN TestMethodFilter - NoClassDefFoundError: class org.apache.pinot.core.data.manager.realtime.Server2ControllerSegmentUploaderTest
[273] WARN TestMethodFilter - NoClassDefFoundError: class org.apache.pinot.core.data.manager.offline.DimensionTableDataManagerTest
[273] WARN TestMethodFilter - NoClassDefFoundError: class org.apache.pinot.core.data.manager.BaseTableDataManagerAcquireSegmentTest
[273] WARN TestMethodFilter - NoClassDefFoundError: class org.apache.pinot.core.data.manager.BaseTableDataManagerTest
[273] WARN TestMethodFilter - NoClassDefFoundError: class org.apache.pinot.core.data.function.DateTimeFunctionsTest
[273] WARN TestMethodFilter - NoClassDefFoundError: class org.apache.pinot.core.data.function.ArrayFunctionsTest
[273] WARN TestMethodFilter - NoClassDefFoundError: class org.apache.pinot.core.data.function.GroovyFunctionEvaluatorTest
[274] WARN TestMethodFilter - NoClassDefFoundError: class org.apache.pinot.core.data.function.ArithmeticFunctionsTest
[274] WARN TestMethodFilter - NoClassDefFoundError: class org.apache.pinot.core.data.function.JsonFunctionsTest
[274] WARN TestMethodFilter - NoClassDefFoundError: class org.apache.pinot.core.data.table.TableResizerTest
[275] WARN TestMethodFilter - NoClassDefFoundError: class org.apache.pinot.core.realtime.impl.fakestream.FakeStreamConfigUtils
[275] WARN TestMethodFilter - NoClassDefFoundError: class org.apache.pinot.core.minion.SegmentPurgerTest
[275] WARN TestMethodFilter - NoClassDefFoundError: class org.apache.pinot.core.query.scheduler.TestSchedulerGroupFactory
[276] WARN TestMethodFilter - NoClassDefFoundError: class org.apache.pinot.core.query.scheduler.resources.ResourceManagerTest
[276] WARN TestMethodFilter - NoClassDefFoundError: class org.apache.pinot.core.query.scheduler.TestHelper
[276] WARN TestMethodFilter - NoClassDefFoundError: class org.apache.pinot.core.query.scheduler.MultiLevelPriorityQueueTest
[276] WARN TestMethodFilter - NoClassDefFoundError: class org.apache.pinot.core.query.optimizer.statement.TestHelper
[277] WARN TestMethodFilter - NoClassDefFoundError: class org.apache.pinot.core.query.optimizer.QueryOptimizerTest
[277] WARN TestMethodFilter - NoClassDefFoundError: class org.apache.pinot.core.query.executor.QueryExecutorExceptionsTest
[277] WARN TestMethodFilter - NoClassDefFoundError: class org.apache.pinot.core.query.executor.QueryExecutorTest
[277] WARN TestMethodFilter - NoClassDefFoundError: class org.apache.pinot.core.query.request.context.utils.BrokerRequestToQueryContextConverterTest
[277] WARN TestMethodFilter - NoClassDefFoundError: class org.apache.pinot.core.query.pruner.ColumnValueSegmentPrunerTest
[277] WARN TestMethodFilter - NoClassDefFoundError: class org.apache.pinot.core.query.pruner.SelectionQuerySegmentPrunerTest
[278] WARN TestMethodFilter - NoClassDefFoundError: class org.apache.pinot.core.query.reduce.StreamingReduceServiceTest
[278] WARN TestMethodFilter - NoClassDefFoundError: class org.apache.pinot.core.query.aggregation.DefaultAggregationExecutorTest
[278] WARN TestMethodFilter - NoClassDefFoundError: class org.apache.pinot.core.query.aggregation.function.AggregationFunctionFactoryTest
[278] WARN TestMethodFilter - NoClassDefFoundError: class org.apache.pinot.core.query.aggregation.groupby.NoDictionaryGroupKeyGeneratorTest
[278] WARN TestMethodFilter - NoClassDefFoundError: class org.apache.pinot.core.query.aggregation.groupby.DictionaryBasedGroupKeyGeneratorTest
[279] WARN TestMethodFilter - NoClassDefFoundError: class org.apache.pinot.core.query.aggregation.groupby.GroupByTrimTest
[279] WARN TestMethodFilter - NoClassDefFoundError: class org.apache.pinot.core.query.postaggregation.PostAggregationFunctionTest
[279] WARN TestMethodFilter - NoClassDefFoundError: class org.apache.pinot.core.transport.QueryRoutingTest
[280] WARN TestMethodFilter - NoClassDefFoundError: class org.apache.pinot.core.segment.processing.framework.SegmentMapperTest
[280] WARN TestMethodFilter - NoClassDefFoundError: class org.apache.pinot.core.segment.processing.framework.SegmentProcessorFrameworkTest
[280] WARN TestMethodFilter - NoClassDefFoundError: class org.apache.pinot.core.geospatial.transform.GeoInputOutputTest
[280] WARN TestMethodFilter - NoClassDefFoundError: class org.apache.pinot.core.geospatial.transform.StPointFunctionTest
[280] WARN TestMethodFilter - NoClassDefFoundError: class org.apache.pinot.core.geospatial.transform.StAreaFunctionTest
[280] WARN TestMethodFilter - NoClassDefFoundError: class org.apache.pinot.core.geospatial.transform.StContainsFunctionTest
[281] WARN TestMethodFilter - NoClassDefFoundError: class org.apache.pinot.core.geospatial.transform.StWithinFunctionTest
[281] WARN TestMethodFilter - NoClassDefFoundError: class org.apache.pinot.core.geospatial.transform.StDistanceFunctionTest
[281] WARN TestMethodFilter - NoClassDefFoundError: class org.apache.pinot.core.geospatial.transform.StGeometryTypeFunctionTest
[281] WARN TestMethodFilter - NoClassDefFoundError: class org.apache.pinot.core.geospatial.transform.StEqualFunctionTest
[281] WARN TestMethodFilter - NoClassDefFoundError: class org.apache.pinot.core.geospatial.transform.GeoToH3FunctionTest
[281] WARN TestMethodFilter - NoClassDefFoundError: class org.apache.pinot.core.geospatial.serde.GeometrySerdeTest
[281] WARN TestMethodFilter - NoClassDefFoundError: class org.apache.pinot.core.util.CrcUtilsTest
[281] WARN TestMethodFilter - NoClassDefFoundError: class org.apache.pinot.core.util.SchemaUtilsTest
[282] WARN TestMethodFilter - NoClassDefFoundError: class org.apache.pinot.core.operator.dociditerators.OrDocIdIteratorTest
[282] WARN TestMethodFilter - NoClassDefFoundError: class org.apache.pinot.core.operator.dociditerators.NotDocIdIteratorTest
[282] WARN TestMethodFilter - NoClassDefFoundError: class org.apache.pinot.core.operator.dociditerators.BitmapDocIdIteratorTest
[282] WARN TestMethodFilter - NoClassDefFoundError: class org.apache.pinot.core.operator.dociditerators.AndDocIdIteratorTest
[282] WARN TestMethodFilter - NoClassDefFoundError: class org.apache.pinot.core.operator.transform.function.AdditionTransformFunctionTest
[283] WARN TestMethodFilter - NoClassDefFoundError: class org.apache.pinot.core.operator.transform.function.RoundDecimalTransformFunctionTest
[283] WARN TestMethodFilter - NoClassDefFoundError: class org.apache.pinot.core.operator.transform.function.ArrayLengthTransformFunctionTest
[283] WARN TestMethodFilter - NoClassDefFoundError: class org.apache.pinot.core.operator.transform.function.AndOperatorTransformFunctionTest
[283] WARN TestMethodFilter - NoClassDefFoundError: class org.apache.pinot.core.operator.transform.function.JsonExtractScalarTransformFunctionTest
[283] WARN TestMethodFilter - NoClassDefFoundError: class org.apache.pinot.core.operator.transform.function.LessThanOrEqualTransformFunctionTest
[283] WARN TestMethodFilter - NoClassDefFoundError: class org.apache.pinot.core.operator.transform.function.TrigonometricFunctionsTest
[284] WARN TestMethodFilter - NoClassDefFoundError: class org.apache.pinot.core.operator.transform.function.LessThanTransformFunctionTest
[284] WARN TestMethodFilter - NoClassDefFoundError: class org.apache.pinot.core.operator.transform.function.ValueInTransformFunctionTest
[284] WARN TestMethodFilter - NoClassDefFoundError: class org.apache.pinot.core.operator.transform.function.EqualsTransformFunctionTest
[284] WARN TestMethodFilter - NoClassDefFoundError: class org.apache.pinot.core.operator.transform.function.DateTruncTransformFunctionTest
[284] WARN TestMethodFilter - NoClassDefFoundError: class org.apache.pinot.core.operator.transform.function.LookupTransformFunctionTest
[284] WARN TestMethodFilter - NoClassDefFoundError: class org.apache.pinot.core.operator.transform.function.ArrayAverageTransformFunctionTest
[284] WARN TestMethodFilter - NoClassDefFoundError: class org.apache.pinot.core.operator.transform.function.InTransformFunctionTest
[285] WARN TestMethodFilter - NoClassDefFoundError: class org.apache.pinot.core.operator.transform.function.TimeConversionTransformFunctionTest
[285] WARN TestMethodFilter - NoClassDefFoundError: class org.apache.pinot.core.operator.transform.function.TupleSelectionTransformFunctionsTest
[285] WARN TestMethodFilter - NoClassDefFoundError: class org.apache.pinot.core.operator.transform.function.ArrayMaxTransformFunctionTest
[285] WARN TestMethodFilter - NoClassDefFoundError: class org.apache.pinot.core.operator.transform.function.ArrayMinTransformFunctionTest
[285] WARN TestMethodFilter - NoClassDefFoundError: class org.apache.pinot.core.operator.transform.function.ModuloTransformFunctionTest
[285] WARN TestMethodFilter - NoClassDefFoundError: class org.apache.pinot.core.operator.transform.function.NotEqualsTransformFunctionTest
[286] WARN TestMethodFilter - NoClassDefFoundError: class org.apache.pinot.core.operator.transform.function.CaseTransformFunctionTest
[286] WARN TestMethodFilter - NoClassDefFoundError: class org.apache.pinot.core.operator.transform.function.ScalarTransformFunctionWrapperTest
[286] WARN TestMethodFilter - NoClassDefFoundError: class org.apache.pinot.core.operator.transform.function.OrOperatorTransformFunctionTest
[286] WARN TestMethodFilter - NoClassDefFoundError: class org.apache.pinot.core.operator.transform.function.GreaterThanTransformFunctionTest
[286] WARN TestMethodFilter - NoClassDefFoundError: class org.apache.pinot.core.operator.transform.function.PowerTransformFunctionTest
[286] WARN TestMethodFilter - NoClassDefFoundError: class org.apache.pinot.core.operator.transform.function.SubtractionTransformFunctionTest
[287] WARN TestMethodFilter - NoClassDefFoundError: class org.apache.pinot.core.operator.transform.function.TruncateDecimalTransformFunctionTest
[287] WARN TestMethodFilter - NoClassDefFoundError: class org.apache.pinot.core.operator.transform.function.GroovyTransformFunctionTest
[287] WARN TestMethodFilter - NoClassDefFoundError: class org.apache.pinot.core.operator.transform.function.DivisionTransformFunctionTest
[287] WARN TestMethodFilter - NoClassDefFoundError: class org.apache.pinot.core.operator.transform.function.MultiplicationTransformFunctionTest
[287] WARN TestMethodFilter - NoClassDefFoundError: class org.apache.pinot.core.operator.transform.function.SingleParamMathTransformFunctionTest
[287] WARN TestMethodFilter - NoClassDefFoundError: class org.apache.pinot.core.operator.transform.function.GreaterThanOrEqualTransformFunctionTest
[288] WARN TestMethodFilter - NoClassDefFoundError: class org.apache.pinot.core.operator.transform.function.RegexpTransformFunctionTest
[288] WARN TestMethodFilter - NoClassDefFoundError: class org.apache.pinot.core.operator.transform.function.CastTransformFunctionTest
[288] WARN TestMethodFilter - NoClassDefFoundError: class org.apache.pinot.core.operator.transform.function.ArraySumTransformFunctionTest
[288] WARN TestMethodFilter - NoClassDefFoundError: class org.apache.pinot.core.operator.transform.function.NullHandlingTransformFunctionTest
[288] WARN TestMethodFilter - NoClassDefFoundError: class org.apache.pinot.core.operator.transform.function.DateTimeTransformFunctionTest
[288] WARN TestMethodFilter - NoClassDefFoundError: class org.apache.pinot.core.operator.transform.function.DateTimeConversionTransformFunctionTest
[289] WARN TestMethodFilter - NoClassDefFoundError: class org.apache.pinot.core.operator.combine.SelectionCombineOperatorTest
[289] WARN TestMethodFilter - NoClassDefFoundError: class org.apache.pinot.core.operator.filter.TestFilterOperator
[289] WARN TestMethodFilter - NoClassDefFoundError: class org.apache.pinot.core.operator.filter.predicate.NoDictionaryRangePredicateEvaluatorTest
[289] WARN TestMethodFilter - NoClassDefFoundError: class org.apache.pinot.core.operator.filter.predicate.NoDictionaryInPredicateEvaluatorTest
[289] WARN TestMethodFilter - NoClassDefFoundError: class org.apache.pinot.core.operator.filter.predicate.RangeOfflineDictionaryPredicateEvaluatorTest
[290] WARN TestMethodFilter - NoClassDefFoundError: class org.apache.pinot.core.operator.filter.BitmapCollectionTest
[290] WARN TestMethodFilter - NoClassDefFoundError: class org.apache.pinot.realtime.converter.RealtimeSegmentConverterTest
[292] INFO CoverageRunner - Tests found: 0
[292] INFO CoverageRunner - Tests executed: 0
08:23:44.434 [main] INFO  fr.inria.jtravis.JTravis - GitHub ratelimit: Limit: 5000 Remaining: 4838 Reset hour: 03:35:57
08:23:45.661 [main] WARN  f.i.s.r.p.s.p.PushFaultLocalizationSuggestionsOnGitHubRepository - Flacoco has found 0 suspicious lines, but none were matched to the diff
08:23:45.661 [main] INFO  f.i.s.r.p.s.f.FlacocoLocalization - 
08:23:49.498 [main] INFO  f.i.s.r.p.i.ProjectInspector - ----------------------------------------------------------------------
08:23:49.498 [main] INFO  f.i.s.r.p.i.ProjectInspector - PIPELINE EXECUTION SUMMARY
08:23:49.498 [main] INFO  f.i.s.r.p.i.ProjectInspector - ----------------------------------------------------------------------
08:23:49.498 [main] INFO  f.i.s.r.p.i.ProjectInspector - CloneCheckoutGitPullRequest..........................SUCCESS [  23 s ]
08:23:49.498 [main] INFO  f.i.s.r.p.i.ProjectInspector - BuildProject.........................................SUCCESS [ 454 s ]
08:23:49.498 [main] INFO  f.i.s.r.p.i.ProjectInspector - TestProject..........................................SUCCESS [ 891 s ]
08:23:49.498 [main] INFO  f.i.s.r.p.i.ProjectInspector - ComputeClasspath.....................................SUCCESS [   5 s ]
08:23:49.498 [main] INFO  f.i.s.r.p.i.ProjectInspector - ComputeSourceDir.....................................SUCCESS [   0 s ]
08:23:49.498 [main] INFO  f.i.s.r.p.i.ProjectInspector - ComputeTestDir.......................................SUCCESS [   0 s ]
08:23:49.498 [main] INFO  f.i.s.r.p.i.ProjectInspector - GatherTestInformation................................SUCCESS [   0 s ]
08:23:49.498 [main] INFO  f.i.s.r.p.i.ProjectInspector - FlacocoLocalization..................................SUCCESS [   0 s ]
08:23:49.498 [main] INFO  f.i.s.r.p.i.ProjectInspector - PushFaultLocalizationSuggestionsOnGitHubRepository...SKIPPED          
08:23:49.498 [main] INFO  f.i.s.r.p.i.ProjectInspector - ----------------------------------------------------------------------
08:23:49.499 [main] INFO  f.i.s.r.p.i.ProjectInspector - PIPELINE FINDING: TEST FAILURE
08:23:49.499 [main] INFO  f.i.s.r.p.i.ProjectInspector - ----------------------------------------------------------------------
08:23:49.499 [main] INFO  f.i.s.r.p.github.GithubMainProcess - Inspector is finished. The process will exit now.
