Execute pipeline with following supplementary args: --smtpPort 25 --listenerMode NOOP --launcherMode FAULT_LOCALIZATION  --gitrepourl https://github.com/apache/pinot --gitrepopullrequest 8514
java -cp /usr/local/openjdk-11/lib/tools.jar:repairnator-pipeline.jar -Dlogback.configurationFile=/root/logback.xml fr.inria.spirals.repairnator.pipeline.Launcher -d --runId null -o /var/log --ghOauth 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 --faultLocalization --flacocoThreshold 0.0 --flacocoTopK null --flacocoResultsRepository flacocobot/2022-flacocobot-experiment --ghOauth  --smtpPort 25 --listenerMode NOOP --launcherMode FAULT_LOCALIZATION  --gitrepourl https://github.com/apache/pinot --gitrepopullrequest 8514

19:53:39.653 [main] INFO  f.i.s.r.p.g.GithubInitSerializerEngines - Initialize file serializer engines.
19:53:39.654 [main] INFO  f.i.s.r.p.g.GithubInitSerializerEngines - MongoDB won't be used for serialization.
19:53:39.655 [main] INFO  f.i.s.r.p.github.GithubInitNotifiers - The email notifier engine won't be used.
19:53:39.669 [main] INFO  f.i.s.r.p.i.ProjectInspector - ----------------------------------------------------------------------
19:53:39.669 [main] INFO  f.i.s.r.p.i.ProjectInspector - PIPELINE STEPS
19:53:39.669 [main] INFO  f.i.s.r.p.i.ProjectInspector - ----------------------------------------------------------------------
19:53:39.669 [main] INFO  f.i.s.r.p.i.ProjectInspector - CloneCheckoutGitPullRequest
19:53:39.669 [main] INFO  f.i.s.r.p.i.ProjectInspector - BuildProject
19:53:39.669 [main] INFO  f.i.s.r.p.i.ProjectInspector - TestProject
19:53:39.669 [main] INFO  f.i.s.r.p.i.ProjectInspector - ComputeClasspath
19:53:39.669 [main] INFO  f.i.s.r.p.i.ProjectInspector - ComputeSourceDir
19:53:39.669 [main] INFO  f.i.s.r.p.i.ProjectInspector - ComputeTestDir
19:53:39.669 [main] INFO  f.i.s.r.p.i.ProjectInspector - GatherTestInformation
19:53:39.669 [main] INFO  f.i.s.r.p.i.ProjectInspector - FlacocoLocalization
19:53:39.669 [main] INFO  f.i.s.r.p.i.ProjectInspector - PushFaultLocalizationSuggestionsOnGitHubRepository
19:53:39.669 [main] INFO  f.i.s.r.p.s.CloneCheckoutGitPullRequest - Cloning repository https://github.com/apache/pinot.git in the following directory: ./workspace/apache-pinot-master-8514_repo
19:54:33.388 [Thread-5] ERROR f.i.s.r.p.m.output.MavenErrorHandler - Warning: Lookahead adequacy checking not being performed since option LOOKAHEAD is more than 1.  Set option FORCE_LA_CHECK to true to force checking.
20:01:35.563 [Thread-7] ERROR f.i.s.r.p.m.o.MavenFilterOutputHandler - [ERROR] WARNING: An illegal reflective access operation has occurred
20:01:35.563 [Thread-7] ERROR f.i.s.r.p.m.o.MavenFilterOutputHandler - [ERROR] WARNING: Illegal reflective access by org.codehaus.groovy.vmplugin.v7.Java7$1 (file:/root/workspace/apache-pinot-master-8514_repo/.m2/org/codehaus/groovy/groovy-all/2.4.21/groovy-all-2.4.21.jar) to constructor java.lang.invoke.MethodHandles$Lookup(java.lang.Class,int)
20:01:35.563 [Thread-7] ERROR f.i.s.r.p.m.o.MavenFilterOutputHandler - [ERROR] WARNING: Please consider reporting this to the maintainers of org.codehaus.groovy.vmplugin.v7.Java7$1
20:01:35.563 [Thread-7] ERROR f.i.s.r.p.m.o.MavenFilterOutputHandler - [ERROR] WARNING: Use --illegal-access=warn to enable warnings of further illegal reflective access operations
20:01:35.563 [Thread-7] ERROR f.i.s.r.p.m.o.MavenFilterOutputHandler - [ERROR] WARNING: All illegal access operations will be denied in a future release
20:01:44.386 [Thread-7] ERROR f.i.s.r.p.m.o.MavenFilterOutputHandler - [ERROR] WARNING: An illegal reflective access operation has occurred
20:01:44.386 [Thread-7] ERROR f.i.s.r.p.m.o.MavenFilterOutputHandler - [ERROR] WARNING: Illegal reflective access by xerial.larray.buffer.UnsafeUtil (file:/root/workspace/apache-pinot-master-8514_repo/.m2/org/xerial/larray/larray-buffer/0.4.1/larray-buffer-0.4.1.jar) to constructor java.nio.DirectByteBuffer(long,int,java.lang.Object)
20:01:44.386 [Thread-7] ERROR f.i.s.r.p.m.o.MavenFilterOutputHandler - [ERROR] WARNING: Please consider reporting this to the maintainers of xerial.larray.buffer.UnsafeUtil
20:01:44.386 [Thread-7] ERROR f.i.s.r.p.m.o.MavenFilterOutputHandler - [ERROR] WARNING: Use --illegal-access=warn to enable warnings of further illegal reflective access operations
20:01:44.386 [Thread-7] ERROR f.i.s.r.p.m.o.MavenFilterOutputHandler - [ERROR] WARNING: All illegal access operations will be denied in a future release
20:02:06.080 [Thread-8] ERROR f.i.s.r.p.m.output.MavenErrorHandler - java.lang.NullPointerException
20:02:06.080 [Thread-8] ERROR f.i.s.r.p.m.output.MavenErrorHandler - 	at org.testng.reporters.JUnitXMLReporter.generateReport(JUnitXMLReporter.java:152)
20:02:06.080 [Thread-8] ERROR f.i.s.r.p.m.output.MavenErrorHandler - 	at org.testng.reporters.JUnitXMLReporter.onFinish(JUnitXMLReporter.java:112)
20:02:06.080 [Thread-8] ERROR f.i.s.r.p.m.output.MavenErrorHandler - 	at org.testng.TestRunner.fireEvent(TestRunner.java:1187)
20:02:06.080 [Thread-8] ERROR f.i.s.r.p.m.output.MavenErrorHandler - 	at org.testng.TestRunner.afterRun(TestRunner.java:976)
20:02:06.080 [Thread-8] ERROR f.i.s.r.p.m.output.MavenErrorHandler - 	at org.testng.TestRunner.run(TestRunner.java:606)
20:02:06.080 [Thread-8] ERROR f.i.s.r.p.m.output.MavenErrorHandler - 	at org.testng.SuiteRunner.runTest(SuiteRunner.java:380)
20:02:06.080 [Thread-8] ERROR f.i.s.r.p.m.output.MavenErrorHandler - 	at org.testng.SuiteRunner.runSequentially(SuiteRunner.java:375)
20:02:06.080 [Thread-8] ERROR f.i.s.r.p.m.output.MavenErrorHandler - 	at org.testng.SuiteRunner.privateRun(SuiteRunner.java:340)
20:02:06.080 [Thread-8] ERROR f.i.s.r.p.m.output.MavenErrorHandler - 	at org.testng.SuiteRunner.run(SuiteRunner.java:289)
20:02:06.080 [Thread-8] ERROR f.i.s.r.p.m.output.MavenErrorHandler - 	at org.testng.SuiteRunnerWorker.runSuite(SuiteRunnerWorker.java:52)
20:02:06.080 [Thread-8] ERROR f.i.s.r.p.m.output.MavenErrorHandler - 	at org.testng.SuiteRunnerWorker.run(SuiteRunnerWorker.java:86)
20:02:06.080 [Thread-8] ERROR f.i.s.r.p.m.output.MavenErrorHandler - 	at org.testng.TestNG.runSuitesSequentially(TestNG.java:1301)
20:02:06.081 [Thread-8] ERROR f.i.s.r.p.m.output.MavenErrorHandler - 	at org.testng.TestNG.runSuitesLocally(TestNG.java:1226)
20:02:06.081 [Thread-8] ERROR f.i.s.r.p.m.output.MavenErrorHandler - 	at org.testng.TestNG.runSuites(TestNG.java:1144)
20:02:06.081 [Thread-8] ERROR f.i.s.r.p.m.output.MavenErrorHandler - 	at org.testng.TestNG.run(TestNG.java:1115)
20:02:06.081 [Thread-8] ERROR f.i.s.r.p.m.output.MavenErrorHandler - 	at org.apache.maven.surefire.testng.TestNGExecutor.run(TestNGExecutor.java:136)
20:02:06.081 [Thread-8] ERROR f.i.s.r.p.m.output.MavenErrorHandler - 	at org.apache.maven.surefire.testng.TestNGDirectoryTestSuite.executeSingleClass(TestNGDirectoryTestSuite.java:112)
20:02:06.081 [Thread-8] ERROR f.i.s.r.p.m.output.MavenErrorHandler - 	at org.apache.maven.surefire.testng.TestNGDirectoryTestSuite.execute(TestNGDirectoryTestSuite.java:99)
20:02:06.081 [Thread-8] ERROR f.i.s.r.p.m.output.MavenErrorHandler - 	at org.apache.maven.surefire.testng.TestNGProvider.invoke(TestNGProvider.java:145)
20:02:06.081 [Thread-8] ERROR f.i.s.r.p.m.output.MavenErrorHandler - 	at org.apache.maven.surefire.booter.ForkedBooter.runSuitesInProcess(ForkedBooter.java:428)
20:02:06.081 [Thread-8] ERROR f.i.s.r.p.m.output.MavenErrorHandler - 	at org.apache.maven.surefire.booter.ForkedBooter.execute(ForkedBooter.java:162)
20:02:06.081 [Thread-8] ERROR f.i.s.r.p.m.output.MavenErrorHandler - 	at org.apache.maven.surefire.booter.ForkedBooter.run(ForkedBooter.java:562)
20:02:06.081 [Thread-8] ERROR f.i.s.r.p.m.output.MavenErrorHandler - 	at org.apache.maven.surefire.booter.ForkedBooter.main(ForkedBooter.java:548)
20:02:06.081 [Thread-8] ERROR f.i.s.r.p.m.output.MavenErrorHandler - [TestNG] Reporter org.testng.reporters.JUnitReportReporter@6a84bc2a failed
20:02:06.081 [Thread-8] ERROR f.i.s.r.p.m.output.MavenErrorHandler - java.lang.NullPointerException
20:02:06.081 [Thread-8] ERROR f.i.s.r.p.m.output.MavenErrorHandler - 	at org.testng.reporters.JUnitReportReporter.generateReport(JUnitReportReporter.java:146)
20:02:06.081 [Thread-8] ERROR f.i.s.r.p.m.output.MavenErrorHandler - 	at org.testng.TestNG.generateReports(TestNG.java:1192)
20:02:06.081 [Thread-8] ERROR f.i.s.r.p.m.output.MavenErrorHandler - 	at org.testng.TestNG.run(TestNG.java:1120)
20:02:06.081 [Thread-8] ERROR f.i.s.r.p.m.output.MavenErrorHandler - 	at org.apache.maven.surefire.testng.TestNGExecutor.run(TestNGExecutor.java:136)
20:02:06.081 [Thread-8] ERROR f.i.s.r.p.m.output.MavenErrorHandler - 	at org.apache.maven.surefire.testng.TestNGDirectoryTestSuite.executeSingleClass(TestNGDirectoryTestSuite.java:112)
20:02:06.081 [Thread-8] ERROR f.i.s.r.p.m.output.MavenErrorHandler - 	at org.apache.maven.surefire.testng.TestNGDirectoryTestSuite.execute(TestNGDirectoryTestSuite.java:99)
20:02:06.081 [Thread-8] ERROR f.i.s.r.p.m.output.MavenErrorHandler - 	at org.apache.maven.surefire.testng.TestNGProvider.invoke(TestNGProvider.java:145)
20:02:06.081 [Thread-8] ERROR f.i.s.r.p.m.output.MavenErrorHandler - 	at org.apache.maven.surefire.booter.ForkedBooter.runSuitesInProcess(ForkedBooter.java:428)
20:02:06.081 [Thread-8] ERROR f.i.s.r.p.m.output.MavenErrorHandler - 	at org.apache.maven.surefire.booter.ForkedBooter.execute(ForkedBooter.java:162)
20:02:06.081 [Thread-8] ERROR f.i.s.r.p.m.output.MavenErrorHandler - 	at org.apache.maven.surefire.booter.ForkedBooter.run(ForkedBooter.java:562)
20:02:06.081 [Thread-8] ERROR f.i.s.r.p.m.output.MavenErrorHandler - 	at org.apache.maven.surefire.booter.ForkedBooter.main(ForkedBooter.java:548)
20:03:19.055 [Thread-7] ERROR f.i.s.r.p.m.o.MavenFilterOutputHandler - [ERROR] WARNING: An illegal reflective access operation has occurred
20:03:19.055 [Thread-7] ERROR f.i.s.r.p.m.o.MavenFilterOutputHandler - [ERROR] WARNING: Illegal reflective access by org.codehaus.groovy.vmplugin.v7.Java7$1 (file:/root/workspace/apache-pinot-master-8514_repo/.m2/org/codehaus/groovy/groovy-all/2.4.21/groovy-all-2.4.21.jar) to constructor java.lang.invoke.MethodHandles$Lookup(java.lang.Class,int)
20:03:19.055 [Thread-7] ERROR f.i.s.r.p.m.o.MavenFilterOutputHandler - [ERROR] WARNING: Please consider reporting this to the maintainers of org.codehaus.groovy.vmplugin.v7.Java7$1
20:03:19.055 [Thread-7] ERROR f.i.s.r.p.m.o.MavenFilterOutputHandler - [ERROR] WARNING: Use --illegal-access=warn to enable warnings of further illegal reflective access operations
20:03:19.055 [Thread-7] ERROR f.i.s.r.p.m.o.MavenFilterOutputHandler - [ERROR] WARNING: All illegal access operations will be denied in a future release
20:03:32.955 [Thread-7] ERROR f.i.s.r.p.m.o.MavenFilterOutputHandler - [ERROR] WARNING: An illegal reflective access operation has occurred
20:03:32.955 [Thread-7] ERROR f.i.s.r.p.m.o.MavenFilterOutputHandler - [ERROR] WARNING: Illegal reflective access by org.codehaus.groovy.vmplugin.v7.Java7$1 (file:/root/workspace/apache-pinot-master-8514_repo/.m2/org/codehaus/groovy/groovy-all/2.4.21/groovy-all-2.4.21.jar) to constructor java.lang.invoke.MethodHandles$Lookup(java.lang.Class,int)
20:03:32.955 [Thread-7] ERROR f.i.s.r.p.m.o.MavenFilterOutputHandler - [ERROR] WARNING: Please consider reporting this to the maintainers of org.codehaus.groovy.vmplugin.v7.Java7$1
20:03:32.955 [Thread-7] ERROR f.i.s.r.p.m.o.MavenFilterOutputHandler - [ERROR] WARNING: Use --illegal-access=warn to enable warnings of further illegal reflective access operations
20:03:32.955 [Thread-7] ERROR f.i.s.r.p.m.o.MavenFilterOutputHandler - [ERROR] WARNING: All illegal access operations will be denied in a future release
20:03:36.883 [Thread-7] ERROR f.i.s.r.p.m.o.MavenFilterOutputHandler - [ERROR] WARNING: An illegal reflective access operation has occurred
20:03:36.883 [Thread-7] ERROR f.i.s.r.p.m.o.MavenFilterOutputHandler - [ERROR] WARNING: Illegal reflective access by org.codehaus.groovy.vmplugin.v7.Java7$1 (file:/root/workspace/apache-pinot-master-8514_repo/.m2/org/codehaus/groovy/groovy-all/2.4.21/groovy-all-2.4.21.jar) to constructor java.lang.invoke.MethodHandles$Lookup(java.lang.Class,int)
20:03:36.883 [Thread-7] ERROR f.i.s.r.p.m.o.MavenFilterOutputHandler - [ERROR] WARNING: Please consider reporting this to the maintainers of org.codehaus.groovy.vmplugin.v7.Java7$1
20:03:36.883 [Thread-7] ERROR f.i.s.r.p.m.o.MavenFilterOutputHandler - [ERROR] WARNING: Use --illegal-access=warn to enable warnings of further illegal reflective access operations
20:03:36.883 [Thread-7] ERROR f.i.s.r.p.m.o.MavenFilterOutputHandler - [ERROR] WARNING: All illegal access operations will be denied in a future release
20:03:38.872 [Thread-7] ERROR f.i.s.r.p.m.o.MavenFilterOutputHandler - [ERROR] WARNING: An illegal reflective access operation has occurred
20:03:38.872 [Thread-7] ERROR f.i.s.r.p.m.o.MavenFilterOutputHandler - [ERROR] WARNING: Illegal reflective access by org.codehaus.groovy.vmplugin.v7.Java7$1 (file:/root/workspace/apache-pinot-master-8514_repo/.m2/org/codehaus/groovy/groovy-all/2.4.21/groovy-all-2.4.21.jar) to constructor java.lang.invoke.MethodHandles$Lookup(java.lang.Class,int)
20:03:38.872 [Thread-7] ERROR f.i.s.r.p.m.o.MavenFilterOutputHandler - [ERROR] WARNING: Please consider reporting this to the maintainers of org.codehaus.groovy.vmplugin.v7.Java7$1
20:03:38.872 [Thread-7] ERROR f.i.s.r.p.m.o.MavenFilterOutputHandler - [ERROR] WARNING: Use --illegal-access=warn to enable warnings of further illegal reflective access operations
20:03:38.872 [Thread-7] ERROR f.i.s.r.p.m.o.MavenFilterOutputHandler - [ERROR] WARNING: All illegal access operations will be denied in a future release
20:04:32.761 [Thread-7] ERROR f.i.s.r.p.m.o.MavenFilterOutputHandler - [ERROR] WARNING: An illegal reflective access operation has occurred
20:04:32.761 [Thread-7] ERROR f.i.s.r.p.m.o.MavenFilterOutputHandler - [ERROR] WARNING: Illegal reflective access by org.codehaus.groovy.vmplugin.v7.Java7$1 (file:/root/workspace/apache-pinot-master-8514_repo/.m2/org/codehaus/groovy/groovy-all/2.4.21/groovy-all-2.4.21.jar) to constructor java.lang.invoke.MethodHandles$Lookup(java.lang.Class,int)
20:04:32.761 [Thread-7] ERROR f.i.s.r.p.m.o.MavenFilterOutputHandler - [ERROR] WARNING: Please consider reporting this to the maintainers of org.codehaus.groovy.vmplugin.v7.Java7$1
20:04:32.761 [Thread-7] ERROR f.i.s.r.p.m.o.MavenFilterOutputHandler - [ERROR] WARNING: Use --illegal-access=warn to enable warnings of further illegal reflective access operations
20:04:32.761 [Thread-7] ERROR f.i.s.r.p.m.o.MavenFilterOutputHandler - [ERROR] WARNING: All illegal access operations will be denied in a future release
20:05:11.781 [Thread-7] ERROR f.i.s.r.p.m.o.MavenFilterOutputHandler - [ERROR] WARNING: An illegal reflective access operation has occurred
20:05:11.781 [Thread-7] ERROR f.i.s.r.p.m.o.MavenFilterOutputHandler - [ERROR] WARNING: Illegal reflective access by xerial.larray.mmap.MMapBuffer (file:/root/workspace/apache-pinot-master-8514_repo/.m2/org/xerial/larray/larray-mmap/0.4.1/larray-mmap-0.4.1.jar) to field java.io.FileDescriptor.fd
20:05:11.781 [Thread-7] ERROR f.i.s.r.p.m.o.MavenFilterOutputHandler - [ERROR] WARNING: Please consider reporting this to the maintainers of xerial.larray.mmap.MMapBuffer
20:05:11.781 [Thread-7] ERROR f.i.s.r.p.m.o.MavenFilterOutputHandler - [ERROR] WARNING: Use --illegal-access=warn to enable warnings of further illegal reflective access operations
20:05:11.781 [Thread-7] ERROR f.i.s.r.p.m.o.MavenFilterOutputHandler - [ERROR] WARNING: All illegal access operations will be denied in a future release
20:09:24.799 [Thread-8] ERROR f.i.s.r.p.m.output.MavenErrorHandler - Exception in thread "Thread-2" org.apache.lucene.store.AlreadyClosedException: this IndexWriter is closed
20:09:24.799 [Thread-8] ERROR f.i.s.r.p.m.output.MavenErrorHandler - 	at org.apache.lucene.index.IndexWriter.ensureOpen(IndexWriter.java:681)
20:09:24.799 [Thread-8] ERROR f.i.s.r.p.m.output.MavenErrorHandler - 	at org.apache.lucene.index.IndexWriter.ensureOpen(IndexWriter.java:695)
20:09:24.799 [Thread-8] ERROR f.i.s.r.p.m.output.MavenErrorHandler - 	at org.apache.lucene.index.IndexWriter.getMaxCompletedSequenceNumber(IndexWriter.java:5176)
20:09:24.799 [Thread-8] ERROR f.i.s.r.p.m.output.MavenErrorHandler - 	at org.apache.lucene.search.ControlledRealTimeReopenThread.run(ControlledRealTimeReopenThread.java:234)
20:12:20.792 [Thread-7] ERROR f.i.s.r.p.m.o.MavenFilterOutputHandler - [ERROR] WARNING: An illegal reflective access operation has occurred
20:12:20.792 [Thread-7] ERROR f.i.s.r.p.m.o.MavenFilterOutputHandler - [ERROR] WARNING: Illegal reflective access by org.codehaus.groovy.vmplugin.v7.Java7$1 (file:/root/workspace/apache-pinot-master-8514_repo/.m2/org/codehaus/groovy/groovy-all/2.4.21/groovy-all-2.4.21.jar) to constructor java.lang.invoke.MethodHandles$Lookup(java.lang.Class,int)
20:12:20.792 [Thread-7] ERROR f.i.s.r.p.m.o.MavenFilterOutputHandler - [ERROR] WARNING: Please consider reporting this to the maintainers of org.codehaus.groovy.vmplugin.v7.Java7$1
20:12:20.792 [Thread-7] ERROR f.i.s.r.p.m.o.MavenFilterOutputHandler - [ERROR] WARNING: Use --illegal-access=warn to enable warnings of further illegal reflective access operations
20:12:20.792 [Thread-7] ERROR f.i.s.r.p.m.o.MavenFilterOutputHandler - [ERROR] WARNING: All illegal access operations will be denied in a future release
20:13:33.715 [Thread-7] ERROR f.i.s.r.p.m.o.MavenFilterOutputHandler - [ERROR] WARNING: An illegal reflective access operation has occurred
20:13:33.715 [Thread-7] ERROR f.i.s.r.p.m.o.MavenFilterOutputHandler - [ERROR] WARNING: Illegal reflective access by org.codehaus.groovy.vmplugin.v7.Java7$1 (file:/root/workspace/apache-pinot-master-8514_repo/.m2/org/codehaus/groovy/groovy-all/2.4.21/groovy-all-2.4.21.jar) to constructor java.lang.invoke.MethodHandles$Lookup(java.lang.Class,int)
20:13:33.715 [Thread-7] ERROR f.i.s.r.p.m.o.MavenFilterOutputHandler - [ERROR] WARNING: Please consider reporting this to the maintainers of org.codehaus.groovy.vmplugin.v7.Java7$1
20:13:33.715 [Thread-7] ERROR f.i.s.r.p.m.o.MavenFilterOutputHandler - [ERROR] WARNING: Use --illegal-access=warn to enable warnings of further illegal reflective access operations
20:13:33.715 [Thread-7] ERROR f.i.s.r.p.m.o.MavenFilterOutputHandler - [ERROR] WARNING: All illegal access operations will be denied in a future release
20:13:34.533 [Thread-7] ERROR f.i.s.r.p.m.o.MavenFilterOutputHandler - [ERROR] WARNING: An illegal reflective access operation has occurred
20:13:34.534 [Thread-7] ERROR f.i.s.r.p.m.o.MavenFilterOutputHandler - [ERROR] WARNING: Illegal reflective access by org.codehaus.groovy.vmplugin.v7.Java7$1 (file:/root/workspace/apache-pinot-master-8514_repo/.m2/org/codehaus/groovy/groovy-all/2.4.21/groovy-all-2.4.21.jar) to constructor java.lang.invoke.MethodHandles$Lookup(java.lang.Class,int)
20:13:34.534 [Thread-7] ERROR f.i.s.r.p.m.o.MavenFilterOutputHandler - [ERROR] WARNING: Please consider reporting this to the maintainers of org.codehaus.groovy.vmplugin.v7.Java7$1
20:13:34.534 [Thread-7] ERROR f.i.s.r.p.m.o.MavenFilterOutputHandler - [ERROR] WARNING: Use --illegal-access=warn to enable warnings of further illegal reflective access operations
20:13:34.534 [Thread-7] ERROR f.i.s.r.p.m.o.MavenFilterOutputHandler - [ERROR] WARNING: All illegal access operations will be denied in a future release
20:13:39.836 [Thread-7] ERROR f.i.s.r.p.m.o.MavenFilterOutputHandler - [ERROR] WARNING: An illegal reflective access operation has occurred
20:13:39.836 [Thread-7] ERROR f.i.s.r.p.m.o.MavenFilterOutputHandler - [ERROR] WARNING: Illegal reflective access by org.codehaus.groovy.vmplugin.v7.Java7$1 (file:/root/workspace/apache-pinot-master-8514_repo/.m2/org/codehaus/groovy/groovy-all/2.4.21/groovy-all-2.4.21.jar) to constructor java.lang.invoke.MethodHandles$Lookup(java.lang.Class,int)
20:13:39.837 [Thread-7] ERROR f.i.s.r.p.m.o.MavenFilterOutputHandler - [ERROR] WARNING: Please consider reporting this to the maintainers of org.codehaus.groovy.vmplugin.v7.Java7$1
20:13:39.837 [Thread-7] ERROR f.i.s.r.p.m.o.MavenFilterOutputHandler - [ERROR] WARNING: Use --illegal-access=warn to enable warnings of further illegal reflective access operations
20:13:39.837 [Thread-7] ERROR f.i.s.r.p.m.o.MavenFilterOutputHandler - [ERROR] WARNING: All illegal access operations will be denied in a future release
20:14:31.384 [Thread-7] ERROR f.i.s.r.p.m.o.MavenFilterOutputHandler - [ERROR] WARNING: An illegal reflective access operation has occurred
20:14:31.384 [Thread-7] ERROR f.i.s.r.p.m.o.MavenFilterOutputHandler - [ERROR] WARNING: Illegal reflective access by org.codehaus.groovy.vmplugin.v7.Java7$1 (file:/root/workspace/apache-pinot-master-8514_repo/.m2/org/codehaus/groovy/groovy-all/2.4.21/groovy-all-2.4.21.jar) to constructor java.lang.invoke.MethodHandles$Lookup(java.lang.Class,int)
20:14:31.384 [Thread-7] ERROR f.i.s.r.p.m.o.MavenFilterOutputHandler - [ERROR] WARNING: Please consider reporting this to the maintainers of org.codehaus.groovy.vmplugin.v7.Java7$1
20:14:31.384 [Thread-7] ERROR f.i.s.r.p.m.o.MavenFilterOutputHandler - [ERROR] WARNING: Use --illegal-access=warn to enable warnings of further illegal reflective access operations
20:14:31.384 [Thread-7] ERROR f.i.s.r.p.m.o.MavenFilterOutputHandler - [ERROR] WARNING: All illegal access operations will be denied in a future release
20:15:36.240 [Thread-7] ERROR f.i.s.r.p.m.o.MavenFilterOutputHandler - [ERROR] WARNING: An illegal reflective access operation has occurred
20:15:36.240 [Thread-7] ERROR f.i.s.r.p.m.o.MavenFilterOutputHandler - [ERROR] WARNING: Illegal reflective access by org.codehaus.groovy.vmplugin.v7.Java7$1 (file:/root/workspace/apache-pinot-master-8514_repo/.m2/org/codehaus/groovy/groovy-all/2.4.21/groovy-all-2.4.21.jar) to constructor java.lang.invoke.MethodHandles$Lookup(java.lang.Class,int)
20:15:36.240 [Thread-7] ERROR f.i.s.r.p.m.o.MavenFilterOutputHandler - [ERROR] WARNING: Please consider reporting this to the maintainers of org.codehaus.groovy.vmplugin.v7.Java7$1
20:15:36.240 [Thread-7] ERROR f.i.s.r.p.m.o.MavenFilterOutputHandler - [ERROR] WARNING: Use --illegal-access=warn to enable warnings of further illegal reflective access operations
20:15:36.240 [Thread-7] ERROR f.i.s.r.p.m.o.MavenFilterOutputHandler - [ERROR] WARNING: All illegal access operations will be denied in a future release
20:16:21.135 [Thread-8] ERROR f.i.s.r.p.m.output.MavenErrorHandler - Apr 19, 2022 8:16:20 PM org.glassfish.grizzly.http.server.NetworkListener start
20:16:21.135 [Thread-8] ERROR f.i.s.r.p.m.output.MavenErrorHandler - INFO: Started listener bound to [0.0.0.0:35307]
20:16:21.135 [Thread-8] ERROR f.i.s.r.p.m.output.MavenErrorHandler - Apr 19, 2022 8:16:20 PM org.glassfish.grizzly.http.server.HttpServer start
20:16:21.135 [Thread-8] ERROR f.i.s.r.p.m.output.MavenErrorHandler - INFO: [HttpServer] Started.
20:16:21.333 [Thread-8] ERROR f.i.s.r.p.m.output.MavenErrorHandler - Apr 19, 2022 8:16:21 PM org.glassfish.grizzly.http.server.NetworkListener shutdownNow
20:16:21.333 [Thread-8] ERROR f.i.s.r.p.m.output.MavenErrorHandler - INFO: Stopped listener bound to [0.0.0.0:35307]
20:16:25.685 [Thread-8] ERROR f.i.s.r.p.m.output.MavenErrorHandler - Apr 19, 2022 8:16:25 PM org.glassfish.grizzly.http.server.NetworkListener start
20:16:25.685 [Thread-8] ERROR f.i.s.r.p.m.output.MavenErrorHandler - INFO: Started listener bound to [0.0.0.0:8097]
20:16:25.685 [Thread-8] ERROR f.i.s.r.p.m.output.MavenErrorHandler - Apr 19, 2022 8:16:25 PM org.glassfish.grizzly.http.server.HttpServer start
20:16:25.685 [Thread-8] ERROR f.i.s.r.p.m.output.MavenErrorHandler - INFO: [HttpServer] Started.
20:16:25.905 [Thread-8] ERROR f.i.s.r.p.m.output.MavenErrorHandler - Apr 19, 2022 8:16:25 PM org.glassfish.grizzly.http.server.NetworkListener shutdownNow
20:16:25.906 [Thread-8] ERROR f.i.s.r.p.m.output.MavenErrorHandler - INFO: Stopped listener bound to [0.0.0.0:8097]
20:16:30.336 [Thread-8] ERROR f.i.s.r.p.m.output.MavenErrorHandler - Apr 19, 2022 8:16:30 PM org.glassfish.grizzly.http.server.NetworkListener start
20:16:30.336 [Thread-8] ERROR f.i.s.r.p.m.output.MavenErrorHandler - INFO: Started listener bound to [0.0.0.0:8097]
20:16:30.336 [Thread-8] ERROR f.i.s.r.p.m.output.MavenErrorHandler - Apr 19, 2022 8:16:30 PM org.glassfish.grizzly.http.server.HttpServer start
20:16:30.336 [Thread-8] ERROR f.i.s.r.p.m.output.MavenErrorHandler - INFO: [HttpServer] Started.
20:16:35.166 [Thread-8] ERROR f.i.s.r.p.m.output.MavenErrorHandler - Apr 19, 2022 8:16:35 PM org.glassfish.grizzly.http.server.NetworkListener shutdownNow
20:16:35.166 [Thread-8] ERROR f.i.s.r.p.m.output.MavenErrorHandler - INFO: Stopped listener bound to [0.0.0.0:8097]
20:16:39.493 [Thread-8] ERROR f.i.s.r.p.m.output.MavenErrorHandler - Apr 19, 2022 8:16:39 PM org.glassfish.grizzly.http.server.NetworkListener start
20:16:39.493 [Thread-8] ERROR f.i.s.r.p.m.output.MavenErrorHandler - INFO: Started listener bound to [0.0.0.0:8097]
20:16:39.493 [Thread-8] ERROR f.i.s.r.p.m.output.MavenErrorHandler - Apr 19, 2022 8:16:39 PM org.glassfish.grizzly.http.server.HttpServer start
20:16:39.493 [Thread-8] ERROR f.i.s.r.p.m.output.MavenErrorHandler - INFO: [HttpServer] Started.
20:16:39.715 [Thread-8] ERROR f.i.s.r.p.m.output.MavenErrorHandler - Apr 19, 2022 8:16:39 PM org.glassfish.grizzly.http.server.NetworkListener shutdownNow
20:16:39.715 [Thread-8] ERROR f.i.s.r.p.m.output.MavenErrorHandler - INFO: Stopped listener bound to [0.0.0.0:8097]
20:16:54.626 [Thread-8] ERROR f.i.s.r.p.m.output.MavenErrorHandler - Apr 19, 2022 8:16:53 PM org.glassfish.grizzly.http.server.NetworkListener start
20:16:54.626 [Thread-8] ERROR f.i.s.r.p.m.output.MavenErrorHandler - INFO: Started listener bound to [0.0.0.0:18998]
20:16:54.626 [Thread-8] ERROR f.i.s.r.p.m.output.MavenErrorHandler - Apr 19, 2022 8:16:53 PM org.glassfish.grizzly.http.server.HttpServer start
20:16:54.626 [Thread-8] ERROR f.i.s.r.p.m.output.MavenErrorHandler - INFO: [HttpServer] Started.
20:20:36.029 [Thread-8] ERROR f.i.s.r.p.m.output.MavenErrorHandler - Apr 19, 2022 8:20:35 PM org.glassfish.grizzly.http.server.NetworkListener shutdownNow
20:20:36.029 [Thread-8] ERROR f.i.s.r.p.m.output.MavenErrorHandler - INFO: Stopped listener bound to [0.0.0.0:18998]
20:20:36.040 [Thread-7] ERROR f.i.s.r.p.m.o.MavenFilterOutputHandler - [ERROR] Tests run: 271, Failures: 4, Errors: 0, Skipped: 0, Time elapsed: 227.337 s <<< FAILURE! - in TestSuite
20:20:36.040 [Thread-7] ERROR f.i.s.r.p.m.o.MavenFilterOutputHandler - [ERROR] org.apache.pinot.controller.validation.StorageQuotaCheckerTest.testDimensionTable  Time elapsed: 0.019 s
20:20:36.040 [Thread-7] ERROR f.i.s.r.p.m.o.MavenFilterOutputHandler - [ERROR] org.apache.pinot.controller.validation.StorageQuotaCheckerTest.testNoQuota  Time elapsed: 0.001 s
20:20:36.040 [Thread-7] ERROR f.i.s.r.p.m.o.MavenFilterOutputHandler - [ERROR] org.apache.pinot.controller.validation.StorageQuotaCheckerTest.testNoStorageQuotaConfig  Time elapsed: 0.001 s
20:20:36.040 [Thread-7] ERROR f.i.s.r.p.m.o.MavenFilterOutputHandler - [ERROR] org.apache.pinot.controller.validation.StorageQuotaCheckerTest.testWithinQuota  Time elapsed: 0.017 s
20:20:36.040 [Thread-7] ERROR f.i.s.r.p.m.o.MavenFilterOutputHandler - [ERROR] org.apache.pinot.controller.validation.ValidationManagerTest.testComputeNumMissingSegments  Time elapsed: 0.002 s
20:20:36.040 [Thread-7] ERROR f.i.s.r.p.m.o.MavenFilterOutputHandler - [ERROR] org.apache.pinot.controller.validation.ValidationManagerTest.testPushTimePersistence  Time elapsed: 0.452 s
20:20:36.041 [Thread-7] ERROR f.i.s.r.p.m.o.MavenFilterOutputHandler - [ERROR] org.apache.pinot.controller.validation.ValidationManagerTest.testTotalDocumentCountRealTime  Time elapsed: 0.066 s
20:20:36.041 [Thread-7] ERROR f.i.s.r.p.m.o.MavenFilterOutputHandler - [ERROR] org.apache.pinot.controller.tuner.TunerRegistryTest.testNoOpTableConfigTuner  Time elapsed: 0 s
20:20:36.041 [Thread-7] ERROR f.i.s.r.p.m.o.MavenFilterOutputHandler - [ERROR] org.apache.pinot.controller.tuner.RealTimeAutoIndexTunerTest.testTuner  Time elapsed: 0 s
20:20:36.041 [Thread-7] ERROR f.i.s.r.p.m.o.MavenFilterOutputHandler - [ERROR] org.apache.pinot.controller.ControllerConfTest.invalidNewConfigShouldThrowExceptionOnReadWithoutFallbackToCorrespondingValidDeprecatedConfig  Time elapsed: 0.007 s
20:20:36.041 [Thread-7] ERROR f.i.s.r.p.m.o.MavenFilterOutputHandler - [ERROR] org.apache.pinot.controller.ControllerConfTest.shouldBeAbleToDisableUsingNewConfig  Time elapsed: 0.007 s
20:20:36.041 [Thread-7] ERROR f.i.s.r.p.m.o.MavenFilterOutputHandler - [ERROR] org.apache.pinot.controller.ControllerConfTest.supplyingOnlyDeprecatedConfigsShouldReturnCorrectlyConvertedValue  Time elapsed: 0.001 s
20:20:36.041 [Thread-7] ERROR f.i.s.r.p.m.o.MavenFilterOutputHandler - [ERROR] org.apache.pinot.controller.ControllerConfTest.supplyingOnlyNewConfigsShouldReturnCorrectlyConvertedValue  Time elapsed: 0.001 s
20:20:36.041 [Thread-7] ERROR f.i.s.r.p.m.o.MavenFilterOutputHandler - [ERROR] org.apache.pinot.controller.ControllerConfTest.validNewConfigOverridesCorrespondingValidOrInvalidOldConfigOnRead  Time elapsed: 0.001 s
20:20:36.041 [Thread-7] ERROR f.i.s.r.p.m.o.MavenFilterOutputHandler - [ERROR] org.apache.pinot.controller.LeadControllerManagerTest.testLeadControllerManager  Time elapsed: 0.003 s
20:20:36.041 [Thread-7] ERROR f.i.s.r.p.m.o.MavenFilterOutputHandler - [ERROR] org.apache.pinot.controller.helix.PinotResourceManagerTest.testAddingRealtimeTableSegmentsWithPartitionIdInZkMetadata  Time elapsed: 0.152 s
20:20:36.041 [Thread-7] ERROR f.i.s.r.p.m.o.MavenFilterOutputHandler - [ERROR] org.apache.pinot.controller.helix.PinotResourceManagerTest.testBasicAndConcurrentAddingAndDeletingSegments  Time elapsed: 0.569 s
20:20:36.041 [Thread-7] ERROR f.i.s.r.p.m.o.MavenFilterOutputHandler - [ERROR] org.apache.pinot.controller.helix.PinotResourceManagerTest.testTableCleanupAfterRealtimeClusterException  Time elapsed: 0.062 s
20:20:36.041 [Thread-7] ERROR f.i.s.r.p.m.o.MavenFilterOutputHandler - [ERROR] org.apache.pinot.controller.helix.PinotResourceManagerTest.testUpdateSegmentZKMetadata  Time elapsed: 0.007 s
20:20:36.041 [Thread-7] ERROR f.i.s.r.p.m.o.MavenFilterOutputHandler - [ERROR] org.apache.pinot.controller.helix.core.realtime.PinotLLCRealtimeSegmentManagerTest.testCommitSegment  Time elapsed: 0.052 s
20:20:36.041 [Thread-7] ERROR f.i.s.r.p.m.o.MavenFilterOutputHandler - [ERROR] org.apache.pinot.controller.helix.core.realtime.PinotLLCRealtimeSegmentManagerTest.testCommitSegmentFile  Time elapsed: 0.012 s
20:20:36.041 [Thread-7] ERROR f.i.s.r.p.m.o.MavenFilterOutputHandler - [ERROR] org.apache.pinot.controller.helix.core.realtime.PinotLLCRealtimeSegmentManagerTest.testCommitSegmentMetadata  Time elapsed: 0.004 s
20:20:36.042 [Thread-7] ERROR f.i.s.r.p.m.o.MavenFilterOutputHandler - [ERROR] org.apache.pinot.controller.helix.core.realtime.PinotLLCRealtimeSegmentManagerTest.testCommitSegmentWhenControllerWentThroughGC  Time elapsed: 0.003 s
20:20:36.042 [Thread-7] ERROR f.i.s.r.p.m.o.MavenFilterOutputHandler - [ERROR] org.apache.pinot.controller.helix.core.realtime.PinotLLCRealtimeSegmentManagerTest.testPreExistingSegments  Time elapsed: 0.001 s
20:20:36.042 [Thread-7] ERROR f.i.s.r.p.m.o.MavenFilterOutputHandler - [ERROR] org.apache.pinot.controller.helix.core.realtime.PinotLLCRealtimeSegmentManagerTest.testRepairs  Time elapsed: 0.013 s
20:20:36.042 [Thread-7] ERROR f.i.s.r.p.m.o.MavenFilterOutputHandler - [ERROR] org.apache.pinot.controller.helix.core.realtime.PinotLLCRealtimeSegmentManagerTest.testSegmentAlreadyThereAndExtraneousFilesDeleted  Time elapsed: 0.001 s
20:20:36.042 [Thread-7] ERROR f.i.s.r.p.m.o.MavenFilterOutputHandler - [ERROR] org.apache.pinot.controller.helix.core.realtime.PinotLLCRealtimeSegmentManagerTest.testSetUpNewPartitions  Time elapsed: 0.007 s
20:20:36.042 [Thread-7] ERROR f.i.s.r.p.m.o.MavenFilterOutputHandler - [ERROR] org.apache.pinot.controller.helix.core.realtime.PinotLLCRealtimeSegmentManagerTest.testSetUpNewTable  Time elapsed: 0.005 s
20:20:36.042 [Thread-7] ERROR f.i.s.r.p.m.o.MavenFilterOutputHandler - [ERROR] org.apache.pinot.controller.helix.core.realtime.PinotLLCRealtimeSegmentManagerTest.testStopSegmentManager  Time elapsed: 0.012 s
20:20:36.042 [Thread-7] ERROR f.i.s.r.p.m.o.MavenFilterOutputHandler - [ERROR] org.apache.pinot.controller.helix.core.realtime.PinotLLCRealtimeSegmentManagerTest.testUploadToSegmentStore  Time elapsed: 27.967 s
20:20:36.042 [Thread-7] ERROR f.i.s.r.p.m.o.MavenFilterOutputHandler - [ERROR] org.apache.pinot.controller.helix.core.realtime.segment.FlushThresholdUpdaterTest.testFlushThresholdUpdateManager  Time elapsed: 0.012 s
20:20:36.042 [Thread-7] ERROR f.i.s.r.p.m.o.MavenFilterOutputHandler - [ERROR] org.apache.pinot.controller.helix.core.realtime.segment.FlushThresholdUpdaterTest.testMinThreshold  Time elapsed: 0.002 s
20:20:36.042 [Thread-7] ERROR f.i.s.r.p.m.o.MavenFilterOutputHandler - [ERROR] org.apache.pinot.controller.helix.core.realtime.segment.FlushThresholdUpdaterTest.testNonZeroPartitionUpdates  Time elapsed: 0.001 s
20:20:36.042 [Thread-7] ERROR f.i.s.r.p.m.o.MavenFilterOutputHandler - [ERROR] org.apache.pinot.controller.helix.core.realtime.segment.FlushThresholdUpdaterTest.testSegmentSizeBasedFlushThreshold  Time elapsed: 0.041 s
20:20:36.043 [Thread-7] ERROR f.i.s.r.p.m.o.MavenFilterOutputHandler - [ERROR] org.apache.pinot.controller.helix.core.realtime.segment.FlushThresholdUpdaterTest.testSegmentSizeBasedFlushThresholdMinPartition  Time elapsed: 0.033 s
20:20:36.043 [Thread-7] ERROR f.i.s.r.p.m.o.MavenFilterOutputHandler - [ERROR] org.apache.pinot.controller.helix.core.realtime.segment.FlushThresholdUpdaterTest.testSegmentSizeBasedUpdaterWithModifications  Time elapsed: 0.001 s
20:20:36.043 [Thread-7] ERROR f.i.s.r.p.m.o.MavenFilterOutputHandler - [ERROR] org.apache.pinot.controller.helix.core.realtime.segment.FlushThresholdUpdaterTest.testTimeThreshold  Time elapsed: 0.001 s
20:20:36.043 [Thread-7] ERROR f.i.s.r.p.m.o.MavenFilterOutputHandler - [ERROR] org.apache.pinot.controller.helix.core.minion.generator.TaskGeneratorUtilsTest.testForRunningTasks  Time elapsed: 0.011 s
20:20:36.043 [Thread-7] ERROR f.i.s.r.p.m.o.MavenFilterOutputHandler - [ERROR] org.apache.pinot.controller.helix.core.periodictask.ControllerPeriodicTaskTest.testControllerPeriodicTaskCalls  Time elapsed: 0.002 s
20:20:36.043 [Thread-7] ERROR f.i.s.r.p.m.o.MavenFilterOutputHandler - [ERROR] org.apache.pinot.controller.helix.core.periodictask.ControllerPeriodicTaskTest.testRandomInitialDelay  Time elapsed: 0 s
20:20:36.043 [Thread-7] ERROR f.i.s.r.p.m.o.MavenFilterOutputHandler - [ERROR] org.apache.pinot.controller.helix.core.assignment.segment.OfflineReplicaGroupSegmentAssignmentTest.testAssignSegmentWithPartition  Time elapsed: 0.014 s
20:20:36.043 [Thread-7] ERROR f.i.s.r.p.m.o.MavenFilterOutputHandler - [ERROR] org.apache.pinot.controller.helix.core.assignment.segment.OfflineReplicaGroupSegmentAssignmentTest.testAssignSegmentWithoutPartition  Time elapsed: 0.001 s
20:20:36.044 [Thread-7] ERROR f.i.s.r.p.m.o.MavenFilterOutputHandler - [ERROR] org.apache.pinot.controller.helix.core.assignment.segment.OfflineReplicaGroupSegmentAssignmentTest.testBootstrapTableWithPartition  Time elapsed: 0.025 s
20:20:36.044 [Thread-7] ERROR f.i.s.r.p.m.o.MavenFilterOutputHandler - [ERROR] org.apache.pinot.controller.helix.core.assignment.segment.OfflineReplicaGroupSegmentAssignmentTest.testBootstrapTableWithoutPartition  Time elapsed: 0.001 s
20:20:36.044 [Thread-7] ERROR f.i.s.r.p.m.o.MavenFilterOutputHandler - [ERROR] org.apache.pinot.controller.helix.core.assignment.segment.OfflineReplicaGroupSegmentAssignmentTest.testFactory  Time elapsed: 0 s
20:20:36.044 [Thread-7] ERROR f.i.s.r.p.m.o.MavenFilterOutputHandler - [ERROR] org.apache.pinot.controller.helix.core.assignment.segment.OfflineReplicaGroupSegmentAssignmentTest.testTableBalancedWithPartition  Time elapsed: 0.012 s
20:20:36.044 [Thread-7] ERROR f.i.s.r.p.m.o.MavenFilterOutputHandler - [ERROR] org.apache.pinot.controller.helix.core.assignment.segment.OfflineReplicaGroupSegmentAssignmentTest.testTableBalancedWithoutPartition  Time elapsed: 0.001 s
20:20:36.044 [Thread-7] ERROR f.i.s.r.p.m.o.MavenFilterOutputHandler - [ERROR] org.apache.pinot.controller.helix.core.assignment.segment.RealtimeReplicaGroupSegmentAssignmentTest.testAssignSegment  Time elapsed: 0 s
20:20:36.044 [Thread-7] ERROR f.i.s.r.p.m.o.MavenFilterOutputHandler - [ERROR] org.apache.pinot.controller.helix.core.assignment.segment.RealtimeReplicaGroupSegmentAssignmentTest.testFactory  Time elapsed: 0 s
20:20:36.044 [Thread-7] ERROR f.i.s.r.p.m.o.MavenFilterOutputHandler - [ERROR] org.apache.pinot.controller.helix.core.assignment.segment.RealtimeReplicaGroupSegmentAssignmentTest.testRelocateCompletedSegments  Time elapsed: 0.004 s
20:20:36.044 [Thread-7] ERROR f.i.s.r.p.m.o.MavenFilterOutputHandler - [ERROR] org.apache.pinot.controller.helix.core.assignment.segment.OfflineDimTableSegmentAssignmentTest.testFactory  Time elapsed: 0 s
20:20:36.044 [Thread-7] ERROR f.i.s.r.p.m.o.MavenFilterOutputHandler - [ERROR] org.apache.pinot.controller.helix.core.assignment.segment.OfflineDimTableSegmentAssignmentTest.testSegmentAssignmentAndRebalance  Time elapsed: 0.001 s
20:20:36.044 [Thread-7] ERROR f.i.s.r.p.m.o.MavenFilterOutputHandler - [ERROR] org.apache.pinot.controller.helix.core.assignment.segment.OfflineDimTableSegmentAssignmentTest.testSegmentAssignmentToRealtimeHosts  Time elapsed: 0 s
20:20:36.044 [Thread-7] ERROR f.i.s.r.p.m.o.MavenFilterOutputHandler - [ERROR] org.apache.pinot.controller.helix.core.assignment.segment.SegmentAssignmentUtilsTest.testRebalanceReplicaGroupBasedTable  Time elapsed: 0.001 s
20:20:36.044 [Thread-7] ERROR f.i.s.r.p.m.o.MavenFilterOutputHandler - [ERROR] org.apache.pinot.controller.helix.core.assignment.segment.SegmentAssignmentUtilsTest.testRebalanceTableWithHelixAutoRebalanceStrategy  Time elapsed: 0.006 s
20:20:36.044 [Thread-7] ERROR f.i.s.r.p.m.o.MavenFilterOutputHandler - [ERROR] org.apache.pinot.controller.helix.core.util.SegmentDeletionManagerTest.allPassed  Time elapsed: 0.03 s
20:20:36.044 [Thread-7] ERROR f.i.s.r.p.m.o.MavenFilterOutputHandler - [ERROR] org.apache.pinot.controller.helix.core.util.SegmentDeletionManagerTest.testAllFailed  Time elapsed: 0.002 s
20:20:36.044 [Thread-7] ERROR f.i.s.r.p.m.o.MavenFilterOutputHandler - [ERROR] org.apache.pinot.controller.helix.core.util.SegmentDeletionManagerTest.testBulkDeleteWithFailures  Time elapsed: 0.002 s
20:20:36.044 [Thread-7] ERROR f.i.s.r.p.m.o.MavenFilterOutputHandler - [ERROR] org.apache.pinot.controller.helix.core.util.SegmentDeletionManagerTest.testRemoveDeletedSegments  Time elapsed: 1.064 s
20:20:36.044 [Thread-7] ERROR f.i.s.r.p.m.o.MavenFilterOutputHandler - [ERROR] org.apache.pinot.controller.helix.core.util.SegmentDeletionManagerTest.testSegmentDeletionLogic  Time elapsed: 8.036 s
20:20:36.044 [Thread-7] ERROR f.i.s.r.p.m.o.MavenFilterOutputHandler - [ERROR] org.apache.pinot.controller.helix.core.retention.strategy.TimeRetentionStrategyTest.testTimeRetention  Time elapsed: 0 s
20:20:36.045 [Thread-7] ERROR f.i.s.r.p.m.o.MavenFilterOutputHandler - [ERROR] org.apache.pinot.controller.helix.core.retention.RetentionManagerTest.testRealtimeLLCCleanup  Time elapsed: 0.023 s
20:20:36.045 [Thread-7] ERROR f.i.s.r.p.m.o.MavenFilterOutputHandler - [ERROR] org.apache.pinot.controller.helix.core.retention.RetentionManagerTest.testRetentionWithDays  Time elapsed: 0.009 s
20:20:36.045 [Thread-7] ERROR f.i.s.r.p.m.o.MavenFilterOutputHandler - [ERROR] org.apache.pinot.controller.helix.core.retention.RetentionManagerTest.testRetentionWithHours  Time elapsed: 0.008 s
20:20:36.045 [Thread-7] ERROR f.i.s.r.p.m.o.MavenFilterOutputHandler - [ERROR] org.apache.pinot.controller.helix.core.retention.RetentionManagerTest.testRetentionWithMillis  Time elapsed: 0.009 s
20:20:36.045 [Thread-7] ERROR f.i.s.r.p.m.o.MavenFilterOutputHandler - [ERROR] org.apache.pinot.controller.helix.core.retention.RetentionManagerTest.testRetentionWithMinutes  Time elapsed: 0.008 s
20:20:36.045 [Thread-7] ERROR f.i.s.r.p.m.o.MavenFilterOutputHandler - [ERROR] org.apache.pinot.controller.helix.core.retention.RetentionManagerTest.testRetentionWithSeconds  Time elapsed: 0.009 s
20:20:36.045 [Thread-7] ERROR f.i.s.r.p.m.o.MavenFilterOutputHandler - [ERROR] org.apache.pinot.controller.helix.core.retention.SegmentLineageCleanupTest.testRefreshTableCleanup  Time elapsed: 1.154 s
20:20:36.045 [Thread-7] ERROR f.i.s.r.p.m.o.MavenFilterOutputHandler - [ERROR] org.apache.pinot.controller.helix.core.retention.SegmentLineageCleanupTest.testSegmentLineageCleanup  Time elapsed: 7.714 s
20:20:36.045 [Thread-7] ERROR f.i.s.r.p.m.o.MavenFilterOutputHandler - [ERROR] org.apache.pinot.controller.helix.SegmentStatusCheckerTest.disabledEmptyTableTest  Time elapsed: 0.048 s
20:20:36.045 [Thread-7] ERROR f.i.s.r.p.m.o.MavenFilterOutputHandler - [ERROR] org.apache.pinot.controller.helix.SegmentStatusCheckerTest.disabledTableTest  Time elapsed: 0.004 s
20:20:36.045 [Thread-7] ERROR f.i.s.r.p.m.o.MavenFilterOutputHandler - [ERROR] org.apache.pinot.controller.helix.SegmentStatusCheckerTest.missingEVPartitionPushTest  Time elapsed: 0 s
20:20:36.045 [Thread-7] ERROR f.i.s.r.p.m.o.MavenFilterOutputHandler - [ERROR] org.apache.pinot.controller.helix.SegmentStatusCheckerTest.missingEVPartitionTest  Time elapsed: 0 s
20:20:36.045 [Thread-7] ERROR f.i.s.r.p.m.o.MavenFilterOutputHandler - [ERROR] org.apache.pinot.controller.helix.SegmentStatusCheckerTest.missingEVTest  Time elapsed: 0 s
20:20:36.045 [Thread-7] ERROR f.i.s.r.p.m.o.MavenFilterOutputHandler - [ERROR] org.apache.pinot.controller.helix.SegmentStatusCheckerTest.missingIdealTest  Time elapsed: 0 s
20:20:36.045 [Thread-7] ERROR f.i.s.r.p.m.o.MavenFilterOutputHandler - [ERROR] org.apache.pinot.controller.helix.SegmentStatusCheckerTest.noReplicas  Time elapsed: 0.001 s
20:20:36.045 [Thread-7] ERROR f.i.s.r.p.m.o.MavenFilterOutputHandler - [ERROR] org.apache.pinot.controller.helix.SegmentStatusCheckerTest.noSegments  Time elapsed: 0.002 s
20:20:36.045 [Thread-7] ERROR f.i.s.r.p.m.o.MavenFilterOutputHandler - [ERROR] org.apache.pinot.controller.helix.SegmentStatusCheckerTest.offlineBasicTest  Time elapsed: 0.001 s
20:20:36.046 [Thread-7] ERROR f.i.s.r.p.m.o.MavenFilterOutputHandler - [ERROR] org.apache.pinot.controller.helix.SegmentStatusCheckerTest.realtimeBasicTest  Time elapsed: 0.001 s
20:20:36.046 [Thread-7] ERROR f.i.s.r.p.m.o.MavenFilterOutputHandler - [ERROR] org.apache.pinot.controller.helix.TableCacheTest.testTableCache[true](1)  Time elapsed: 0.369 s
20:20:36.046 [Thread-7] ERROR f.i.s.r.p.m.o.MavenFilterOutputHandler - [ERROR] org.apache.pinot.controller.helix.TableCacheTest.testTableCache[false](2)  Time elapsed: 0.572 s
20:20:36.046 [Thread-7] ERROR f.i.s.r.p.m.o.MavenFilterOutputHandler - [ERROR] org.apache.pinot.controller.helix.ControllerSentinelTestV2.testOfflineTableLifeCycle  Time elapsed: 0.356 s
20:20:36.046 [Thread-7] ERROR f.i.s.r.p.m.o.MavenFilterOutputHandler - [ERROR] org.apache.pinot.controller.recommender.data.generator.BooleanGeneratorTest.testNext  Time elapsed: 0.01 s
20:20:36.046 [Thread-7] ERROR f.i.s.r.p.m.o.MavenFilterOutputHandler - [ERROR] org.apache.pinot.controller.recommender.data.generator.BooleanGeneratorTest.testNextMultiValued  Time elapsed: 0.001 s
20:20:36.046 [Thread-7] ERROR f.i.s.r.p.m.o.MavenFilterOutputHandler - [ERROR] org.apache.pinot.controller.api.PinotSegmentRestletResourceTest.testSegmentCrcApi  Time elapsed: 0.26 s
20:20:36.046 [Thread-7] ERROR f.i.s.r.p.m.o.MavenFilterOutputHandler - [ERROR] org.apache.pinot.controller.api.access.AuthenticationFilterTest.testExtractTableNameWithEmptyParams  Time elapsed: 0 s
20:20:36.046 [Thread-7] ERROR f.i.s.r.p.m.o.MavenFilterOutputHandler - [ERROR] org.apache.pinot.controller.api.access.AuthenticationFilterTest.testExtractTableNameWithSchemaNameInPathParams  Time elapsed: 0 s
20:20:36.046 [Thread-7] ERROR f.i.s.r.p.m.o.MavenFilterOutputHandler - [ERROR] org.apache.pinot.controller.api.access.AuthenticationFilterTest.testExtractTableNameWithSchemaNameInQueryParams  Time elapsed: 0 s
20:20:36.046 [Thread-7] ERROR f.i.s.r.p.m.o.MavenFilterOutputHandler - [ERROR] org.apache.pinot.controller.api.access.AuthenticationFilterTest.testExtractTableNameWithTableNameInPathParams  Time elapsed: 0 s
20:20:36.046 [Thread-7] ERROR f.i.s.r.p.m.o.MavenFilterOutputHandler - [ERROR] org.apache.pinot.controller.api.access.AuthenticationFilterTest.testExtractTableNameWithTableNameInQueryParams  Time elapsed: 0 s
20:20:36.046 [Thread-7] ERROR f.i.s.r.p.m.o.MavenFilterOutputHandler - [ERROR] org.apache.pinot.controller.api.access.AuthenticationFilterTest.testExtractTableNameWithTableNameWithTypeInPathParams  Time elapsed: 0 s
20:20:36.046 [Thread-7] ERROR f.i.s.r.p.m.o.MavenFilterOutputHandler - [ERROR] org.apache.pinot.controller.api.access.AuthenticationFilterTest.testExtractTableNameWithTableNameWithTypeInQueryParams  Time elapsed: 0 s
20:20:36.046 [Thread-7] ERROR f.i.s.r.p.m.o.MavenFilterOutputHandler - [ERROR] org.apache.pinot.controller.api.resources.ZookeeperResourceTest.testZookeeperDataEndpoints  Time elapsed: 0.048 s
20:20:36.046 [Thread-7] ERROR f.i.s.r.p.m.o.MavenFilterOutputHandler - [ERROR] org.apache.pinot.controller.api.resources.PinotSegmentUploadDownloadRestletResourceTest.testEncryptSegmentIfNeededCrypterInTableConfig  Time elapsed: 0.001 s
20:20:36.047 [Thread-7] ERROR f.i.s.r.p.m.o.MavenFilterOutputHandler - [ERROR] org.apache.pinot.controller.api.resources.PinotSegmentUploadDownloadRestletResourceTest.testEncryptSegmentIfNeededDifferentCrypters  Time elapsed: 0.001 s
20:20:36.047 [Thread-7] ERROR f.i.s.r.p.m.o.MavenFilterOutputHandler - [ERROR] org.apache.pinot.controller.api.resources.PinotSegmentUploadDownloadRestletResourceTest.testEncryptSegmentIfNeededNoEncryption  Time elapsed: 0 s
20:20:36.047 [Thread-7] ERROR f.i.s.r.p.m.o.MavenFilterOutputHandler - [ERROR] org.apache.pinot.controller.api.resources.PinotSegmentUploadDownloadRestletResourceTest.testEncryptSegmentIfNeededUploadedSegmentIsEncrypted  Time elapsed: 0 s
20:20:36.047 [Thread-7] ERROR f.i.s.r.p.m.o.MavenFilterOutputHandler - [ERROR] org.apache.pinot.controller.api.PinotTenantRestletResourceTest.testTableListForTenant  Time elapsed: 0.05 s
20:20:36.047 [Thread-7] ERROR f.i.s.r.p.m.o.MavenFilterOutputHandler - [ERROR] org.apache.pinot.controller.api.PinotControllerAppConfigsTest.testControllerAppConfigs  Time elapsed: 0.024 s
20:20:36.047 [Thread-7] ERROR f.i.s.r.p.m.o.MavenFilterOutputHandler - [ERROR] org.apache.pinot.controller.api.TableConfigsRestletResourceTest.testCreateConfig  Time elapsed: 0.527 s
20:20:36.047 [Thread-7] ERROR f.i.s.r.p.m.o.MavenFilterOutputHandler - [ERROR] org.apache.pinot.controller.api.TableConfigsRestletResourceTest.testDeleteConfig  Time elapsed: 0.256 s
20:20:36.048 [Thread-7] ERROR f.i.s.r.p.m.o.MavenFilterOutputHandler - [ERROR] org.apache.pinot.controller.api.TableConfigsRestletResourceTest.testListConfigs  Time elapsed: 0.302 s
20:20:36.048 [Thread-7] ERROR f.i.s.r.p.m.o.MavenFilterOutputHandler - [ERROR] org.apache.pinot.controller.api.TableConfigsRestletResourceTest.testUpdateConfig  Time elapsed: 0.475 s
20:20:36.048 [Thread-7] ERROR f.i.s.r.p.m.o.MavenFilterOutputHandler - [ERROR] org.apache.pinot.controller.api.TableConfigsRestletResourceTest.testValidateConfig  Time elapsed: 0.078 s
20:20:36.048 [Thread-7] ERROR f.i.s.r.p.m.o.MavenFilterOutputHandler - [ERROR] org.apache.pinot.controller.api.PinotTableRestletResourceTest.rebalanceNonExistentTable  Time elapsed: 0.002 s
20:20:36.048 [Thread-7] ERROR f.i.s.r.p.m.o.MavenFilterOutputHandler - [ERROR] org.apache.pinot.controller.api.PinotTableRestletResourceTest.rebalanceTableWithoutSegments  Time elapsed: 0.076 s
20:20:36.048 [Thread-7] ERROR f.i.s.r.p.m.o.MavenFilterOutputHandler - [ERROR] org.apache.pinot.controller.api.PinotTableRestletResourceTest.testCheckTableState  Time elapsed: 0.076 s  <<< FAILURE!
20:20:36.049 [Thread-7] ERROR f.i.s.r.p.m.o.MavenFilterOutputHandler - [ERROR] org.apache.pinot.controller.api.PinotTableRestletResourceTest.testCreateTable  Time elapsed: 0.208 s
20:20:36.049 [Thread-7] ERROR f.i.s.r.p.m.o.MavenFilterOutputHandler - [ERROR] org.apache.pinot.controller.api.PinotTableRestletResourceTest.testDeleteTable  Time elapsed: 0.068 s  <<< FAILURE!
20:20:36.050 [Thread-7] ERROR f.i.s.r.p.m.o.MavenFilterOutputHandler - [ERROR] org.apache.pinot.controller.api.PinotTableRestletResourceTest.testDimTableStorageQuotaConstraints  Time elapsed: 0.13 s
20:20:36.051 [Thread-7] ERROR f.i.s.r.p.m.o.MavenFilterOutputHandler - [ERROR] org.apache.pinot.controller.api.PinotTableRestletResourceTest.testTableCronSchedule  Time elapsed: 0.056 s  <<< FAILURE!
20:20:36.053 [Thread-7] ERROR f.i.s.r.p.m.o.MavenFilterOutputHandler - [ERROR] org.apache.pinot.controller.api.PinotTableRestletResourceTest.testTableMinReplication  Time elapsed: 0.381 s
20:20:36.053 [Thread-7] ERROR f.i.s.r.p.m.o.MavenFilterOutputHandler - [ERROR] org.apache.pinot.controller.api.PinotTableRestletResourceTest.testUpdateTableConfig  Time elapsed: 0.252 s
20:20:36.053 [Thread-7] ERROR f.i.s.r.p.m.o.MavenFilterOutputHandler - [ERROR] org.apache.pinot.controller.api.PinotTableRestletResourceTest.testValidate  Time elapsed: 0.007 s
20:20:36.053 [Thread-7] ERROR f.i.s.r.p.m.o.MavenFilterOutputHandler - [ERROR] org.apache.pinot.controller.api.PinotTableRestletResourceTest.testValidateTableAndSchema  Time elapsed: 0.037 s
20:20:36.053 [Thread-7] ERROR f.i.s.r.p.m.o.MavenFilterOutputHandler - [ERROR] org.apache.pinot.controller.api.PinotSegmentsMetadataTest.testServerSegmentMetadataFetchError  Time elapsed: 0.066 s
20:20:36.053 [Thread-7] ERROR f.i.s.r.p.m.o.MavenFilterOutputHandler - [ERROR] org.apache.pinot.controller.api.PinotSegmentsMetadataTest.testServerSegmentMetadataFetchSuccess  Time elapsed: 0.042 s
20:20:36.053 [Thread-7] ERROR f.i.s.r.p.m.o.MavenFilterOutputHandler - [ERROR] org.apache.pinot.controller.api.ControllerFilePathProviderTest.testLocalTempDirConfigured  Time elapsed: 0.001 s
20:20:36.053 [Thread-7] ERROR f.i.s.r.p.m.o.MavenFilterOutputHandler - [ERROR] org.apache.pinot.controller.api.ControllerFilePathProviderTest.testLocalTempDirNotConfigured  Time elapsed: 0 s
20:20:36.053 [Thread-7] ERROR f.i.s.r.p.m.o.MavenFilterOutputHandler - [ERROR] org.apache.pinot.controller.api.upload.ZKOperatorTest.testCompleteSegmentOperations  Time elapsed: 3.205 s
20:20:36.053 [Thread-7] ERROR f.i.s.r.p.m.o.MavenFilterOutputHandler - [ERROR] org.apache.pinot.controller.api.SegmentCompletionProtocolDeserTest.testCompleteResponseParams  Time elapsed: 0 s
20:20:36.053 [Thread-7] ERROR f.i.s.r.p.m.o.MavenFilterOutputHandler - [ERROR] org.apache.pinot.controller.api.SegmentCompletionProtocolDeserTest.testIncompleteResponseParams  Time elapsed: 0 s
20:20:36.053 [Thread-7] ERROR f.i.s.r.p.m.o.MavenFilterOutputHandler - [ERROR] org.apache.pinot.controller.api.SegmentCompletionProtocolDeserTest.testJsonNullSegmentLocationAndVip  Time elapsed: 0 s
20:20:36.053 [Thread-7] ERROR f.i.s.r.p.m.o.MavenFilterOutputHandler - [ERROR] org.apache.pinot.controller.api.SegmentCompletionProtocolDeserTest.testJsonResponseWithAllParams  Time elapsed: 0 s
20:20:36.053 [Thread-7] ERROR f.i.s.r.p.m.o.MavenFilterOutputHandler - [ERROR] org.apache.pinot.controller.api.SegmentCompletionProtocolDeserTest.testJsonResponseWithSegmentLocationNullVip  Time elapsed: 0 s
20:20:36.053 [Thread-7] ERROR f.i.s.r.p.m.o.MavenFilterOutputHandler - [ERROR] org.apache.pinot.controller.api.SegmentCompletionProtocolDeserTest.testJsonResponseWithVipAndNullSegmentLocation  Time elapsed: 0 s
20:20:36.053 [Thread-7] ERROR f.i.s.r.p.m.o.MavenFilterOutputHandler - [ERROR] org.apache.pinot.controller.api.SegmentCompletionProtocolDeserTest.testJsonResponseWithoutSplitCommit  Time elapsed: 0 s
20:20:36.053 [Thread-7] ERROR f.i.s.r.p.m.o.MavenFilterOutputHandler - [ERROR] org.apache.pinot.controller.helix.core.realtime.segment.SegmentFlushThresholdComputerTest.testAdjustRowsToSizeRatio  Time elapsed: 0.002 s
20:20:36.053 [Thread-7] ERROR f.i.s.r.p.m.o.MavenFilterOutputHandler - [ERROR] org.apache.pinot.controller.helix.core.realtime.segment.SegmentFlushThresholdComputerTest.testApplyMultiplierToAdjustedTotalDocsWhenTimeThresholdIsReached  Time elapsed: 0.001 s
20:20:36.053 [Thread-7] ERROR f.i.s.r.p.m.o.MavenFilterOutputHandler - [ERROR] org.apache.pinot.controller.helix.core.realtime.segment.SegmentFlushThresholdComputerTest.testApplyMultiplierToTotalDocsWhenTimeThresholdNotReached  Time elapsed: 0 s
20:20:36.054 [Thread-7] ERROR f.i.s.r.p.m.o.MavenFilterOutputHandler - [ERROR] org.apache.pinot.controller.helix.core.realtime.segment.SegmentFlushThresholdComputerTest.testNoRows  Time elapsed: 0 s
20:20:36.054 [Thread-7] ERROR f.i.s.r.p.m.o.MavenFilterOutputHandler - [ERROR] org.apache.pinot.controller.helix.core.realtime.segment.SegmentFlushThresholdComputerTest.testSegmentSizeJustRight  Time elapsed: 0 s
20:20:36.054 [Thread-7] ERROR f.i.s.r.p.m.o.MavenFilterOutputHandler - [ERROR] org.apache.pinot.controller.helix.core.realtime.segment.SegmentFlushThresholdComputerTest.testSegmentSizeTooBig  Time elapsed: 0 s
20:20:36.054 [Thread-7] ERROR f.i.s.r.p.m.o.MavenFilterOutputHandler - [ERROR] org.apache.pinot.controller.helix.core.realtime.segment.SegmentFlushThresholdComputerTest.testSegmentSizeTooSmall  Time elapsed: 0 s
20:20:36.054 [Thread-7] ERROR f.i.s.r.p.m.o.MavenFilterOutputHandler - [ERROR] org.apache.pinot.controller.helix.core.realtime.segment.SegmentFlushThresholdComputerTest.testUseAutoTuneInitialRowsIfFirstSegmentInPartition  Time elapsed: 0 s
20:20:36.054 [Thread-7] ERROR f.i.s.r.p.m.o.MavenFilterOutputHandler - [ERROR] org.apache.pinot.controller.helix.core.realtime.segment.SegmentFlushThresholdComputerTest.testUseLastSegmentSizeTimesRatioIfFirstSegmentInPartitionAndNewPartitionGroup  Time elapsed: 0 s
20:20:36.054 [Thread-7] ERROR f.i.s.r.p.m.o.MavenFilterOutputHandler - [ERROR] org.apache.pinot.controller.helix.core.realtime.segment.SegmentFlushThresholdComputerTest.testUseLastSegmentSizeTimesRatioIfFirstSegmentInPartitionAndNewPartitionGroupMinimumSize10000Rows  Time elapsed: 0 s
20:20:36.054 [Thread-7] ERROR f.i.s.r.p.m.o.MavenFilterOutputHandler - [ERROR] org.apache.pinot.controller.helix.core.realtime.segment.SegmentFlushThresholdComputerTest.testUseLastSegmentsThresholdIfSegmentSizeMissing  Time elapsed: 0 s
20:20:36.054 [Thread-7] ERROR f.i.s.r.p.m.o.MavenFilterOutputHandler - [ERROR] org.apache.pinot.controller.helix.core.PinotHelixResourceManagerTest.testGetInstanceConfigs  Time elapsed: 0.13 s
20:20:36.054 [Thread-7] ERROR f.i.s.r.p.m.o.MavenFilterOutputHandler - [ERROR] org.apache.pinot.controller.helix.core.PinotHelixResourceManagerTest.testGetInstanceEndpoints  Time elapsed: 0.061 s
20:20:36.054 [Thread-7] ERROR f.i.s.r.p.m.o.MavenFilterOutputHandler - [ERROR] org.apache.pinot.controller.helix.core.PinotHelixResourceManagerTest.testGetLiveBrokersForTable  Time elapsed: 0.402 s
20:20:36.054 [Thread-7] ERROR f.i.s.r.p.m.o.MavenFilterOutputHandler - [ERROR] org.apache.pinot.controller.helix.core.PinotHelixResourceManagerTest.testLeadControllerAssignment  Time elapsed: 0.026 s
20:20:36.054 [Thread-7] ERROR f.i.s.r.p.m.o.MavenFilterOutputHandler - [ERROR] org.apache.pinot.controller.helix.core.PinotHelixResourceManagerTest.testLeadControllerResource  Time elapsed: 0.002 s
20:20:36.055 [Thread-7] ERROR f.i.s.r.p.m.o.MavenFilterOutputHandler - [ERROR] org.apache.pinot.controller.helix.core.PinotHelixResourceManagerTest.testRebuildBrokerResourceFromHelixTags  Time elapsed: 0.227 s
20:20:36.055 [Thread-7] ERROR f.i.s.r.p.m.o.MavenFilterOutputHandler - [ERROR] org.apache.pinot.controller.helix.core.PinotHelixResourceManagerTest.testRetrieveSegmentZKMetadata  Time elapsed: 0.004 s
20:20:36.055 [Thread-7] ERROR f.i.s.r.p.m.o.MavenFilterOutputHandler - [ERROR] org.apache.pinot.controller.helix.core.PinotHelixResourceManagerTest.testRetrieveTenantNames  Time elapsed: 0.122 s
20:20:36.055 [Thread-7] ERROR f.i.s.r.p.m.o.MavenFilterOutputHandler - [ERROR] org.apache.pinot.controller.helix.core.PinotHelixResourceManagerTest.testSegmentReplacement  Time elapsed: 17.771 s
20:20:36.055 [Thread-7] ERROR f.i.s.r.p.m.o.MavenFilterOutputHandler - [ERROR] org.apache.pinot.controller.helix.core.assignment.segment.OfflineNonReplicaGroupTieredSegmentAssignmentTest.testBootstrapTable  Time elapsed: 0 s
20:20:36.055 [Thread-7] ERROR f.i.s.r.p.m.o.MavenFilterOutputHandler - [ERROR] org.apache.pinot.controller.helix.core.assignment.segment.OfflineNonReplicaGroupTieredSegmentAssignmentTest.testTableBalanced  Time elapsed: 0.003 s
20:20:36.055 [Thread-7] ERROR f.i.s.r.p.m.o.MavenFilterOutputHandler - [ERROR] org.apache.pinot.controller.helix.core.assignment.segment.OfflineNonReplicaGroupSegmentAssignmentTest.testAssignSegment  Time elapsed: 0.001 s
20:20:36.055 [Thread-7] ERROR f.i.s.r.p.m.o.MavenFilterOutputHandler - [ERROR] org.apache.pinot.controller.helix.core.assignment.segment.OfflineNonReplicaGroupSegmentAssignmentTest.testBootstrapTable  Time elapsed: 0.002 s
20:20:36.055 [Thread-7] ERROR f.i.s.r.p.m.o.MavenFilterOutputHandler - [ERROR] org.apache.pinot.controller.helix.core.assignment.segment.OfflineNonReplicaGroupSegmentAssignmentTest.testFactory  Time elapsed: 0 s
20:20:36.055 [Thread-7] ERROR f.i.s.r.p.m.o.MavenFilterOutputHandler - [ERROR] org.apache.pinot.controller.helix.core.assignment.segment.OfflineNonReplicaGroupSegmentAssignmentTest.testTableBalanced  Time elapsed: 0.002 s
20:20:36.055 [Thread-7] ERROR f.i.s.r.p.m.o.MavenFilterOutputHandler - [ERROR] org.apache.pinot.controller.helix.core.assignment.segment.RealtimeNonReplicaGroupTieredSegmentAssignmentTest.testRelocateCompletedSegments  Time elapsed: 0.006 s
20:20:36.055 [Thread-7] ERROR f.i.s.r.p.m.o.MavenFilterOutputHandler - [ERROR] org.apache.pinot.controller.helix.core.rebalance.TableRebalancerTest.testAssignment  Time elapsed: 0.005 s
20:20:36.055 [Thread-7] ERROR f.i.s.r.p.m.o.MavenFilterOutputHandler - [ERROR] org.apache.pinot.controller.helix.core.rebalance.TableRebalancerTest.testDowntimeMode  Time elapsed: 0.001 s
20:20:36.056 [Thread-7] ERROR f.i.s.r.p.m.o.MavenFilterOutputHandler - [ERROR] org.apache.pinot.controller.helix.core.rebalance.TableRebalancerTest.testIsExternalViewConverged  Time elapsed: 0 s
20:20:36.056 [Thread-7] ERROR f.i.s.r.p.m.o.MavenFilterOutputHandler - [ERROR] org.apache.pinot.controller.helix.core.rebalance.TableRebalancerTest.testOneMinAvailableReplicas  Time elapsed: 0 s
20:20:36.056 [Thread-7] ERROR f.i.s.r.p.m.o.MavenFilterOutputHandler - [ERROR] org.apache.pinot.controller.helix.core.rebalance.TableRebalancerTest.testTwoMinAvailableReplicas  Time elapsed: 0.001 s
20:20:36.056 [Thread-7] ERROR f.i.s.r.p.m.o.MavenFilterOutputHandler - [ERROR] org.apache.pinot.controller.helix.ControllerInstanceToggleTest.testInstanceToggle  Time elapsed: 2.193 s
20:20:36.056 [Thread-7] ERROR f.i.s.r.p.m.o.MavenFilterOutputHandler - [ERROR] org.apache.pinot.controller.recommender.data.generator.MultiValueGeneratorHelperTest.testGenerateMultiValueEntries  Time elapsed: 0 s
20:20:36.056 [Thread-7] ERROR f.i.s.r.p.m.o.MavenFilterOutputHandler - [ERROR] org.apache.pinot.controller.api.SegmentCompletionUtilsTest.testGenerateSegmentFilePrefix  Time elapsed: 0.001 s
20:20:36.056 [Thread-7] ERROR f.i.s.r.p.m.o.MavenFilterOutputHandler - [ERROR] org.apache.pinot.controller.api.SegmentCompletionUtilsTest.testGenerateSegmentLocation  Time elapsed: 0 s
20:20:36.056 [Thread-7] ERROR f.i.s.r.p.m.o.MavenFilterOutputHandler - [ERROR] org.apache.pinot.controller.api.resources.PinotDummyExtraRestletResourceTest.testExtraDummyResourcePackages  Time elapsed: 0.001 s
20:20:36.056 [Thread-7] ERROR f.i.s.r.p.m.o.MavenFilterOutputHandler - [ERROR] org.apache.pinot.controller.api.PinotSchemaRestletResourceTest.testCreateUpdateSchema  Time elapsed: 0.047 s
20:20:36.057 [Thread-7] ERROR f.i.s.r.p.m.o.MavenFilterOutputHandler - [ERROR] org.apache.pinot.controller.api.PinotSchemaRestletResourceTest.testPostJson  Time elapsed: 0.004 s  <<< FAILURE!
20:20:36.058 [Thread-7] ERROR f.i.s.r.p.m.o.MavenFilterOutputHandler - [ERROR] org.apache.pinot.controller.api.TableSizeReaderTest.getTableSizeDetailsRealtimeOnly  Time elapsed: 0.013 s
20:20:36.058 [Thread-7] ERROR f.i.s.r.p.m.o.MavenFilterOutputHandler - [ERROR] org.apache.pinot.controller.api.TableSizeReaderTest.testGetTableSubTypeSizeAllErrors  Time elapsed: 10.025 s
20:20:36.058 [Thread-7] ERROR f.i.s.r.p.m.o.MavenFilterOutputHandler - [ERROR] org.apache.pinot.controller.api.TableSizeReaderTest.testGetTableSubTypeSizeAllSuccess  Time elapsed: 0.006 s
20:20:36.058 [Thread-7] ERROR f.i.s.r.p.m.o.MavenFilterOutputHandler - [ERROR] org.apache.pinot.controller.api.TableSizeReaderTest.testGetTableSubTypeSizesWithErrors  Time elapsed: 10.029 s
20:20:36.058 [Thread-7] ERROR f.i.s.r.p.m.o.MavenFilterOutputHandler - [ERROR] org.apache.pinot.controller.api.TableSizeReaderTest.testNoSuchTable  Time elapsed: 0 s
20:20:36.058 [Thread-7] ERROR f.i.s.r.p.m.o.MavenFilterOutputHandler - [ERROR] org.apache.pinot.controller.api.PinotFileUploadTest.testUploadBogusData  Time elapsed: 0.025 s
20:20:36.058 [Thread-7] ERROR f.i.s.r.p.m.o.MavenFilterOutputHandler - [ERROR] org.apache.pinot.controller.api.ServerTableSizeReaderTest.testServerSizeReader  Time elapsed: 0.007 s
20:20:36.058 [Thread-7] ERROR f.i.s.r.p.m.o.MavenFilterOutputHandler - [ERROR] org.apache.pinot.controller.api.ServerTableSizeReaderTest.testServerSizesErrors  Time elapsed: 5.03 s
20:20:36.058 [Thread-7] ERROR f.i.s.r.p.m.o.MavenFilterOutputHandler - [ERROR] org.apache.pinot.controller.helix.core.realtime.SegmentCompletionTest.testCommitDifferentOffsetSplitCommit  Time elapsed: 0.007 s
20:20:36.058 [Thread-7] ERROR f.i.s.r.p.m.o.MavenFilterOutputHandler - [ERROR] org.apache.pinot.controller.helix.core.realtime.SegmentCompletionTest.testCommitSegmentFileFail  Time elapsed: 0.003 s
20:20:36.058 [Thread-7] ERROR f.i.s.r.p.m.o.MavenFilterOutputHandler - [ERROR] org.apache.pinot.controller.helix.core.realtime.SegmentCompletionTest.testCommitterFailure  Time elapsed: 0 s
20:20:36.058 [Thread-7] ERROR f.i.s.r.p.m.o.MavenFilterOutputHandler - [ERROR] org.apache.pinot.controller.helix.core.realtime.SegmentCompletionTest.testControllerFailureDuringCommit  Time elapsed: 0 s
20:20:36.058 [Thread-7] ERROR f.i.s.r.p.m.o.MavenFilterOutputHandler - [ERROR] org.apache.pinot.controller.helix.core.realtime.SegmentCompletionTest.testControllerFailureDuringSplitCommit  Time elapsed: 0 s
20:20:36.058 [Thread-7] ERROR f.i.s.r.p.m.o.MavenFilterOutputHandler - [ERROR] org.apache.pinot.controller.helix.core.realtime.SegmentCompletionTest.testControllerNotConnected  Time elapsed: 0 s
20:20:36.058 [Thread-7] ERROR f.i.s.r.p.m.o.MavenFilterOutputHandler - [ERROR] org.apache.pinot.controller.helix.core.realtime.SegmentCompletionTest.testDeadServers  Time elapsed: 0 s
20:20:36.059 [Thread-7] ERROR f.i.s.r.p.m.o.MavenFilterOutputHandler - [ERROR] org.apache.pinot.controller.helix.core.realtime.SegmentCompletionTest.testDelayedServer  Time elapsed: 0.001 s
20:20:36.059 [Thread-7] ERROR f.i.s.r.p.m.o.MavenFilterOutputHandler - [ERROR] org.apache.pinot.controller.helix.core.realtime.SegmentCompletionTest.testDelayedServerSplitCommit  Time elapsed: 0 s
20:20:36.059 [Thread-7] ERROR f.i.s.r.p.m.o.MavenFilterOutputHandler - [ERROR] org.apache.pinot.controller.helix.core.realtime.SegmentCompletionTest.testExceptionInConsumedMessage  Time elapsed: 0.005 s
20:20:36.059 [Thread-7] ERROR f.i.s.r.p.m.o.MavenFilterOutputHandler - [ERROR] org.apache.pinot.controller.helix.core.realtime.SegmentCompletionTest.testFailedSlowCommit  Time elapsed: 0 s
20:20:36.059 [Thread-7] ERROR f.i.s.r.p.m.o.MavenFilterOutputHandler - [ERROR] org.apache.pinot.controller.helix.core.realtime.SegmentCompletionTest.testHappyPath  Time elapsed: 0 s
20:20:36.059 [Thread-7] ERROR f.i.s.r.p.m.o.MavenFilterOutputHandler - [ERROR] org.apache.pinot.controller.helix.core.realtime.SegmentCompletionTest.testHappyPathAfterStoppedConsuming  Time elapsed: 0 s
20:20:36.059 [Thread-7] ERROR f.i.s.r.p.m.o.MavenFilterOutputHandler - [ERROR] org.apache.pinot.controller.helix.core.realtime.SegmentCompletionTest.testHappyPathSlowCommit  Time elapsed: 0.001 s
20:20:36.059 [Thread-7] ERROR f.i.s.r.p.m.o.MavenFilterOutputHandler - [ERROR] org.apache.pinot.controller.helix.core.realtime.SegmentCompletionTest.testHappyPathSplitCommitWithDeepstore  Time elapsed: 0 s
20:20:36.059 [Thread-7] ERROR f.i.s.r.p.m.o.MavenFilterOutputHandler - [ERROR] org.apache.pinot.controller.helix.core.realtime.SegmentCompletionTest.testHappyPathSplitCommitWithLocalFS  Time elapsed: 0.001 s
20:20:36.059 [Thread-7] ERROR f.i.s.r.p.m.o.MavenFilterOutputHandler - [ERROR] org.apache.pinot.controller.helix.core.realtime.SegmentCompletionTest.testHappyPathSplitCommitWithPeerDownloadScheme  Time elapsed: 0.001 s
20:20:36.059 [Thread-7] ERROR f.i.s.r.p.m.o.MavenFilterOutputHandler - [ERROR] org.apache.pinot.controller.helix.core.realtime.SegmentCompletionTest.testLeaseTooLong  Time elapsed: 0.003 s
20:20:36.059 [Thread-7] ERROR f.i.s.r.p.m.o.MavenFilterOutputHandler - [ERROR] org.apache.pinot.controller.helix.core.realtime.SegmentCompletionTest.testNotLeader  Time elapsed: 0.001 s
20:20:36.059 [Thread-7] ERROR f.i.s.r.p.m.o.MavenFilterOutputHandler - [ERROR] org.apache.pinot.controller.helix.core.realtime.SegmentCompletionTest.testStoppedConsumeBeforeHold  Time elapsed: 0.001 s
20:20:36.059 [Thread-7] ERROR f.i.s.r.p.m.o.MavenFilterOutputHandler - [ERROR] org.apache.pinot.controller.helix.core.realtime.SegmentCompletionTest.testStoppedConsumeDuringCompletion  Time elapsed: 0 s
20:20:36.060 [Thread-7] ERROR f.i.s.r.p.m.o.MavenFilterOutputHandler - [ERROR] org.apache.pinot.controller.helix.core.realtime.SegmentCompletionTest.testWinnerOnRowLimit  Time elapsed: 0 s
20:20:36.060 [Thread-7] ERROR f.i.s.r.p.m.o.MavenFilterOutputHandler - [ERROR] org.apache.pinot.controller.helix.core.realtime.SegmentCompletionTest.testWinnerOnTimeLimit  Time elapsed: 0 s
20:20:36.060 [Thread-7] ERROR f.i.s.r.p.m.o.MavenFilterOutputHandler - [ERROR] org.apache.pinot.controller.helix.core.assignment.instance.InstanceAssignmentTest.testDefaultOfflineReplicaGroup  Time elapsed: 0.001 s
20:20:36.060 [Thread-7] ERROR f.i.s.r.p.m.o.MavenFilterOutputHandler - [ERROR] org.apache.pinot.controller.helix.core.assignment.instance.InstanceAssignmentTest.testIllegalConfig  Time elapsed: 0.001 s
20:20:36.060 [Thread-7] ERROR f.i.s.r.p.m.o.MavenFilterOutputHandler - [ERROR] org.apache.pinot.controller.helix.core.assignment.instance.InstanceAssignmentTest.testPoolBased  Time elapsed: 0 s
20:20:36.060 [Thread-7] ERROR f.i.s.r.p.m.o.MavenFilterOutputHandler - [ERROR] org.apache.pinot.controller.helix.core.assignment.segment.RealtimeNonReplicaGroupSegmentAssignmentTest.testAssignSegment  Time elapsed: 0 s
20:20:36.060 [Thread-7] ERROR f.i.s.r.p.m.o.MavenFilterOutputHandler - [ERROR] org.apache.pinot.controller.helix.core.assignment.segment.RealtimeNonReplicaGroupSegmentAssignmentTest.testFactory  Time elapsed: 0 s
20:20:36.060 [Thread-7] ERROR f.i.s.r.p.m.o.MavenFilterOutputHandler - [ERROR] org.apache.pinot.controller.helix.core.assignment.segment.RealtimeNonReplicaGroupSegmentAssignmentTest.testRelocateCompletedSegments  Time elapsed: 0.003 s
20:20:36.060 [Thread-7] ERROR f.i.s.r.p.m.o.MavenFilterOutputHandler - [ERROR] org.apache.pinot.controller.helix.HelixHelperTest.testPermanentIdealStateUpdaterException  Time elapsed: 0.007 s
20:20:36.061 [Thread-7] ERROR f.i.s.r.p.m.o.MavenFilterOutputHandler - [ERROR] org.apache.pinot.controller.helix.HelixHelperTest.testWriteLargeIdealState  Time elapsed: 0.118 s
20:20:36.061 [Thread-7] ERROR f.i.s.r.p.m.o.MavenFilterOutputHandler - [ERROR] org.apache.pinot.controller.recommender.data.generator.NumberGeneratorTest.testNext  Time elapsed: 0.001 s
20:20:36.061 [Thread-7] ERROR f.i.s.r.p.m.o.MavenFilterOutputHandler - [ERROR] org.apache.pinot.controller.recommender.data.generator.NumberGeneratorTest.testNextMultiValued  Time elapsed: 0 s
20:20:36.061 [Thread-7] ERROR f.i.s.r.p.m.o.MavenFilterOutputHandler - [ERROR] org.apache.pinot.controller.api.PinotInstanceAssignmentRestletResourceTest.testInstanceAssignment  Time elapsed: 0.372 s
20:20:36.061 [Thread-7] ERROR f.i.s.r.p.m.o.MavenFilterOutputHandler - [ERROR] org.apache.pinot.controller.api.AccessControlTest.testAccessDenied  Time elapsed: 0.002 s
20:20:36.061 [Thread-7] ERROR f.i.s.r.p.m.o.MavenFilterOutputHandler - [ERROR] org.apache.pinot.controller.api.TableViewsTest.testBadRequest[idealstate](1)  Time elapsed: 0.006 s
20:20:36.061 [Thread-7] ERROR f.i.s.r.p.m.o.MavenFilterOutputHandler - [ERROR] org.apache.pinot.controller.api.TableViewsTest.testBadRequest[externalview](2)  Time elapsed: 0.001 s
20:20:36.061 [Thread-7] ERROR f.i.s.r.p.m.o.MavenFilterOutputHandler - [ERROR] org.apache.pinot.controller.api.TableViewsTest.testHybridTableState[idealstate](1)  Time elapsed: 0.008 s
20:20:36.061 [Thread-7] ERROR f.i.s.r.p.m.o.MavenFilterOutputHandler - [ERROR] org.apache.pinot.controller.api.TableViewsTest.testHybridTableState[externalview](2)  Time elapsed: 0.008 s
20:20:36.061 [Thread-7] ERROR f.i.s.r.p.m.o.MavenFilterOutputHandler - [ERROR] org.apache.pinot.controller.api.TableViewsTest.testOfflineTableState[idealstate](1)  Time elapsed: 0.002 s
20:20:36.061 [Thread-7] ERROR f.i.s.r.p.m.o.MavenFilterOutputHandler - [ERROR] org.apache.pinot.controller.api.TableViewsTest.testOfflineTableState[externalview](2)  Time elapsed: 0.002 s
20:20:36.061 [Thread-7] ERROR f.i.s.r.p.m.o.MavenFilterOutputHandler - [ERROR] org.apache.pinot.controller.api.TableViewsTest.testTableNotFound[idealstate](1)  Time elapsed: 0.003 s
20:20:36.061 [Thread-7] ERROR f.i.s.r.p.m.o.MavenFilterOutputHandler - [ERROR] org.apache.pinot.controller.api.TableViewsTest.testTableNotFound[externalview](2)  Time elapsed: 0.002 s
20:20:36.061 [Thread-7] ERROR f.i.s.r.p.m.o.MavenFilterOutputHandler - [ERROR] org.apache.pinot.controller.recommender.data.generator.TimeGeneratorTest.testConvert  Time elapsed: 0 s
20:20:36.061 [Thread-7] ERROR f.i.s.r.p.m.o.MavenFilterOutputHandler - [ERROR] org.apache.pinot.controller.api.PinotInstanceRestletResourceTest.testInstanceListingAndCreation  Time elapsed: 0.051 s
20:20:36.061 [Thread-7] ERROR f.i.s.r.p.m.o.MavenFilterOutputHandler - [ERROR] org.apache.pinot.controller.recommender.realtime.provisioning.MemoryEstimatorTest.testSegmentGenerator  Time elapsed: 2.026 s
20:20:36.061 [Thread-7] ERROR f.i.s.r.p.m.o.MavenFilterOutputHandler - [ERROR] org.apache.pinot.controller.recommender.realtime.provisioning.MemoryEstimatorTest.testSegmentGeneratorWithDateTimeFieldSpec  Time elapsed: 1.644 s
20:20:36.062 [Thread-7] ERROR f.i.s.r.p.m.o.MavenFilterOutputHandler - [ERROR] org.apache.pinot.controller.recommender.TestConfigEngine.testAggregateMetricsRule  Time elapsed: 0.685 s
20:20:36.062 [Thread-7] ERROR f.i.s.r.p.m.o.MavenFilterOutputHandler - [ERROR] org.apache.pinot.controller.recommender.TestConfigEngine.testBloomFilterRule  Time elapsed: 0.03 s
20:20:36.062 [Thread-7] ERROR f.i.s.r.p.m.o.MavenFilterOutputHandler - [ERROR] org.apache.pinot.controller.recommender.TestConfigEngine.testBloomFilterRuleWithTimeSpecColumn  Time elapsed: 0.007 s
20:20:36.062 [Thread-7] ERROR f.i.s.r.p.m.o.MavenFilterOutputHandler - [ERROR] org.apache.pinot.controller.recommender.TestConfigEngine.testCombinationGenerator  Time elapsed: 0.001 s
20:20:36.062 [Thread-7] ERROR f.i.s.r.p.m.o.MavenFilterOutputHandler - [ERROR] org.apache.pinot.controller.recommender.TestConfigEngine.testDataSizeCalculation  Time elapsed: 0.017 s
20:20:36.062 [Thread-7] ERROR f.i.s.r.p.m.o.MavenFilterOutputHandler - [ERROR] org.apache.pinot.controller.recommender.TestConfigEngine.testEngineEmptyQueries  Time elapsed: 1.26 s
20:20:36.062 [Thread-7] ERROR f.i.s.r.p.m.o.MavenFilterOutputHandler - [ERROR] org.apache.pinot.controller.recommender.TestConfigEngine.testFixedLenBitset  Time elapsed: 0 s
20:20:36.062 [Thread-7] ERROR f.i.s.r.p.m.o.MavenFilterOutputHandler - [ERROR] org.apache.pinot.controller.recommender.TestConfigEngine.testFlagQueryRule  Time elapsed: 0.011 s
20:20:36.062 [Thread-7] ERROR f.i.s.r.p.m.o.MavenFilterOutputHandler - [ERROR] org.apache.pinot.controller.recommender.TestConfigEngine.testInputManager  Time elapsed: 0.013 s
20:20:36.062 [Thread-7] ERROR f.i.s.r.p.m.o.MavenFilterOutputHandler - [ERROR] org.apache.pinot.controller.recommender.TestConfigEngine.testInvalidInput1  Time elapsed: 0.003 s
20:20:36.062 [Thread-7] ERROR f.i.s.r.p.m.o.MavenFilterOutputHandler - [ERROR] org.apache.pinot.controller.recommender.TestConfigEngine.testInvalidInput2  Time elapsed: 0.002 s
20:20:36.062 [Thread-7] ERROR f.i.s.r.p.m.o.MavenFilterOutputHandler - [ERROR] org.apache.pinot.controller.recommender.TestConfigEngine.testInvertedSortedIndexJointRule  Time elapsed: 0.018 s
20:20:36.062 [Thread-7] ERROR f.i.s.r.p.m.o.MavenFilterOutputHandler - [ERROR] org.apache.pinot.controller.recommender.TestConfigEngine.testKafkaPartitionRule  Time elapsed: 0.004 s
20:20:36.062 [Thread-7] ERROR f.i.s.r.p.m.o.MavenFilterOutputHandler - [ERROR] org.apache.pinot.controller.recommender.TestConfigEngine.testKafkaPartitionRule2  Time elapsed: 0.003 s
20:20:36.062 [Thread-7] ERROR f.i.s.r.p.m.o.MavenFilterOutputHandler - [ERROR] org.apache.pinot.controller.recommender.TestConfigEngine.testNoDictionaryOnHeapDictionaryJointRule  Time elapsed: 0.011 s
20:20:36.062 [Thread-7] ERROR f.i.s.r.p.m.o.MavenFilterOutputHandler - [ERROR] org.apache.pinot.controller.recommender.TestConfigEngine.testPinotTablePartitionRule  Time elapsed: 0.026 s
20:20:36.063 [Thread-7] ERROR f.i.s.r.p.m.o.MavenFilterOutputHandler - [ERROR] org.apache.pinot.controller.recommender.TestConfigEngine.testPortionSelected  Time elapsed: 0 s
20:20:36.063 [Thread-7] ERROR f.i.s.r.p.m.o.MavenFilterOutputHandler - [ERROR] org.apache.pinot.controller.recommender.TestConfigEngine.testQueryInvertedSortedIndexRecommender  Time elapsed: 0.022 s
20:20:36.063 [Thread-7] ERROR f.i.s.r.p.m.o.MavenFilterOutputHandler - [ERROR] org.apache.pinot.controller.recommender.TestConfigEngine.testRangeIndexRule  Time elapsed: 0.011 s
20:20:36.063 [Thread-7] ERROR f.i.s.r.p.m.o.MavenFilterOutputHandler - [ERROR] org.apache.pinot.controller.recommender.TestConfigEngine.testRealtimeProvisioningRuleWithDateTimeColumn  Time elapsed: 2.591 s
20:20:36.063 [Thread-7] ERROR f.i.s.r.p.m.o.MavenFilterOutputHandler - [ERROR] org.apache.pinot.controller.recommender.TestConfigEngine.testRealtimeProvisioningRuleWithHighIngestionRate  Time elapsed: 2.265 s
20:20:36.063 [Thread-7] ERROR f.i.s.r.p.m.o.MavenFilterOutputHandler - [ERROR] org.apache.pinot.controller.recommender.TestConfigEngine.testRealtimeProvisioningRuleWithTimeColumn  Time elapsed: 2.547 s
20:20:36.063 [Thread-7] ERROR f.i.s.r.p.m.o.MavenFilterOutputHandler - [ERROR] org.apache.pinot.controller.recommender.TestConfigEngine.testSegmentSizeRule  Time elapsed: 1.322 s
20:20:36.063 [Thread-7] ERROR f.i.s.r.p.m.o.MavenFilterOutputHandler - [ERROR] org.apache.pinot.controller.recommender.TestConfigEngine.testSegmentSizeRuleNoNeedToGenerateSegment  Time elapsed: 0.013 s
20:20:36.063 [Thread-7] ERROR f.i.s.r.p.m.o.MavenFilterOutputHandler - [ERROR] org.apache.pinot.controller.recommender.TestConfigEngine.testSegmentSizeRuleRealtimeOnlyTable  Time elapsed: 0.007 s
20:20:36.063 [Thread-7] ERROR f.i.s.r.p.m.o.MavenFilterOutputHandler - [ERROR] org.apache.pinot.controller.recommender.TestConfigEngine.testSegmentSizeRuleRuleIsDisabledButItNeedsToBeSilentlyRun  Time elapsed: 1.222 s
20:20:36.064 [Thread-7] ERROR f.i.s.r.p.m.o.MavenFilterOutputHandler - [ERROR] org.apache.pinot.controller.recommender.TestConfigEngine.testSortedInvertedIndexJointRuleWithMetricAndDateTimeColumn  Time elapsed: 0.007 s
20:20:36.064 [Thread-7] ERROR f.i.s.r.p.m.o.MavenFilterOutputHandler - [ERROR] org.apache.pinot.controller.recommender.TestConfigEngine.testSupportsBooleanDataType  Time elapsed: 0.007 s
20:20:36.064 [Thread-7] ERROR f.i.s.r.p.m.o.MavenFilterOutputHandler - [ERROR] org.apache.pinot.controller.recommender.TestConfigEngine.testVariedLengthDictionaryRule  Time elapsed: 0.023 s
20:20:36.064 [Thread-7] ERROR f.i.s.r.p.m.o.MavenFilterOutputHandler - [ERROR] org.apache.pinot.controller.recommender.rules.impl.PinotTablePartitionRuleTest.testFindBestColumnForPartitioning  Time elapsed: 0.001 s
20:20:36.064 [Thread-7] ERROR f.i.s.r.p.m.o.MavenFilterOutputHandler - [ERROR] org.apache.pinot.controller.recommender.rules.impl.SegmentSizeRuleTest.testEstimate  Time elapsed: 0 s
20:20:36.064 [Thread-7] ERROR f.i.s.r.p.m.o.MavenFilterOutputHandler - [ERROR] org.apache.pinot.controller.recommender.rules.impl.AggregateMetricsRuleTest.testRun  Time elapsed: 0.002 s
20:20:36.064 [Thread-7] ERROR f.i.s.r.p.m.o.MavenFilterOutputHandler - [ERROR] org.apache.pinot.controller.recommender.rules.impl.AggregateMetricsRuleTest.testRunComplexExpressionInSumWithMetricColumns  Time elapsed: 0.001 s
20:20:36.064 [Thread-7] ERROR f.i.s.r.p.m.o.MavenFilterOutputHandler - [ERROR] org.apache.pinot.controller.recommender.rules.impl.AggregateMetricsRuleTest.testRunComplexExpressionInSumWithSomeNonMetricColumns  Time elapsed: 0.001 s
20:20:36.064 [Thread-7] ERROR f.i.s.r.p.m.o.MavenFilterOutputHandler - [ERROR] org.apache.pinot.controller.recommender.rules.impl.AggregateMetricsRuleTest.testRunNonAggregate  Time elapsed: 0.001 s
20:20:36.064 [Thread-7] ERROR f.i.s.r.p.m.o.MavenFilterOutputHandler - [ERROR] org.apache.pinot.controller.recommender.rules.impl.AggregateMetricsRuleTest.testRunNonAggregateWithNonSumFunction  Time elapsed: 0.001 s
20:20:36.064 [Thread-7] ERROR f.i.s.r.p.m.o.MavenFilterOutputHandler - [ERROR] org.apache.pinot.controller.recommender.rules.impl.AggregateMetricsRuleTest.testRunNonMetricColumnInSum  Time elapsed: 0.001 s
20:20:36.064 [Thread-7] ERROR f.i.s.r.p.m.o.MavenFilterOutputHandler - [ERROR] org.apache.pinot.controller.recommender.rules.impl.AggregateMetricsRuleTest.testRunOfflineTable  Time elapsed: 0.001 s
20:20:36.064 [Thread-7] ERROR f.i.s.r.p.m.o.MavenFilterOutputHandler - [ERROR] org.apache.pinot.controller.recommender.rules.impl.AggregateMetricsRuleTest.testRunWithGroupBy  Time elapsed: 0.001 s
20:20:36.064 [Thread-7] ERROR f.i.s.r.p.m.o.MavenFilterOutputHandler - [ERROR] org.apache.pinot.controller.recommender.rules.impl.AggregateMetricsRuleTest.testRunWithTransformationFunctionInGroupBy  Time elapsed: 0.001 s
20:20:36.064 [Thread-7] ERROR f.i.s.r.p.m.o.MavenFilterOutputHandler - [ERROR] org.apache.pinot.controller.util.ListenerConfigUtilTest.assertControllerPortConfig  Time elapsed: 0.001 s
20:20:36.064 [Thread-7] ERROR f.i.s.r.p.m.o.MavenFilterOutputHandler - [ERROR] org.apache.pinot.controller.util.ListenerConfigUtilTest.assertEmptyHttpPort  Time elapsed: 0.001 s
20:20:36.064 [Thread-7] ERROR f.i.s.r.p.m.o.MavenFilterOutputHandler - [ERROR] org.apache.pinot.controller.util.ListenerConfigUtilTest.assertEmptyHttpsPort  Time elapsed: 0 s
20:20:36.065 [Thread-7] ERROR f.i.s.r.p.m.o.MavenFilterOutputHandler - [ERROR] org.apache.pinot.controller.util.ListenerConfigUtilTest.assertHttpAndHttpsConfigs  Time elapsed: 0.001 s
20:20:36.065 [Thread-7] ERROR f.i.s.r.p.m.o.MavenFilterOutputHandler - [ERROR] org.apache.pinot.controller.util.ListenerConfigUtilTest.assertHttpsOnly  Time elapsed: 0 s
20:20:36.065 [Thread-7] ERROR f.i.s.r.p.m.o.MavenFilterOutputHandler - [ERROR] org.apache.pinot.controller.util.ListenerConfigUtilTest.assertInvalidHost  Time elapsed: 0 s
20:20:36.065 [Thread-7] ERROR f.i.s.r.p.m.o.MavenFilterOutputHandler - [ERROR] org.apache.pinot.controller.util.ListenerConfigUtilTest.assertInvalidPort  Time elapsed: 0 s
20:20:36.065 [Thread-7] ERROR f.i.s.r.p.m.o.MavenFilterOutputHandler - [ERROR] org.apache.pinot.controller.util.ListenerConfigUtilTest.assertLegacyAndHttps  Time elapsed: 0.001 s
20:20:36.065 [Thread-7] ERROR f.i.s.r.p.m.o.MavenFilterOutputHandler - [ERROR] org.apache.pinot.controller.util.ListenerConfigUtilTest.testFindLastTlsPort  Time elapsed: 0 s
20:20:36.065 [Thread-7] ERROR f.i.s.r.p.m.o.MavenFilterOutputHandler - [ERROR] org.apache.pinot.controller.util.ListenerConfigUtilTest.testFindLastTlsPortMissing  Time elapsed: 0 s
20:20:41.112 [Thread-8] ERROR f.i.s.r.p.m.output.MavenErrorHandler - Apr 19, 2022 8:20:40 PM org.glassfish.grizzly.http.server.NetworkListener start
20:20:41.112 [Thread-8] ERROR f.i.s.r.p.m.output.MavenErrorHandler - INFO: Started listener bound to [0.0.0.0:1234]
20:20:41.112 [Thread-8] ERROR f.i.s.r.p.m.output.MavenErrorHandler - Apr 19, 2022 8:20:40 PM org.glassfish.grizzly.http.server.HttpServer start
20:20:41.112 [Thread-8] ERROR f.i.s.r.p.m.output.MavenErrorHandler - INFO: [HttpServer] Started.
20:20:41.112 [Thread-8] ERROR f.i.s.r.p.m.output.MavenErrorHandler - Apr 19, 2022 8:20:40 PM org.glassfish.grizzly.http.server.NetworkListener shutdownNow
20:20:41.112 [Thread-8] ERROR f.i.s.r.p.m.output.MavenErrorHandler - INFO: Stopped listener bound to [0.0.0.0:1234]
20:20:43.365 [Thread-8] ERROR f.i.s.r.p.m.output.MavenErrorHandler - Apr 19, 2022 8:20:43 PM org.glassfish.grizzly.http.server.NetworkListener start
20:20:43.365 [Thread-8] ERROR f.i.s.r.p.m.output.MavenErrorHandler - INFO: Started listener bound to [0.0.0.0:1234]
20:20:43.365 [Thread-8] ERROR f.i.s.r.p.m.output.MavenErrorHandler - Apr 19, 2022 8:20:43 PM org.glassfish.grizzly.http.server.HttpServer start
20:20:43.365 [Thread-8] ERROR f.i.s.r.p.m.output.MavenErrorHandler - INFO: [HttpServer-1] Started.
20:20:43.365 [Thread-8] ERROR f.i.s.r.p.m.output.MavenErrorHandler - Apr 19, 2022 8:20:43 PM org.glassfish.grizzly.http.server.NetworkListener shutdownNow
20:20:43.365 [Thread-8] ERROR f.i.s.r.p.m.output.MavenErrorHandler - INFO: Stopped listener bound to [0.0.0.0:1234]
20:21:07.437 [Thread-8] ERROR f.i.s.r.p.m.output.MavenErrorHandler - Apr 19, 2022 8:21:07 PM org.glassfish.grizzly.http.server.NetworkListener start
20:21:07.437 [Thread-8] ERROR f.i.s.r.p.m.output.MavenErrorHandler - INFO: Started listener bound to [0.0.0.0:18998]
20:21:07.437 [Thread-8] ERROR f.i.s.r.p.m.output.MavenErrorHandler - Apr 19, 2022 8:21:07 PM org.glassfish.grizzly.http.server.HttpServer start
20:21:07.437 [Thread-8] ERROR f.i.s.r.p.m.output.MavenErrorHandler - INFO: [HttpServer-2] Started.
20:21:18.608 [Thread-8] ERROR f.i.s.r.p.m.output.MavenErrorHandler - Apr 19, 2022 8:21:15 PM org.glassfish.grizzly.http.server.NetworkListener shutdownNow
20:21:18.608 [Thread-8] ERROR f.i.s.r.p.m.output.MavenErrorHandler - INFO: Stopped listener bound to [0.0.0.0:18998]
20:21:18.608 [Thread-8] ERROR f.i.s.r.p.m.output.MavenErrorHandler - Apr 19, 2022 8:21:18 PM org.glassfish.grizzly.http.server.NetworkListener start
20:21:18.608 [Thread-8] ERROR f.i.s.r.p.m.output.MavenErrorHandler - INFO: Started listener bound to [0.0.0.0:18998]
20:21:18.608 [Thread-8] ERROR f.i.s.r.p.m.output.MavenErrorHandler - Apr 19, 2022 8:21:18 PM org.glassfish.grizzly.http.server.HttpServer start
20:21:18.608 [Thread-8] ERROR f.i.s.r.p.m.output.MavenErrorHandler - INFO: [HttpServer-3] Started.
20:21:22.693 [Thread-8] ERROR f.i.s.r.p.m.output.MavenErrorHandler - Apr 19, 2022 8:21:19 PM org.glassfish.grizzly.http.server.NetworkListener shutdownNow
20:21:22.694 [Thread-8] ERROR f.i.s.r.p.m.output.MavenErrorHandler - INFO: Stopped listener bound to [0.0.0.0:18998]
20:21:22.696 [Thread-8] ERROR f.i.s.r.p.m.output.MavenErrorHandler - Apr 19, 2022 8:21:22 PM org.glassfish.grizzly.http.server.NetworkListener start
20:21:22.696 [Thread-8] ERROR f.i.s.r.p.m.output.MavenErrorHandler - INFO: Started listener bound to [0.0.0.0:18998]
20:21:22.696 [Thread-8] ERROR f.i.s.r.p.m.output.MavenErrorHandler - Apr 19, 2022 8:21:22 PM org.glassfish.grizzly.http.server.HttpServer start
20:21:22.696 [Thread-8] ERROR f.i.s.r.p.m.output.MavenErrorHandler - INFO: [HttpServer-4] Started.
20:21:28.822 [Thread-8] ERROR f.i.s.r.p.m.output.MavenErrorHandler - Apr 19, 2022 8:21:26 PM org.glassfish.grizzly.http.server.NetworkListener shutdownNow
20:21:28.822 [Thread-8] ERROR f.i.s.r.p.m.output.MavenErrorHandler - INFO: Stopped listener bound to [0.0.0.0:18998]
20:21:32.866 [Thread-8] ERROR f.i.s.r.p.m.output.MavenErrorHandler - Apr 19, 2022 8:21:29 PM org.glassfish.grizzly.http.server.NetworkListener start
20:21:32.866 [Thread-8] ERROR f.i.s.r.p.m.output.MavenErrorHandler - INFO: Started listener bound to [0.0.0.0:18998]
20:21:32.866 [Thread-8] ERROR f.i.s.r.p.m.output.MavenErrorHandler - Apr 19, 2022 8:21:29 PM org.glassfish.grizzly.http.server.HttpServer start
20:21:32.866 [Thread-8] ERROR f.i.s.r.p.m.output.MavenErrorHandler - INFO: [HttpServer-5] Started.
20:21:32.871 [Thread-8] ERROR f.i.s.r.p.m.output.MavenErrorHandler - Apr 19, 2022 8:21:30 PM org.glassfish.grizzly.http.server.NetworkListener start
20:21:32.871 [Thread-8] ERROR f.i.s.r.p.m.output.MavenErrorHandler - INFO: Started listener bound to [0.0.0.0:18999]
20:21:32.871 [Thread-8] ERROR f.i.s.r.p.m.output.MavenErrorHandler - Apr 19, 2022 8:21:30 PM org.glassfish.grizzly.http.server.HttpServer start
20:21:32.872 [Thread-8] ERROR f.i.s.r.p.m.output.MavenErrorHandler - INFO: [HttpServer-6] Started.
20:21:32.872 [Thread-8] ERROR f.i.s.r.p.m.output.MavenErrorHandler - Apr 19, 2022 8:21:30 PM org.glassfish.grizzly.http.server.NetworkListener shutdownNow
20:21:32.872 [Thread-8] ERROR f.i.s.r.p.m.output.MavenErrorHandler - INFO: Stopped listener bound to [0.0.0.0:18999]
20:21:32.872 [Thread-8] ERROR f.i.s.r.p.m.output.MavenErrorHandler - Apr 19, 2022 8:21:30 PM org.glassfish.grizzly.http.server.NetworkListener shutdownNow
20:21:32.872 [Thread-8] ERROR f.i.s.r.p.m.output.MavenErrorHandler - INFO: Stopped listener bound to [0.0.0.0:18998]
20:21:32.872 [Thread-8] ERROR f.i.s.r.p.m.output.MavenErrorHandler - Apr 19, 2022 8:21:31 PM org.glassfish.grizzly.http.server.NetworkListener start
20:21:32.872 [Thread-8] ERROR f.i.s.r.p.m.output.MavenErrorHandler - INFO: Started listener bound to [0.0.0.0:18998]
20:21:32.872 [Thread-8] ERROR f.i.s.r.p.m.output.MavenErrorHandler - Apr 19, 2022 8:21:31 PM org.glassfish.grizzly.http.server.HttpServer start
20:21:32.872 [Thread-8] ERROR f.i.s.r.p.m.output.MavenErrorHandler - INFO: [HttpServer-7] Started.
20:21:32.872 [Thread-8] ERROR f.i.s.r.p.m.output.MavenErrorHandler - Apr 19, 2022 8:21:31 PM org.glassfish.grizzly.http.server.NetworkListener shutdownNow
20:21:32.872 [Thread-8] ERROR f.i.s.r.p.m.output.MavenErrorHandler - INFO: Stopped listener bound to [0.0.0.0:18998]
20:21:36.434 [Thread-8] ERROR f.i.s.r.p.m.output.MavenErrorHandler - Apr 19, 2022 8:21:35 PM org.glassfish.grizzly.http.server.NetworkListener start
20:21:36.434 [Thread-8] ERROR f.i.s.r.p.m.output.MavenErrorHandler - INFO: Started listener bound to [0.0.0.0:18998]
20:21:36.434 [Thread-8] ERROR f.i.s.r.p.m.output.MavenErrorHandler - Apr 19, 2022 8:21:35 PM org.glassfish.grizzly.http.server.HttpServer start
20:21:36.434 [Thread-8] ERROR f.i.s.r.p.m.output.MavenErrorHandler - INFO: [HttpServer-8] Started.
20:21:36.435 [Thread-8] ERROR f.i.s.r.p.m.output.MavenErrorHandler - Apr 19, 2022 8:21:36 PM org.glassfish.grizzly.http.server.NetworkListener start
20:21:36.435 [Thread-8] ERROR f.i.s.r.p.m.output.MavenErrorHandler - INFO: Started listener bound to [0.0.0.0:18999]
20:21:36.435 [Thread-8] ERROR f.i.s.r.p.m.output.MavenErrorHandler - Apr 19, 2022 8:21:36 PM org.glassfish.grizzly.http.server.HttpServer start
20:21:36.435 [Thread-8] ERROR f.i.s.r.p.m.output.MavenErrorHandler - INFO: [HttpServer-9] Started.
20:21:36.435 [Thread-8] ERROR f.i.s.r.p.m.output.MavenErrorHandler - Apr 19, 2022 8:21:36 PM org.glassfish.grizzly.http.server.NetworkListener shutdownNow
20:21:36.435 [Thread-8] ERROR f.i.s.r.p.m.output.MavenErrorHandler - INFO: Stopped listener bound to [0.0.0.0:18999]
20:21:36.436 [Thread-8] ERROR f.i.s.r.p.m.output.MavenErrorHandler - Apr 19, 2022 8:21:36 PM org.glassfish.grizzly.http.server.NetworkListener shutdownNow
20:21:36.436 [Thread-8] ERROR f.i.s.r.p.m.output.MavenErrorHandler - INFO: Stopped listener bound to [0.0.0.0:18998]
20:21:38.603 [Thread-8] ERROR f.i.s.r.p.m.output.MavenErrorHandler - Apr 19, 2022 8:21:38 PM org.glassfish.grizzly.http.server.NetworkListener start
20:21:38.603 [Thread-8] ERROR f.i.s.r.p.m.output.MavenErrorHandler - INFO: Started listener bound to [0.0.0.0:18998]
20:21:38.603 [Thread-8] ERROR f.i.s.r.p.m.output.MavenErrorHandler - Apr 19, 2022 8:21:38 PM org.glassfish.grizzly.http.server.HttpServer start
20:21:38.603 [Thread-8] ERROR f.i.s.r.p.m.output.MavenErrorHandler - INFO: [HttpServer-10] Started.
20:21:38.603 [Thread-8] ERROR f.i.s.r.p.m.output.MavenErrorHandler - Apr 19, 2022 8:21:38 PM org.glassfish.grizzly.http.server.NetworkListener shutdownNow
20:21:38.603 [Thread-8] ERROR f.i.s.r.p.m.output.MavenErrorHandler - INFO: Stopped listener bound to [0.0.0.0:18998]
20:21:40.635 [Thread-8] ERROR f.i.s.r.p.m.output.MavenErrorHandler - Apr 19, 2022 8:21:40 PM org.glassfish.grizzly.http.server.NetworkListener start
20:21:40.635 [Thread-8] ERROR f.i.s.r.p.m.output.MavenErrorHandler - INFO: Started listener bound to [0.0.0.0:18998]
20:21:40.635 [Thread-8] ERROR f.i.s.r.p.m.output.MavenErrorHandler - Apr 19, 2022 8:21:40 PM org.glassfish.grizzly.http.server.HttpServer start
20:21:40.635 [Thread-8] ERROR f.i.s.r.p.m.output.MavenErrorHandler - INFO: [HttpServer-11] Started.
20:21:44.217 [Thread-8] ERROR f.i.s.r.p.m.output.MavenErrorHandler - Apr 19, 2022 8:21:42 PM org.glassfish.grizzly.http.server.NetworkListener shutdownNow
20:21:44.217 [Thread-8] ERROR f.i.s.r.p.m.output.MavenErrorHandler - INFO: Stopped listener bound to [0.0.0.0:18998]
20:21:44.218 [Thread-8] ERROR f.i.s.r.p.m.output.MavenErrorHandler - Apr 19, 2022 8:21:44 PM org.glassfish.grizzly.http.server.NetworkListener start
20:21:44.218 [Thread-8] ERROR f.i.s.r.p.m.output.MavenErrorHandler - INFO: Started listener bound to [0.0.0.0:18998]
20:21:44.218 [Thread-8] ERROR f.i.s.r.p.m.output.MavenErrorHandler - Apr 19, 2022 8:21:44 PM org.glassfish.grizzly.http.server.HttpServer start
20:21:44.218 [Thread-8] ERROR f.i.s.r.p.m.output.MavenErrorHandler - INFO: [HttpServer-12] Started.
20:21:50.084 [Thread-8] ERROR f.i.s.r.p.m.output.MavenErrorHandler - Apr 19, 2022 8:21:47 PM org.glassfish.grizzly.http.server.NetworkListener shutdownNow
20:21:50.084 [Thread-8] ERROR f.i.s.r.p.m.output.MavenErrorHandler - INFO: Stopped listener bound to [0.0.0.0:18998]
20:21:52.135 [Thread-8] ERROR f.i.s.r.p.m.output.MavenErrorHandler - Apr 19, 2022 8:21:50 PM org.glassfish.grizzly.http.server.NetworkListener start
20:21:52.135 [Thread-8] ERROR f.i.s.r.p.m.output.MavenErrorHandler - INFO: Started listener bound to [0.0.0.0:18998]
20:21:52.135 [Thread-8] ERROR f.i.s.r.p.m.output.MavenErrorHandler - Apr 19, 2022 8:21:50 PM org.glassfish.grizzly.http.server.HttpServer start
20:21:52.135 [Thread-8] ERROR f.i.s.r.p.m.output.MavenErrorHandler - INFO: [HttpServer-13] Started.
20:21:52.135 [Thread-8] ERROR f.i.s.r.p.m.output.MavenErrorHandler - Apr 19, 2022 8:21:50 PM org.glassfish.grizzly.http.server.NetworkListener shutdownNow
20:21:52.135 [Thread-8] ERROR f.i.s.r.p.m.output.MavenErrorHandler - INFO: Stopped listener bound to [0.0.0.0:18998]
20:21:55.605 [Thread-8] ERROR f.i.s.r.p.m.output.MavenErrorHandler - Apr 19, 2022 8:21:52 PM org.glassfish.grizzly.http.server.NetworkListener start
20:21:55.605 [Thread-8] ERROR f.i.s.r.p.m.output.MavenErrorHandler - INFO: Started listener bound to [0.0.0.0:18998]
20:21:55.605 [Thread-8] ERROR f.i.s.r.p.m.output.MavenErrorHandler - Apr 19, 2022 8:21:52 PM org.glassfish.grizzly.http.server.HttpServer start
20:21:55.605 [Thread-8] ERROR f.i.s.r.p.m.output.MavenErrorHandler - INFO: [HttpServer-14] Started.
20:21:55.621 [Thread-8] ERROR f.i.s.r.p.m.output.MavenErrorHandler - Apr 19, 2022 8:21:53 PM org.glassfish.grizzly.http.server.NetworkListener shutdownNow
20:21:55.621 [Thread-8] ERROR f.i.s.r.p.m.output.MavenErrorHandler - INFO: Stopped listener bound to [0.0.0.0:18998]
20:21:55.625 [Thread-8] ERROR f.i.s.r.p.m.output.MavenErrorHandler - Apr 19, 2022 8:21:55 PM org.glassfish.grizzly.http.server.NetworkListener start
20:21:55.625 [Thread-8] ERROR f.i.s.r.p.m.output.MavenErrorHandler - INFO: Started listener bound to [0.0.0.0:18998]
20:21:55.625 [Thread-8] ERROR f.i.s.r.p.m.output.MavenErrorHandler - Apr 19, 2022 8:21:55 PM org.glassfish.grizzly.http.server.HttpServer start
20:21:55.625 [Thread-8] ERROR f.i.s.r.p.m.output.MavenErrorHandler - INFO: [HttpServer-15] Started.
20:21:55.632 [Thread-8] ERROR f.i.s.r.p.m.output.MavenErrorHandler - Apr 19, 2022 8:21:55 PM org.glassfish.grizzly.http.server.NetworkListener shutdownNow
20:21:55.632 [Thread-8] ERROR f.i.s.r.p.m.output.MavenErrorHandler - INFO: Stopped listener bound to [0.0.0.0:18998]
20:21:56.620 [Thread-8] ERROR f.i.s.r.p.m.output.MavenErrorHandler - Apr 19, 2022 8:21:56 PM org.glassfish.grizzly.http.server.NetworkListener start
20:21:56.620 [Thread-8] ERROR f.i.s.r.p.m.output.MavenErrorHandler - INFO: Started listener bound to [0.0.0.0:18998]
20:21:56.620 [Thread-8] ERROR f.i.s.r.p.m.output.MavenErrorHandler - Apr 19, 2022 8:21:56 PM org.glassfish.grizzly.http.server.HttpServer start
20:21:56.620 [Thread-8] ERROR f.i.s.r.p.m.output.MavenErrorHandler - INFO: [HttpServer-16] Started.
20:21:57.251 [Thread-8] ERROR f.i.s.r.p.m.output.MavenErrorHandler - Apr 19, 2022 8:21:56 PM org.glassfish.grizzly.http.server.NetworkListener shutdownNow
20:21:57.251 [Thread-8] ERROR f.i.s.r.p.m.output.MavenErrorHandler - INFO: Stopped listener bound to [0.0.0.0:18998]
20:21:59.082 [Thread-8] ERROR f.i.s.r.p.m.output.MavenErrorHandler - Apr 19, 2022 8:21:59 PM org.glassfish.grizzly.http.server.NetworkListener start
20:21:59.082 [Thread-8] ERROR f.i.s.r.p.m.output.MavenErrorHandler - INFO: Started listener bound to [0.0.0.0:18998]
20:21:59.082 [Thread-8] ERROR f.i.s.r.p.m.output.MavenErrorHandler - Apr 19, 2022 8:21:59 PM org.glassfish.grizzly.http.server.HttpServer start
20:21:59.082 [Thread-8] ERROR f.i.s.r.p.m.output.MavenErrorHandler - INFO: [HttpServer-17] Started.
20:22:10.102 [Thread-8] ERROR f.i.s.r.p.m.output.MavenErrorHandler - Apr 19, 2022 8:22:08 PM org.glassfish.grizzly.http.server.NetworkListener shutdownNow
20:22:10.102 [Thread-8] ERROR f.i.s.r.p.m.output.MavenErrorHandler - INFO: Stopped listener bound to [0.0.0.0:18998]
20:22:10.105 [Thread-8] ERROR f.i.s.r.p.m.output.MavenErrorHandler - Apr 19, 2022 8:22:09 PM org.glassfish.grizzly.http.server.NetworkListener start
20:22:10.105 [Thread-8] ERROR f.i.s.r.p.m.output.MavenErrorHandler - INFO: Started listener bound to [0.0.0.0:18998]
20:22:10.105 [Thread-8] ERROR f.i.s.r.p.m.output.MavenErrorHandler - Apr 19, 2022 8:22:09 PM org.glassfish.grizzly.http.server.HttpServer start
20:22:10.105 [Thread-8] ERROR f.i.s.r.p.m.output.MavenErrorHandler - INFO: [HttpServer-18] Started.
20:22:11.849 [Thread-8] ERROR f.i.s.r.p.m.output.MavenErrorHandler - Apr 19, 2022 8:22:10 PM org.glassfish.grizzly.http.server.NetworkListener shutdownNow
20:22:11.849 [Thread-8] ERROR f.i.s.r.p.m.output.MavenErrorHandler - INFO: Stopped listener bound to [0.0.0.0:18998]
20:22:12.038 [Thread-7] ERROR f.i.s.r.p.m.o.MavenFilterOutputHandler - [ERROR] Failures: 
20:22:12.038 [Thread-7] ERROR f.i.s.r.p.m.o.MavenFilterOutputHandler - [ERROR]   PinotSchemaRestletResourceTest.testPostJson:55 expected [{"status":"transcript successfully added"}] but found [{"status":"transcript successfully added","unparseableProps":null}]
20:22:12.038 [Thread-7] ERROR f.i.s.r.p.m.o.MavenFilterOutputHandler - [ERROR]   PinotTableRestletResourceTest.testCheckTableState:472 expected [{"status":"Table testTable_REALTIME succesfully added"}] but found [{"status":"Table testTable_REALTIME succesfully added","unparseableProps":{}}]
20:22:12.038 [Thread-7] ERROR f.i.s.r.p.m.o.MavenFilterOutputHandler - [ERROR]   PinotTableRestletResourceTest.testDeleteTable:382 expected [{"status":"Table table0_REALTIME succesfully added"}] but found [{"status":"Table table0_REALTIME succesfully added","unparseableProps":{}}]
20:22:12.039 [Thread-7] ERROR f.i.s.r.p.m.o.MavenFilterOutputHandler - [ERROR]   PinotTableRestletResourceTest.testTableCronSchedule:196 expected [{"status":"Table test_table_cron_schedule_OFFLINE succesfully added"}] but found [{"status":"Table test_table_cron_schedule_OFFLINE succesfully added","unparseableProps":{}}]
20:22:12.039 [Thread-7] ERROR f.i.s.r.p.m.o.MavenFilterOutputHandler - [ERROR] Tests run: 299, Failures: 4, Errors: 0, Skipped: 0
20:22:12.044 [Thread-7] ERROR f.i.s.r.p.m.o.MavenFilterOutputHandler - [ERROR] Failed to execute goal org.apache.maven.plugins:maven-surefire-plugin:3.0.0-M5:test (default-test) on project pinot-controller: There are test failures.
20:22:12.044 [Thread-7] ERROR f.i.s.r.p.m.o.MavenFilterOutputHandler - [ERROR] 
20:22:12.044 [Thread-7] ERROR f.i.s.r.p.m.o.MavenFilterOutputHandler - [ERROR] Please refer to /root/workspace/apache-pinot-master-8514_repo/pinot-controller/target/surefire-reports for the individual test results.
20:22:12.044 [Thread-7] ERROR f.i.s.r.p.m.o.MavenFilterOutputHandler - [ERROR] Please refer to dump files (if any exist) [date].dump, [date]-jvmRun[N].dump and [date].dumpstream.
20:22:12.044 [Thread-7] ERROR f.i.s.r.p.m.o.MavenFilterOutputHandler - [ERROR] -> [Help 1]
20:22:12.048 [Thread-7] ERROR f.i.s.r.p.m.o.MavenFilterOutputHandler - [ERROR] 
20:22:12.048 [Thread-7] ERROR f.i.s.r.p.m.o.MavenFilterOutputHandler - [ERROR] Re-run Maven using the -X switch to enable full debug logging.
20:22:12.048 [Thread-7] ERROR f.i.s.r.p.m.o.MavenFilterOutputHandler - [ERROR] 
20:22:12.048 [Thread-7] ERROR f.i.s.r.p.m.o.MavenFilterOutputHandler - [ERROR] For more information about the errors and possible solutions, please read the following articles:
20:22:12.049 [Thread-7] ERROR f.i.s.r.p.m.o.MavenFilterOutputHandler - [ERROR] [Help 1] http://cwiki.apache.org/confluence/display/MAVEN/MojoFailureException
20:22:12.049 [Thread-7] ERROR f.i.s.r.p.m.o.MavenFilterOutputHandler - [ERROR] 
20:22:12.049 [Thread-7] ERROR f.i.s.r.p.m.o.MavenFilterOutputHandler - [ERROR] After correcting the problems, you can resume the build with the command
20:22:12.049 [Thread-7] ERROR f.i.s.r.p.m.o.MavenFilterOutputHandler - [ERROR]   mvn <goals> -rf :pinot-controller
20:22:17.467 [main] ERROR f.i.s.r.p.s.paths.ComputeClasspath - The classpath file is empty.
20:22:17.468 [main] ERROR f.i.s.r.p.s.paths.ComputeClasspath - The classpath seems not to contain JUnit, maybe this project does not use JUnit for testing.
20:22:17.469 [main] ERROR f.i.s.r.p.s.paths.ComputeClasspath - The file does not exist: /root/./workspace/apache-pinot-master-8514_repo/target/classes.
20:22:17.469 [main] ERROR f.i.s.r.p.s.paths.ComputeClasspath - The file does not exist: /root/./workspace/apache-pinot-master-8514_repo/target/test-classes.
20:22:17.610 [main] ERROR f.i.s.r.p.s.paths.ComputeSourceDir - The source directory is not at default location or specified in build section from pom.xml, and no parent can be found.
20:22:17.614 [main] ERROR f.i.s.r.p.s.paths.ComputeSourceDir - The source directory is not at default location or specified in build section from pom.xml, and no parent can be found.
20:22:17.623 [main] INFO  f.i.s.r.p.s.paths.ComputeSourceDir - 49 source dirs were found:
20:22:17.623 [main] INFO  f.i.s.r.p.s.paths.ComputeSourceDir - /root/workspace/apache-pinot-master-8514_repo/contrib/pinot-fmpp-maven-plugin/src/main/java
20:22:17.623 [main] INFO  f.i.s.r.p.s.paths.ComputeSourceDir - /root/workspace/apache-pinot-master-8514_repo/pinot-broker/src/main/java
20:22:17.623 [main] INFO  f.i.s.r.p.s.paths.ComputeSourceDir - /root/workspace/apache-pinot-master-8514_repo/pinot-clients/pinot-java-client/src/main/java
20:22:17.623 [main] INFO  f.i.s.r.p.s.paths.ComputeSourceDir - /root/workspace/apache-pinot-master-8514_repo/pinot-clients/pinot-jdbc-client/src/main/java
20:22:17.623 [main] INFO  f.i.s.r.p.s.paths.ComputeSourceDir - /root/workspace/apache-pinot-master-8514_repo/pinot-common/src/main/java
20:22:17.623 [main] INFO  f.i.s.r.p.s.paths.ComputeSourceDir - /root/workspace/apache-pinot-master-8514_repo/pinot-compatibility-verifier/src/main/java
20:22:17.623 [main] INFO  f.i.s.r.p.s.paths.ComputeSourceDir - /root/workspace/apache-pinot-master-8514_repo/pinot-connectors/pinot-flink-connector/src/main/java
20:22:17.623 [main] INFO  f.i.s.r.p.s.paths.ComputeSourceDir - /root/workspace/apache-pinot-master-8514_repo/pinot-connectors/pinot-spark-connector/src/main/scala
20:22:17.623 [main] INFO  f.i.s.r.p.s.paths.ComputeSourceDir - /root/workspace/apache-pinot-master-8514_repo/pinot-controller/src/main/java
20:22:17.623 [main] INFO  f.i.s.r.p.s.paths.ComputeSourceDir - /root/workspace/apache-pinot-master-8514_repo/pinot-core/src/main/java
20:22:17.623 [main] INFO  f.i.s.r.p.s.paths.ComputeSourceDir - /root/workspace/apache-pinot-master-8514_repo/pinot-integration-tests/src/main/java
20:22:17.623 [main] INFO  f.i.s.r.p.s.paths.ComputeSourceDir - /root/workspace/apache-pinot-master-8514_repo/pinot-minion/src/main/java
20:22:17.623 [main] INFO  f.i.s.r.p.s.paths.ComputeSourceDir - /root/workspace/apache-pinot-master-8514_repo/pinot-perf/src/main/java
20:22:17.623 [main] INFO  f.i.s.r.p.s.paths.ComputeSourceDir - /root/workspace/apache-pinot-master-8514_repo/pinot-plugins/pinot-batch-ingestion/pinot-batch-ingestion-common/src/main/java
20:22:17.623 [main] INFO  f.i.s.r.p.s.paths.ComputeSourceDir - /root/workspace/apache-pinot-master-8514_repo/pinot-plugins/pinot-batch-ingestion/pinot-batch-ingestion-hadoop/src/main/java
20:22:17.623 [main] INFO  f.i.s.r.p.s.paths.ComputeSourceDir - /root/workspace/apache-pinot-master-8514_repo/pinot-plugins/pinot-batch-ingestion/pinot-batch-ingestion-spark/src/main/java
20:22:17.623 [main] INFO  f.i.s.r.p.s.paths.ComputeSourceDir - /root/workspace/apache-pinot-master-8514_repo/pinot-plugins/pinot-batch-ingestion/pinot-batch-ingestion-standalone/src/main/java
20:22:17.623 [main] INFO  f.i.s.r.p.s.paths.ComputeSourceDir - /root/workspace/apache-pinot-master-8514_repo/pinot-plugins/pinot-batch-ingestion/v0_deprecated/pinot-hadoop/src/main/java
20:22:17.623 [main] INFO  f.i.s.r.p.s.paths.ComputeSourceDir - /root/workspace/apache-pinot-master-8514_repo/pinot-plugins/pinot-batch-ingestion/v0_deprecated/pinot-ingestion-common/src/main/java
20:22:17.623 [main] INFO  f.i.s.r.p.s.paths.ComputeSourceDir - /root/workspace/apache-pinot-master-8514_repo/pinot-plugins/pinot-batch-ingestion/v0_deprecated/pinot-spark/src/main/java
20:22:17.623 [main] INFO  f.i.s.r.p.s.paths.ComputeSourceDir - /root/workspace/apache-pinot-master-8514_repo/pinot-plugins/pinot-environment/pinot-azure/src/main/java
20:22:17.623 [main] INFO  f.i.s.r.p.s.paths.ComputeSourceDir - /root/workspace/apache-pinot-master-8514_repo/pinot-plugins/pinot-file-system/pinot-adls/src/main/java
20:22:17.623 [main] INFO  f.i.s.r.p.s.paths.ComputeSourceDir - /root/workspace/apache-pinot-master-8514_repo/pinot-plugins/pinot-file-system/pinot-gcs/src/main/java
20:22:17.623 [main] INFO  f.i.s.r.p.s.paths.ComputeSourceDir - /root/workspace/apache-pinot-master-8514_repo/pinot-plugins/pinot-file-system/pinot-hdfs/src/main/java
20:22:17.623 [main] INFO  f.i.s.r.p.s.paths.ComputeSourceDir - /root/workspace/apache-pinot-master-8514_repo/pinot-plugins/pinot-file-system/pinot-s3/src/main/java
20:22:17.623 [main] INFO  f.i.s.r.p.s.paths.ComputeSourceDir - /root/workspace/apache-pinot-master-8514_repo/pinot-plugins/pinot-input-format/pinot-avro-base/src/main/java
20:22:17.623 [main] INFO  f.i.s.r.p.s.paths.ComputeSourceDir - /root/workspace/apache-pinot-master-8514_repo/pinot-plugins/pinot-input-format/pinot-avro/src/main/java
20:22:17.623 [main] INFO  f.i.s.r.p.s.paths.ComputeSourceDir - /root/workspace/apache-pinot-master-8514_repo/pinot-plugins/pinot-input-format/pinot-confluent-avro/src/main/java
20:22:17.623 [main] INFO  f.i.s.r.p.s.paths.ComputeSourceDir - /root/workspace/apache-pinot-master-8514_repo/pinot-plugins/pinot-input-format/pinot-csv/src/main/java
20:22:17.623 [main] INFO  f.i.s.r.p.s.paths.ComputeSourceDir - /root/workspace/apache-pinot-master-8514_repo/pinot-plugins/pinot-input-format/pinot-json/src/main/java
20:22:17.623 [main] INFO  f.i.s.r.p.s.paths.ComputeSourceDir - /root/workspace/apache-pinot-master-8514_repo/pinot-plugins/pinot-input-format/pinot-orc/src/main/java
20:22:17.623 [main] INFO  f.i.s.r.p.s.paths.ComputeSourceDir - /root/workspace/apache-pinot-master-8514_repo/pinot-plugins/pinot-input-format/pinot-parquet/src/main/java
20:22:17.624 [main] INFO  f.i.s.r.p.s.paths.ComputeSourceDir - /root/workspace/apache-pinot-master-8514_repo/pinot-plugins/pinot-input-format/pinot-protobuf/src/main/java
20:22:17.624 [main] INFO  f.i.s.r.p.s.paths.ComputeSourceDir - /root/workspace/apache-pinot-master-8514_repo/pinot-plugins/pinot-input-format/pinot-thrift/src/main/java
20:22:17.624 [main] INFO  f.i.s.r.p.s.paths.ComputeSourceDir - /root/workspace/apache-pinot-master-8514_repo/pinot-plugins/pinot-metrics/pinot-dropwizard/src/main/java
20:22:17.624 [main] INFO  f.i.s.r.p.s.paths.ComputeSourceDir - /root/workspace/apache-pinot-master-8514_repo/pinot-plugins/pinot-metrics/pinot-yammer/src/main/java
20:22:17.624 [main] INFO  f.i.s.r.p.s.paths.ComputeSourceDir - /root/workspace/apache-pinot-master-8514_repo/pinot-plugins/pinot-minion-tasks/pinot-minion-builtin-tasks/src/main/java
20:22:17.624 [main] INFO  f.i.s.r.p.s.paths.ComputeSourceDir - /root/workspace/apache-pinot-master-8514_repo/pinot-plugins/pinot-segment-uploader/pinot-segment-uploader-default/src/main/java
20:22:17.624 [main] INFO  f.i.s.r.p.s.paths.ComputeSourceDir - /root/workspace/apache-pinot-master-8514_repo/pinot-plugins/pinot-segment-writer/pinot-segment-writer-file-based/src/main/java
20:22:17.624 [main] INFO  f.i.s.r.p.s.paths.ComputeSourceDir - /root/workspace/apache-pinot-master-8514_repo/pinot-plugins/pinot-stream-ingestion/pinot-kafka-0.9/src/main/java
20:22:17.624 [main] INFO  f.i.s.r.p.s.paths.ComputeSourceDir - /root/workspace/apache-pinot-master-8514_repo/pinot-plugins/pinot-stream-ingestion/pinot-kafka-2.0/src/main/java
20:22:17.624 [main] INFO  f.i.s.r.p.s.paths.ComputeSourceDir - /root/workspace/apache-pinot-master-8514_repo/pinot-plugins/pinot-stream-ingestion/pinot-kafka-base/src/main/java
20:22:17.624 [main] INFO  f.i.s.r.p.s.paths.ComputeSourceDir - /root/workspace/apache-pinot-master-8514_repo/pinot-plugins/pinot-stream-ingestion/pinot-kinesis/src/main/java
20:22:17.624 [main] INFO  f.i.s.r.p.s.paths.ComputeSourceDir - /root/workspace/apache-pinot-master-8514_repo/pinot-plugins/pinot-stream-ingestion/pinot-pulsar/src/main/java
20:22:17.624 [main] INFO  f.i.s.r.p.s.paths.ComputeSourceDir - /root/workspace/apache-pinot-master-8514_repo/pinot-segment-local/src/main/java
20:22:17.624 [main] INFO  f.i.s.r.p.s.paths.ComputeSourceDir - /root/workspace/apache-pinot-master-8514_repo/pinot-segment-spi/src/main/java
20:22:17.624 [main] INFO  f.i.s.r.p.s.paths.ComputeSourceDir - /root/workspace/apache-pinot-master-8514_repo/pinot-server/src/main/java
20:22:17.624 [main] INFO  f.i.s.r.p.s.paths.ComputeSourceDir - /root/workspace/apache-pinot-master-8514_repo/pinot-spi/src/main/java
20:22:17.624 [main] INFO  f.i.s.r.p.s.paths.ComputeSourceDir - /root/workspace/apache-pinot-master-8514_repo/pinot-tools/src/main/java
20:22:17.684 [main] ERROR f.i.s.r.p.step.paths.ComputeTestDir - The test directory is not at default location or specified in build section from pom.xml, and no parent can be found.
20:22:17.693 [main] ERROR f.i.s.r.p.step.paths.ComputeTestDir - The test directory is not at default location or specified in build section from pom.xml, and no parent can be found.
20:22:17.744 [main] ERROR f.i.s.r.process.maven.MavenHelper - Error while building complete model. The raw model will be used. Error message: 1 problem was encountered while building the effective model for org.apache.pinot:pinot-s3:0.11.0-SNAPSHOT
[ERROR] Failed to determine Java version for profile disable-java8-doclint @ software.amazon.awssdk:aws-sdk-java-pom:2.14.28

20:22:17.768 [main] ERROR f.i.s.r.p.step.paths.ComputeTestDir - The test directory is not at default location or specified in build section from pom.xml, and no parent can be found.
20:22:17.787 [main] ERROR f.i.s.r.p.step.paths.ComputeTestDir - The test directory is not at default location or specified in build section from pom.xml, and no parent can be found.
20:22:17.820 [main] ERROR f.i.s.r.process.maven.MavenHelper - Error while building complete model. The raw model will be used. Error message: 1 problem was encountered while building the effective model for org.apache.pinot:pinot-kinesis:0.11.0-SNAPSHOT
[ERROR] Failed to determine Java version for profile disable-java8-doclint @ software.amazon.awssdk:aws-sdk-java-pom:2.14.28

20:22:17.842 [main] ERROR f.i.s.r.p.step.paths.ComputeTestDir - The test directory is not at default location or specified in build section from pom.xml, and no parent can be found.
20:22:17.846 [main] ERROR f.i.s.r.p.step.paths.ComputeTestDir - The test directory is not at default location or specified in build section from pom.xml, and no parent can be found.
20:22:17.846 [main] ERROR f.i.s.r.p.step.paths.ComputeTestDir - The test directory is not at default location or specified in build section from pom.xml, and no parent can be found.
20:22:17.861 [main] ERROR f.i.s.r.p.step.paths.ComputeTestDir - The test directory is not at default location or specified in build section from pom.xml, and no parent can be found.
20:22:17.861 [main] ERROR f.i.s.r.p.step.paths.ComputeTestDir - The test directory is not at default location or specified in build section from pom.xml, and no parent can be found.
20:22:17.877 [main] ERROR f.i.s.r.p.step.paths.ComputeTestDir - The test directory is not at default location or specified in build section from pom.xml, and no parent can be found.
20:22:17.889 [main] ERROR f.i.s.r.p.step.paths.ComputeTestDir - The test directory is not at default location or specified in build section from pom.xml, and no parent can be found.
20:22:17.906 [main] ERROR f.i.s.r.p.step.paths.ComputeTestDir - The test directory is not at default location or specified in build section from pom.xml, and no parent can be found.
20:22:17.910 [main] ERROR f.i.s.r.p.step.paths.ComputeTestDir - The test directory is not at default location or specified in build section from pom.xml, and no parent can be found.
20:22:17.910 [main] INFO  f.i.s.r.p.step.paths.ComputeTestDir - 40 test dirs were found:
20:22:17.910 [main] INFO  f.i.s.r.p.step.paths.ComputeTestDir - /root/workspace/apache-pinot-master-8514_repo/pinot-broker/src/test/java
20:22:17.910 [main] INFO  f.i.s.r.p.step.paths.ComputeTestDir - /root/workspace/apache-pinot-master-8514_repo/pinot-clients/pinot-java-client/src/test/java
20:22:17.910 [main] INFO  f.i.s.r.p.step.paths.ComputeTestDir - /root/workspace/apache-pinot-master-8514_repo/pinot-clients/pinot-jdbc-client/src/test/java
20:22:17.910 [main] INFO  f.i.s.r.p.step.paths.ComputeTestDir - /root/workspace/apache-pinot-master-8514_repo/pinot-common/src/test/java
20:22:17.910 [main] INFO  f.i.s.r.p.step.paths.ComputeTestDir - /root/workspace/apache-pinot-master-8514_repo/pinot-connectors/pinot-flink-connector/src/test/java
20:22:17.910 [main] INFO  f.i.s.r.p.step.paths.ComputeTestDir - /root/workspace/apache-pinot-master-8514_repo/pinot-connectors/pinot-spark-connector/src/test/scala
20:22:17.910 [main] INFO  f.i.s.r.p.step.paths.ComputeTestDir - /root/workspace/apache-pinot-master-8514_repo/pinot-controller/src/test/java
20:22:17.910 [main] INFO  f.i.s.r.p.step.paths.ComputeTestDir - /root/workspace/apache-pinot-master-8514_repo/pinot-core/src/test/java
20:22:17.910 [main] INFO  f.i.s.r.p.step.paths.ComputeTestDir - /root/workspace/apache-pinot-master-8514_repo/pinot-integration-test-base/src/test/java
20:22:17.910 [main] INFO  f.i.s.r.p.step.paths.ComputeTestDir - /root/workspace/apache-pinot-master-8514_repo/pinot-integration-tests/src/test/java
20:22:17.910 [main] INFO  f.i.s.r.p.step.paths.ComputeTestDir - /root/workspace/apache-pinot-master-8514_repo/pinot-minion/src/test/java
20:22:17.910 [main] INFO  f.i.s.r.p.step.paths.ComputeTestDir - /root/workspace/apache-pinot-master-8514_repo/pinot-plugins/pinot-batch-ingestion/pinot-batch-ingestion-common/src/test/java
20:22:17.910 [main] INFO  f.i.s.r.p.step.paths.ComputeTestDir - /root/workspace/apache-pinot-master-8514_repo/pinot-plugins/pinot-batch-ingestion/pinot-batch-ingestion-hadoop/src/test/java
20:22:17.910 [main] INFO  f.i.s.r.p.step.paths.ComputeTestDir - /root/workspace/apache-pinot-master-8514_repo/pinot-plugins/pinot-batch-ingestion/pinot-batch-ingestion-standalone/src/test/java
20:22:17.910 [main] INFO  f.i.s.r.p.step.paths.ComputeTestDir - /root/workspace/apache-pinot-master-8514_repo/pinot-plugins/pinot-batch-ingestion/v0_deprecated/pinot-hadoop/src/test/java
20:22:17.910 [main] INFO  f.i.s.r.p.step.paths.ComputeTestDir - /root/workspace/apache-pinot-master-8514_repo/pinot-plugins/pinot-batch-ingestion/v0_deprecated/pinot-spark/src/test/java
20:22:17.910 [main] INFO  f.i.s.r.p.step.paths.ComputeTestDir - /root/workspace/apache-pinot-master-8514_repo/pinot-plugins/pinot-environment/pinot-azure/src/test/java
20:22:17.910 [main] INFO  f.i.s.r.p.step.paths.ComputeTestDir - /root/workspace/apache-pinot-master-8514_repo/pinot-plugins/pinot-file-system/pinot-adls/src/test/java
20:22:17.910 [main] INFO  f.i.s.r.p.step.paths.ComputeTestDir - /root/workspace/apache-pinot-master-8514_repo/pinot-plugins/pinot-file-system/pinot-gcs/src/test/java
20:22:17.910 [main] INFO  f.i.s.r.p.step.paths.ComputeTestDir - /root/workspace/apache-pinot-master-8514_repo/pinot-plugins/pinot-file-system/pinot-hdfs/src/test/java
20:22:17.910 [main] INFO  f.i.s.r.p.step.paths.ComputeTestDir - /root/workspace/apache-pinot-master-8514_repo/pinot-plugins/pinot-file-system/pinot-s3/src/test/java
20:22:17.910 [main] INFO  f.i.s.r.p.step.paths.ComputeTestDir - /root/workspace/apache-pinot-master-8514_repo/pinot-plugins/pinot-input-format/pinot-avro-base/src/test/java
20:22:17.910 [main] INFO  f.i.s.r.p.step.paths.ComputeTestDir - /root/workspace/apache-pinot-master-8514_repo/pinot-plugins/pinot-input-format/pinot-csv/src/test/java
20:22:17.910 [main] INFO  f.i.s.r.p.step.paths.ComputeTestDir - /root/workspace/apache-pinot-master-8514_repo/pinot-plugins/pinot-input-format/pinot-json/src/test/java
20:22:17.910 [main] INFO  f.i.s.r.p.step.paths.ComputeTestDir - /root/workspace/apache-pinot-master-8514_repo/pinot-plugins/pinot-input-format/pinot-orc/src/test/java
20:22:17.910 [main] INFO  f.i.s.r.p.step.paths.ComputeTestDir - /root/workspace/apache-pinot-master-8514_repo/pinot-plugins/pinot-input-format/pinot-parquet/src/test/java
20:22:17.910 [main] INFO  f.i.s.r.p.step.paths.ComputeTestDir - /root/workspace/apache-pinot-master-8514_repo/pinot-plugins/pinot-input-format/pinot-protobuf/src/test/java
20:22:17.910 [main] INFO  f.i.s.r.p.step.paths.ComputeTestDir - /root/workspace/apache-pinot-master-8514_repo/pinot-plugins/pinot-input-format/pinot-thrift/src/test/java
20:22:17.910 [main] INFO  f.i.s.r.p.step.paths.ComputeTestDir - /root/workspace/apache-pinot-master-8514_repo/pinot-plugins/pinot-minion-tasks/pinot-minion-builtin-tasks/src/test/java
20:22:17.910 [main] INFO  f.i.s.r.p.step.paths.ComputeTestDir - /root/workspace/apache-pinot-master-8514_repo/pinot-plugins/pinot-segment-writer/pinot-segment-writer-file-based/src/test/java
20:22:17.910 [main] INFO  f.i.s.r.p.step.paths.ComputeTestDir - /root/workspace/apache-pinot-master-8514_repo/pinot-plugins/pinot-stream-ingestion/pinot-kafka-0.9/src/test/java
20:22:17.910 [main] INFO  f.i.s.r.p.step.paths.ComputeTestDir - /root/workspace/apache-pinot-master-8514_repo/pinot-plugins/pinot-stream-ingestion/pinot-kafka-2.0/src/test/java
20:22:17.910 [main] INFO  f.i.s.r.p.step.paths.ComputeTestDir - /root/workspace/apache-pinot-master-8514_repo/pinot-plugins/pinot-stream-ingestion/pinot-kafka-base/src/test/java
20:22:17.910 [main] INFO  f.i.s.r.p.step.paths.ComputeTestDir - /root/workspace/apache-pinot-master-8514_repo/pinot-plugins/pinot-stream-ingestion/pinot-kinesis/src/test/java
20:22:17.910 [main] INFO  f.i.s.r.p.step.paths.ComputeTestDir - /root/workspace/apache-pinot-master-8514_repo/pinot-plugins/pinot-stream-ingestion/pinot-pulsar/src/test/java
20:22:17.910 [main] INFO  f.i.s.r.p.step.paths.ComputeTestDir - /root/workspace/apache-pinot-master-8514_repo/pinot-segment-local/src/test/java
20:22:17.910 [main] INFO  f.i.s.r.p.step.paths.ComputeTestDir - /root/workspace/apache-pinot-master-8514_repo/pinot-segment-spi/src/test/java
20:22:17.910 [main] INFO  f.i.s.r.p.step.paths.ComputeTestDir - /root/workspace/apache-pinot-master-8514_repo/pinot-server/src/test/java
20:22:17.910 [main] INFO  f.i.s.r.p.step.paths.ComputeTestDir - /root/workspace/apache-pinot-master-8514_repo/pinot-spi/src/test/java
20:22:17.910 [main] INFO  f.i.s.r.p.step.paths.ComputeTestDir - /root/workspace/apache-pinot-master-8514_repo/pinot-tools/src/test/java
20:22:18.879 [main] INFO  f.i.s.r.p.s.g.GatherTestInformation - ---Test results---
20:22:18.879 [main] INFO  f.i.s.r.p.s.g.GatherTestInformation -    Total tests: 4246
20:22:18.879 [main] INFO  f.i.s.r.p.s.g.GatherTestInformation -    Tests run: 4246
20:22:18.879 [main] INFO  f.i.s.r.p.s.g.GatherTestInformation -    Tests passing: 4246
20:22:18.879 [main] INFO  f.i.s.r.p.s.g.GatherTestInformation -    Failures: 0
20:22:18.879 [main] INFO  f.i.s.r.p.s.g.GatherTestInformation -    Errors: 0
20:22:18.879 [main] INFO  f.i.s.r.p.s.g.GatherTestInformation -    Skipped: 0
20:22:18.879 [main] INFO  f.i.s.r.p.s.g.GatherTestInformation - 
20:22:22.635 [main] INFO  f.i.s.r.p.i.ProjectInspector - ----------------------------------------------------------------------
20:22:22.635 [main] INFO  f.i.s.r.p.i.ProjectInspector - PIPELINE EXECUTION SUMMARY
20:22:22.636 [main] INFO  f.i.s.r.p.i.ProjectInspector - ----------------------------------------------------------------------
20:22:22.636 [main] INFO  f.i.s.r.p.i.ProjectInspector - CloneCheckoutGitPullRequest.........................SUCCESS [   25 s ]
20:22:22.636 [main] INFO  f.i.s.r.p.i.ProjectInspector - BuildProject........................................SUCCESS [  444 s ]
20:22:22.636 [main] INFO  f.i.s.r.p.i.ProjectInspector - TestProject.........................................SUCCESS [ 1243 s ]
20:22:22.636 [main] INFO  f.i.s.r.p.i.ProjectInspector - ComputeClasspath....................................SUCCESS [    5 s ]
20:22:22.636 [main] INFO  f.i.s.r.p.i.ProjectInspector - ComputeSourceDir....................................SUCCESS [    0 s ]
20:22:22.636 [main] INFO  f.i.s.r.p.i.ProjectInspector - ComputeTestDir......................................SUCCESS [    0 s ]
20:22:22.636 [main] INFO  f.i.s.r.p.i.ProjectInspector - GatherTestInformation...............................FAILURE [    0 s ]
20:22:22.636 [main] INFO  f.i.s.r.p.i.ProjectInspector - FlacocoLocalization.................................NOT RUN           
20:22:22.636 [main] INFO  f.i.s.r.p.i.ProjectInspector - PushFaultLocalizationSuggestionsOnGitHubRepository..NOT RUN           
20:22:22.636 [main] INFO  f.i.s.r.p.i.ProjectInspector - ----------------------------------------------------------------------
20:22:22.636 [main] INFO  f.i.s.r.p.i.ProjectInspector - PIPELINE FINDING: NOTFAILING
20:22:22.636 [main] INFO  f.i.s.r.p.i.ProjectInspector - ----------------------------------------------------------------------
20:22:22.636 [main] INFO  f.i.s.r.p.github.GithubMainProcess - Inspector is finished. The process will exit now.
