Execute pipeline with following supplementary args: --smtpPort 25 --listenerMode NOOP --launcherMode FAULT_LOCALIZATION  --gitrepourl https://github.com/apache/pinot --gitrepopullrequest 8451
java -cp /usr/local/openjdk-11/lib/tools.jar:repairnator-pipeline.jar -Dlogback.configurationFile=/root/logback.xml fr.inria.spirals.repairnator.pipeline.Launcher -d --runId null -o /var/log --ghOauth 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 --faultLocalization --flacocoThreshold 0.0 --flacocoTopK null --flacocoResultsRepository flacocobot/2022-flacocobot-experiment --ghOauth  --smtpPort 25 --listenerMode NOOP --launcherMode FAULT_LOCALIZATION  --gitrepourl https://github.com/apache/pinot --gitrepopullrequest 8451

12:48:26.060 [main] INFO  f.i.s.r.p.g.GithubInitSerializerEngines - Initialize file serializer engines.
12:48:26.062 [main] INFO  f.i.s.r.p.g.GithubInitSerializerEngines - MongoDB won't be used for serialization.
12:48:26.062 [main] INFO  f.i.s.r.p.github.GithubInitNotifiers - The email notifier engine won't be used.
12:48:26.079 [main] INFO  f.i.s.r.p.i.ProjectInspector - ----------------------------------------------------------------------
12:48:26.079 [main] INFO  f.i.s.r.p.i.ProjectInspector - PIPELINE STEPS
12:48:26.080 [main] INFO  f.i.s.r.p.i.ProjectInspector - ----------------------------------------------------------------------
12:48:26.080 [main] INFO  f.i.s.r.p.i.ProjectInspector - CloneCheckoutGitPullRequest
12:48:26.080 [main] INFO  f.i.s.r.p.i.ProjectInspector - BuildProject
12:48:26.080 [main] INFO  f.i.s.r.p.i.ProjectInspector - TestProject
12:48:26.080 [main] INFO  f.i.s.r.p.i.ProjectInspector - ComputeClasspath
12:48:26.080 [main] INFO  f.i.s.r.p.i.ProjectInspector - ComputeSourceDir
12:48:26.080 [main] INFO  f.i.s.r.p.i.ProjectInspector - ComputeTestDir
12:48:26.080 [main] INFO  f.i.s.r.p.i.ProjectInspector - GatherTestInformation
12:48:26.080 [main] INFO  f.i.s.r.p.i.ProjectInspector - FlacocoLocalization
12:48:26.080 [main] INFO  f.i.s.r.p.i.ProjectInspector - PushFaultLocalizationSuggestionsOnGitHubRepository
12:48:26.080 [main] INFO  f.i.s.r.p.s.CloneCheckoutGitPullRequest - Cloning repository https://github.com/apache/pinot.git in the following directory: ./workspace/apache-pinot-master-8451_repo
12:57:01.177 [Thread-7] ERROR f.i.s.r.p.m.o.MavenFilterOutputHandler - [ERROR] WARNING: An illegal reflective access operation has occurred
12:57:01.177 [Thread-7] ERROR f.i.s.r.p.m.o.MavenFilterOutputHandler - [ERROR] WARNING: Illegal reflective access by org.apache.pinot.spi.config.ConfigUtilsTest (file:/root/workspace/apache-pinot-master-8451_repo/pinot-spi/target/test-classes/) to field java.util.Collections$UnmodifiableMap.m
12:57:01.177 [Thread-7] ERROR f.i.s.r.p.m.o.MavenFilterOutputHandler - [ERROR] WARNING: Please consider reporting this to the maintainers of org.apache.pinot.spi.config.ConfigUtilsTest
12:57:01.177 [Thread-7] ERROR f.i.s.r.p.m.o.MavenFilterOutputHandler - [ERROR] WARNING: Use --illegal-access=warn to enable warnings of further illegal reflective access operations
12:57:01.177 [Thread-7] ERROR f.i.s.r.p.m.o.MavenFilterOutputHandler - [ERROR] WARNING: All illegal access operations will be denied in a future release
12:57:12.715 [Thread-7] ERROR f.i.s.r.p.m.o.MavenFilterOutputHandler - [ERROR] WARNING: An illegal reflective access operation has occurred
12:57:12.715 [Thread-7] ERROR f.i.s.r.p.m.o.MavenFilterOutputHandler - [ERROR] WARNING: Illegal reflective access by xerial.larray.buffer.UnsafeUtil (file:/root/workspace/apache-pinot-master-8451_repo/.m2/org/xerial/larray/larray-buffer/0.4.1/larray-buffer-0.4.1.jar) to constructor java.nio.DirectByteBuffer(long,int,java.lang.Object)
12:57:12.715 [Thread-7] ERROR f.i.s.r.p.m.o.MavenFilterOutputHandler - [ERROR] WARNING: Please consider reporting this to the maintainers of xerial.larray.buffer.UnsafeUtil
12:57:12.715 [Thread-7] ERROR f.i.s.r.p.m.o.MavenFilterOutputHandler - [ERROR] WARNING: Use --illegal-access=warn to enable warnings of further illegal reflective access operations
12:57:12.715 [Thread-7] ERROR f.i.s.r.p.m.o.MavenFilterOutputHandler - [ERROR] WARNING: All illegal access operations will be denied in a future release
12:57:42.407 [Thread-8] ERROR f.i.s.r.p.m.output.MavenErrorHandler - java.lang.NullPointerException
12:57:42.407 [Thread-8] ERROR f.i.s.r.p.m.output.MavenErrorHandler - 	at org.testng.reporters.JUnitXMLReporter.generateReport(JUnitXMLReporter.java:152)
12:57:42.407 [Thread-8] ERROR f.i.s.r.p.m.output.MavenErrorHandler - 	at org.testng.reporters.JUnitXMLReporter.onFinish(JUnitXMLReporter.java:112)
12:57:42.407 [Thread-8] ERROR f.i.s.r.p.m.output.MavenErrorHandler - 	at org.testng.TestRunner.fireEvent(TestRunner.java:1187)
12:57:42.407 [Thread-8] ERROR f.i.s.r.p.m.output.MavenErrorHandler - 	at org.testng.TestRunner.afterRun(TestRunner.java:976)
12:57:42.407 [Thread-8] ERROR f.i.s.r.p.m.output.MavenErrorHandler - 	at org.testng.TestRunner.run(TestRunner.java:606)
12:57:42.407 [Thread-8] ERROR f.i.s.r.p.m.output.MavenErrorHandler - 	at org.testng.SuiteRunner.runTest(SuiteRunner.java:380)
12:57:42.407 [Thread-8] ERROR f.i.s.r.p.m.output.MavenErrorHandler - 	at org.testng.SuiteRunner.runSequentially(SuiteRunner.java:375)
12:57:42.407 [Thread-8] ERROR f.i.s.r.p.m.output.MavenErrorHandler - 	at org.testng.SuiteRunner.privateRun(SuiteRunner.java:340)
12:57:42.407 [Thread-8] ERROR f.i.s.r.p.m.output.MavenErrorHandler - 	at org.testng.SuiteRunner.run(SuiteRunner.java:289)
12:57:42.407 [Thread-8] ERROR f.i.s.r.p.m.output.MavenErrorHandler - 	at org.testng.SuiteRunnerWorker.runSuite(SuiteRunnerWorker.java:52)
12:57:42.407 [Thread-8] ERROR f.i.s.r.p.m.output.MavenErrorHandler - 	at org.testng.SuiteRunnerWorker.run(SuiteRunnerWorker.java:86)
12:57:42.407 [Thread-8] ERROR f.i.s.r.p.m.output.MavenErrorHandler - 	at org.testng.TestNG.runSuitesSequentially(TestNG.java:1301)
12:57:42.408 [Thread-8] ERROR f.i.s.r.p.m.output.MavenErrorHandler - 	at org.testng.TestNG.runSuitesLocally(TestNG.java:1226)
12:57:42.408 [Thread-8] ERROR f.i.s.r.p.m.output.MavenErrorHandler - 	at org.testng.TestNG.runSuites(TestNG.java:1144)
12:57:42.408 [Thread-8] ERROR f.i.s.r.p.m.output.MavenErrorHandler - 	at org.testng.TestNG.run(TestNG.java:1115)
12:57:42.408 [Thread-8] ERROR f.i.s.r.p.m.output.MavenErrorHandler - 	at org.apache.maven.surefire.testng.TestNGExecutor.run(TestNGExecutor.java:136)
12:57:42.408 [Thread-8] ERROR f.i.s.r.p.m.output.MavenErrorHandler - 	at org.apache.maven.surefire.testng.TestNGDirectoryTestSuite.executeSingleClass(TestNGDirectoryTestSuite.java:112)
12:57:42.408 [Thread-8] ERROR f.i.s.r.p.m.output.MavenErrorHandler - 	at org.apache.maven.surefire.testng.TestNGDirectoryTestSuite.execute(TestNGDirectoryTestSuite.java:99)
12:57:42.408 [Thread-8] ERROR f.i.s.r.p.m.output.MavenErrorHandler - 	at org.apache.maven.surefire.testng.TestNGProvider.invoke(TestNGProvider.java:145)
12:57:42.408 [Thread-8] ERROR f.i.s.r.p.m.output.MavenErrorHandler - 	at org.apache.maven.surefire.booter.ForkedBooter.runSuitesInProcess(ForkedBooter.java:428)
12:57:42.408 [Thread-8] ERROR f.i.s.r.p.m.output.MavenErrorHandler - 	at org.apache.maven.surefire.booter.ForkedBooter.execute(ForkedBooter.java:162)
12:57:42.408 [Thread-8] ERROR f.i.s.r.p.m.output.MavenErrorHandler - 	at org.apache.maven.surefire.booter.ForkedBooter.run(ForkedBooter.java:562)
12:57:42.408 [Thread-8] ERROR f.i.s.r.p.m.output.MavenErrorHandler - 	at org.apache.maven.surefire.booter.ForkedBooter.main(ForkedBooter.java:548)
12:57:42.408 [Thread-8] ERROR f.i.s.r.p.m.output.MavenErrorHandler - [TestNG] Reporter org.testng.reporters.JUnitReportReporter@6a84bc2a failed
12:57:42.408 [Thread-8] ERROR f.i.s.r.p.m.output.MavenErrorHandler - java.lang.NullPointerException
12:57:42.408 [Thread-8] ERROR f.i.s.r.p.m.output.MavenErrorHandler - 	at org.testng.reporters.JUnitReportReporter.generateReport(JUnitReportReporter.java:146)
12:57:42.408 [Thread-8] ERROR f.i.s.r.p.m.output.MavenErrorHandler - 	at org.testng.TestNG.generateReports(TestNG.java:1192)
12:57:42.408 [Thread-8] ERROR f.i.s.r.p.m.output.MavenErrorHandler - 	at org.testng.TestNG.run(TestNG.java:1120)
12:57:42.408 [Thread-8] ERROR f.i.s.r.p.m.output.MavenErrorHandler - 	at org.apache.maven.surefire.testng.TestNGExecutor.run(TestNGExecutor.java:136)
12:57:42.408 [Thread-8] ERROR f.i.s.r.p.m.output.MavenErrorHandler - 	at org.apache.maven.surefire.testng.TestNGDirectoryTestSuite.executeSingleClass(TestNGDirectoryTestSuite.java:112)
12:57:42.409 [Thread-8] ERROR f.i.s.r.p.m.output.MavenErrorHandler - 	at org.apache.maven.surefire.testng.TestNGDirectoryTestSuite.execute(TestNGDirectoryTestSuite.java:99)
12:57:42.409 [Thread-8] ERROR f.i.s.r.p.m.output.MavenErrorHandler - 	at org.apache.maven.surefire.testng.TestNGProvider.invoke(TestNGProvider.java:145)
12:57:42.409 [Thread-8] ERROR f.i.s.r.p.m.output.MavenErrorHandler - 	at org.apache.maven.surefire.booter.ForkedBooter.runSuitesInProcess(ForkedBooter.java:428)
12:57:42.409 [Thread-8] ERROR f.i.s.r.p.m.output.MavenErrorHandler - 	at org.apache.maven.surefire.booter.ForkedBooter.execute(ForkedBooter.java:162)
12:57:42.409 [Thread-8] ERROR f.i.s.r.p.m.output.MavenErrorHandler - 	at org.apache.maven.surefire.booter.ForkedBooter.run(ForkedBooter.java:562)
12:57:42.409 [Thread-8] ERROR f.i.s.r.p.m.output.MavenErrorHandler - 	at org.apache.maven.surefire.booter.ForkedBooter.main(ForkedBooter.java:548)
12:59:10.626 [Thread-7] ERROR f.i.s.r.p.m.o.MavenFilterOutputHandler - [ERROR] WARNING: An illegal reflective access operation has occurred
12:59:10.626 [Thread-7] ERROR f.i.s.r.p.m.o.MavenFilterOutputHandler - [ERROR] WARNING: Illegal reflective access by org.codehaus.groovy.vmplugin.v7.Java7$1 (file:/root/workspace/apache-pinot-master-8451_repo/.m2/org/codehaus/groovy/groovy-all/2.4.21/groovy-all-2.4.21.jar) to constructor java.lang.invoke.MethodHandles$Lookup(java.lang.Class,int)
12:59:10.626 [Thread-7] ERROR f.i.s.r.p.m.o.MavenFilterOutputHandler - [ERROR] WARNING: Please consider reporting this to the maintainers of org.codehaus.groovy.vmplugin.v7.Java7$1
12:59:10.626 [Thread-7] ERROR f.i.s.r.p.m.o.MavenFilterOutputHandler - [ERROR] WARNING: Use --illegal-access=warn to enable warnings of further illegal reflective access operations
12:59:10.626 [Thread-7] ERROR f.i.s.r.p.m.o.MavenFilterOutputHandler - [ERROR] WARNING: All illegal access operations will be denied in a future release
12:59:29.550 [Thread-7] ERROR f.i.s.r.p.m.o.MavenFilterOutputHandler - [ERROR] WARNING: An illegal reflective access operation has occurred
12:59:29.550 [Thread-7] ERROR f.i.s.r.p.m.o.MavenFilterOutputHandler - [ERROR] WARNING: Illegal reflective access by org.codehaus.groovy.vmplugin.v7.Java7$1 (file:/root/workspace/apache-pinot-master-8451_repo/.m2/org/codehaus/groovy/groovy-all/2.4.21/groovy-all-2.4.21.jar) to constructor java.lang.invoke.MethodHandles$Lookup(java.lang.Class,int)
12:59:29.551 [Thread-7] ERROR f.i.s.r.p.m.o.MavenFilterOutputHandler - [ERROR] WARNING: Please consider reporting this to the maintainers of org.codehaus.groovy.vmplugin.v7.Java7$1
12:59:29.551 [Thread-7] ERROR f.i.s.r.p.m.o.MavenFilterOutputHandler - [ERROR] WARNING: Use --illegal-access=warn to enable warnings of further illegal reflective access operations
12:59:29.551 [Thread-7] ERROR f.i.s.r.p.m.o.MavenFilterOutputHandler - [ERROR] WARNING: All illegal access operations will be denied in a future release
12:59:33.791 [Thread-7] ERROR f.i.s.r.p.m.o.MavenFilterOutputHandler - [ERROR] WARNING: An illegal reflective access operation has occurred
12:59:33.792 [Thread-7] ERROR f.i.s.r.p.m.o.MavenFilterOutputHandler - [ERROR] WARNING: Illegal reflective access by org.codehaus.groovy.vmplugin.v7.Java7$1 (file:/root/workspace/apache-pinot-master-8451_repo/.m2/org/codehaus/groovy/groovy-all/2.4.21/groovy-all-2.4.21.jar) to constructor java.lang.invoke.MethodHandles$Lookup(java.lang.Class,int)
12:59:33.792 [Thread-7] ERROR f.i.s.r.p.m.o.MavenFilterOutputHandler - [ERROR] WARNING: Please consider reporting this to the maintainers of org.codehaus.groovy.vmplugin.v7.Java7$1
12:59:33.792 [Thread-7] ERROR f.i.s.r.p.m.o.MavenFilterOutputHandler - [ERROR] WARNING: Use --illegal-access=warn to enable warnings of further illegal reflective access operations
12:59:33.792 [Thread-7] ERROR f.i.s.r.p.m.o.MavenFilterOutputHandler - [ERROR] WARNING: All illegal access operations will be denied in a future release
12:59:36.224 [Thread-7] ERROR f.i.s.r.p.m.o.MavenFilterOutputHandler - [ERROR] WARNING: An illegal reflective access operation has occurred
12:59:36.224 [Thread-7] ERROR f.i.s.r.p.m.o.MavenFilterOutputHandler - [ERROR] WARNING: Illegal reflective access by org.codehaus.groovy.vmplugin.v7.Java7$1 (file:/root/workspace/apache-pinot-master-8451_repo/.m2/org/codehaus/groovy/groovy-all/2.4.21/groovy-all-2.4.21.jar) to constructor java.lang.invoke.MethodHandles$Lookup(java.lang.Class,int)
12:59:36.224 [Thread-7] ERROR f.i.s.r.p.m.o.MavenFilterOutputHandler - [ERROR] WARNING: Please consider reporting this to the maintainers of org.codehaus.groovy.vmplugin.v7.Java7$1
12:59:36.224 [Thread-7] ERROR f.i.s.r.p.m.o.MavenFilterOutputHandler - [ERROR] WARNING: Use --illegal-access=warn to enable warnings of further illegal reflective access operations
12:59:36.224 [Thread-7] ERROR f.i.s.r.p.m.o.MavenFilterOutputHandler - [ERROR] WARNING: All illegal access operations will be denied in a future release
13:00:44.164 [Thread-7] ERROR f.i.s.r.p.m.o.MavenFilterOutputHandler - [ERROR] WARNING: An illegal reflective access operation has occurred
13:00:44.164 [Thread-7] ERROR f.i.s.r.p.m.o.MavenFilterOutputHandler - [ERROR] WARNING: Illegal reflective access by org.codehaus.groovy.vmplugin.v7.Java7$1 (file:/root/workspace/apache-pinot-master-8451_repo/.m2/org/codehaus/groovy/groovy-all/2.4.21/groovy-all-2.4.21.jar) to constructor java.lang.invoke.MethodHandles$Lookup(java.lang.Class,int)
13:00:44.164 [Thread-7] ERROR f.i.s.r.p.m.o.MavenFilterOutputHandler - [ERROR] WARNING: Please consider reporting this to the maintainers of org.codehaus.groovy.vmplugin.v7.Java7$1
13:00:44.164 [Thread-7] ERROR f.i.s.r.p.m.o.MavenFilterOutputHandler - [ERROR] WARNING: Use --illegal-access=warn to enable warnings of further illegal reflective access operations
13:00:44.164 [Thread-7] ERROR f.i.s.r.p.m.o.MavenFilterOutputHandler - [ERROR] WARNING: All illegal access operations will be denied in a future release
13:01:39.551 [Thread-7] ERROR f.i.s.r.p.m.o.MavenFilterOutputHandler - [ERROR] WARNING: An illegal reflective access operation has occurred
13:01:39.551 [Thread-7] ERROR f.i.s.r.p.m.o.MavenFilterOutputHandler - [ERROR] WARNING: Illegal reflective access by xerial.larray.mmap.MMapBuffer (file:/root/workspace/apache-pinot-master-8451_repo/.m2/org/xerial/larray/larray-mmap/0.4.1/larray-mmap-0.4.1.jar) to field java.io.FileDescriptor.fd
13:01:39.551 [Thread-7] ERROR f.i.s.r.p.m.o.MavenFilterOutputHandler - [ERROR] WARNING: Please consider reporting this to the maintainers of xerial.larray.mmap.MMapBuffer
13:01:39.551 [Thread-7] ERROR f.i.s.r.p.m.o.MavenFilterOutputHandler - [ERROR] WARNING: Use --illegal-access=warn to enable warnings of further illegal reflective access operations
13:01:39.551 [Thread-7] ERROR f.i.s.r.p.m.o.MavenFilterOutputHandler - [ERROR] WARNING: All illegal access operations will be denied in a future release
13:06:45.891 [Thread-8] ERROR f.i.s.r.p.m.output.MavenErrorHandler - Exception in thread "Thread-2" org.apache.lucene.store.AlreadyClosedException: this IndexWriter is closed
13:06:45.892 [Thread-8] ERROR f.i.s.r.p.m.output.MavenErrorHandler - 	at org.apache.lucene.index.IndexWriter.ensureOpen(IndexWriter.java:681)
13:06:45.892 [Thread-8] ERROR f.i.s.r.p.m.output.MavenErrorHandler - 	at org.apache.lucene.index.IndexWriter.ensureOpen(IndexWriter.java:695)
13:06:45.892 [Thread-8] ERROR f.i.s.r.p.m.output.MavenErrorHandler - 	at org.apache.lucene.index.IndexWriter.getMaxCompletedSequenceNumber(IndexWriter.java:5176)
13:06:45.892 [Thread-8] ERROR f.i.s.r.p.m.output.MavenErrorHandler - 	at org.apache.lucene.search.ControlledRealTimeReopenThread.run(ControlledRealTimeReopenThread.java:234)
13:09:02.153 [Thread-7] ERROR f.i.s.r.p.m.o.MavenFilterOutputHandler - [ERROR] Tests run: 6, Failures: 1, Errors: 0, Skipped: 0, Time elapsed: 0.718 s <<< FAILURE! - in org.apache.pinot.core.plan.maker.QueryOverrideWithHintsTest
13:09:02.154 [Thread-7] ERROR f.i.s.r.p.m.o.MavenFilterOutputHandler - [ERROR] org.apache.pinot.core.plan.maker.QueryOverrideWithHintsTest.testExpressionContextHashcode  Time elapsed: 0.022 s
13:09:02.154 [Thread-7] ERROR f.i.s.r.p.m.o.MavenFilterOutputHandler - [ERROR] org.apache.pinot.core.plan.maker.QueryOverrideWithHintsTest.testNotOverrideWithExpressionOverrideHints  Time elapsed: 0.307 s
13:09:02.154 [Thread-7] ERROR f.i.s.r.p.m.o.MavenFilterOutputHandler - [ERROR] org.apache.pinot.core.plan.maker.QueryOverrideWithHintsTest.testNotRewriteExpressionsWithHints  Time elapsed: 0.248 s  <<< FAILURE!
13:09:02.156 [Thread-7] ERROR f.i.s.r.p.m.o.MavenFilterOutputHandler - [ERROR] org.apache.pinot.core.plan.maker.QueryOverrideWithHintsTest.testOverrideFilterWithExpressionOverrideHints  Time elapsed: 0.002 s
13:09:02.156 [Thread-7] ERROR f.i.s.r.p.m.o.MavenFilterOutputHandler - [ERROR] org.apache.pinot.core.plan.maker.QueryOverrideWithHintsTest.testOverrideWithExpressionOverrideHints  Time elapsed: 0 s
13:09:02.156 [Thread-7] ERROR f.i.s.r.p.m.o.MavenFilterOutputHandler - [ERROR] org.apache.pinot.core.plan.maker.QueryOverrideWithHintsTest.testRewriteExpressionsWithHints  Time elapsed: 0.001 s
13:09:55.258 [Thread-7] ERROR f.i.s.r.p.m.o.MavenFilterOutputHandler - [ERROR] WARNING: An illegal reflective access operation has occurred
13:09:55.258 [Thread-7] ERROR f.i.s.r.p.m.o.MavenFilterOutputHandler - [ERROR] WARNING: Illegal reflective access by org.codehaus.groovy.vmplugin.v7.Java7$1 (file:/root/workspace/apache-pinot-master-8451_repo/.m2/org/codehaus/groovy/groovy-all/2.4.21/groovy-all-2.4.21.jar) to constructor java.lang.invoke.MethodHandles$Lookup(java.lang.Class,int)
13:09:55.258 [Thread-7] ERROR f.i.s.r.p.m.o.MavenFilterOutputHandler - [ERROR] WARNING: Please consider reporting this to the maintainers of org.codehaus.groovy.vmplugin.v7.Java7$1
13:09:55.258 [Thread-7] ERROR f.i.s.r.p.m.o.MavenFilterOutputHandler - [ERROR] WARNING: Use --illegal-access=warn to enable warnings of further illegal reflective access operations
13:09:55.258 [Thread-7] ERROR f.i.s.r.p.m.o.MavenFilterOutputHandler - [ERROR] WARNING: All illegal access operations will be denied in a future release
13:11:09.174 [Thread-7] ERROR f.i.s.r.p.m.o.MavenFilterOutputHandler - [ERROR] WARNING: An illegal reflective access operation has occurred
13:11:09.175 [Thread-7] ERROR f.i.s.r.p.m.o.MavenFilterOutputHandler - [ERROR] WARNING: Illegal reflective access by org.codehaus.groovy.vmplugin.v7.Java7$1 (file:/root/workspace/apache-pinot-master-8451_repo/.m2/org/codehaus/groovy/groovy-all/2.4.21/groovy-all-2.4.21.jar) to constructor java.lang.invoke.MethodHandles$Lookup(java.lang.Class,int)
13:11:09.175 [Thread-7] ERROR f.i.s.r.p.m.o.MavenFilterOutputHandler - [ERROR] WARNING: Please consider reporting this to the maintainers of org.codehaus.groovy.vmplugin.v7.Java7$1
13:11:09.175 [Thread-7] ERROR f.i.s.r.p.m.o.MavenFilterOutputHandler - [ERROR] WARNING: Use --illegal-access=warn to enable warnings of further illegal reflective access operations
13:11:09.175 [Thread-7] ERROR f.i.s.r.p.m.o.MavenFilterOutputHandler - [ERROR] WARNING: All illegal access operations will be denied in a future release
13:11:10.058 [Thread-7] ERROR f.i.s.r.p.m.o.MavenFilterOutputHandler - [ERROR] WARNING: An illegal reflective access operation has occurred
13:11:10.058 [Thread-7] ERROR f.i.s.r.p.m.o.MavenFilterOutputHandler - [ERROR] WARNING: Illegal reflective access by org.codehaus.groovy.vmplugin.v7.Java7$1 (file:/root/workspace/apache-pinot-master-8451_repo/.m2/org/codehaus/groovy/groovy-all/2.4.21/groovy-all-2.4.21.jar) to constructor java.lang.invoke.MethodHandles$Lookup(java.lang.Class,int)
13:11:10.058 [Thread-7] ERROR f.i.s.r.p.m.o.MavenFilterOutputHandler - [ERROR] WARNING: Please consider reporting this to the maintainers of org.codehaus.groovy.vmplugin.v7.Java7$1
13:11:10.058 [Thread-7] ERROR f.i.s.r.p.m.o.MavenFilterOutputHandler - [ERROR] WARNING: Use --illegal-access=warn to enable warnings of further illegal reflective access operations
13:11:10.058 [Thread-7] ERROR f.i.s.r.p.m.o.MavenFilterOutputHandler - [ERROR] WARNING: All illegal access operations will be denied in a future release
13:11:15.645 [Thread-7] ERROR f.i.s.r.p.m.o.MavenFilterOutputHandler - [ERROR] WARNING: An illegal reflective access operation has occurred
13:11:15.645 [Thread-7] ERROR f.i.s.r.p.m.o.MavenFilterOutputHandler - [ERROR] WARNING: Illegal reflective access by org.codehaus.groovy.vmplugin.v7.Java7$1 (file:/root/workspace/apache-pinot-master-8451_repo/.m2/org/codehaus/groovy/groovy-all/2.4.21/groovy-all-2.4.21.jar) to constructor java.lang.invoke.MethodHandles$Lookup(java.lang.Class,int)
13:11:15.645 [Thread-7] ERROR f.i.s.r.p.m.o.MavenFilterOutputHandler - [ERROR] WARNING: Please consider reporting this to the maintainers of org.codehaus.groovy.vmplugin.v7.Java7$1
13:11:15.645 [Thread-7] ERROR f.i.s.r.p.m.o.MavenFilterOutputHandler - [ERROR] WARNING: Use --illegal-access=warn to enable warnings of further illegal reflective access operations
13:11:15.645 [Thread-7] ERROR f.i.s.r.p.m.o.MavenFilterOutputHandler - [ERROR] WARNING: All illegal access operations will be denied in a future release
13:12:04.520 [Thread-7] ERROR f.i.s.r.p.m.o.MavenFilterOutputHandler - [ERROR] WARNING: An illegal reflective access operation has occurred
13:12:04.520 [Thread-7] ERROR f.i.s.r.p.m.o.MavenFilterOutputHandler - [ERROR] WARNING: Illegal reflective access by org.codehaus.groovy.vmplugin.v7.Java7$1 (file:/root/workspace/apache-pinot-master-8451_repo/.m2/org/codehaus/groovy/groovy-all/2.4.21/groovy-all-2.4.21.jar) to constructor java.lang.invoke.MethodHandles$Lookup(java.lang.Class,int)
13:12:04.520 [Thread-7] ERROR f.i.s.r.p.m.o.MavenFilterOutputHandler - [ERROR] WARNING: Please consider reporting this to the maintainers of org.codehaus.groovy.vmplugin.v7.Java7$1
13:12:04.521 [Thread-7] ERROR f.i.s.r.p.m.o.MavenFilterOutputHandler - [ERROR] WARNING: Use --illegal-access=warn to enable warnings of further illegal reflective access operations
13:12:04.521 [Thread-7] ERROR f.i.s.r.p.m.o.MavenFilterOutputHandler - [ERROR] WARNING: All illegal access operations will be denied in a future release
13:13:14.153 [Thread-7] ERROR f.i.s.r.p.m.o.MavenFilterOutputHandler - [ERROR] WARNING: An illegal reflective access operation has occurred
13:13:14.154 [Thread-7] ERROR f.i.s.r.p.m.o.MavenFilterOutputHandler - [ERROR] WARNING: Illegal reflective access by org.codehaus.groovy.vmplugin.v7.Java7$1 (file:/root/workspace/apache-pinot-master-8451_repo/.m2/org/codehaus/groovy/groovy-all/2.4.21/groovy-all-2.4.21.jar) to constructor java.lang.invoke.MethodHandles$Lookup(java.lang.Class,int)
13:13:14.154 [Thread-7] ERROR f.i.s.r.p.m.o.MavenFilterOutputHandler - [ERROR] WARNING: Please consider reporting this to the maintainers of org.codehaus.groovy.vmplugin.v7.Java7$1
13:13:14.154 [Thread-7] ERROR f.i.s.r.p.m.o.MavenFilterOutputHandler - [ERROR] WARNING: Use --illegal-access=warn to enable warnings of further illegal reflective access operations
13:13:14.154 [Thread-7] ERROR f.i.s.r.p.m.o.MavenFilterOutputHandler - [ERROR] WARNING: All illegal access operations will be denied in a future release
13:13:56.312 [Thread-7] ERROR f.i.s.r.p.m.o.MavenFilterOutputHandler - [ERROR] Failures: 
13:13:56.312 [Thread-7] ERROR f.i.s.r.p.m.o.MavenFilterOutputHandler - [ERROR]   QueryOverrideWithHintsTest.testNotRewriteExpressionsWithHints:225 expected [datetrunc('DAY',ts)] but found [datetrunc('DAY',ts)]
13:13:56.312 [Thread-7] ERROR f.i.s.r.p.m.o.MavenFilterOutputHandler - [ERROR] Tests run: 1401, Failures: 1, Errors: 0, Skipped: 0
13:13:56.334 [Thread-7] ERROR f.i.s.r.p.m.o.MavenFilterOutputHandler - [ERROR] Failed to execute goal org.apache.maven.plugins:maven-surefire-plugin:3.0.0-M5:test (default-test) on project pinot-core: There are test failures.
13:13:56.334 [Thread-7] ERROR f.i.s.r.p.m.o.MavenFilterOutputHandler - [ERROR] 
13:13:56.334 [Thread-7] ERROR f.i.s.r.p.m.o.MavenFilterOutputHandler - [ERROR] Please refer to /root/workspace/apache-pinot-master-8451_repo/pinot-core/target/surefire-reports for the individual test results.
13:13:56.334 [Thread-7] ERROR f.i.s.r.p.m.o.MavenFilterOutputHandler - [ERROR] Please refer to dump files (if any exist) [date].dump, [date]-jvmRun[N].dump and [date].dumpstream.
13:13:56.334 [Thread-7] ERROR f.i.s.r.p.m.o.MavenFilterOutputHandler - [ERROR] -> [Help 1]
13:13:56.338 [Thread-7] ERROR f.i.s.r.p.m.o.MavenFilterOutputHandler - [ERROR] 
13:13:56.338 [Thread-7] ERROR f.i.s.r.p.m.o.MavenFilterOutputHandler - [ERROR] Re-run Maven using the -X switch to enable full debug logging.
13:13:56.338 [Thread-7] ERROR f.i.s.r.p.m.o.MavenFilterOutputHandler - [ERROR] 
13:13:56.338 [Thread-7] ERROR f.i.s.r.p.m.o.MavenFilterOutputHandler - [ERROR] For more information about the errors and possible solutions, please read the following articles:
13:13:56.338 [Thread-7] ERROR f.i.s.r.p.m.o.MavenFilterOutputHandler - [ERROR] [Help 1] http://cwiki.apache.org/confluence/display/MAVEN/MojoFailureException
13:13:56.338 [Thread-7] ERROR f.i.s.r.p.m.o.MavenFilterOutputHandler - [ERROR] 
13:13:56.338 [Thread-7] ERROR f.i.s.r.p.m.o.MavenFilterOutputHandler - [ERROR] After correcting the problems, you can resume the build with the command
13:13:56.338 [Thread-7] ERROR f.i.s.r.p.m.o.MavenFilterOutputHandler - [ERROR]   mvn <goals> -rf :pinot-core
13:14:03.554 [main] ERROR f.i.s.r.p.s.paths.ComputeClasspath - The classpath file is empty.
13:14:03.554 [main] ERROR f.i.s.r.p.s.paths.ComputeClasspath - The classpath seems not to contain JUnit, maybe this project does not use JUnit for testing.
13:14:03.554 [main] ERROR f.i.s.r.p.s.paths.ComputeClasspath - The file does not exist: /root/./workspace/apache-pinot-master-8451_repo/target/classes.
13:14:03.554 [main] ERROR f.i.s.r.p.s.paths.ComputeClasspath - The file does not exist: /root/./workspace/apache-pinot-master-8451_repo/target/test-classes.
13:14:03.724 [main] ERROR f.i.s.r.p.s.paths.ComputeSourceDir - The source directory is not at default location or specified in build section from pom.xml, and no parent can be found.
13:14:03.729 [main] ERROR f.i.s.r.p.s.paths.ComputeSourceDir - The source directory is not at default location or specified in build section from pom.xml, and no parent can be found.
13:14:03.741 [main] INFO  f.i.s.r.p.s.paths.ComputeSourceDir - 48 source dirs were found:
13:14:03.742 [main] INFO  f.i.s.r.p.s.paths.ComputeSourceDir - /root/workspace/apache-pinot-master-8451_repo/pinot-broker/src/main/java
13:14:03.742 [main] INFO  f.i.s.r.p.s.paths.ComputeSourceDir - /root/workspace/apache-pinot-master-8451_repo/pinot-clients/pinot-java-client/src/main/java
13:14:03.742 [main] INFO  f.i.s.r.p.s.paths.ComputeSourceDir - /root/workspace/apache-pinot-master-8451_repo/pinot-clients/pinot-jdbc-client/src/main/java
13:14:03.742 [main] INFO  f.i.s.r.p.s.paths.ComputeSourceDir - /root/workspace/apache-pinot-master-8451_repo/pinot-common/src/main/java
13:14:03.742 [main] INFO  f.i.s.r.p.s.paths.ComputeSourceDir - /root/workspace/apache-pinot-master-8451_repo/pinot-compatibility-verifier/src/main/java
13:14:03.742 [main] INFO  f.i.s.r.p.s.paths.ComputeSourceDir - /root/workspace/apache-pinot-master-8451_repo/pinot-connectors/pinot-flink-connector/src/main/java
13:14:03.742 [main] INFO  f.i.s.r.p.s.paths.ComputeSourceDir - /root/workspace/apache-pinot-master-8451_repo/pinot-connectors/pinot-spark-connector/src/main/scala
13:14:03.742 [main] INFO  f.i.s.r.p.s.paths.ComputeSourceDir - /root/workspace/apache-pinot-master-8451_repo/pinot-controller/src/main/java
13:14:03.742 [main] INFO  f.i.s.r.p.s.paths.ComputeSourceDir - /root/workspace/apache-pinot-master-8451_repo/pinot-core/src/main/java
13:14:03.742 [main] INFO  f.i.s.r.p.s.paths.ComputeSourceDir - /root/workspace/apache-pinot-master-8451_repo/pinot-integration-tests/src/main/java
13:14:03.742 [main] INFO  f.i.s.r.p.s.paths.ComputeSourceDir - /root/workspace/apache-pinot-master-8451_repo/pinot-minion/src/main/java
13:14:03.742 [main] INFO  f.i.s.r.p.s.paths.ComputeSourceDir - /root/workspace/apache-pinot-master-8451_repo/pinot-perf/src/main/java
13:14:03.742 [main] INFO  f.i.s.r.p.s.paths.ComputeSourceDir - /root/workspace/apache-pinot-master-8451_repo/pinot-plugins/pinot-batch-ingestion/pinot-batch-ingestion-common/src/main/java
13:14:03.742 [main] INFO  f.i.s.r.p.s.paths.ComputeSourceDir - /root/workspace/apache-pinot-master-8451_repo/pinot-plugins/pinot-batch-ingestion/pinot-batch-ingestion-hadoop/src/main/java
13:14:03.742 [main] INFO  f.i.s.r.p.s.paths.ComputeSourceDir - /root/workspace/apache-pinot-master-8451_repo/pinot-plugins/pinot-batch-ingestion/pinot-batch-ingestion-spark/src/main/java
13:14:03.742 [main] INFO  f.i.s.r.p.s.paths.ComputeSourceDir - /root/workspace/apache-pinot-master-8451_repo/pinot-plugins/pinot-batch-ingestion/pinot-batch-ingestion-standalone/src/main/java
13:14:03.742 [main] INFO  f.i.s.r.p.s.paths.ComputeSourceDir - /root/workspace/apache-pinot-master-8451_repo/pinot-plugins/pinot-batch-ingestion/v0_deprecated/pinot-hadoop/src/main/java
13:14:03.742 [main] INFO  f.i.s.r.p.s.paths.ComputeSourceDir - /root/workspace/apache-pinot-master-8451_repo/pinot-plugins/pinot-batch-ingestion/v0_deprecated/pinot-ingestion-common/src/main/java
13:14:03.742 [main] INFO  f.i.s.r.p.s.paths.ComputeSourceDir - /root/workspace/apache-pinot-master-8451_repo/pinot-plugins/pinot-batch-ingestion/v0_deprecated/pinot-spark/src/main/java
13:14:03.742 [main] INFO  f.i.s.r.p.s.paths.ComputeSourceDir - /root/workspace/apache-pinot-master-8451_repo/pinot-plugins/pinot-environment/pinot-azure/src/main/java
13:14:03.742 [main] INFO  f.i.s.r.p.s.paths.ComputeSourceDir - /root/workspace/apache-pinot-master-8451_repo/pinot-plugins/pinot-file-system/pinot-adls/src/main/java
13:14:03.742 [main] INFO  f.i.s.r.p.s.paths.ComputeSourceDir - /root/workspace/apache-pinot-master-8451_repo/pinot-plugins/pinot-file-system/pinot-gcs/src/main/java
13:14:03.742 [main] INFO  f.i.s.r.p.s.paths.ComputeSourceDir - /root/workspace/apache-pinot-master-8451_repo/pinot-plugins/pinot-file-system/pinot-hdfs/src/main/java
13:14:03.742 [main] INFO  f.i.s.r.p.s.paths.ComputeSourceDir - /root/workspace/apache-pinot-master-8451_repo/pinot-plugins/pinot-file-system/pinot-s3/src/main/java
13:14:03.742 [main] INFO  f.i.s.r.p.s.paths.ComputeSourceDir - /root/workspace/apache-pinot-master-8451_repo/pinot-plugins/pinot-input-format/pinot-avro-base/src/main/java
13:14:03.742 [main] INFO  f.i.s.r.p.s.paths.ComputeSourceDir - /root/workspace/apache-pinot-master-8451_repo/pinot-plugins/pinot-input-format/pinot-avro/src/main/java
13:14:03.742 [main] INFO  f.i.s.r.p.s.paths.ComputeSourceDir - /root/workspace/apache-pinot-master-8451_repo/pinot-plugins/pinot-input-format/pinot-confluent-avro/src/main/java
13:14:03.742 [main] INFO  f.i.s.r.p.s.paths.ComputeSourceDir - /root/workspace/apache-pinot-master-8451_repo/pinot-plugins/pinot-input-format/pinot-csv/src/main/java
13:14:03.742 [main] INFO  f.i.s.r.p.s.paths.ComputeSourceDir - /root/workspace/apache-pinot-master-8451_repo/pinot-plugins/pinot-input-format/pinot-json/src/main/java
13:14:03.742 [main] INFO  f.i.s.r.p.s.paths.ComputeSourceDir - /root/workspace/apache-pinot-master-8451_repo/pinot-plugins/pinot-input-format/pinot-orc/src/main/java
13:14:03.743 [main] INFO  f.i.s.r.p.s.paths.ComputeSourceDir - /root/workspace/apache-pinot-master-8451_repo/pinot-plugins/pinot-input-format/pinot-parquet/src/main/java
13:14:03.743 [main] INFO  f.i.s.r.p.s.paths.ComputeSourceDir - /root/workspace/apache-pinot-master-8451_repo/pinot-plugins/pinot-input-format/pinot-protobuf/src/main/java
13:14:03.743 [main] INFO  f.i.s.r.p.s.paths.ComputeSourceDir - /root/workspace/apache-pinot-master-8451_repo/pinot-plugins/pinot-input-format/pinot-thrift/src/main/java
13:14:03.743 [main] INFO  f.i.s.r.p.s.paths.ComputeSourceDir - /root/workspace/apache-pinot-master-8451_repo/pinot-plugins/pinot-metrics/pinot-dropwizard/src/main/java
13:14:03.743 [main] INFO  f.i.s.r.p.s.paths.ComputeSourceDir - /root/workspace/apache-pinot-master-8451_repo/pinot-plugins/pinot-metrics/pinot-yammer/src/main/java
13:14:03.743 [main] INFO  f.i.s.r.p.s.paths.ComputeSourceDir - /root/workspace/apache-pinot-master-8451_repo/pinot-plugins/pinot-minion-tasks/pinot-minion-builtin-tasks/src/main/java
13:14:03.743 [main] INFO  f.i.s.r.p.s.paths.ComputeSourceDir - /root/workspace/apache-pinot-master-8451_repo/pinot-plugins/pinot-segment-uploader/pinot-segment-uploader-default/src/main/java
13:14:03.743 [main] INFO  f.i.s.r.p.s.paths.ComputeSourceDir - /root/workspace/apache-pinot-master-8451_repo/pinot-plugins/pinot-segment-writer/pinot-segment-writer-file-based/src/main/java
13:14:03.743 [main] INFO  f.i.s.r.p.s.paths.ComputeSourceDir - /root/workspace/apache-pinot-master-8451_repo/pinot-plugins/pinot-stream-ingestion/pinot-kafka-0.9/src/main/java
13:14:03.743 [main] INFO  f.i.s.r.p.s.paths.ComputeSourceDir - /root/workspace/apache-pinot-master-8451_repo/pinot-plugins/pinot-stream-ingestion/pinot-kafka-2.0/src/main/java
13:14:03.743 [main] INFO  f.i.s.r.p.s.paths.ComputeSourceDir - /root/workspace/apache-pinot-master-8451_repo/pinot-plugins/pinot-stream-ingestion/pinot-kafka-base/src/main/java
13:14:03.743 [main] INFO  f.i.s.r.p.s.paths.ComputeSourceDir - /root/workspace/apache-pinot-master-8451_repo/pinot-plugins/pinot-stream-ingestion/pinot-kinesis/src/main/java
13:14:03.743 [main] INFO  f.i.s.r.p.s.paths.ComputeSourceDir - /root/workspace/apache-pinot-master-8451_repo/pinot-plugins/pinot-stream-ingestion/pinot-pulsar/src/main/java
13:14:03.743 [main] INFO  f.i.s.r.p.s.paths.ComputeSourceDir - /root/workspace/apache-pinot-master-8451_repo/pinot-segment-local/src/main/java
13:14:03.743 [main] INFO  f.i.s.r.p.s.paths.ComputeSourceDir - /root/workspace/apache-pinot-master-8451_repo/pinot-segment-spi/src/main/java
13:14:03.743 [main] INFO  f.i.s.r.p.s.paths.ComputeSourceDir - /root/workspace/apache-pinot-master-8451_repo/pinot-server/src/main/java
13:14:03.743 [main] INFO  f.i.s.r.p.s.paths.ComputeSourceDir - /root/workspace/apache-pinot-master-8451_repo/pinot-spi/src/main/java
13:14:03.743 [main] INFO  f.i.s.r.p.s.paths.ComputeSourceDir - /root/workspace/apache-pinot-master-8451_repo/pinot-tools/src/main/java
13:14:03.841 [main] ERROR f.i.s.r.p.step.paths.ComputeTestDir - The test directory is not at default location or specified in build section from pom.xml, and no parent can be found.
13:14:03.854 [main] ERROR f.i.s.r.p.step.paths.ComputeTestDir - The test directory is not at default location or specified in build section from pom.xml, and no parent can be found.
13:14:03.927 [main] ERROR f.i.s.r.process.maven.MavenHelper - Error while building complete model. The raw model will be used. Error message: 1 problem was encountered while building the effective model for org.apache.pinot:pinot-s3:0.11.0-SNAPSHOT
[ERROR] Failed to determine Java version for profile disable-java8-doclint @ software.amazon.awssdk:aws-sdk-java-pom:2.14.28

13:14:03.958 [main] ERROR f.i.s.r.p.step.paths.ComputeTestDir - The test directory is not at default location or specified in build section from pom.xml, and no parent can be found.
13:14:03.983 [main] ERROR f.i.s.r.p.step.paths.ComputeTestDir - The test directory is not at default location or specified in build section from pom.xml, and no parent can be found.
13:14:04.022 [main] ERROR f.i.s.r.process.maven.MavenHelper - Error while building complete model. The raw model will be used. Error message: 1 problem was encountered while building the effective model for org.apache.pinot:pinot-kinesis:0.11.0-SNAPSHOT
[ERROR] Failed to determine Java version for profile disable-java8-doclint @ software.amazon.awssdk:aws-sdk-java-pom:2.14.28

13:14:04.047 [main] ERROR f.i.s.r.p.step.paths.ComputeTestDir - The test directory is not at default location or specified in build section from pom.xml, and no parent can be found.
13:14:04.052 [main] ERROR f.i.s.r.p.step.paths.ComputeTestDir - The test directory is not at default location or specified in build section from pom.xml, and no parent can be found.
13:14:04.052 [main] ERROR f.i.s.r.p.step.paths.ComputeTestDir - The test directory is not at default location or specified in build section from pom.xml, and no parent can be found.
13:14:04.070 [main] ERROR f.i.s.r.p.step.paths.ComputeTestDir - The test directory is not at default location or specified in build section from pom.xml, and no parent can be found.
13:14:04.070 [main] ERROR f.i.s.r.p.step.paths.ComputeTestDir - The test directory is not at default location or specified in build section from pom.xml, and no parent can be found.
13:14:04.088 [main] ERROR f.i.s.r.p.step.paths.ComputeTestDir - The test directory is not at default location or specified in build section from pom.xml, and no parent can be found.
13:14:04.101 [main] ERROR f.i.s.r.p.step.paths.ComputeTestDir - The test directory is not at default location or specified in build section from pom.xml, and no parent can be found.
13:14:04.121 [main] ERROR f.i.s.r.p.step.paths.ComputeTestDir - The test directory is not at default location or specified in build section from pom.xml, and no parent can be found.
13:14:04.121 [main] INFO  f.i.s.r.p.step.paths.ComputeTestDir - 40 test dirs were found:
13:14:04.121 [main] INFO  f.i.s.r.p.step.paths.ComputeTestDir - /root/workspace/apache-pinot-master-8451_repo/pinot-broker/src/test/java
13:14:04.121 [main] INFO  f.i.s.r.p.step.paths.ComputeTestDir - /root/workspace/apache-pinot-master-8451_repo/pinot-clients/pinot-java-client/src/test/java
13:14:04.121 [main] INFO  f.i.s.r.p.step.paths.ComputeTestDir - /root/workspace/apache-pinot-master-8451_repo/pinot-clients/pinot-jdbc-client/src/test/java
13:14:04.121 [main] INFO  f.i.s.r.p.step.paths.ComputeTestDir - /root/workspace/apache-pinot-master-8451_repo/pinot-common/src/test/java
13:14:04.121 [main] INFO  f.i.s.r.p.step.paths.ComputeTestDir - /root/workspace/apache-pinot-master-8451_repo/pinot-connectors/pinot-flink-connector/src/test/java
13:14:04.121 [main] INFO  f.i.s.r.p.step.paths.ComputeTestDir - /root/workspace/apache-pinot-master-8451_repo/pinot-connectors/pinot-spark-connector/src/test/scala
13:14:04.121 [main] INFO  f.i.s.r.p.step.paths.ComputeTestDir - /root/workspace/apache-pinot-master-8451_repo/pinot-controller/src/test/java
13:14:04.121 [main] INFO  f.i.s.r.p.step.paths.ComputeTestDir - /root/workspace/apache-pinot-master-8451_repo/pinot-core/src/test/java
13:14:04.121 [main] INFO  f.i.s.r.p.step.paths.ComputeTestDir - /root/workspace/apache-pinot-master-8451_repo/pinot-integration-test-base/src/test/java
13:14:04.121 [main] INFO  f.i.s.r.p.step.paths.ComputeTestDir - /root/workspace/apache-pinot-master-8451_repo/pinot-integration-tests/src/test/java
13:14:04.121 [main] INFO  f.i.s.r.p.step.paths.ComputeTestDir - /root/workspace/apache-pinot-master-8451_repo/pinot-minion/src/test/java
13:14:04.121 [main] INFO  f.i.s.r.p.step.paths.ComputeTestDir - /root/workspace/apache-pinot-master-8451_repo/pinot-plugins/pinot-batch-ingestion/pinot-batch-ingestion-common/src/test/java
13:14:04.121 [main] INFO  f.i.s.r.p.step.paths.ComputeTestDir - /root/workspace/apache-pinot-master-8451_repo/pinot-plugins/pinot-batch-ingestion/pinot-batch-ingestion-hadoop/src/test/java
13:14:04.121 [main] INFO  f.i.s.r.p.step.paths.ComputeTestDir - /root/workspace/apache-pinot-master-8451_repo/pinot-plugins/pinot-batch-ingestion/pinot-batch-ingestion-standalone/src/test/java
13:14:04.121 [main] INFO  f.i.s.r.p.step.paths.ComputeTestDir - /root/workspace/apache-pinot-master-8451_repo/pinot-plugins/pinot-batch-ingestion/v0_deprecated/pinot-hadoop/src/test/java
13:14:04.121 [main] INFO  f.i.s.r.p.step.paths.ComputeTestDir - /root/workspace/apache-pinot-master-8451_repo/pinot-plugins/pinot-batch-ingestion/v0_deprecated/pinot-spark/src/test/java
13:14:04.121 [main] INFO  f.i.s.r.p.step.paths.ComputeTestDir - /root/workspace/apache-pinot-master-8451_repo/pinot-plugins/pinot-environment/pinot-azure/src/test/java
13:14:04.121 [main] INFO  f.i.s.r.p.step.paths.ComputeTestDir - /root/workspace/apache-pinot-master-8451_repo/pinot-plugins/pinot-file-system/pinot-adls/src/test/java
13:14:04.121 [main] INFO  f.i.s.r.p.step.paths.ComputeTestDir - /root/workspace/apache-pinot-master-8451_repo/pinot-plugins/pinot-file-system/pinot-gcs/src/test/java
13:14:04.121 [main] INFO  f.i.s.r.p.step.paths.ComputeTestDir - /root/workspace/apache-pinot-master-8451_repo/pinot-plugins/pinot-file-system/pinot-hdfs/src/test/java
13:14:04.121 [main] INFO  f.i.s.r.p.step.paths.ComputeTestDir - /root/workspace/apache-pinot-master-8451_repo/pinot-plugins/pinot-file-system/pinot-s3/src/test/java
13:14:04.121 [main] INFO  f.i.s.r.p.step.paths.ComputeTestDir - /root/workspace/apache-pinot-master-8451_repo/pinot-plugins/pinot-input-format/pinot-avro-base/src/test/java
13:14:04.121 [main] INFO  f.i.s.r.p.step.paths.ComputeTestDir - /root/workspace/apache-pinot-master-8451_repo/pinot-plugins/pinot-input-format/pinot-csv/src/test/java
13:14:04.121 [main] INFO  f.i.s.r.p.step.paths.ComputeTestDir - /root/workspace/apache-pinot-master-8451_repo/pinot-plugins/pinot-input-format/pinot-json/src/test/java
13:14:04.121 [main] INFO  f.i.s.r.p.step.paths.ComputeTestDir - /root/workspace/apache-pinot-master-8451_repo/pinot-plugins/pinot-input-format/pinot-orc/src/test/java
13:14:04.121 [main] INFO  f.i.s.r.p.step.paths.ComputeTestDir - /root/workspace/apache-pinot-master-8451_repo/pinot-plugins/pinot-input-format/pinot-parquet/src/test/java
13:14:04.121 [main] INFO  f.i.s.r.p.step.paths.ComputeTestDir - /root/workspace/apache-pinot-master-8451_repo/pinot-plugins/pinot-input-format/pinot-protobuf/src/test/java
13:14:04.122 [main] INFO  f.i.s.r.p.step.paths.ComputeTestDir - /root/workspace/apache-pinot-master-8451_repo/pinot-plugins/pinot-input-format/pinot-thrift/src/test/java
13:14:04.122 [main] INFO  f.i.s.r.p.step.paths.ComputeTestDir - /root/workspace/apache-pinot-master-8451_repo/pinot-plugins/pinot-minion-tasks/pinot-minion-builtin-tasks/src/test/java
13:14:04.122 [main] INFO  f.i.s.r.p.step.paths.ComputeTestDir - /root/workspace/apache-pinot-master-8451_repo/pinot-plugins/pinot-segment-writer/pinot-segment-writer-file-based/src/test/java
13:14:04.122 [main] INFO  f.i.s.r.p.step.paths.ComputeTestDir - /root/workspace/apache-pinot-master-8451_repo/pinot-plugins/pinot-stream-ingestion/pinot-kafka-0.9/src/test/java
13:14:04.122 [main] INFO  f.i.s.r.p.step.paths.ComputeTestDir - /root/workspace/apache-pinot-master-8451_repo/pinot-plugins/pinot-stream-ingestion/pinot-kafka-2.0/src/test/java
13:14:04.122 [main] INFO  f.i.s.r.p.step.paths.ComputeTestDir - /root/workspace/apache-pinot-master-8451_repo/pinot-plugins/pinot-stream-ingestion/pinot-kafka-base/src/test/java
13:14:04.122 [main] INFO  f.i.s.r.p.step.paths.ComputeTestDir - /root/workspace/apache-pinot-master-8451_repo/pinot-plugins/pinot-stream-ingestion/pinot-kinesis/src/test/java
13:14:04.122 [main] INFO  f.i.s.r.p.step.paths.ComputeTestDir - /root/workspace/apache-pinot-master-8451_repo/pinot-plugins/pinot-stream-ingestion/pinot-pulsar/src/test/java
13:14:04.122 [main] INFO  f.i.s.r.p.step.paths.ComputeTestDir - /root/workspace/apache-pinot-master-8451_repo/pinot-segment-local/src/test/java
13:14:04.122 [main] INFO  f.i.s.r.p.step.paths.ComputeTestDir - /root/workspace/apache-pinot-master-8451_repo/pinot-segment-spi/src/test/java
13:14:04.122 [main] INFO  f.i.s.r.p.step.paths.ComputeTestDir - /root/workspace/apache-pinot-master-8451_repo/pinot-server/src/test/java
13:14:04.122 [main] INFO  f.i.s.r.p.step.paths.ComputeTestDir - /root/workspace/apache-pinot-master-8451_repo/pinot-spi/src/test/java
13:14:04.122 [main] INFO  f.i.s.r.p.step.paths.ComputeTestDir - /root/workspace/apache-pinot-master-8451_repo/pinot-tools/src/test/java
13:14:06.084 [main] INFO  f.i.s.r.p.s.g.GatherTestInformation - Get the following failing module path: /root/workspace/apache-pinot-master-8451_repo/pinot-core
13:14:06.085 [main] INFO  f.i.s.r.p.s.g.GatherTestInformation - ---Test results---
13:14:06.085 [main] INFO  f.i.s.r.p.s.g.GatherTestInformation -    Total tests: 4157
13:14:06.085 [main] INFO  f.i.s.r.p.s.g.GatherTestInformation -    Tests run: 4157
13:14:06.085 [main] INFO  f.i.s.r.p.s.g.GatherTestInformation -    Tests passing: 4156
13:14:06.085 [main] INFO  f.i.s.r.p.s.g.GatherTestInformation -    Failures: 1
13:14:06.085 [main] INFO  f.i.s.r.p.s.g.GatherTestInformation -    Errors: 0
13:14:06.085 [main] INFO  f.i.s.r.p.s.g.GatherTestInformation -    Skipped: 0
[0] INFO Flacoco - Running Flacoco...
[24] WARN TestMethodFilter - NoClassDefFoundError: class org.apache.pinot.server.access.AllowAllAccessFactory
[25] WARN TestMethodFilter - NoClassDefFoundError: class org.apache.pinot.server.access.BasicAuthAccessFactory
[26] WARN TestMethodFilter - NoClassDefFoundError: class org.apache.pinot.server.realtime.ServerSegmentCompletionProtocolHandler
[26] WARN TestMethodFilter - NoClassDefFoundError: class org.apache.pinot.server.realtime.ControllerLeaderLocator
[27] WARN TestMethodFilter - NoClassDefFoundError: class org.apache.pinot.core.auth.BasicAuthUtils
[33] WARN TestMethodFilter - NoClassDefFoundError: class org.apache.pinot.core.startree.StarTreeUtils
[33] WARN TestMethodFilter - NoClassDefFoundError: class org.apache.pinot.core.startree.operator.StarTreeFilterOperator
[34] WARN TestMethodFilter - NoClassDefFoundError: class org.apache.pinot.core.plan.GlobalPlanImplV0
[35] WARN TestMethodFilter - NoClassDefFoundError: class org.apache.pinot.core.plan.maker.InstancePlanMakerImplV2
[38] WARN TestMethodFilter - NoClassDefFoundError: class org.apache.pinot.core.plan.FilterPlanNode
[39] WARN TestMethodFilter - NoClassDefFoundError: class org.apache.pinot.core.plan.CombinePlanNode
[41] WARN TestMethodFilter - NoClassDefFoundError: class org.apache.pinot.core.plan.AggregationPlanNode
[44] WARN TestMethodFilter - NoClassDefFoundError: class org.apache.pinot.core.common.DataFetcher
[44] WARN TestMethodFilter - NoClassDefFoundError: class org.apache.pinot.core.common.DataBlockCache
[45] WARN TestMethodFilter - NoClassDefFoundError: class org.apache.pinot.core.common.datatable.DataTableFactory
[46] WARN TestMethodFilter - NoClassDefFoundError: class org.apache.pinot.core.common.datatable.DataTableBuilder
[47] WARN TestMethodFilter - NoClassDefFoundError: class org.apache.pinot.core.common.datatable.DataTableUtils
[50] WARN TestMethodFilter - NoClassDefFoundError: class org.apache.pinot.core.data.manager.realtime.SegmentCommitterFactory
[51] WARN TestMethodFilter - NoClassDefFoundError: class org.apache.pinot.core.data.manager.realtime.SplitSegmentCommitter
[52] WARN TestMethodFilter - NoClassDefFoundError: class org.apache.pinot.core.data.manager.realtime.PeerSchemeSplitSegmentCommitter
[52] WARN TestMethodFilter - NoClassDefFoundError: class org.apache.pinot.core.data.manager.realtime.Server2ControllerSegmentUploader
[53] WARN TestMethodFilter - NoClassDefFoundError: class org.apache.pinot.core.data.manager.realtime.SegmentBuildTimeLeaseExtender
[55] WARN TestMethodFilter - NoClassDefFoundError: class org.apache.pinot.core.data.manager.realtime.RealtimeConsumptionRateManager
[56] WARN TestMethodFilter - NoClassDefFoundError: class org.apache.pinot.core.data.manager.realtime.PinotFSSegmentUploader
[56] WARN TestMethodFilter - NoClassDefFoundError: class org.apache.pinot.core.data.manager.realtime.DefaultSegmentCommitter
[57] WARN TestMethodFilter - NoClassDefFoundError: class org.apache.pinot.core.data.manager.offline.TableDataManagerProvider
[60] WARN TestMethodFilter - NoClassDefFoundError: class org.apache.pinot.core.data.table.UnboundedConcurrentIndexedTable
[60] WARN TestMethodFilter - NoClassDefFoundError: class org.apache.pinot.core.data.table.ConcurrentIndexedTable
[61] WARN TestMethodFilter - NoClassDefFoundError: class org.apache.pinot.core.data.table.SimpleIndexedTable
[61] WARN TestMethodFilter - NoClassDefFoundError: class org.apache.pinot.core.minion.SegmentPurger
[62] WARN TestMethodFilter - NoClassDefFoundError: class org.apache.pinot.core.minion.RawIndexConverter
[62] WARN TestMethodFilter - NoClassDefFoundError: class org.apache.pinot.core.minion.PinotTaskConfig
[70] WARN TestMethodFilter - NoClassDefFoundError: class org.apache.pinot.core.query.scheduler.QuerySchedulerFactory
[70] WARN TestMethodFilter - NoClassDefFoundError: class org.apache.pinot.core.query.scheduler.tokenbucket.TokenPriorityScheduler
[72] WARN TestMethodFilter - NoClassDefFoundError: class org.apache.pinot.core.query.scheduler.fcfs.BoundedFCFSScheduler
[72] WARN TestMethodFilter - NoClassDefFoundError: class org.apache.pinot.core.query.scheduler.fcfs.FCFSQueryScheduler
[73] WARN TestMethodFilter - NoClassDefFoundError: class org.apache.pinot.core.query.config.QueryPlannerConfig
[73] WARN TestMethodFilter - NoClassDefFoundError: class org.apache.pinot.core.query.config.SegmentPrunerConfig
[74] WARN TestMethodFilter - NoClassDefFoundError: class org.apache.pinot.core.query.config.QueryExecutorConfig
[74] WARN TestMethodFilter - NoClassDefFoundError: class org.apache.pinot.core.query.optimizer.QueryOptimizer
[75] WARN TestMethodFilter - NoClassDefFoundError: class org.apache.pinot.core.query.optimizer.statement.JsonStatementOptimizer
[75] WARN TestMethodFilter - NoClassDefFoundError: class org.apache.pinot.core.query.optimizer.statement.StringPredicateFilterOptimizer
[76] WARN TestMethodFilter - NoClassDefFoundError: class org.apache.pinot.core.query.optimizer.filter.TimePredicateFilterOptimizer
[76] WARN TestMethodFilter - NoClassDefFoundError: class org.apache.pinot.core.query.optimizer.filter.FlattenAndOrFilterOptimizer
[77] WARN TestMethodFilter - NoClassDefFoundError: class org.apache.pinot.core.query.optimizer.filter.MergeRangeFilterOptimizer
[77] WARN TestMethodFilter - NoClassDefFoundError: class org.apache.pinot.core.query.optimizer.filter.MergeEqInFilterOptimizer
[78] WARN TestMethodFilter - NoClassDefFoundError: class org.apache.pinot.core.query.optimizer.filter.NumericalFilterOptimizer
[78] WARN TestMethodFilter - NoClassDefFoundError: class org.apache.pinot.core.query.optimizer.filter.Range
[80] WARN TestMethodFilter - NoClassDefFoundError: class org.apache.pinot.core.query.utils.idset.IdSets
[81] WARN TestMethodFilter - NoClassDefFoundError: class org.apache.pinot.core.query.utils.TrieNode
[82] WARN TestMethodFilter - NoClassDefFoundError: class org.apache.pinot.core.query.executor.ServerQueryExecutorV1Impl
[82] WARN TestMethodFilter - NoClassDefFoundError: class org.apache.pinot.core.query.request.context.utils.BrokerRequestToQueryContextConverter
[83] WARN TestMethodFilter - NoClassDefFoundError: class org.apache.pinot.core.query.request.context.utils.QueryContextUtils
[83] WARN TestMethodFilter - NoClassDefFoundError: class org.apache.pinot.core.query.request.context.TimerContext
[83] WARN TestMethodFilter - NoClassDefFoundError: class org.apache.pinot.core.query.request.context.QueryContext
[83] WARN TestMethodFilter - NoClassDefFoundError: class org.apache.pinot.core.query.request.ServerQueryRequest
[84] WARN TestMethodFilter - NoClassDefFoundError: class org.apache.pinot.core.query.pruner.DataSchemaSegmentPruner
[84] WARN TestMethodFilter - NoClassDefFoundError: class org.apache.pinot.core.query.pruner.SegmentPrunerProvider
[85] WARN TestMethodFilter - NoClassDefFoundError: class org.apache.pinot.core.query.pruner.SelectionQuerySegmentPruner
[85] WARN TestMethodFilter - NoClassDefFoundError: class org.apache.pinot.core.query.pruner.ValidSegmentPruner
[86] WARN TestMethodFilter - NoClassDefFoundError: class org.apache.pinot.core.query.pruner.ColumnValueSegmentPruner
[87] WARN TestMethodFilter - NoClassDefFoundError: class org.apache.pinot.core.query.reduce.PostAggregationHandler
[87] WARN TestMethodFilter - NoClassDefFoundError: class org.apache.pinot.core.query.reduce.AggregationDataTableReducer
[88] WARN TestMethodFilter - NoClassDefFoundError: class org.apache.pinot.core.query.reduce.GroupByDataTableReducer
[89] WARN TestMethodFilter - NoClassDefFoundError: class org.apache.pinot.core.query.reduce.ExplainPlanDataTableReducer
[89] WARN TestMethodFilter - NoClassDefFoundError: class org.apache.pinot.core.query.reduce.SelectionDataTableReducer
[90] WARN TestMethodFilter - NoClassDefFoundError: class org.apache.pinot.core.query.reduce.GapfillProcessor
[91] WARN TestMethodFilter - NoClassDefFoundError: class org.apache.pinot.core.query.reduce.DistinctDataTableReducer
[91] WARN TestMethodFilter - NoClassDefFoundError: class org.apache.pinot.core.query.reduce.BrokerReduceService
[92] WARN TestMethodFilter - NoClassDefFoundError: class org.apache.pinot.core.query.reduce.SelectionOnlyStreamingReducer
[92] WARN TestMethodFilter - NoClassDefFoundError: class org.apache.pinot.core.query.reduce.StreamingReduceService
[93] WARN TestMethodFilter - NoClassDefFoundError: class org.apache.pinot.core.query.reduce.RowBasedBlockValSet
[93] WARN TestMethodFilter - NoClassDefFoundError: class org.apache.pinot.core.query.reduce.filter.ColumnValueExtractor
[94] WARN TestMethodFilter - NoClassDefFoundError: class org.apache.pinot.core.query.reduce.filter.RowMatcherFactory
[95] WARN TestMethodFilter - NoClassDefFoundError: class org.apache.pinot.core.query.reduce.filter.LiteralValueExtractor
[95] WARN TestMethodFilter - NoClassDefFoundError: class org.apache.pinot.core.query.reduce.GapfillFilterHandler
[97] WARN TestMethodFilter - NoClassDefFoundError: class org.apache.pinot.core.query.aggregation.function.LastLongValueWithTimeAggregationFunction
[98] WARN TestMethodFilter - NoClassDefFoundError: class org.apache.pinot.core.query.aggregation.function.PercentileRawTDigestMVAggregationFunction
[98] WARN TestMethodFilter - NoClassDefFoundError: class org.apache.pinot.core.query.aggregation.function.DistinctCountAggregationFunction
[100] WARN TestMethodFilter - NoClassDefFoundError: class org.apache.pinot.core.query.aggregation.function.DistinctCountThetaSketchAggregationFunction
[100] WARN TestMethodFilter - NoClassDefFoundError: class org.apache.pinot.core.query.aggregation.function.AggregationFunctionFactory
[101] WARN TestMethodFilter - NoClassDefFoundError: class org.apache.pinot.core.query.aggregation.function.PercentileEstMVAggregationFunction
[102] WARN TestMethodFilter - NoClassDefFoundError: class org.apache.pinot.core.query.aggregation.function.PercentileMVAggregationFunction
[102] WARN TestMethodFilter - NoClassDefFoundError: class org.apache.pinot.core.query.aggregation.function.LastDoubleValueWithTimeAggregationFunction
[103] WARN TestMethodFilter - NoClassDefFoundError: class org.apache.pinot.core.query.aggregation.function.SegmentPartitionedDistinctCountAggregationFunction
[103] WARN TestMethodFilter - NoClassDefFoundError: class org.apache.pinot.core.query.aggregation.function.LastIntValueWithTimeAggregationFunction
[103] WARN TestMethodFilter - NoClassDefFoundError: class org.apache.pinot.core.query.aggregation.function.SumAggregationFunction
[104] WARN TestMethodFilter - NoClassDefFoundError: class org.apache.pinot.core.query.aggregation.function.AvgMVAggregationFunction
[105] WARN TestMethodFilter - NoClassDefFoundError: class org.apache.pinot.core.query.aggregation.function.IdSetAggregationFunction
[106] WARN TestMethodFilter - NoClassDefFoundError: class org.apache.pinot.core.query.aggregation.function.DistinctCountMVAggregationFunction
[107] WARN TestMethodFilter - NoClassDefFoundError: class org.apache.pinot.core.query.aggregation.function.DistinctCountRawHLLMVAggregationFunction
[107] WARN TestMethodFilter - NoClassDefFoundError: class org.apache.pinot.core.query.aggregation.function.MaxAggregationFunction
[108] WARN TestMethodFilter - NoClassDefFoundError: class org.apache.pinot.core.query.aggregation.function.MinMVAggregationFunction
[108] WARN TestMethodFilter - NoClassDefFoundError: class org.apache.pinot.core.query.aggregation.function.AvgAggregationFunction
[109] WARN TestMethodFilter - NoClassDefFoundError: class org.apache.pinot.core.query.aggregation.function.StUnionAggregationFunction
[109] WARN TestMethodFilter - NoClassDefFoundError: class org.apache.pinot.core.query.aggregation.function.SumMVAggregationFunction
[109] WARN TestMethodFilter - NoClassDefFoundError: class org.apache.pinot.core.query.aggregation.function.DistinctCountRawHLLAggregationFunction
[110] WARN TestMethodFilter - NoClassDefFoundError: class org.apache.pinot.core.query.aggregation.function.PercentileRawEstMVAggregationFunction
[110] WARN TestMethodFilter - NoClassDefFoundError: class org.apache.pinot.core.query.aggregation.function.MaxMVAggregationFunction
[111] WARN TestMethodFilter - NoClassDefFoundError: class org.apache.pinot.core.query.aggregation.function.DistinctCountBitmapAggregationFunction
[111] WARN TestMethodFilter - NoClassDefFoundError: class org.apache.pinot.core.query.aggregation.function.AggregationFunctionUtils
[111] WARN TestMethodFilter - NoClassDefFoundError: class org.apache.pinot.core.query.aggregation.function.PercentileEstAggregationFunction
[111] WARN TestMethodFilter - NoClassDefFoundError: class org.apache.pinot.core.query.aggregation.function.DistinctCountHLLMVAggregationFunction
[112] WARN TestMethodFilter - NoClassDefFoundError: class org.apache.pinot.core.query.aggregation.function.SumPrecisionAggregationFunction
[112] WARN TestMethodFilter - NoClassDefFoundError: class org.apache.pinot.core.query.aggregation.function.LastFloatValueWithTimeAggregationFunction
[112] WARN TestMethodFilter - NoClassDefFoundError: class org.apache.pinot.core.query.aggregation.function.PercentileTDigestAggregationFunction
[112] WARN TestMethodFilter - NoClassDefFoundError: class org.apache.pinot.core.query.aggregation.function.DistinctCountHLLAggregationFunction
[113] WARN TestMethodFilter - NoClassDefFoundError: class org.apache.pinot.core.query.aggregation.function.PercentileAggregationFunction
[113] WARN TestMethodFilter - NoClassDefFoundError: class org.apache.pinot.core.query.aggregation.function.DistinctCountRawThetaSketchAggregationFunction
[113] WARN TestMethodFilter - NoClassDefFoundError: class org.apache.pinot.core.query.aggregation.function.PercentileRawEstAggregationFunction
[114] WARN TestMethodFilter - NoClassDefFoundError: class org.apache.pinot.core.query.aggregation.function.FastHLLAggregationFunction
[114] WARN TestMethodFilter - NoClassDefFoundError: class org.apache.pinot.core.query.aggregation.function.MinAggregationFunction
[114] WARN TestMethodFilter - NoClassDefFoundError: class org.apache.pinot.core.query.aggregation.function.DistinctAggregationFunction
[115] WARN TestMethodFilter - NoClassDefFoundError: class org.apache.pinot.core.query.aggregation.function.MinMaxRangeMVAggregationFunction
[115] WARN TestMethodFilter - NoClassDefFoundError: class org.apache.pinot.core.query.aggregation.function.PercentileRawTDigestAggregationFunction
[115] WARN TestMethodFilter - NoClassDefFoundError: class org.apache.pinot.core.query.aggregation.function.LastStringValueWithTimeAggregationFunction
[116] WARN TestMethodFilter - NoClassDefFoundError: class org.apache.pinot.core.query.aggregation.function.DistinctCountSmartHLLAggregationFunction
[116] WARN TestMethodFilter - NoClassDefFoundError: class org.apache.pinot.core.query.aggregation.function.PercentileTDigestMVAggregationFunction
[117] WARN TestMethodFilter - NoClassDefFoundError: class org.apache.pinot.core.query.aggregation.function.CountMVAggregationFunction
[117] WARN TestMethodFilter - NoClassDefFoundError: class org.apache.pinot.core.query.aggregation.function.CountAggregationFunction
[117] WARN TestMethodFilter - NoClassDefFoundError: class org.apache.pinot.core.query.aggregation.function.MinMaxRangeAggregationFunction
[118] WARN TestMethodFilter - NoClassDefFoundError: class org.apache.pinot.core.query.aggregation.function.DistinctCountBitmapMVAggregationFunction
[118] WARN TestMethodFilter - NoClassDefFoundError: class org.apache.pinot.core.query.aggregation.function.ModeAggregationFunction
[120] WARN TestMethodFilter - NoClassDefFoundError: class org.apache.pinot.core.query.aggregation.groupby.utils.DoubleToIdMap
[120] WARN TestMethodFilter - NoClassDefFoundError: class org.apache.pinot.core.query.aggregation.groupby.utils.StringToIdMap
[120] WARN TestMethodFilter - NoClassDefFoundError: class org.apache.pinot.core.query.aggregation.groupby.utils.FloatToIdMap
[121] WARN TestMethodFilter - NoClassDefFoundError: class org.apache.pinot.core.query.aggregation.groupby.utils.IntToIdMap
[121] WARN TestMethodFilter - NoClassDefFoundError: class org.apache.pinot.core.query.aggregation.groupby.utils.LongToIdMap
[121] WARN TestMethodFilter - NoClassDefFoundError: class org.apache.pinot.core.query.aggregation.groupby.utils.BytesToIdMap
[122] WARN TestMethodFilter - NoClassDefFoundError: class org.apache.pinot.core.query.aggregation.groupby.utils.ValueToIdMapFactory
[123] WARN TestMethodFilter - NoClassDefFoundError: class org.apache.pinot.core.query.aggregation.groupby.NoDictionarySingleColumnGroupKeyGenerator
[127] WARN TestMethodFilter - NoClassDefFoundError: class org.apache.pinot.core.query.selection.SelectionOperatorService
[127] WARN TestMethodFilter - NoClassDefFoundError: class org.apache.pinot.core.query.selection.SelectionOperatorUtils
[128] WARN TestMethodFilter - NoClassDefFoundError: class org.apache.pinot.core.query.postaggregation.PostAggregationFunction
[129] WARN TestMethodFilter - NoClassDefFoundError: class org.apache.pinot.core.query.distinct.DistinctTable
[130] WARN TestMethodFilter - NoClassDefFoundError: class org.apache.pinot.core.query.distinct.dictionary.DictionaryBasedMultiColumnDistinctOrderByExecutor
[131] WARN TestMethodFilter - NoClassDefFoundError: class org.apache.pinot.core.query.distinct.dictionary.DictionaryBasedSingleColumnDistinctOrderByExecutor
[131] WARN TestMethodFilter - NoClassDefFoundError: class org.apache.pinot.core.query.distinct.dictionary.DictionaryBasedSingleColumnDistinctOnlyExecutor
[132] WARN TestMethodFilter - NoClassDefFoundError: class org.apache.pinot.core.query.distinct.dictionary.DictionaryBasedMultiColumnDistinctOnlyExecutor
[132] WARN TestMethodFilter - NoClassDefFoundError: class org.apache.pinot.core.query.distinct.raw.RawLongSingleColumnDistinctOnlyExecutor
[132] WARN TestMethodFilter - NoClassDefFoundError: class org.apache.pinot.core.query.distinct.raw.RawDoubleSingleColumnDistinctOrderByExecutor
[133] WARN TestMethodFilter - NoClassDefFoundError: class org.apache.pinot.core.query.distinct.raw.RawDoubleSingleColumnDistinctOnlyExecutor
[133] WARN TestMethodFilter - NoClassDefFoundError: class org.apache.pinot.core.query.distinct.raw.RawStringSingleColumnDistinctOrderByExecutor
[134] WARN TestMethodFilter - NoClassDefFoundError: class org.apache.pinot.core.query.distinct.raw.RawFloatSingleColumnDistinctOrderByExecutor
[134] WARN TestMethodFilter - NoClassDefFoundError: class org.apache.pinot.core.query.distinct.raw.RawFloatSingleColumnDistinctOnlyExecutor
[134] WARN TestMethodFilter - NoClassDefFoundError: class org.apache.pinot.core.query.distinct.raw.RawLongSingleColumnDistinctOrderByExecutor
[135] WARN TestMethodFilter - NoClassDefFoundError: class org.apache.pinot.core.query.distinct.raw.RawIntSingleColumnDistinctOrderByExecutor
[136] WARN TestMethodFilter - NoClassDefFoundError: class org.apache.pinot.core.query.distinct.raw.RawBytesSingleColumnDistinctOnlyExecutor
[136] WARN TestMethodFilter - NoClassDefFoundError: class org.apache.pinot.core.query.distinct.raw.RawBytesSingleColumnDistinctOrderByExecutor
[136] WARN TestMethodFilter - NoClassDefFoundError: class org.apache.pinot.core.query.distinct.raw.RawIntSingleColumnDistinctOnlyExecutor
[136] WARN TestMethodFilter - NoClassDefFoundError: class org.apache.pinot.core.query.distinct.raw.RawStringSingleColumnDistinctOnlyExecutor
[137] WARN TestMethodFilter - NoClassDefFoundError: class org.apache.pinot.core.transport.ServerInstance
[138] WARN TestMethodFilter - NoClassDefFoundError: class org.apache.pinot.core.transport.ServerChannels
[138] WARN TestMethodFilter - NoClassDefFoundError: class org.apache.pinot.core.transport.QueryRouter
[138] WARN TestMethodFilter - NoClassDefFoundError: class org.apache.pinot.core.transport.QueryServer
[139] WARN TestMethodFilter - NoClassDefFoundError: class org.apache.pinot.core.transport.ServerResponse
[140] WARN TestMethodFilter - NoClassDefFoundError: class org.apache.pinot.core.transport.ServerRoutingInstance
[141] WARN TestMethodFilter - NoClassDefFoundError: class org.apache.pinot.core.transport.ListenerConfig
[141] WARN TestMethodFilter - NoClassDefFoundError: class org.apache.pinot.core.segment.processing.transformer.NoOpRecordTransformer
[143] WARN TestMethodFilter - NoClassDefFoundError: class org.apache.pinot.core.segment.processing.transformer.TransformFunctionRecordTransformer
[144] WARN TestMethodFilter - NoClassDefFoundError: class org.apache.pinot.core.segment.processing.partitioner.NoOpPartitioner
[144] WARN TestMethodFilter - NoClassDefFoundError: class org.apache.pinot.core.segment.processing.partitioner.TransformFunctionPartitioner
[144] WARN TestMethodFilter - NoClassDefFoundError: class org.apache.pinot.core.segment.processing.partitioner.TableConfigPartitioner
[145] WARN TestMethodFilter - NoClassDefFoundError: class org.apache.pinot.core.segment.processing.partitioner.ColumnValuePartitioner
[145] WARN TestMethodFilter - NoClassDefFoundError: class org.apache.pinot.core.segment.processing.partitioner.PartitionerConfig
[145] WARN TestMethodFilter - NoClassDefFoundError: class org.apache.pinot.core.segment.processing.partitioner.RoundRobinPartitioner
[146] WARN TestMethodFilter - NoClassDefFoundError: class org.apache.pinot.core.segment.processing.framework.SegmentProcessorConfig
[147] WARN TestMethodFilter - NoClassDefFoundError: class org.apache.pinot.core.segment.processing.framework.SegmentProcessorFramework
[148] WARN TestMethodFilter - NoClassDefFoundError: class org.apache.pinot.core.segment.processing.aggregator.ValueAggregatorFactory
[149] WARN TestMethodFilter - NoClassDefFoundError: class org.apache.pinot.core.segment.processing.utils.SegmentProcessorUtils
[150] WARN TestMethodFilter - NoClassDefFoundError: class org.apache.pinot.core.segment.processing.timehandler.EpochTimeHandler
[151] WARN TestMethodFilter - NoClassDefFoundError: class org.apache.pinot.core.segment.processing.timehandler.NoOpTimeHandler
[153] WARN TestMethodFilter - NoClassDefFoundError: class org.apache.pinot.core.segment.processing.filter.NoOpRecordFilter
[153] WARN TestMethodFilter - NoClassDefFoundError: class org.apache.pinot.core.segment.processing.filter.FunctionEvaluatorRecordFilter
[154] WARN TestMethodFilter - NoClassDefFoundError: class org.apache.pinot.core.segment.processing.genericrow.GenericRowFileReader
[155] WARN TestMethodFilter - NoClassDefFoundError: class org.apache.pinot.core.segment.processing.genericrow.GenericRowSerializer
[155] WARN TestMethodFilter - NoClassDefFoundError: class org.apache.pinot.core.segment.processing.genericrow.GenericRowDeserializer
[155] WARN TestMethodFilter - NoClassDefFoundError: class org.apache.pinot.core.segment.processing.genericrow.GenericRowFileWriter
[157] WARN TestMethodFilter - NoClassDefFoundError: class org.apache.pinot.core.geospatial.transform.function.StPointFunction
[157] WARN TestMethodFilter - NoClassDefFoundError: class org.apache.pinot.core.geospatial.transform.function.StEqualsFunction
[157] WARN TestMethodFilter - NoClassDefFoundError: class org.apache.pinot.core.geospatial.transform.function.StContainsFunction
[157] WARN TestMethodFilter - NoClassDefFoundError: class org.apache.pinot.core.geospatial.transform.function.StAsBinaryFunction
[158] WARN TestMethodFilter - NoClassDefFoundError: class org.apache.pinot.core.geospatial.transform.function.StGeometryTypeFunction
[158] WARN TestMethodFilter - NoClassDefFoundError: class org.apache.pinot.core.geospatial.transform.function.StGeogFromWKBFunction
[158] WARN TestMethodFilter - NoClassDefFoundError: class org.apache.pinot.core.geospatial.transform.function.StPolygonFunction
[158] WARN TestMethodFilter - NoClassDefFoundError: class org.apache.pinot.core.geospatial.transform.function.GeoToH3Function
[159] WARN TestMethodFilter - NoClassDefFoundError: class org.apache.pinot.core.geospatial.transform.function.StGeomFromWKBFunction
[159] WARN TestMethodFilter - NoClassDefFoundError: class org.apache.pinot.core.geospatial.transform.function.StGeomFromTextFunction
[159] WARN TestMethodFilter - NoClassDefFoundError: class org.apache.pinot.core.geospatial.transform.function.StDistanceFunction
[159] WARN TestMethodFilter - NoClassDefFoundError: class org.apache.pinot.core.geospatial.transform.function.ScalarFunctions
[160] WARN TestMethodFilter - NoClassDefFoundError: class org.apache.pinot.core.geospatial.transform.function.StAsTextFunction
[160] WARN TestMethodFilter - NoClassDefFoundError: class org.apache.pinot.core.geospatial.transform.function.StAreaFunction
[160] WARN TestMethodFilter - NoClassDefFoundError: class org.apache.pinot.core.geospatial.transform.function.StGeogFromTextFunction
[160] WARN TestMethodFilter - NoClassDefFoundError: class org.apache.pinot.core.geospatial.transform.function.StWithinFunction
[162] WARN TestMethodFilter - NoClassDefFoundError: class org.apache.pinot.core.util.SegmentCompletionProtocolUtils
[163] WARN TestMethodFilter - NoClassDefFoundError: class org.apache.pinot.core.util.IntObjectIndexedPriorityQueue
[164] WARN TestMethodFilter - NoClassDefFoundError: class org.apache.pinot.core.util.SegmentProcessorAvroUtils
[165] WARN TestMethodFilter - NoClassDefFoundError: class org.apache.pinot.core.util.ListenerConfigUtil
[165] WARN TestMethodFilter - NoClassDefFoundError: class org.apache.pinot.core.util.IntDoubleIndexedPriorityQueue
[166] WARN TestMethodFilter - NoClassDefFoundError: class org.apache.pinot.core.util.PeerServerSegmentFinder
[167] WARN TestMethodFilter - NoClassDefFoundError: class org.apache.pinot.core.util.GapfillUtils
[167] WARN TestMethodFilter - NoClassDefFoundError: class org.apache.pinot.core.requesthandler.PinotQueryParserFactory
[168] WARN TestMethodFilter - NoClassDefFoundError: class org.apache.pinot.core.operator.dociditerators.MVScanDocIdIterator
[168] WARN TestMethodFilter - NoClassDefFoundError: class org.apache.pinot.core.operator.dociditerators.RangelessBitmapDocIdIterator
[169] WARN TestMethodFilter - NoClassDefFoundError: class org.apache.pinot.core.operator.dociditerators.SVScanDocIdIterator
[170] WARN TestMethodFilter - NoClassDefFoundError: class org.apache.pinot.core.operator.dociditerators.BitmapDocIdIterator
[170] WARN TestMethodFilter - NoClassDefFoundError: class org.apache.pinot.core.operator.dociditerators.ExpressionScanDocIdIterator
[171] WARN TestMethodFilter - NoClassDefFoundError: class org.apache.pinot.core.operator.AcquireReleaseColumnsSegmentOperator
[171] WARN TestMethodFilter - NoClassDefFoundError: class org.apache.pinot.core.operator.StreamingInstanceResponseOperator
[173] WARN TestMethodFilter - NoClassDefFoundError: class org.apache.pinot.core.operator.transform.TransformResultMetadata
[173] WARN TestMethodFilter - NoClassDefFoundError: class org.apache.pinot.core.operator.transform.TransformOperator
[174] WARN TestMethodFilter - NoClassDefFoundError: class org.apache.pinot.core.operator.transform.function.ArrayMinTransformFunction
[174] WARN TestMethodFilter - NoClassDefFoundError: class org.apache.pinot.core.operator.transform.function.JsonExtractKeyTransformFunction
[174] WARN TestMethodFilter - NoClassDefFoundError: class org.apache.pinot.core.operator.transform.function.PowerTransformFunction
[175] WARN TestMethodFilter - NoClassDefFoundError: class org.apache.pinot.core.operator.transform.function.JsonExtractScalarTransformFunction
[175] WARN TestMethodFilter - NoClassDefFoundError: class org.apache.pinot.core.operator.transform.function.DivisionTransformFunction
[175] WARN TestMethodFilter - NoClassDefFoundError: class org.apache.pinot.core.operator.transform.function.IsNotNullTransformFunction
[176] WARN TestMethodFilter - NoClassDefFoundError: class org.apache.pinot.core.operator.transform.function.AdditionTransformFunction
[176] WARN TestMethodFilter - NoClassDefFoundError: class org.apache.pinot.core.operator.transform.function.CaseTransformFunction
[177] WARN TestMethodFilter - NoClassDefFoundError: class org.apache.pinot.core.operator.transform.function.InTransformFunction
[178] WARN TestMethodFilter - NoClassDefFoundError: class org.apache.pinot.core.operator.transform.function.NotEqualsTransformFunction
[178] WARN TestMethodFilter - NoClassDefFoundError: class org.apache.pinot.core.operator.transform.function.MultiplicationTransformFunction
[179] WARN TestMethodFilter - NoClassDefFoundError: class org.apache.pinot.core.operator.transform.function.GroovyTransformFunction
[179] WARN TestMethodFilter - NoClassDefFoundError: class org.apache.pinot.core.operator.transform.function.RegexpExtractTransformFunction
[179] WARN TestMethodFilter - NoClassDefFoundError: class org.apache.pinot.core.operator.transform.function.ModuloTransformFunction
[180] WARN TestMethodFilter - NoClassDefFoundError: class org.apache.pinot.core.operator.transform.function.AndOperatorTransformFunction
[180] WARN TestMethodFilter - NoClassDefFoundError: class org.apache.pinot.core.operator.transform.function.TransformFunctionFactory
[181] WARN TestMethodFilter - NoClassDefFoundError: class org.apache.pinot.core.operator.transform.function.GreaterThanOrEqualTransformFunction
[181] WARN TestMethodFilter - NoClassDefFoundError: class org.apache.pinot.core.operator.transform.function.LessThanTransformFunction
[181] WARN TestMethodFilter - NoClassDefFoundError: class org.apache.pinot.core.operator.transform.function.ArrayMaxTransformFunction
[182] WARN TestMethodFilter - NoClassDefFoundError: class org.apache.pinot.core.operator.transform.function.LeastTransformFunction
[182] WARN TestMethodFilter - NoClassDefFoundError: class org.apache.pinot.core.operator.transform.function.InIdSetTransformFunction
[182] WARN TestMethodFilter - NoClassDefFoundError: class org.apache.pinot.core.operator.transform.function.DateTimeConversionTransformFunction
[182] WARN TestMethodFilter - NoClassDefFoundError: class org.apache.pinot.core.operator.transform.function.OrOperatorTransformFunction
[183] WARN TestMethodFilter - NoClassDefFoundError: class org.apache.pinot.core.operator.transform.function.RoundDecimalTransformFunction
[183] WARN TestMethodFilter - NoClassDefFoundError: class org.apache.pinot.core.operator.transform.function.LessThanOrEqualTransformFunction
[183] WARN TestMethodFilter - NoClassDefFoundError: class org.apache.pinot.core.operator.transform.function.DateTruncTransformFunction
[183] WARN TestMethodFilter - NoClassDefFoundError: class org.apache.pinot.core.operator.transform.function.TruncateDecimalTransformFunction
[184] WARN TestMethodFilter - NoClassDefFoundError: class org.apache.pinot.core.operator.transform.function.LiteralTransformFunction
[184] WARN TestMethodFilter - NoClassDefFoundError: class org.apache.pinot.core.operator.transform.function.ArrayLengthTransformFunction
[184] WARN TestMethodFilter - NoClassDefFoundError: class org.apache.pinot.core.operator.transform.function.CastTransformFunction
[185] WARN TestMethodFilter - NoClassDefFoundError: class org.apache.pinot.core.operator.transform.function.IdentifierTransformFunction
[185] WARN TestMethodFilter - NoClassDefFoundError: class org.apache.pinot.core.operator.transform.function.MapValueTransformFunction
[186] WARN TestMethodFilter - NoClassDefFoundError: class org.apache.pinot.core.operator.transform.function.ValueInTransformFunction
[186] WARN TestMethodFilter - NoClassDefFoundError: class org.apache.pinot.core.operator.transform.function.SubtractionTransformFunction
[186] WARN TestMethodFilter - NoClassDefFoundError: class org.apache.pinot.core.operator.transform.function.IsNullTransformFunction
[187] WARN TestMethodFilter - NoClassDefFoundError: class org.apache.pinot.core.operator.transform.function.TimeConversionTransformFunction
[187] WARN TestMethodFilter - NoClassDefFoundError: class org.apache.pinot.core.operator.transform.function.GreatestTransformFunction
[187] WARN TestMethodFilter - NoClassDefFoundError: class org.apache.pinot.core.operator.transform.function.LookupTransformFunction
[187] WARN TestMethodFilter - NoClassDefFoundError: class org.apache.pinot.core.operator.transform.function.GreaterThanTransformFunction
[188] WARN TestMethodFilter - NoClassDefFoundError: class org.apache.pinot.core.operator.transform.function.ArrayAverageTransformFunction
[188] WARN TestMethodFilter - NoClassDefFoundError: class org.apache.pinot.core.operator.transform.function.EqualsTransformFunction
[188] WARN TestMethodFilter - NoClassDefFoundError: class org.apache.pinot.core.operator.transform.function.ScalarTransformFunctionWrapper
[189] WARN TestMethodFilter - NoClassDefFoundError: class org.apache.pinot.core.operator.transform.function.ArraySumTransformFunction
[189] WARN TestMethodFilter - NoClassDefFoundError: class org.apache.pinot.core.operator.transform.PassThroughTransformOperator
[189] WARN TestMethodFilter - NoClassDefFoundError: class org.apache.pinot.core.operator.streaming.StreamingSelectionOnlyCombineOperator
[189] WARN TestMethodFilter - NoClassDefFoundError: class org.apache.pinot.core.operator.streaming.StreamingSelectionOnlyOperator
[190] WARN TestMethodFilter - NoClassDefFoundError: class org.apache.pinot.core.operator.streaming.StreamingResponseUtils
[190] WARN TestMethodFilter - NoClassDefFoundError: class org.apache.pinot.core.operator.query.SelectionOnlyOperator
[190] WARN TestMethodFilter - NoClassDefFoundError: class org.apache.pinot.core.operator.query.AggregationGroupByOrderByOperator
[190] WARN TestMethodFilter - NoClassDefFoundError: class org.apache.pinot.core.operator.query.AggregationGroupByOperator
[191] WARN TestMethodFilter - NoClassDefFoundError: class org.apache.pinot.core.operator.query.DistinctOperator
[191] WARN TestMethodFilter - NoClassDefFoundError: class org.apache.pinot.core.operator.query.SelectionOrderByOperator
[191] WARN TestMethodFilter - NoClassDefFoundError: class org.apache.pinot.core.operator.query.FilteredAggregationOperator
[191] WARN TestMethodFilter - NoClassDefFoundError: class org.apache.pinot.core.operator.query.EmptySelectionOperator
[192] WARN TestMethodFilter - NoClassDefFoundError: class org.apache.pinot.core.operator.query.NonScanBasedAggregationOperator
[192] WARN TestMethodFilter - NoClassDefFoundError: class org.apache.pinot.core.operator.query.DictionaryBasedDistinctOperator
[193] WARN TestMethodFilter - NoClassDefFoundError: class org.apache.pinot.core.operator.query.AggregationOperator
[193] WARN TestMethodFilter - NoClassDefFoundError: class org.apache.pinot.core.operator.query.FastFilteredCountOperator
[193] WARN TestMethodFilter - NoClassDefFoundError: class org.apache.pinot.core.operator.DocIdSetOperator
[193] WARN TestMethodFilter - NoClassDefFoundError: class org.apache.pinot.core.operator.blocks.InstanceResponseBlock
[194] WARN TestMethodFilter - NoClassDefFoundError: class org.apache.pinot.core.operator.blocks.PassThroughTransformBlock
[195] WARN TestMethodFilter - NoClassDefFoundError: class org.apache.pinot.core.operator.blocks.IntermediateResultsBlock
[195] WARN TestMethodFilter - NoClassDefFoundError: class org.apache.pinot.core.operator.blocks.ProjectionBlock
[195] WARN TestMethodFilter - NoClassDefFoundError: class org.apache.pinot.core.operator.blocks.TransformBlock
[195] WARN TestMethodFilter - NoClassDefFoundError: class org.apache.pinot.core.operator.InstanceResponseOperator
[196] WARN TestMethodFilter - NoClassDefFoundError: class org.apache.pinot.core.operator.BitmapDocIdSetOperator
[196] WARN TestMethodFilter - NoClassDefFoundError: class org.apache.pinot.core.operator.combine.AggregationOnlyCombineOperator
[196] WARN TestMethodFilter - NoClassDefFoundError: class org.apache.pinot.core.operator.combine.SelectionOnlyCombineOperator
[197] WARN TestMethodFilter - NoClassDefFoundError: class org.apache.pinot.core.operator.combine.MinMaxValueBasedSelectionOrderByCombineOperator
[197] WARN TestMethodFilter - NoClassDefFoundError: class org.apache.pinot.core.operator.combine.SelectionOrderByCombineOperator
[197] WARN TestMethodFilter - NoClassDefFoundError: class org.apache.pinot.core.operator.combine.GroupByCombineOperator
[198] WARN TestMethodFilter - NoClassDefFoundError: class org.apache.pinot.core.operator.combine.GroupByOrderByCombineOperator
[198] WARN TestMethodFilter - NoClassDefFoundError: class org.apache.pinot.core.operator.combine.DistinctCombineOperator
[198] WARN TestMethodFilter - NoClassDefFoundError: class org.apache.pinot.core.operator.ProjectionOperator
[198] WARN TestMethodFilter - NoClassDefFoundError: class org.apache.pinot.core.operator.filter.H3IndexFilterOperator
[198] WARN TestMethodFilter - NoClassDefFoundError: class org.apache.pinot.core.operator.filter.ExpressionFilterOperator
[199] WARN TestMethodFilter - NoClassDefFoundError: class org.apache.pinot.core.operator.filter.predicate.InPredicateEvaluatorFactory
[199] WARN TestMethodFilter - NoClassDefFoundError: class org.apache.pinot.core.operator.filter.predicate.PredicateUtils
[200] WARN TestMethodFilter - NoClassDefFoundError: class org.apache.pinot.core.operator.filter.predicate.NotEqualsPredicateEvaluatorFactory
[201] WARN TestMethodFilter - NoClassDefFoundError: class org.apache.pinot.core.operator.filter.predicate.RegexpLikePredicateEvaluatorFactory
[203] WARN TestMethodFilter - NoClassDefFoundError: class org.apache.pinot.core.operator.filter.predicate.RangePredicateEvaluatorFactory
[203] WARN TestMethodFilter - NoClassDefFoundError: class org.apache.pinot.core.operator.filter.predicate.FSTBasedRegexpPredicateEvaluatorFactory
[204] WARN TestMethodFilter - NoClassDefFoundError: class org.apache.pinot.core.operator.filter.predicate.EqualsPredicateEvaluatorFactory
[204] WARN TestMethodFilter - NoClassDefFoundError: class org.apache.pinot.core.operator.filter.predicate.NotInPredicateEvaluatorFactory
[205] WARN TestMethodFilter - NoClassDefFoundError: class org.apache.pinot.core.operator.filter.predicate.PredicateEvaluatorProvider
[205] WARN TestMethodFilter - NoClassDefFoundError: class org.apache.pinot.core.operator.filter.BitmapCollection
[205] WARN TestMethodFilter - NoClassDefFoundError: class org.apache.pinot.core.operator.filter.TextMatchFilterOperator
[206] WARN TestMethodFilter - NoClassDefFoundError: class org.apache.pinot.core.operator.filter.OrFilterOperator
[206] WARN TestMethodFilter - NoClassDefFoundError: class org.apache.pinot.core.operator.filter.MatchAllFilterOperator
[206] WARN TestMethodFilter - NoClassDefFoundError: class org.apache.pinot.core.operator.filter.CombinedFilterOperator
[207] WARN TestMethodFilter - NoClassDefFoundError: class org.apache.pinot.core.operator.filter.FilterOperatorUtils
[207] WARN TestMethodFilter - NoClassDefFoundError: class org.apache.pinot.core.operator.filter.AndFilterOperator
[207] WARN TestMethodFilter - NoClassDefFoundError: class org.apache.pinot.core.operator.filter.EmptyFilterOperator
[207] WARN TestMethodFilter - NoClassDefFoundError: class org.apache.pinot.core.operator.filter.ScanBasedFilterOperator
[207] WARN TestMethodFilter - NoClassDefFoundError: class org.apache.pinot.core.operator.filter.JsonMatchFilterOperator
[207] WARN TestMethodFilter - NoClassDefFoundError: class org.apache.pinot.core.operator.filter.BitmapBasedFilterOperator
[207] WARN TestMethodFilter - NoClassDefFoundError: class org.apache.pinot.core.operator.filter.NotFilterOperator
[208] WARN TestMethodFilter - NoClassDefFoundError: class org.apache.pinot.core.operator.filter.SortedIndexBasedFilterOperator
[208] WARN TestMethodFilter - NoClassDefFoundError: class org.apache.pinot.core.operator.filter.RangeIndexBasedFilterOperator
[208] WARN TestMethodFilter - NoClassDefFoundError: class org.apache.pinot.core.operator.docvalsets.TransformBlockValSet
[209] WARN TestMethodFilter - NoClassDefFoundError: class org.apache.pinot.core.operator.docvalsets.ProjectionBlockValSet
[209] WARN TestMethodFilter - NoClassDefFoundError: class org.apache.pinot.core.operator.docidsets.OrDocIdSet
[210] WARN TestMethodFilter - NoClassDefFoundError: class org.apache.pinot.core.operator.docidsets.AndDocIdSet
[212] WARN TestMethodFilter - NoClassDefFoundError: class org.apache.pinot.core.metadata.DefaultMetadataExtractor
[214] WARN TestMethodFilter - NoClassDefFoundError: class org.apache.pinot.queries.JsonMatchQueriesTest
[215] WARN TestMethodFilter - NoClassDefFoundError: class org.apache.pinot.queries.InterSegmentAggregationMultiValueQueriesTest
[216] WARN TestMethodFilter - NoClassDefFoundError: class org.apache.pinot.queries.NoDictionaryCompressionQueriesTest
[216] WARN TestMethodFilter - NoClassDefFoundError: class org.apache.pinot.queries.SegmentWithNullValueVectorTest
[217] WARN TestMethodFilter - NoClassDefFoundError: class org.apache.pinot.queries.InterSegmentAggregationSingleValueQueriesTest
[220] WARN TestMethodFilter - NoClassDefFoundError: class org.apache.pinot.queries.GapfillQueriesTest
[221] WARN TestMethodFilter - NoClassDefFoundError: class org.apache.pinot.queries.QueriesTestUtils
[221] WARN TestMethodFilter - NoClassDefFoundError: class org.apache.pinot.queries.DistinctCountBitmapQueriesTest
[222] WARN TestMethodFilter - NoClassDefFoundError: class org.apache.pinot.queries.IdSetQueriesTest
[223] WARN TestMethodFilter - NoClassDefFoundError: class org.apache.pinot.queries.InnerSegmentSelectionSingleValueQueriesTest
[224] WARN TestMethodFilter - NoClassDefFoundError: class org.apache.pinot.queries.SumPrecisionQueriesTest
[224] WARN TestMethodFilter - NoClassDefFoundError: class org.apache.pinot.queries.NotOperatorQueriesTest
[225] WARN TestMethodFilter - NoClassDefFoundError: class org.apache.pinot.queries.InterSegmentResultTableSingleValueQueriesTest
[226] WARN TestMethodFilter - NoClassDefFoundError: class org.apache.pinot.queries.PercentileTDigestMVQueriesTest
[226] WARN TestMethodFilter - NoClassDefFoundError: class org.apache.pinot.queries.JsonDataTypeQueriesTest
[227] WARN TestMethodFilter - NoClassDefFoundError: class org.apache.pinot.queries.InterSegmentResultTableMultiValueQueriesTest
[228] WARN TestMethodFilter - NoClassDefFoundError: class org.apache.pinot.queries.TimestampQueriesTest
[228] WARN TestMethodFilter - NoClassDefFoundError: class org.apache.pinot.queries.H3IndexQueriesTest
[229] WARN TestMethodFilter - NoClassDefFoundError: class org.apache.pinot.queries.InnerSegmentSelectionMultiValueQueriesTest
[229] WARN TestMethodFilter - NoClassDefFoundError: class org.apache.pinot.queries.UrlFunctionGroupByTest
[230] WARN TestMethodFilter - NoClassDefFoundError: class org.apache.pinot.queries.InnerSegmentAggregationMultiValueQueriesTest
[231] WARN TestMethodFilter - NoClassDefFoundError: class org.apache.pinot.queries.LastWithTimeQueriesTest
[231] WARN TestMethodFilter - NoClassDefFoundError: class org.apache.pinot.queries.FastHllQueriesTest
[232] WARN TestMethodFilter - NoClassDefFoundError: class org.apache.pinot.queries.JsonExtractScalarTest
[233] WARN TestMethodFilter - NoClassDefFoundError: class org.apache.pinot.queries.ModeQueriesTest
[234] WARN TestMethodFilter - NoClassDefFoundError: class org.apache.pinot.queries.InnerSegmentAggregationSingleValueQueriesTest
[235] WARN TestMethodFilter - NoClassDefFoundError: class org.apache.pinot.queries.TextSearchQueriesTest
[236] WARN TestMethodFilter - NoClassDefFoundError: class org.apache.pinot.queries.TransformQueriesTest
[236] WARN TestMethodFilter - NoClassDefFoundError: class org.apache.pinot.queries.PercentileTDigestQueriesTest
[237] WARN TestMethodFilter - NoClassDefFoundError: class org.apache.pinot.queries.JsonIngestionFromAvroQueriesTest
[237] WARN TestMethodFilter - NoClassDefFoundError: class org.apache.pinot.queries.RangePredicateWithSortedInvertedIndexTest
[238] WARN TestMethodFilter - NoClassDefFoundError: class org.apache.pinot.queries.DistinctCountQueriesTest
[239] WARN TestMethodFilter - NoClassDefFoundError: class org.apache.pinot.queries.DistinctCountThetaSketchQueriesTest
[240] WARN TestMethodFilter - NoClassDefFoundError: class org.apache.pinot.queries.SerializedBytesQueriesTest
[241] WARN TestMethodFilter - NoClassDefFoundError: class org.apache.pinot.queries.FilteredAggregationsTest
[241] WARN TestMethodFilter - NoClassDefFoundError: class org.apache.pinot.queries.InterSegmentOrderBySingleValueQueriesTest
[242] WARN TestMethodFilter - NoClassDefFoundError: class org.apache.pinot.queries.StUnionQueriesTest
[243] WARN TestMethodFilter - NoClassDefFoundError: class org.apache.pinot.queries.DistinctQueriesTest
[244] WARN TestMethodFilter - NoClassDefFoundError: class org.apache.pinot.queries.JsonPathQueriesTest
[245] WARN TestMethodFilter - NoClassDefFoundError: class org.apache.pinot.queries.FSTBasedRegexpLikeQueriesTest
[245] WARN TestMethodFilter - NoClassDefFoundError: class org.apache.pinot.queries.FastFilteredCountTest
[247] WARN TestMethodFilter - NoClassDefFoundError: class org.apache.pinot.queries.ExplainPlanQueriesTest
[247] WARN TestMethodFilter - NoClassDefFoundError: class org.apache.pinot.queries.BooleanQueriesTest
[248] WARN TestMethodFilter - NoClassDefFoundError: class org.apache.pinot.queries.SegmentPartitionedDistinctCountQueriesTest
[248] WARN TestMethodFilter - NoClassDefFoundError: class org.apache.pinot.queries.SumGreatestLeastQueriesTest
[249] WARN TestMethodFilter - NoClassDefFoundError: class org.apache.pinot.queries.InterSegmentOrderByMultiValueQueriesTest
[252] WARN TestMethodFilter - NoClassDefFoundError: class org.apache.pinot.core.startree.v2.PreAggregatedDistinctCountHLLStarTreeV2Test
[252] WARN TestMethodFilter - NoClassDefFoundError: class org.apache.pinot.core.startree.v2.CountStarTreeV2Test
[253] WARN TestMethodFilter - NoClassDefFoundError: class org.apache.pinot.core.startree.v2.MinMaxRangeStarTreeV2Test
[254] WARN TestMethodFilter - NoClassDefFoundError: class org.apache.pinot.core.startree.v2.AvgStarTreeV2Test
[254] WARN TestMethodFilter - NoClassDefFoundError: class org.apache.pinot.core.startree.v2.MinStarTreeV2Test
[255] WARN TestMethodFilter - NoClassDefFoundError: class org.apache.pinot.core.startree.v2.PercentileEstStarTreeV2Test
[255] WARN TestMethodFilter - NoClassDefFoundError: class org.apache.pinot.core.startree.v2.PreAggregatedAvgStarTreeV2Test
[256] WARN TestMethodFilter - NoClassDefFoundError: class org.apache.pinot.core.startree.v2.PreAggregatedPercentileTDigestStarTreeV2Test
[257] WARN TestMethodFilter - NoClassDefFoundError: class org.apache.pinot.core.startree.v2.PreAggregatedMinMaxRangeStarTreeV2Test
[257] WARN TestMethodFilter - NoClassDefFoundError: class org.apache.pinot.core.startree.v2.DistinctCountHLLStarTreeV2Test
[258] WARN TestMethodFilter - NoClassDefFoundError: class org.apache.pinot.core.startree.v2.SumPrecisionStarTreeV2Test
[258] WARN TestMethodFilter - NoClassDefFoundError: class org.apache.pinot.core.startree.v2.DistinctCountBitmapStarTreeV2Test
[259] WARN TestMethodFilter - NoClassDefFoundError: class org.apache.pinot.core.startree.v2.MaxStarTreeV2Test
[259] WARN TestMethodFilter - NoClassDefFoundError: class org.apache.pinot.core.startree.v2.PreAggregatedPercentileEstStarTreeV2Test
[260] WARN TestMethodFilter - NoClassDefFoundError: class org.apache.pinot.core.startree.v2.SumStarTreeV2Test
[260] WARN TestMethodFilter - NoClassDefFoundError: class org.apache.pinot.core.startree.v2.PercentileTDigestStarTreeV2Test
[261] WARN TestMethodFilter - NoClassDefFoundError: class org.apache.pinot.core.plan.maker.MetadataAndDictionaryAggregationPlanMakerTest
[262] WARN TestMethodFilter - NoClassDefFoundError: class org.apache.pinot.core.plan.maker.QueryOverrideWithHintsTest
[263] WARN TestMethodFilter - NoClassDefFoundError: class org.apache.pinot.core.common.ObjectSerDeUtilsTest
[263] WARN TestMethodFilter - NoClassDefFoundError: class org.apache.pinot.core.common.DataFetcherTest
[266] WARN TestMethodFilter - NoClassDefFoundError: class org.apache.pinot.core.data.manager.realtime.PinotFSSegmentUploaderTest
[268] WARN TestMethodFilter - NoClassDefFoundError: class org.apache.pinot.core.data.manager.realtime.Server2ControllerSegmentUploaderTest
[270] WARN TestMethodFilter - NoClassDefFoundError: class org.apache.pinot.core.data.manager.BaseTableDataManagerAcquireSegmentTest
[271] WARN TestMethodFilter - NoClassDefFoundError: class org.apache.pinot.core.data.manager.BaseTableDataManagerTest
[272] WARN TestMethodFilter - NoClassDefFoundError: class org.apache.pinot.core.data.function.DateTimeFunctionsTest
[273] WARN TestMethodFilter - NoClassDefFoundError: class org.apache.pinot.core.data.function.ArrayFunctionsTest
[273] WARN TestMethodFilter - NoClassDefFoundError: class org.apache.pinot.core.data.function.GroovyFunctionEvaluatorTest
[275] WARN TestMethodFilter - NoClassDefFoundError: class org.apache.pinot.core.data.function.ArithmeticFunctionsTest
[275] WARN TestMethodFilter - NoClassDefFoundError: class org.apache.pinot.core.data.function.JsonFunctionsTest
[278] WARN TestMethodFilter - NoClassDefFoundError: class org.apache.pinot.core.realtime.impl.fakestream.FakeStreamConfigUtils
[281] WARN TestMethodFilter - NoClassDefFoundError: class org.apache.pinot.core.minion.SegmentPurgerTest
[282] WARN TestMethodFilter - NoClassDefFoundError: class org.apache.pinot.core.query.scheduler.TestSchedulerGroupFactory
[286] WARN TestMethodFilter - NoClassDefFoundError: class org.apache.pinot.core.query.scheduler.TestHelper
[293] WARN TestMethodFilter - NoClassDefFoundError: class org.apache.pinot.core.query.executor.QueryExecutorExceptionsTest
[293] WARN TestMethodFilter - NoClassDefFoundError: class org.apache.pinot.core.query.executor.QueryExecutorTest
[295] WARN TestMethodFilter - NoClassDefFoundError: class org.apache.pinot.core.query.request.context.utils.BrokerRequestToQueryContextConverterTest
[298] WARN TestMethodFilter - NoClassDefFoundError: class org.apache.pinot.core.query.reduce.StreamingReduceServiceTest
[299] WARN TestMethodFilter - NoClassDefFoundError: class org.apache.pinot.core.query.aggregation.DefaultAggregationExecutorTest
[302] WARN TestMethodFilter - NoClassDefFoundError: class org.apache.pinot.core.query.aggregation.groupby.NoDictionaryGroupKeyGeneratorTest
[302] WARN TestMethodFilter - NoClassDefFoundError: class org.apache.pinot.core.query.aggregation.groupby.DictionaryBasedGroupKeyGeneratorTest
[303] WARN TestMethodFilter - NoClassDefFoundError: class org.apache.pinot.core.query.aggregation.groupby.GroupByTrimTest
[305] WARN TestMethodFilter - NoClassDefFoundError: class org.apache.pinot.core.query.postaggregation.PostAggregationFunctionTest
[310] WARN TestMethodFilter - NoClassDefFoundError: class org.apache.pinot.core.segment.processing.framework.SegmentMapperTest
[311] WARN TestMethodFilter - NoClassDefFoundError: class org.apache.pinot.core.segment.processing.framework.SegmentProcessorFrameworkTest
[313] WARN TestMethodFilter - NoClassDefFoundError: class org.apache.pinot.core.geospatial.transform.GeoInputOutputTest
[314] WARN TestMethodFilter - NoClassDefFoundError: class org.apache.pinot.core.geospatial.transform.StPointFunctionTest
[314] WARN TestMethodFilter - NoClassDefFoundError: class org.apache.pinot.core.geospatial.transform.StAreaFunctionTest
[314] WARN TestMethodFilter - NoClassDefFoundError: class org.apache.pinot.core.geospatial.transform.StContainsFunctionTest
[315] WARN TestMethodFilter - NoClassDefFoundError: class org.apache.pinot.core.geospatial.transform.StWithinFunctionTest
[315] WARN TestMethodFilter - NoClassDefFoundError: class org.apache.pinot.core.geospatial.transform.StDistanceFunctionTest
[316] WARN TestMethodFilter - NoClassDefFoundError: class org.apache.pinot.core.geospatial.transform.StGeometryTypeFunctionTest
[316] WARN TestMethodFilter - NoClassDefFoundError: class org.apache.pinot.core.geospatial.transform.StEqualFunctionTest
[316] WARN TestMethodFilter - NoClassDefFoundError: class org.apache.pinot.core.geospatial.transform.GeoToH3FunctionTest
[318] WARN TestMethodFilter - NoClassDefFoundError: class org.apache.pinot.core.util.CrcUtilsTest
[320] WARN TestMethodFilter - NoClassDefFoundError: class org.apache.pinot.core.util.SchemaUtilsTest
[321] WARN TestMethodFilter - NoClassDefFoundError: class org.apache.pinot.core.operator.dociditerators.OrDocIdIteratorTest
[322] WARN TestMethodFilter - NoClassDefFoundError: class org.apache.pinot.core.operator.dociditerators.NotDocIdIteratorTest
[322] WARN TestMethodFilter - NoClassDefFoundError: class org.apache.pinot.core.operator.dociditerators.BitmapDocIdIteratorTest
[322] WARN TestMethodFilter - NoClassDefFoundError: class org.apache.pinot.core.operator.dociditerators.AndDocIdIteratorTest
[326] WARN TestMethodFilter - NoClassDefFoundError: class org.apache.pinot.core.operator.transform.function.AdditionTransformFunctionTest
[326] WARN TestMethodFilter - NoClassDefFoundError: class org.apache.pinot.core.operator.transform.function.RoundDecimalTransformFunctionTest
[327] WARN TestMethodFilter - NoClassDefFoundError: class org.apache.pinot.core.operator.transform.function.ArrayLengthTransformFunctionTest
[328] WARN TestMethodFilter - NoClassDefFoundError: class org.apache.pinot.core.operator.transform.function.AndOperatorTransformFunctionTest
[328] WARN TestMethodFilter - NoClassDefFoundError: class org.apache.pinot.core.operator.transform.function.JsonExtractScalarTransformFunctionTest
[329] WARN TestMethodFilter - NoClassDefFoundError: class org.apache.pinot.core.operator.transform.function.LessThanOrEqualTransformFunctionTest
[330] WARN TestMethodFilter - NoClassDefFoundError: class org.apache.pinot.core.operator.transform.function.TrigonometricFunctionsTest
[330] WARN TestMethodFilter - NoClassDefFoundError: class org.apache.pinot.core.operator.transform.function.LessThanTransformFunctionTest
[331] WARN TestMethodFilter - NoClassDefFoundError: class org.apache.pinot.core.operator.transform.function.ValueInTransformFunctionTest
[331] WARN TestMethodFilter - NoClassDefFoundError: class org.apache.pinot.core.operator.transform.function.EqualsTransformFunctionTest
[332] WARN TestMethodFilter - NoClassDefFoundError: class org.apache.pinot.core.operator.transform.function.DateTruncTransformFunctionTest
[333] WARN TestMethodFilter - NoClassDefFoundError: class org.apache.pinot.core.operator.transform.function.LookupTransformFunctionTest
[333] WARN TestMethodFilter - NoClassDefFoundError: class org.apache.pinot.core.operator.transform.function.ArrayAverageTransformFunctionTest
[334] WARN TestMethodFilter - NoClassDefFoundError: class org.apache.pinot.core.operator.transform.function.InTransformFunctionTest
[334] WARN TestMethodFilter - NoClassDefFoundError: class org.apache.pinot.core.operator.transform.function.TimeConversionTransformFunctionTest
[335] WARN TestMethodFilter - NoClassDefFoundError: class org.apache.pinot.core.operator.transform.function.TupleSelectionTransformFunctionsTest
[336] WARN TestMethodFilter - NoClassDefFoundError: class org.apache.pinot.core.operator.transform.function.ArrayMaxTransformFunctionTest
[336] WARN TestMethodFilter - NoClassDefFoundError: class org.apache.pinot.core.operator.transform.function.ArrayMinTransformFunctionTest
[337] WARN TestMethodFilter - NoClassDefFoundError: class org.apache.pinot.core.operator.transform.function.ModuloTransformFunctionTest
[337] WARN TestMethodFilter - NoClassDefFoundError: class org.apache.pinot.core.operator.transform.function.NotEqualsTransformFunctionTest
[338] WARN TestMethodFilter - NoClassDefFoundError: class org.apache.pinot.core.operator.transform.function.CaseTransformFunctionTest
[339] WARN TestMethodFilter - NoClassDefFoundError: class org.apache.pinot.core.operator.transform.function.ScalarTransformFunctionWrapperTest
[339] WARN TestMethodFilter - NoClassDefFoundError: class org.apache.pinot.core.operator.transform.function.OrOperatorTransformFunctionTest
[340] WARN TestMethodFilter - NoClassDefFoundError: class org.apache.pinot.core.operator.transform.function.GreaterThanTransformFunctionTest
[341] WARN TestMethodFilter - NoClassDefFoundError: class org.apache.pinot.core.operator.transform.function.PowerTransformFunctionTest
[341] WARN TestMethodFilter - NoClassDefFoundError: class org.apache.pinot.core.operator.transform.function.SubtractionTransformFunctionTest
[342] WARN TestMethodFilter - NoClassDefFoundError: class org.apache.pinot.core.operator.transform.function.TruncateDecimalTransformFunctionTest
[342] WARN TestMethodFilter - NoClassDefFoundError: class org.apache.pinot.core.operator.transform.function.GroovyTransformFunctionTest
[343] WARN TestMethodFilter - NoClassDefFoundError: class org.apache.pinot.core.operator.transform.function.DivisionTransformFunctionTest
[343] WARN TestMethodFilter - NoClassDefFoundError: class org.apache.pinot.core.operator.transform.function.MultiplicationTransformFunctionTest
[344] WARN TestMethodFilter - NoClassDefFoundError: class org.apache.pinot.core.operator.transform.function.SingleParamMathTransformFunctionTest
[344] WARN TestMethodFilter - NoClassDefFoundError: class org.apache.pinot.core.operator.transform.function.GreaterThanOrEqualTransformFunctionTest
[344] WARN TestMethodFilter - NoClassDefFoundError: class org.apache.pinot.core.operator.transform.function.RegexpTransformFunctionTest
[345] WARN TestMethodFilter - NoClassDefFoundError: class org.apache.pinot.core.operator.transform.function.CastTransformFunctionTest
[345] WARN TestMethodFilter - NoClassDefFoundError: class org.apache.pinot.core.operator.transform.function.ArraySumTransformFunctionTest
[346] WARN TestMethodFilter - NoClassDefFoundError: class org.apache.pinot.core.operator.transform.function.NullHandlingTransformFunctionTest
[346] WARN TestMethodFilter - NoClassDefFoundError: class org.apache.pinot.core.operator.transform.function.DateTimeTransformFunctionTest
[347] WARN TestMethodFilter - NoClassDefFoundError: class org.apache.pinot.core.operator.transform.function.DateTimeConversionTransformFunctionTest
[347] WARN TestMethodFilter - NoClassDefFoundError: class org.apache.pinot.core.operator.combine.SelectionCombineOperatorTest
[348] WARN TestMethodFilter - NoClassDefFoundError: class org.apache.pinot.core.operator.filter.TestFilterOperator
[349] WARN TestMethodFilter - NoClassDefFoundError: class org.apache.pinot.core.operator.filter.predicate.NoDictionaryInPredicateEvaluatorTest
[351] WARN TestMethodFilter - NoClassDefFoundError: class org.apache.pinot.core.operator.filter.BitmapCollectionTest
[353] WARN TestMethodFilter - NoClassDefFoundError: class org.apache.pinot.realtime.converter.RealtimeSegmentConverterTest
[366] WARN TestMethodFilter - NoClassDefFoundError: class org.apache.pinot.server.access.BasicAuthAccessFactory
[366] WARN TestMethodFilter - NoClassDefFoundError: class org.apache.pinot.server.realtime.ServerSegmentCompletionProtocolHandler
[366] WARN TestMethodFilter - NoClassDefFoundError: class org.apache.pinot.server.realtime.ControllerLeaderLocator
[366] WARN TestMethodFilter - NoClassDefFoundError: class org.apache.pinot.core.auth.BasicAuthUtils
[366] WARN TestMethodFilter - NoClassDefFoundError: class org.apache.pinot.core.startree.StarTreeUtils
[366] WARN TestMethodFilter - NoClassDefFoundError: class org.apache.pinot.core.startree.operator.StarTreeFilterOperator
[366] WARN TestMethodFilter - NoClassDefFoundError: class org.apache.pinot.core.plan.GlobalPlanImplV0
[367] WARN TestMethodFilter - NoClassDefFoundError: class org.apache.pinot.core.plan.maker.InstancePlanMakerImplV2
[367] WARN TestMethodFilter - NoClassDefFoundError: class org.apache.pinot.core.plan.FilterPlanNode
[367] WARN TestMethodFilter - NoClassDefFoundError: class org.apache.pinot.core.plan.CombinePlanNode
[367] WARN TestMethodFilter - NoClassDefFoundError: class org.apache.pinot.core.plan.AggregationPlanNode
[368] WARN TestMethodFilter - NoClassDefFoundError: class org.apache.pinot.core.common.DataFetcher
[368] WARN TestMethodFilter - NoClassDefFoundError: class org.apache.pinot.core.common.DataBlockCache
[368] WARN TestMethodFilter - NoClassDefFoundError: class org.apache.pinot.core.common.datatable.DataTableFactory
[369] WARN TestMethodFilter - NoClassDefFoundError: class org.apache.pinot.core.common.datatable.DataTableBuilder
[370] WARN TestMethodFilter - NoClassDefFoundError: class org.apache.pinot.core.common.datatable.DataTableUtils
[370] WARN TestMethodFilter - NoClassDefFoundError: class org.apache.pinot.core.data.manager.realtime.SegmentCommitterFactory
[371] WARN TestMethodFilter - NoClassDefFoundError: class org.apache.pinot.core.data.manager.realtime.SplitSegmentCommitter
[371] WARN TestMethodFilter - NoClassDefFoundError: class org.apache.pinot.core.data.manager.realtime.PeerSchemeSplitSegmentCommitter
[371] WARN TestMethodFilter - NoClassDefFoundError: class org.apache.pinot.core.data.manager.realtime.Server2ControllerSegmentUploader
[372] WARN TestMethodFilter - NoClassDefFoundError: class org.apache.pinot.core.data.manager.realtime.SegmentBuildTimeLeaseExtender
[372] WARN TestMethodFilter - NoClassDefFoundError: class org.apache.pinot.core.data.manager.realtime.RealtimeConsumptionRateManager
[373] WARN TestMethodFilter - NoClassDefFoundError: class org.apache.pinot.core.data.manager.realtime.PinotFSSegmentUploader
[373] WARN TestMethodFilter - NoClassDefFoundError: class org.apache.pinot.core.data.manager.realtime.DefaultSegmentCommitter
[373] WARN TestMethodFilter - NoClassDefFoundError: class org.apache.pinot.core.data.manager.offline.TableDataManagerProvider
[374] WARN TestMethodFilter - NoClassDefFoundError: class org.apache.pinot.core.data.manager.offline.DimensionTable
[375] WARN TestMethodFilter - NoClassDefFoundError: class org.apache.pinot.core.data.table.TableResizer
[375] WARN TestMethodFilter - NoClassDefFoundError: class org.apache.pinot.core.minion.SegmentPurger
[375] WARN TestMethodFilter - NoClassDefFoundError: class org.apache.pinot.core.minion.RawIndexConverter
[375] WARN TestMethodFilter - NoClassDefFoundError: class org.apache.pinot.core.minion.PinotTaskConfig
[376] WARN TestMethodFilter - NoClassDefFoundError: class org.apache.pinot.core.query.scheduler.resources.ResourceLimitPolicy
[376] WARN TestMethodFilter - NoClassDefFoundError: class org.apache.pinot.core.query.scheduler.QuerySchedulerFactory
[376] WARN TestMethodFilter - NoClassDefFoundError: class org.apache.pinot.core.query.scheduler.tokenbucket.TokenPriorityScheduler
[376] WARN TestMethodFilter - NoClassDefFoundError: class org.apache.pinot.core.query.scheduler.fcfs.BoundedFCFSScheduler
[377] WARN TestMethodFilter - NoClassDefFoundError: class org.apache.pinot.core.query.scheduler.fcfs.FCFSQueryScheduler
[377] WARN TestMethodFilter - NoClassDefFoundError: class org.apache.pinot.core.query.config.QueryPlannerConfig
[377] WARN TestMethodFilter - NoClassDefFoundError: class org.apache.pinot.core.query.config.SegmentPrunerConfig
[377] WARN TestMethodFilter - NoClassDefFoundError: class org.apache.pinot.core.query.config.QueryExecutorConfig
[377] WARN TestMethodFilter - NoClassDefFoundError: class org.apache.pinot.core.query.optimizer.QueryOptimizer
[377] WARN TestMethodFilter - NoClassDefFoundError: class org.apache.pinot.core.query.optimizer.statement.JsonStatementOptimizer
[377] WARN TestMethodFilter - NoClassDefFoundError: class org.apache.pinot.core.query.optimizer.statement.StringPredicateFilterOptimizer
[377] WARN TestMethodFilter - NoClassDefFoundError: class org.apache.pinot.core.query.optimizer.filter.TimePredicateFilterOptimizer
[377] WARN TestMethodFilter - NoClassDefFoundError: class org.apache.pinot.core.query.optimizer.filter.FlattenAndOrFilterOptimizer
[377] WARN TestMethodFilter - NoClassDefFoundError: class org.apache.pinot.core.query.optimizer.filter.MergeRangeFilterOptimizer
[377] WARN TestMethodFilter - NoClassDefFoundError: class org.apache.pinot.core.query.optimizer.filter.MergeEqInFilterOptimizer
[378] WARN TestMethodFilter - NoClassDefFoundError: class org.apache.pinot.core.query.optimizer.filter.NumericalFilterOptimizer
[378] WARN TestMethodFilter - NoClassDefFoundError: class org.apache.pinot.core.query.optimizer.filter.Range
[378] WARN TestMethodFilter - NoClassDefFoundError: class org.apache.pinot.core.query.utils.idset.RoaringBitmapIdSet
[378] WARN TestMethodFilter - NoClassDefFoundError: class org.apache.pinot.core.query.utils.idset.Roaring64NavigableMapIdSet
[378] WARN TestMethodFilter - NoClassDefFoundError: class org.apache.pinot.core.query.utils.idset.IdSets
[379] WARN TestMethodFilter - NoClassDefFoundError: class org.apache.pinot.core.query.utils.TrieNode
[379] WARN TestMethodFilter - NoClassDefFoundError: class org.apache.pinot.core.query.executor.ServerQueryExecutorV1Impl
[379] WARN TestMethodFilter - NoClassDefFoundError: class org.apache.pinot.core.query.request.context.utils.BrokerRequestToQueryContextConverter
[379] WARN TestMethodFilter - NoClassDefFoundError: class org.apache.pinot.core.query.request.context.utils.QueryContextUtils
[379] WARN TestMethodFilter - NoClassDefFoundError: class org.apache.pinot.core.query.request.context.TimerContext
[379] WARN TestMethodFilter - NoClassDefFoundError: class org.apache.pinot.core.query.request.context.QueryContext
[380] WARN TestMethodFilter - NoClassDefFoundError: class org.apache.pinot.core.query.request.ServerQueryRequest
[380] WARN TestMethodFilter - NoClassDefFoundError: class org.apache.pinot.core.query.pruner.DataSchemaSegmentPruner
[380] WARN TestMethodFilter - NoClassDefFoundError: class org.apache.pinot.core.query.pruner.SegmentPrunerProvider
[380] WARN TestMethodFilter - NoClassDefFoundError: class org.apache.pinot.core.query.pruner.SelectionQuerySegmentPruner
[380] WARN TestMethodFilter - NoClassDefFoundError: class org.apache.pinot.core.query.pruner.ValidSegmentPruner
[380] WARN TestMethodFilter - NoClassDefFoundError: class org.apache.pinot.core.query.pruner.ColumnValueSegmentPruner
[380] WARN TestMethodFilter - NoClassDefFoundError: class org.apache.pinot.core.query.reduce.PostAggregationHandler
[381] WARN TestMethodFilter - NoClassDefFoundError: class org.apache.pinot.core.query.reduce.AggregationDataTableReducer
[381] WARN TestMethodFilter - NoClassDefFoundError: class org.apache.pinot.core.query.reduce.GroupByDataTableReducer
[381] WARN TestMethodFilter - NoClassDefFoundError: class org.apache.pinot.core.query.reduce.ExplainPlanDataTableReducer
[381] WARN TestMethodFilter - NoClassDefFoundError: class org.apache.pinot.core.query.reduce.SelectionDataTableReducer
[381] WARN TestMethodFilter - NoClassDefFoundError: class org.apache.pinot.core.query.reduce.GapfillProcessor
[381] WARN TestMethodFilter - NoClassDefFoundError: class org.apache.pinot.core.query.reduce.DistinctDataTableReducer
[381] WARN TestMethodFilter - NoClassDefFoundError: class org.apache.pinot.core.query.reduce.BrokerReduceService
[381] WARN TestMethodFilter - NoClassDefFoundError: class org.apache.pinot.core.query.reduce.SelectionOnlyStreamingReducer
[382] WARN TestMethodFilter - NoClassDefFoundError: class org.apache.pinot.core.query.reduce.StreamingReduceService
[382] WARN TestMethodFilter - NoClassDefFoundError: class org.apache.pinot.core.query.reduce.RowBasedBlockValSet
[382] WARN TestMethodFilter - NoClassDefFoundError: class org.apache.pinot.core.query.reduce.filter.ColumnValueExtractor
[382] WARN TestMethodFilter - NoClassDefFoundError: class org.apache.pinot.core.query.reduce.filter.RowMatcherFactory
[382] WARN TestMethodFilter - NoClassDefFoundError: class org.apache.pinot.core.query.reduce.filter.LiteralValueExtractor
[382] WARN TestMethodFilter - NoClassDefFoundError: class org.apache.pinot.core.query.reduce.GapfillFilterHandler
[382] WARN TestMethodFilter - NoClassDefFoundError: class org.apache.pinot.core.query.aggregation.function.LastLongValueWithTimeAggregationFunction
[383] WARN TestMethodFilter - NoClassDefFoundError: class org.apache.pinot.core.query.aggregation.function.PercentileRawTDigestMVAggregationFunction
[383] WARN TestMethodFilter - NoClassDefFoundError: class org.apache.pinot.core.query.aggregation.function.DistinctCountAggregationFunction
[383] WARN TestMethodFilter - NoClassDefFoundError: class org.apache.pinot.core.query.aggregation.function.DistinctCountThetaSketchAggregationFunction
[383] WARN TestMethodFilter - NoClassDefFoundError: class org.apache.pinot.core.query.aggregation.function.AggregationFunctionFactory
[384] WARN TestMethodFilter - NoClassDefFoundError: class org.apache.pinot.core.query.aggregation.function.PercentileEstMVAggregationFunction
[384] WARN TestMethodFilter - NoClassDefFoundError: class org.apache.pinot.core.query.aggregation.function.PercentileMVAggregationFunction
[384] WARN TestMethodFilter - NoClassDefFoundError: class org.apache.pinot.core.query.aggregation.function.LastDoubleValueWithTimeAggregationFunction
[384] WARN TestMethodFilter - NoClassDefFoundError: class org.apache.pinot.core.query.aggregation.function.SegmentPartitionedDistinctCountAggregationFunction
[384] WARN TestMethodFilter - NoClassDefFoundError: class org.apache.pinot.core.query.aggregation.function.LastIntValueWithTimeAggregationFunction
[384] WARN TestMethodFilter - NoClassDefFoundError: class org.apache.pinot.core.query.aggregation.function.SumAggregationFunction
[384] WARN TestMethodFilter - NoClassDefFoundError: class org.apache.pinot.core.query.aggregation.function.AvgMVAggregationFunction
[384] WARN TestMethodFilter - NoClassDefFoundError: class org.apache.pinot.core.query.aggregation.function.IdSetAggregationFunction
[384] WARN TestMethodFilter - NoClassDefFoundError: class org.apache.pinot.core.query.aggregation.function.DistinctCountMVAggregationFunction
[384] WARN TestMethodFilter - NoClassDefFoundError: class org.apache.pinot.core.query.aggregation.function.DistinctCountRawHLLMVAggregationFunction
[384] WARN TestMethodFilter - NoClassDefFoundError: class org.apache.pinot.core.query.aggregation.function.MaxAggregationFunction
[384] WARN TestMethodFilter - NoClassDefFoundError: class org.apache.pinot.core.query.aggregation.function.MinMVAggregationFunction
[385] WARN TestMethodFilter - NoClassDefFoundError: class org.apache.pinot.core.query.aggregation.function.AvgAggregationFunction
[385] WARN TestMethodFilter - NoClassDefFoundError: class org.apache.pinot.core.query.aggregation.function.StUnionAggregationFunction
[385] WARN TestMethodFilter - NoClassDefFoundError: class org.apache.pinot.core.query.aggregation.function.SumMVAggregationFunction
[385] WARN TestMethodFilter - NoClassDefFoundError: class org.apache.pinot.core.query.aggregation.function.DistinctCountRawHLLAggregationFunction
[385] WARN TestMethodFilter - NoClassDefFoundError: class org.apache.pinot.core.query.aggregation.function.PercentileRawEstMVAggregationFunction
[385] WARN TestMethodFilter - NoClassDefFoundError: class org.apache.pinot.core.query.aggregation.function.MaxMVAggregationFunction
[385] WARN TestMethodFilter - NoClassDefFoundError: class org.apache.pinot.core.query.aggregation.function.DistinctCountBitmapAggregationFunction
[385] WARN TestMethodFilter - NoClassDefFoundError: class org.apache.pinot.core.query.aggregation.function.AggregationFunctionUtils
[385] WARN TestMethodFilter - NoClassDefFoundError: class org.apache.pinot.core.query.aggregation.function.PercentileEstAggregationFunction
[385] WARN TestMethodFilter - NoClassDefFoundError: class org.apache.pinot.core.query.aggregation.function.DistinctCountHLLMVAggregationFunction
[385] WARN TestMethodFilter - NoClassDefFoundError: class org.apache.pinot.core.query.aggregation.function.SumPrecisionAggregationFunction
[385] WARN TestMethodFilter - NoClassDefFoundError: class org.apache.pinot.core.query.aggregation.function.LastFloatValueWithTimeAggregationFunction
[385] WARN TestMethodFilter - NoClassDefFoundError: class org.apache.pinot.core.query.aggregation.function.PercentileTDigestAggregationFunction
[386] WARN TestMethodFilter - NoClassDefFoundError: class org.apache.pinot.core.query.aggregation.function.DistinctCountHLLAggregationFunction
[386] WARN TestMethodFilter - NoClassDefFoundError: class org.apache.pinot.core.query.aggregation.function.PercentileAggregationFunction
[386] WARN TestMethodFilter - NoClassDefFoundError: class org.apache.pinot.core.query.aggregation.function.DistinctCountRawThetaSketchAggregationFunction
[386] WARN TestMethodFilter - NoClassDefFoundError: class org.apache.pinot.core.query.aggregation.function.PercentileRawEstAggregationFunction
[386] WARN TestMethodFilter - NoClassDefFoundError: class org.apache.pinot.core.query.aggregation.function.FastHLLAggregationFunction
[386] WARN TestMethodFilter - NoClassDefFoundError: class org.apache.pinot.core.query.aggregation.function.MinAggregationFunction
[386] WARN TestMethodFilter - NoClassDefFoundError: class org.apache.pinot.core.query.aggregation.function.DistinctAggregationFunction
[386] WARN TestMethodFilter - NoClassDefFoundError: class org.apache.pinot.core.query.aggregation.function.MinMaxRangeMVAggregationFunction
[386] WARN TestMethodFilter - NoClassDefFoundError: class org.apache.pinot.core.query.aggregation.function.PercentileRawTDigestAggregationFunction
[386] WARN TestMethodFilter - NoClassDefFoundError: class org.apache.pinot.core.query.aggregation.function.LastStringValueWithTimeAggregationFunction
[387] WARN TestMethodFilter - NoClassDefFoundError: class org.apache.pinot.core.query.aggregation.function.DistinctCountSmartHLLAggregationFunction
[387] WARN TestMethodFilter - NoClassDefFoundError: class org.apache.pinot.core.query.aggregation.function.PercentileTDigestMVAggregationFunction
[387] WARN TestMethodFilter - NoClassDefFoundError: class org.apache.pinot.core.query.aggregation.function.CountMVAggregationFunction
[387] WARN TestMethodFilter - NoClassDefFoundError: class org.apache.pinot.core.query.aggregation.function.CountAggregationFunction
[387] WARN TestMethodFilter - NoClassDefFoundError: class org.apache.pinot.core.query.aggregation.function.MinMaxRangeAggregationFunction
[387] WARN TestMethodFilter - NoClassDefFoundError: class org.apache.pinot.core.query.aggregation.function.DistinctCountBitmapMVAggregationFunction
[387] WARN TestMethodFilter - NoClassDefFoundError: class org.apache.pinot.core.query.aggregation.function.ModeAggregationFunction
[387] WARN TestMethodFilter - NoClassDefFoundError: class org.apache.pinot.core.query.aggregation.groupby.NoDictionaryMultiColumnGroupKeyGenerator
[388] WARN TestMethodFilter - NoClassDefFoundError: class org.apache.pinot.core.query.aggregation.groupby.utils.DoubleToIdMap
[388] WARN TestMethodFilter - NoClassDefFoundError: class org.apache.pinot.core.query.aggregation.groupby.utils.StringToIdMap
[388] WARN TestMethodFilter - NoClassDefFoundError: class org.apache.pinot.core.query.aggregation.groupby.utils.FloatToIdMap
[388] WARN TestMethodFilter - NoClassDefFoundError: class org.apache.pinot.core.query.aggregation.groupby.utils.IntToIdMap
[388] WARN TestMethodFilter - NoClassDefFoundError: class org.apache.pinot.core.query.aggregation.groupby.utils.LongToIdMap
[388] WARN TestMethodFilter - NoClassDefFoundError: class org.apache.pinot.core.query.aggregation.groupby.utils.BytesToIdMap
[388] WARN TestMethodFilter - NoClassDefFoundError: class org.apache.pinot.core.query.aggregation.groupby.utils.ValueToIdMapFactory
[388] WARN TestMethodFilter - NoClassDefFoundError: class org.apache.pinot.core.query.aggregation.groupby.NoDictionarySingleColumnGroupKeyGenerator
[389] WARN TestMethodFilter - NoClassDefFoundError: class org.apache.pinot.core.query.aggregation.groupby.DictionaryBasedGroupKeyGenerator
[389] WARN TestMethodFilter - NoClassDefFoundError: class org.apache.pinot.core.query.selection.SelectionOperatorService
[389] WARN TestMethodFilter - NoClassDefFoundError: class org.apache.pinot.core.query.selection.SelectionOperatorUtils
[389] WARN TestMethodFilter - NoClassDefFoundError: class org.apache.pinot.core.query.postaggregation.PostAggregationFunction
[389] WARN TestMethodFilter - NoClassDefFoundError: class org.apache.pinot.core.query.distinct.DistinctTable
[389] WARN TestMethodFilter - NoClassDefFoundError: class org.apache.pinot.core.query.distinct.dictionary.DictionaryBasedMultiColumnDistinctOrderByExecutor
[389] WARN TestMethodFilter - NoClassDefFoundError: class org.apache.pinot.core.query.distinct.dictionary.DictionaryBasedSingleColumnDistinctOrderByExecutor
[390] WARN TestMethodFilter - NoClassDefFoundError: class org.apache.pinot.core.query.distinct.dictionary.DictionaryBasedSingleColumnDistinctOnlyExecutor
[390] WARN TestMethodFilter - NoClassDefFoundError: class org.apache.pinot.core.query.distinct.dictionary.DictionaryBasedMultiColumnDistinctOnlyExecutor
[390] WARN TestMethodFilter - NoClassDefFoundError: class org.apache.pinot.core.query.distinct.raw.RawLongSingleColumnDistinctOnlyExecutor
[390] WARN TestMethodFilter - NoClassDefFoundError: class org.apache.pinot.core.query.distinct.raw.RawDoubleSingleColumnDistinctOrderByExecutor
[390] WARN TestMethodFilter - NoClassDefFoundError: class org.apache.pinot.core.query.distinct.raw.RawDoubleSingleColumnDistinctOnlyExecutor
[390] WARN TestMethodFilter - NoClassDefFoundError: class org.apache.pinot.core.query.distinct.raw.RawStringSingleColumnDistinctOrderByExecutor
[390] WARN TestMethodFilter - NoClassDefFoundError: class org.apache.pinot.core.query.distinct.raw.RawFloatSingleColumnDistinctOrderByExecutor
[390] WARN TestMethodFilter - NoClassDefFoundError: class org.apache.pinot.core.query.distinct.raw.RawFloatSingleColumnDistinctOnlyExecutor
[390] WARN TestMethodFilter - NoClassDefFoundError: class org.apache.pinot.core.query.distinct.raw.RawLongSingleColumnDistinctOrderByExecutor
[390] WARN TestMethodFilter - NoClassDefFoundError: class org.apache.pinot.core.query.distinct.raw.RawIntSingleColumnDistinctOrderByExecutor
[390] WARN TestMethodFilter - NoClassDefFoundError: class org.apache.pinot.core.query.distinct.raw.RawBytesSingleColumnDistinctOnlyExecutor
[390] WARN TestMethodFilter - NoClassDefFoundError: class org.apache.pinot.core.query.distinct.raw.RawBytesSingleColumnDistinctOrderByExecutor
[391] WARN TestMethodFilter - NoClassDefFoundError: class org.apache.pinot.core.query.distinct.raw.RawIntSingleColumnDistinctOnlyExecutor
[391] WARN TestMethodFilter - NoClassDefFoundError: class org.apache.pinot.core.query.distinct.raw.RawStringSingleColumnDistinctOnlyExecutor
[391] WARN TestMethodFilter - NoClassDefFoundError: class org.apache.pinot.core.transport.ServerInstance
[391] WARN TestMethodFilter - NoClassDefFoundError: class org.apache.pinot.core.transport.ServerChannels
[391] WARN TestMethodFilter - NoClassDefFoundError: class org.apache.pinot.core.transport.QueryRouter
[391] WARN TestMethodFilter - NoClassDefFoundError: class org.apache.pinot.core.transport.QueryServer
[391] WARN TestMethodFilter - NoClassDefFoundError: class org.apache.pinot.core.transport.ServerResponse
[392] WARN TestMethodFilter - NoClassDefFoundError: class org.apache.pinot.core.transport.AsyncQueryResponse
[392] WARN TestMethodFilter - NoClassDefFoundError: class org.apache.pinot.core.transport.ServerRoutingInstance
[392] WARN TestMethodFilter - NoClassDefFoundError: class org.apache.pinot.core.transport.ListenerConfig
[392] WARN TestMethodFilter - NoClassDefFoundError: class org.apache.pinot.core.segment.processing.transformer.NoOpRecordTransformer
[392] WARN TestMethodFilter - NoClassDefFoundError: class org.apache.pinot.core.segment.processing.transformer.TransformFunctionRecordTransformer
[393] WARN TestMethodFilter - NoClassDefFoundError: class org.apache.pinot.core.segment.processing.partitioner.NoOpPartitioner
[393] WARN TestMethodFilter - NoClassDefFoundError: class org.apache.pinot.core.segment.processing.partitioner.TransformFunctionPartitioner
[393] WARN TestMethodFilter - NoClassDefFoundError: class org.apache.pinot.core.segment.processing.partitioner.TableConfigPartitioner
[393] WARN TestMethodFilter - NoClassDefFoundError: class org.apache.pinot.core.segment.processing.partitioner.ColumnValuePartitioner
[393] WARN TestMethodFilter - NoClassDefFoundError: class org.apache.pinot.core.segment.processing.partitioner.PartitionerConfig
[393] WARN TestMethodFilter - NoClassDefFoundError: class org.apache.pinot.core.segment.processing.partitioner.RoundRobinPartitioner
[393] WARN TestMethodFilter - NoClassDefFoundError: class org.apache.pinot.core.segment.processing.framework.SegmentProcessorConfig
[393] WARN TestMethodFilter - NoClassDefFoundError: class org.apache.pinot.core.segment.processing.framework.SegmentProcessorFramework
[394] WARN TestMethodFilter - NoClassDefFoundError: class org.apache.pinot.core.segment.processing.aggregator.ValueAggregatorFactory
[394] WARN TestMethodFilter - NoClassDefFoundError: class org.apache.pinot.core.segment.processing.utils.SegmentProcessorUtils
[394] WARN TestMethodFilter - NoClassDefFoundError: class org.apache.pinot.core.segment.processing.mapper.SegmentMapper
[394] WARN TestMethodFilter - NoClassDefFoundError: class org.apache.pinot.core.segment.processing.timehandler.EpochTimeHandler
[394] WARN TestMethodFilter - NoClassDefFoundError: class org.apache.pinot.core.segment.processing.timehandler.NoOpTimeHandler
[394] WARN TestMethodFilter - NoClassDefFoundError: class org.apache.pinot.core.segment.processing.reducer.RollupReducer
[394] WARN TestMethodFilter - NoClassDefFoundError: class org.apache.pinot.core.segment.processing.filter.NoOpRecordFilter
[394] WARN TestMethodFilter - NoClassDefFoundError: class org.apache.pinot.core.segment.processing.filter.FunctionEvaluatorRecordFilter
[395] WARN TestMethodFilter - NoClassDefFoundError: class org.apache.pinot.core.segment.processing.genericrow.GenericRowFileReader
[395] WARN TestMethodFilter - NoClassDefFoundError: class org.apache.pinot.core.segment.processing.genericrow.GenericRowSerializer
[395] WARN TestMethodFilter - NoClassDefFoundError: class org.apache.pinot.core.segment.processing.genericrow.GenericRowDeserializer
[395] WARN TestMethodFilter - NoClassDefFoundError: class org.apache.pinot.core.segment.processing.genericrow.GenericRowFileWriter
[395] WARN TestMethodFilter - NoClassDefFoundError: class org.apache.pinot.core.geospatial.transform.function.StEqualsFunction
[395] WARN TestMethodFilter - NoClassDefFoundError: class org.apache.pinot.core.geospatial.transform.function.StContainsFunction
[396] WARN TestMethodFilter - NoClassDefFoundError: class org.apache.pinot.core.geospatial.transform.function.StGeogFromWKBFunction
[396] WARN TestMethodFilter - NoClassDefFoundError: class org.apache.pinot.core.geospatial.transform.function.StPolygonFunction
[396] WARN TestMethodFilter - NoClassDefFoundError: class org.apache.pinot.core.geospatial.transform.function.StGeomFromWKBFunction
[396] WARN TestMethodFilter - NoClassDefFoundError: class org.apache.pinot.core.geospatial.transform.function.StGeomFromTextFunction
[396] WARN TestMethodFilter - NoClassDefFoundError: class org.apache.pinot.core.geospatial.transform.function.StDistanceFunction
[396] WARN TestMethodFilter - NoClassDefFoundError: class org.apache.pinot.core.geospatial.transform.function.ScalarFunctions
[396] WARN TestMethodFilter - NoClassDefFoundError: class org.apache.pinot.core.geospatial.transform.function.StAreaFunction
[396] WARN TestMethodFilter - NoClassDefFoundError: class org.apache.pinot.core.geospatial.transform.function.StGeogFromTextFunction
[396] WARN TestMethodFilter - NoClassDefFoundError: class org.apache.pinot.core.geospatial.transform.function.StWithinFunction
[397] WARN TestMethodFilter - NoClassDefFoundError: class org.apache.pinot.core.util.SegmentCompletionProtocolUtils
[397] WARN TestMethodFilter - NoClassDefFoundError: class org.apache.pinot.core.util.IntObjectIndexedPriorityQueue
[397] WARN TestMethodFilter - NoClassDefFoundError: class org.apache.pinot.core.util.SegmentProcessorAvroUtils
[397] WARN TestMethodFilter - NoClassDefFoundError: class org.apache.pinot.core.util.ListenerConfigUtil
[397] WARN TestMethodFilter - NoClassDefFoundError: class org.apache.pinot.core.util.IntDoubleIndexedPriorityQueue
[397] WARN TestMethodFilter - NoClassDefFoundError: class org.apache.pinot.core.util.PeerServerSegmentFinder
[398] WARN TestMethodFilter - NoClassDefFoundError: class org.apache.pinot.core.util.GapfillUtils
[398] WARN TestMethodFilter - NoClassDefFoundError: class org.apache.pinot.core.requesthandler.PinotQueryParserFactory
[398] WARN TestMethodFilter - NoClassDefFoundError: class org.apache.pinot.core.operator.dociditerators.MVScanDocIdIterator
[398] WARN TestMethodFilter - NoClassDefFoundError: class org.apache.pinot.core.operator.dociditerators.RangelessBitmapDocIdIterator
[398] WARN TestMethodFilter - NoClassDefFoundError: class org.apache.pinot.core.operator.dociditerators.SVScanDocIdIterator
[398] WARN TestMethodFilter - NoClassDefFoundError: class org.apache.pinot.core.operator.dociditerators.BitmapDocIdIterator
[398] WARN TestMethodFilter - NoClassDefFoundError: class org.apache.pinot.core.operator.dociditerators.ExpressionScanDocIdIterator
[398] WARN TestMethodFilter - NoClassDefFoundError: class org.apache.pinot.core.operator.AcquireReleaseColumnsSegmentOperator
[398] WARN TestMethodFilter - NoClassDefFoundError: class org.apache.pinot.core.operator.StreamingInstanceResponseOperator
[399] WARN TestMethodFilter - NoClassDefFoundError: class org.apache.pinot.core.operator.transform.TransformResultMetadata
[399] WARN TestMethodFilter - NoClassDefFoundError: class org.apache.pinot.core.operator.transform.TransformOperator
[399] WARN TestMethodFilter - NoClassDefFoundError: class org.apache.pinot.core.operator.transform.function.JsonExtractKeyTransformFunction
[399] WARN TestMethodFilter - NoClassDefFoundError: class org.apache.pinot.core.operator.transform.function.JsonExtractScalarTransformFunction
[400] WARN TestMethodFilter - NoClassDefFoundError: class org.apache.pinot.core.operator.transform.function.TransformFunctionFactory
[400] WARN TestMethodFilter - NoClassDefFoundError: class org.apache.pinot.core.operator.transform.function.LeastTransformFunction
[400] WARN TestMethodFilter - NoClassDefFoundError: class org.apache.pinot.core.operator.transform.function.LiteralTransformFunction
[400] WARN TestMethodFilter - NoClassDefFoundError: class org.apache.pinot.core.operator.transform.function.IdentifierTransformFunction
[400] WARN TestMethodFilter - NoClassDefFoundError: class org.apache.pinot.core.operator.transform.function.MapValueTransformFunction
[401] WARN TestMethodFilter - NoClassDefFoundError: class org.apache.pinot.core.operator.transform.function.ValueInTransformFunction
[401] WARN TestMethodFilter - NoClassDefFoundError: class org.apache.pinot.core.operator.transform.function.GreatestTransformFunction
[401] WARN TestMethodFilter - NoClassDefFoundError: class org.apache.pinot.core.operator.transform.PassThroughTransformOperator
[401] WARN TestMethodFilter - NoClassDefFoundError: class org.apache.pinot.core.operator.streaming.StreamingSelectionOnlyCombineOperator
[402] WARN TestMethodFilter - NoClassDefFoundError: class org.apache.pinot.core.operator.streaming.StreamingSelectionOnlyOperator
[402] WARN TestMethodFilter - NoClassDefFoundError: class org.apache.pinot.core.operator.streaming.StreamingResponseUtils
[402] WARN TestMethodFilter - NoClassDefFoundError: class org.apache.pinot.core.operator.query.SelectionOnlyOperator
[402] WARN TestMethodFilter - NoClassDefFoundError: class org.apache.pinot.core.operator.query.AggregationGroupByOrderByOperator
[402] WARN TestMethodFilter - NoClassDefFoundError: class org.apache.pinot.core.operator.query.AggregationGroupByOperator
[402] WARN TestMethodFilter - NoClassDefFoundError: class org.apache.pinot.core.operator.query.DistinctOperator
[402] WARN TestMethodFilter - NoClassDefFoundError: class org.apache.pinot.core.operator.query.SelectionOrderByOperator
[402] WARN TestMethodFilter - NoClassDefFoundError: class org.apache.pinot.core.operator.query.FilteredAggregationOperator
[402] WARN TestMethodFilter - NoClassDefFoundError: class org.apache.pinot.core.operator.query.EmptySelectionOperator
[402] WARN TestMethodFilter - NoClassDefFoundError: class org.apache.pinot.core.operator.query.NonScanBasedAggregationOperator
[402] WARN TestMethodFilter - NoClassDefFoundError: class org.apache.pinot.core.operator.query.DictionaryBasedDistinctOperator
[402] WARN TestMethodFilter - NoClassDefFoundError: class org.apache.pinot.core.operator.query.AggregationOperator
[402] WARN TestMethodFilter - NoClassDefFoundError: class org.apache.pinot.core.operator.query.FastFilteredCountOperator
[402] WARN TestMethodFilter - NoClassDefFoundError: class org.apache.pinot.core.operator.DocIdSetOperator
[402] WARN TestMethodFilter - NoClassDefFoundError: class org.apache.pinot.core.operator.blocks.InstanceResponseBlock
[403] WARN TestMethodFilter - NoClassDefFoundError: class org.apache.pinot.core.operator.blocks.PassThroughTransformBlock
[403] WARN TestMethodFilter - NoClassDefFoundError: class org.apache.pinot.core.operator.blocks.IntermediateResultsBlock
[403] WARN TestMethodFilter - NoClassDefFoundError: class org.apache.pinot.core.operator.blocks.ProjectionBlock
[403] WARN TestMethodFilter - NoClassDefFoundError: class org.apache.pinot.core.operator.blocks.TransformBlock
[403] WARN TestMethodFilter - NoClassDefFoundError: class org.apache.pinot.core.operator.InstanceResponseOperator
[403] WARN TestMethodFilter - NoClassDefFoundError: class org.apache.pinot.core.operator.BitmapDocIdSetOperator
[403] WARN TestMethodFilter - NoClassDefFoundError: class org.apache.pinot.core.operator.combine.AggregationOnlyCombineOperator
[403] WARN TestMethodFilter - NoClassDefFoundError: class org.apache.pinot.core.operator.combine.SelectionOnlyCombineOperator
[403] WARN TestMethodFilter - NoClassDefFoundError: class org.apache.pinot.core.operator.combine.MinMaxValueBasedSelectionOrderByCombineOperator
[403] WARN TestMethodFilter - NoClassDefFoundError: class org.apache.pinot.core.operator.combine.SelectionOrderByCombineOperator
[403] WARN TestMethodFilter - NoClassDefFoundError: class org.apache.pinot.core.operator.combine.GroupByCombineOperator
[403] WARN TestMethodFilter - NoClassDefFoundError: class org.apache.pinot.core.operator.combine.GroupByOrderByCombineOperator
[404] WARN TestMethodFilter - NoClassDefFoundError: class org.apache.pinot.core.operator.combine.DistinctCombineOperator
[404] WARN TestMethodFilter - NoClassDefFoundError: class org.apache.pinot.core.operator.ProjectionOperator
[404] WARN TestMethodFilter - NoClassDefFoundError: class org.apache.pinot.core.operator.filter.H3IndexFilterOperator
[404] WARN TestMethodFilter - NoClassDefFoundError: class org.apache.pinot.core.operator.filter.ExpressionFilterOperator
[404] WARN TestMethodFilter - NoClassDefFoundError: class org.apache.pinot.core.operator.filter.predicate.InPredicateEvaluatorFactory
[404] WARN TestMethodFilter - NoClassDefFoundError: class org.apache.pinot.core.operator.filter.predicate.PredicateUtils
[404] WARN TestMethodFilter - NoClassDefFoundError: class org.apache.pinot.core.operator.filter.predicate.NotEqualsPredicateEvaluatorFactory
[404] WARN TestMethodFilter - NoClassDefFoundError: class org.apache.pinot.core.operator.filter.predicate.RegexpLikePredicateEvaluatorFactory
[404] WARN TestMethodFilter - NoClassDefFoundError: class org.apache.pinot.core.operator.filter.predicate.RangePredicateEvaluatorFactory
[404] WARN TestMethodFilter - NoClassDefFoundError: class org.apache.pinot.core.operator.filter.predicate.FSTBasedRegexpPredicateEvaluatorFactory
[404] WARN TestMethodFilter - NoClassDefFoundError: class org.apache.pinot.core.operator.filter.predicate.EqualsPredicateEvaluatorFactory
[404] WARN TestMethodFilter - NoClassDefFoundError: class org.apache.pinot.core.operator.filter.predicate.NotInPredicateEvaluatorFactory
[405] WARN TestMethodFilter - NoClassDefFoundError: class org.apache.pinot.core.operator.filter.predicate.PredicateEvaluatorProvider
[405] WARN TestMethodFilter - NoClassDefFoundError: class org.apache.pinot.core.operator.filter.BitmapCollection
[405] WARN TestMethodFilter - NoClassDefFoundError: class org.apache.pinot.core.operator.filter.TextMatchFilterOperator
[405] WARN TestMethodFilter - NoClassDefFoundError: class org.apache.pinot.core.operator.filter.OrFilterOperator
[405] WARN TestMethodFilter - NoClassDefFoundError: class org.apache.pinot.core.operator.filter.MatchAllFilterOperator
[405] WARN TestMethodFilter - NoClassDefFoundError: class org.apache.pinot.core.operator.filter.CombinedFilterOperator
[405] WARN TestMethodFilter - NoClassDefFoundError: class org.apache.pinot.core.operator.filter.FilterOperatorUtils
[405] WARN TestMethodFilter - NoClassDefFoundError: class org.apache.pinot.core.operator.filter.AndFilterOperator
[405] WARN TestMethodFilter - NoClassDefFoundError: class org.apache.pinot.core.operator.filter.EmptyFilterOperator
[405] WARN TestMethodFilter - NoClassDefFoundError: class org.apache.pinot.core.operator.filter.ScanBasedFilterOperator
[405] WARN TestMethodFilter - NoClassDefFoundError: class org.apache.pinot.core.operator.filter.JsonMatchFilterOperator
[405] WARN TestMethodFilter - NoClassDefFoundError: class org.apache.pinot.core.operator.filter.BitmapBasedFilterOperator
[405] WARN TestMethodFilter - NoClassDefFoundError: class org.apache.pinot.core.operator.filter.NotFilterOperator
[406] WARN TestMethodFilter - NoClassDefFoundError: class org.apache.pinot.core.operator.filter.SortedIndexBasedFilterOperator
[406] WARN TestMethodFilter - NoClassDefFoundError: class org.apache.pinot.core.operator.filter.RangeIndexBasedFilterOperator
[406] WARN TestMethodFilter - NoClassDefFoundError: class org.apache.pinot.core.operator.docvalsets.TransformBlockValSet
[406] WARN TestMethodFilter - NoClassDefFoundError: class org.apache.pinot.core.operator.docvalsets.ProjectionBlockValSet
[406] WARN TestMethodFilter - NoClassDefFoundError: class org.apache.pinot.core.operator.docidsets.OrDocIdSet
[406] WARN TestMethodFilter - NoClassDefFoundError: class org.apache.pinot.core.operator.docidsets.AndDocIdSet
[406] WARN TestMethodFilter - NoClassDefFoundError: class org.apache.pinot.core.metadata.DefaultMetadataExtractor
[407] WARN TestMethodFilter - NoClassDefFoundError: class org.apache.pinot.queries.JsonMatchQueriesTest
[407] WARN TestMethodFilter - NoClassDefFoundError: class org.apache.pinot.queries.InterSegmentAggregationMultiValueQueriesTest
[407] WARN TestMethodFilter - NoClassDefFoundError: class org.apache.pinot.queries.NoDictionaryCompressionQueriesTest
[407] WARN TestMethodFilter - NoClassDefFoundError: class org.apache.pinot.queries.SegmentWithNullValueVectorTest
[407] WARN TestMethodFilter - NoClassDefFoundError: class org.apache.pinot.queries.InterSegmentAggregationSingleValueQueriesTest
[409] WARN TestMethodFilter - NoClassDefFoundError: class org.apache.pinot.queries.GapfillQueriesTest
[409] WARN TestMethodFilter - NoClassDefFoundError: class org.apache.pinot.queries.QueriesTestUtils
[409] WARN TestMethodFilter - NoClassDefFoundError: class org.apache.pinot.queries.DistinctCountBitmapQueriesTest
[409] WARN TestMethodFilter - NoClassDefFoundError: class org.apache.pinot.queries.IdSetQueriesTest
[409] WARN TestMethodFilter - NoClassDefFoundError: class org.apache.pinot.queries.InnerSegmentSelectionSingleValueQueriesTest
[410] WARN TestMethodFilter - NoClassDefFoundError: class org.apache.pinot.queries.SumPrecisionQueriesTest
[410] WARN TestMethodFilter - NoClassDefFoundError: class org.apache.pinot.queries.NotOperatorQueriesTest
[410] WARN TestMethodFilter - NoClassDefFoundError: class org.apache.pinot.queries.InterSegmentResultTableSingleValueQueriesTest
[410] WARN TestMethodFilter - NoClassDefFoundError: class org.apache.pinot.queries.PercentileTDigestMVQueriesTest
[410] WARN TestMethodFilter - NoClassDefFoundError: class org.apache.pinot.queries.JsonDataTypeQueriesTest
[410] WARN TestMethodFilter - NoClassDefFoundError: class org.apache.pinot.queries.InterSegmentResultTableMultiValueQueriesTest
[410] WARN TestMethodFilter - NoClassDefFoundError: class org.apache.pinot.queries.TimestampQueriesTest
[410] WARN TestMethodFilter - NoClassDefFoundError: class org.apache.pinot.queries.H3IndexQueriesTest
[411] WARN TestMethodFilter - NoClassDefFoundError: class org.apache.pinot.queries.InnerSegmentSelectionMultiValueQueriesTest
[411] WARN TestMethodFilter - NoClassDefFoundError: class org.apache.pinot.queries.UrlFunctionGroupByTest
[411] WARN TestMethodFilter - NoClassDefFoundError: class org.apache.pinot.queries.InnerSegmentAggregationMultiValueQueriesTest
[411] WARN TestMethodFilter - NoClassDefFoundError: class org.apache.pinot.queries.LastWithTimeQueriesTest
[411] WARN TestMethodFilter - NoClassDefFoundError: class org.apache.pinot.queries.FastHllQueriesTest
[411] WARN TestMethodFilter - NoClassDefFoundError: class org.apache.pinot.queries.JsonExtractScalarTest
[412] WARN TestMethodFilter - NoClassDefFoundError: class org.apache.pinot.queries.ModeQueriesTest
[412] WARN TestMethodFilter - NoClassDefFoundError: class org.apache.pinot.queries.InnerSegmentAggregationSingleValueQueriesTest
[412] WARN TestMethodFilter - NoClassDefFoundError: class org.apache.pinot.queries.TextSearchQueriesTest
[413] WARN TestMethodFilter - NoClassDefFoundError: class org.apache.pinot.queries.TransformQueriesTest
[413] WARN TestMethodFilter - NoClassDefFoundError: class org.apache.pinot.queries.PercentileTDigestQueriesTest
[413] WARN TestMethodFilter - NoClassDefFoundError: class org.apache.pinot.queries.JsonIngestionFromAvroQueriesTest
[413] WARN TestMethodFilter - NoClassDefFoundError: class org.apache.pinot.queries.RangePredicateWithSortedInvertedIndexTest
[413] WARN TestMethodFilter - NoClassDefFoundError: class org.apache.pinot.queries.DistinctCountQueriesTest
[413] WARN TestMethodFilter - NoClassDefFoundError: class org.apache.pinot.queries.DistinctCountThetaSketchQueriesTest
[414] WARN TestMethodFilter - NoClassDefFoundError: class org.apache.pinot.queries.SerializedBytesQueriesTest
[414] WARN TestMethodFilter - NoClassDefFoundError: class org.apache.pinot.queries.FilteredAggregationsTest
[414] WARN TestMethodFilter - NoClassDefFoundError: class org.apache.pinot.queries.InterSegmentOrderBySingleValueQueriesTest
[414] WARN TestMethodFilter - NoClassDefFoundError: class org.apache.pinot.queries.StUnionQueriesTest
[414] WARN TestMethodFilter - NoClassDefFoundError: class org.apache.pinot.queries.DistinctQueriesTest
[414] WARN TestMethodFilter - NoClassDefFoundError: class org.apache.pinot.queries.JsonPathQueriesTest
[415] WARN TestMethodFilter - NoClassDefFoundError: class org.apache.pinot.queries.FSTBasedRegexpLikeQueriesTest
[415] WARN TestMethodFilter - NoClassDefFoundError: class org.apache.pinot.queries.FastFilteredCountTest
[415] WARN TestMethodFilter - NoClassDefFoundError: class org.apache.pinot.queries.ExplainPlanQueriesTest
[416] WARN TestMethodFilter - NoClassDefFoundError: class org.apache.pinot.queries.BooleanQueriesTest
[416] WARN TestMethodFilter - NoClassDefFoundError: class org.apache.pinot.queries.SegmentPartitionedDistinctCountQueriesTest
[416] WARN TestMethodFilter - NoClassDefFoundError: class org.apache.pinot.queries.SumGreatestLeastQueriesTest
[416] WARN TestMethodFilter - NoClassDefFoundError: class org.apache.pinot.queries.InterSegmentOrderByMultiValueQueriesTest
[417] WARN TestMethodFilter - NoClassDefFoundError: class org.apache.pinot.core.startree.v2.PreAggregatedDistinctCountHLLStarTreeV2Test
[417] WARN TestMethodFilter - NoClassDefFoundError: class org.apache.pinot.core.startree.v2.CountStarTreeV2Test
[417] WARN TestMethodFilter - NoClassDefFoundError: class org.apache.pinot.core.startree.v2.MinMaxRangeStarTreeV2Test
[418] WARN TestMethodFilter - NoClassDefFoundError: class org.apache.pinot.core.startree.v2.AvgStarTreeV2Test
[418] WARN TestMethodFilter - NoClassDefFoundError: class org.apache.pinot.core.startree.v2.MinStarTreeV2Test
[418] WARN TestMethodFilter - NoClassDefFoundError: class org.apache.pinot.core.startree.v2.PercentileEstStarTreeV2Test
[419] WARN TestMethodFilter - NoClassDefFoundError: class org.apache.pinot.core.startree.v2.PreAggregatedAvgStarTreeV2Test
[419] WARN TestMethodFilter - NoClassDefFoundError: class org.apache.pinot.core.startree.v2.PreAggregatedPercentileTDigestStarTreeV2Test
[419] WARN TestMethodFilter - NoClassDefFoundError: class org.apache.pinot.core.startree.v2.PreAggregatedMinMaxRangeStarTreeV2Test
[420] WARN TestMethodFilter - NoClassDefFoundError: class org.apache.pinot.core.startree.v2.DistinctCountHLLStarTreeV2Test
[420] WARN TestMethodFilter - NoClassDefFoundError: class org.apache.pinot.core.startree.v2.SumPrecisionStarTreeV2Test
[420] WARN TestMethodFilter - NoClassDefFoundError: class org.apache.pinot.core.startree.v2.DistinctCountBitmapStarTreeV2Test
[421] WARN TestMethodFilter - NoClassDefFoundError: class org.apache.pinot.core.startree.v2.MaxStarTreeV2Test
[421] WARN TestMethodFilter - NoClassDefFoundError: class org.apache.pinot.core.startree.v2.PreAggregatedPercentileEstStarTreeV2Test
[421] WARN TestMethodFilter - NoClassDefFoundError: class org.apache.pinot.core.startree.v2.SumStarTreeV2Test
[421] WARN TestMethodFilter - NoClassDefFoundError: class org.apache.pinot.core.startree.v2.PercentileTDigestStarTreeV2Test
[422] WARN TestMethodFilter - NoClassDefFoundError: class org.apache.pinot.core.plan.maker.MetadataAndDictionaryAggregationPlanMakerTest
[422] WARN TestMethodFilter - NoClassDefFoundError: class org.apache.pinot.core.plan.maker.QueryOverrideWithHintsTest
[422] WARN TestMethodFilter - NoClassDefFoundError: class org.apache.pinot.core.common.ObjectSerDeUtilsTest
[422] WARN TestMethodFilter - NoClassDefFoundError: class org.apache.pinot.core.common.DataFetcherTest
[422] WARN TestMethodFilter - NoClassDefFoundError: class org.apache.pinot.core.common.datatable.DataTableSerDeTest
[423] WARN TestMethodFilter - NoClassDefFoundError: class org.apache.pinot.core.data.manager.realtime.PinotFSSegmentUploaderTest
[423] WARN TestMethodFilter - NoClassDefFoundError: class org.apache.pinot.core.data.manager.realtime.LLRealtimeSegmentDataManagerTest
[423] WARN TestMethodFilter - NoClassDefFoundError: class org.apache.pinot.core.data.manager.realtime.Server2ControllerSegmentUploaderTest
[423] WARN TestMethodFilter - NoClassDefFoundError: class org.apache.pinot.core.data.manager.offline.DimensionTableDataManagerTest
[423] WARN TestMethodFilter - NoClassDefFoundError: class org.apache.pinot.core.data.manager.BaseTableDataManagerAcquireSegmentTest
[423] WARN TestMethodFilter - NoClassDefFoundError: class org.apache.pinot.core.data.manager.BaseTableDataManagerTest
[423] WARN TestMethodFilter - NoClassDefFoundError: class org.apache.pinot.core.data.function.DateTimeFunctionsTest
[423] WARN TestMethodFilter - NoClassDefFoundError: class org.apache.pinot.core.data.function.ArrayFunctionsTest
[423] WARN TestMethodFilter - NoClassDefFoundError: class org.apache.pinot.core.data.function.GroovyFunctionEvaluatorTest
[424] WARN TestMethodFilter - NoClassDefFoundError: class org.apache.pinot.core.data.function.ArithmeticFunctionsTest
[424] WARN TestMethodFilter - NoClassDefFoundError: class org.apache.pinot.core.data.function.JsonFunctionsTest
[424] WARN TestMethodFilter - NoClassDefFoundError: class org.apache.pinot.core.data.table.TableResizerTest
[425] WARN TestMethodFilter - NoClassDefFoundError: class org.apache.pinot.core.realtime.impl.fakestream.FakeStreamConfigUtils
[426] WARN TestMethodFilter - NoClassDefFoundError: class org.apache.pinot.core.minion.SegmentPurgerTest
[426] WARN TestMethodFilter - NoClassDefFoundError: class org.apache.pinot.core.query.scheduler.TestSchedulerGroupFactory
[426] WARN TestMethodFilter - NoClassDefFoundError: class org.apache.pinot.core.query.scheduler.resources.ResourceManagerTest
[427] WARN TestMethodFilter - NoClassDefFoundError: class org.apache.pinot.core.query.scheduler.TestHelper
[427] WARN TestMethodFilter - NoClassDefFoundError: class org.apache.pinot.core.query.scheduler.MultiLevelPriorityQueueTest
[427] WARN TestMethodFilter - NoClassDefFoundError: class org.apache.pinot.core.query.optimizer.statement.TestHelper
[427] WARN TestMethodFilter - NoClassDefFoundError: class org.apache.pinot.core.query.optimizer.QueryOptimizerTest
[428] WARN TestMethodFilter - NoClassDefFoundError: class org.apache.pinot.core.query.executor.QueryExecutorExceptionsTest
[428] WARN TestMethodFilter - NoClassDefFoundError: class org.apache.pinot.core.query.executor.QueryExecutorTest
[428] WARN TestMethodFilter - NoClassDefFoundError: class org.apache.pinot.core.query.request.context.utils.BrokerRequestToQueryContextConverterTest
[429] WARN TestMethodFilter - NoClassDefFoundError: class org.apache.pinot.core.query.pruner.ColumnValueSegmentPrunerTest
[429] WARN TestMethodFilter - NoClassDefFoundError: class org.apache.pinot.core.query.pruner.SelectionQuerySegmentPrunerTest
[429] WARN TestMethodFilter - NoClassDefFoundError: class org.apache.pinot.core.query.reduce.StreamingReduceServiceTest
[429] WARN TestMethodFilter - NoClassDefFoundError: class org.apache.pinot.core.query.aggregation.DefaultAggregationExecutorTest
[429] WARN TestMethodFilter - NoClassDefFoundError: class org.apache.pinot.core.query.aggregation.function.AggregationFunctionFactoryTest
[430] WARN TestMethodFilter - NoClassDefFoundError: class org.apache.pinot.core.query.aggregation.groupby.NoDictionaryGroupKeyGeneratorTest
[430] WARN TestMethodFilter - NoClassDefFoundError: class org.apache.pinot.core.query.aggregation.groupby.DictionaryBasedGroupKeyGeneratorTest
[430] WARN TestMethodFilter - NoClassDefFoundError: class org.apache.pinot.core.query.aggregation.groupby.GroupByTrimTest
[430] WARN TestMethodFilter - NoClassDefFoundError: class org.apache.pinot.core.query.postaggregation.PostAggregationFunctionTest
[430] WARN TestMethodFilter - NoClassDefFoundError: class org.apache.pinot.core.transport.QueryRoutingTest
[431] WARN TestMethodFilter - NoClassDefFoundError: class org.apache.pinot.core.segment.processing.framework.SegmentMapperTest
[432] WARN TestMethodFilter - NoClassDefFoundError: class org.apache.pinot.core.segment.processing.framework.SegmentProcessorFrameworkTest
[432] WARN TestMethodFilter - NoClassDefFoundError: class org.apache.pinot.core.geospatial.transform.GeoInputOutputTest
[432] WARN TestMethodFilter - NoClassDefFoundError: class org.apache.pinot.core.geospatial.transform.StPointFunctionTest
[432] WARN TestMethodFilter - NoClassDefFoundError: class org.apache.pinot.core.geospatial.transform.StAreaFunctionTest
[432] WARN TestMethodFilter - NoClassDefFoundError: class org.apache.pinot.core.geospatial.transform.StContainsFunctionTest
[433] WARN TestMethodFilter - NoClassDefFoundError: class org.apache.pinot.core.geospatial.transform.StWithinFunctionTest
[433] WARN TestMethodFilter - NoClassDefFoundError: class org.apache.pinot.core.geospatial.transform.StDistanceFunctionTest
[433] WARN TestMethodFilter - NoClassDefFoundError: class org.apache.pinot.core.geospatial.transform.StGeometryTypeFunctionTest
[433] WARN TestMethodFilter - NoClassDefFoundError: class org.apache.pinot.core.geospatial.transform.StEqualFunctionTest
[433] WARN TestMethodFilter - NoClassDefFoundError: class org.apache.pinot.core.geospatial.transform.GeoToH3FunctionTest
[433] WARN TestMethodFilter - NoClassDefFoundError: class org.apache.pinot.core.geospatial.serde.GeometrySerdeTest
[433] WARN TestMethodFilter - NoClassDefFoundError: class org.apache.pinot.core.util.CrcUtilsTest
[434] WARN TestMethodFilter - NoClassDefFoundError: class org.apache.pinot.core.util.SchemaUtilsTest
[434] WARN TestMethodFilter - NoClassDefFoundError: class org.apache.pinot.core.operator.dociditerators.OrDocIdIteratorTest
[434] WARN TestMethodFilter - NoClassDefFoundError: class org.apache.pinot.core.operator.dociditerators.NotDocIdIteratorTest
[434] WARN TestMethodFilter - NoClassDefFoundError: class org.apache.pinot.core.operator.dociditerators.BitmapDocIdIteratorTest
[434] WARN TestMethodFilter - NoClassDefFoundError: class org.apache.pinot.core.operator.dociditerators.AndDocIdIteratorTest
[435] WARN TestMethodFilter - NoClassDefFoundError: class org.apache.pinot.core.operator.transform.function.AdditionTransformFunctionTest
[435] WARN TestMethodFilter - NoClassDefFoundError: class org.apache.pinot.core.operator.transform.function.RoundDecimalTransformFunctionTest
[435] WARN TestMethodFilter - NoClassDefFoundError: class org.apache.pinot.core.operator.transform.function.ArrayLengthTransformFunctionTest
[436] WARN TestMethodFilter - NoClassDefFoundError: class org.apache.pinot.core.operator.transform.function.AndOperatorTransformFunctionTest
[436] WARN TestMethodFilter - NoClassDefFoundError: class org.apache.pinot.core.operator.transform.function.JsonExtractScalarTransformFunctionTest
[436] WARN TestMethodFilter - NoClassDefFoundError: class org.apache.pinot.core.operator.transform.function.LessThanOrEqualTransformFunctionTest
[436] WARN TestMethodFilter - NoClassDefFoundError: class org.apache.pinot.core.operator.transform.function.TrigonometricFunctionsTest
[437] WARN TestMethodFilter - NoClassDefFoundError: class org.apache.pinot.core.operator.transform.function.LessThanTransformFunctionTest
[437] WARN TestMethodFilter - NoClassDefFoundError: class org.apache.pinot.core.operator.transform.function.ValueInTransformFunctionTest
[437] WARN TestMethodFilter - NoClassDefFoundError: class org.apache.pinot.core.operator.transform.function.EqualsTransformFunctionTest
[437] WARN TestMethodFilter - NoClassDefFoundError: class org.apache.pinot.core.operator.transform.function.DateTruncTransformFunctionTest
[438] WARN TestMethodFilter - NoClassDefFoundError: class org.apache.pinot.core.operator.transform.function.LookupTransformFunctionTest
[438] WARN TestMethodFilter - NoClassDefFoundError: class org.apache.pinot.core.operator.transform.function.ArrayAverageTransformFunctionTest
[438] WARN TestMethodFilter - NoClassDefFoundError: class org.apache.pinot.core.operator.transform.function.InTransformFunctionTest
[438] WARN TestMethodFilter - NoClassDefFoundError: class org.apache.pinot.core.operator.transform.function.TimeConversionTransformFunctionTest
[439] WARN TestMethodFilter - NoClassDefFoundError: class org.apache.pinot.core.operator.transform.function.TupleSelectionTransformFunctionsTest
[439] WARN TestMethodFilter - NoClassDefFoundError: class org.apache.pinot.core.operator.transform.function.ArrayMaxTransformFunctionTest
[439] WARN TestMethodFilter - NoClassDefFoundError: class org.apache.pinot.core.operator.transform.function.ArrayMinTransformFunctionTest
[439] WARN TestMethodFilter - NoClassDefFoundError: class org.apache.pinot.core.operator.transform.function.ModuloTransformFunctionTest
[440] WARN TestMethodFilter - NoClassDefFoundError: class org.apache.pinot.core.operator.transform.function.NotEqualsTransformFunctionTest
[440] WARN TestMethodFilter - NoClassDefFoundError: class org.apache.pinot.core.operator.transform.function.CaseTransformFunctionTest
[440] WARN TestMethodFilter - NoClassDefFoundError: class org.apache.pinot.core.operator.transform.function.ScalarTransformFunctionWrapperTest
[440] WARN TestMethodFilter - NoClassDefFoundError: class org.apache.pinot.core.operator.transform.function.OrOperatorTransformFunctionTest
[441] WARN TestMethodFilter - NoClassDefFoundError: class org.apache.pinot.core.operator.transform.function.GreaterThanTransformFunctionTest
[441] WARN TestMethodFilter - NoClassDefFoundError: class org.apache.pinot.core.operator.transform.function.PowerTransformFunctionTest
[441] WARN TestMethodFilter - NoClassDefFoundError: class org.apache.pinot.core.operator.transform.function.SubtractionTransformFunctionTest
[441] WARN TestMethodFilter - NoClassDefFoundError: class org.apache.pinot.core.operator.transform.function.TruncateDecimalTransformFunctionTest
[442] WARN TestMethodFilter - NoClassDefFoundError: class org.apache.pinot.core.operator.transform.function.GroovyTransformFunctionTest
[442] WARN TestMethodFilter - NoClassDefFoundError: class org.apache.pinot.core.operator.transform.function.DivisionTransformFunctionTest
[442] WARN TestMethodFilter - NoClassDefFoundError: class org.apache.pinot.core.operator.transform.function.MultiplicationTransformFunctionTest
[442] WARN TestMethodFilter - NoClassDefFoundError: class org.apache.pinot.core.operator.transform.function.SingleParamMathTransformFunctionTest
[443] WARN TestMethodFilter - NoClassDefFoundError: class org.apache.pinot.core.operator.transform.function.GreaterThanOrEqualTransformFunctionTest
[443] WARN TestMethodFilter - NoClassDefFoundError: class org.apache.pinot.core.operator.transform.function.RegexpTransformFunctionTest
[443] WARN TestMethodFilter - NoClassDefFoundError: class org.apache.pinot.core.operator.transform.function.CastTransformFunctionTest
[443] WARN TestMethodFilter - NoClassDefFoundError: class org.apache.pinot.core.operator.transform.function.ArraySumTransformFunctionTest
[444] WARN TestMethodFilter - NoClassDefFoundError: class org.apache.pinot.core.operator.transform.function.NullHandlingTransformFunctionTest
[444] WARN TestMethodFilter - NoClassDefFoundError: class org.apache.pinot.core.operator.transform.function.DateTimeTransformFunctionTest
[444] WARN TestMethodFilter - NoClassDefFoundError: class org.apache.pinot.core.operator.transform.function.DateTimeConversionTransformFunctionTest
[444] WARN TestMethodFilter - NoClassDefFoundError: class org.apache.pinot.core.operator.combine.SelectionCombineOperatorTest
[445] WARN TestMethodFilter - NoClassDefFoundError: class org.apache.pinot.core.operator.filter.TestFilterOperator
[445] WARN TestMethodFilter - NoClassDefFoundError: class org.apache.pinot.core.operator.filter.predicate.NoDictionaryRangePredicateEvaluatorTest
[445] WARN TestMethodFilter - NoClassDefFoundError: class org.apache.pinot.core.operator.filter.predicate.NoDictionaryInPredicateEvaluatorTest
[445] WARN TestMethodFilter - NoClassDefFoundError: class org.apache.pinot.core.operator.filter.predicate.RangeOfflineDictionaryPredicateEvaluatorTest
[446] WARN TestMethodFilter - NoClassDefFoundError: class org.apache.pinot.core.operator.filter.BitmapCollectionTest
[446] WARN TestMethodFilter - NoClassDefFoundError: class org.apache.pinot.realtime.converter.RealtimeSegmentConverterTest
[448] INFO CoverageRunner - Tests found: 0
[448] INFO CoverageRunner - Tests executed: 0
13:14:07.017 [main] INFO  fr.inria.jtravis.JTravis - GitHub ratelimit: Limit: 5000 Remaining: 4895 Reset hour: 03:00:13
13:14:08.200 [main] WARN  f.i.s.r.p.s.p.PushFaultLocalizationSuggestionsOnGitHubRepository - Flacoco has found 0 suspicious lines, but none were matched to the diff
13:14:08.200 [main] INFO  f.i.s.r.p.s.f.FlacocoLocalization - 
13:14:11.810 [main] INFO  f.i.s.r.p.i.ProjectInspector - ----------------------------------------------------------------------
13:14:11.810 [main] INFO  f.i.s.r.p.i.ProjectInspector - PIPELINE EXECUTION SUMMARY
13:14:11.810 [main] INFO  f.i.s.r.p.i.ProjectInspector - ----------------------------------------------------------------------
13:14:11.810 [main] INFO  f.i.s.r.p.i.ProjectInspector - CloneCheckoutGitPullRequest.........................SUCCESS [   24 s ]
13:14:11.810 [main] INFO  f.i.s.r.p.i.ProjectInspector - BuildProject........................................SUCCESS [  480 s ]
13:14:11.810 [main] INFO  f.i.s.r.p.i.ProjectInspector - TestProject.........................................SUCCESS [ 1026 s ]
13:14:11.810 [main] INFO  f.i.s.r.p.i.ProjectInspector - ComputeClasspath....................................SUCCESS [    7 s ]
13:14:11.810 [main] INFO  f.i.s.r.p.i.ProjectInspector - ComputeSourceDir....................................SUCCESS [    0 s ]
13:14:11.810 [main] INFO  f.i.s.r.p.i.ProjectInspector - ComputeTestDir......................................SUCCESS [    0 s ]
13:14:11.810 [main] INFO  f.i.s.r.p.i.ProjectInspector - GatherTestInformation...............................SUCCESS [    1 s ]
13:14:11.810 [main] INFO  f.i.s.r.p.i.ProjectInspector - FlacocoLocalization.................................SUCCESS [    0 s ]
13:14:11.810 [main] INFO  f.i.s.r.p.i.ProjectInspector - PushFaultLocalizationSuggestionsOnGitHubRepository..SKIPPED           
13:14:11.811 [main] INFO  f.i.s.r.p.i.ProjectInspector - ----------------------------------------------------------------------
13:14:11.811 [main] INFO  f.i.s.r.p.i.ProjectInspector - PIPELINE FINDING: TEST FAILURE
13:14:11.811 [main] INFO  f.i.s.r.p.i.ProjectInspector - ----------------------------------------------------------------------
13:14:11.811 [main] INFO  f.i.s.r.p.github.GithubMainProcess - Inspector is finished. The process will exit now.
